<?xml version="1.0"?>
<opencv_storage>
<g>1.3600000000000001</g>
<r>3</r>
<L2_diff>142.32655740819987</L2_diff>
<filter-type>0</filter-type>
<circular>1</circular>
<test_img type_id="opencv-matrix">
  <rows>128</rows>
  <cols>256</cols>
  <dt>f</dt>
  <data>
    0.658087969 0.133479476 0.771845341 0.0374621749 0.662075639
    0.302032799 0.0833677948 0.449713022 0.51991111 0.510530889
    0.390337914 0.706679106 0.0391259491 0.152392119 0.993142605
    0.825231314 0.65602839 0.446168363 0.342338502 0.626643419
    0.319645494 0.275772423 0.491492987 0.413532019 0.0699757338
    0.757540345 0.251600683 0.922702193 0.223450184 0.809986472
    0.035095036 0.922427058 0.461317778 0.814734817 0.224185795
    0.0684044361 0.272375673 0.0691591799 0.981051624 0.093391031
    0.946005464 0.730309069 0.598650932 0.730236828 0.166599721
    0.651680291 0.852853179 0.55504781 0.222964466 0.296637326
    0.602088332 0.810563385 0.669242203 0.468764216 0.980106711
    0.414685011 0.151689291 0.451492786 0.219863772 0.750252962
    0.38413021 0.7694664 0.719031155 0.205595195 0.598986685 0.831444502
    0.00915783644 0.287727952 0.889376163 0.0500478446 0.155385882
    0.0344101191 0.725872695 0.175537378 0.886318564 0.635478973
    0.0914651752 0.310740769 0.109030515 0.528734088 0.786821723
    0.258883297 0.365495026 0.650623322 0.900127709 0.35947448
    0.673215866 0.353877127 0.213263392 0.144605398 0.446242452
    0.196752399 0.704650283 0.448269695 0.36745593 0.36275816
    0.688652813 0.744937837 0.25125584 0.210920632 0.598118186
    0.0438766479 0.361314416 0.706353068 0.185186028 0.358603477
    0.0307141542 0.584940553 0.249653339 0.133684099 0.826919436
    0.0624822974 0.0540905595 0.465194106 0.895760179 0.351727545
    0.532359302 0.236415744 0.313395262 0.184677869 0.172152638
    0.106162965 0.696797252 0.635705113 0.622416973 0.155970961
    0.746015608 0.894749165 0.199511647 0.0916466117 0.203148603
    0.975517571 0.215769112 0.843544006 0.972735286 0.369080722
    0.427965969 0.704677582 0.230309099 0.853830636 0.107473046
    0.470054716 0.543119311 0.956449389 0.965502679 0.561805189
    0.761458516 0.499235809 0.906106114 0.445687354 0.957856536
    0.900428534 0.197201222 0.429448605 0.466602772 0.395112723
    0.225334138 0.867353857 0.545692623 0.704393268 0.0211770535
    0.0357226431 0.28438127 0.752218604 0.385223687 0.966016889
    0.732527375 0.821594775 0.290854335 0.838244617 0.248414069
    0.814803123 0.894819617 0.300683081 0.540206313 0.81468904
    0.0808414519 0.392050505 0.750438333 0.537307024 0.096642822
    0.911462665 0.0350395441 0.257676601 0.26961875 0.0500735044
    0.754658043 0.220907986 0.170086145 0.464471668 0.00243130326
    0.940342307 0.985743463 0.412712306 0.938002706 0.7245754
    0.083763361 0.544059753 0.321959317 0.945259631 0.0021212697
    0.0371007323 0.471432447 0.406757742 0.606955647 0.462688446
    0.00932741165 0.729661107 0.101889044 0.818179369 0.243188262
    0.943095684 0.778185248 0.447253734 0.496640444 0.594619989
    0.29396373 0.48764655 0.287652612 0.0745306313 0.113112867
    0.282624036 0.3360039 0.753727078 0.57816875 0.933556616 0.109422684
    0.765039563 0.192527801 0.00246685743 0.0398852527 0.0113294423
    0.574440658 0.47913745 0.510291755 0.446202934 0.418219328
    0.0130392015 0.521390557 0.466654658 0.0230577886 0.334602475
    0.966138542 0.772629857 0.0670721233 0.517700911 0.400238335
    0.965087831 0.0256517828 0.767098129 0.16082105 0.447856992
    0.514825881 0.874388456 0.44508341 0.49507454 0.758442342
    0.635489464 0.969226718 0.176877677 0.104022175 0.29611969
    0.191702098 0.324736953 0.213653415 0.743402898 0.164724171
    0.25136593 0.792953134 0.956027269 0.0886848271 0.291233003
    0.710308671 0.479368448 0.267378002 0.65587914 0.239490807
    0.469570011 0.965189815 0.528994501 0.248398155 0.707219839
    0.932810903 0.808220685 0.609551966 0.0903435349 0.794112206
    0.599579275 0.727319658 0.218356729 0.725176513 0.237728238
    0.487847596 0.345440984 0.419375747 0.45901829 0.430505216
    0.134189844 0.748735726 0.180187166 0.936628819 0.331763327
    0.592506826 0.675418615 0.949854493 0.507200241 0.0394354463
    0.283011645 0.893894494 0.585849106 0.36214751 0.188889742
    0.398713142 0.141003668 0.115593404 0.433761448 0.403239846
    0.13529855 0.908799827 0.985547125 0.436252266 0.441062748
    0.905493021 0.198161542 0.630923748 0.337075233 0.723502219
    0.611873269 0.409560382 0.283405662 0.289037853 0.189612567
    0.214271039 0.780890167 0.881517291 0.811483622 0.49796316
    0.00720509887 0.752086282 0.768530488 0.882509232 0.80273515
    0.403818846 0.152366936 0.611894369 0.17343235 0.992074132
    0.161886752 0.686726391 0.956975162 0.739635825 0.0619638264
    0.633229554 0.257359892 0.383070767 0.600421906 0.841931343
    0.416984707 0.570751667 0.535912097 0.464968979 0.582324922
    0.326191127 0.683351696 0.220333189 0.322447956 0.223636061
    0.657877386 0.969863892 0.370224535 0.114560515 0.971483469
    0.520567775 0.728998899 0.00729799271 0.898080349 0.0548081994
    0.893522441 0.268599391 0.0679707229 0.769989848 0.118849784
    0.445816547 0.364732862 0.889557958 0.257966399 0.438797981
    0.276062965 0.618010342 0.79202342 0.0757867396 0.841246486
    0.0732470453 0.356532693 0.691663921 0.399999022 0.18220821
    0.688470006 0.468919992 0.661425114 0.903578758 0.451888561
    0.832644105 0.947408915 0.0362299383 0.273882598 0.895865202
    0.804878592 0.26641345 0.830954015 0.99197185 0.238478631
    0.879104555 0.605203629 0.451619744 0.661874712 0.327464193
    0.0481298864 0.661745787 0.461506695 0.769179225 0.653644204
    0.561903298 0.317642778 0.139703751 0.293483973 0.376961738
    0.498932838 0.322606891 0.853572369 0.448459893 0.618647456
    0.276907951 0.357892603 0.212446958 0.156184018 0.138531387
    0.903986812 0.162880778 0.183875859 0.135979444 0.936861157
    0.0224150717 0.0169658065 0.035890907 0.267781317 0.464473784
    0.947042048 0.581797242 0.382171094 0.869838715 0.434325218
    0.256295264 0.11022982 0.56507653 0.0254676044 0.734764516
    0.845435143 0.848438382 0.29105106 0.721740425 0.378467441
    0.634991467 0.587385416 0.217932552 0.0861147046 0.397778332
    0.851320982 0.7100209 0.52381748 0.541494191 0.937382698 0.777406871
    0.819717944 0.295626163 0.83640027 0.643523991 0.965587497
    0.567936599 0.539946198 0.919453323 0.694185138 0.0808338821
    0.85964787 0.496025473 0.480365604 0.850054383 0.425502896
    0.0546193719 0.841026366 0.682538271 0.13579011 0.145509928
    0.203107238 0.824506283 0.957868695 0.870705009 0.354063541
    0.669508219 0.542630017 0.316429853 0.909049928 0.415794849
    0.853319108 0.977460802 0.293640256 0.563655734 0.0740282238
    0.259935975 0.534745991 0.504532278 0.563395679 0.859606624
    0.499538362 0.663729072 0.0103851557 0.437150717 0.466060936
    0.550972342 0.280279607 0.744084597 0.752884388 0.456011146
    0.680345416 0.924158454 0.427908242 0.0728071332 0.357180417
    0.749518871 0.194218516 0.427419573 0.80028367 0.280426323
    0.436523169 0.334513605 0.701550364 0.473886132 0.350131512
    0.946519613 0.518220603 0.20692727 0.156593144 0.300658107
    0.321452588 0.968154192 0.712187529 0.443697542 0.881708741
    0.459878325 0.904004991 0.452927828 0.981063366 0.486646593
    0.19159466 0.747968614 0.439475745 0.297579587 0.256847382
    0.693840742 0.75119102 0.163515329 0.522033811 0.101150811
    0.510519207 0.394455552 0.846459985 0.0811533034 0.61949718
    0.688277185 0.676918089 0.132374585 0.390421569 0.428917497
    0.976244569 0.107744217 0.190021992 0.444639415 0.845998764
    0.218480051 0.682030439 0.180714697 0.269413829 0.345507205
    0.689682603 0.875093997 0.423113286 0.258021742 0.251750976
    0.593203604 0.463945061 0.975609183 0.548969269 0.974551737
    0.753921986 0.136160553 0.778104365 0.365994811 0.655540764
    0.408515364 0.826284528 0.753382087 0.887111008 0.79701519
    0.121505886 0.124062389 0.492945254 0.223985821 0.375476688
    0.68758589 0.295934021 0.892083406 0.452590525 0.318757355
    0.546057343 0.269201219 0.129478455 0.23914957 0.541142225
    0.92007494 0.359209836 0.146815956 0.268883526 0.676750302
    0.595234752 0.0878827274 0.649459362 0.102322102 0.68266958
    0.0775643587 0.638157904 0.575288832 0.809815884 0.217394054
    0.766981006 0.2262896 0.910941601 0.322261781 0.226673931
    0.794916987 0.777577996 0.0103341639 0.721503377 0.108755827
    0.931755185 0.345891178 0.828453183 0.0678863823 0.830731392
    0.176604837 0.073463589 0.654536664 0.639139891 0.9427495
    0.0132728815 0.432863414 0.158807158 0.989252865 0.0182430446
    0.412406236 0.457451224 0.60996294 0.683610141 0.957227409
    0.570547938 0.989618421 0.521191597 0.33224231 0.0965757072
    0.516407549 0.4320333 0.161493331 0.434725344 0.71125567 0.714960456
    0.181298286 0.512057662 0.735064864 0.603702426 0.440766871
    0.138517082 0.330800712 0.118156105 0.66654408 0.190108657
    0.0640358031 0.130862176 0.159203827 0.081484288 0.751348376
    0.246813387 0.0569096208 0.581070185 0.872894883 0.023411721
    0.763899565 0.0551486015 0.956497908 0.6484074 0.994200349
    0.184827745 0.950503767 0.711176693 0.926559985 0.679214716
    0.650031686 0.23585847 0.292791277 0.626930237 0.593278408
    0.510761976 0.78799516 0.326284587 0.459155679 0.523922026
    0.384689152 0.434608936 0.812106729 0.805460334 0.415984929
    0.332149446 0.377431661 0.291254997 0.0813275278 0.436745137
    0.645629346 0.690625906 0.789933562 0.772961497 0.77553618
    0.424327552 0.582496822 0.957547307 0.365678728 0.961443007
    0.0978683233 0.902501345 0.314485848 0.198092818 0.236844987
    0.511427164 0.924421787 0.246082664 0.985540032 0.0271207988
    0.0785659254 0.874104381 0.816970348 0.726302624 0.027480334
    0.348716378 0.0548832417 0.761000752 0.00450924039 0.203942746
    0.03614676 0.657474697 0.121650487 0.982559085 0.349771321
    0.767298222 0.746230185 0.442818463 0.292570293 0.0139075816
    0.847814798 0.586638749 0.464920282 0.158564776 0.103793442
    0.547877789 0.924427629 0.116078764 0.594117999 0.961966276
    0.169193745 0.314080417 0.0943117738 0.750984251 0.731362462
    0.185363322 0.458532631 0.202839732 0.0896089971 0.341408104
    0.108129919 0.12964198 0.720291376 0.421729565 0.171264857
    0.564228654 0.633468986 0.951608181 0.626309216 0.194407552
    0.433673799 0.162581533 0.837048709 0.0864683986 0.195166767
    0.0516503453 0.0395542681 0.108646393 0.60650605 0.608472645
    0.02575472 0.975828886 0.707108915 0.450358957 0.0557205677
    0.761891603 0.67752707 0.528789282 0.347756147 0.262280583
    0.166510195 0.78109622 0.0188860297 0.764600992 0.351194292
    0.298190534 0.394019842 0.920135856 0.362337828 0.025529772
    0.789477229 0.946906567 0.512158334 0.472967952 0.846260905
    0.637218833 0.247238725 0.0363037586 0.587444663 0.576350033
    0.605316281 0.136762142 0.165164322 0.859706223 0.528154314
    0.845940292 0.310817003 0.950700998 0.370831072 0.724113584
    0.909460545 0.558405578 0.461009502 0.939032435 0.188168555
    0.121738076 0.290778548 0.451666057 0.383972168 0.924403131
    0.31529808 0.0886072814 0.626694322 0.981813133 0.520282686
    0.474745393 0.861528397 0.360448807 0.0201842785 0.258763194
    0.274775445 0.836369395 0.0564295053 0.391274571 0.889840782
    0.624178529 0.906933308 0.136069566 0.655341148 0.928909719
    0.0115419626 0.848758578 0.100813389 0.500365555 0.217246145
    0.551989079 0.86754483 0.736528695 0.15200147 0.744678736
    0.513866901 0.475535989 0.815032959 0.125414699 0.644578159
    0.627540112 0.00847384334 0.638643622 0.391905963 0.819022894
    0.630571663 0.0331043005 0.595168531 0.463455617 0.465171337
    0.16120553 0.936563492 0.753945529 0.089655906 0.862064481
    0.820948422 0.236801624 0.74054569 0.115976721 0.637233675
    0.404017925 0.686297238 0.104910284 0.0744934678 0.343564212
    0.287293226 0.366065025 0.434283793 0.864690423 0.731713355
    0.125755221 0.616145909 0.229815096 0.0419794321 0.375365883
    0.365540862 0.443006963 0.61072129 0.463063091 0.362273097
    0.894616902 0.452535629 0.338273704 0.0843409002 0.368726552
    0.360334754 0.267014086 0.0588708818 0.644387484 0.142949641
    0.0396321714 0.271113575 0.797459304 0.79015553 0.166761875
    0.591640055 0.23834005 0.962099254 0.803570986 0.466413766
    0.45181179 0.281541646 0.948952317 0.287638187 0.756218076
    0.043001622 0.610486388 0.871658683 0.605811179 0.314773589
    0.161460191 0.682938159 0.782323539 0.195127875 0.226093858
    0.404061496 0.288173795 0.296902388 0.643476307 0.449302524
    0.352746278 0.130549133 0.625548363 0.02698645 0.656829238
    0.889437377 0.938530803 0.0617194772 0.0723705888 0.148296744
    0.0625473559 0.0518510342 0.505355835 0.128471315 0.38354373
    0.615187109 0.838754237 0.190373868 0.403569818 0.0926125348
    0.688757837 0.219168752 0.298100352 0.125538945 0.00464218855
    0.262274384 0.656907618 0.233605951 0.877818108 0.0593047142
    0.400493771 0.118183821 0.658456326 0.888931155 0.332623303
    0.173737764 0.963914335 0.653937221 0.640305042 0.214227289
    0.0216473639 0.0437878072 0.656918108 0.873422742 0.46458748
    0.811200976 0.651420832 0.195935339 0.553042352 0.93845439
    0.57915777 0.289450586 0.107177198 0.814384937 0.533805728
    0.103464752 0.979361951 0.780150235 0.0969836712 0.956155419
    0.885599613 0.176367819 0.161460996 0.254784286 0.693671584
    0.199046016 0.484863609 0.520406902 0.366991401 0.509424031
    0.579217434 0.66608578 0.804626405 0.73114419 0.230107188
    0.905693293 0.940270185 0.742164314 0.695366502 0.0483380258
    0.56353265 0.593800545 0.557632744 0.373803079 0.546241701
    0.104842633 0.45012939 0.185226738 0.739138365 0.377911568
    0.42938596 0.349123538 0.622162342 0.112991542 0.206103981
    0.750991046 0.492030263 0.360897779 0.139959484 0.623302996
    0.50676018 0.926517189 0.214762479 0.906241238 0.0710026324
    0.855894029 0.118418217 0.472148865 0.574839115 0.926945448
    0.774700165 0.87970829 0.0210337639 0.809972525 0.597754002
    0.605694711 0.772814155 0.0388859212 0.959243894 0.306900203
    0.0137352049 0.817095757 0.908727348 0.954738498 0.791206062
    0.510224283 0.823393106 0.591661036 0.605404317 0.103067696
    0.749441385 0.60977447 0.130035579 0.994929254 0.341124773
    0.692332149 0.949886978 0.230052739 0.446818471 0.0734395683
    0.828938186 0.866787314 0.949310184 0.963241696 0.909431338
    0.257889628 0.9069345 0.942948341 0.678804815 0.249297142
    0.991002202 0.457153141 0.624720812 0.197330803 0.758114457
    0.907114208 0.0202348232 0.910634995 0.260804236 0.571621358
    0.706001282 0.813302279 0.498094827 0.360679656 0.00518393517
    0.579491138 0.363488197 0.379531473 0.34907949 0.109222919
    0.774176955 0.0692723691 0.275811404 0.546411097 0.184985608
    0.358593285 0.599889994 0.494972855 0.312791944 0.176601976
    0.896814346 0.57135725 0.880314708 0.355793327 0.0295414329
    0.137538642 0.674866319 0.445981145 0.665025771 0.724284172
    0.839491546 0.774586678 0.176021695 0.816759348 0.736419976
    0.0157180429 0.246116549 0.138987094 0.115530282 0.522310376
    0.817859411 0.172305495 0.156679779 0.73627615 0.787719965
    0.112581968 0.858274698 0.445196152 0.370668143 0.226048589
    0.245101154 0.995334208 0.468198568 0.373780906 0.955456495
    0.707898676 0.0732704997 0.0245064199 0.834409356 0.298819065
    0.462625831 0.902997315 0.567833126 0.971476555 0.940452635
    0.787993848 0.841411889 0.961187363 0.00411850214 0.889932871
    0.313894629 0.465458572 0.377923071 0.194682628 0.224842519
    0.579314232 0.592103481 0.371999145 0.358454466 0.714262128
    0.743308544 0.478196383 0.789000213 0.621624172 0.248086572
    0.565218508 0.746206522 0.945683241 0.356666446 0.771551609
    0.327158809 0.18771562 0.101390451 0.652476609 0.275823414
    0.457261175 0.503889024 0.0938679874 0.938027501 0.845015109
    0.473506033 0.63484937 0.268175483 0.120485485 0.102080494
    0.928278923 0.947876155 0.499978215 0.586779892 0.456177086
    0.942345202 0.878458977 0.509317219 0.764780283 0.0760861635
    0.0540556014 0.408819497 0.497275561 0.123378336 0.249892026
    0.946973324 0.369044483 0.920398116 0.0435679257 0.810904086
    0.226978034 0.397217453 0.751306176 0.0656368136 0.651291132
    0.380378962 0.321177304 0.480588973 0.794094801 0.769540906
    0.321964145 0.674156785 0.827801824 0.676265121 0.240462214
    0.042586416 0.749732316 0.594153583 0.395260215 0.291109145
    0.845870495 0.0117323697 0.773916841 0.60368377 0.399375677
    0.705389559 0.903135359 0.890949965 0.80001843 0.975329518
    0.724030435 0.840456009 0.0879335105 0.966481328 0.384452999
    0.734430492 0.43362236 0.519308388 0.170422852 0.140510976
    0.0697670579 0.627800643 0.87978375 0.501223028 0.778747141
    0.799105406 0.756835341 0.86048007 0.820420504 0.891912937
    0.597675622 0.843696475 0.684293747 0.908013344 0.523806155
    0.474564254 0.877977729 0.949763775 0.21960637 0.223933727
    0.85375309 0.305015266 0.166128665 0.933431149 0.230197102
    0.371683568 0.821419716 0.0595986545 0.167431563 0.880422294
    0.49671945 0.971455693 0.596752346 0.246023804 0.793160081
    0.901156306 0.716084719 0.624411762 0.830654621 0.532542467
    0.0794322789 0.969960809 0.232606769 0.819602251 0.497859865
    0.15593043 0.222234994 0.0807526112 0.0947784781 0.787082672
    0.941455781 0.0739773512 0.203272521 0.123452187 0.352333367
    0.348130941 0.486105174 0.246139497 0.0461762249 0.22791639
    0.185822487 0.669737756 0.664613962 0.538710237 0.522539377
    0.0406439304 0.942817092 0.554050386 0.553586125 0.155548275
    0.908447087 0.741562903 0.757028937 0.723450124 0.734168172
    0.0555689037 0.519741714 0.435008705 0.20428285 0.53047657
    0.999376833 0.487189531 0.0682851076 0.974354446 0.473093897
    0.999897003 0.856792986 0.943708658 0.412908703 0.0887150466
    0.572824597 0.243403316 0.184352189 0.615372062 0.025706023
    0.0223726928 0.875628173 0.811718106 0.333269566 0.300131053
    0.771316826 0.171024621 0.658200383 0.415608674 0.0329217017
    0.790339291 0.278683305 0.289559662 0.964508474 0.227000803
    0.979185581 0.475773603 0.97872889 0.936498284 0.0572162271
    0.92781198 0.681205213 0.083976537 0.123065621 0.911452889
    0.907021821 0.0764007866 0.690278888 0.40794909 0.306625068
    0.866386414 0.170271605 0.9681651 0.7864452 0.201710135 0.891124547
    0.81035769 0.559642732 0.438934654 0.266893327 0.397916377
    0.962247968 0.637850106 0.470697016 0.280168921 0.591940761
    0.879428506 0.0416752398 0.261846125 0.229849547 0.0563416481
    0.741885543 0.97214365 0.664737761 0.258887112 0.216960609
    0.286696255 0.809330821 0.259433448 0.176839978 0.258488595
    0.590144694 0.0491687655 0.909955025 0.191455811 0.422587186
    0.230983347 0.943237484 0.365658164 0.795062661 0.483517617
    0.985856533 0.920608163 0.293118179 0.552925885 0.911098123
    0.33817941 0.725776374 0.581409037 0.519132614 0.64149642
    0.757326722 0.237533569 0.298117936 0.491644084 0.356052458
    0.506904066 0.144153506 0.756202221 0.135796398 0.0667219758
    0.465242147 0.0523170829 0.647208989 0.225524992 0.183844298
    0.543471098 0.10197866 0.881411493 0.745832682 0.66829741
    0.739470601 0.965484262 0.0527742505 0.232777894 0.744818568
    0.322033823 0.374269336 0.538732469 0.780004144 0.972958028
    0.788920283 0.217896551 0.696528554 0.575157404 0.686156809
    0.731202364 0.0818357468 0.794568539 0.133818924 0.529282689
    0.887431383 0.24374792 0.138674825 0.484853089 0.456091642
    0.809602022 0.60367167 0.80677855 0.24863264 0.53905344 0.558676481
    0.979862452 0.0273670256 0.746143103 0.184414953 0.314773679
    0.853022993 0.111805499 0.311140358 0.978260517 0.154252887
    0.182764947 0.720495343 0.293581188 0.14859429 0.746344924
    0.634492278 0.161014736 0.909600914 0.276139498 0.695168972
    0.824259639 0.0307153761 0.446175694 0.0406264663 0.563441038
    0.565251112 0.579436898 0.12916255 0.142821401 0.846872091
    0.747592568 0.815382481 0.0136469901 0.642182469 0.746067286
    0.918611288 0.616649389 0.244597524 0.387358874 0.545598567
    0.792845845 0.915136337 0.559686542 0.232037216 0.131005824
    0.958569944 0.817058563 0.838933229 0.461992145 0.408233941
    0.328151345 0.0138623714 0.740840793 0.911771655 0.367676467
    0.950598836 0.816405773 0.970097899 0.922541678 0.455129623
    0.890550137 0.915991187 0.566601396 0.378865153 0.175780952
    0.964222372 0.976223588 0.893181741 0.701379001 0.00395151973
    0.850212753 0.127130985 0.220095277 0.315766931 0.0656238794
    0.436762303 0.0314798653 0.335565746 0.789373219 0.602850378
    0.222701699 0.502618194 0.312859714 0.0453086793 0.464234859
    0.481348246 0.471972942 0.422213316 0.702347636 0.950923502
    0.423237264 0.106954366 0.789097309 0.157875896 0.90411818
    0.631107569 0.728888869 0.759838581 0.824187517 0.160978079
    0.816497445 0.0833960772 0.832166672 0.977478981 0.425910473
    0.17914483 0.906282485 0.0756044388 0.532460868 0.255585074
    0.718341053 0.0863878727 0.594691753 0.678735435 0.455808103
    0.383719206 0.700602651 0.575695992 0.562721431 0.41558218
    0.636996508 0.930635452 0.295350134 0.167568564 0.410746068
    0.423190087 0.996812761 0.488090605 0.475469172 0.0128906369
    0.0271844268 0.57413578 0.633052528 0.00387883186 0.89093256
    0.111200631 0.500623465 0.101871252 0.442397207 0.963891804
    0.957058012 0.482138783 0.328882396 0.776071131 0.342455268
    0.51882422 0.420143753 0.745930493 0.361722142 0.674675941
    0.868336797 0.3560552 0.750549555 0.444423735 0.371751964
    0.215087593 0.779485464 0.0625997186 0.972241044 0.619480968
    0.564551651 0.566878378 0.50559634 0.32093218 0.358209491
    0.527145088 0.8255018 0.683397293 0.118315488 0.861880183
    0.379322886 0.428980231 0.265545279 0.158001006 0.907932997
    0.268900245 0.654696345 0.346062779 0.261732519 0.0428601205
    0.135088831 0.329641461 0.479466677 0.252047151 0.459847361
    0.449316174 0.269223869 0.669976473 0.0379821658 0.971844375
    0.333656311 0.525423706 0.664770126 0.850564778 0.243999481
    0.604209065 0.845707893 0.733882308 0.357210934 0.193932503
    0.791427016 0.734915614 0.597227812 0.133850425 0.167527676
    0.670343161 0.268354356 0.432058752 0.253260493 0.544109941
    0.517466724 0.475824296 0.148630917 0.772825122 0.820530713
    0.692399502 0.332189441 0.209695756 0.305701315 0.445120752
    0.94632113 0.354334116 0.350566357 0.412311912 0.97446692
    0.396660328 0.687245488 0.089761287 0.684763432 0.753609896
    0.91302377 0.875477374 0.444809467 0.534656584 0.39748925
    0.159263641 0.0861693323 0.451198697 0.895380497 0.999666095
    0.864291549 0.429339796 0.139573127 0.0480602682 0.034681797
    0.234847933 0.0141269565 0.979451537 0.480388463 0.397144437
    0.712577522 0.752618849 0.559316933 0.82612443 0.132166654
    0.796803474 0.228358626 0.351208031 0.183574677 0.866545975
    0.0744778514 0.906138539 0.675670862 0.301237762 0.931849837
    0.396119773 0.0249646008 0.0635654032 0.389137149 0.115784705
    0.787146568 0.459589988 0.0535654128 0.264820665 0.720946729
    0.697540343 0.00385698676 0.419562608 0.976338863 0.20407322
    0.289981186 0.346819162 0.590455592 0.793074071 0.671985507
    0.443428546 0.370561242 0.96246314 0.0412921309 0.226175398
    0.251023173 0.0304683745 0.90549922 0.30398044 0.452970475
    0.0464228392 0.501690805 0.747766733 0.378045171 0.624645829
    0.517114639 0.404292464 0.614998579 0.415160656 0.263312042
    0.853448391 0.493762195 0.119089901 0.383350581 0.36466378
    0.912722111 0.00751799345 0.229768038 0.332390875 0.210282147
    0.544378221 0.946410418 0.876964748 0.728989482 0.655944586
    0.615938365 0.431374848 0.511039138 0.118557453 0.302679271
    0.201570868 0.772541642 0.199411511 0.329907477 0.750880301
    0.500824034 0.459316701 0.840254426 0.398954213 0.484141797
    0.490666211 0.967978001 0.141700685 0.795364499 0.468330264
    0.808797717 0.312327266 0.364586651 0.112583965 0.167348325
    0.81835711 0.722568631 0.603072345 0.327659011 0.470304728
    0.45746702 0.887747765 0.88990128 0.184398919 0.0321428776
    0.355636358 0.261843026 0.628562033 0.214811057 0.265945971
    0.0494077504 0.248558104 0.750648677 0.197421223 0.224417388
    0.23605296 0.724222004 0.684333503 0.486420453 0.76448977
    0.0173016191 0.247065395 0.704749107 0.423108459 0.61087054
    0.995031834 0.815082133 0.721579075 0.617982507 0.0770535469
    0.0860621929 0.000726997852 0.167988151 0.896606207 0.205018014
    0.42294085 0.43714872 0.359377384 0.14964807 0.128832728 0.694815874
    0.292217612 0.12045911 0.651713252 0.0977174342 0.397170752
    0.748600125 0.43740201 0.871810675 0.434284389 0.83050251
    0.939481139 0.0564051867 0.0438106656 0.526664555 0.902756214
    0.00661104918 0.81368494 0.258730948 0.394791365 0.397364229
    0.0961765349 0.824676514 0.441257775 0.323805034 0.905736566
    0.704158902 0.396585941 0.23309648 0.979669094 0.176972687
    0.673329771 0.501406252 0.292919874 0.150713116 0.938815832
    0.970358431 0.171137989 0.918326855 0.72982657 0.875830889
    0.718694568 0.629920602 0.986714423 0.443172425 0.0503303707
    0.944939256 0.865364015 0.504147112 0.79613781 0.789718568
    0.126890898 0.504465759 0.927590728 0.70779109 0.208797455
    0.58885324 0.870299697 0.464149743 0.124755859 0.070384264
    0.19721806 0.18060267 0.700297654 0.262987375 0.00107303262
    0.536973596 0.844498396 0.661718071 0.397606313 0.0631555915
    0.0397214293 0.77086103 0.694636405 0.313681334 0.644996047
    0.196489394 0.100213021 0.563331485 0.673848033 0.622220397
    0.62339884 0.123870254 0.887600183 0.793995857 0.537666082
    0.228008509 0.606445551 0.0424537957 0.0927346051 0.706761122
    0.453632683 0.207049102 0.199179828 0.763659596 0.338385224
    0.593033612 0.287076056 0.066944927 0.0212467611 0.596574008
    0.34045282 0.022302568 0.59905225 0.684718907 0.773096561
    0.687798858 0.496523768 0.989077687 0.392474711 0.776484847
    0.0927610695 0.477635473 0.0716190338 0.0773079991 0.0367544591
    0.0812878907 0.86642766 0.56827569 0.884741485 0.208558291
    0.882792652 0.593723059 0.739174128 0.884110928 0.296458632
    0.0143732727 0.054071784 0.907502294 0.85684073 0.339107275
    0.200903714 0.942856789 0.125165045 0.161658496 0.400589436
    0.744539857 0.775457978 0.514110923 0.623405933 0.693333864
    0.712940097 0.674422026 0.597466707 0.929467261 0.930474579
    0.171361357 0.0827572942 0.562243462 0.576379776 0.529432714
    0.356593311 0.980571866 0.101595074 0.99492991 0.280798137
    0.275902301 0.894194961 0.17687729 0.117666721 0.616604924
    0.0614379048 0.921583772 0.706915855 0.522395372 0.292317629
    0.433725357 0.315358996 0.605834126 0.312540412 0.390480995
    0.0714345276 0.379538238 0.897156358 0.437266827 0.932997465
    0.827206612 0.466542155 0.844775915 0.498032719 0.53823936
    0.404236794 0.646993876 0.0789245665 0.557885408 0.925544679
    0.795953453 0.812440097 0.462676466 0.681585491 0.837135494
    0.586443067 0.752496362 0.217123955 0.871189833 0.352385283
    0.768769026 0.165053189 0.751881361 0.289660037 0.0247427821
    0.922407091 0.537237287 0.898704231 0.370343626 0.217191368
    0.936838508 0.738067567 0.763749719 0.454981476 0.708099782
    0.370500624 0.314688206 0.421526074 0.66523391 0.820300579
    0.522723019 0.338692963 0.0762764812 0.425225109 0.73500514
    0.726826072 0.143600643 0.156183302 0.676551223 0.152249694
    0.383825094 0.155995905 0.380257487 0.765714645 0.101552874
    0.542160809 0.683284879 0.317501873 0.374847114 0.693745077
    0.0646347106 0.252454817 0.279198617 0.558497787 0.561605632
    0.687512279 0.410412461 0.233806789 0.155700564 0.775466084
    0.643654466 0.0974696875 0.218646348 0.529090881 0.0531063676
    0.676450729 0.317108333 0.52414453 0.164609224 0.562185049
    0.909366488 0.0764238536 0.210843027 0.380693197 0.0238508284
    0.453622252 0.092151165 0.122774661 0.508282781 0.390879214
    0.0847334564 0.267845184 0.363645285 0.336715579 0.144074529
    0.575820804 0.659259677 0.578719378 0.279196441 0.0802310407
    0.272782505 0.986525178 0.288199544 0.88763845 0.129720151
    0.39247188 0.241812944 0.140540898 0.437356114 0.170763701
    0.808342695 0.564530015 0.593533814 0.559330404 0.567342401
    0.253937423 0.328549892 0.594640195 0.583186626 0.105878502
    0.281555235 0.337968767 0.354563773 0.905705929 0.615779757
    0.493929833 0.612032235 0.367688119 0.219456792 0.841916084
    0.932562232 0.237753987 0.261957824 0.491594821 0.435223937
    0.370037377 0.390397996 0.974549294 0.566808939 0.320257843
    0.652923346 0.319570541 0.392253488 0.139416873 0.490383476
    0.634342849 0.317900479 0.244828343 0.00912180543 0.344502032
    0.707328081 0.371123791 0.598566353 0.457112134 0.529226601
    0.234276146 0.493135959 0.389533818 0.950387955 0.784955144
    0.124889821 0.903251171 0.36458084 0.633641601 0.243276089
    0.790424943 0.0763530731 0.701880336 0.846844077 0.033179611
    0.169909507 0.960020721 0.406910986 0.792911649 0.740183592
    0.422790468 0.794536471 0.798734903 0.593100846 0.665822089
    0.472281188 0.93810147 0.489731908 0.74343276 0.629269481
    0.0482470691 0.533127666 0.879645586 0.974577308 0.961332917
    0.814861417 0.053312391 0.46702221 0.69972682 0.953423738 0.22168678
    0.627882659 0.701921344 0.856355309 0.250563323 0.642463684
    0.29917413 0.80837357 0.523797333 0.00762328506 0.15394184
    0.631816387 0.668430209 0.9044379 0.436663836 0.438762486
    0.183624029 0.755713701 0.162487656 0.960870743 0.189972758
    0.96087271 0.146662712 0.836667061 0.173244298 0.500228763
    0.338249862 0.998422742 0.310046226 0.254843652 0.5142048
    0.00820186734 0.161521673 0.455058664 0.53161335 0.0147080719
    0.0199703574 0.632662416 0.558880806 0.619533956 0.0738801658
    0.26338613 0.0525456071 0.830807209 0.998789191 0.430420041
    0.0730485022 0.974025369 0.847710311 0.801290035 0.339750946
    0.334557116 0.419231683 0.835846782 0.202178329 0.696346104
    0.00317162275 0.180619299 0.685429275 0.292371035 0.264175057
    0.959431887 0.896057129 0.824234605 0.47570014 0.806095719
    0.556033611 0.163408697 0.732231021 0.775045872 0.258610815
    0.520824909 0.0830712616 0.311029673 0.392907888 0.19371751
    0.381819308 0.61352551 0.99138242 0.466131061 0.878184259
    0.683485508 0.627423763 0.538944423 0.479804933 0.160288572
    0.582639277 0.113979727 0.362593621 0.808880091 0.162268311
    0.795201063 0.463273793 0.885287285 0.851373911 0.632685423
    0.78787446 0.0747421384 0.0144329965 0.666700482 0.865523338
    0.205543339 0.445853323 0.70492208 0.890939713 0.412094057
    0.624123871 0.422854215 0.587686718 0.353163272 0.0555118918
    0.921780407 0.731649399 0.136926323 0.497247756 0.685112834
    0.642690122 0.156512052 0.251012504 0.672576308 0.205150396
    0.469435722 0.957437158 0.778254986 0.704729438 0.71309793
    0.61997509 0.624647141 0.7697258 0.829233885 0.822048068 0.270321727
    0.69891125 0.358633101 0.985565901 0.963550866 0.88187933
    0.547500968 0.0504809618 0.134862959 0.00839731097 0.962896526
    0.514336169 0.566904485 0.362118602 0.625864863 0.968005419
    0.441631198 0.161480606 0.853585243 0.621468186 0.177105397
    0.740232348 0.520580113 0.489104927 0.0551289916 0.440638363
    0.436470389 0.74914825 0.814841747 0.980490088 0.370364845
    0.201606095 0.233945936 0.411637902 0.245912939 0.553606808
    0.658541143 0.770827174 0.324656308 0.248910815 0.0685352087
    0.96694243 0.266962111 0.496655077 0.0251105428 0.876725614
    0.747292876 0.369083315 0.828084826 0.251739681 0.466457009
    0.219648033 0.0128308833 0.344487786 0.954625726 0.20075202
    0.110548109 0.480807871 0.766332686 0.374693602 0.300594687
    0.927179098 0.5461905 0.22134003 0.519881427 0.862672806 0.36033839
    0.728774011 0.00244483352 0.919779122 0.673222005 0.918672323
    0.514783204 0.624502599 0.744490921 0.221049398 0.481877953
    0.155728012 0.159243047 0.787402511 0.412625611 0.874786377
    0.265883774 0.708626986 0.464366794 0.803160071 0.445352226
    0.215248883 0.32280165 0.413723052 0.177481443 0.104472429
    0.249709845 0.124060869 0.54560256 0.763660491 0.993379831
    0.434183508 0.272664726 0.943218172 0.394715667 0.963538408
    0.834032297 0.0184908509 0.590020299 0.733767211 0.344130993
    0.732664943 0.544064045 0.930849731 0.767708659 0.836991191
    0.765428901 0.34922564 0.856412828 0.601739109 0.180313021
    0.460555792 0.410378695 0.835690379 0.870502889 0.451723933
    0.0381200612 0.50477767 0.953975916 0.145204395 0.408062518
    0.940692544 0.612707138 0.00665876269 0.346518427 0.509380877
    0.598868191 0.763555527 0.588727891 0.75758338 0.555044115
    0.262260914 0.595980823 0.865122676 0.00558874011 0.738351524
    0.783202529 0.86366725 0.170412749 0.172289193 0.506053448
    0.548232615 0.462290525 0.820497394 0.0083720088 0.94475466
    0.867625773 0.877748251 0.692416072 0.306692779 0.0594225824
    0.544714212 0.670444727 0.277764559 0.073536396 0.779475689
    0.315449327 0.30690372 0.724248767 0.863763809 0.95673728
    0.962154388 0.747454226 0.0832976401 0.147772759 0.286369741
    0.849429488 0.684034228 0.323403448 0.328664124 0.681444943
    0.428040773 0.721532285 0.419857144 0.393918008 0.732488275
    0.627318919 0.593750238 0.45853138 0.548565745 0.186175942
    0.882446527 0.937952578 0.794897676 0.42500484 0.468945503
    0.955569148 0.352279663 0.731199503 0.541923702 0.412157059
    0.638061464 0.217019588 0.901096702 0.250932932 0.264606446
    0.777826667 0.0800426006 0.708946466 0.597518146 0.617084801
    0.296500802 0.663401842 0.0981705487 0.608606279 0.93569231
    0.252842247 0.0104001164 0.885393083 0.545632422 0.0997870564
    0.938768864 0.44419986 0.397936791 0.333898008 0.613357127
    0.157387167 0.739709973 0.276884705 0.455110282 0.584858835
    0.259361535 0.496319145 0.72679472 0.976094007 0.526504219
    0.900194645 0.386332452 0.604853928 0.15830946 0.563719153
    0.611133993 0.663126945 0.297757804 0.11807391 0.915376186
    0.270403743 0.7973423 0.0733614862 0.837292075 0.00264549255
    0.132887661 0.212968439 0.232506156 0.735342383 0.664528012
    0.378277123 0.614796817 0.819156647 0.953442335 0.469118178
    0.476763159 0.463350564 0.069065541 0.784497261 0.353942096
    0.0618453622 0.053497076 0.547120929 0.0300563574 0.744432807
    0.838089824 0.291427165 0.887062192 0.654101968 0.795828342
    0.466339082 0.588957369 0.0183610916 0.466433883 0.315618396
    0.00171747804 0.752134919 0.141304344 0.683928967 0.822597444
    0.727681398 0.333528996 0.00943499804 0.774307072 0.94571805
    0.831130981 0.915655673 0.7399593 0.0795462132 0.407423705
    0.141182899 0.703124046 0.828610957 0.943774343 0.0046582818
    0.608247757 0.740731418 0.377310336 0.201694995 0.360455692
    0.826624274 0.870049 0.540777862 0.828523278 0.501544952 0.223822355
    0.871618688 0.509211898 0.693745971 0.787206054 0.584047139
    0.511267602 0.331766903 0.611029863 0.512936413 0.25802058
    0.0549795926 0.261593491 0.828331828 0.95394659 0.302870721
    0.015317589 0.322014004 0.549520135 0.524817646 0.257083803
    0.402021408 0.148704261 0.955209017 0.674745142 0.0982528031
    0.648237944 0.309871346 0.533808947 0.711684465 0.505129218
    0.498044252 0.364704937 0.511314869 0.954997659 0.933659077
    0.441555619 0.982712746 0.833509803 0.344911695 0.475377023
    0.953635216 0.477603704 0.478734672 0.802537203 0.930830002
    0.907693386 0.706259608 0.106370807 0.644197583 0.134553045
    0.162112921 0.484401554 0.11212796 0.164105833 0.289452344
    0.556134462 0.550115764 0.402053714 0.51362288 0.451226413
    0.205939978 0.822865963 0.332199156 0.0322706699 0.0625160038
    0.789306879 0.118471205 0.680474877 0.0637194216 0.471967995
    0.162523508 0.406789601 0.499506146 0.484988809 0.300343812
    0.988634109 0.407617629 0.330949903 0.0454929173 0.858342648
    0.343633115 0.45910722 0.387318194 0.762555063 0.760189772
    0.869097412 0.762559175 0.613614321 0.0174433887 0.96927309
    0.0668044388 0.228625864 0.871029556 0.368748963 0.979737401
    0.00457853079 0.55965656 0.103244513 0.225878984 0.213197231
    0.665499151 0.279350996 0.416707546 0.540983975 0.154644847
    0.0399385095 0.0897727311 0.416183293 0.122372001 0.551780283
    0.416015118 0.893078923 0.24954468 0.441646338 0.781065226
    0.314453512 0.541324794 0.555184603 0.266451418 0.707529068
    0.0074031055 0.770880878 0.0538492501 0.479836881 0.890669942
    0.0216120481 0.810770988 0.973358154 0.871097803 0.478151619
    0.0524384379 0.603077531 0.403822362 0.899223626 0.446017116
    0.85594058 0.952403128 0.390404165 0.95241034 0.0795274675
    0.34800294 0.581412017 0.984618127 0.919496715 0.595121682
    0.25059247 0.165809274 0.544355035 0.157654226 0.0971311033
    0.804061949 0.207639843 0.763128459 0.878837824 0.746627808
    0.442837268 0.505174518 0.236083895 0.533737242 0.442253441
    0.884952724 0.719483614 0.491202593 0.938373804 0.0910550058
    0.497573256 0.0233304203 0.302708507 0.922856987 0.63621819
    0.586569786 0.294257402 0.0674505234 0.82119298 0.388759196
    0.695862532 0.789638758 0.483263403 0.250247568 0.441280007
    0.15303874 0.70595479 0.912796199 0.442553967 0.920370102
    0.494247943 0.948472738 0.77915287 0.711434245 0.180271327
    0.0947101414 0.701665998 0.961711586 0.920346737 0.0932938457
    0.743282497 0.795129418 0.344958365 0.402360141 0.948981285
    0.260961622 0.442005932 0.16893816 0.202237785 0.458878338
    0.509035885 0.447146714 0.479228199 0.60901165 0.113167912
    0.311356127 0.947501302 0.471843034 0.553672552 0.197886676
    0.489738673 0.88853848 0.85998857 0.042163372 0.427824408
    0.811058104 0.592527509 0.602209091 0.380425453 0.585148513
    0.785997152 0.00504946709 0.426075757 0.998151898 0.731152475
    0.687455416 0.666522145 0.715724528 0.637551248 0.376277328
    0.649994731 0.520535529 0.0692827702 0.842573404 0.583143175
    0.116164058 0.827469707 0.788469076 0.827683568 0.205084354
    0.818633676 0.918750048 0.715699673 0.147013247 0.915806413
    0.903453112 0.534650385 0.791170835 0.73536855 0.725829482
    0.00722196698 0.803663075 0.603597403 0.164100468 0.542157352
    0.714625418 0.498344123 0.508700609 0.647584915 0.312609553
    0.37951529 0.133555353 0.550748765 0.799274445 0.983684301
    0.450182766 0.948062956 0.364102662 0.0549435616 0.626695514
    0.445022792 0.591377914 0.966160178 0.114879578 0.49222824
    0.921682298 0.567083657 0.118890822 0.453864694 0.347795784
    0.20965308 0.549818933 0.810968637 0.117674708 0.138682425
    0.448374033 0.311686039 0.189335436 0.180643439 0.295377314
    0.0722686648 0.244267404 0.0760671794 0.958333075 0.053525418
    0.394216388 0.0384568274 0.931877851 0.188530385 0.717558205
    0.949458897 0.6508165 0.228651464 0.299164385 0.164607406
    0.00604948401 0.165233791 0.194740951 0.542315781 0.455714613
    0.520315588 0.0395354033 0.468024701 0.274756253 0.222317666
    0.231727481 0.669736981 0.127538562 0.105942219 0.133734494
    0.523419499 0.631448388 0.497358203 0.735067189 0.338225842
    0.713893354 0.583794296 0.556153893 0.101189107 0.631800294
    0.0687655509 0.752718985 0.70003283 0.801097751 0.486161619
    0.773615897 0.514598966 0.194782764 0.212591469 0.739545345
    0.960976005 0.509125233 0.51984638 0.364987075 0.935961008
    0.647086203 0.592220306 0.321496844 0.00739389658 0.566866279
    0.70083493 0.27350235 0.764101326 0.16859895 0.939807057
    0.0802455544 0.416508973 0.815356731 0.209765315 0.334888339
    0.0845688879 0.454439312 0.19877553 0.0448307395 0.599405706
    0.489874572 0.845500588 0.0256396532 0.991644382 0.63334614
    0.960061312 0.473291904 0.469168693 0.614767313 0.648336768
    0.367389739 0.349857152 0.782474816 0.626648366 0.598489881
    0.724231362 0.696459293 0.833045125 0.380291909 0.111300945
    0.604141176 0.756204844 0.0498424172 0.412801266 0.187179029
    0.603252709 0.941982388 0.243995875 0.439544857 0.150424808
    0.749557912 0.960993886 0.430920482 0.0172063112 0.125055611
    0.842350364 0.495791286 0.86594218 0.957903504 0.815014362
    0.21862632 0.120486021 0.706435621 0.340106308 0.37253505
    0.390236974 0.585627019 0.297638237 0.616564751 0.954532385
    0.197733939 0.906876683 0.738747776 0.585601568 0.997787356
    0.95916909 0.522813678 0.865858793 0.829693556 0.108987004
    0.582506359 0.932768643 0.0175707936 0.442861557 0.543801665
    0.968645573 0.306946844 0.80335319 0.594023168 0.779107511
    0.848823011 0.629238009 0.173429191 0.642899156 0.318442672
    0.986044407 0.179767072 0.775740206 0.554313362 0.554805636
    0.75906688 0.704570889 0.426003158 0.121920347 0.211537033
    0.261821508 0.312741876 0.325733036 0.997051716 0.0425620079
    0.603316188 0.805197358 0.992385983 0.0600028634 0.858639181
    0.40772903 0.00885611773 0.651251197 0.703871191 0.536676288
    0.260463119 0.349466115 0.417819679 0.637753189 0.485155433
    0.886632383 0.331601977 0.974553108 0.294609994 0.391788632
    0.772871614 0.275707781 0.192096591 0.442473114 0.860166192
    0.197188795 0.492892742 0.364898652 0.192844391 0.221795201
    0.770297408 0.243419975 0.489916772 0.0475413203 0.782139242
    0.528171897 0.843802214 0.959620953 0.315326184 0.414258301
    0.75167346 0.823295236 0.113708258 0.122741461 0.977282286
    0.247236133 0.262810171 0.431499243 0.858267784 0.0955165625
    0.60373354 0.614800692 0.860231042 0.0989578366 0.168539375
    0.024954021 0.468368381 0.0719825327 0.964740872 0.457390547
    0.902019024 0.163530052 0.767490983 0.839571714 0.238173068
    0.596440077 0.269960254 0.001616925 0.514424682 0.781016111
    0.845063925 0.962309718 0.347271621 0.417378128 0.770376444
    0.426157981 0.976239204 0.184682637 0.20002982 0.89629066
    0.200747669 0.675321281 0.353515923 0.609414637 0.228132039
    0.112530142 0.0244502127 0.655545592 0.921336412 0.539390326
    0.94214797 0.239975095 0.688933849 0.962825119 0.0287072361
    0.854072928 0.395880878 0.763489485 0.259568155 0.568864286
    0.00162395835 0.990712404 0.484101534 0.291874349 0.353469789
    0.469536722 0.152404904 0.308469325 0.82774359 0.0791568756
    0.288992435 0.528544307 0.618072212 0.810554981 0.0752697587
    0.682169676 0.906626642 0.931643009 0.130393058 0.196704149
    0.962813377 0.411147416 0.442392349 0.415772557 0.552270055
    0.297481298 0.00440335274 0.0639308393 0.0705169141 0.759128094
    0.0716739893 0.852698922 0.0145991445 0.984670877 0.107902974
    0.75325048 0.630132675 0.210673004 0.352590919 0.395002693
    0.369785905 0.765940309 0.644931436 0.109470367 0.810054362
    0.917676151 0.427675903 0.0833919644 0.1281147 0.554513395
    0.250448495 0.459926248 0.606512725 0.134445041 0.526603997
    0.790065169 0.503361702 0.731655598 0.540657103 0.896581054
    0.557623506 0.896972001 0.433352441 0.913981557 0.81297636
    0.82476902 0.783987522 0.35777843 0.779583812 0.804386616
    0.906787395 0.866360545 0.904038131 0.242916673 0.541780949
    0.921427667 0.90928936 0.360411257 0.590177715 0.381053925
    0.836387873 0.00787749887 0.764792085 0.311451137 0.533585846
    0.928495884 0.527259946 0.422439694 0.192576051 0.469187707
    0.782778382 0.189469874 0.413298935 0.698907495 0.324130297
    0.459018946 0.66611892 0.930466473 0.361508042 0.669232547
    0.254413724 0.82732743 0.158683956 0.842847943 0.265452802
    0.247481078 0.528436601 0.395235121 0.682195723 0.417601466
    0.358162344 0.338060498 0.462611139 0.604266167 0.6616081
    0.911530793 0.867917538 0.725100756 0.79497391 0.751265168
    0.28416729 0.0294564962 0.200722039 0.215191364 0.966426075
    0.466585159 0.840745568 0.0666035414 0.43165648 0.0329360366
    0.779522419 0.946133494 0.798223555 0.479208112 0.931210279 0.463918
    0.98023808 0.00752848387 0.448418707 0.217999995 0.0241914988
    0.26872474 0.422066271 0.815216839 0.296942651 0.0167016685
    0.526557803 0.839932859 0.123898268 0.985382795 0.123083353
    0.0543631911 0.31133759 0.552222133 0.641966224 0.593454301
    0.298446149 0.939086318 0.650766611 0.247117132 0.269756675
    0.814693093 0.447079033 0.831501961 0.973657727 0.833610773
    0.234521121 0.898287535 0.614230752 0.0613183379 0.375133276
    0.317893207 0.665199161 0.57742244 0.679447949 0.458905578
    0.279346108 0.546698153 0.292540252 0.625902176 0.751164675
    0.805649519 0.469701767 0.967448175 0.460983485 0.68007946
    0.481686026 0.524178028 0.538759589 0.769333065 0.795639753
    0.453453034 0.678757489 0.659471035 0.593564868 0.861556292
    0.0506306291 0.600772619 0.392889619 0.188084275 0.267400086
    0.472445846 0.0476598144 0.702377856 0.243225902 0.980689645
    0.925963163 0.580523729 0.643018484 0.262930572 0.435576707
    0.657519877 0.892056704 0.754402757 0.87509501 0.0309399366
    0.80209142 0.0816772282 0.176206589 0.943560839 0.055341959
    0.089351505 0.485693246 0.251517385 0.905027866 0.129827112
    0.919478953 0.463125259 0.853094816 0.744786918 0.625022113
    0.302390605 0.541179359 0.451942146 0.50137496 0.206092596
    0.196454644 0.0180775523 0.290226638 0.228333533 0.316120863
    0.263056815 0.606462419 0.903044701 0.52364707 0.371164709
    0.85616672 0.717686057 0.706190586 0.532016456 0.84557879
    0.832036972 0.0466341078 0.474797875 0.0536667705 0.819008946
    0.847537875 0.332472086 0.0513150692 0.91091013 0.143283039
    0.67013824 0.040871501 0.168494165 0.524989009 0.784828186
    0.347417146 0.893927336 0.382136345 0.788538575 0.525850058
    0.55931443 0.175863624 0.686422884 0.865216613 0.13835752
    0.358144403 0.507895231 0.996462703 0.718039453 0.682106316
    0.930172682 0.415989965 0.256577134 0.0742290914 0.41917184
    0.746421695 0.994436979 0.12084341 0.493141651 0.472904176
    0.253899783 0.480759114 0.151833534 0.659018517 0.0274391174
    0.672295094 0.547190368 0.548817694 0.688366055 0.664916694
    0.991651416 0.346847594 0.0756181777 0.124145359 0.782117188
    0.442860544 0.98706615 0.986341715 0.882381797 0.457510799
    0.728566766 0.50731796 0.844657183 0.640256166 0.425668508
    0.731392384 0.137309283 0.69134903 0.423488796 0.262337416
    0.87637496 0.832127333 0.994723678 0.696644902 0.805435777
    0.89642942 0.360924095 0.273663968 0.601366639 0.638612747
    0.0432538986 0.637211442 0.00378862023 0.780120015 0.103099406
    0.159515768 0.834587097 0.789084673 0.643766165 0.573285282
    0.00161495805 0.394670069 0.0586130619 0.54225266 0.86778754
    0.76186192 0.679215014 0.391228318 0.351645052 0.205083221
    0.773647726 0.979227483 0.104444027 0.437086672 0.112059027
    0.0342898965 0.599087477 0.0328817368 0.462603897 0.981395483
    0.911977887 0.888166904 0.725690126 0.590096474 0.915923715
    0.530847073 0.102761358 0.807922602 0.413075179 0.51637584
    0.043389082 0.238153368 0.598586082 0.10438332 0.154191464
    0.0889208317 0.39140296 0.837150574 0.554760396 0.829292297
    0.113709658 0.189535946 0.567707181 0.998143315 0.273945391
    0.92140764 0.424013197 0.15885517 0.970225513 0.742918134
    0.0639584661 0.188175708 0.0463252664 0.340212047 0.410922885
    0.53670013 0.594413459 0.989261866 0.528183401 0.471021086
    0.0063444376 0.0713254809 0.406757325 0.273082912 0.779286623
    0.678034306 0.56973207 0.8352139 0.0013705194 0.492577851 0.29062143
    0.458363503 0.756101608 0.362845004 0.372390866 0.0325826705
    0.0665512979 0.499747366 0.424331486 0.747168064 0.292840183
    0.129213214 0.086194694 0.111082077 0.0832314789 0.961704433
    0.213032275 0.826798677 0.976290822 0.150505453 0.977408767
    0.545826197 0.333122373 0.977506936 0.889014482 0.914885998
    0.626579285 0.752067685 0.811567426 0.722338259 0.449876636
    0.056758374 0.268402934 0.330938876 0.344502002 0.529532313
    0.697271347 0.798982501 0.201892376 0.50255996 0.356352806
    0.504413128 0.123913825 0.951141238 0.328971654 0.262905657
    0.388566256 0.596640646 0.853447378 0.243650943 0.342620581
    0.370171666 0.0933542848 0.461565018 0.683159828 0.492250443
    0.221078634 0.657229125 0.350218296 0.847785115 0.822146177
    0.907986701 0.432306051 0.276040316 0.0992043912 0.912833929
    0.226731211 0.73993659 0.0739922225 0.603598237 0.558266461
    0.768558204 0.797246099 0.0148669183 0.840630293 0.426781476
    0.934417367 0.440900326 0.453059942 0.56237334 0.887977719
    0.853906989 0.834335387 0.85962975 0.53217566 0.165539265
    0.255759269 0.290204525 0.538145185 0.140273154 0.179710835
    0.0677505136 0.210741311 0.622428238 0.784144998 0.545197368
    0.823805451 0.194005251 0.204826236 0.70924443 0.22520721
    0.442955434 0.36024633 0.408700585 0.579356313 0.821762264
    0.305952966 0.45710209 0.827533305 0.28129518 0.709690988
    0.357770443 0.500192344 0.628237009 0.4707129 0.316800356
    0.406022251 0.0440101027 0.138595819 0.394276977 0.96414876
    0.883165717 0.417690456 0.528085291 0.815229475 0.59051168
    0.820281506 0.096878916 0.344150841 0.810447335 0.061037153
    0.369184494 0.352913201 0.41133514 0.531388581 0.95449245
    0.0663923621 0.943785131 0.0181159675 0.0512362421 0.118890822
    0.831171751 0.835718334 0.372328192 0.801403403 0.0670083463
    0.971682787 0.804583669 0.794214964 0.101250619 0.844551325
    0.0781101882 0.539107323 0.982605815 0.00335365534 0.338945568
    0.983715057 0.463792861 0.245092034 0.191572934 0.594829559
    0.668711782 0.851916671 0.507166564 0.77578032 0.0536951423
    0.485648155 0.935402393 0.47688514 0.245401293 0.570860624
    0.35546422 0.516736567 0.130720109 0.735254467 0.804744601
    0.226832181 0.804720283 0.644404113 0.222546816 0.566035926
    0.705049872 0.779678404 0.941480339 0.988527179 0.278935671
    0.991918743 0.817946076 0.102226824 0.0811340809 0.771319151
    0.580295563 0.871890903 0.363274813 0.904186964 0.113511175
    0.918654203 0.85019058 0.207914412 0.400136858 0.87496531
    0.135915577 0.450382978 0.134544134 0.743909955 0.158626288
    0.446414202 0.683390856 0.222686589 0.298053205 0.36560604
    0.00360268354 0.780604839 0.963621616 0.0148467422 0.401669472
    0.0217963159 0.809335232 0.206195235 0.93340981 0.957579732
    0.948824763 0.465591788 0.480905682 0.158496797 0.0286587775
    0.377588093 0.866471291 0.683821797 0.151046246 0.455916911
    0.391686618 0.63725096 0.173990786 0.0395704508 0.693624854
    0.98718369 0.202341884 0.0281970501 0.863710344 0.517894864
    0.45134595 0.3861624 0.297051668 0.07644701 0.904452026 0.390231401
    0.77001065 0.0904183388 0.815075457 0.657693863 0.532431185
    0.693802953 0.462175578 0.424531579 0.678343117 0.704324067
    0.317719132 0.309027135 0.625090063 0.0599755645 0.887411952
    0.677760899 0.611782372 0.312053323 0.456329465 0.556903005
    0.419218004 0.862058401 0.824926138 0.397810698 0.0448672473
    0.63148427 0.0282506049 0.540271819 0.482660621 0.2216717
    0.801199913 0.627842486 0.983126044 0.58122611 0.808482349
    0.405829608 0.926437736 0.999570727 0.812636018 0.446135193
    0.521678865 0.281314969 0.980005324 0.480156064 0.714041114
    0.985040307 0.806473315 0.690647125 0.275639296 0.431223571
    0.577276587 0.382176667 0.441146255 0.44278121 0.940793395
    0.950692415 0.750573933 0.261869848 0.676704705 0.141687244
    0.406114578 0.959382772 0.429161847 0.554919839 0.476118684
    0.956467271 0.964698732 0.561207473 0.926820874 0.725350857
    0.0151788592 0.430473685 0.841227293 0.271113157 0.445865363
    0.845275044 0.437444031 0.709423721 0.368985772 0.43308571
    0.702871323 0.268621087 0.250891805 0.533315659 0.870802999
    0.697428823 0.999411225 0.634275675 0.516450703 0.645408273
    0.22207281 0.0349421501 0.792004824 0.343799651 0.231333047
    0.139877558 0.921037853 0.152127445 0.599422157 0.294950545
    0.839455247 0.872329295 0.839960933 0.0831413865 0.139723659
    0.34151569 0.0527403057 0.979402304 0.23772496 0.20761779
    0.932547152 0.918709815 0.722426414 0.758848071 0.546559155
    0.434256703 0.503261507 0.164677382 0.587364852 0.641643286
    0.228964239 0.596661091 0.779263735 0.099881649 0.235537678
    0.332405865 0.881534517 0.995649219 0.0443377793 0.859438777
    0.531973839 0.835504234 0.0498815477 0.952179015 0.946524978
    0.595791578 0.319660842 0.761871278 0.745782495 0.64837569
    0.396466881 0.799394369 0.162673444 0.907703638 0.161753267
    0.792764664 0.548548996 0.299357116 0.376017302 0.296123296
    0.163015753 0.78105855 0.893887997 0.895504415 0.443940014
    0.528456211 0.924643993 0.207436085 0.0494736135 0.491811931
    0.826099992 0.67514354 0.267475367 0.309773505 0.266115248
    0.946589887 0.36100018 0.267577946 0.34326607 0.591096282 0.35731113
    0.764611065 0.857053161 0.0523084402 0.366697103 0.689012825
    0.0727770925 0.54292649 0.327542424 0.853068471 0.560916364
    0.519923329 0.225302964 0.15787679 0.497434139 0.997108698
    0.0997722745 0.425451308 0.50948441 0.250429511 0.461227268
    0.145331115 0.703790784 0.448933184 0.308758169 0.94839263
    0.909054101 0.967959166 0.0276972055 0.130330771 0.086414516
    0.856657565 0.679099143 0.593340874 0.234387994 0.185359865
    0.22184357 0.997297525 0.514934003 0.259771049 0.811747074
    0.369561195 0.153583884 0.717956543 0.535757065 0.706994593
    0.0547195673 0.883032084 0.257392317 0.170328408 0.829670548
    0.613400757 0.612436414 0.914772272 0.0209531486 0.293372214
    0.639769971 0.510479748 0.971325636 0.94505477 0.646508336
    0.163075775 0.0640219748 0.813045382 0.515787721 0.949652433
    0.703029931 0.914229989 0.337587684 0.813544214 0.380707204
    0.553205252 0.854957521 0.276687771 0.115998268 0.938880324
    0.625942588 0.67872566 0.728151977 0.245197982 0.262925982
    0.283709705 0.604403257 0.430449247 0.866960764 0.183520734
    0.0412557125 0.153904438 0.050051719 0.566124082 0.866654515
    0.548736811 0.210864216 0.891883612 0.76832211 0.65764606
    0.759168148 0.604262292 0.153682679 0.683892369 0.0454105735
    0.649143696 0.379838288 0.899434924 0.150078118 0.546325743
    0.404571235 0.905734897 0.911441505 0.0712810457 0.180135757
    0.146368682 0.97738564 0.744300783 0.0681332946 0.361183465
    0.529784918 0.125195473 0.950115681 0.281429023 0.976258874
    0.328012735 0.970648885 0.579787433 0.898401439 0.579712749
    0.522092879 0.18008706 0.622714162 0.215952963 0.934779048
    0.222873241 0.161046088 0.811892509 0.824287415 0.743137062
    0.314914942 0.762349844 0.367777348 0.209550023 0.186328113
    0.115138322 0.165878475 0.700671732 0.761899114 0.264921159
    0.384610593 0.416814685 0.560233057 0.763524473 0.580693841
    0.0881710649 0.000423491001 0.728271127 0.338452339 0.361240894
    0.571950197 0.901228189 0.539793313 0.801467299 0.663261533
    0.210279614 0.0997558236 0.746770203 0.854222178 0.00685712695
    0.185420215 0.97377634 0.61187309 0.183989286 0.186249077 0.94585979
    0.126056194 0.650842071 0.625770569 0.384847343 0.223379344
    0.888118029 0.239861995 0.260358721 0.502005279 0.835168719
    0.491389185 0.327980518 0.0333716869 0.0582867563 0.617274761
    0.734537244 0.360814691 0.727271676 0.209915072 0.26543203
    0.920093179 0.434341609 0.762458444 0.585546076 0.650634766
    0.107910365 0.922369599 0.479350656 0.289053917 0.109829992
    0.45075056 0.512366056 0.713447273 0.67509079 0.757297397
    0.352276325 0.732283771 0.661958694 0.901656687 0.931722999
    0.0157583952 0.185198516 0.531211734 0.272298157 0.0541188121
    0.094643563 0.579959631 0.774683237 0.954213738 0.992032766
    0.472182393 0.0631851852 0.77469188 0.263624787 0.0509031117
    0.763350725 0.678365827 0.341427743 0.415640056 0.21088773
    0.746472359 0.799100518 0.446203053 0.739250124 0.0443816185
    0.875670791 0.170100152 0.256958485 0.739146054 0.359564543
    0.407954156 0.397744834 0.976469159 0.414418072 0.583767295
    0.977563262 0.116090834 0.844880104 0.85588634 0.746123135
    0.284446537 0.752912164 0.186233878 0.751964092 0.0444544256
    0.15510124 0.622420788 0.265429467 0.552630126 0.634470642
    0.638321519 0.370342582 0.388676733 0.970407426 0.382923812
    0.428823829 0.766921163 0.382356614 0.386703014 0.491719306
    0.829909444 0.482520014 0.310239136 0.430197001 0.261910379
    0.0691817701 0.114677697 0.560433328 0.117724121 0.37223047
    0.733518779 0.510449409 0.575730085 0.677927792 0.874653816
    0.941891193 0.243613899 0.876345932 0.563463092 0.895312607
    0.0575272441 0.497578472 0.0512644649 0.490338951 0.527384639
    0.589457393 0.0835373402 0.889345884 0.428772271 0.744597375
    0.376850545 0.484230638 0.434921265 0.325702459 0.79202342
    0.368371665 0.591299474 0.557166636 0.28357482 0.798618257
    0.961991966 0.869922876 0.585852563 0.427444726 0.972849429
    0.310789019 0.852850318 0.040620327 0.424873948 0.0589053035
    0.152728409 0.818513095 0.874956012 0.308923811 0.031756103
    0.314190805 0.555716276 0.374323308 0.39759776 0.920040607
    0.177596182 0.839337349 0.115033358 0.0406481326 0.731924355
    0.363054931 0.779033542 0.804667175 0.746890903 0.178102195
    0.684844196 0.496754378 0.271986663 0.642139792 0.529063344
    0.799739242 0.208137363 0.304941833 0.947658837 0.794700205
    0.510169268 0.801537275 0.412277609 0.27851665 0.315297753
    0.161686152 0.0194267929 0.197946012 0.341951847 0.806457639
    0.794845223 0.0101097226 0.141488791 0.511052907 0.0618086159
    0.618621886 0.406889945 0.179097295 0.0884310603 0.936395943
    0.514401019 0.816281915 0.719158292 0.785394311 0.83076179
    0.366903871 0.537601888 0.748957336 0.984282374 0.596406877
    0.444241822 0.136240631 0.164689243 0.9893713 0.228329927
    0.680882335 0.916259885 0.779117823 0.842207551 0.806646466
    0.87418139 0.150731117 0.431256741 0.36877799 0.22774905 0.31542623
    0.612313151 0.123841524 0.0460639298 0.894110799 0.917838216
    0.40930438 0.0851569772 0.249123156 0.808517218 0.630528748
    0.869140148 0.13663128 0.743062139 0.98802048 0.891877413
    0.188308239 0.822773874 0.671241164 0.254937708 0.917541265
    0.160980195 0.666717649 0.895907342 0.123400897 0.95991981
    0.383257389 0.806736231 0.96282196 0.0528331399 0.651923299
    0.164741904 0.248425275 0.468499362 0.370984614 0.8163656
    0.912626028 0.574873745 0.875451326 0.883246541 0.0254510045
    0.600123882 0.862651169 0.0703521669 0.518931448 0.450207829
    0.828587651 0.245029777 0.588154972 0.0638457537 0.968522191
    0.87127924 0.488478303 0.477616161 0.413040578 0.735269904
    0.360283703 0.91019392 0.25791505 0.9351511 0.996795833 0.694352627
    0.595349729 0.915292859 0.187807322 0.428922176 0.275317967
    0.553034842 0.72635901 0.343620986 0.730862498 0.752738357
    0.205366462 0.871574581 0.233357131 0.0673803091 0.961687803
    0.540502489 0.770463765 0.681173325 0.91831398 0.921437204
    0.222321779 0.790818155 0.294683397 0.865252733 0.385134846
    0.840064883 0.524609923 0.57428956 0.694632769 0.806512296
    0.767976522 0.358281642 0.563996434 0.174153537 0.296824515
    0.825041056 0.290630549 0.846015394 0.395186424 0.786412716
    0.0654376149 0.583213925 0.785132289 0.773928881 0.495004267
    0.969377637 0.82300365 0.732486904 0.833688974 0.0986281037
    0.39413166 0.961655974 0.0313189328 0.675884724 0.58297658
    0.506969929 0.151393622 0.628991365 0.0282332599 0.547378302
    0.772128701 0.609394729 0.936680675 0.218849003 0.413088322
    0.876482368 0.953153908 0.333993912 0.366454542 0.816947341
    0.413575172 0.467869699 0.892168522 0.504710436 0.604890704
    0.923567772 0.101660013 0.946189284 0.294148982 0.44536981
    0.915863276 0.134699374 0.538006067 0.170334488 0.477956414
    0.0426729023 0.799262881 0.487249404 0.654653132 0.0704750717
    0.0603691638 0.470887572 0.736543834 0.233722717 0.682064176
    0.585508108 0.242655784 0.736501575 0.556004584 0.482688665
    0.187303066 0.967241108 0.52095598 0.557058573 0.308225632
    0.737828553 0.775069714 0.366590887 0.642361879 0.291094124
    0.96291852 0.641232848 0.0355830491 0.5096367 0.262129396
    0.213594168 0.806285083 0.00674718618 0.612603605 0.436464369
    0.150734484 0.299971402 0.44363749 0.231283963 0.484748542
    0.581232011 0.959887743 0.85200423 0.704252601 0.185811281
    0.094719559 0.222299159 0.0836167634 0.0416288972 0.340666145
    0.298275292 0.568920791 0.102445394 0.563462853 0.459927291
    0.972593427 0.753820121 0.192693025 0.776512504 0.270254821
    0.627999544 0.391202211 0.184116036 0.930183828 0.145028353
    0.690047026 0.992359042 0.213927358 0.110686868 0.403137982
    0.20820722 0.354965627 0.194456995 0.802464724 0.896625936
    0.592488766 0.711007059 0.197813064 0.18328613 0.366318643
    0.132148385 0.0353728533 0.199781299 0.05776456 0.358786821
    0.722391844 0.547774315 0.288395524 0.496454477 0.034877032
    0.0940743387 0.388783395 0.246502012 0.0971853733 0.302922428
    0.193789244 0.256852806 0.307609975 0.873784959 0.000930011272
    0.789178729 0.340004653 0.497616827 0.477954477 0.0686170161
    0.691084027 0.29455325 0.942734182 0.893898845 0.999263644
    0.0630703866 0.245897204 0.241560161 0.633198261 0.623278379
    0.542514503 0.991219938 0.456415474 0.328439772 0.614024639
    0.0182090402 0.0335057676 0.654419065 0.890090108 0.642546117
    0.204920709 0.931184292 0.339030355 0.345110834 0.666687191
    0.215881377 0.695372343 0.285132468 0.171931654 0.0856966376
    0.954765737 0.0563845336 0.293126643 0.721361041 0.738931835
    0.00983938575 0.196075767 0.469886839 0.522196829 0.231762141
    0.63999486 0.875584483 0.884578347 0.41608876 0.403611869
    0.755869031 0.307255208 0.370000839 0.816903174 0.30445981
    0.308042109 0.570762455 0.0367913842 0.619968474 0.636751533
    0.805532217 0.885140657 0.709653974 0.0891295969 0.679910302
    0.326014876 0.519248605 0.446415663 0.251496017 0.91685915
    0.874580503 0.705652237 0.890142739 0.447208494 0.581522107
    0.6191715 0.228339821 0.301182926 0.219642907 0.347890794
    0.547048211 0.484413445 0.881261468 0.498638779 0.0405548811
    0.483681232 0.354456425 0.350720584 0.666321397 0.331858397
    0.321539462 0.0630089045 0.216460049 0.982789099 0.951277673
    0.0244606733 0.165159583 0.0964935422 0.970373034 0.900416017
    0.729106784 0.905361295 0.239556968 0.157997638 0.286727369
    0.457523257 0.0834207237 0.322958648 0.508318543 0.663456082
    0.225074112 0.193836272 0.78527832 0.359617054 0.317448139
    0.783870459 0.687459111 0.217894197 0.666329741 0.116022438
    0.50655359 0.874395728 0.854843616 0.139177084 0.853801131
    0.0629696548 0.441802979 0.12496233 0.390259147 0.00102487206
    0.53434515 0.355665803 0.912273049 0.423181921 0.380910695
    0.406502485 0.363554955 0.529343486 0.122853398 0.290273309
    0.266526222 0.558933914 0.484162658 0.39905563 0.892257512
    0.930498004 0.136527419 0.107978225 0.593962133 0.3459934
    0.0801695883 0.147684902 0.919939995 0.675908387 0.138871282
    0.131026149 0.0605920851 0.875006378 0.710638463 0.859373212
    0.719782472 0.288805306 0.856547713 0.452566922 0.596792579
    0.482524335 0.610246956 0.0610630214 0.726450443 0.174418926
    0.280199975 0.458236158 0.737317741 0.520014882 0.206122071
    0.293795854 0.458981097 0.468782961 0.195068568 0.855931282
    0.143244863 0.904712379 0.0843470097 0.660914421 0.144821346
    0.861613631 0.324257791 0.3057217 0.510992765 0.234907627
    0.846731663 0.080570966 0.671990812 0.241582453 0.104220003
    0.673219502 0.395291269 0.248836935 0.322191805 0.775258243
    0.741033316 0.95790565 0.641288757 0.498163283 0.356867075
    0.715334296 0.449924558 0.577933371 0.0629292428 0.781979084
    0.318730295 0.816877842 0.231939524 0.676332355 0.0216117203
    0.636776686 0.528219521 0.207434535 0.37873885 0.122284591
    0.219754487 0.690906644 0.475882709 0.910455465 0.952788949
    0.676742375 0.447432488 0.723300755 0.422430158 0.732931495
    0.29973793 0.869009793 0.157057583 0.613030195 0.660682976
    0.296923637 0.488522679 0.231600314 0.782480776 0.302084237
    0.0346264839 0.0375492871 0.611195982 0.088686198 0.379213303
    0.153974652 0.995191693 0.632241845 0.25117889 0.928150713
    0.0109881759 0.0784045756 0.0473944843 0.0455289483 0.352760106
    0.911477804 0.992697716 0.167320669 0.358487308 0.52282697
    0.923901737 0.718771577 0.218758553 0.249262482 0.925993085
    0.624516726 0.0389403701 0.942676187 0.148350209 0.00815230608
    0.104913563 0.790891945 0.77767992 0.293131083 0.747588098
    0.587574482 0.701792836 0.978289485 0.171248972 0.179779947
    0.588087261 0.173568726 0.458199948 0.516726553 0.360833108
    0.784396946 0.21920836 0.892724752 0.0981593728 0.466954768
    0.062721163 0.923366427 0.232241362 0.0764396787 0.505321205
    0.267554164 0.235261142 0.640911877 0.706676722 0.769586027
    0.641866446 0.919178307 0.0698242188 0.835382462 0.622982204
    0.481683165 0.977447748 0.861856222 0.24794361 0.583885729
    0.264778912 0.0894209743 0.694999337 0.956790447 0.512052119
    0.552662969 0.21044156 0.190109253 0.00627881289 0.910636246
    0.843322754 0.985824823 0.93134129 0.676768839 0.547607303
    0.216783583 0.0884074867 0.256488621 0.789978981 0.723459482
    0.946267188 0.663548589 0.876109302 0.676805198 0.92541796
    0.41426909 0.433669597 0.437113702 0.720834732 0.886093974
    0.365104854 0.13123253 0.853764534 0.266743183 0.142504185
    0.349791139 0.827091932 0.0245173275 0.454488277 0.0332147181
    0.14423573 0.170736313 0.0517769456 0.475905508 0.879116654
    0.978117466 0.397219718 0.675372541 0.996445298 0.61274904
    0.764288664 0.720648766 0.466558456 0.0374440849 0.672836185
    0.860533297 0.938376904 0.412168801 0.288551092 0.00826135278
    0.629166365 0.0103657246 0.291407168 0.104453981 0.848247528
    0.441918403 0.222730666 0.925503373 0.246771425 0.185107529
    0.392571867 0.653521597 0.871949553 0.323171556 0.84104234
    0.753995061 0.00102007389 0.258362174 0.127716899 0.602317154
    0.957957625 0.747407556 0.660784841 0.580779731 0.272491395
    0.656457126 0.269806266 0.098505646 0.294335902 0.0835831165
    0.308865786 0.495462269 0.874031186 0.556687653 0.712052524
    0.609780192 0.925089121 0.430467486 0.214928806 0.21612525
    0.818873823 0.955827832 0.904823661 0.878917217 0.940116286
    0.464749038 0.0407540798 0.641783237 0.953567922 0.514251709
    0.975502133 0.414040744 0.180156797 0.0656662881 0.902154863
    0.0477747321 0.106436849 0.747635722 0.000639528036 0.659215629
    0.13173458 0.200123489 0.137847096 0.22559756 0.969260335
    0.883509099 0.541746557 0.220313787 0.436964869 0.667630672
    0.338464022 0.863292933 0.355995476 0.0694414675 0.14188239
    0.778728127 0.614072919 0.591592669 0.97757113 0.205218077
    0.860067964 0.978039026 0.949228883 0.638107121 0.704055905
    0.758868575 0.218325168 0.255931973 0.77678144 0.583080351
    0.95426333 0.686422348 0.0241990089 0.133835047 0.820618868
    0.190324247 0.649193466 0.450203598 0.435517877 0.180475026
    0.350231826 0.380484074 0.982085049 0.826436877 0.00350794196
    0.295325309 0.381975323 0.606743574 0.274483204 0.863167048
    0.807173371 0.361017048 0.0228920281 0.187175423 0.367517382
    0.117077678 0.271356404 0.73632288 0.866464257 0.538422823
    0.524867892 0.796280086 0.511758924 0.363612175 0.877938032
    0.761577904 0.423428297 0.0423495173 0.638187289 0.397073507
    0.697541356 0.778612614 0.0568929911 0.136110693 0.646850646
    0.221867651 0.507502198 0.0636462271 0.184101492 0.530046165
    0.202035755 0.431554794 0.172818184 0.100612462 0.652410448
    0.644200444 0.0955213904 0.572614312 0.668732285 0.312649578
    0.214518607 0.630256176 0.331401199 0.880591691 0.80194366
    0.15612492 0.938643098 0.350506186 0.720220804 0.833683372
    0.903382838 0.253542721 0.106512219 0.284578919 0.729521751
    0.105000764 0.950464845 0.860214949 0.0832524896 0.302012742
    0.144439787 0.0161476731 0.922798991 0.315568477 0.831505418
    0.146652102 0.818562329 0.602077425 0.91546154 0.398906738
    0.914421082 0.288822651 0.915972829 0.929406762 0.79916358
    0.289495289 0.298126042 0.791012883 0.535878897 0.883057237
    0.0302440822 0.0251716673 0.677110195 0.914499879 0.584196091
    0.824811757 0.00337991118 0.92347461 0.000334173441 0.864295423
    0.889039516 0.289055943 0.715037346 0.601574659 0.446207374
    0.893410087 0.248566747 0.623894155 0.963120937 0.341888189
    0.741627872 0.39853242 0.392320007 0.512847006 0.699050188
    0.276465476 0.462861001 0.474271804 0.459919155 0.480366051
    0.279070199 0.98016125 0.182287961 0.214732975 0.954537511
    0.43654421 0.756157398 0.247341782 0.443659395 0.295536518
    0.925785899 0.477716148 0.103587627 0.240809679 0.0841016769
    0.995539188 0.281798601 0.0835878551 0.0714835227 0.704737067
    0.295202613 0.883289576 0.445538968 0.585736811 0.164396763
    0.307223171 0.768668413 0.526133657 0.372597694 0.985147119
    0.362494558 0.953183413 0.311852247 0.338621199 0.422301471
    0.115225494 0.75989908 0.491589695 0.0769653022 0.0808487535
    0.00961112976 0.748379648 0.777800441 0.847246528 0.510905266
    0.00406590104 0.365863085 0.453033477 0.157323629 0.759814262
    0.0371286869 0.513270557 0.141671658 0.499598861 0.285908043
    0.241865575 0.67372489 0.576264739 0.757282138 0.237639904
    0.933150291 0.129364669 0.719919503 0.524564028 0.561699688
    0.800537467 0.926569045 0.917299628 0.904615641 0.546806395
    0.670624614 0.309986711 0.734364092 0.65060997 0.826600254
    0.246819764 0.895491362 0.77134037 0.429182708 0.00335943699
    0.759397745 0.596711874 0.404479414 0.367063046 0.141978949
    0.914169073 0.437755734 0.29262352 0.270311296 0.884264946
    0.110607862 0.881740391 0.492645741 0.136104912 0.113627106
    0.0387039781 0.231978834 0.581928194 0.889520049 0.777842879
    0.673192799 0.39403531 0.23377499 0.317786366 0.483572364
    0.131227314 0.485574573 0.676034451 0.433113694 0.160972834
    0.526898265 0.0261888504 0.901533246 0.402854264 0.163486034
    0.152626246 0.555297613 0.983142614 0.494469196 0.666740298
    0.766097724 0.498222381 0.643774033 0.615700066 0.887926698
    0.95509994 0.97300148 0.645098627 0.929700494 0.0682118535
    0.399789482 0.7583161 0.874177098 0.700265884 0.77907902 0.777703524
    0.599777162 0.817789793 0.19824332 0.382356763 0.576725602
    0.745691955 0.96121335 0.353590667 0.990935922 0.467835307
    0.766344309 0.163228899 0.823145151 0.495066464 0.727999866
    0.87439543 0.0139235854 0.892618418 0.0743049085 0.778825045
    0.552567959 0.817770362 0.193653762 0.556345344 0.303227425
    0.723837018 0.133883059 0.277980864 0.870051026 0.0309701264
    0.0879843235 0.478057802 0.682618618 0.496077657 0.846586287
    0.306191891 0.339459777 0.458277494 0.11448288 0.976028442
    0.0774047971 0.872159004 0.697606146 0.17392993 0.779287815
    0.777581215 0.914275765 0.631061018 0.205175042 0.327970803
    0.546293736 0.793571115 0.709801793 0.331190765 0.184075177
    0.74310565 0.356351197 0.749512374 0.960875094 0.170833111
    0.226696402 0.357204139 0.534369349 0.226671726 0.0202465653
    0.816329122 0.647264957 0.620881319 0.902447462 0.626716733
    0.477466762 0.530900955 0.329439104 0.364227861 0.336637437
    0.199414641 0.299472839 0.825066566 0.330693245 0.537196875
    0.143910676 0.707831323 0.767237425 0.325069934 0.257830083
    0.0428057015 0.553830802 0.808297753 0.731051743 0.5644297 0.8922773
    0.659106314 0.466907501 0.983397782 0.949370563 0.89814806
    0.249597222 0.0441182256 0.779590726 0.768826962 0.914231062
    0.0366391838 0.996582687 0.177047223 0.928068519 0.645270586
    0.437767357 0.557098687 0.776185751 0.343381345 0.373594373
    0.590616107 0.0142242908 0.11960119 0.600521207 0.520273149
    0.396689296 0.00811427832 0.223017693 0.635238886 0.789947987
    0.694876492 0.413116634 0.465928704 0.486590296 0.768603563
    0.370438427 0.300405562 0.362675697 0.244526774 0.721177399
    0.483785301 0.515771091 0.580196142 0.287890792 0.715521395
    0.00736647844 0.595096648 0.219248682 0.638543546 0.507505357
    0.957499862 0.507575691 0.531505764 0.202575564 0.380818099
    0.600162983 0.0317943692 0.285785764 0.58370924 0.720546842
    0.520222723 0.130127192 0.505201697 0.505593896 0.230450809
    0.704976261 0.39158088 0.44719705 0.10366267 0.8859694 0.489565372
    0.886607409 0.0133566558 0.962574482 0.922828376 0.305254489
    0.844229817 0.153665423 0.932795227 0.670805573 0.59733206
    0.98135376 0.0475857556 0.183310598 0.86247921 0.117193371
    0.533597708 0.681066155 0.613351583 0.16261664 0.790712655
    0.765352249 0.975210428 0.763712168 0.687803864 0.255290091
    0.682646155 0.250926912 0.681276083 0.255189002 0.800194681
    0.833541036 0.461352527 0.021002382 0.13111946 0.117625237
    0.0877623856 0.332452089 0.453057617 0.223906785 0.799964428
    0.789078712 0.030724287 0.399387628 0.400900334 0.179077685
    0.378326625 0.0531845987 0.0568604171 0.934839845 0.808028579
    0.00400483608 0.0129836202 0.924592972 0.999316931 0.0586662292
    0.141629457 0.663596749 0.826872408 0.187082291 0.445420295
    0.958072066 0.909955621 0.577831805 0.650732517 0.206864029
    0.181211203 0.0565126538 0.983187437 0.150493473 0.457092911
    0.303354442 0.0920763314 0.804190934 0.416232526 0.943849206
    0.26149112 0.187160105 0.116496533 0.886807323 0.848100245
    0.336422265 0.453316122 0.211626172 0.240469933 0.414598793
    0.00265774131 0.755225778 0.607555985 0.282811105 0.831476212
    0.970150054 0.137259215 0.358663946 0.0293985307 0.810243845
    0.859092355 0.556012869 0.987706661 0.861705184 0.799296141
    0.95585072 0.0879448354 0.730984509 0.900599957 0.543324113
    0.689710557 0.58599025 0.975895762 0.54901135 0.691751719
    0.976988971 0.155283421 0.421475202 0.998120964 0.95050782
    0.244794786 0.887865305 0.112744451 0.260971516 0.00539433956
    0.528333008 0.85466671 0.552667975 0.525198221 0.0650956631
    0.608239293 0.639433384 0.136325955 0.77019614 0.360573769
    0.974195957 0.676418483 0.468665421 0.0064612329 0.855292559
    0.170621961 0.0153369904 0.849084377 0.150512844 0.678869307
    0.902904034 0.121670842 0.352357268 0.00139197707 0.345163703
    0.209812105 0.127033532 0.67278403 0.838154614 0.702992678
    0.20775789 0.835443616 0.984470069 0.0538662374 0.769848704
    0.535018027 0.763905406 0.0311995745 0.321399271 0.922721088
    0.418515861 0.0675713718 0.112839222 0.550423026 0.556144357
    0.0254034102 0.268869489 0.853032947 0.482561141 0.664613724
    0.369453281 0.0262785554 0.273866862 0.124159962 0.970021963
    0.892044783 0.967085481 0.617608964 0.182461739 0.966750383
    0.831825197 0.212379783 0.866460025 0.751885891 0.513255119
    0.822221994 0.744408906 0.555598199 0.653475761 0.314985156
    0.535750628 0.394528866 0.363134474 0.999810398 0.522566557
    0.155386388 0.596594036 0.573614895 0.549119711 0.178943425
    0.0334657729 0.0616977513 0.913088322 0.0861479938 0.844448924
    0.439209819 0.0972614884 0.710951269 0.687457025 0.631755531
    0.29160589 0.101520211 0.153961301 0.565223455 0.842750311
    0.166916698 0.160603076 0.311920404 0.738607407 0.0510487258
    0.0939347446 0.969212174 0.448758364 0.129464358 0.341222912
    0.837480664 0.805639446 0.282202065 0.207328558 0.989390016
    0.956403971 0.752889872 0.53040272 0.351801932 0.342481017
    0.770588338 0.863064528 0.494554698 0.284712732 0.0388600528
    0.44932732 0.677921355 0.224057734 0.380423427 0.770264864
    0.203597307 0.329889804 0.857545614 0.258812129 0.854313254
    0.690363824 0.454290688 0.352959365 0.687201619 0.207144082
    0.224448085 0.215613008 0.274419129 0.492242664 0.391136497
    0.917916775 0.9654181 0.053196907 0.030479461 0.0716831386
    0.760469675 0.798650622 0.967461467 0.689043403 0.253404975
    0.226673603 0.910072684 0.830289245 0.505917668 0.235713392
    0.0296475887 0.732326865 0.578134537 0.939635694 0.00477433205
    0.357324958 0.973507404 0.344705909 0.0584852397 0.47266534
    0.801773369 0.744836211 0.0444051623 0.533635378 0.824275672
    0.0242317915 0.934769869 0.874842525 0.650697231 0.544672132
    0.342523754 0.184879392 0.564101338 0.127192676 0.275021493
    0.128250569 0.490306616 0.941231012 0.190327942 0.724652529
    0.0314338505 0.251724422 0.611890912 0.578253567 0.595463574
    0.908556104 0.155431509 0.680399239 0.884851456 0.90618664
    0.308326781 0.531217635 0.966490626 0.868654072 0.550087333
    0.716668189 0.393151522 0.791499019 0.275827497 0.614915013
    0.297166079 0.759037316 0.613055229 0.844174743 0.268808752
    0.155184537 0.229979098 0.0933568776 0.88445437 0.703792095
    0.857248783 0.366295516 0.321966231 0.495054662 0.731022239
    0.056936413 0.469511449 0.36687392 0.946156859 0.362359077
    0.169851363 0.801820636 0.407586336 0.311271667 0.589414239
    0.885193348 0.472383529 0.169428766 0.90210712 0.152599096
    0.57766968 0.975893199 0.0446753502 0.694761515 0.302695602
    0.11822623 0.431725264 0.606479049 0.754046798 0.0580641627
    0.84602356 0.669587493 0.154603839 0.811763048 0.868639827
    0.312638909 0.601890922 0.93946135 0.99993968 0.467719555
    0.471321344 0.683023453 0.464069933 0.00575697422 0.941247821
    0.207934618 0.273770511 0.77367419 0.647993326 0.580742776
    0.288095057 0.137139291 0.849850118 0.189729184 0.349298418
    0.411163181 0.855113029 0.0777347684 0.314301193 0.135752738
    0.0273063481 0.291034579 0.12959075 0.141754329 0.371925741
    0.269440234 0.555042088 0.066835463 0.281364679 0.0421454608
    0.248783171 0.155536056 0.82490927 0.728655457 0.695460021
    0.222598791 0.83057189 0.0715247095 0.0981694162 0.421674669
    0.766070962 0.906254888 0.459235072 0.257534206 0.2724998
    0.677256227 0.602137208 0.125547767 0.46048227 0.995776057
    0.051540345 0.587740839 0.12323451 0.138711751 0.152942002
    0.791951418 0.455433756 0.441467315 0.753445387 0.38090843
    0.864869714 0.932605803 0.137443781 0.880956054 0.255304277
    0.680135608 0.734086037 0.208266824 0.0702139735 0.357339948
    0.30894655 0.748847187 0.492069662 0.995418668 0.0484499037
    0.913183451 0.525375962 0.712805033 0.777150393 0.190058053
    0.531385124 0.862685084 0.010048449 0.850397944 0.289591372
    0.57786274 0.583743572 0.439203471 0.292157501 0.646167994
    0.403433144 0.989731789 0.758692861 0.496679783 0.92222923
    0.14032805 0.868214846 0.573910177 0.26181379 0.66119945 0.816100538
    0.369984239 0.0199132562 0.348330945 0.0937318504 0.258773059
    0.204254329 0.700240433 0.402122855 0.518236399 0.571552336
    0.952534795 0.921916425 0.363495588 0.263856828 0.790939629
    0.16786468 0.417426556 0.897236466 0.588860869 0.865929604
    0.012147218 0.273343444 0.0110441744 0.280271977 0.467173547
    0.831752658 0.182711661 0.927790403 0.751286089 0.0780390501
    0.234967232 0.0621379316 0.48813045 0.699342489 0.0530095994
    0.521105528 0.640830994 0.469118357 0.825585067 0.37985146
    0.246808201 0.700788736 0.404401988 0.0397810042 0.0681297183
    0.0632950664 0.296204209 0.106639832 0.510082304 0.211778402
    0.981428623 0.271201074 0.770866752 0.261884689 0.743695855
    0.340649724 0.703347921 0.723462343 0.198868513 0.38775745
    0.81170404 0.632037818 0.616303861 0.176086515 0.993568182
    0.0551693141 0.615613639 0.351846814 0.506921887 0.872467875
    0.501204073 0.363712966 0.809295177 0.539561093 0.435710758
    0.516797006 0.280640066 0.467374086 0.594186902 0.167231649
    0.71844995 0.0452116132 0.87511766 0.793834448 0.767047405
    0.590930283 0.672285318 0.240801513 0.622180998 0.659050345
    0.251021028 0.0808783472 0.991127014 0.53570348 0.772043586
    0.56527555 0.66515547 0.898914099 0.369368225 0.618368983
    0.417420983 0.424628377 0.564379871 0.0852454007 0.630621493
    0.834774613 0.549600899 0.496496826 0.209497333 0.854322076
    0.59424448 0.307571352 0.53829056 0.758791625 0.0974082351
    0.71646595 0.498755544 0.51491946 0.149402887 0.485426754
    0.389745533 0.314620882 0.527448714 0.354808092 0.720044076
    0.329075933 0.616703629 0.568139374 0.55171895 0.393212616
    0.942110538 0.963695347 0.548985302 0.601688743 0.808080673
    0.572875381 0.657485545 0.00838944316 0.240746826 0.467054784
    0.0145668089 0.678019464 0.721627355 0.891675591 0.482340336
    0.90439868 0.604018807 0.377325743 0.530583739 0.237106204
    0.476085335 0.0204474628 0.458646446 0.177043766 0.650322497
    0.814192355 0.776980042 0.604434609 0.54667747 0.78171283
    0.706830502 0.240407646 0.118002325 0.787690639 0.204191804
    0.0502366424 0.41495195 0.54449904 0.644468844 0.625601053
    0.799806118 0.935498238 0.872420847 0.0726267397 0.0167898834
    0.916466534 0.883713722 0.154338986 0.908536732 0.46936661
    0.541564763 0.865828276 0.158304244 0.724725485 0.916108847
    0.7230919 0.38823992 0.043643564 0.928186655 0.477590054 0.084962368
    0.853507996 0.64989531 0.191545933 0.0329685211 0.520336807
    0.622206092 0.503586352 0.520119905 0.441115886 0.271070749
    0.524211287 0.950331926 0.465039134 0.839199185 0.66011107
    0.318627208 0.46724695 0.156520098 0.447654933 0.431979984
    0.155267328 0.917830706 0.289308131 0.961885214 0.609374583
    0.672474623 0.106969535 0.198332727 0.342773736 0.092944473
    0.694609046 0.127413511 0.626562715 0.825157702 0.113404393
    0.0766923428 0.957919598 0.356580138 0.764898181 0.0862772465
    0.50898093 0.581402838 0.16230607 0.0696327686 0.886463165
    0.188807458 0.544072807 0.833010197 0.0155465901 0.587953508
    0.328199148 0.827220201 0.543967187 0.451156318 0.86889267
    0.792418361 0.0687051713 0.538216412 0.206424475 0.563521326
    0.430278778 0.373617858 0.322087109 0.978805184 0.691539764
    0.328456461 0.564427674 0.355182171 0.602871835 0.936775684
    0.349749416 0.152035326 0.250827551 0.742365777 0.447730899
    0.724695742 0.824925184 0.421388209 0.78217566 0.65985316
    0.0919605792 0.513029158 0.180747092 0.619599581 0.894302607
    0.412190199 0.892396331 0.676434398 0.681565642 0.440552533
    0.91674459 0.464662641 0.629499197 0.259438068 0.85872829
    0.0444299877 0.799826145 0.0530556142 0.587215602 0.015759021
    0.995398402 0.0348099768 0.385715365 0.401641428 0.519903898
    0.112041295 0.575256407 0.240472108 0.0483965576 0.757018685
    0.551397681 0.259485304 0.100776017 0.951832831 0.421042204
    0.0133213103 0.710310102 0.908125997 0.10113287 0.417725921
    0.973558307 0.794681966 0.979476511 0.226049244 0.528844953
    0.502092481 0.219790876 0.493254215 0.625075698 0.475646317
    0.724191129 0.203056931 0.0746290088 0.705079138 0.878526747
    0.289271832 0.405559987 0.807848454 0.0515233278 0.895983219
    0.0583976805 0.307171583 0.665273309 0.409245759 0.170010149
    0.860593617 0.300884396 0.0646673143 0.342358172 0.0235606134
    0.79624939 0.660488963 0.338732839 0.494867176 0.570745766
    0.585740387 0.660256565 0.659598649 0.247621775 0.807464004
    0.329525173 0.538716197 0.834959984 0.44868663 0.489222169
    0.175795019 0.444776058 0.648284316 0.977065325 0.0555028915
    0.442602664 0.38229537 0.11167714 0.880303204 0.363201857
    0.629882872 0.755961597 0.20592922 0.0320002139 0.553667068
    0.624974012 0.84360528 0.421593159 0.979322314 0.0390016735
    0.341453433 0.664124191 0.258019626 0.544073105 0.59439671
    0.354843557 0.865653694 0.806864142 0.969892859 0.636730075
    0.488925427 0.0202134848 0.164024472 0.128026277 0.976958275
    0.606879056 0.505454659 0.622355819 0.626247346 0.287133574
    0.520466447 0.196828336 0.195738465 0.880004466 0.508524895
    0.685238779 0.358394563 0.237594068 0.288869321 0.0105279684
    0.639305234 0.0539559722 0.749503255 0.147470921 0.819925427
    0.961714983 0.663983345 0.0737943053 0.782949686 0.388433099
    0.801363587 0.0129475892 0.110783905 0.00563359261 0.540237188
    0.693759382 0.61992538 0.832142949 0.79422754 0.28377831 0.322907627
    0.0279741287 0.727407694 0.679424345 0.824659586 0.898344517
    0.565738559 0.757714033 0.707463682 0.408234835 0.310546637
    0.602771342 0.189256519 0.178361118 0.102127433 0.729714751
    0.760464072 0.863067448 0.83136344 0.0951892436 0.188082933
    0.801279426 0.630421877 0.273149848 0.904473186 0.0554457605
    0.921049714 0.979579389 0.866175771 0.914038181 0.278385043
    0.149996102 0.877591729 0.0550830662 0.70462352 0.197494149
    0.396339446 0.134830862 0.159921914 0.803334713 0.332521021
    0.564005017 0.381664693 0.989481032 0.218244076 0.613004386
    0.719713628 0.129398197 0.185751706 0.663769007 0.173462093
    0.233194649 0.933410525 0.042530328 0.273341238 0.182619214
    0.321371764 0.252769679 0.986587226 0.902427912 0.674067318
    0.161595881 0.733004093 0.35844177 0.0223169029 0.592121243
    0.857740223 0.726662576 0.0848680139 0.0771465302 0.862454116
    0.678365946 0.510784328 0.0285353959 0.420525432 0.44482851
    0.0209039748 0.0164687932 0.592394769 0.325241923 0.704493821
    0.45641458 0.427838206 0.169252992 0.369037628 0.417777419
    0.408974588 0.600626051 0.366298258 0.100217491 0.539965034
    0.766961634 0.73570317 0.210875332 0.404931784 0.371162534
    0.489482164 0.699239075 0.461039722 0.400675088 0.0242203474
    0.287339389 0.582840085 0.324794412 0.887118578 0.312429577
    0.363611817 0.379376292 0.497022539 0.013081044 0.991198897
    0.445609808 0.817466617 0.473384678 0.210543245 0.406172812
    0.967823982 0.367661119 0.910892844 0.438639939 0.142386883
    0.227905512 0.0595948696 0.988102913 0.57993418 0.215257943
    0.0596479475 0.892019868 0.2785694 0.214402884 0.751035094
    0.779636621 0.960081935 0.565026164 0.446365476 0.418829471
    0.652383566 0.498927712 0.447075099 0.122805446 0.709473014
    0.740330458 0.410232395 0.0294959843 0.664755404 0.48711279
    0.618624449 0.740209043 0.588761091 0.346078694 0.124619633
    0.116639793 0.822897971 0.175848156 0.718818426 0.534820616
    0.0135052502 0.294297755 0.806523561 0.600394666 0.913391054
    0.801146328 0.246840328 0.29518941 0.23003006 0.0202129781
    0.869560361 0.922889352 0.360184371 0.549971819 0.608769953
    0.202193528 0.159166723 0.351010442 0.915010273 0.81346035
    0.80539012 0.947955608 0.320438683 0.953167319 0.566471696
    0.203217834 0.453758776 0.193949729 0.625918746 0.00721910596
    0.486625373 0.73581183 0.505914152 0.231908232 0.9588871 0.661189198
    0.361591369 0.589467406 0.0694963336 0.137241513 0.888047457
    0.991384923 0.674835086 0.193854094 0.799726605 0.904965997
    0.341313064 0.698332965 0.256944776 0.911235273 0.425459415
    0.0924484432 0.691454887 0.820907116 0.0887764096 0.603899598
    0.857656002 0.901882052 0.922194719 0.476819128 0.0417121053
    0.863018751 0.475055069 0.290372938 0.388246983 0.0856803656
    0.508476913 0.62191844 0.339207172 0.900456667 0.257522106
    0.347039163 0.680221319 0.788135886 0.968145311 0.241315663
    0.597437918 0.0953033566 0.303109169 0.573594034 0.871990263
    0.416414917 0.954004765 0.631782949 0.994792223 0.341598272
    0.0603946149 0.854129434 0.277915627 0.928912222 0.861254215
    0.940484643 0.615361214 0.481521636 0.083066076 0.731952429
    0.0550745428 0.0953188539 0.00505080819 0.204958111 0.592926383
    0.472089559 0.454053521 0.860569119 0.959427714 0.955671549
    0.999925375 0.846267402 0.834999681 0.684118032 0.0213730931
    0.327561766 0.300776541 0.263660699 0.0182650089 0.163196623
    0.29217571 0.234483987 0.750625491 0.597571135 0.0172398686
    0.264964283 0.472251803 0.0871259868 0.298940301 0.61007148
    0.814890385 0.194105238 0.250016123 0.22627005 0.0121705532
    0.37841928 0.491091669 0.814128041 0.18359974 0.192409068
    0.240492702 0.770416856 0.461235642 0.678328395 0.370178223
    0.05112198 0.346661806 0.286707103 0.847126305 0.738601446
    0.354640722 0.0444016755 0.00214064121 0.845113397 0.349738657
    0.190759152 0.628893197 0.568530142 0.257377386 0.293212652
    0.879126191 0.571169138 0.148008257 0.138872474 0.299334347
    0.00130918622 0.128853947 0.910984457 0.137955397 0.509659469
    0.305885255 0.601328254 0.332055598 0.791988015 0.0502453446
    0.1965065 0.493246436 0.925987005 0.848335862 0.638700068
    0.419031531 0.644356012 0.845626414 0.746391892 0.66272068
    0.750131249 0.95796597 0.342125505 0.1834611 0.866114378
    0.0456765592 0.794627488 0.0722503066 0.283036888 0.272946954
    0.266729057 0.627692461 0.120673865 0.0351529717 0.108380437
    0.849444628 0.0679821074 0.292683214 0.9500103 0.985099494
    0.0248201489 0.138778955 0.0201276839 0.70129621 0.717226982
    0.324870825 0.932195067 0.000575244427 0.463119179 0.162556946
    0.27497983 0.205132425 0.794375777 0.805088282 0.913164616
    0.927754879 0.0344660878 0.157612175 0.856145978 0.740419865
    0.686699986 0.772430062 0.999935508 0.340131402 0.53611201
    0.646487832 0.858278871 0.57049793 0.697522163 0.277216136
    0.00763136148 0.345505178 0.472168565 0.839134514 0.0143006444
    0.297621787 0.663003445 0.411159486 0.807142437 0.0220437646
    0.617735386 0.134679466 0.125556439 0.184449166 0.0205953121
    0.269112051 0.868453145 0.891987085 0.821588159 0.267501026
    0.98315227 0.567651272 0.120592088 0.143788755 0.28479746 0.69945848
    0.635868311 0.0519196689 0.119203627 0.778172195 0.397215843
    0.753224134 0.411395073 0.401845813 0.762596011 0.788708687
    0.403940886 0.441040665 0.256983519 0.45288071 0.562679827
    0.314802259 0.854230165 0.433257282 0.0254475176 0.0422645509
    0.352612585 0.752910256 0.297358274 0.144320965 0.804142594
    0.808010101 0.882138371 0.971042395 0.508301675 0.0393475294
    0.430148184 0.997439623 0.951279104 0.131932884 0.357916772
    0.748221099 0.423779368 0.150102735 0.61913836 0.203525096
    0.968328893 0.206855893 0.84386158 0.383044988 0.656723559
    0.808485031 0.681162 0.757490635 0.126418054 0.738492489 0.425552219
    0.688131452 0.853777349 0.344673276 0.197632998 0.662029266
    0.908866584 0.543347359 0.0839703977 0.334657013 0.613365591
    0.468774527 0.943278134 0.705097616 0.718669116 0.551333368
    0.331087172 0.723257244 0.404565364 0.262256652 0.990569711
    0.0041744709 0.0554274023 0.21097976 0.426690578 0.210117877
    0.630879641 0.668756127 0.742244184 0.285298407 0.00118049979
    0.141109139 0.471406996 0.840193629 0.527848244 0.833098412
    0.422209173 0.179106325 0.796467662 0.332069993 0.809435844
    0.160092264 0.476565391 0.460326791 0.186732322 0.824509621
    0.297735095 0.298467398 0.104521692 0.890069723 0.0596666336
    0.838778257 0.285063505 0.408089906 0.00288015604 0.505148411
    0.510556519 0.0864166319 0.711849511 0.93503803 0.483425945
    0.00366279483 0.514284611 0.853435278 0.38183412 0.661300242
    0.725335956 0.0105426908 0.432292819 0.954949737 0.476470232
    0.989683032 0.381507725 0.454385459 0.26082781 0.906206369
    0.900702953 0.121047199 0.872109294 0.17147696 0.375786841
    0.230137497 0.225292265 0.824115753 0.946192205 0.609223485
    0.399955422 0.918665886 0.148401171 0.930045366 0.44153741
    0.368177533 0.894904256 0.674607158 0.528778315 0.48144725
    0.595098913 0.300609052 0.785427451 0.0932486057 0.135189325
    0.931993246 0.73238945 0.229728669 0.795058966 0.756598592
    0.819865525 0.676451445 0.181985766 0.955382526 0.518697202
    0.250534952 0.453063428 0.92322886 0.982412338 0.464419007
    0.243149906 0.598027468 0.706231773 0.691374242 0.0748091042
    0.527657986 0.675942063 0.354450107 0.83812654 0.686186194
    0.778904319 0.124074876 0.851594448 0.0328994095 0.062438935
    0.545179129 0.0822863579 0.809215069 0.155142903 0.196963519
    0.561623037 0.211613804 0.663970768 0.825876117 0.292745739
    0.967652977 0.270693779 0.271177888 0.035200417 0.348547697
    0.614196122 0.30567947 0.726758063 0.817001224 0.174565822
    0.34751761 0.730496407 0.881309032 0.326700538 0.97570765
    0.186072022 0.567112029 0.355701327 0.881336689 0.669595003
    0.111856848 0.444277585 0.532839537 0.981222391 0.656709313
    0.0884941518 0.307704479 0.560075819 0.386972815 0.478218824
    0.242765963 0.665355563 0.67290771 0.384077519 0.781390488
    0.865558803 0.00243729353 0.669160068 0.122073531 0.491269052
    0.680854619 0.0665456653 0.396607816 0.213937193 0.177152187
    0.957871139 0.971467018 0.304201335 0.0204818547 0.0691846907
    0.528678954 0.680634737 0.321369827 0.749775887 0.165217221
    0.081096828 0.74819088 0.650575101 0.777787924 0.114747405
    0.367346883 0.137566447 0.479208201 0.935180068 0.303135335
    0.149186164 0.896215081 0.426601946 0.597840548 0.122409374
    0.338308156 0.332120657 0.190761864 0.667858601 0.0629063249
    0.726305008 0.688981771 0.294169545 0.287889421 0.231106073
    0.750371814 0.325971484 0.603706062 0.935985446 0.693429708
    0.956866801 0.023598969 0.696329713 0.953953147 0.867657661
    0.78061986 0.957703233 0.234499216 0.358243406 0.66366607
    0.848752737 0.497517645 0.833497882 0.201334655 0.454099387
    0.101087749 0.540489078 0.0141638219 0.510356963 0.328049242
    0.478389829 0.35029164 0.807182193 0.567770004 0.7248016 0.230168015
    0.884574294 0.471894056 0.290420413 0.875750184 0.830169439
    0.784649134 0.0190664232 0.750132263 0.574038386 0.867388248
    0.239098579 0.218010157 0.582947135 0.534796119 0.991637111
    0.405806184 0.737400115 0.809314251 0.831357479 0.802717328
    0.0464504957 0.123894751 0.788933098 0.808638453 0.660026073
    0.237264276 0.916867375 0.903791308 0.561377943 0.203664839
    0.693370283 0.531978667 0.424299896 0.759102941 0.13609162
    0.759760141 0.497397393 0.327315688 0.312635303 0.006010741
    0.640099585 0.153504729 0.191190004 0.736960053 0.231571913
    0.191710174 0.994981408 0.901859641 0.288337171 0.888797164
    0.571063638 0.5964396 0.464523256 0.567893505 0.45828855 0.538597524
    0.3437334 0.68316704 0.702249289 0.959944248 0.944466174 0.384348989
    0.884010613 0.778310776 0.549199224 0.405913293 0.617210329
    0.261257768 0.404118359 0.235250443 0.449380279 0.715298653
    0.350067437 0.85052979 0.382064342 0.0346680582 0.820906937
    0.223203689 0.953583658 0.841455936 0.469233125 0.206788182
    0.927888632 0.553736925 0.901403606 0.829870701 0.509271681
    0.241969973 0.690886021 0.18950066 0.0607403815 0.789165676
    0.2364209 0.678094327 0.778522253 0.153430879 0.511249304
    0.449899197 0.721287668 0.267601192 0.681871176 0.385616332
    0.42080912 0.449297071 0.693615079 0.0162114203 0.177338749
    0.982324481 0.836636782 0.655186832 0.797927618 0.536255002
    0.913705587 0.047527492 0.659229696 0.338761687 0.699846625
    0.697393894 0.466580033 0.0429031253 0.194031298 0.377061278
    0.569674671 0.43088001 0.211805224 0.296576738 0.567708194
    0.462640971 0.236434102 0.629248977 0.170517355 0.581865907
    0.903036833 0.90612042 0.512060523 0.957578778 0.579223454
    0.868511856 0.845343828 0.884914875 0.91149652 0.925589442
    0.820312023 0.834162235 0.989535213 0.246096104 0.489925206
    0.722177744 0.462271035 0.325178981 0.620938182 0.896101236
    0.780224979 0.180429012 0.745445967 0.10155952 0.525471628
    0.150701135 0.941485226 0.92580235 0.564205587 0.0245562792
    0.220719963 0.481740862 0.36049059 0.375060827 0.249825209
    0.140006751 0.138209492 0.0294547081 0.326871693 0.178260773
    0.727061033 0.697450221 0.509278357 0.450971633 0.872861266
    0.758852482 0.500398457 0.169905782 0.271559 0.882023692 0.242581874
    0.510022998 0.884478331 0.706938028 0.902963758 0.218115062
    0.73890394 0.308930367 0.954673648 0.934497118 0.643930972
    0.857500911 0.555455029 0.558433294 0.494292408 0.523448527
    0.0795136094 0.544237733 0.0336677134 0.422686517 0.0131419003
    0.331443727 0.79823041 0.17400372 0.775206447 0.401005685
    0.396605074 0.876563072 0.585299015 0.835714698 0.698223174
    0.132551581 0.311302781 0.513270736 0.722391844 0.728530645
    0.80374527 0.111701161 0.89209497 0.436441809 0.521585643
    0.320575953 0.866130114 0.456169724 0.78476876 0.781256318
    0.558887303 0.87436831 0.130442709 0.303916693 0.704841137
    0.018561244 0.582042813 0.40629527 0.092374295 0.772756517
    0.40659681 0.850270867 0.385331333 0.295566499 0.989895225
    0.92068851 0.0961403847 0.522466779 0.968729794 0.088838309
    0.612457991 0.827781081 0.0595693588 0.656120539 0.503641784
    0.398995459 0.106683016 0.483415604 0.663554549 0.578107953
    0.322671205 0.702432036 0.856036425 0.438015759 0.716411829
    0.764816046 0.993306518 0.640269041 0.746989846 0.498503894
    0.91208601 0.454843819 0.737065196 0.98918891 0.928476036
    0.246738553 0.0578104258 0.877113581 0.350214541 0.218967855
    0.933413744 0.524540663 0.495602459 0.116276741 0.0806952417
    0.491220057 0.472172886 0.143776327 0.332538843 0.351313263
    0.0388271213 0.742449999 0.80447185 0.768189907 0.144807577
    0.132286787 0.213543087 0.241323948 0.4032408 0.0900613368
    0.640111446 0.0561598837 0.250076026 0.81436187 0.788689673
    0.200284541 0.379567236 0.965777338 0.90484333 0.290701509
    0.789965034 0.849360585 0.211580038 0.159306169 0.782009363
    0.560908437 0.97312963 0.221848786 0.698523283 0.560722768
    0.449284703 0.905503154 0.232402712 0.780002594 0.175606608
    0.168583959 0.581009328 0.266029686 0.712785244 0.470219582
    0.279318184 0.918804228 0.62969178 0.168385863 0.287267387
    0.921339989 0.675836861 0.83457619 0.736466825 0.925715208
    0.488734156 0.524799168 0.502500296 0.453516454 0.118056476
    0.944125473 0.712879062 0.493268311 0.207564414 0.844448924
    0.552942455 0.461610377 0.797804117 0.464468151 0.577820301
    0.73313731 0.15782547 0.347104222 0.360507488 0.620202541
    0.810842037 0.059663564 0.282839239 0.533113003 0.591323912
    0.143439084 0.95275712 0.834368229 0.0217615366 0.537449837
    0.411272466 0.445231259 0.986503541 0.996111155 0.991096139
    0.861020088 0.528941751 0.107168525 0.474342942 0.389262795
    0.828784943 0.639908433 0.0948839188 0.130511254 0.0528216362
    0.570530593 0.27153492 0.783868253 0.511835337 0.116924852
    0.581785738 0.215396285 0.297660172 0.348561704 0.14672327
    0.718027949 0.194143385 0.351388037 0.0708108246 0.706758976
    0.670008004 0.11418736 0.49335584 0.932067633 0.122325927 0.53227222
    0.901715457 0.0359766185 0.909134507 0.556514919 0.340318292
    0.896117747 0.156579942 0.518822134 0.029968828 0.866835833
    0.940964818 0.205250055 0.0576430261 0.164453238 0.763552666
    0.860474229 0.863807797 0.128137439 0.438812077 0.316399425
    0.647635221 0.80055964 0.933245897 0.740083635 0.356965184
    0.0507897139 0.120530576 0.506594777 0.642691731 0.336291224
    0.834044218 0.718584299 0.880934238 0.103912413 0.710146666
    0.911742568 0.658102334 0.129893392 0.773155332 0.836033225
    0.932587206 0.462386996 0.213059843 0.102828979 0.922400475
    0.764078379 0.258622915 0.0169278085 0.204800248 0.944489837
    0.0999870598 0.0738311708 0.68119657 0.930513144 0.372616649
    0.0268152058 0.527013898 0.612453938 0.840176702 0.464609027
    0.19797641 0.840873718 0.401739925 0.159435987 0.46401003
    0.959865689 0.456937462 0.364747584 0.11933434 0.291197181
    0.988675356 0.976968646 0.674139798 0.686247289 0.479546368
    0.768828392 0.32419759 0.798948407 0.606423318 0.209168881
    0.0189462304 0.472705781 0.792348385 0.361682594 0.768907309
    0.312759042 0.493090123 0.117986649 0.458373159 0.973244369
    0.576942503 0.446009547 0.614399314 0.336776912 0.0219990909
    0.0372692645 0.745164096 0.495763302 0.30985564 0.445538819
    0.0459264517 0.166445196 0.525792062 0.487330437 0.402091503
    0.678553224 0.615875244 0.542467654 0.488336593 0.0513243973
    0.47978887 0.714298666 0.825845301 0.0229471624 0.158381432
    0.526853263 0.354471624 0.0776097178 0.291700363 0.0779246092
    0.874292195 0.501450241 0.097794801 0.186458826 0.881323457
    0.542517722 0.614122391 0.0274069905 0.501456857 0.516441047
    0.677820086 0.271183878 0.405145258 0.166265458 0.890249968
    0.729551315 0.68542254 0.122538626 0.26442647 0.072694242
    0.415872395 0.871520162 0.465002656 0.804575682 0.433319181
    0.266468048 0.912734151 0.711844742 0.0773454905 0.461013794
    0.482462376 0.57974577 0.350462943 0.672887683 0.578620672
    0.595037699 0.587060809 0.872621298 0.00294390321 0.407733768
    0.106598675 0.221042693 0.128207505 0.815919518 0.814281464
    0.683027625 0.285080671 0.7765944 0.748093665 0.542544603 0.72880429
    0.506878555 0.353002071 0.0266919136 0.0665791333 0.276300371
    0.193762749 0.170629501 0.331139207 0.116869956 0.544084489
    0.749402106 0.348284543 0.342823684 0.186894506 0.200747639
    0.0453019142 0.94952625 0.369238496 0.360895455 0.426861584
    0.827661335 0.318749487 0.532081485 0.758302569 0.126575023
    0.141404569 0.575141668 0.236377835 0.938021421 0.695884347
    0.642857432 0.80175674 0.767523289 0.474659026 0.71402657
    0.353454113 0.669286132 0.754623413 0.989159584 0.520874619
    0.691054225 0.0181414187 0.623659849 0.738997936 0.98952204
    0.977538526 0.666655838 0.406580627 0.250089765 0.469377965
    0.252832383 0.822515368 0.899352372 0.285749316 0.620214224
    0.906863272 0.954127789 0.676833332 0.264961988 0.0636044145
    0.436386913 0.977506042 0.878061891 0.606120229 0.0894955397
    0.962181091 0.108716279 0.150458932 0.879095078 0.333024323
    0.657403469 0.973173857 0.608336985 0.404449701 0.0993422568
    0.261113286 0.0136618614 0.641878247 0.85187459 0.00381463766
    0.311448336 0.642744184 0.0124808848 0.27265203 0.336847067
    0.0597447753 0.942702174 0.824133217 0.191467702 0.918251753
    0.0122168958 0.0488352776 0.0609762669 0.519130826 0.314330637
    0.851688266 0.0377910137 0.474606723 0.947017848 0.852027535
    0.776523709 0.402130008 0.911797106 0.0976506174 0.294855356
    0.232579201 0.103889406 0.416395962 0.410887182 0.476899028
    0.550526023 0.530969918 0.970748007 0.941340446 0.108191997
    0.590643287 0.757575512 0.140248507 0.976891994 0.133266121
    0.717785358 0.758653045 0.986268759 0.708863497 0.057125479
    0.851644278 0.181047857 0.422517538 0.438242227 0.828827739
    0.257794291 0.9966079 0.978995323 0.720951557 0.505987823
    0.984023213 0.133121043 0.690819383 0.595374346 0.142434835
    0.00405144691 0.842547655 0.377519876 0.150030643 0.489749491
    0.357806116 0.415914476 0.746460259 0.523466468 0.791906476
    0.549227118 0.328504264 0.00427186489 0.756995618 0.505793989
    0.231584877 0.246919394 0.372560263 0.673379183 0.412501067
    0.031581372 0.529722512 0.743536174 0.508266807 0.666329861
    0.342378795 0.915595651 0.507186949 0.671846807 0.866975784
    0.727218151 0.229689628 0.911619365 0.449288428 0.054862529
    0.634772539 0.911387801 0.111461639 0.540343761 0.517401338
    0.452508837 0.190192103 0.0498607159 0.666674078 0.848152518
    0.00330457091 0.0333291292 0.710566878 0.367459834 0.321097851
    0.0189683735 0.354510605 0.00528103113 0.98323226 0.747979283
    0.893158436 0.179308861 0.554264724 0.806313157 0.172355533
    0.828823328 0.921457767 0.586866021 0.502655149 0.0316646695
    0.0697136223 0.938074648 0.0714645684 0.521755457 0.570889652
    0.661977768 0.344804049 0.860589862 0.320839256 0.07931903
    0.466646791 0.821005166 0.028195858 0.208043694 0.507459879
    0.978837609 0.476216435 0.196094126 0.669662774 0.18619141
    0.678659856 0.943831563 0.619913399 0.608204126 0.00100693107
    0.0658492148 0.294960588 0.286407381 0.292794943 0.84375608
    0.98893714 0.0557070673 0.443229765 0.19074437 0.707865655
    0.219130337 0.58448267 0.575947344 0.632546484 0.0225052238
    0.559492171 0.925307214 0.401227653 0.683619976 0.668862581
    0.470766664 0.331813753 0.889102221 0.765927792 0.696568847
    0.181382746 0.653955758 0.0703154206 0.939971626 0.408266872
    0.382088363 0.844841361 0.530655086 0.894583225 0.746624172
    0.354870737 0.345762789 0.534265041 0.451308548 0.121436805
    0.632304311 0.47260046 0.595276296 0.770065308 0.465474695
    0.644673347 0.203407705 0.971048355 0.762035489 0.436941981
    0.716960728 0.983516216 0.815518737 0.113293529 0.489821941
    0.920620859 0.216848433 0.361139297 0.167766035 0.242702067
    0.202989846 0.928999186 0.561054051 0.557019532 0.437733918
    0.867962062 0.951344967 0.159628958 0.223037541 0.809324265
    0.417401612 0.956490278 0.78677243 0.694402695 0.107312888
    0.729033291 0.779454529 0.595755398 0.0760861635 0.161358774
    0.484071821 0.087510854 0.885692835 0.673701108 0.709041476
    0.979985476 0.680063665 0.790942907 0.854626536 0.499622494
    0.24415797 0.464470357 0.416306853 0.106599629 0.435301483
    0.886496067 0.857950509 0.168767273 0.265235186 0.408388644
    0.525500774 0.710099459 0.249717176 0.380073875 0.110167295
    0.343177021 0.030772686 0.779959261 0.700062633 0.505525887
    0.571037173 0.740408301 0.499331951 0.787979007 0.187979043
    0.534240127 0.466316342 0.267004609 0.157182574 0.803295374
    0.545857787 0.850491226 0.794803858 0.24123919 0.114899784
    0.274437129 0.413541436 0.768430233 0.836394072 0.0732060075
    0.088455379 0.0382343233 0.416218042 0.247064143 0.315172255
    0.375638604 0.0907379389 0.424253225 0.819261432 0.482826382
    0.990775228 0.381943703 0.773949146 0.137632042 0.0599347651
    0.928448319 0.696511567 0.360326529 0.926855803 0.415083736
    0.57660675 0.995231032 0.733230412 0.022064209 0.385052323
    0.121818602 0.298837364 0.210965902 0.0939069092 0.613230705
    0.0903124511 0.0350832343 0.441025823 0.699901223 0.361783504
    0.0225422382 0.422338307 0.648226261 0.0666256249 0.770627677
    0.862090826 0.591586292 0.782909095 0.97007066 0.250065148
    0.632486045 0.454694837 0.243540794 0.35235095 0.689744711
    0.368626416 0.849263072 0.332942367 0.563987017 0.304549038
    0.30279243 0.610036671 0.520821333 0.96524024 0.875473201
    0.831322014 0.507628202 0.0915430486 0.803781152 0.914918661
    0.717308819 0.491639256 0.678267479 0.225586742 0.279133081
    0.534381032 0.289865434 0.30614388 0.77842474 0.616164148 0.35662663
    0.928091347 0.771909356 0.126749635 0.81550777 0.997039318
    0.0109972656 0.539567351 0.297383308 0.597078085 0.450008571
    0.584924936 0.269609571 0.72210741 0.798882842 0.0817302763
    0.784445286 0.632382631 0.16429311 0.858268619 0.485904098
    0.841155291 0.607735217 0.215763986 0.980224729 0.452119499
    0.0404307544 0.376601696 0.53718257 0.765908301 0.362206519
    0.219867587 0.269461691 0.0595161617 0.975862324 0.344741702
    0.233411342 0.448386729 0.44489634 0.670959055 0.0683860481
    0.439282835 0.841812372 0.526405394 0.121817797 0.456636339
    0.318010569 0.398875773 0.887982965 0.214055955 0.0348215103
    0.843758702 0.0626960695 0.985167742 0.792525887 0.193260908
    0.235758245 0.594286263 0.0641697347 0.225605488 0.52511102
    0.686240077 0.831075072 0.467803657 0.343731344 0.769985557
    0.199315488 0.342976451 0.89489162 0.403517872 0.654956758
    0.412779272 0.558482409 0.53851819 0.968195915 0.033508718
    0.0750136375 0.0313484073 0.740604997 0.828108966 0.166570574
    0.0910514295 0.922459364 0.99001646 0.430979222 0.39515841
    0.070176512 0.856281638 0.562585831 0.751769841 0.620245636
    0.633273363 0.457946092 0.0192828774 0.217748821 0.504219413
    0.608481288 0.132781476 0.298534334 0.94303906 0.248418629
    0.313781559 0.165029675 0.0248571634 0.409055054 0.0623497069
    0.731169701 0.428675592 0.523049891 0.794279099 0.317094326
    0.664552927 0.349103868 0.443396926 0.792535484 0.444118917
    0.735374689 0.350179821 0.185406983 0.370018244 0.0606283844
    0.0785465837 0.227010697 0.676719368 0.500558734 0.965254307
    0.890909493 0.917513072 0.634935975 0.134306192 0.728115082
    0.781566024 0.42942524 0.637010455 0.30624485 0.435403049
    0.212940842 0.217871934 0.725058556 0.346157759 0.161022633
    0.892565727 0.0326670408 0.570610881 0.502667129 0.421106458
    0.98310715 0.309260696 0.782265484 0.72475934 0.552468419
    0.234765649 0.39341417 0.760870218 0.41369468 0.680418968
    0.792380869 0.355062604 0.947330952 0.0678730905 0.608970523
    0.714761376 0.621939123 0.730713129 0.591159046 0.128611714
    0.760811985 0.0644946396 0.565615773 0.763089657 0.368918806
    0.969839811 0.720492423 0.165772349 0.366486192 0.253188193
    0.104748517 0.137143224 0.438610524 0.258915484 0.978108406
    0.154502481 0.512937963 0.281994343 0.809539914 0.309340596
    0.529079318 0.925997496 0.911792576 0.27019766 0.456766516
    0.988213003 0.590271831 0.835618854 0.126961529 0.931913733
    0.210077733 0.875001669 0.905135572 0.881388009 0.633864701
    0.532492518 0.335742295 0.892435372 0.630136907 0.410120279
    0.630604327 0.265543699 0.24823314 0.503824234 0.227092892
    0.506083965 0.22170195 0.907393336 0.18420127 0.322812438
    0.0816546679 0.569002748 0.349213123 0.577375889 0.719003677
    0.872096658 0.501335144 0.969808221 0.865203857 0.42703408
    0.882798672 0.719496846 0.0933549106 0.733942389 0.42141974
    0.981138706 0.946248651 0.82143867 0.20372963 0.668194771
    0.534536421 0.807895005 0.188672066 0.639526963 0.92283535
    0.690561295 0.835990667 0.269853234 0.568348169 0.787548184
    0.259374917 0.704812288 0.772506833 0.0571660101 0.557282448
    0.62047112 0.740586281 0.561251521 0.325503826 0.469486028
    0.113970846 0.360394835 0.663005412 0.0333326459 0.929368138
    0.680270076 0.894360542 0.267520845 0.503503263 0.742975414
    0.741439104 0.563983679 0.77022469 0.865923405 0.622806132
    0.84196341 0.190578312 0.783899724 0.686231256 0.281738818
    0.406250566 0.67281276 0.880472422 0.164010733 0.01042068
    0.344096124 0.668846369 0.460530877 0.262775183 0.236325413
    0.836263657 0.8950755 0.0466833711 0.937833965 0.159044951
    0.237710565 0.585888863 0.786163092 0.945652604 0.485179156
    0.57990247 0.852311611 0.47484374 0.0351924896 0.158340096
    0.309876233 0.786312878 0.0943142474 0.818300843 0.916665137
    0.892679513 0.413691998 0.243389785 0.973789573 0.876648545
    0.603534698 0.0276643038 0.553910494 0.295028746 0.319258869
    0.0160008967 0.243295848 0.788009703 0.847926855 0.532475173
    0.912232518 0.610258043 0.141277134 0.0584360957 0.490499347
    0.809020281 0.525371671 0.663775325 0.716637552 0.690021634
    0.579078913 0.135395736 0.373916537 0.39094308 0.597603858
    0.997252345 0.441020161 0.53442049 0.724063396 0.218649685
    0.882124305 0.39205566 0.703691125 0.514325202 0.78518194
    0.748747945 0.20508644 0.530729055 0.0957194567 0.286168039
    0.567964971 0.955048442 0.155329645 0.629829884 0.70477891
    0.958154857 0.415865391 0.971029401 0.743151963 0.0549589097
    0.237737387 0.907857418 0.114586741 0.892594516 0.673687875
    0.0186411738 0.651993871 0.265582502 0.185259283 0.691926003
    0.0101749301 0.31385985 0.315873325 0.950384676 0.12219578
    0.540529609 0.919481456 0.867122769 0.497295558 0.0625603199
    0.879632115 0.0480693281 0.570649147 0.391814232 0.173569322
    0.228444964 0.737087011 0.240981877 0.208857447 0.441427141
    0.144064218 0.840366602 0.21026507 0.979020536 0.93558085
    0.170800447 0.151253194 0.308427393 0.364655733 0.111905128
    0.34586966 0.463001847 0.66172421 0.865420401 0.0701302588
    0.201131821 0.932452083 0.193143129 0.587890863 0.205696911
    0.676581681 0.727737248 0.742210746 0.314308405 0.467762291
    0.642709434 0.838645279 0.777549207 0.913781404 0.692612648
    0.884251118 0.402201056 0.795317054 0.10790661 0.158726186
    0.151376128 0.801600456 0.824434817 0.451910824 0.538511753
    0.7930758 0.166220069 0.320907056 0.81436342 0.90076077 0.235078543
    0.321449548 0.700666368 0.445279717 0.631872535 0.0117912889
    0.808433056 0.659704924 0.109221131 0.889509201 0.373806775
    0.0957733989 0.822815835 0.957973778 0.154358834 0.94847703
    0.217884213 0.626640439 0.392749101 0.0315547884 0.532995701
    0.0900227726 0.446396232 0.84283638 0.657163739 0.300216794
    0.417228222 0.998256683 0.741561711 0.892687321 0.653865933
    0.0453583002 0.138696194 0.756691515 0.840134919 0.424402416
    0.152452201 0.76952529 0.914760351 0.287562549 0.0264991522
    0.610718608 0.552215636 0.335680455 0.0833100379 0.492563933
    0.949999809 0.659683168 0.964207888 0.125383288 0.515401483
    0.926436424 0.718412995 0.47365129 0.16697818 0.933991075
    0.652025163 0.510549426 0.584161282 0.709994853 0.423435777
    0.643460512 0.25818038 0.254063368 0.0652940869 0.349034548
    0.292721599 0.832231641 0.281858176 0.76911509 0.690427542
    0.0028192699 0.155294597 0.507725298 0.966174245 0.621949613
    0.401572704 0.25979048 0.967463493 0.136838853 0.336685777
    0.364583552 0.0164807737 0.543518841 0.484576494 0.837830305
    0.336821288 0.0644181669 0.266649216 0.756622791 0.870699167
    0.372807324 0.269078821 0.717992127 0.984062433 0.264108628
    0.0984012485 0.515860736 0.574068904 0.718785226 0.972729743
    0.522330344 0.236041903 0.264756709 0.338899791 0.230673373
    0.798113704 0.964936733 0.250367939 0.250759691 0.607691586
    0.75913769 0.638009965 0.410822362 0.693278551 0.761671782
    0.346652806 0.770421982 0.924116194 0.993618846 0.393510461
    0.593414426 0.956885695 0.694606662 0.361150205 0.639937222
    0.355740309 0.428691208 0.878073215 0.0865823328 0.743153453
    0.723869383 0.133118212 0.313914359 0.901453555 0.362149596
    0.22100836 0.604145169 0.695052922 0.173255295 0.532547474
    0.391504109 0.75780195 0.691258073 0.393995881 0.247960746
    0.435748994 0.95148176 0.292054981 0.686350346 0.614366233
    0.72579205 0.183989137 0.134619027 0.20821479 0.116449803
    0.360971868 0.547389984 0.562795281 0.26086694 0.535714209
    0.661738873 0.271379441 0.0546579957 0.291670084 0.817435384
    0.914886415 0.774259448 0.200029284 0.63190937 0.586532056
    0.437675685 0.440102994 0.790679216 0.282134831 0.0182220638
    0.843634427 0.546646833 0.470835567 0.749471366 0.297720224
    0.0552539527 0.177164137 0.903698683 0.0114024878 0.551156998
    0.830061913 0.579214811 0.297046244 0.126613319 0.780307174
    0.242881715 0.441743076 0.182554364 0.240549028 0.140562028
    0.303607166 0.935018837 0.965738773 0.208771378 0.634951472
    0.946117401 0.861248374 0.0216537118 0.253123701 0.134330273
    0.390271485 0.688296199 0.444625139 0.391855776 0.632023036
    0.439076841 0.907880187 0.772459269 0.698275566 0.836440325
    0.18158716 0.616376638 0.825349391 0.248348355 0.696024179
    0.27660802 0.454453588 0.56525737 0.536176026 0.0980292559
    0.569279373 0.319378734 0.304378331 0.315973401 0.49023515
    0.701160073 0.368806958 0.188885987 0.322201192 0.866986752
    0.0955493748 0.79759115 0.0804985166 0.356338501 0.273593366
    0.430636495 0.487350464 0.868479729 0.96072638 0.688829184
    0.471749634 0.426982939 0.512443721 0.16424939 0.0335385799
    0.92220962 0.141001105 0.643112659 0.419964969 0.537417054
    0.0972070098 0.647327185 0.574534833 0.131360859 0.42422536
    0.406828225 0.141403258 0.308750391 0.430579305 0.85362947
    0.421602488 0.346211642 0.277018547 0.557007909 0.393471092
    0.232601017 0.155379295 0.608156145 0.923711061 0.228037506
    0.956091344 0.566136718 0.540337503 0.594389081 0.752640724
    0.498094767 0.631626666 0.484548956 0.652242541 0.481702119
    0.321577787 0.4795416 0.0314317048 0.767146647 0.111212552
    0.781116009 0.291242868 0.661885321 0.883570075 0.577849865
    0.525648296 0.424175024 0.264826 0.574756265 0.524047256 0.654925168
    0.268076003 0.344845831 0.991803527 0.0757569969 0.0278600752
    0.361192346 0.0803754926 0.210283428 0.291726291 0.974638641
    0.451944083 0.212467283 0.468033433 0.867992818 0.166845143
    0.722004116 0.628771186 0.294216037 0.362043649 0.484717399
    0.485851109 0.113835454 0.546571732 0.686692059 0.104562253
    0.82228291 0.552449584 0.481846422 0.432831973 0.57494092
    0.309569657 0.30237934 0.86190021 0.905830979 0.314433485
    0.921285629 0.157660633 0.171029419 0.300826371 0.263037771
    0.450225919 0.819398701 0.956232667 0.546746612 0.28405261
    0.622208834 0.757805645 0.844528735 0.208282769 0.803981245
    0.272284329 0.481267482 0.841671646 0.212720215 0.224522144
    0.385666072 0.451572388 0.789408803 0.112217575 0.400164723
    0.113528997 0.281415433 0.771639705 0.578387976 0.944820285
    0.338279188 0.855514348 0.316330969 0.678750575 0.199337274
    0.180082023 0.872973263 0.173195869 0.507814407 0.428842127
    0.14568451 0.115907043 0.336300313 0.0836372375 0.509315073
    0.563438177 0.105093151 0.546825528 0.0447329879 0.10770148
    0.389897108 0.911258936 0.69813621 0.586768925 0.69667989
    0.447115302 0.566381097 0.414175332 0.117701113 0.321773946
    0.964224458 0.447519422 0.770526648 0.302109241 0.194809973
    0.824888349 0.525621891 0.941778421 0.316760093 0.302839994
    0.789353132 0.462020665 0.475070208 0.520634472 0.592792034
    0.888592184 0.535852551 0.292688549 0.807286918 0.586123109
    0.33716321 0.0837549269 0.132276714 0.18796882 0.222830862
    0.752446055 0.552820742 0.672872186 0.551644623 0.581302762
    0.534837365 0.759977341 0.244741797 0.220231891 0.424255461
    0.171458036 0.690979838 0.00542604923 0.276149571 0.996725082
    0.572839558 0.906697989 0.811084867 0.627209008 0.932991683
    0.779732049 0.854907155 0.849538326 0.118424982 0.508583724
    0.573082507 0.97668016 0.777590334 0.533005059 0.14235571 0.24797827
    0.957974315 0.702906787 0.646991849 0.772959232 0.501147389
    0.946308851 0.00970038772 0.830309927 0.426596314 0.709967136
    0.471450776 0.197107166 0.475189477 0.509301066 0.634167075
    0.180818409 0.298571229 0.833804131 0.262626827 0.51884234
    0.343432963 0.549944758 0.633445203 0.265174329 0.752164304
    0.313949525 0.528117657 0.555799603 0.0995793939 0.656987429
    0.1613065 0.533765078 0.332366943 0.848749161 0.720307827 0.85037154
    0.986514091 0.0373719037 0.599977255 0.858178377 0.0883630812
    0.0190840364 0.182969242 0.134977967 0.79980731 0.804172516
    0.806579947 0.146762431 0.627327204 0.89442265 0.254177898
    0.305133343 0.668192625 0.26551652 0.649363697 0.503208935
    0.62096101 0.661183119 0.140917778 0.146731883 0.751835108
    0.462882698 0.790908456 0.950975478 0.66157335 0.317336738
    0.576213896 0.690510631 0.764435112 0.918527246 0.841898084
    0.229442865 0.635438681 0.674505472 0.0131761432 0.429010153
    0.270080745 0.461541295 0.972643733 0.770937741 0.690857768
    0.641859412 0.931615233 0.852455199 0.662333965 0.121420532
    0.302684784 0.289503366 0.215740949 0.882797658 0.0946739614
    0.511330366 0.495062143 0.260284573 0.699284375 0.32704097
    0.41958636 0.807565331 0.997426391 0.381250799 0.432565033
    0.276390523 0.537705064 0.385844737 0.103239149 0.196175009
    0.914243042 0.583705544 0.337851286 0.768921971 0.382835686
    0.2093952 0.411092192 0.124091834 0.3025949 0.57202971 0.874834418
    0.624666393 0.179642856 0.174961716 0.987866938 0.146526426
    0.16766277 0.0912706554 0.979313195 0.80350399 0.446333945
    0.998833477 0.236719936 0.174757957 0.514790356 0.853299558
    0.557537258 0.143984735 0.954102755 0.611196041 0.98149085
    0.160111398 0.730260134 0.188817352 0.795848846 0.370278358
    0.445590347 0.947033107 0.724900842 0.13275978 0.312167764
    0.270213425 0.244346738 0.497784644 0.394508749 0.518047631
    0.395233989 0.633180618 0.903851986 0.806386471 0.217546523
    0.40970403 0.0516121387 0.775741577 0.280374497 0.300567329
    0.853261709 0.815148771 0.586815357 0.0900973976 0.649414241
    0.0289003253 0.879088283 0.984841585 0.872852981 0.135349363
    0.265060812 0.0366013646 0.109638304 0.304051578 0.834344089
    0.202201992 0.113855958 0.538469017 0.416354299 0.362758845
    0.282035232 0.946210206 0.101852983 0.19554776 0.363836408
    0.971004844 0.314723313 0.510727525 0.128992081 0.411182016
    0.247373134 0.288777471 0.157930106 0.43597281 0.651108265
    0.39229539 0.496923119 0.776259542 0.636275887 0.00622341037
    0.831082165 0.272035062 0.112424105 0.303240299 0.322457522
    0.317174733 0.679692864 0.947119951 0.740629077 0.776166201
    0.943531454 0.263053358 0.823502421 0.126372337 0.0725285709
    0.882298708 0.46660623 0.681197643 0.39954716 0.684466183
    0.979510128 0.0113022327 0.0602676868 0.95690012 0.670040786
    0.99305898 0.242935866 0.112639248 0.30797559 0.603366613 0.16897437
    0.99004066 0.775689721 0.92547822 0.19950214 0.748248518
    0.0486508906 0.384129018 0.470789999 0.72116971 0.276963472
    0.769561052 0.693336189 0.390131772 0.0556448996 0.488111377
    0.913030982 0.939609826 0.596428752 0.118527174 0.23876667
    0.402748168 0.329040408 0.404013544 0.099627018 0.890588284
    0.0370968878 0.785765111 0.0972262025 0.919781625 0.498320282
    0.0896167755 0.0931383669 0.636196017 0.370102018 0.23400104
    0.578006506 0.90776813 0.411848903 0.69545877 0.780254245
    0.136609674 0.931686282 0.293642461 0.708262563 0.848504782
    0.899784207 0.964665771 0.730772913 0.179104 0.530609787 0.796686769
    0.896396101 0.276378155 0.0953198969 0.188678294 0.216258079
    0.125507802 0.126388729 0.487036914 0.34901318 0.572586834
    0.49344179 0.271532714 0.972357094 0.548233807 0.957420945
    0.83455193 0.208026677 0.596175969 0.0136089921 0.127206266
    0.073332876 0.579328239 0.694918096 0.975240231 0.830336869
    0.25139451 0.800261378 0.988663495 0.836506426 0.905007005
    0.941175401 0.634930909 0.445276201 0.898869157 0.462670863
    0.520813167 0.719427824 0.166526705 0.477196842 0.47244674
    0.0553584099 0.87995851 0.500585496 0.666740179 0.910086215
    0.857033014 0.114565939 0.217864305 0.512935758 0.155110002
    0.38246119 0.0649183989 0.515946627 0.00991684198 0.620697677
    0.690719187 0.723774374 0.278824568 0.412173837 0.782235384
    0.271244049 0.674923658 0.0731073022 0.59455508 0.878722489
    0.591352224 0.940863132 0.950666964 0.931804895 0.666184306
    0.621245861 0.0305046141 0.111825675 0.358761787 0.84196347
    0.428404272 0.530679047 0.93576932 0.265255719 0.2999928 0.294795245
    0.65795213 0.596729159 0.169440299 0.784169853 0.720591605
    0.457301974 0.935595274 0.065800488 0.844752669 0.45798409
    0.283167839 0.149249971 0.391542554 0.63707304 0.826757789
    0.381073177 0.859175265 0.526728153 0.521863341 0.12079668
    0.911917567 0.114010096 0.443622231 0.541615963 0.533529401
    0.609889925 0.322173208 0.326202154 0.145812809 0.168429524
    0.00831827521 0.428999126 0.307705104 0.731048226 0.317553729
    0.472755432 0.701579213 0.238769174 0.638761759 0.888420343
    0.522665381 0.211674273 0.337574184 0.53292805 0.384753406
    0.424732655 0.685303628 0.913605332 0.0516166985 0.538606167
    0.124641925 0.240705073 0.0409918129 0.786287606 0.666702151
    0.670077801 0.109603822 0.648588836 0.729719937 0.529849112
    0.93713367 0.880892992 0.27269572 0.582553029 0.75222528 0.58715111
    0.602150083 0.337143719 0.983729959 0.966271698 0.0341155827
    0.970926642 0.713980436 0.190453053 0.559550643 0.228231937
    0.474058568 0.274882734 0.249559402 0.880801976 0.60801512
    0.978184044 0.524039209 0.618129909 0.608924687 0.65910697
    0.791319966 0.1194157 0.62573278 0.919583917 0.24890402 0.207836717
    0.760489762 0.983217537 0.44702968 0.434256375 0.135767162
    0.668350935 0.229936659 0.809719086 0.774706364 0.214788258
    0.698097229 0.402368426 0.891548872 0.402533561 0.00746762753
    0.599681377 0.261882246 0.667485416 0.937077582 0.625079632
    0.609347284 0.24495405 0.702595949 0.241423428 0.979426146
    0.556200385 0.857640445 0.17283687 0.0491070449 0.808849752
    0.156450957 0.284607172 0.201264322 0.928331673 0.11588937
    0.862071037 0.813059926 0.795461893 0.402377844 0.832333326
    0.159649044 0.277958274 0.447098702 0.628319085 0.97625351
    0.320053279 0.787203789 0.505179465 0.937533915 0.0108463764
    0.821306109 0.07678321 0.997691631 0.237478286 0.119860113
    0.868565023 0.62691462 0.520041704 0.366543919 0.676687598
    0.605193138 0.253567219 0.0675182939 0.976138592 0.00419101119
    0.539164007 0.992242932 0.068921417 0.437819004 0.699988008
    0.23423022 0.634833992 0.636585534 0.842433453 0.48759985 0.24631691
    0.587562025 0.769759297 0.86309278 0.0119222105 0.714594901
    0.42507416 0.719711483 0.70026952 0.369800508 0.87592566 0.334680289
    0.798532367 0.723594129 0.201328188 0.481717199 0.0135673583
    0.459156752 0.76774466 0.235142082 0.897093177 0.292224616
    0.772252321 0.289679587 0.383396029 0.966148555 0.0212325454
    0.142217666 0.206418008 0.405224055 0.316762805 0.381002873
    0.619398177 0.73480916 0.482487559 0.397114635 0.970024228
    0.810656071 0.927288055 0.904278398 0.400288999 0.98721236
    0.713049829 0.168212116 0.963018298 0.587490618 0.954470873
    0.100131869 0.820136428 0.160837591 0.330130577 0.108525693
    0.910849929 0.299442083 0.235987574 0.113093436 0.265062928
    0.835278511 0.232177734 0.884029627 0.675961852 0.661948383
    0.707217634 0.714872837 0.167131662 0.32673654 0.199950606
    0.542415798 0.698969543 0.903946817 0.294876844 0.33594659
    0.116725117 0.445387244 0.624510288 0.948008657 0.843895674
    0.400019169 0.989357948 0.260891348 0.371872276 0.0410524607
    0.761355221 0.0455926955 0.887558579 0.620616376 0.808609664
    0.691628277 0.616530776 0.141862839 0.578678012 0.120650262
    0.481814325 0.711120725 0.606271386 0.340999961 0.951775908
    0.893095672 0.802989841 0.434779942 0.0203472078 0.977989435
    0.192177922 0.91856277 0.773356676 0.314558864 0.751000464
    0.41595751 0.898533165 0.415171951 0.97287333 0.403443426
    0.987449527 0.936269104 0.391310513 0.926364183 0.560758591
    0.782302856 0.249909014 0.728732228 0.838417888 0.068995595
    0.342184246 0.0319418609 0.0362681746 0.590121269 0.370840818
    0.314110577 0.547682464 0.609777391 0.888672233 0.900089383
    0.105772734 0.181562543 0.587754726 0.334952712 0.924372911
    0.70576942 0.153749943 0.719337344 0.586853981 0.805927753
    0.852461159 0.695961237 0.180270642 0.474510878 0.662516415
    0.00483009219 0.268133759 0.913523495 0.0818089545 0.823014498
    0.543559492 0.830445111 0.330655158 0.594048619 0.317918479
    0.923892021 0.643647909 0.364241153 0.795337319 0.167272002
    0.482173324 0.170554549 0.278521568 0.69133687 0.744180262
    0.708878338 0.988140881 0.47633791 0.0979174972 0.0998599827
    0.752116084 0.837216735 0.659221113 0.328958511 0.382262856
    0.38854295 0.112156838 0.943572164 0.220539957 0.0312233269
    0.435452521 0.0317392349 0.3337318 0.811133087 0.774348676
    0.611302614 0.584757447 0.657399893 0.758669019 0.166047335
    0.27344057 0.783322275 0.99995482 0.845244527 0.805331588
    0.564833641 0.648049235 0.0293679833 0.193320632 0.171260089
    0.777937293 0.210561663 0.879662216 0.897650361 0.615959823
    0.29007709 0.144626737 0.52536577 0.114269167 0.191577673
    0.758886874 0.858557701 0.940567374 0.711062789 0.379772812
    0.540128767 0.0601506233 0.71864903 0.972910881 0.14977926
    0.581853926 0.537619829 0.304796129 0.146902204 0.50183934
    0.482434869 0.319360316 0.620048583 0.814972639 0.570865452
    0.780089378 0.0785517097 0.428687572 0.567276955 0.0490253866
    0.336602777 0.186686009 0.2838552 0.385765046 0.202245265
    0.803460121 0.119760662 0.195669413 0.530958176 0.0334949791
    0.548457026 0.933912158 0.497140169 0.713364363 0.424850464
    0.335949033 0.212869644 0.722026706 0.792236209 0.126382411
    0.160661489 0.289541841 0.0571025014 0.658192158 0.382588238
    0.262185633 0.0677365065 0.919851243 0.00343132019 0.211525828
    0.840117216 0.567047 0.883204937 0.227223396 0.429676235 0.553991318
    0.375299513 0.21314767 0.805066466 0.205302209 0.247094691
    0.856106877 0.0941711962 0.574164748 0.943843722 0.272258162
    0.249421626 0.448529243 0.696543276 0.65373677 0.0812093318
    0.908065438 0.978324711 0.466219008 0.329784185 0.356214404
    0.9735111 0.662850618 0.810432315 0.154663265 0.569567204
    0.513589025 0.36638701 0.124905556 0.896020174 0.435996324
    0.197752178 0.776151001 0.310114294 0.471731424 0.293952644
    0.767529726 0.482642293 0.907840729 0.234664232 0.107067674
    0.757517397 0.62320751 0.716341674 0.23813805 0.374421179
    0.351491928 0.306277812 0.419191331 0.482689768 0.605709791
    0.517938256 0.246261984 0.358824849 0.149694622 0.991632342
    0.586027205 0.786424816 0.757905364 0.973667264 0.0156439841
    0.129168957 0.577029109 0.121626645 0.801997542 0.643366575
    0.856096923 0.640549719 0.949114442 0.490018606 0.976261854
    0.334493041 0.529353559 0.604796648 0.163591117 0.754209638
    0.625103354 0.674629986 0.859590948 0.0317205489 0.725857258
    0.438922793 0.549030304 0.912758231 0.261186749 0.701017499
    0.786770821 0.155008584 0.530518413 0.890076518 0.762298226
    0.0433753431 0.979056954 0.725265145 0.589271784 0.778651118
    0.693398535 0.545155108 0.486046076 0.937541127 0.9518255
    0.381377101 0.186402947 0.542805493 0.0432440639 0.204293549
    0.717466116 0.715896428 0.688158691 0.413933307 0.0478053689
    0.357530177 0.852244616 0.618780673 0.335438132 0.479586542
    0.343336999 0.869885683 0.964958012 0.711600244 0.695346892
    0.100420296 0.487028271 0.180852175 0.909961879 0.669920087
    0.277611852 0.680157244 0.486910343 0.248948187 0.80796808
    0.960613251 0.924197018 0.0817986727 0.606700659 0.707821071
    0.808319747 0.426972359 0.859325051 0.835471451 0.881092548
    0.398468971 0.439270794 0.297110319 0.226811409 0.657398641
    0.271088243 0.831296682 0.996937811 0.812631726 0.64630723
    0.0704167485 0.101923913 0.996185541 0.988880873 0.800214529
    0.661686361 0.72167331 0.78126955 0.466672868 0.859821916
    0.425110787 0.831427813 0.445916474 0.0726059377 0.825006723
    0.301327467 0.965067625 0.501785338 0.798317552 0.462117761
    0.955387712 0.572236955 0.79505533 0.678664744 0.958995819
    0.815387726 0.153956681 0.460428834 0.0764231086 0.105065316
    0.593785584 0.872686386 0.365140975 0.925245941 0.553725541
    0.968350291 0.464245617 0.432527453 0.241940886 0.360615432
    0.991383195 0.950544834 0.670505583 0.810422301 0.989746869
    0.345843136 0.130050153 0.519999266 0.0448997319 0.514318049
    0.315284759 0.260382414 0.636060238 0.941742599 0.916765153
    0.796344221 0.890105069 0.592570066 0.44052881 0.828089952
    0.104248166 0.751455665 0.439680398 0.270247757 0.412417531
    0.350420475 0.273784995 0.746741235 0.35318917 0.43004626
    0.320576429 0.0294119716 0.820877016 0.676147938 0.197449982
    0.106761456 0.983359337 0.16613704 0.620657504 0.258621514
    0.483092517 0.850537419 0.687017918 0.270991713 0.650461197
    0.989867568 0.344513237 0.356182575 0.280214012 0.0652605295
    0.972129464 0.990443826 0.412408501 0.444470584 0.812100291
    0.254048079 0.214900583 0.289289385 0.530946672 0.699247122
    0.440723032 0.0261995792 0.114316404 0.571069777 0.589650512
    0.0947804749 0.485155493 0.48724404 0.671266675 0.75508368
    0.607627392 0.0911126137 0.790538251 0.203882605 0.692416608
    0.400492787 0.768440366 0.766506493 0.669697106 0.876601577
    0.28745389 0.0296016932 0.762615204 0.548209071 0.753035963
    0.928167522 0.322915912 0.130505353 0.122446567 0.0285661519
    0.353200436 0.711987019 0.266985834 0.127304196 0.255795181
    0.7682302 0.296531379 0.347460926 0.0123843551 0.0506335795
    0.882347822 0.898496866 0.648048162 0.95727098 0.959252298
    0.926073968 0.767854929 0.388370991 0.571039438 0.188539535
    0.191976845 0.768821359 0.0149898529 0.103964895 0.312560767
    0.310827434 0.310100883 0.157299966 0.26013726 0.566822827
    0.141079724 0.493758559 0.689119935 0.263913989 0.287320614
    0.728862405 0.855922222 0.481164455 0.816795468 0.416713685
    0.989423752 0.757433295 0.408392757 0.78404063 0.295487404
    0.138518929 0.592461705 0.170194507 0.547310889 0.201684922
    0.589888334 0.407183647 0.0127250552 0.751645088 0.0598180592
    0.016839385 0.689380646 0.971630573 0.804979324 0.429551572
    0.854120255 0.235522687 0.548224866 0.950741053 0.261460662
    0.484005272 0.309677541 0.590497971 0.409844011 0.490241349
    0.541100979 0.0928036571 0.0103783906 0.507805705 0.481352389
    0.903798401 0.849644065 0.571130872 0.30911243 0.830140829
    0.718565524 0.701891422 0.493181616 0.813223898 0.810317159
    0.92501688 0.591617346 0.422825694 0.499811709 0.0593778789
    0.906461358 0.596005201 0.578549325 0.559294581 0.377497792
    0.74537456 0.81866765 0.368869066 0.277594924 0.432473838
    0.400840998 0.418925852 0.288295954 0.805974066 0.258837938
    0.896790385 0.0277328789 0.162708908 0.363233984 0.212067157
    0.2717731 0.772853017 0.24102357 0.17267254 0.318410993 0.717374146
    0.59039855 0.283299863 0.905686975 0.598318636 0.138556123
    0.694449127 0.362995028 0.291375041 0.682496488 0.0666600168
    0.853622317 0.995385528 0.461486578 0.40557602 0.58125186
    0.120247811 0.959074497 0.324416101 0.884268224 0.443561822
    0.736595035 0.783434033 0.617546856 0.878198028 0.150197864
    0.145805806 0.841602564 0.577479422 0.288311869 0.0399693847
    0.690743983 0.221524507 0.0869404078 0.533423364 0.31568712
    0.189139485 0.545922756 0.567638099 0.368914098 0.218846858
    0.0395849347 0.541735828 0.289965302 0.082544893 0.215159833
    0.232861906 0.233261555 0.65570873 0.0595434308 0.750148058
    0.383358777 0.505483627 0.345938146 0.0109927356 0.454935133
    0.132166415 0.780213535 0.565028369 0.643971622 0.214393705
    0.368551254 0.791712046 0.58980453 0.242440492 0.514664829
    0.555057764 0.0936328173 0.941121519 0.0139058232 0.32179004
    0.0500239134 0.55431962 0.875863314 0.795369148 0.856841266
    0.002569139 0.150912136 0.198260248 0.449828565 0.036174655
    0.169382721 0.204271525 0.561061621 0.151994497 0.484948784
    0.181813538 0.256567299 0.0838409662 0.68453753 0.386948347
    0.197999537 0.410996914 0.196707338 0.542351067 0.190507531
    0.371614814 0.92967689 0.449951053 0.181306779 0.811994076
    0.556827843 0.626433849 0.369198412 0.109956175 0.889878154
    0.266582251 0.556606352 0.63208729 0.759922028 0.86246258 0.86509943
    0.640169621 0.768995643 0.442524165 0.553146362 0.0974956453
    0.509267747 0.187842041 0.902359724 0.819790184 0.937305331
    0.840397239 0.0707474649 0.974877119 0.390319228 0.442626208
    0.87432766 0.152451038 0.378864348 0.825849295 0.10884586
    0.160705924 0.0141204 0.913270831 0.813409328 0.153341085
    0.770460725 0.40533787 0.968235552 0.260839522 0.303805172
    0.441266328 0.743028224 0.423816055 0.27337867 0.440617979
    0.147573501 0.830905437 0.230765045 0.243739784 0.824947476
    0.683056712 0.217495531 0.435781181 0.144096166 0.520870686
    0.983895779 0.286949992 0.910877705 0.529945016 0.266933739
    0.451850444 0.234628201 0.563057065 0.769695163 0.349810243
    0.397001624 0.232938409 0.302086949 0.829653025 0.82351023
    0.0245550573 0.0328768492 0.99553895 0.455688179 0.54135561
    0.218717307 0.614119172 0.645571887 0.0523135066 0.0256776512
    0.858663559 0.585644484 0.0585401356 0.417370766 0.639297903
    0.751473069 0.231565982 0.659937978 0.897220492 0.765386164
    0.934768021 0.704483509 0.12498197 0.442133069 0.0580058396
    0.900038183 0.24553746 0.99813813 0.909099281 0.336701274
    0.459798336 0.847374916 0.606199324 0.17928952 0.626023889
    0.163842946 0.0578579009 0.650690317 0.307471931 0.106090099
    0.466061741 0.117694467 0.916217208 0.549477935 0.797378421
    0.700096786 0.944485664 0.945109069 0.490097612 0.205046624
    0.42555213 0.37480545 0.0867132545 0.726425767 0.480192542
    0.364437759 0.151836634 0.239313394 0.257154644 0.950091243
    0.470068216 0.745573461 0.343896657 0.559069991 0.96579814
    0.190883279 0.168470144 0.338562936 0.826783538 0.539469421
    0.0285722017 0.465539604 0.687906265 0.650299847 0.979438484
    0.05283764 0.875683308 0.422947943 0.614396632 0.0517268479
    0.551894188 0.0953048766 0.725620866 0.287974119 0.704789162
    0.699898124 0.55906868 0.106639832 0.944679797 0.637969494
    0.497924328 0.432126045 0.627541125 0.734519899 0.46913898
    0.0413291454 0.721786201 0.901909828 0.872193635 0.412186831
    0.305235445 0.450576991 0.769044518 0.022200048 0.742450356
    0.517576158 0.631598473 0.263824522 0.670006514 0.219993442
    0.565519929 0.100208163 0.22523886 0.693993032 0.0760117769
    0.0955453813 0.562835395 0.0658357739 0.790872395 0.584586561
    0.252257407 0.0192527175 0.730176091 0.688963115 0.374277711
    0.744949102 0.285490632 0.442310125 0.722870231 0.0549693704
    0.519323945 0.670395017 0.420161963 0.505277932 0.956118584
    0.320222616 0.695908606 0.212664843 0.665151179 0.244231313
    0.787421942 0.152357906 0.806174874 0.395656705 0.717694342
    0.951265037 0.608919442 0.800576091 0.814721107 0.604696035
    0.942050695 0.211998433 0.738211989 0.489546299 0.933694363
    0.420925379 0.207477272 0.744885564 0.513297319 0.271831512
    0.991040826 0.749333382 0.595339894 0.236256033 0.917629719
    0.710433066 0.4103944 0.292294264 0.173788816 0.0893084705
    0.495321214 0.0377488136 0.309240162 0.927682281 0.654669583
    0.808261752 0.243151009 0.512817442 0.619868398 0.126693815
    0.605659127 0.197033286 0.244068384 0.806797206 0.308089495
    0.752421856 0.46526432 0.463573754 0.515535176 0.602041841
    0.707258582 0.880519867 0.137549013 0.431257099 0.448616415
    0.874004126 0.76082027 0.0489838421 0.578894436 0.539125741
    0.193478167 0.388334483 0.688457549 0.405894458 0.114070266
    0.758722246 0.413956165 0.104355037 0.880272508 0.0528590977
    0.827127695 0.206705064 0.0201026201 0.165420204 0.744314194
    0.688378036 0.928590417 0.0194544196 0.432647347 0.745541811
    0.0130721927 0.464190483 0.651945293 0.688280165 0.514594436
    0.477754056 0.242172271 0.910446882 0.730583966 0.733591735
    0.108794153 0.57542628 0.819292784 0.389783829 0.330223173
    0.315960944 0.310949713 0.0313881934 0.761854291 0.53676635
    0.991548836 0.188618749 0.152612418 0.286731064 0.0171242654
    0.155661106 0.529058695 0.741592169 0.0822955668 0.316548675
    0.0019223392 0.166985512 0.267072439 0.369490504 0.635474265
    0.149959117 0.282157868 0.246970296 0.0888902247 0.941210032
    0.948950887 0.776170433 0.876911283 0.856594324 0.528147936
    0.927235663 0.0784120858 0.376383513 0.274597198 0.701091707
    0.855310678 0.630266428 0.421046942 0.0233619809 0.519029438
    0.3151232 0.982279897 0.939423919 0.714130521 0.599594116 0.57393831
    0.418633223 0.234581977 0.178080291 0.949626327 0.864676297
    0.489175171 0.737015665 0.204859436 0.545453429 0.517419338
    0.629175544 0.421954542 0.636902392 0.512327909 0.69799304
    0.576592445 0.055692941 0.330712259 0.928520203 0.504102349
    0.300395936 0.082134217 0.379139543 0.251950771 0.288156062
    0.00106021762 0.991865993 0.11793381 0.198647738 0.914701521
    0.831060171 0.488616288 0.248431921 0.0277939737 0.904447913
    0.560469151 0.575034857 0.326325417 0.892996907 0.214539617
    0.472443849 0.579834759 0.772032142 0.522158802 0.885232091
    0.385350347 0.710465193 0.417883277 0.605610371 0.0886206925
    0.618664742 0.912431359 0.279377759 0.0697149336 0.927755594
    0.0404109657 0.0266617835 0.0527178049 0.174261183 0.70305264
    0.529426873 0.787513018 0.107090741 0.390627086 0.873777509
    0.223664224 0.821796298 0.648967147 0.878884912 0.459833384
    0.994474828 0.162267864 0.603330672 0.512576222 0.127161443
    0.207509309 0.397608638 0.277959585 0.0349809229 0.063307941
    0.869198799 0.0811315775 0.600848973 0.210752219 0.30101344
    0.560490131 0.599060595 0.991099358 0.609073937 0.570043087
    0.647920668 0.765471816 0.0727201998 0.581625581 0.283280939
    0.220033914 0.344560325 0.766014338 0.390771449 0.876860917
    0.70957613 0.46742028 0.0553963184 0.23071155 0.508520484
    0.488574982 0.375700831 0.183101147 0.368684292 0.80999577
    0.105801523 0.869760454 0.214421749 0.0546885133 0.828483105
    0.0239652395 0.19519937 0.401341468 0.444193989 0.789187253
    0.120129049 0.0507481098 0.849952757 0.935947776 0.0279320776
    0.485165685 0.308627337 0.945536852 0.270786881 0.523496151
    0.642585814 0.0867786109 0.72586906 0.639228046 0.27889663
    0.654976904 0.98174262 0.787122607 0.0918995142 0.148856908
    0.255321503 0.709070563 0.710330427 0.954866171 0.0574995577
    0.331510067 0.908761144 0.542095006 0.258908629 0.362961262
    0.297982663 0.429536909 0.936179876 0.824936509 0.397530794
    0.839049935 0.0117639005 0.720047116 0.198310763 0.935782254
    0.824644089 0.67946744 0.364640176 0.299051285 0.406156927
    0.945129275 0.635612845 0.724158645 0.90000087 0.465513736
    0.195524931 0.914733112 0.603754342 0.275580674 0.949276924
    0.708220661 0.510177612 0.198671609 0.491806656 0.693679035
    0.74023366 0.65051651 0.28354156 0.181147665 0.335388213 0.686047137
    0.390080988 0.362358391 0.0550352633 0.958920777 0.782158136
    0.11537388 0.0665118396 0.725441575 0.372798562 0.517642677
    0.178995222 0.263173729 0.209860355 0.725341082 0.924695015
    0.167180866 0.260547131 0.838945866 0.683792233 0.765197396
    0.709614336 0.890221238 0.608024478 0.0403231978 0.573877871
    0.469080895 0.747261882 0.0704581439 0.0410070121 0.578097999
    0.491413653 0.0543118417 0.902593553 0.683195889 0.719592273
    0.285064697 0.0925307274 0.949340582 0.76083827 0.238527685
    0.736685514 0.95974803 0.924212158 0.519046962 0.0754015744
    0.311650634 0.325680792 0.0927075148 0.444954097 0.557423115
    0.375186682 0.712254167 0.689703226 0.235831708 0.732672572
    0.920500517 0.0493865609 0.313967288 0.208274961 0.340432107
    0.604372203 0.938844144 0.0179635882 0.559156358 0.945474386
    0.926865816 0.88564527 0.109518975 0.664504111 0.993950188
    0.760131657 0.0723195076 0.0836805999 0.990261436 0.396478802
    0.441276163 0.718665481 0.225220174 0.0941917896 0.783111811
    0.716031075 0.0611522794 0.890013099 0.00554010272 0.474573433
    0.476288199 0.914328098 0.0974422693 0.0983140767 0.262261271
    0.913260281 0.561067522 0.0778561234 0.940891802 0.788965046
    0.0762297213 0.311602175 0.510842383 0.109989107 0.557767093
    0.975953817 0.807339787 0.294254303 0.85965085 0.563748956
    0.0910485089 0.477794647 0.904008508 0.714265406 0.922233284
    0.917252779 0.220338702 0.72393465 0.362568676 0.535423279
    0.956922948 0.872660995 0.450213313 0.770233154 0.336791366
    0.73145777 0.581587434 0.300806493 0.144804448 0.105091095
    0.566879392 0.756529927 0.817259312 0.396176517 0.757574558
    0.900478542 0.894297123 0.752824664 0.83728075 0.338701308
    0.351502985 0.655934989 0.960856676 0.602441192 0.157608181
    0.333531678 0.629799247 0.943078279 0.0953685939 0.945413828
    0.576698661 0.951629877 0.0615236163 0.423535705 0.396897703
    0.997513413 0.271619052 0.843076706 0.952701867 0.828929961
    0.308343232 0.919741511 0.880533814 0.766348481 0.349351436
    0.668512344 0.674081445 0.0410999954 0.00256222486 0.182120144
    0.527296782 0.473601758 0.738065779 0.492048025 0.166262269
    0.484725237 0.341244102 0.205548733 0.104105622 0.818125486
    0.804792404 0.764577508 0.5589481 0.746367395 0.922578454
    0.523242414 0.218294859 0.876050115 0.645180881 0.198763341
    0.715711713 0.495315701 0.801621199 0.148133039 0.57059288 0.5653916
    0.00958061218 0.657153845 0.452339053 0.657569468 0.640426815
    0.134593189 0.0711472034 0.127700955 0.610402226 0.547560453
    0.744231522 0.26880008 0.0613602698 0.837916255 0.212373495
    0.447214752 0.620638907 0.489081889 0.300756514 0.375767052
    0.9696244 0.340366602 0.85807538 0.553276956 0.824586034 0.114364803
    0.0983513296 0.0930086076 0.274876177 0.975945354 0.616040528
    0.956236005 0.637380481 0.853209138 0.75284642 0.990217209
    0.171749383 0.170819461 0.731651068 0.85511744 0.83775866
    0.496259719 0.0325166285 0.204427898 0.777706623 0.800194263
    0.365406096 0.929961324 0.253752083 0.6623649 0.651477635
    0.718982577 0.167993903 0.456707418 0.663328946 0.549776256
    0.419992059 0.256577194 0.175636619 0.208978653 0.459468156
    0.689847469 0.886548281 0.705914021 0.625689745 0.959130406
    0.401120782 0.943079114 0.400650233 0.635403275 0.251042098
    0.920749307 0.903105378 0.0396824777 0.0790251493 0.0136572421
    0.728157759 0.529774308 0.375754356 0.0588406324 0.0304167271
    0.777092695 0.144880265 0.579033017 0.771245539 0.516585052
    0.636226058 0.546016991 0.887260616 0.781566858 0.802615941
    0.128287256 0.402112842 0.427202702 0.665918231 0.245978892
    0.624335766 0.0438501239 0.20386377 0.908203363 0.60625726
    0.305982828 0.208030701 0.918747604 0.183095604 0.20113495
    0.555396914 0.992962241 0.47887969 0.513860166 0.36155957
    0.954338491 0.764709055 0.135171682 0.775906801 0.0568161905
    0.518447042 0.967821479 0.593269885 0.616184533 0.767796695
    0.876321673 0.445961386 0.6272524 0.197398365 0.390515715
    0.765712976 0.123338431 0.799908996 0.692150295 0.0724895298
    0.763830125 0.0978643298 0.849462688 0.355302185 0.279792786
    0.178877503 0.923205674 0.400868982 0.689083219 0.796585202
    0.219385177 0.699892521 0.0241411924 0.0905434787 0.302480817
    0.560355186 0.540318906 0.578295588 0.66092968 0.00934743881
    0.99737215 0.376198709 0.465863168 0.817457199 0.0679442883
    0.821867049 0.191074669 0.207571715 0.913965464 0.712412715
    0.386466622 0.143595308 0.24353081 0.485324323 0.245769441
    0.454204559 0.679078341 0.0648263991 0.201357037 0.654087424
    0.748230636 0.663557768 0.0588326752 0.61763519 0.430930912
    0.257376969 0.184951007 0.647792637 0.811790526 0.162343502
    0.362999856 0.286294997 0.319249004 0.937393546 0.174425155
    0.296905041 0.674060106 0.0980658829 0.190018177 0.315991193
    0.469781697 0.771804333 0.105551004 0.482163578 0.0202991366
    0.693926454 0.122169882 0.253237963 0.525793493 0.760283411
    0.202280551 0.264920115 0.022991538 0.411917478 0.918968797
    0.518054008 0.884071469 0.773202896 0.761123776 0.181685448
    0.542437792 0.926358819 0.337356597 0.891134739 0.190829456
    0.205287546 0.134980977 0.628328443 0.215124339 0.768270016
    0.414947242 0.7708444 0.369722247 0.840378404 0.452201545
    0.762670279 0.895746291 0.641403258 0.14825967 0.906219304
    0.946448267 0.612422705 0.139849365 0.143155277 0.362211376
    0.249352068 0.823025227 0.216360748 0.755674481 0.969340861
    0.760429084 0.508391678 0.929922819 0.316464871 0.539884686
    0.415809959 0.897795081 0.809261024 0.54455328 0.772651076
    0.591638565 0.240077317 0.416182756 0.069963038 0.657527328
    0.488135576 0.69319576 0.307022095 0.0466661155 0.171811074
    0.981223583 0.0823589563 0.241534114 0.634635746 0.504562736
    0.488558322 0.196557701 0.460205853 0.858506262 0.757869363
    0.914793193 0.341198981 0.549695015 0.650327563 0.644604206
    0.798844099 0.000109225512 0.132218421 0.101948887 0.832879305
    0.446618944 0.041981101 0.276281029 0.974179864 0.896758437
    0.427106053 0.716701031 0.67328018 0.869383454 0.601403356
    0.436119914 0.747584939 0.297670782 0.968600988 0.00716179609
    0.0193003714 0.30059129 0.41050297 0.574866652 0.349505574
    0.54700923 0.40091747 0.780534029 0.103356421 0.258493841
    0.824266613 0.849590182 0.199533582 0.711573005 0.249202698
    0.964586437 0.934698343 0.265081435 0.0893858075 0.851960659
    0.923450708 0.777891934 0.0583527386 0.952753842 0.101299137
    0.638912261 0.771281302 0.713671505 0.387100935 0.792804599
    0.503639758 0.993175983 0.552078128 0.479895532 0.259360135
    0.817412198 0.532936752 0.640999138 0.72926724 0.415009618
    0.24462828 0.412233233 0.48809129 0.908799052 0.809970737
    0.580251396 0.282678187 0.011320889 0.00669118762 0.671757162
    0.891583323 0.381083786 0.329500198 0.226685286 0.909448862
    0.520527244 0.0552035868 0.893814564 0.326012254 0.649692178
    0.048936516 0.689756036 0.484740824 0.899075985 0.993668735
    0.765999198 0.399103254 0.941361606 0.0263229907 0.659552991
    0.844346762 0.687847733 0.965082049 0.712832451 0.584346652
    0.261760533 0.0722212791 0.910143018 0.246047109 0.486643016
    0.744337797 0.293702275 0.362232447 0.408220321 0.109923273
    0.0990309119 0.00664499402 0.559466541 0.56092298 0.232167751
    0.870269716 0.539345741 0.780304074 0.00925174356 0.309477568
    0.112631887 0.975653529 0.246696383 0.679447651 0.115488678
    0.278703511 0.93528676 0.747554481 0.0442720652 0.057005316
    0.579321384 0.139941305 0.526241302 0.451618731 0.952727914
    0.864008367 0.559722483 0.244654208 0.350236833 0.997271061
    0.0392840207 0.627644658 0.718616903 0.696074605 0.237387508
    0.694062829 0.456499189 0.34587881 0.200202733 0.444792747
    0.850597262 0.215649068 0.86497587 0.089238584 0.395180315
    0.462400317 0.757756233 0.215066612 0.846106291 0.890537024
    0.974785089 0.244605571 0.52738446 0.277911186 0.709914446
    0.868437231 0.39395076 0.0736633837 0.594217122 0.0512876213
    0.899711668 0.766834021 0.144019872 0.907541633 0.846531689
    0.56526804 0.263945699 0.89239341 0.338802397 0.886056125
    0.677310944 0.892148614 0.0669804215 0.451097488 0.35335958
    0.0769042969 0.61330235 0.843736708 0.013828367 0.101975083
    0.421329319 0.540931642 0.153639227 0.419951469 0.102708191
    0.292333007 0.0582392514 0.405436933 0.161097258 0.0120329559
    0.44794625 0.0674641132 0.061434269 0.802648306 0.878123283
    0.833066344 0.427938282 0.354753077 0.838561833 0.670331359
    0.620739281 0.704491198 0.759500027 0.80534339 0.561356366 0.5048154
    0.0142818093 0.791490912 0.868090808 0.0585470498 0.657705665
    0.0399145782 0.347905815 0.677697837 0.75783062 0.702712476
    0.198150337 0.854267478 0.986400366 0.847794175 0.766179323
    0.556814969 0.129616588 0.160198063 0.559078097 0.338803232
    0.726476133 0.312902749 0.549316287 0.767563581 0.25076592
    0.800911665 0.268054247 0.228390843 0.365459234 0.0540675819
    0.277666628 0.754385233 0.0884384513 0.135377109 0.0357217789
    0.83379811 0.73042959 0.361066133 0.458153397 0.591612577
    0.525764167 0.416846037 0.424520314 0.715916514 0.149117857
    0.115910023 0.660648048 0.870429277 0.219307512 0.171844453
    0.716569602 0.00589549541 0.983435988 0.670676649 0.862914443
    0.20291245 0.468287468 0.39469111 0.0355020165 0.772740602
    0.33510834 0.11579892 0.606841564 0.810393572 0.669258535
    0.798220575 0.557924211 0.908746719 0.414620459 0.231811136
    0.399401307 0.723397553 0.454700083 0.968854427 0.586082578
    0.45356825 0.12622869 0.258373767 0.742078304 0.318198025
    0.031902343 0.153743714 0.767866611 0.567685723 0.147291869
    0.23197183 0.288144976 0.0779087245 0.943350911 0.622117043
    0.991303146 0.280988574 0.00485524535 0.145860851 0.000454068184
    0.68309474 0.900071144 0.384902537 0.801854849 0.256183207
    0.0291909873 0.580657184 0.067402631 0.39059177 0.280762792
    0.798886895 0.667910457 0.405386001 0.143579572 0.104142249
    0.791489124 0.650883555 0.325553179 0.993935704 0.809196413
    0.476929337 0.388988912 0.451202631 0.351264358 0.022969842
    0.0646113753 0.178787947 0.201550752 0.661099076 0.0627767146
    0.485115856 0.888419688 0.346521854 0.906556606 0.213411093
    0.366117716 0.42512238 0.813332438 0.181391686 0.75584662
    0.109421402 0.875527978 0.944059968 0.235366881 0.183411986
    0.643912554 0.46781224 0.365113318 0.221972644 0.661653996
    0.0768425763 0.00251081586 0.507418692 0.565369546 0.183068097
    0.953495443 0.498599827 0.634534597 0.478703499 0.700248659
    0.0813442767 0.530144334 0.306120694 0.691091955 0.94018203
    0.388218015 0.259334505 0.0490672588 0.493946254 0.336879492
    0.0622875988 0.413207114 0.957093835 0.00231301785 0.0473268032
    0.969052196 0.985250115 0.650854349 0.7953403 0.585195184
    0.278354377 0.137531847 0.446916044 0.19191891 0.890433192
    0.0455113351 0.244596303 0.789900959 0.444277018 0.898669004
    0.220879912 0.777309716 0.136477411 0.855468869 0.587720513
    0.253537834 0.97932297 0.780719042 0.872678161 0.163613081
    0.378207922 0.114594936 0.6985479 0.447026253 0.706938744
    0.538863361 0.329633296 0.733814716 0.860753298 0.39062798
    0.19756037 0.425903618 0.586215377 0.261152506 0.985231996
    0.688475132 0.695738316 0.617287099 0.0631583333 0.158053398
    0.266927421 0.0584095716 0.517647386 0.464534104 0.705001652
    0.913255215 0.819508016 0.695780516 0.772115827 0.730882525
    0.246401608 0.732035637 0.201771677 0.188330114 0.176670849
    0.642733216 0.0499259531 0.35207665 0.963373184 0.249353737
    0.0966589451 0.518524408 0.820327222 0.606969953 0.435664952
    0.721707106 0.13780871 0.152656823 0.792004347 0.454173148
    0.29499203 0.155463725 0.218727767 0.996744871 0.175579488
    0.960097551 0.0341273248 0.319826603 0.137733936 0.840356171
    0.116855443 0.290494144 0.183535457 0.127868801 0.672143817
    0.618854403 0.392243683 0.274661571 0.978421092 0.197608262
    0.187413692 0.641958535 0.543586314 0.197570175 0.908899248
    0.38479507 0.47017777 0.115630567 0.225512028 0.573356688
    0.745590687 0.24348703 0.0518279672 0.221755564 0.521339118
    0.864165664 0.694037735 0.822606027 0.118050545 0.6054461
    0.00356903672 0.390924573 0.902219772 0.701495647 0.69609797
    0.676943481 0.556437254 0.907175541 0.21249187 0.652851403
    0.293304801 0.81763953 0.234690219 0.126777232 0.511029601
    0.717857659 0.0458416641 0.333584249 0.514653325 0.0716694891
    0.375694543 0.232537687 0.420590192 0.999227285 0.960077405
    0.838190675 0.448144197 0.437241197 0.149246216 0.82137394
    0.80307883 0.188187301 0.346188039 0.606096745 0.110223502
    0.354662836 0.990995944 0.682605624 0.833235383 0.539545178
    0.437244952 0.503881454 0.68451798 0.916957617 0.636714458
    0.47290802 0.424210668 0.52371496 0.593773365 0.91465199 0.485444069
    0.606153727 0.227487415 0.259655476 0.575718403 0.869865417
    0.129084051 0.844189882 0.565349042 0.847672164 0.513184249
    0.269872665 0.63942194 0.965892434 0.369527787 0.915489733
    0.900211155 0.292219788 0.294646621 0.915656328 0.213917464
    0.843034148 0.923769355 0.616798759 0.0544794798 0.746927559
    0.154984742 0.449227452 0.534064531 0.397222072 0.057449162
    0.137258351 0.0676982701 0.444646001 0.665104628 0.331971228
    0.671163499 0.152398318 0.872431993 0.649659753 0.60916245
    0.474069029 0.401109219 0.438011169 0.420322657 0.217264175
    0.222790599 0.251822352 0.125216275 0.369252324 0.249498069
    0.155853003 0.738890886 0.657669187 0.285211921 0.797110438
    0.751653194 0.468449593 0.35042119 0.573928416 0.257614017
    0.685842931 0.50524044 0.351770371 0.088784337 0.62819171
    0.492970228 0.76215744 0.7554667 0.74471271 0.715073824 0.850217223
    0.599738359 0.696606815 0.0204737484 0.563452125 0.838487744
    0.431512564 0.967533946 0.635313034 0.560775399 0.506362796
    0.903880358 0.484143019 0.391317815 0.700410366 0.931910515
    0.511281371 0.896125913 0.913138866 0.745858788 0.699804187
    0.769815564 0.34562701 0.0109911263 0.103745699 0.830932856
    0.447271109 0.694355547 0.802101016 0.954131484 0.382996857
    0.640947282 0.652072012 0.783985496 0.888866544 0.383010626
    0.744790912 0.182665169 0.318580002 0.779995084 0.579095125
    0.568524063 0.164024621 0.429491013 0.665929854 0.16777283
    0.401835352 0.648388505 0.115638524 0.0599127114 0.900274873
    0.821153641 0.865262747 0.275306404 0.788048744 0.41893959
    0.0092677474 0.471272439 0.473592043 0.991017818 0.54715687
    0.946827769 0.401659787 0.900391221 0.115387708 0.715697229
    0.124659151 0.332326412 0.141220719 0.129328251 0.363177329
    0.559299707 0.528583169 0.104648769 0.827311516 0.569817603
    0.0205518901 0.202694833 0.85901773 0.968115807 0.743589282
    0.458560795 0.886918068 0.952612996 0.331049085 0.800627589
    0.443002045 0.0917508304 0.345598161 0.755586624 0.914300561
    0.519878685 0.476595193 0.612368762 0.51154983 0.284888804
    0.753623486 0.467722446 0.999042869 0.822497368 0.638293147
    0.327314436 0.373362541 0.150790721 0.823115408 0.896508396
    0.00174227357 0.682493389 0.392861128 0.427631795 0.0163554251
    0.0132129788 0.840942621 0.456583828 0.723969162 0.648767948
    0.229661226 0.851778507 0.256234825 0.895176351 0.735317886
    0.42302978 0.621597171 0.42131421 0.214390069 0.685340047
    0.147680789 0.604406118 0.125015944 0.448966384 0.633193612
    0.692245364 0.293650031 0.830387115 0.0159319639 0.656347454
    0.699087858 0.0257614255 0.0713404715 0.548156977 0.89060545
    0.0851023197 0.963587403 0.331611812 0.60250479 0.13158682
    0.030926615 0.832904935 0.974356651 0.803240895 0.0919190943
    0.380251706 0.111191243 0.039911598 0.526537955 0.319137812
    0.747153759 0.43319726 0.794724464 0.481009007 0.579072237
    0.685481071 0.606546581 0.207441092 0.175764948 0.921044111
    0.307916343 0.630012214 0.00579470396 0.502329946 0.020019114
    0.254039407 0.539410949 0.726785839 0.277490586 0.953382313
    0.300822973 0.209708005 0.0975396931 0.245144546 0.219984144
    0.648280501 0.972928524 0.731330335 0.877604961 0.410761237
    0.55047977 0.566307902 0.11772567 0.150102675 0.498039186
    0.0628523231 0.0202171206 0.675063729 0.67040205 0.211194962
    0.5169155 0.909923196 0.358745575 0.360193431 0.394600987
    0.218861789 0.937456131 0.762803614 0.56277895 0.35211575
    0.983073056 0.159412324 0.940546751 0.908864975 0.733084559
    0.318835169 0.188807398 0.077136457 0.905359268 0.789742351
    0.326675117 0.615170777 0.7009238 0.471737176 0.687937737
    0.486587226 0.627913594 0.5296821 0.989397407 0.333401591
    0.129409283 0.138874948 0.830117702 0.508364439 0.750515223
    0.216593772 0.968852758 0.0299070776 0.36053431 0.85731262
    0.517840087 0.139108211 0.0567389727 0.551990032 0.069925338
    0.148130327 0.292200923 0.227984101 0.277675867 0.118104517
    0.829072952 0.286679327 0.447157592 0.874802828 0.970115781
    0.624053657 0.679671466 0.598788679 0.353790522 0.616007924
    0.215165406 0.475939751 0.92254895 0.9717623 0.0267501771
    0.790636539 0.773833513 0.0881301165 0.809889674 0.368113041
    0.070315361 0.262430429 0.376356035 0.338104159 0.879838705
    0.273822814 0.54784286 0.844055176 0.296693861 0.544209242
    0.100409061 0.485234648 0.888138175 0.814862192 0.410506994
    0.0897271633 0.571045995 0.0762557983 0.700667977 0.744102538
    0.750870466 0.986423373 0.199910551 0.36629343 0.926844001
    0.605062723 0.253960967 0.261941493 0.691829622 0.0114682615
    0.152489305 0.442621768 0.408441633 0.848613262 0.921645164
    0.594884753 0.565354347 0.673041463 0.185193837 0.700649977
    0.647079229 0.0631468594 0.340622842 0.917990565 0.512615681
    0.920817554 0.578270435 0.724978149 0.979370952 0.470367908
    0.428240627 0.372237474 0.764154196 0.340851843 0.897385061
    0.0353801847 0.671136081 0.149536878 0.858532488 0.52526027
    0.0592375994 0.950589061 0.425568163 0.854920626 0.855159044
    0.0843826234 0.103254914 0.426973999 0.863616943 0.273010731
    0.858557582 0.732600451 0.589916527 0.947654366 0.229463071
    0.070419997 0.951246858 0.61581701 0.472892314 0.312787116
    0.432298571 0.38351509 0.906680226 0.87617135 0.519933462
    0.592904806 0.266327798 0.514235079 0.286517918 0.626937747
    0.904548407 0.395469487 0.995041847 0.139265805 0.277200788
    0.921984792 0.896544695 0.040455997 0.60770607 0.812722087
    0.061950326 0.772991657 0.0891729593 0.511217177 0.863270044
    0.988300443 0.6475811 0.684698641 0.270405948 0.278788656
    0.427816868 0.0798795521 0.167949945 0.0176518261 0.046942234
    0.436016977 0.86801517 0.959381223 0.0772878528 0.144585073
    0.669111609 0.171730071 0.179851264 0.515452862 0.597768188
    0.645087838 0.0851134658 0.907837868 0.116884977 0.892779112
    0.175385982 0.767495215 0.791743398 0.90937686 0.717408836
    0.633619905 0.310472608 0.0516973436 0.844129562 0.702100515
    0.0597470403 0.947477937 0.98634553 0.416829526 0.0100297332
    0.186227918 0.151286036 0.996654212 0.838140726 0.843244672
    0.981652856 0.58941406 0.152512997 0.698584914 0.335992724
    0.54946357 0.802854657 0.168093711 0.911628842 0.819313049
    0.018617928 0.681514204 0.965485513 0.225892186 0.440253109
    0.903867841 0.269575 0.964266062 0.503055334 0.0905918181 0.72393012
    0.661035776 0.0704439878 0.364527822 0.611051679 0.287918389
    0.719652534 0.355516255 0.456096768 0.768900692 0.407358855
    0.0513972938 0.280699074 0.23583284 0.7982862 0.90344125
    0.0228305161 0.548909783 0.638041735 0.239637643 0.94191438
    0.0396792889 0.565629661 0.973401904 0.978409708 0.704439223
    0.528587282 0.14710328 0.712046683 0.554304004 0.0120697021
    0.174879342 0.512838304 0.973807812 0.118372262 0.380902886
    0.583824396 0.453448504 0.654043436 0.285163224 0.25673905
    0.628155947 0.00401419401 0.440660417 0.818376422 0.816601157
    0.579135656 0.979405522 0.329491675 0.6106897 0.822864532
    0.928911924 0.125399888 0.135661751 0.449182063 0.238693565
    0.914767742 0.228216767 0.801719189 0.219557315 0.755727053
    0.266501069 0.399197638 0.902179301 0.496901274 0.917158961
    0.289649725 0.501437962 0.189119697 0.610712528 0.274511755
    0.0774539709 0.525881112 0.262955844 0.363718688 0.862478137
    0.409286201 0.390827566 0.592449069 0.134589285 0.563566923
    0.171426564 0.879338741 0.135828286 0.201880187 0.618616521
    0.287219942 0.475027204 0.161057353 0.035445869 0.817779183
    0.422564507 0.95709312 0.163262129 0.0465505421 0.774961233
    0.171664655 0.111418128 0.193195194 0.31758821 0.099146843
    0.646930814 0.333162516 0.442482531 0.30157727 0.398724526
    0.725191832 0.835130751 0.531883001 0.338161349 0.24489525
    0.391306221 0.613405406 0.377399713 0.9681952 0.601846218
    0.476428986 0.639082253 0.457164288 0.163631022 0.595220208
    0.0212729573 0.717919052 0.485571504 0.79546392 0.0760772824
    0.0682032406 0.550168574 0.3950755 0.919330299 0.0421415865
    0.742823839 0.997345448 0.00835672021 0.726036787 0.899596691
    0.879347205 0.946629584 0.375376731 0.397747904 2.97427177e-05
    0.380349427 0.878242552 0.305052251 0.374516129 0.820140243
    0.610080421 0.0963226855 0.580951512 0.0514257848 0.895057082
    0.110124379 0.474137634 0.333790779 0.729105294 0.891222239
    0.603234649 0.1737701 0.76534009 0.746409893 0.754573941 0.768480241
    0.151263744 0.472492278 0.667227268 0.493659645 0.237659544
    0.536560357 0.0626251996 0.860340476 0.405812681 0.293521553
    0.478065968 0.683348596 0.885826886 0.481128961 0.456267118
    0.423235983 0.96999222 0.661475658 0.205071032 0.317081213
    0.984156489 0.0528882444 0.703866243 0.405889094 0.846568882
    0.585641503 0.208314538 0.466483027 0.590216398 0.208483726
    0.115919083 0.624712706 0.586498976 0.769681811 0.184246331
    0.711736381 0.223754197 0.696903765 0.192198426 0.399474084
    0.648590267 0.830196619 0.898195386 0.546671629 0.830905914
    0.418923825 0.590264201 0.925915718 0.985233724 0.273392618
    0.075342536 0.912900388 0.553670883 0.631415129 0.17875433
    0.406152755 0.252529621 0.719336271 0.826734006 0.455819845
    0.36597991 0.165890098 0.557992756 0.010325402 0.566215336
    0.672411203 0.527927518 0.106133074 0.899526179 0.969868124
    0.882348001 0.229213536 0.497745335 0.690014482 0.472522676
    0.315446258 0.0153279901 0.994849384 0.106793284 0.372675151
    0.372777522 0.981649876 0.232795507 0.872062683 0.409827471
    0.810639024 0.299161464 0.807639122 0.902792454 0.76166296
    0.991128445 0.0502141714 0.376075983 0.216626257 0.551794827
    0.801895618 0.116936117 0.50765121 0.247520655 0.872173667
    0.434938759 0.102745563 0.281299412 0.949530125 0.269120842
    0.383841574 0.88217932 0.120575994 0.533549905 0.774056196
    0.16686669 0.0196441114 0.8482095 0.656914413 0.148558974
    0.330163896 0.807283759 0.650146544 0.52443397 0.91383642
    0.436781108 0.126122594 0.595435798 0.0841991603 0.540946364
    0.412443161 0.385885 0.782679796 0.263908684 0.312925875 0.836369395
    0.245506436 0.69395113 0.274975866 0.710281849 0.220394284
    0.688743174 0.00562885404 0.385816604 0.293104708 0.711545587
    0.716204405 0.178408802 0.00192219019 0.412013024 0.779015422
    0.489384562 0.823973596 0.755958974 0.862917304 0.172654033
    0.342957973 0.0226531625 0.195589304 0.0790081322 0.625038862
    0.477366954 0.792959034 0.896048546 0.459926307 0.328753203
    0.527012527 0.271567583 0.702402413 0.535500467 0.17649129
    0.0371434391 0.898066282 0.894579291 0.919073582 0.00375270844
    0.478446066 0.834133744 0.723468065 0.489446789 0.057713449
    0.954360604 0.816699207 0.324667007 0.434989333 0.149157405
    0.646863997 0.998188317 0.872502387 0.464671463 0.929303765
    0.199322939 0.540942669 0.355605185 0.378301024 0.93793118
    0.0807221234 0.957832217 0.0714508593 0.591772497 0.988368154
    0.810285926 0.262345731 0.309830397 0.024040252 0.940377116
    0.425633699 0.815468788 0.893639922 0.854584396 0.237667084
    0.96498549 0.124620885 0.853939652 0.629534781 0.522331834
    0.241438866 0.903356552 0.484107316 0.833172798 0.78112781
    0.134915441 0.18866837 0.724931955 0.980931342 0.365979195
    0.584712446 0.690403521 0.824548662 0.995018005 0.850482464
    0.589502037 0.0656178892 0.0621746778 0.153400064 0.986523986
    0.157096118 0.654185891 0.65185535 0.176730275 0.618590891
    0.307503641 0.55720669 0.0980859101 0.877627969 0.427433133
    0.610094905 0.492509604 0.554254651 0.0231955051 0.845270395
    0.74867624 0.031855315 0.696727872 0.7774297 0.177458376 0.269313931
    0.903519988 0.293209374 0.279769361 0.446519822 0.525246978
    0.410840243 0.531641603 0.732262492 0.710793197 0.535730422
    0.751422286 0.417972952 0.500777364 0.652139425 0.89791739
    0.882897615 0.657277584 0.0519028604 0.830171585 0.503849149
    0.170488924 0.475829363 0.981049538 0.0348874927 0.170747846
    0.221362382 0.88653934 0.808043122 0.951490939 0.513698161
    0.767659545 0.856882811 0.734049857 0.172292054 0.210205555
    0.976487279 0.990995884 0.556141138 0.777802765 0.195624173
    0.0854896903 0.0200852752 0.843416452 0.0261417627 0.0561206639
    0.729963481 0.0925055146 0.612915218 0.394736409 0.17583105
    0.424697787 0.84711802 0.971466303 0.31371963 0.33140859
    0.0646769702 0.149516135 0.466636121 0.476939172 0.18617034
    0.266912699 0.230744153 0.607789934 0.77311492 0.69850713
    0.723807573 0.929797649 0.105361313 0.179661334 0.639566064
    0.3409518 0.707270145 0.937916279 0.864552379 0.257527947
    0.215450972 0.647306442 0.613518238 0.310897857 0.813433468
    0.303462833 0.253682792 0.243012488 0.936103225 0.676980317
    0.749145806 0.684285164 0.52326864 0.419931054 0.595209897
    0.555283546 0.732617974 0.177192271 0.97451669 0.196027428
    0.204714954 0.251704603 0.359089315 0.20550552 0.576859355
    0.230690926 0.645701766 0.818709314 0.377700984 0.867612362
    0.888626456 0.903328776 0.0602249503 0.956042111 0.943605185
    0.483230799 0.473106831 0.979375005 0.63596344 0.0130217075
    0.453491658 0.670685291 0.587520421 0.322727531 0.909564257
    0.0327663124 0.611775756 0.900279641 0.435243636 0.750533521
    0.127457768 0.193702489 0.303997159 0.61160177 0.160802633
    0.967496037 0.595885813 0.0187670588 0.973146141 0.12928313
    0.73295033 0.0197143257 0.379964262 0.572547436 0.887523592
    0.302305818 0.274839282 0.157031864 0.0741787553 0.857521474
    0.333150119 0.387125313 0.0286839604 0.78843224 0.240522891
    0.940667152 0.726259649 0.142397255 0.197070926 0.42991662
    0.416404903 0.231179804 0.648866773 0.609264731 0.670256913
    0.743435621 0.872398436 0.90937984 0.692012906 0.0232357085
    0.83498919 0.304196894 0.86552608 0.270789474 0.730863988
    0.209354222 0.915178955 0.763545156 0.296720505 0.355533242
    0.129530758 0.143318772 0.412831932 0.517830133 0.630603433
    0.928462446 0.111969054 0.417978317 0.922205269 0.0732393861
    0.436772764 0.58505255 0.165691942 0.517540693 0.568993449
    0.599098682 0.370332569 0.600925505 0.872885168 0.71333909
    0.437978566 0.526111007 0.140392542 0.665210724 0.29058212
    0.753584683 0.219173461 0.376666099 0.275957704 0.25777477
    0.853710771 0.294039696 0.402936935 0.700317085 0.770509481
    0.957797766 0.957121968 0.731731057 0.935759425 0.112193435
    0.323973328 0.458332509 0.850160897 0.968399048 0.479605794
    0.509575069 0.517089069 0.58765465 0.840731978 0.733413577
    0.518038988 0.037142247 0.335733831 0.00925028324 0.357138753
    0.400703609 0.493290484 0.588595152 0.533484995 0.342496336
    0.577906728 0.245044589 0.210013688 0.217962295 0.305331767
    0.000186622143 0.0785190761 0.230482489 0.680226624 0.470356375
    0.83425355 0.134402812 0.742621005 0.974308908 0.442007393
    0.230500758 0.256740332 0.294335365 0.645187795 0.751852572
    0.921129465 0.0122430325 0.959514201 0.380897403 0.924668729
    0.428066134 0.252070308 0.39121753 0.849059284 0.667664051
    0.76292491 0.78358674 0.762068987 0.0181431472 0.480727494
    0.932175279 0.676321745 0.592000782 0.510937214 0.0172340572
    0.311346978 0.514667392 0.937783897 0.836665094 0.34414947
    0.529420733 0.182436287 0.39550668 0.103124052 0.140252471
    0.110817373 0.0374728143 0.492432714 0.770931363 0.00467044115
    0.0119497776 0.125584066 0.436661541 0.42391628 0.322704583
    0.241973549 0.486730039 0.0303229988 0.800928831 0.542874813
    0.389085144 0.999488175 0.209267318 0.925365448 0.0927916765
    0.52489531 0.0807316005 0.653280914 0.771649957 0.617894888
    0.600549757 0.0302149653 0.463082612 0.0131072402 0.7201038
    0.278927743 0.284688175 0.511685371 0.115011841 0.124878228
    0.733039677 0.781610847 0.899002135 0.955908775 0.0773199201
    0.564669132 0.526101351 0.99916029 0.142745107 0.484957695
    0.0686555207 0.379473865 0.752975345 0.101705492 0.916667342
    0.117573857 0.11254859 0.307379067 0.238998771 0.911033273
    0.214928776 0.164659411 0.806280255 0.663033187 0.546133935
    0.501552165 0.756767988 0.987634003 0.345054805 0.0328414738
    0.173092395 0.246582717 0.659957767 0.210818738 0.229896963
    0.644167185 0.191124439 0.574755967 0.0288490355 0.773568034
    0.0646539927 0.155518472 0.419858575 0.0903917551 0.438056201
    0.276082754 0.608824611 0.141098678 0.395334452 0.6670506
    0.761984468 0.891474605 0.236139417 0.219922215 0.559684932
    0.628944039 0.316352397 0.108297646 0.229113311 0.885912955
    0.520319104 0.455068469 0.276783735 0.251083344 0.339585423
    0.262586772 0.437740982 0.923634052 0.612076402 0.868654609
    0.73968184 0.101075947 0.548041999 0.319743454 0.16993162
    0.189529628 0.0113709867 0.543812752 0.0293724239 0.174081534
    0.187066615 0.571160495 0.938915253 0.710925162 0.23367691
    0.643346488 0.103039742 0.810251594 0.843932629 0.629431009
    0.762153387 0.597083271 0.86963439 0.948428392 0.808620453
    0.853623569 0.308925748 0.996997714 0.451230675 0.893239379
    0.931118071 0.612555981 0.317449331 0.586904883 0.87285459
    0.643437803 0.721226573 0.448209047 0.504707098 0.430296451
    0.761072159 0.755037546 0.714023054 0.442611605 0.615192711
    0.292699188 0.747932374 0.235961437 0.0357936025 0.446734697
    0.116542041 0.18424511 0.367870688 0.882185817 0.756912351
    0.513550103 0.345872819 0.551587999 0.341648042 0.501221895
    0.432617813 0.979369044 0.92772007 0.714019716 0.0772974491
    0.0449341536 0.500849545 0.62921077 0.136101365 0.51289326
    0.0772368312 0.185726076 0.112101138 0.23959294 0.667610526
    0.396692723 0.508738756 0.928013086 0.450701028 0.637561679
    0.476424396 0.880678892 0.340054631 0.234728724 0.796824217
    0.218458772 0.298602015 0.0011998117 0.619613409 0.621457815
    0.320528865 0.384001732 0.157729745 0.718359351 0.945654869
    0.379518151 0.663419306 0.483330965 0.635997772 0.580425858
    0.398799837 0.449458897 0.462842166 0.520656168 0.859220266
    0.697353303 0.972530484 0.852333069 0.968429565 0.737976074
    0.026260376 0.141330063 0.15402171 0.703542769 0.23499766
    0.311961591 0.539048076 0.213841677 0.406521678 0.142323911
    0.997792959 0.0767270923 0.83744657 0.795310199 0.300334215
    0.0597615838 0.821408272 0.787667274 0.101702005 0.676729918
    0.29931128 0.0342033207 0.647259891 0.844965458 0.754242301
    0.582360208 0.643754184 0.452140987 0.307514876 0.371493578
    0.747750521 0.503553152 0.724560678 0.987232566 0.723322868
    0.564395845 0.700071394 0.939354002 0.913669229 0.885918379
    0.29156971 0.173570842 0.20356828 0.1380319 0.413328141 0.552169323
    0.634745479 0.0738320351 0.425971717 0.899998009 0.13990438
    0.99369204 0.116572171 0.333859205 0.602586269 0.430061609
    0.26146996 0.120275676 0.223269194 0.725805819 0.457060337
    0.54579854 0.273605794 0.422359228 0.739128828 0.205051482
    0.724379897 0.528875589 0.619014025 0.0964832008 0.0862927437
    0.845757961 0.395507872 0.485142589 0.261902153 0.678429484
    0.478297234 0.764536977 0.172455341 0.857737839 0.204195023
    0.245232791 0.659631848 0.185759187 0.888307631 0.921619892
    0.253191531 0.508281469 0.919959128 0.777988672 0.73946929
    0.205260277 0.993390322 0.229572743 0.0107366145 0.837128043
    0.0788083076 0.87762022 0.0686797202 0.286526054 0.842874587
    0.246533155 0.242895305 0.832975268 0.46888715 0.977541685
    0.825933754 0.421828091 0.231606454 0.433096975 0.0931100845
    0.570898771 0.553164124 0.768671632 0.437455148 0.207142591
    0.428746969 0.369089127 0.449357837 0.0457736552 0.677747965
    0.487976998 0.0499721169 0.63760674 0.0685446858 0.560975432
    0.223855674 0.217958689 0.308371335 0.313272536 0.0421527922
    0.190713167 0.06246382 0.345832348 0.387405276 0.22253716
    0.810471058 0.668240428 0.730413795 0.254098713 0.263459176
    0.426265955 0.780810118 0.980253279 0.182213336 0.575462461
    0.760072708 0.604832113 0.198806465 0.184174836 0.0361962914
    0.489548504 0.596686065 0.987078071 0.110076278 0.473619103
    0.74991852 0.530047715 0.491943151 0.910597086 0.125013053
    0.161003292 0.634469926 0.19711411 0.933492422 0.00745767355
    0.339237213 0.216634154 0.504758596 0.680179715 0.900165439
    0.177970201 0.146882534 0.881862521 0.873736739 0.303937107
    0.110531509 0.896098137 0.771874547 0.645838976 0.752092123
    0.61748606 0.076756686 0.0996907055 0.715188861 0.410483569
    0.684320509 0.903475821 0.827359974 0.647291422 0.263351649
    0.340172291 0.742077649 0.763377607 0.687342167 0.760471821
    0.555713892 0.754816294 0.582939088 0.048627913 0.742496192
    0.586025655 0.832555473 0.406378061 0.833303928 0.0456729233
    0.901837826 0.991295934 0.71517241 0.359409153 0.755425096
    0.795768201 0.39339748 0.489633203 0.999703169 0.296084464
    0.544027627 0.523015857 0.585603535 0.291327357 0.390431762
    0.892555356 0.566209018 0.0395360291 0.294745088 0.0747508109
    0.744456291 0.252751589 0.671375751 0.284726024 0.395283341
    0.575250626 0.463165313 0.303504288 0.879009843 0.437284052
    0.745780885 0.613994002 0.915703893 0.690401495 0.42545563
    0.638575792 0.662422299 0.19835642 0.940986395 0.0668771267
    0.822341204 0.829651356 0.429360479 0.782642841 0.856228948
    0.164049745 0.98446393 0.962061584 0.00914311409 0.560126543
    0.0784849226 0.0182870328 0.0517078638 0.929290175 0.581852496
    0.440518498 0.982705593 0.672344506 0.678147912 0.830395758
    0.383690327 0.978777289 0.508091927 0.0863622725 0.318357378
    0.00252324343 0.458103597 0.0361995995 0.285278022 0.575720727
    0.462460876 0.439577281 0.15022406 0.118223399 0.764897466
    0.881207705 0.644264698 0.781969488 0.988446712 0.19266513
    0.943213046 0.448406309 0.443155348 0.742250562 0.348281294
    0.235762209 0.542117476 0.622922778 0.73015976 0.0375831723
    0.44209832 0.195599347 0.60153228 0.0481181145 0.783271194
    0.733410239 0.836699009 0.0641411543 0.522116482 0.250509441
    0.210244179 0.0441087186 0.21681881 0.0578258634 0.0390195847
    0.549659014 0.231197655 0.268215835 0.206205606 0.277958095
    0.962077856 0.286252826 0.68738544 0.149181724 0.60961163
    0.576378405 0.393256187 0.753273964 0.187984854 0.489320546
    0.051230073 0.0375569165 0.410912991 0.866237283 0.278583556
    0.874449313 0.596038699 0.0622199178 0.328050226 0.796862662
    0.471070617 0.664556384 0.0688135922 0.413983613 0.0624136925
    0.932888687 0.220580459 0.207204461 0.900619626 0.262523234
    0.125072151 0.882800519 0.438883007 0.605267107 0.178927988
    0.627119303 0.435580969 0.230578214 0.377223432 0.456019789
    0.824436486 0.654722452 0.905781448 0.684242129 0.538978398
    0.75724256 0.460010111 0.902106166 0.653062463 0.641040325
    0.545107007 0.797091126 0.513134241 0.330178469 0.00506430864
    0.788443327 0.879133701 0.129165202 0.936388254 0.0973856747
    0.230102539 0.128685534 0.251136601 0.91686964 0.662682056
    0.59256649 0.21361655 0.253794372 0.1905303 0.705172837 0.407621771
    0.658961892 0.56423533 0.898719013 0.105383635 0.513522267
    0.237308085 0.826351464 0.435089082 0.214539915 0.0847308636
    0.385927647 0.446551532 0.294802547 0.829520941 0.0027102232
    0.145476252 0.266764224 0.741758049 0.520224273 0.592432141
    0.00416183472 0.419356048 0.235402793 0.21931538 0.210288882
    0.35552606 0.876875281 0.284290254 0.565963805 0.648774803
    0.185614824 0.722973764 0.623996437 0.585828662 0.501690924
    0.159724087 0.933575571 0.290614992 0.386932611 0.873589754
    0.566598296 0.250310004 0.250351191 0.253323436 0.868364215
    0.273045182 0.399451464 0.608822286 0.695653975 0.512797713
    0.862501264 0.202621967 0.645956576 0.513364613 0.692957997
    0.39501822 0.898779333 0.699213386 0.354852676 0.276150882
    0.389870882 0.188319832 0.374004275 0.522430539 0.149269491
    0.956448436 0.136707753 0.0210413039 0.625483394 0.757500887
    0.540684223 0.581903279 0.0870165527 0.530008197 0.357919365
    0.0564715564 0.764698803 0.222198606 0.235040963 0.185779303
    0.438262552 0.18329823 0.590749621 0.102089375 0.278109908
    0.663713038 0.338668942 0.489428967 0.559833825 0.832121849
    0.418244064 0.448163778 0.640788317 0.233025223 0.751165211
    0.564937651 0.576676369 0.645975351 0.236385137 0.429166764
    0.824980915 0.556607127 0.513571799 0.0106350183 0.859885931
    0.394473553 0.295725286 0.767800927 0.298936844 0.4857544
    0.134725481 0.300020039 0.534999073 0.695063412 0.895988941
    0.515763223 0.9333359 0.165713817 0.453754514 0.939018846
    0.665299773 0.0144547522 0.281408429 0.217253 0.630533457
    0.0712241828 0.541850567 0.291313529 0.845089495 0.283336759
    0.96255827 0.952538252 0.907771111 0.668091118 0.664507687
    0.272109628 0.917353988 0.452436864 0.139458954 0.0247397423
    0.148233443 0.483843923 0.0859853923 0.991470575 0.736348689
    0.0818852782 0.347306341 0.703327656 0.211118162 0.538792312
    0.701036572 0.741129458 0.0331510305 0.794389009 0.759367108
    0.304810405 0.0556643903 0.766541839 0.475808024 0.430614054
    0.18695876 0.810356677 0.148034334 0.0600472987 0.600412011
    0.0884800553 0.664254665 0.447276205 0.732564509 0.0932678878
    0.545523822 0.282242686 0.578746676 0.077080071 0.928728759
    0.207307458 0.902946711 0.190471679 0.845465541 0.447079182
    0.45007211 0.508161366 0.426461816 0.768484235 0.178354681
    0.255588859 0.219004661 0.494790047 0.327030063 0.456001788
    0.788419485 0.516691446 0.721264243 0.810971737 0.124428809
    0.677122951 0.604537666 0.0696313679 0.434016943 0.535660386
    0.575471699 0.573770165 0.0853320062 0.559821546 0.675233543
    0.830858231 0.519517362 0.0193628967 0.77863884 0.431610376
    0.896803975 0.0408784151 0.990008533 0.524839044 0.663928568
    0.129463583 0.875434995 0.915066659 0.860465527 0.855733633
    0.79366082 0.686295748 0.288622618 0.762104154 0.0497249067
    0.871654868 0.485854954 0.00533381104 0.21137917 0.610610604
    0.955509782 0.204880059 0.00535792112 0.459850997 0.859090567
    0.940831482 0.66882354 0.417805105 0.891882181 0.659076571
    0.423782408 0.206986338 0.895110369 0.133285701 0.976711631
    0.632292032 0.415815502 0.955436051 0.517996848 0.375423431
    0.132668138 0.704597175 0.82933116 0.696779072 0.184859604
    0.945710301 0.553409278 0.863133669 0.356970519 0.0588806272
    0.426343501 0.623635888 0.175686479 0.987968266 0.107957959
    0.113467187 0.473969966 0.127758294 0.651913524 0.300412059
    0.292793214 0.583272934 0.920536399 0.236581534 0.555780292
    0.835125148 0.91037029 0.440033942 0.700866163 0.291192949
    0.335369825 0.0735171437 0.404022723 0.528764606 0.8452878
    0.806120038 0.246761501 0.630465209 0.95621419 0.906819522
    0.235079616 0.270074606 0.105954021 0.207556903 0.938862801
    0.251979232 0.154484689 0.53532207 0.477328688 0.502644181
    0.0619671047 0.232999533 0.532029688 0.865820289 0.395287216
    0.535898447 0.984953642 0.521249115 0.42059648 0.42979902
    0.565476418 0.0668424368 0.745788813 0.0348169506 0.689486623
    0.354496062 0.663173676 0.712936223 0.493625939 0.0191136003
    0.205658257 0.129248977 0.0491572618 0.404048562 0.66019845
    0.0126761794 0.808176041 0.0188995004 0.962230444 0.0551665723
    0.772773027 0.621309459 0.693761349 0.294801235 0.46785 0.913935065
    0.263652861 0.204216331 0.067450434 0.151159406 0.815108061
    0.702937961 0.184206963 0.0447036028 0.807278991 0.932333946
    0.484804779 0.51227653 0.446795613 0.420227259 0.357325554
    0.427134186 0.0927626491 0.487080514 0.13661021 0.298458755
    0.0462238193 0.872089028 0.584794998 0.750671566 0.09031111
    0.688766479 0.994518995 0.375691265 0.630298734 0.612753153
    0.371505916 0.143887997 0.759430945 0.525148571 0.404336751
    0.169319987 0.473868728 0.533368468 0.649395585 0.778032422
    0.336936414 0.983545899 0.760954082 0.576119065 0.332606792
    0.434569001 0.259282768 0.201183289 0.254539877 0.156817764
    0.779254615 0.513246059 0.486687839 0.779088497 0.152430207
    0.201479822 0.8355515 0.258491606 0.247766852 0.875676036
    0.552910924 0.935495138 0.125612378 0.248761952 0.118722409
    0.869125843 0.155902058 0.632113576 0.863295376 0.0644334257
    0.223949283 0.0872487426 0.335031271 0.388692766 0.269356191
    0.903208792 0.304791838 0.0971537828 0.220999032 0.41396457
    0.342466176 0.144277841 0.886720419 0.375796616 0.22810787
    0.178009391 0.901765704 0.426099628 0.275096536 0.482529759
    0.833015978 0.575197875 0.667734385 0.671216846 0.298421413
    0.0464535058 0.591827393 0.735756457 0.550630569 0.3489694
    0.949435949 0.147842199 0.979740858 0.75710535 0.622237384
    0.876538277 0.525216162 0.93920368 0.252098143 0.187288344
    0.738624334 0.641674101 0.0792401135 0.645294905 0.305027127
    0.389453173 0.607710242 0.457222462 0.551390231 0.107659698
    0.0685355365 0.0996121168 0.603462338 0.833143711 0.0413725674
    0.0303588212 0.9696666 0.551996708 0.287944257 0.184174627
    0.77149266 0.522176981 0.194915444 0.96196425 0.483974606
    0.870093703 0.36246416 0.137786657 0.37148416 0.582040787
    0.358909011 0.245599121 0.103922397 0.416469127 0.193265527
    0.573278427 0.335787117 0.919608951 0.267323792 0.58123982
    0.849515676 0.918578744 0.284394741 0.960738063 0.655676603
    0.97213459 0.700918794 0.439026058 0.469500273 0.795318484
    0.122365296 0.304802239 0.730723262 0.858323574 0.448091149
    0.210143596 0.555076301 0.500649869 0.798681736 0.323352993
    0.144396007 0.897781014 0.44440496 0.607805431 0.174564302
    0.980808496 0.911451459 0.613238215 0.624412 0.417846769 0.955637515
    0.244391114 0.262087166 0.194483846 0.319669485 0.15497303
    0.472716123 0.519656241 0.622588098 0.191842824 0.903533399
    0.566475987 0.737710893 0.523837984 0.288876444 0.271909058
    0.300485551 0.130371183 0.107313633 0.882132351 0.558679819
    0.603724837 0.700297773 0.381153524 0.841149926 0.800422013
    0.431984186 0.925222397 0.393295139 0.538673699 0.388079882
    0.558947742 0.110292196 0.279988825 0.195560962 0.0466314554
    0.808892369 0.552991211 0.300435781 0.834491372 0.0944718122
    0.499596834 0.942032039 0.244330496 0.403024644 0.427447826
    0.307622761 0.119528502 0.233606458 0.523255825 0.471280307
    0.686153412 0.488708556 0.189757049 0.724799991 0.148653299
    0.414552897 0.771937251 0.906905651 0.510444999 0.0294260085
    0.0131374598 0.714834034 0.482930481 0.997137249 0.779335022
    0.285984248 0.257776558 0.77543956 0.195703685 0.207193941
    0.326301485 0.78912276 0.852967501 0.0488951206 0.139209658
    0.935466826 0.655166984 0.959457695 0.183995545 0.554115534
    0.391409695 0.479598612 0.840447187 0.295549333 0.694368184
    0.935247064 0.152204543 0.0732572079 0.0274704695 0.615026116
    0.320777416 0.770678163 0.530463696 0.82435298 0.739502549
    0.712612569 0.858694077 0.114364684 0.391950667 0.651619554
    0.0930265784 0.0686073601 0.0563978553 0.440402836 0.814029634
    0.762605906 0.43824178 0.907235861 0.285767794 0.476246923
    0.780276299 0.957157969 0.14259994 0.279865414 0.681271195
    0.102110773 0.468052685 0.282472551 0.725284338 0.854560554
    0.424763978 0.954465508 0.894805789 0.294591904 0.377660841
    0.113565087 0.911187053 0.461200029 0.719454467 0.912608981
    0.848909497 0.4864088 0.183532506 0.666392803 0.258063734
    0.107726544 0.62447536 0.343034148 0.627393663 0.347988278
    0.505361319 0.13873896 0.405753553 0.878797352 0.367819369
    0.731222689 0.326895237 0.0261324048 0.923523784 0.0549001992
    0.188644707 0.832025051 0.224382639 0.980933011 0.207203269
    0.868211865 0.92272985 0.411271989 0.534508407 0.306217492
    0.928255796 0.377264559 0.617270708 0.93417263 0.174948633
    0.308356106 0.58587265 0.504782796 0.418445855 0.790358901
    0.237701237 0.780350566 0.366762042 0.344318718 0.603626668
    0.232806981 0.44265604 0.314760178 0.868169367 0.333942652
    0.251588583 0.553623259 0.396691889 0.478159785 0.241734087
    0.430284142 0.224891007 0.537248969 0.692986488 0.831915259
    0.499297917 0.706258774 0.000943005085 0.907436192 0.422725141
    0.00564038754 0.858386397 0.199114382 0.344658583 0.800048232
    0.188166708 0.525191724 0.11837101 0.836348414 0.841333032
    0.0343666971 0.919981241 0.541925728 0.0104516149 0.854150653
    0.623122275 0.614483714 0.59967947 0.655947745 0.768360496
    0.650869131 0.41634509 0.0949889123 0.797988653 0.446319282
    0.960864425 0.616766036 0.332346737 0.719943643 0.666296363
    0.547071874 0.576873004 0.749979138 0.959900737 0.780208647
    0.881724715 0.690087974 0.898199379 0.184706628 0.997999549
    0.0757123828 0.0346620381 0.787607908 0.569481254 0.324603111
    0.945098758 0.716877878 0.971603036 0.0720846653 0.543484569
    0.0747926235 0.13412106 0.699282587 0.534954548 0.936957359
    0.775853157 0.317620158 0.623352289 0.29760164 0.139841527
    0.732724547 0.463063359 0.626422524 0.268955231 0.100120097
    0.648411214 0.856388569 0.602503598 0.688372552 0.132548541
    0.461249828 0.0509918928 0.794206619 0.469532579 0.948626399
    0.812918425 0.336415946 0.356105685 0.924524665 0.853309214
    0.188667208 0.501757681 0.427933931 0.685769677 0.818808913
    0.982757211 0.764568746 0.149893314 0.625497758 0.674375415
    0.188416779 0.139111847 0.50674808 0.378884256 0.384951293
    0.412686318 0.0961431563 0.875922143 0.463288367 0.564879358
    0.991785526 0.51576668 0.538065672 0.778095484 0.954773188
    0.923370004 0.106327176 0.243836731 0.371854156 0.479391634
    0.165320605 0.686061978 0.335713297 0.370226562 0.403375149
    0.437785298 0.519180477 0.752301097 0.602349281 0.236687452
    0.392667621 0.813360572 0.594836891 0.60394609 0.544837713
    0.929801345 0.678331017 0.537476242 0.251098871 0.123092085
    0.00945141912 0.331169069 0.768398523 0.303219259 0.493448555
    0.445928931 0.980827808 0.88246429 0.348080873 0.104194731
    0.248232633 0.574494243 0.667788982 0.687327385 0.99187243
    0.161361754 0.965021253 0.642553151 0.00710487366 0.514932096
    0.286024779 0.554454267 0.595749974 0.292225659 0.510961354
    0.85847342 0.347136557 0.486095339 0.602335393 0.92118907
    0.921786904 0.0149624646 0.903110981 0.74102366 0.0344547331
    0.838740289 0.717948437 0.980799317 0.79374373 0.531581223
    0.18822366 0.820449233 0.101083249 0.293086052 0.783666372
    0.836151361 0.477165043 0.872462034 0.631020784 0.877857864
    0.56624651 0.222381443 0.570832074 0.76131326 0.305998504 0.71942395
    0.0173118412 0.850648403 0.00524777174 0.481803387 0.435578942
    0.428831637 0.283847272 0.993948698 0.0231882334 0.0315572023
    0.899799347 0.034504056 0.249878615 0.0588246584 0.27634114
    0.821252942 0.255957365 0.843169868 0.944744408 0.272789687
    0.207015216 0.380853325 0.756638646 0.660665572 0.712241828
    0.771539032 0.306855172 0.311252892 0.313136756 0.150912464
    0.983717203 0.887730002 0.822575629 0.0589630008 0.765084088
    0.0472794473 0.439485073 0.216204643 0.81549418 0.0235293806
    0.237510145 0.4581514 0.722789943 0.216669917 0.500909388
    0.0553498864 0.771926403 0.974326372 0.137808084 0.707593322
    0.862042427 0.381708562 0.486133128 0.255351156 0.916775882
    0.912947774 0.0917689204 0.129780918 0.720187962 0.252542794
    0.86301899 0.641641736 0.571345687 0.929281116 0.362957925
    0.930762291 0.388555735 0.330684513 0.110318869 0.439904779
    0.424978614 0.300984442 0.309748739 0.903938651 0.539984822
    0.447696865 0.267806768 0.832724214 0.429512799 0.420318156
    0.999372959 0.675713539 0.524722695 0.0658757985 0.355762839
    0.558875203 0.863505483 0.348012447 0.166416138 0.718968391
    0.100750178 0.790106952 0.633873701 0.499214888 0.239106566
    0.405448586 0.378529131 0.266307056 0.776429534 0.888841927
    0.542130709 0.52869153 0.264778793 0.907420874 0.502343774
    0.916738153 0.74762094 0.257236302 0.510395467 0.57847023
    0.901815891 0.357044816 0.100043118 0.648523629 0.961746931
    0.516861856 0.0954368711 0.195211619 0.170436889 0.378792793
    0.137951076 0.284486324 0.740964472 0.166484714 0.545575142
    0.878903747 0.748813033 0.957813025 0.5981704 0.213856071
    0.199219495 0.219590336 0.890382051 0.869546175 0.956520855
    0.731764972 0.943533421 0.511424005 0.851375699 0.758858323
    0.498580903 0.103092164 0.317306519 0.951833487 0.0188881457
    0.417316169 0.612333119 0.899767995 0.719538093 0.819847405
    0.916365147 0.275761068 0.749982297 0.21225825 0.0733191371
    0.345929742 0.347840101 0.382979304 0.497414887 0.995392442
    0.49845317 0.865099192 0.41455555 0.820222378 0.634567678
    0.545789003 0.97902143 0.462214708 0.767912745 0.333365858
    0.566970825 0.561647654 0.682524681 0.44122225 0.341520756
    0.392198622 0.756474137 0.162833005 0.222056448 0.145175517
    0.946348906 0.631754339 0.98490262 0.0606988668 0.680330455
    0.4828192 0.595026135 0.675451338 0.0980677903 0.690767109
    0.0161475241 0.318094224 0.607095242 0.0502184927 0.500790477
    0.772621095 0.243494093 0.782621861 0.119356304 0.96912986
    0.621800184 0.538993061 0.822164178 0.257436037 0.609750867
    0.754112542 0.560519576 0.206549197 0.397048503 0.409359038
    0.966335177 0.87159574 0.994847059 0.491181105 0.45794785
    0.610466957 0.16314742 0.136101723 0.211459219 0.966724515
    0.915532351 0.03435269 0.0766438544 0.455289602 0.522869945
    0.784551203 0.815265 0.927246213 0.941986799 0.362131 0.128028035
    0.746625006 0.656042933 0.848123312 0.509137511 0.326185763
    0.203463376 0.530231893 0.214799076 0.461225271 0.178071171
    0.984354138 0.855692267 0.861968279 0.807572722 0.522436023
    0.624581575 0.675742507 0.255700111 0.704585612 0.551216125
    0.215224862 0.883588433 0.588074028 0.00956046581 0.684507251
    0.867376447 0.261208922 0.00831982493 0.198960364 0.739384651
    0.223740011 0.976097465 0.0290318429 0.353871822 0.0981709957
    0.712580681 0.678614259 0.700699151 0.734100997 0.25124824
    0.325947315 0.684265137 0.554891467 0.955716848 0.306228369
    0.917623639 0.861701012 0.430606216 0.910264432 0.452759057
    0.37953189 0.744254827 0.459817141 0.391568363 0.969488978
    0.371243685 0.183390677 0.832940102 0.450060427 0.0482682288
    0.74363327 0.0561036468 0.916206241 0.116142213 0.613870561
    0.359158754 0.681375444 0.356545091 0.20850423 0.034481734
    0.790892422 0.266261637 0.774534106 0.927739263 0.0268646777
    0.912561893 0.845254242 0.780038118 0.0402989984 0.879287601
    0.599236071 0.827307642 0.34811312 0.51846689 0.519718468
    0.348234832 0.103414059 0.302903175 0.889646649 0.454505444
    0.182375789 0.671376467 0.488565445 0.705518782 0.279712051
    0.867020249 0.96607554 0.23736459 0.115839243 0.199849844
    0.608292341 0.775133193 0.726283312 0.55225718 0.844038904
    0.128777832 0.0824102759 0.388795614 0.32731998 0.550355136
    0.349732906 0.888580918 0.111810327 0.341058195 0.533754468
    0.674585819 0.171925962 0.210758269 0.045930624 0.99924475
    0.991601229 0.312807918 0.834625244 0.618896127 0.626343846
    0.611128569 0.37416786 0.727863073 0.444530696 0.100155532
    0.747277021 0.934137821 0.490409493 0.121171683 0.323331714
    0.303741693 0.893425465 0.261702567 0.910557091 0.301899284
    0.810331464 0.889326096 0.56531477 0.823417425 0.124822587
    0.158957869 0.333066881 0.536372423 0.579819679 0.736394227
    0.1577259 0.30153966 0.548743248 0.889391422 0.536612749 0.311774582
    0.669455886 0.950376093 0.963373184 0.522700131 0.336560309
    0.773236275 0.039719969 0.452346742 0.151287764 0.830270171
    0.323874354 0.0988015831 0.402595758 0.0384682417 0.689465284
    0.865537167 0.156495571 0.611329556 0.448817492 0.618525445
    0.30608651 0.867532551 0.611913025 0.0678063631 0.847688079
    0.505295873 0.659533918 0.772397876 0.968757212 0.804858327
    0.121794641 0.896188915 0.704798937 0.863954842 0.787677288
    0.192165077 0.0124179423 0.999476433 0.577296674 0.253627956
    0.169566035 0.441691995 0.761921108 0.285829008 0.324140668
    0.200943679 0.46161285 0.88348496 0.22437048 0.398958087
    0.0108463466 0.96325779 0.736939132 0.70752269 0.517005503
    0.757240832 0.194253892 0.59843117 0.686584473 0.135703295
    0.817631841 0.259280562 0.351364374 0.531308174 0.267575562
    0.785914779 0.299057722 0.705421031 0.72030288 0.344539642
    0.238022983 0.859741509 0.453491688 0.283123672 0.73017931
    0.949446678 0.267430812 0.701701641 0.49913168 0.494930267
    0.454086125 0.474716425 0.915564775 0.861337066 0.432890803
    0.845184326 0.266608119 0.0640017986 0.279522538 0.803911328
    0.809225321 0.288216174 0.58217454 0.780571997 0.430786222
    0.749336183 0.930411458 0.902821481 0.646700501 0.397193193
    0.53451097 0.362869859 0.712945044 0.424659908 0.348121464
    0.913838863 0.30048728 0.568676472 0.535227597 0.604799509
    0.721882761 0.838903546 0.577232838 0.941946149 0.79273653
    0.491462201 0.814896464 0.243278116 0.687587678 0.866429448
    0.0991714597 0.560465932 0.849438846 0.944273055 0.338591874
    0.27783218 0.600337207 0.284227788 0.930262387 0.434039861
    0.573670745 0.881198287 0.0983210206 0.293556333 0.989158869
    0.735109866 0.223423839 0.550073445 0.430638641 0.516487122
    0.159199238 0.875041544 0.56141448 0.166270405 0.167704374
    0.633851707 0.378013909 0.586813629 0.240054697 0.234107524
    0.798169494 0.390733242 0.738349259 0.992628753 0.883882642
    0.0920828581 0.481218576 0.38592127 0.396531045 0.547211409
    0.651667833 0.897127867 0.524339378 0.721068084 0.861599445
    0.595689178 0.39773339 0.345820367 0.637756705 0.871947646
    0.260722637 0.534627616 0.00609818101 0.728461206 0.288635164
    0.468928456 0.18933776 0.229976654 0.791639805 0.628081203
    0.361203313 0.646360993 0.846532345 0.855957985 0.611824811
    0.235835403 0.0389432013 0.205869883 0.24029547 0.0649606586
    0.0215233266 0.724622965 0.542206049 0.945775211 0.364720464
    0.931773424 0.943275452 0.439818233 0.0440786779 0.403607607
    0.934967399 0.86548543 0.774277091 0.50108856 0.350173473
    0.0728114545 0.504369199 0.516848445 0.423313677 0.598779976
    0.133228511 0.113725573 0.715925217 0.0336853266 0.270581961
    0.767728448 0.976940036 0.400859714 0.449929833 0.943091273
    0.47820875 0.178398877 0.482337773 0.0818515718 0.505006135
    0.947758555 0.138962537 0.720777273 0.78932786 0.819559097
    0.013320893 0.908614278 0.742564201 0.967518449 0.983613014
    0.719386816 0.659442544 0.676808894 0.128053814 0.474700034
    0.537654936 0.281806767 0.922172189 0.427583396 0.897696257
    0.801108897 0.765316963 0.191172332 0.976605892 0.946680605
    0.175943106 0.941788673 0.775032997 0.401773155 0.832529783
    0.0603977144 0.78236115 0.739324987 0.755205929 0.508738995
    0.293033034 0.540683448 0.0936651826 0.953387856 0.692912936
    0.661976814 0.561350405 0.0299207568 0.366085052 0.983626246
    0.954390705 0.996675253 0.140605897 0.636816561 0.808143497
    0.859793723 0.75621599 0.963275313 0.796680212 0.991235912
    0.999114037 0.185805678 0.471181959 0.991757035 0.552921891
    0.211027056 0.293479621 0.855487347 0.922802508 0.346510738
    0.033449322 0.945117772 0.242835432 0.699700058 0.137437046
    0.463094801 0.660113871 0.987025499 0.814953804 0.313488126
    0.423385054 0.666930437 0.493771374 0.401827902 0.530037284
    0.672778487 0.836963236 0.395230353 0.172982037 0.641927302
    0.205209345 0.412542582 0.852751195 0.0983529985 0.924338222
    0.156261265 0.179810494 0.0168566406 0.368249357 0.51262182
    0.861420631 0.693109632 0.395970017 0.263353229 0.233366281
    0.575120449 0.0234336257 0.713565588 0.729108691 0.0734907687
    0.0066575408 0.899811029 0.207821101 0.700881124 0.485400319
    0.413881063 0.552221239 0.0865598023 0.0458072126 0.394421697
    0.149876297 0.606960416 0.77638191 0.412426353 0.697406411
    0.727993369 0.626089036 0.781064749 0.241261572 0.0180116296
    0.451633483 0.135126442 0.661273956 0.43971619 0.992713809
    0.353210121 0.398887753 0.357604086 0.494730592 0.991621733
    0.420300186 0.193054557 0.696026683 0.686969817 0.816088498
    0.56113565 0.449009567 0.384670943 0.417823434 0.301287562
    0.890874147 0.47419101 0.246439219 0.0839089155 0.521086276
    0.907705784 0.114920616 0.247345179 0.693729639 0.143750578
    0.641270757 0.933966756 0.51575911 0.186245412 0.223577499
    0.0708877742 0.390240669 0.798039794 0.667558253 0.911807597
    0.630019248 0.199789464 0.586566567 0.167933911 0.325882465
    0.45153299 0.215299129 0.0315023959 0.0492648482 0.448873341
    0.532908976 0.626493454 0.832510233 0.602963805 0.392210424
    0.821800232 0.665805399 0.60893023 0.367203534 0.912857354
    0.672899485 0.147764057 0.89149195 0.540814877 0.399353504
    0.534709275 0.510080695 0.668337643 0.46518454 0.0240220726
    0.207450688 0.716207147 0.200538933 0.934525609 0.390942067
    0.324960172 0.443192273 0.285696566 0.0171900988 0.848326087
    0.0310819447 0.937227309 0.718410254 0.0377283394 0.805710435
    0.618166149 0.274471611 0.747364104 0.341894567 0.0873695612
    0.496753037 0.90951395 0.680511475 0.824630976 0.931890726
    0.947041512 0.051548481 0.459691226 0.380467325 0.328869641
    0.477368414 0.693879306 0.131825209 0.0522027314 0.141679496
    0.733009815 0.836660147 0.439611226 0.492501289 0.57616359
    0.00224262476 0.436828256 0.246405303 0.463279784 0.359876513
    0.710490644 0.271915376 0.533502936 0.440698832 0.943514168
    0.801197469 0.26687032 0.718782187 0.804718375 0.469974905
    0.0106467605 0.897947729 0.560297132 0.344192684 0.200985044
    0.620396435 0.449551702 0.381692976 0.759390831 0.600131094
    0.412767112 0.236834109 0.227530569 0.0483877063 0.124542058
    0.356785059 0.676873207 0.607311606 0.571560323 0.705174029
    0.332864851 0.776728511 0.66935277 0.897251487 0.805650413
    0.990324974 0.377257854 0.276811302 0.480946362 0.1455158
    0.925564706 0.470209032 0.537108243 0.394112587 0.272396207
    0.53350085 0.382650614 0.107785583 0.664897621 0.893571138
    0.241648048 0.870256722 0.903767109 0.748303711 0.0756886303
    0.273362666 0.43940264 0.847694933 0.157845676 0.215247333
    0.394960761 0.106405526 0.269390583 0.827974916 0.75186944
    0.408842057 0.951667249 0.0245971084 0.538960755 0.677093029
    0.584353089 0.75646019 0.466165036 0.999189854 0.0191539228
    0.321135223 0.442327887 0.574665904 0.98992753 0.271428645
    0.496259093 0.247545838 0.71581924 0.980385423 0.177192539
    0.0577939153 0.859036684 0.804237485 0.628958464 0.350766361
    0.638215065 0.716003537 0.494862705 0.0344441235 0.585579693
    0.719005823 0.247404903 0.772038221 0.635863483 0.459975511
    0.292650074 0.358943909 0.120044231 0.593827009 0.881146908
    0.106345117 0.40021199 0.277543604 0.124245584 0.0834159851
    0.497543305 0.231701553 0.894021392 0.473082751 0.588917375
    0.609423101 0.830293119 0.00186052918 0.170031905 0.113902926
    0.409342587 0.0196826458 0.0388219655 0.488892823 0.24476105
    0.750060439 0.790971994 0.20730117 0.465340853 0.405495524 0.8909868
    0.582919061 0.654966831 0.460266292 0.223723024 0.622540891
    0.196082234 0.507217228 0.66459322 0.27514863 0.516221285
    0.904919684 0.615433156 0.794091642 0.687725723 0.189446449
    0.891241848 0.265399963 0.339032859 0.03766343 0.82629627
    0.869110942 0.0982314944 0.167196274 0.0127566159 0.44205454
    0.881049991 0.140846431 0.248673409 0.891690969 0.96301651
    0.918137908 0.410956562 0.538353145 0.422304899 0.728559136
    0.297889143 0.777064085 0.710625648 0.774930716 0.799624681
    0.765132904 0.0358325243 0.131116748 0.410402775 0.03382653
    0.399730265 0.912470579 0.267693073 0.581938326 0.381058335
    0.150497615 0.325341076 0.862676144 0.613608301 0.833214045
    0.826052427 0.0487079024 0.990898967 0.291709185 0.73155874
    0.707470179 0.885952532 0.272756338 0.523508906 0.177716464
    0.940606534 0.516658187 0.282648087 0.969043374 0.836448431
    0.417251706 0.256303102 0.925603688 0.664038897 0.0764788687
    0.148934901 0.108999223 0.802512169 0.396508604 0.120925486
    0.955539167 0.256853312 0.724971652 0.891393304 0.405840158
    0.532092512 0.919548392 0.86075604 0.904674768 0.148387849
    0.0303420722 0.738040209 0.655312896 0.51129055 0.304827452
    0.660403371 0.937399745 0.256164908 0.0227719545 0.043699652
    0.90450561 0.287115365 0.784255385 0.659965754 0.821094036
    0.093172878 0.191318721 0.200350702 0.942623258 0.977420688
    0.864564657 0.145702541 0.467884064 0.546799183 0.499564946
    0.429483563 0.798426032 0.846004486 0.124325007 0.990903139
    0.941649854 0.170567542 0.156208396 0.854211688 0.824754477
    0.228669137 0.822809815 0.347281635 0.759941459 0.42997092
    0.471124411 0.710355878 0.42049557 0.418639183 0.966745853
    0.456856161 0.84888947 0.7623474 0.823958635 0.900088549
    0.000508397818 0.168978006 0.600190043 0.750492334 0.649958551
    0.130290598 0.137863398 0.182001233 0.869625568 0.656783223
    0.404111207 0.361112088 0.531006098 0.54019773 0.954288185
    0.597288251 0.141463429 0.449988276 0.741432548 0.102552652
    0.356452703 0.433549672 0.834459245 0.822372139 0.805082083
    0.309860051 0.522499979 0.153844833 0.0308840871 0.945415378
    0.836107492 0.00842705369 0.563180566 0.953230858 0.0535880625
    0.984813809 0.810903788 0.631153882 0.421900153 0.425408483
    0.0684353113 0.93818891 0.0963455737 0.34482801 0.00403603911
    0.0625430346 0.719004393 0.492856652 0.127801925 0.554337859
    0.293110907 0.594261527 0.426293671 0.84356004 0.565966129
    0.849705517 0.583479166 0.872274518 0.0104863346 0.647318542
    0.647617996 0.168610424 0.12607798 0.548826933 0.267103016
    0.304870993 0.270091176 0.188841432 0.808651865 0.547629714
    0.0201809704 0.00169590116 0.408019483 0.78848201 0.0590290427
    0.532567322 0.188100398 0.742717028 0.672379375 0.567544997
    0.703637004 0.551020384 0.83866936 0.0548216105 0.760343194
    0.668725133 0.57011801 0.309269249 0.397620142 0.80167073
    0.326594651 0.211958826 0.214217335 0.588018417 0.37530911
    0.142830193 0.940407932 0.127966911 0.8743577 0.330717266
    0.700903893 0.400983632 0.0444936454 0.0113623738 0.92641139
    0.751694918 0.671041965 0.725171864 0.576832771 0.483166546
    0.412602961 0.795375705 0.821845829 0.444945842 0.152890056
    0.180052698 0.520428896 0.920164704 0.539037704 0.838154674
    0.335709006 0.751389265 0.0165677071 0.38423267 0.450009316
    0.715181708 0.0632055998 0.300225914 0.813661516 0.326886654
    0.662939191 0.912389636 0.334617168 0.862495303 0.383793503
    0.522584975 0.462302893 0.749029994 0.619250596 0.50498414
    0.0407498479 0.676888227 0.787478864 0.733163178 0.733513236
    0.499411672 0.680389881 0.647263169 0.0885211527 0.794701338
    0.135941535 0.0537662208 0.649582982 0.387287676 0.0846751332
    0.0428007841 0.262005508 0.357571155 0.13695845 0.805553913
    0.353671849 0.411065012 0.265286446 0.46115303 0.826314926
    0.383115083 0.248443216 0.664932013 0.591867626 0.894152582
    0.37958473 0.371256262 0.280625194 0.123506904 0.153997242
    0.0141379535 0.462366521 0.117368281 0.0458704531 0.0120351315
    0.040011555 0.0293098092 0.910966277 0.882633269 0.753218055
    0.925227046 0.1095047 0.338928849 0.240450084 0.903228045
    0.710746169 0.0666518211 0.924178541 0.276340425 0.263847113
    0.652981341 0.181828886 0.600413561 0.920854986 0.218558252
    0.733466566 0.703746319 0.456031829 0.18688947 0.0231786668
    0.146283001 0.529649317 0.128308773 0.734116912 0.111548781
    0.973893166 0.301549941 0.659710765 0.640044391 0.382075548
    0.923377156 0.806655109 0.0393132865 0.0774050951 0.108983219
    0.374349743 0.230101794 0.42533493 0.701978266 0.0587792695
    0.134621054 0.38490212 0.4171983 0.269880474 0.680433273 0.467782974
    0.0983670056 0.95017457 0.556008875 0.454211622 0.502808094
    0.289656878 0.329041719 0.742991924 0.553180516 0.843886614
    0.678677976 0.30709368 0.770213664 0.322698057 0.646069229
    0.451776534 0.875620127 0.772500873 0.0646214485 0.690294743
    0.955951691 0.117554277 0.0237236023 0.232077569 0.965286791
    0.487088144 0.34236899 0.374826312 0.820536911 0.45171386
    0.567051411 0.857610345 0.109229445 0.106171101 0.919049859
    0.450848639 0.882466316 0.223772705 0.621338725 0.676194787
    0.743256688 0.994678497 0.0497036278 0.792393804 0.567244411
    0.937528789 0.108111978 0.299746811 0.821137309 0.385272235
    0.435884058 0.278619587 0.770936966 0.31446135 0.303535849
    0.571097016 0.896990955 0.276313365 0.94796288 0.616170824
    0.163274169 0.308864176 0.796557605 0.271482199 0.903606057
    0.0818167329 0.855303824 0.587460041 0.373760939 0.730434239
    0.743622839 0.327512741 0.862880826 0.101811886 0.786797464
    0.0104382932 0.510302603 0.780584693 0.860021889 0.378937602
    0.301685393 0.24891451 0.0659927428 0.556139827 0.705379367
    0.317687571 0.898389459 0.0441478193 0.556580961 0.91039741
    0.342988491 0.935089529 0.118327081 0.476428151 0.340342402
    0.822583258 0.979992986 0.0509618819 0.0527672768 0.0121074319
    0.603503048 0.406903297 0.567383111 0.313170016 0.379825056
    0.393353373 0.828328252 0.402440369 0.876362443 0.0624609292
    0.913032532 0.0863774121 0.0253201127 0.753101945 0.87919724
    0.701998949 0.783885419 0.877436101 0.29768008 0.388451695
    0.00883352757 0.275467992 0.637909114 0.841447175 0.700615525
    0.316531628 0.87734592 0.45642066 0.33435142 0.837653995 0.501774788
    0.146836579 0.836854935 0.80663085 0.874022961 0.742835104
    0.845639586 0.712664604 0.0601868331 0.608804882 0.340561748
    0.167509526 0.594878018 0.189809054 0.225812972 0.4393695
    0.769830465 0.962702036 0.865468025 0.620317221 0.148043424
    0.363642842 0.704676807 0.308455825 0.34266755 0.666858554
    0.473469615 0.811392307 0.10591054 0.49766764 0.756806493
    0.148654848 0.305942714 0.608664691 0.487211466 0.95811069
    0.639425993 0.287393987 0.136310726 0.74245733 0.990352869
    0.985794306 0.670248091 0.584159017 0.395303071 0.975609303
    0.983626306 0.276250899 0.480068892 0.0600814223 0.432636738
    0.259016126 0.205382675 0.106751442 0.18277359 0.90959537
    0.179797024 0.273847878 0.0770691931 0.958628654 0.288914323
    0.471115947 0.626313031 0.454720438 0.279724091 0.760483265
    0.973138273 0.224580318 0.937585354 0.114327639 0.793945968
    0.417315602 0.165090293 0.333182812 0.132642686 0.634155035
    0.799363136 0.226205856 0.510939717 0.820998311 0.503056645
    0.944729924 0.440522879 0.806772113 0.0126382411 0.774376988
    0.570478499 0.686965942 0.632973552 0.706940472 0.656125724
    0.310315013 0.0143182576 0.195014089 0.195806146 0.246999443
    0.113596916 0.156948358 0.237244666 0.725395858 0.895225883
    0.982284546 0.243112862 0.0333630741 0.893575788 0.823297799
    0.681672573 0.33403939 0.629436016 0.186981618 0.442851275
    0.390569746 0.821028233 0.627466202 0.026955694 0.591030717
    0.288101256 0.899367809 0.988053441 0.936041832 0.152361125
    0.470372796 0.99044776 0.176257938 0.105538964 0.253177941
    0.808071792 0.58404088 0.866758525 0.391843349 0.659335613
    0.486314476 0.0140943825 0.967754602 0.770600438 0.826062977
    0.0899537504 0.487226844 0.218061328 0.847334623 0.595145822
    0.371782035 0.430700481 0.899300873 0.0975757539 0.261285067
    0.639744163 0.961582541 0.857449591 0.64198941 0.149208307
    0.21138826 0.933176875 0.804928899 0.00930935144 0.583658755
    0.607234061 0.497185975 0.347884774 0.685618103 0.323349416
    0.786785483 0.699599028 0.278660715 0.390235722 0.234325618
    0.748009205 0.795063257 0.808186054 0.375227988 0.183607012
    0.0937336981 0.0776192844 0.0533362031 0.821035922 0.754289687
    0.465669036 0.3686589 0.000638723373 0.919433236 0.274761677
    0.645014465 0.970842957 0.0949697495 0.759645283 0.442546546
    0.732391357 0.189931065 0.0847287476 0.239644825 0.515636504
    0.00783735514 0.0558705926 0.915860653 0.862376809 0.980639815
    0.67935884 0.588971853 0.36198616 0.832422614 0.794464469
    0.302478313 0.11676386 0.263976455 0.163739473 0.0166347921
    0.978292704 0.816942036 0.333436668 0.799497962 0.59240061
    0.137865931 0.121709883 0.457960963 0.208465964 0.687249124
    0.772913575 0.329023361 0.4917036 0.52940011 0.831893563 0.548239708
    0.120787472 0.923454642 0.889970541 0.415177196 0.360130668
    0.661396503 0.405948997 0.920253575 0.301529884 0.440038323
    0.853850603 0.169001997 0.240771323 0.539190769 0.061842382
    0.853555441 0.115372717 0.00395441055 0.0189159214 0.760256767
    0.548811555 0.177685618 0.314097613 0.506964266 0.154202223
    0.929076731 0.465440214 0.348084807 0.253706634 0.783179402
    0.166883141 0.0343509316 0.895573139 0.676334739 0.0505328774
    0.651843488 0.0743713081 0.711052358 0.239889145 0.811483741
    0.00958520174 0.626929641 0.633290708 0.425288826 0.0254258811
    0.456762612 0.441879928 0.830395103 0.671849251 0.238680184
    0.331397414 0.415900499 0.716716647 0.660721064 0.738174736
    0.569927633 0.82851392 0.531361997 0.440026939 0.239751756
    0.941685557 0.604120374 0.511371255 0.99683404 0.783538401
    0.122037202 0.413076043 0.926725447 0.347183347 0.862949014
    0.833206534 0.566788733 0.00351729989 0.675257385 0.606599867
    0.795957804 0.0628410578 0.842882574 0.51351881 0.621000409
    0.886492848 0.941238642 0.899216115 0.981580496 0.294859558
    0.727588117 0.985554039 0.984707713 0.0693237185 0.155038565
    0.562460184 0.0572568476 0.945827365 0.0636097491 0.894552588
    0.694330215 0.488919467 0.225392163 0.365147948 0.176486284
    0.528710067 0.674424887 0.362416208 0.903265417 0.77183342
    0.258936644 0.564396858 0.699959219 0.095551312 0.744016469
    0.865437448 0.962947309 0.335136712 0.613115728 0.81472075
    0.818822861 0.379140437 0.436806917 0.272807449 0.865468562
    0.120529324 0.491242737 0.967420459 0.0131199658 0.134062588
    0.434842169 0.778409719 0.800758958 0.931939363 0.93391943
    0.862164557 0.612649262 0.600274146 0.704084873 0.334746957
    0.666894972 0.598337889 0.220517159 0.321322709 0.0866737068
    0.418950379 0.599873126 0.175129682 0.205396026 0.911541164
    0.84256351 0.664203882 0.550867796 0.840200841 0.68356353
    0.645593584 0.671821654 0.724542737 0.531130075 0.576505899
    0.734865665 0.899860442 0.0593663156 0.259032071 0.955945373
    0.0891636908 0.579734564 0.47990638 0.714344263 0.727615237
    0.626632571 0.234806985 0.66456902 0.967228293 0.176667303
    0.784676433 0.1531578 0.994601369 0.921227455 0.306865931
    0.753424883 0.226356596 0.295958519 0.000486403704 0.337373585
    0.287502676 0.656560361 0.194726437 0.66572094 0.17489171
    0.890122652 0.66666925 0.00197866559 0.613659859 0.814150929
    0.863948762 0.669629693 0.291266352 0.806635976 0.279596806
    0.401234388 0.763611674 0.0339656174 0.89182508 0.595442891
    0.0487748384 0.555104792 0.790190041 0.810497284 0.500002503
    0.0800397992 0.468323618 0.931808233 0.336870939 0.773880482
    0.274290979 0.713209748 0.920131922 0.508959472 0.919775367
    0.106368423 0.0675121248 0.176000625 0.511225224 0.0127487183
    0.87782675 0.685954511 0.654118657 0.963155389 0.0675835609
    0.791676462 0.203237593 0.387792975 0.237754464 0.683574796
    0.557237267 0.0897721052 0.0447517037 0.290649265 0.110527724
    0.310375631 0.177026242 0.103690147 0.862053573 0.10222891
    0.427353978 0.828806043 0.540983677 0.954849005 0.612665832
    0.61518079 0.423806489 0.318625212 0.18492651 0.698614836
    0.364961088 0.151547223 0.386248291 0.350845993 0.114244699
    0.956545115 0.232138395 0.764043033 0.183478087 0.871617556
    0.342303753 0.0765185654 0.500923574 0.424129903 0.953301072
    0.232001364 0.0621702969 0.237578958 0.294322193 0.9045735
    0.825417757 0.594618678 0.560487449 0.89763993 0.643138647
    0.133728236 0.893077016 0.144631326 0.450236201 0.475664526
    0.228246212 0.722381473 0.0364304185 0.240370333 0.49814567
    0.526941299 0.518948674 0.751629829 0.953196526 0.404558301
    0.75170362 0.924312115 0.521216035 0.180626184 0.632074118
    0.523216069 0.495192796 0.415572524 0.883467436 0.352913678
    0.103531241 0.703791857 0.199067056 0.868947625 0.139898479
    0.995112777 0.268798769 0.222064018 0.722710133 0.900927603
    0.619799316 0.652029812 0.247182369 0.152818054 0.79263401
    0.818077862 0.8157956 0.351145923 0.78046608 0.944190741 0.725597203
    0.931777298 0.0813796222 0.311861455 0.505255103 0.807751775
    0.707294941 0.300726444 0.672002196 0.779237986 0.0817898512
    0.427587867 0.653803289 0.209442109 0.570580959 0.0755715072
    0.193869829 0.526423693 0.385086685 0.53753221 0.650162578
    0.358454466 0.319116235 0.102576494 0.960632443 0.693081498
    0.985359073 0.128253609 0.41197449 0.188971937 0.711915016
    0.480781406 0.321367294 0.152559131 0.359447777 0.932415962
    0.634505212 0.768900752 0.979383469 0.723318517 0.755502701
    0.777260423 0.312233746 0.964947224 0.898759127 0.893179893
    0.918220222 0.888009787 0.411785245 0.204579949 0.178767115
    0.497184902 0.171340048 0.505871296 0.410290241 0.950674772
    0.550721824 0.642586052 0.650693417 0.231136709 0.644354582
    0.450360715 0.873250484 0.140842706 0.948164344 0.0840889812
    0.245778918 0.860939741 0.248683453 0.252184719 0.435769677
    0.602623761 0.0907129347 0.741795063 0.263602257 0.699541688
    0.971691132 0.77515465 0.18685019 0.556644678 0.524504125
    0.529427707 0.868193626 0.0481246412 0.397531271 0.976421297
    0.285930872 0.93196249 0.995275974 0.978606403 0.550829709 0.4429878
    0.852959573 0.268977612 0.71942085 0.346880496 0.642322481
    0.451680571 0.742798805 0.91987896 0.34078607 0.0895268917
    0.45990175 0.59531045 0.241052657 0.345201761 0.416187078
    0.942902982 0.682687521 0.118956983 0.892672658 0.958264828
    0.974989891 0.47729376 0.619172215 0.128142387 0.449301183
    0.645967722 0.38514179 0.896022439 0.093333602 0.0236211419
    0.120743811 0.650408924 0.364174813 0.793607116 0.362481773
    0.686461389 0.210303336 0.305636108 0.808807135 0.789616466
    0.321641088 0.158564597 0.826358438 0.0539625585 0.595404267
    0.215565324 0.791095495 0.000362753868 0.0102679729 0.517984807
    0.200412184 0.422325015 0.544236779 0.979791462 0.509526253
    0.422300875 0.137348294 0.7236166 0.878959596 0.476413459 0.92018199
    0.546061158 0.45887205 0.205315918 0.285821021 0.0575639606
    0.674801111 0.215382397 0.968446851 0.470844507 0.297239542
    0.883298874 0.0395991802 0.333370477 0.231126428 0.473370463
    0.588842452 0.524344921 0.780487537 0.0965151489 0.869625568
    0.659391642 0.4270868 0.599631011 0.502495527 0.926325262
    0.985204995 0.141511291 0.988059878 0.702212811 0.719361305
    0.258888811 0.629499495 0.329538912 0.620114505 0.402054846
    0.800803721 0.881036818 0.855543375 0.517787099 0.110097349
    0.0919854045 0.775614858 0.20818457 0.960722089 0.497524142
    0.841505051 0.811214089 0.402507603 0.553180397 0.444465756
    0.861656368 0.81714946 0.401757836 0.0854771435 0.40129137
    0.134971976 0.491948098 0.95623076 0.971406817 0.952388823
    0.227928042 0.985502958 0.153312266 0.3730914 0.870664716
    0.373751521 0.428568304 0.124790549 0.930658937 0.443188936
    0.884708166 0.401534796 0.039836973 0.534126341 0.280050814
    0.510069132 0.69085896 0.883408964 0.508747995 0.80570364
    0.390374839 0.535603702 0.84884882 0.424361736 0.897299826
    0.436939359 0.136542797 0.602963448 0.929528952 0.841547847
    0.58186841 0.0123851597 0.741072953 0.333018064 0.735683441
    0.198226005 0.372826338 0.118429571 0.0533281863 0.498512477
    0.501537025 0.914450407 0.933436275 0.885823309 0.654030085
    0.549102604 0.497126043 0.41623646 0.0492442846 0.639169931
    0.363340855 0.387541652 0.880809188 0.457753956 0.134996951
    0.505161226 0.295027971 0.660780668 0.962501407 0.927060246
    0.407191724 0.0119584203 0.0565781295 0.0540421605 0.949326515
    0.499387145 0.214207143 0.436780661 0.680155516 0.431767911
    0.433876008 0.727048039 0.783074021 0.556146681 0.121585786
    0.714764595 0.647123575 0.321204752 0.337383628 0.319277763
    0.727540731 0.0381465256 0.164424449 0.121832997 0.366014719
    0.989743471 0.345832795 0.899375737 0.157193929 0.0395044684
    0.701773763 0.184280217 0.502159894 0.443020433 0.338531941
    0.459568411 0.044768244 0.996231675 0.646275878 0.461818665
    0.567824543 0.556100011 0.826186657 0.479889184 0.275702357
    0.858455777 0.585669518 0.0181346536 0.11681053 0.833317041
    0.0589414239 0.750829697 0.444070816 0.81715858 0.578217626
    0.975248754 0.667099595 0.63963306 0.0294269919 0.283792973
    0.281445205 0.673990309 0.593236387 0.447134197 0.777151227
    0.121014237 0.886650443 0.9126122 0.442276061 0.0973077416
    0.279337466 0.809473515 0.780331135 0.0492509007 0.447442919
    0.264651656 0.806367636 0.0470308959 0.332206488 0.127681553
    0.965311468 0.987161398 0.769359708 0.332505941 0.645407915
    0.585680127 0.341467798 0.597170711 0.422957301 0.00565046072
    0.249608874 0.101561964 0.619076967 0.363597989 0.778143525
    0.139872938 0.322470069 0.220370024 0.536118567 0.736616611
    0.049272418 0.669313788 0.381311566 0.337007701 0.552013814
    0.0142892599 0.182224929 0.131027132 0.521893382 0.435794055
    0.13459605 0.788032532 0.631779432 0.132968992 0.316633224
    0.794848919 0.488943219 0.963830888 0.981537461 0.163440794
    0.175960183 0.33240205 0.219973534 0.23592031 0.523646533
    0.406285256 0.983870208 0.921685576 0.785912991 0.441305757
    0.244819582 0.730859995 0.412941277 0.682282925 0.314772129
    0.834848046 0.293302476 0.610076308 0.835142732 0.341601312
    0.351068437 0.950318873 0.772163153 0.300839484 0.5007568
    0.147126019 0.235198498 0.804782987 0.804505587 0.179683089
    0.390522957 0.650173008 0.0279516578 0.212497771 0.101832837
    0.976608038 0.414438784 0.535111547 0.274843752 0.921541572
    0.0947356224 0.606725752 0.297839046 0.124322653 0.831023335
    0.456033885 0.307593256 0.915901363 0.950794637 0.126690358
    0.595090985 0.508323729 0.438696712 0.778103471 0.00786390901
    0.499274105 0.807949066 0.129197359 0.238258988 0.61882484
    0.761751592 0.964910448 0.622965813 0.148522496 0.217913747
    0.32852757 0.378741324 0.546935141 0.320512891 0.985891163
    0.587403119 0.160117865 0.577974498 0.625986218 0.547305048
    0.558748424 0.816775501 0.603514433 0.481087953 0.710491657
    0.927844405 0.0737004578 0.791124701 0.67441994 0.00443857908
    0.522395194 0.326547325 0.85626924 0.283084273 0.120098412
    0.352252126 0.468304873 0.869105637 0.619383693 0.0427953303
    0.455774486 0.906524479 0.134827077 0.780327797 0.681906164
    0.288832545 0.459144861 0.788897276 0.901196003 0.434493899
    0.495285392 0.104983211 0.560061276 0.2579678 0.907713294
    0.816401362 0.782765508 0.587250829 0.270553648 0.811967075
    0.839712441 0.665315628 0.815366328 0.103457451 0.85955435
    0.784177482 0.386070698 0.466916323 0.241698593 0.91072607
    0.331425071 0.832496762 0.388391316 0.399460077 0.864322186
    0.785155058 0.265556693 0.494446099 0.174706638 0.727582097
    0.344794959 0.196736366 0.487067163 0.321016669 0.348560333
    0.0491634607 0.790258527 0.846262693 0.948423028 0.527117431
    0.448572099 0.176832795 0.332956046 0.615460515 0.221903205
    0.0832443833 0.584796369 0.408084393 0.723187625 0.458994985
    0.485612452 0.891922653 0.576725245 0.207771033 0.945833564
    0.751174212 0.764305592 0.628934324 0.546172082 0.845483661
    0.611011446 0.135764897 0.248400122 0.860255718 0.676735818
    2.39908695e-05 0.817575157 0.172198147 0.281093478 0.815602183
    0.8085531 0.72523886 0.833793581 0.702219903 0.0953231752
    0.402262092 0.911543965 0.154090375 0.993513584 0.73915863
    0.863552809 0.274596959 0.72817862 0.0468669236 0.0951233506
    0.307712436 0.652717888 0.175144553 0.581173301 0.768767715
    0.850090861 0.882695436 0.070636183 0.0712011158 0.87295866
    0.0416697562 0.62866497 0.859347641 0.993133903 0.184766889
    0.539811194 0.385521024 0.331759602 0.401748776 0.00911417603
    0.712386429 0.951833129 0.405573636 0.364530236 0.752722085
    0.466619402 0.275574625 0.594210207 0.189126343 0.309296906
    0.221033871 0.344786108 0.482616276 0.480232507 0.814030647
    0.643781185 0.356652915 0.209895551 0.633045614 0.991729617
    0.0868158638 0.00124391913 0.946747184 0.712013245 0.541806281
    0.337219775 0.445191234 0.891556621 0.387103677 0.447315276
    0.859710097 0.77361691 0.145349681 0.530011475 0.271014541
    0.361861944 0.394881129 0.602430701 0.907163262 0.280752301
    0.843140006 0.677773714 0.86582005 0.0663479865 0.4546673 0.57426554
    0.6609779 0.317857087 0.0774783492 0.626365423 0.0219321251
    0.769847393 0.757920742 0.625690043 0.645938098 0.923819184
    0.14620316 0.886909842 0.118839085 0.78232944 0.704089761
    0.417880863 0.69255805 0.566935956 0.118951559 0.369505644
    0.0806724131 0.630865514 0.586305022 0.762921333 0.334253818
    0.226831198 0.898933887 0.367824256 0.902942717 0.062761873
    0.611757338 0.722260237 0.626409173 0.8394683 0.509418547
    0.411146998 0.935714245 0.694129765 0.497551382 0.222312301
    0.859165192 0.649334669 0.891609371 0.322451711 0.0174516141
    0.158573151 0.00413119793 0.578268945 0.341763854 0.501745164
    0.911794424 0.351514459 0.813727975 0.726033151 0.877500534
    0.565430462 0.0215164423 0.701744199 0.411332309 0.0189073384
    0.926813424 0.703762054 0.194934905 0.345133245 0.0510495603
    0.54290694 0.483716786 0.145617485 0.735999823 0.394509196
    0.424389482 0.0176551044 0.125868738 0.821147919 0.317287326
    0.193226159 0.966306269 0.63683629 0.993381441 0.207845777
    0.511385679 0.0491046607 0.868218541 0.165393114 0.36340034
    0.402597487 0.627012193 0.641780376 0.725211203 0.237608761
    0.680537522 0.590426207 0.505019188 0.212177813 0.481560677
    0.78182888 0.425055444 0.642605901 0.916713715 0.61320436
    0.442132562 0.698678553 0.968972802 0.354155958 0.252341092
    0.222528785 0.769868076 0.141239852 0.0630933642 0.0189886391
    0.502655089 0.415076017 0.553315163 0.380326927 0.974848866
    0.201967329 0.00673061609 0.677598238 0.525003374 0.586582839
    0.564647734 0.279837787 0.417152643 0.258327901 0.218290001
    0.0167297423 0.92081213 0.227563888 0.758099794 0.272547245
    0.43791315 0.564864576 0.347831905 0.217826277 0.0989444554
    0.475084424 0.739148617 0.130589366 0.526610076 0.615402341
    0.323954612 0.350425243 0.845652103 0.666298568 0.529532909
    0.512984157 0.480954468 0.564287364 0.85629046 0.265313059
    0.570312202 0.58477056 0.698402703 0.341586292 0.0636123121
    0.561278999 0.938722432 0.640047431 0.129745126 0.412999094
    0.397987604 0.11566627 0.319468737 0.387946397 0.018091619
    0.609199226 0.119083226 0.398806453 0.517188847 0.213216126
    0.951565623 0.912693799 0.082079947 0.0743317008 0.291264296
    0.777174532 0.907876611 0.512558639 0.530433774 0.819443762
    0.708558559 0.0554936826 0.655382395 0.618037403 0.150555074
    0.244327664 0.72420162 0.919942975 0.858144999 0.807102144
    0.711142659 0.439355075 0.439188927 0.00840705633 0.801984191
    0.287385345 0.482742339 0.684446454 0.981143117 0.0402208567
    0.433909208 0.20342654 0.917652011 0.621308386 0.468879879
    0.503245354 0.885326684 0.0718251467 0.872322917 0.392537206
    0.246122181 0.449490368 0.475504935 0.23427543 0.65081048
    0.0404960215 0.756611466 0.543214023 0.375791728 0.714531302
    0.00471359491 0.405617714 0.883075356 0.172498167 0.0585514605
    0.365842819 0.836323738 0.781495154 0.370307595 0.759440422
    0.596422374 0.0564060807 0.487116426 0.648743749 0.953550339
    0.69218725 0.494962692 0.97433567 0.559511065 0.279190123
    0.631109953 0.269346356 0.311744809 0.216127098 0.496995717
    0.52138561 0.838985324 0.758367538 0.193802506 0.125057131
    0.448656559 0.186939627 0.831851125 0.681155145 0.880951166
    0.111542851 0.14514035 0.146596074 0.555728078 0.81830281
    0.958361268 0.496088952 0.488693833 0.0886161327 0.593791604
    0.958356559 0.53722316 0.794942677 0.642378032 0.0779617429
    0.925150514 0.0420566499 0.881776035 0.493940204 0.0434180796
    0.524131417 0.607143462 0.201043904 0.993615627 0.925986886
    0.653974414 0.715348721 0.50568682 0.450376213 0.815248728
    0.554129004 0.656102061 0.891906679 0.626183331 0.891997457
    0.338144064 0.363369524 0.831562519 0.795578659 0.355982006
    0.315597057 0.250029027 0.677344918 0.291753024 0.993858814
    0.642565608 0.299982429 0.639316261 0.95786345 0.356127977
    0.465188891 0.21905297 0.624130189 0.119059682 0.457909703
    0.539505899 0.269680798 0.624560475 0.627737224 0.362440109
    0.0237805545 0.085039854 0.512544513 0.0467987359 0.594987333
    0.604888618 0.039437741 0.304877073 0.426157981 0.555787086
    0.851582646 0.822770357 0.824864447 0.663277626 0.570833743
    0.577374518 0.664961338 0.0709346533 0.046760112 0.808913171
    0.697375298 0.0477169752 0.889801502 0.66310674 0.656846642
    0.110440046 0.317447126 0.333622634 0.932136297 0.814674616
    0.60039866 0.841267407 0.766531825 0.153458297 0.973279476
    0.575496078 0.423321217 0.31346187 0.851157784 0.417322218
    0.159630567 0.0271270275 0.696808696 0.436333835 0.794481277
    0.231516302 0.201773316 0.0888132155 0.324876249 0.672498703
    0.138041556 0.645616174 0.136515737 0.848911643 0.833968163
    0.60418725 0.400048971 0.89517355 0.51256001 0.151128471 0.253232867
    0.717429101 0.909153521 0.899151683 0.0512432754 0.521739602
    0.205838501 0.22198993 0.0111503899 0.249208093 0.542877913
    0.214722842 0.543806434 0.643989921 0.754964948 0.0479204655
    0.690957308 0.982113957 0.516741097 0.376009464 0.672990441
    0.68900609 0.270638347 0.725679398 0.999083221 0.125831723
    0.22215125 0.256768465 0.0932136774 0.585259378 0.144904017
    0.761427879 0.706879258 0.975582361 0.549351335 0.0611254871
    0.490514159 0.43164283 0.467923582 0.0487420559 0.36917913
    0.964359403 0.744700015 0.511561394 0.179370105 0.933440447
    0.900362909 0.741485715 0.73936832 0.575636089 0.63485539
    0.858503342 0.491758734 0.806230187 0.897867918 0.488581747
    0.886036396 0.561814964 0.474645555 0.0423535109 0.0357917547
    0.492387414 0.347264588 0.71334976 0.131772131 0.577525556
    0.852544606 0.179990441 0.364864886 0.105061173 0.574766815
    0.435458452 0.802508354 0.895310998 0.879883766 0.817138791
    0.368685961 0.964095712 0.971115291 0.498163462 0.450471073
    0.32549879 0.225457668 0.294918954 0.0954372585 0.37811029
    0.56239748 0.552222252 0.5287081 0.7433483 0.966249228 0.575072289
    0.731879234 0.897909939 0.0668283701 0.210759819 0.624007165
    0.114265263 0.52334857 0.355667472 0.92673254 0.666991532
    0.898765445 0.815415978 0.430689245 0.445320308 0.474245518
    0.734979868 0.880704761 0.59509027 0.424333602 0.235255867
    0.183399856 0.801952362 0.0859486163 0.498066723 0.910946369
    0.308032453 0.833563209 0.0918060839 0.617529154 0.943388164
    0.293512106 0.116032928 0.632651567 0.707058191 0.918551803
    0.768554151 0.461565077 0.311636925 0.269154608 0.365921795
    0.631936848 0.707586527 0.449355602 0.299478114 0.524900556
    0.404842377 0.449925691 0.255887002 0.517199993 0.891560793
    0.0651637316 0.486116409 0.25293681 0.218688518 0.165862799
    0.25635314 0.271648049 0.915951967 0.159497857 0.794908404
    0.657634318 0.761169493 0.317739874 0.651142716 0.728427529
    0.0160044134 0.764242053 0.906564534 0.247781903 0.359491646
    0.716919959 0.428154558 0.161268324 0.934864163 0.716114402
    0.0875066519 0.139750898 0.863944054 0.965660572 0.893131793
    0.894678473 0.747255445 0.89190942 0.650162876 0.423314005
    0.636310518 0.765381575 0.585226178 0.879414976 0.893409193
    0.134274393 0.851228714 0.713109732 0.753531516 0.128001601
    0.284423202 0.306345403 0.562144339 0.0853682458 0.63745749
    0.734636664 0.203773022 0.629792809 0.0416229665 0.627952456
    0.25874275 0.754606366 0.262556493 0.995637715 0.562158108
    0.618758917 0.440736085 0.447517216 0.645929754 0.601154089
    0.129140854 0.611714125 0.518630087 0.505754709 0.13226077
    0.665688753 0.470872849 0.195388794 0.14792487 0.9498294 0.81923008
    0.481732816 0.697238147 0.0513151884 0.0330528915 0.566354334
    0.348822594 0.963573575 0.783607244 0.951053083 0.371273398
    0.354994237 0.169346929 0.888555408 0.169266164 0.295573831
    0.992853761 0.832155704 0.81155026 0.309409618 0.0139816403
    0.725294173 0.477299035 0.440823615 0.371807963 0.716666698
    0.575904906 0.373139799 0.700421751 0.963901281 0.458666444
    0.193676144 0.851337969 0.476530313 0.746892154 0.93847537
    0.527069867 0.576949716 0.761567831 0.105286509 0.817383707
    0.118535668 0.160697311 0.72845602 0.0483344793 0.743329108
    0.832189143 0.113910079 0.642912626 0.427420914 0.746604025
    0.78875345 0.675544798 0.803060532 0.54886061 0.332526714
    0.568499386 0.115642577 0.668166578 0.0640975535 0.23632279
    0.87011528 0.723023415 0.783631802 0.0930913389 0.977823138
    0.229544848 0.419344574 0.789336801 0.423065841 0.11159119
    0.237539172 0.855287671 0.183279037 0.20511356 0.672258735
    0.588938773 0.573622644 0.817851186 0.414636403 0.892136276
    0.528417468 0.2666291 0.335731238 0.614389062 0.336284697
    0.513493776 0.404863983 0.0449183881 0.0551055968 0.704490483
    0.270686388 0.885670662 0.804851174 0.877725482 0.561920702
    0.625612259 0.544040024 0.0758594871 0.0758468509 0.130926937
    0.981473386 0.481245309 0.147124112 0.444332898 0.466246426
    0.983460546 0.919021249 0.0521686077 0.303943515 0.0821227729
    0.0557413697 0.84855473 0.794942379 0.979469776 0.824985027
    0.171648979 0.402546644 0.870637894 0.738485515 0.783109844
    0.683321714 0.842900693 0.356168687 0.587694943 0.760810435
    0.252307534 0.364015311 0.120167673 0.297781348 0.757576466
    0.787651896 0.759370804 0.652456462 0.162834138 0.461621702
    0.222858489 0.44826743 0.794761181 0.0828510523 0.255700469
    0.918774128 0.715023994 0.905467331 0.0449070334 0.947176337
    0.660856605 0.0752462149 0.825894833 0.468473136 0.198096901
    0.741453469 0.857145071 0.873670995 0.749067068 0.0890158415
    0.316133678 0.363693625 0.948239207 0.262413889 0.48703298
    0.411536485 0.465366662 0.937627554 0.260465503 0.186896533
    0.689530611 0.963225782 0.701077938 0.903715014 0.148560613
    0.560991824 0.212453067 0.489043862 0.145610631 0.721504211
    0.914377868 0.0853791833 0.112375587 0.390097678 0.256580889
    0.619954407 0.507965088 0.501259029 0.817502439 0.551248491
    0.111336559 0.38211295 0.813747048 0.201273769 0.686834812
    0.451839775 0.866950512 0.406901062 0.324351251 0.348957121
    0.480455816 0.972363412 0.389964998 0.863309145 0.235005438
    0.901136816 0.544458508 0.50028789 0.624509215 0.0308855176
    0.0408501923 0.090389967 0.217081487 0.933730125 0.568277299
    0.335183322 0.55732435 0.169675738 0.54264456 0.217730492
    0.962717891 0.765042067 0.544529557 0.787982702 0.128406107
    0.688934028 0.779146433 0.748701572 0.41583088 0.677188694
    0.539815366 0.259283274 0.0747739971 0.178478509 0.831457198
    0.0364101827 0.768113732 0.510623217 0.0513213873 0.754419684
    0.470478356 0.750894308 0.578703642 0.303840816 0.0299217403
    0.779232025 0.730943024 0.784990311 0.638965964 0.949634194
    0.177157313 0.996266901 0.682560444 0.701543987 0.380230844
    0.0386133492 0.372555017 0.500447452 0.300312817 0.188476682
    0.588417292 0.0791835487 0.677103519 0.144271493 0.237642735
    0.765492857 0.445484519 0.918973684 0.700126469 0.342060268
    0.962080598 0.520920098 0.222655207 0.868004084 0.786134005
    0.208307773 0.254912496 0.609927058 0.342841625 0.452229828
    0.738473952 0.313729584 0.304755151 0.064771235 0.286964715
    0.361045897 0.604841828 0.0207266808 0.852361321 0.592567563
    0.0334666371 0.810805857 0.679673731 0.2184892 0.0119613409
    0.915385008 0.115867496 0.856694818 0.129656792 0.915456176
    0.201435626 0.489860266 0.125906467 0.740451813 0.577711821
    0.571704566 0.183316618 0.318262279 0.132998586 0.674595177
    0.596720219 0.163962096 0.23536694 0.795673847 0.0805050135
    0.464551687 0.144868881 0.591735363 0.982030034 0.824349999
    0.402801692 0.975608587 0.407971978 0.0572974682 0.0845600367
    0.384966552 0.425301492 0.158414632 0.439312994 0.127047002
    0.249737144 0.640542507 0.313406825 0.0675075352 0.0998752415
    0.411658436 0.780542254 0.714562654 0.187184453 0.610960305
    0.413729846 0.350101471 0.637701094 0.620406806 0.773942351
    0.228081286 0.222463757 0.823307872 0.813553929 0.334462523
    0.356235743 0.135433137 0.198162884 0.940487623 0.172237307
    0.803533673 0.12105003 0.931459069 0.623741627 0.340674818
    0.344192326 0.8967278 0.854078531 0.30450964 0.613720775 0.403393805
    0.357292652 0.12921679 0.430955946 0.0819985867 0.324243307
    0.229627073 0.748948455 0.462054521 0.742399156 0.856432676
    0.525640488 0.921621144 0.801054597 0.0117528141 0.385748565
    0.20239681 0.945394278 0.680707753 0.40627858 0.0403575897
    0.183737814 0.0176390111 0.130012184 0.205493331 0.0526144505
    0.788018465 0.0320026875 0.575431883 0.838664711 0.553326964
    0.18160066 0.819373548 0.692306757 0.238768876 0.39308098
    0.986102104 0.630924463 0.678738058 0.717337132 0.483296931
    0.669240713 0.171928048 0.356941342 0.247209102 0.88787806
    0.55345118 0.207122535 0.951617539 0.448911279 0.190193623
    0.148319185 0.976113081 0.64736712 0.383385897 0.673066318
    0.68196243 0.92390728 0.446775794 0.0957294703 0.104551524
    0.226080507 0.00279390812 0.439944535 0.140111536 0.187475055
    0.343433857 0.489112616 0.583461165 0.472688615 0.726042211
    0.426341653 0.140598148 0.0169076622 0.249124885 0.499587417
    0.608359277 0.157121509 0.918602586 0.741796017 0.908972859
    0.919324338 0.53838557 0.0672892034 0.40094769 0.972858071
    0.852700233 0.366752744 0.239005506 0.127663374 0.235622674
    0.473643005 0.160586655 0.879382491 0.660724878 0.650448442
    0.260540187 0.129157305 0.559152246 0.330615997 0.624893546
    0.815514266 0.710633814 0.215950221 0.206916511 0.443992943
    0.703647792 0.766523123 0.0560526848 0.540988326 0.847787857
    0.973008513 1.68085098e-05 0.419223607 0.931349456 0.839230239
    0.598344445 0.711021304 0.537167072 0.77347517 0.57372278
    0.487949908 0.986677408 0.632329702 0.608990133 0.117834806
    0.282304615 0.486134738 0.450615197 0.264237046 0.105237812
    0.193937898 0.471476942 0.638215005 0.771825194 0.0194667578
    0.384111255 0.656209707 0.814097226 0.300331622 0.701507807
    0.863440812 0.439257622 0.997021198 0.769911051 0.479363769
    0.948751211 0.577124834 0.0282142162 0.718403041 0.981390953
    0.578305185 0.683170557 0.74705106 0.436062336 0.244843662
    0.69694829 0.625797391 0.853127718 0.54551661 0.545419097
    0.166066527 0.218738794 0.268855035 0.814612567 0.446702898
    0.564550698 0.739813149 0.157454759 0.706933796 0.614664674
    0.443919957 0.29977566 0.199559301 0.897484422 0.266175628
    0.249485672 0.432265788 0.654874504 0.261278629 0.317698836
    0.569907427 0.181195378 0.0934026837 0.182130039 0.628297985
    0.734040082 0.251230955 0.432938814 0.51899302 0.0616012514
    0.420623839 0.545905173 0.351631999 0.494317591 0.694413424
    0.939034224 0.264608979 0.331027091 0.949590325 0.940109611
    0.253764123 0.384913266 0.713730872 0.324151576 0.53391999
    0.257182181 0.446238279 0.486376405 0.339551717 0.168653846
    0.358304799 0.480848014 0.707297921 0.940679312 0.203116506
    0.220634729 0.610742807 0.632817686 0.0841377676 0.846241236
    0.70327431 0.0272657573 0.28295362 0.597732067 0.342740536
    0.229836375 0.444371581 0.33359319 0.134043664 0.766972482
    0.284379065 0.149862081 0.505695641 0.823433399 0.363238633
    0.0744542181 0.606765032 0.871800184 0.289250553 0.944834232
    0.66501689 0.826359034 0.990844905 0.770934463 0.123856544
    0.262554705 0.383138031 0.301544547 0.799727023 0.441805601
    0.037522912 0.924703956 0.912814021 0.292216033 0.647189379
    0.177154183 0.551638424 0.289782226 0.965834677 0.741209507
    0.246691167 0.545074224 0.960743189 0.533596337 0.863386631
    0.564238966 0.623479545 0.202302009 0.2707147 0.43567574 0.726273179
    0.282316953 0.905748963 0.257276416 0.995710135 0.123191059
    0.727478266 0.847192883 0.464219987 0.268194854 0.942780375
    0.912933588 0.279855788 0.168865502 0.45613879 0.572026849
    0.230874211 0.812971354 0.487333417 0.755991161 0.60721463
    0.580351532 0.729962289 0.106342942 0.426668286 0.112051755
    0.664967179 0.185146481 0.212936908 0.7866835 0.181359708
    0.253333807 0.246783972 0.866118073 0.850262523 0.382896036
    0.535394549 0.877310395 0.975632668 0.416660666 0.624952674
    0.647549987 0.297880381 0.604073822 0.842697918 0.623730004
    0.0315309465 0.503683686 0.828660786 0.38539961 0.877152443
    0.954239547 0.725637078 0.282409251 0.896795273 0.989468455
    0.199246407 0.704791665 0.91907841 0.662399411 0.718493581
    0.706979156 0.100900412 0.987261355 0.742698073 0.588496923
    0.299732149 0.314919829 0.939475417 0.0649146438 0.428032964
    0.110713005 0.850423336 0.319161534 0.60733968 0.661584258
    0.661212981 0.320579469 0.639837146 0.705452025 0.925808311
    0.36702618 0.410997063 0.979627788 0.486699253 0.920243025
    0.737456024 0.473453671 0.251179248 0.563296676 0.703467011
    0.534961581 0.675879955 0.71654433 0.782039046 0.767931581
    0.884670854 0.563652754 0.572411656 0.234183937 0.883139074
    0.302956223 0.167596757 0.626119196 0.887141466 0.684268594
    0.669487357 0.0510190427 0.537270129 0.724299431 0.707464039
    0.646143198 0.223117083 0.952195168 0.00414854288 0.733345926
    0.764665723 0.431543231 0.442120045 0.615656316 0.984623909
    0.573370337 0.241813838 0.45399484 0.11243993 0.250426769
    0.992545009 0.255884528 0.0995562673 0.810903013 0.611066282
    0.536742389 0.491830945 0.0732854307 0.111903161 0.226137519
    0.298314989 0.695878565 0.369570553 0.553146064 0.216692537
    0.605315387 0.496545017 0.847819567 0.139609963 0.139290035
    0.0398626029 0.539982438 0.040035218 0.839773178 0.557327807
    0.805422306 0.441218793 0.0377074778 0.0568717122 0.960768044
    0.678181469 0.358263493 0.112159044 0.167109638 0.494501919
    0.779594898 0.387841046 0.217518121 0.598111331 0.787014961
    0.67045486 0.940018415 0.114529371 0.785030484 0.777555704
    0.850063801 0.290855467 0.478829652 0.119392216 0.734730482
    0.157732159 0.117418736 0.288167417 0.0979103744 0.782168388
    0.566331327 0.774952292 0.811512232 0.0343651474 0.482281446
    0.319547892 0.532571733 0.0656576455 0.915215015 0.634512842
    0.204061806 0.329508215 0.447404712 0.366061091 0.913840294
    0.654747009 0.369785309 0.179043442 0.947018981 0.998031735
    0.310977638 0.120357543 0.810940623 0.897582769 0.950323582
    0.192691416 0.130985022 0.17517522 0.466659427 0.98158443
    0.0652478635 0.189622641 0.660800576 0.622247994 0.0412019193
    0.146146685 0.819659472 0.232577562 0.743098795 0.0216655731
    0.867517829 0.42261219 0.211097568 0.143688798 0.803919673
    0.0716585517 0.58608681 0.162826717 0.873939395 0.584023952
    0.584545255 0.913669825 0.379293889 0.262315631 0.881664872
    0.287660778 0.653045952 0.79240495 0.876400173 0.44643718
    0.195204347 0.181870878 0.321652889 0.473207563 0.669427037
    0.54400456 0.640642941 0.295652211 0.111052036 0.220230132
    0.537361443 0.524025917 0.765440941 0.426002383 0.780385733
    0.305851549 0.722784519 0.264385074 0.993938446 0.173331022
    0.586856067 0.336306095 0.496772915 0.939815581 0.744758248
    0.609792292 0.34575066 0.331287205 0.332081288 0.915422022
    0.281161308 0.0987911224 0.0572507679 0.148976743 0.274436653
    0.949603558 0.37435329 0.534831166 0.472596347 0.81235981 0.80959022
    0.466454566 0.972862959 0.800546288 0.577807665 0.992080033
    0.307166994 0.83820951 0.0891256034 0.641002655 0.181469679
    0.550218701 0.0139014125 0.712809205 0.57989043 0.543373346
    0.963652015 0.666316628 0.819678068 0.724545717 0.329305947
    0.341280758 0.362172961 0.859409213 0.0281208754 0.727954566
    0.152971059 0.58691448 0.393388629 0.850877404 0.969708204
    0.112697124 0.0145379007 0.0353402495 0.0112128854 0.956566334
    0.277591169 0.523724437 0.0959999561 0.688707411 0.534669161
    0.609443128 0.216554374 0.528563619 0.740886211 0.449264079
    0.318044037 0.938058436 0.236269206 0.484139055 0.823283792
    0.129086196 0.984674931 0.171849251 0.300110936 0.441785008
    0.490713298 0.623672128 0.930001259 0.487701476 0.013843298
    0.540838957 0.915135205 0.584540904 0.0714144707 0.12685141
    0.890754938 0.704767764 0.361955971 0.0199925601 0.47612536
    0.25900799 0.601558268 0.942237139 0.477030933 0.440870136
    0.900437057 0.770270109 0.587948859 0.294641733 0.351061076
    0.0516872406 0.580668569 0.775442481 0.854108334 0.381720901
    0.275086343 0.0391479731 0.676810384 0.384892553 0.960109234
    0.249528557 0.2260077 0.603733897 0.500850797 0.366785824
    0.0480255485 0.570879161 0.714968145 0.709661305 0.98517704
    0.0193302631 0.302416742 0.468041658 0.337351054 0.327918589
    0.199147135 0.313142896 0.877956033 0.818440497 0.964422226
    0.579282105 0.939722657 0.926418543 0.398159683 0.570206463
    0.190506965 0.742883742 0.47140494 0.367233872 0.418751687
    0.330036312 0.284179449 0.768335342 0.617363036 0.461152673
    0.0764439702 0.28298068 0.452419817 0.376165181 0.933500826
    0.00320625305 0.238127053 0.483622074 0.646702647 0.602974832
    0.0801817775 0.031431973 0.948344767 0.0589397848 0.535758674
    0.784219384 0.109424502 0.748217046 0.860481918 0.94005549
    0.191966623 0.577082276 0.684094608 0.0944461226 0.878276348
    0.966916442 0.823203862 0.527365685 0.779518843 0.684413195
    0.375902921 0.454355329 0.545324206 0.165108353 0.359820724
    0.692047477 0.104538262 0.107247353 0.520359337 0.473948628
    0.457127303 0.211866975 0.356917262 0.647876382 0.741727591
    0.335378289 0.549182415 0.303207517 0.957602322 0.424254775
    0.644697547 0.995215893 0.814746022 0.29164964 0.715515137
    0.529300988 0.558420837 0.267254084 0.4456698 0.693236828
    0.321241558 0.185983032 0.409664512 0.918141842 0.819273949
    0.232014567 0.867550254 0.683079362 0.679802537 0.837187409
    0.67460227 0.653059006 0.935535312 0.497476399 0.39265126
    0.400848985 0.527756214 0.498666883 0.472443461 0.579704106
    0.0851828158 0.840628266 0.595213592 0.527396142 0.571766436
    0.69490546 0.900949359 0.515075207 0.773456097 0.713054836
    0.759746134 0.262062192 0.16106686 0.383823395 0.984669924
    0.922215223 0.0656511784 0.761698723 0.411210597 0.650070012
    0.157016337 0.120653003 0.795860946 0.931379914 0.758878946
    0.132359922 0.0153241456 0.968586087 0.684716821 0.529170811
    0.513707638 0.0907115638 0.597931623 0.834251046 0.0363959372
    0.503723383 0.13329789 0.2337282 0.905022442 0.122275859
    0.0616290569 0.513354301 0.804806113 0.41283524 0.689381838
    0.763311446 0.280590028 0.385808885 0.738494158 0.764112353
    0.120261192 0.481449962 0.525544345 0.932260394 0.237771839
    0.389737487 0.556946874 0.833492219 0.375770211 0.517774403
    0.236102462 0.342459619 0.73725909 0.734842718 0.213693947
    0.271539837 0.136456788 0.968245387 0.399342805 0.171661705
    0.157617956 0.856122553 0.457949579 0.296314955 0.447186232
    0.0406974852 0.920184553 0.524284184 0.974699736 0.594348788
    0.730323076 0.810207427 0.672108769 0.989634275 0.667633772
    0.113916606 0.474953055 0.212683082 0.975076199 0.984789014
    0.307144523 0.789566278 0.326180756 0.495553881 0.520220399
    0.136226296 0.144282341 0.44213438 0.312051445 0.70223856 0.81518662
    0.429928124 0.380937397 0.854208887 0.405244648 0.463505447
    0.825844347 0.455343544 0.1481767 0.84770155 0.175889879 0.672670901
    0.596859276 0.889054716 0.62055552 0.971768141 0.359242976
    0.38078022 0.821753561 0.0552492738 0.370137453 0.508405864
    0.0278581381 0.158204913 0.098762095 0.655891597 0.883981109
    0.322418988 0.560120404 0.0330476761 0.242902994 0.476146966
    0.231300473 0.407012761 0.173898935 0.832424641 0.245292783
    0.26992023 0.635963082 0.0264607668 0.128912538 0.0571753383
    0.864384115 0.349398434 0.183127373 0.108334601 0.523485541
    0.196718186 0.685922086 0.35643214 0.91198957 0.176763862
    0.215884864 0.220651031 0.616963506 0.781727195 0.353597373
    0.822522104 0.252979189 0.864583015 0.61468029 0.439681292
    0.852356672 0.713927031 0.520245016 0.0926943421 0.186809629
    0.0948402882 0.838642478 0.0604082346 0.913188696 0.503898978
    0.669363737 0.88516283 0.0507178307 0.869729757 0.219821662
    0.161682546 0.402319074 0.838991046 0.870564461 0.837178349
    0.892525256 0.0813858509 0.573143959 0.205197036 0.88230598
    0.288923353 0.576146185 0.720165968 0.169747889 0.456649184
    0.936674595 0.546484292 0.585245669 0.454945028 0.155515105
    0.568391085 0.467723489 0.455334604 0.843856037 0.505221009
    0.452668697 0.0429203808 0.558015347 0.187603623 0.86287719
    0.679872096 0.632089615 0.139700979 0.84117955 0.411298633
    0.106568217 0.668746948 0.256730855 0.0755720437 0.570207059
    0.2339423 0.120751202 0.558712423 0.822127879 0.731403172
    0.487672091 0.842859447 0.61049211 0.538502514 0.993379831
    0.881397605 0.159877121 0.481776237 0.163521439 0.641622365
    0.147536099 0.803117037 0.706451654 0.668366849 0.315153003
    0.198783994 0.404113978 0.0349335074 0.730698943 0.147838444
    0.200801224 0.483829826 0.183374822 0.0785280168 0.00311002135
    0.348667204 0.487947851 0.711926162 0.409282029 0.63927412
    0.85706377 0.853704929 0.605219066 0.376314372 0.595308661
    0.0669617653 0.812970638 0.95743835 0.877782226 0.823491156
    0.292547375 0.481770903 0.830705166 0.390843987 0.761364698
    0.877115846 0.952252507 0.710517347 0.104484618 0.463052899
    0.714617729 0.362134695 0.956224322 0.649946332 0.115196824
    0.275669962 0.599733174 0.264047861 0.836202145 0.331064284
    0.705209374 0.473819077 0.253670335 0.509361446 0.881796837
    0.272382021 0.592577875 0.0967337787 0.296098471 0.827290416
    0.373853326 0.172655016 0.682976663 0.535343647 0.102664143
    0.422825098 0.1559394 0.808364034 0.801059663 0.490098715
    0.826412439 0.0992325544 0.439217925 0.471511155 0.790673971
    0.489065081 0.824742198 0.865285873 0.562828422 0.569272339
    0.30911845 0.712637663 0.171565622 0.260986507 0.882176995
    0.0400162339 0.462172985 0.745178699 0.358369052 0.0179653466
    0.120245099 0.81437701 0.554451823 0.835835218 0.205756158
    0.249669224 0.116099477 0.102982312 0.732921839 0.488957852
    0.29578644 0.29579556 0.539127469 0.79666841 0.27893275 0.855591238
    0.820602059 0.365779817 0.46250388 0.337886781 0.0988123417
    0.228007913 0.403339565 0.0268024206 0.021582067 0.732597232
    0.951373458 0.285342693 0.660994768 0.864955425 0.772287846
    0.388011366 0.801520944 0.931911647 0.224979401 0.919022679
    0.441540182 0.355644226 0.947686195 0.678246856 0.242774338
    0.192914188 0.41418153 0.204300165 0.622555196 0.208763152
    0.434167445 0.115380764 0.328768522 0.0386888385 0.154599637
    0.0769303143 0.287481725 0.553223014 0.306569278 0.945516944
    0.107812285 0.893477798 0.225936592 0.803839445 0.633536696
    0.128090292 0.87612915 0.576393843 0.997375548 0.583978891
    0.632681072 0.211819857 0.855326772 0.707659721 0.903904557
    0.0542107821 0.971562028 0.138501704 0.991719902 0.45828253
    0.94215548 0.150240988 0.805597067 0.565303802 0.699053288
    0.657701731 0.346040368 0.0440483987 0.621530831 0.865829706
    0.818981409 0.267887712 0.167764068 0.981310487 0.845548511
    0.966923535 0.618515849 0.736130714 0.561974168 0.225230873
    0.0825055242 0.0346003473 0.250510216 0.258516043 0.865367651
    0.579687893 0.389534682 0.502791882 0.514994204 0.620997429
    0.385876268 0.712126553 0.39613983 0.860424638 0.985381901
    0.757834196 0.0404093862 0.0890427232 0.450189888 0.882622242
    0.654897451 0.26750356 0.587650657 0.914316535 0.139786094
    0.544673204 0.700321496 0.564499617 0.849528909 0.228031099
    0.539834738 0.533596814 0.769174874 0.223093957 0.819745302
    0.287647665 0.665667057 0.793503165 0.856723189 0.886994481
    0.43784517 0.069400847 0.359341294 0.837278962 0.717359781
    0.904613733 0.463184267 0.483739465 0.916601658 0.385771543
    0.139218122 0.0566498935 0.295162976 0.808837533 0.75716877
    0.514517128 0.522046566 0.00235563517 0.451693058 0.269333184
    0.84169054 0.771858931 0.299957931 0.391393781 0.580192626
    0.558586955 0.423931539 0.829812586 0.662367404 0.490374327
    0.375021368 0.642984867 0.897639513 0.870107412 0.111095458
    0.490617841 0.279118747 0.755863726 0.965989828 0.286948085
    0.97082293 0.765793204 0.0478625894 0.792510748 0.576378822
    0.669248402 0.932022333 0.806950569 0.882427096 0.976798236
    0.702132761 0.569315314 0.237926543 0.0585309565 0.675804913
    0.886621594 0.607127309 0.726159632 0.459623694 0.469275564
    0.769864738 0.454070777 0.103509665 0.744928718 0.49878037
    0.334874541 0.800684094 0.841105342 0.908552766 0.62194401
    0.706100106 0.788150311 0.490350991 0.772298336 0.335354745
    0.985509634 0.714693367 0.139369786 0.0746723711 0.0787614584
    0.429902017 0.24545297 0.350219905 0.649288118 0.0771598816
    0.359154761 0.117143244 0.537861466 0.882946372 0.0945889056
    0.451065183 0.17957598 0.496005684 0.678608477 0.0826637745
    0.199212134 0.725804985 0.388550073 0.519281507 0.152044326
    0.380952179 0.960489035 0.891700029 0.594730437 0.277750373
    0.313731015 0.650424421 0.746912301 0.555319726 0.38858819
    0.514970303 0.0659075975 0.837231517 0.699981213 0.544659555
    0.146335244 0.456103116 0.569918394 0.994517684 0.326604784
    0.946051955 0.483346015 0.521173894 0.453372478 0.44204855
    0.000732451677 0.228278577 0.985209107 0.397264272 0.253489763
    0.556806684 0.789399743 0.577642381 0.612290859 0.0800267458
    0.566374838 0.935211539 0.088126868 0.500857115 0.813430429
    0.828865707 0.588246524 0.525266945 0.802773595 0.76660502
    0.694510937 0.284132898 0.712011337 0.582890391 0.778434396
    0.850463152 0.67361474 0.0184173882 0.593782783 0.0899955332
    0.925246 0.658319712 0.765958846 0.811412334 0.281315237 0.194158226
    0.156242013 0.646752238 0.688520372 0.418137908 0.656909108
    0.576209307 0.0773520768 0.538420558 0.0202241242 0.955265403
    0.692937493 0.890358806 0.394553989 0.951366186 0.600987792
    0.54690665 0.452064782 0.409056395 0.260379404 0.313121945
    0.117503613 0.693209171 0.656727791 0.778053999 0.919817865
    0.0650758445 0.602359772 0.722784758 0.026858747 0.0145508349
    0.712661743 0.70367384 0.621431112 0.595482171 0.111659318
    0.901735306 0.167396188 0.56114465 0.967384696 0.544201195
    0.805972397 0.331792235 0.0387403071 0.874239504 0.944055974
    0.252911866 0.735918462 0.0325830877 0.758628726 0.0850070715
    0.617781103 0.377951145 0.022893548 0.882920384 0.815804601
    0.253277481 0.177483141 0.0958076715 0.94272393 0.0525520742
    0.142064273 0.752863526 0.696343839 0.372457623 0.281203687
    0.527216136 0.347518206 0.669648349 0.654222667 0.498526722
    0.685112953 0.894206643 0.0140886903 0.657122552 0.401534289
    0.409669697 0.487100899 0.187387913 0.0435127616 0.941695273
    0.502224028 0.298282325 0.428832591 0.0834406912 0.121001482
    0.5286448 0.460896075 0.900286913 0.345324934 0.397341907
    0.804672956 0.514902949 0.346008778 0.0396710932 0.457562208
    0.954515815 0.304221153 0.24318254 0.249330044 0.428209841
    0.572756171 0.320780456 0.62875104 0.732142806 0.587246239
    0.123595268 0.132686794 0.233294606 0.702771306 0.0756003559
    0.252373397 0.274763614 0.651640177 0.196464658 0.652087212
    0.614696264 0.980085135 0.767111301 0.0795941353 0.114469916
    0.512470186 0.678009629 0.0454698205 0.671259284 0.410356611
    0.57625401 0.479421407 0.225243688 0.237520427 0.578261256
    0.508584917 0.274588794 0.916989446 0.129811555 0.0316334665
    0.96582979 0.885110915 0.189088076 0.931828022 0.997727215
    0.190958321 0.236244798 0.700543761 0.103812367 0.6584059
    0.0976977646 0.420141101 0.349418759 0.547688603 0.753651559
    0.797409296 0.817670941 0.38970378 0.582533419 0.25691697
    0.865931034 0.784856498 0.108028769 0.676861882 0.0755433142
    0.694590688 0.1846596 0.136742651 0.00240188837 0.218843132
    0.391893774 0.200678706 0.283961833 0.911044359 0.467139184
    0.214635879 0.518211424 0.82295537 0.407192588 0.955520034
    0.660248816 0.741357684 0.224427879 0.310373127 0.734651148
    0.57074362 0.689165592 0.000632613897 0.912626266 0.838835835
    0.908253312 0.651725411 0.885204315 0.487133443 0.749985158
    0.242370307 0.114479244 0.751601458 0.308671057 0.668729484
    0.0552044809 0.145947456 0.517134309 0.620114267 0.166919023
    0.35970825 0.584363341 0.00912940502 0.637064517 0.899004519
    0.506623209 0.412308306 0.902099431 0.779525876 0.0834882259
    0.319711566 0.762925088 0.249551654 0.862591505 0.850213647
    0.218933761 0.605198443 0.757004738 0.149104625 0.613414049
    0.473886639 0.672802269 0.51566112 0.536646783 0.541773617
    0.690954208 0.133315176 0.310909897 0.545004427 0.106548905
    0.817992687 0.0524487793 0.0717822015 0.815367103 0.108152449
    0.879093945 0.465037823 0.567075133 0.296176165 0.549933672
    0.141422957 0.585127115 0.546257436 0.0987660289 0.73951751
    0.675323725 0.0876716971 0.747293949 0.182612538 0.0472121537
    0.238465011 0.900695384 0.119212449 0.397525758 0.475007683
    0.540122092 0.538537383 0.376362711 0.307991058 0.595781565
    0.618304491 0.0958049595 0.378050834 0.212071151 0.691305876
    0.62567091 0.858551919 0.340797603 0.942953587 0.645836234
    0.862608314 0.452774376 0.211393267 0.632023096 0.511684179
    0.379265845 0.920792639 0.282525897 0.587058544 0.801197886
    0.5972175 0.783086419 0.506785989 0.779604733 0.1953426 0.157778919
    0.991874993 0.714147329 0.411820412 0.727232754 0.604283929
    0.762390435 0.600476146 0.374194622 0.225941598 0.159664452
    0.633912325 0.5162431 0.209347337 0.653106272 0.775877833
    0.826037288 0.10345009 0.0490943193 0.514510393 0.278009057
    0.236505359 0.614694893 0.189676732 0.198611379 0.550898373
    0.13817811 0.12445429 0.875826478 0.751660764 0.804908872
    0.852004468 0.57533747 0.183970153 0.246334404 0.0876514912
    0.908687353 0.985991716 0.958860159 0.508614182 0.551479042
    0.3930583 0.379148662 0.346170664 0.552526414 0.0578154325
    0.335184187 0.953417182 0.264904559 0.401701927 0.841587782
    0.844221592 0.776149035 0.491494358 0.169043124 0.826327562
    0.505262494 0.557415783 0.129004091 0.651017189 0.364564896
    0.213947445 0.73413378 0.99358654 0.979110241 0.889084697
    0.959820151 0.123572439 0.388730943 0.472917199 0.586778879
    0.496535391 0.658609986 0.335158616 0.647933841 0.442765892
    0.688539326 0.564363897 0.224627972 0.0760654807 0.0945263803
    0.781598866 0.455335796 0.827112794 0.878116727 0.828216255
    0.444434673 0.00237351656 0.868565202 0.256468534 0.680346489
    0.581892073 0.610146761 0.509514391 0.309276223 0.155215412
    0.52792573 0.11521697 0.970289946 0.235763878 0.776068926
    0.178949982 0.885100484 0.0386094749 0.644678354 0.740368128
    0.86268568 0.0252023637 0.424192011 0.314664036 0.312040091
    0.106386542 0.508495986 0.302217156 0.382255167 0.270156801
    0.1192123 0.0472736955 0.557235003 0.423805624 0.914424479
    0.0287673473 0.790627122 0.686491191 0.156756848 0.50991118
    0.202819616 0.604373991 0.415244669 0.342389524 0.181110233
    0.1387977 0.650438249 0.0209607482 0.757422268 0.876321793
    0.723138452 0.490213126 0.363029838 0.483312368 0.334885657
    0.389973283 0.38834548 0.107876629 0.127932549 0.261541307
    0.33491075 0.778666735 0.131534189 0.506003141 0.956750751
    0.274461329 0.425740033 0.137905091 0.940722585 0.778236747
    0.654198885 0.750883222 0.88470149 0.546199381 0.40840295
    0.161247253 0.356404483 0.363085121 0.097342521 0.105337173
    0.879088759 0.767926157 0.686320722 0.467729121 0.785997748
    0.12898016 0.733163953 0.405336469 0.841474235 0.222854644
    0.998846292 0.314973712 0.1784271 0.867825389 0.997594118 0.3461321
    0.0736294687 0.327510118 0.103907347 0.460838169 0.607744157
    0.17007345 0.372948527 0.710257351 0.277213812 0.972382188
    0.464994222 0.351473212 0.401215047 0.759380698 0.106265604
    0.915874898 0.244253546 0.476718158 0.000718086958 0.739847541
    0.448479235 0.372989029 0.501019716 0.249846786 0.168361962
    0.386403561 0.0449776947 0.281010926 0.605270922 0.42031616
    0.388514042 0.940185785 0.66764003 0.490449637 0.531836987
    0.339412451 0.774582744 0.890909791 0.727042437 0.283175766
    0.0670723617 0.789222836 0.182251871 0.254848033 0.800557137
    0.0647677481 0.736436009 0.0752671659 0.447138578 0.412599146
    0.912385225 0.316184402 0.446657032 0.518912017 0.519857287
    0.172046661 0.553623676 0.87109673 0.642517805 0.69393909
    0.244742513 0.247916371 0.920171022 0.366150916 0.573539555
    0.258122534 0.035718441 0.208079547 0.992896438 0.15092659
    0.173854828 0.69019711 0.124220371 0.414229631 0.226771623
    0.706635892 0.395191729 0.326705962 0.703252494 0.840148091
    0.640372992 0.634177804 0.879486322 0.898060381 0.710658193
    0.478250712 0.993019938 0.963210106 0.967454672 0.199697793
    0.0993489921 0.286188841 0.927723527 0.946005821 0.174415916
    0.0476179123 0.226618528 0.408721238 0.547056019 0.916415453
    0.923913777 0.844766974 0.921940088 0.529883504 0.117404312
    0.485049158 0.388246834 0.261104703 0.547186255 0.641377568
    0.603982925 0.3978585 0.958227098 0.275356144 0.98973465 0.733515799
    0.972603559 0.263381809 0.852897525 0.916085184 0.700960577
    0.473901927 0.540916562 0.13793987 0.498290569 0.508702874
    0.362020969 0.0543924272 0.720062435 0.390267789 0.0871474445
    0.177533537 0.435453564 0.689738095 0.781360984 0.871385694
    0.219280452 0.394720227 0.174356341 0.214227706 0.000215739012
    0.549520075 0.813077569 0.81239295 0.504626095 0.772159696
    0.359480649 0.813511372 0.57926017 0.919687867 0.634559095
    0.592115343 0.0610171854 0.178182095 0.0230426788 0.226441175
    0.545464993 0.663891494 0.381438345 0.198824316 0.973151624
    0.446270317 0.179488689 0.449923992 0.130026609 0.120462388
    0.535330415 0.74497062 0.888960242 0.584858835 0.861102223
    0.729661763 0.075483501 0.970712423 0.102106124 0.253176808
    0.524875462 0.510593116 0.166613936 0.341726303 0.930398583
    0.361332357 0.732397795 0.611585915 0.139939487 0.522388339
    0.31381321 0.969505429 0.726330042 0.257380843 0.294517964
    0.394266635 0.550231695 0.288985312 0.0621138215 0.536385655
    0.679718435 0.719340742 0.176755816 0.663632929 0.24733004
    0.606041312 0.49881047 0.51458168 0.366457045 0.81743753 0.932805896
    0.0247673094 0.739683867 0.332576632 0.272781432 0.321433425
    0.212990403 0.477411121 0.930569708 0.940803528 0.218400449
    0.641954422 0.243290514 0.780789077 0.606906176 0.100623786
    0.451407373 0.258908451 0.440020978 0.971454263 0.0877833068
    0.736657202 0.656119466 0.70266825 0.530051827 0.563820541
    0.417540193 0.644901037 0.766968846 0.436272323 0.0932650566
    0.8314147 0.288969517 0.176378995 0.0680595934 0.282190084
    0.240297437 0.249367952 0.903506279 0.868479848 0.918051839
    0.34640637 0.926120758 0.000379294157 0.6396029 0.339049816
    0.906048536 0.0790147781 0.799470305 0.611732125 0.395594835
    0.603362083 0.0106680393 0.271522313 0.477497578 0.350312084
    0.977082729 0.608287573 0.386653453 0.341418743 0.106469512
    0.0214011073 0.445235878 0.343581557 0.274558902 0.522526741
    0.446324289 0.311532557 0.181268632 0.269818902 0.310988963
    0.124026358 0.667713165 0.536575079 0.426770478 0.0775847137
    0.52180934 0.53284502 0.865010262 0.777698398 0.547171295
    0.869678378 0.113678485 0.0630767643 0.791348696 0.433454603
    0.81279248 0.0136163235 0.458895326 0.31883651 0.0990211666
    0.391373396 0.610922694 0.526419163 0.427110165 0.622680426
    0.640856266 0.27557081 0.824936628 0.76827985 0.377923071
    0.456715196 0.0259314775 0.313841581 0.469177753 0.0644819736
    0.699043989 0.487109363 0.444871932 0.375508845 0.818440795
    0.499896735 0.620546222 0.24190098 0.134141296 0.952831388
    0.15810743 0.673741102 0.112799793 0.226419926 0.542362511
    0.910220027 0.576616824 0.589818478 0.972753167 0.13198337 0.4938232
    0.298065454 0.298037231 0.777075529 0.341103345 0.315008521
    0.325602949 0.994419575 0.897310615 0.501401722 0.204276681
    0.998695612 0.629491627 0.910180569 0.992221296 0.757408082
    0.948753536 0.956916928 0.145577341 0.494826674 0.319565326
    0.300296903 0.839977145 0.296934664 0.0137284696 0.526578486
    0.545996904 0.640887797 0.914362788 0.814718246 0.0439815819
    0.601697147 0.321518451 0.529785931 0.175552696 0.300363421
    0.87672174 0.339839637 0.48317194 0.86291343 0.0553994775
    0.947935224 0.238693893 0.5469293 0.707440257 0.61986506 0.418594211
    0.220331907 0.558501065 0.665881515 0.17908144 0.416093051
    0.638553202 0.170447648 0.745003104 0.513455629 0.791607976
    0.0433137715 0.746356487 0.357787311 0.0601913929 0.236069143
    0.517172396 0.654535055 0.502537727 0.830976486 0.687813342
    0.0840512216 0.558189511 0.275625974 0.417309105 0.37069723
    0.332389653 0.572534084 0.467389941 0.439338058 0.603116035
    0.823329926 0.58587265 0.792182207 0.633969307 0.174400538
    0.529838741 0.320041567 0.516231596 0.782776594 0.26118207
    0.411195219 0.0706495643 0.505457759 0.4899593 0.999405622
    0.162896901 0.221262246 0.236361563 0.756440282 0.917852461
    0.850405276 0.290868998 0.868520498 0.107051551 0.728813946
    0.501409411 0.922025442 0.0101655424 0.144864976 0.0830622613
    0.98473537 0.477878183 0.486832052 0.8849051 0.984238565 0.101981133
    0.765466332 0.103445351 0.457844645 0.385342866 0.556043386
    0.0274977088 0.301230758 0.363139063 0.0960511863 0.0163426697
    0.947140932 0.802744508 0.127825677 0.433904231 0.945138812
    0.0956142545 0.63297677 0.348075926 0.249148935 0.151286453
    0.638822794 0.861204863 0.581702352 0.69053936 0.541313648
    0.136567354 0.475828528 0.93659538 0.982607484 0.442207068
    0.624336302 0.187364221 0.541638672 0.503396034 0.685250103
    0.88021791 0.539472342 0.762796879 0.0191283822 0.571217299
    0.502000868 0.877083004 0.696369112 0.235158712 0.607504547
    0.548313618 0.0827620924 0.648000777 0.105639994 0.219355971
    0.94569999 0.270684153 0.835057259 0.462440729 0.515389323
    0.406759501 0.104006231 0.767900586 0.503538966 0.693655312
    0.871723413 0.585454762 0.0650605559 0.373104155 0.528950274
    0.802614927 0.767555892 0.674481034 0.900476336 0.439020932
    0.218241423 0.152308971 0.969885707 0.440814674 0.891765237
    0.727028251 0.842555046 0.503063142 0.0467591882 0.329513043
    0.776162684 0.632676423 0.783504128 0.791731596 0.413925171
    0.86630702 0.982654095 0.422418565 0.643568158 0.978856623
    0.804831088 0.188766062 0.0773012042 0.315728426 0.00596430898
    0.181453854 0.800280571 0.196733713 0.484375834 0.121792823
    0.792533398 0.795851707 0.171189994 0.602073073 0.271760821
    0.568384528 0.829762995 0.401437789 0.280682772 0.702565253
    0.274320126 0.781444728 0.323242366 0.240420938 0.627491415
    0.470705271 0.0176536143 0.829243839 0.592190623 0.36855489
    0.930863917 0.194385707 0.466310322 0.323016644 0.951994896
    0.356976986 0.615177691 0.178603351 0.085228771 0.567082405
    0.139013797 0.927838683 0.598705709 0.560929179 0.0803650022
    0.977579415 0.823066354 0.737675726 0.442130029 0.266554564
    0.745181322 0.911211252 0.385986716 0.471775621 0.786248684
    0.370118409 0.229280919 0.525433242 0.81695652 0.398747742
    0.301701307 0.955359459 0.143440604 0.257637441 0.578478873
    0.226321459 0.497629166 0.407958895 0.759977877 0.683260977
    0.51234436 0.0799149573 0.932923496 0.68610239 0.223440588
    0.988697112 0.533345819 0.875714004 0.433074057 0.303626716
    0.947241306 0.626136184 0.421235472 0.284045279 0.137271702
    0.447449088 0.0975842774 0.927131057 0.808672249 0.912841797
    0.992914081 0.155031681 0.0999668837 0.615130126 0.674391806
    0.662069499 0.262945473 0.322338223 0.486116439 0.686691403
    0.384852171 0.794703007 0.450425416 0.371613324 0.381936789
    0.875320196 0.360238671 0.22338137 0.920097768 0.341354728
    0.123324245 0.911993623 0.391505182 0.855191946 0.00877845287
    0.0326014757 0.0755792558 0.889774561 0.289491504 0.0567540526
    0.0989455879 0.0233842731 0.871505141 0.963165164 0.578098714
    0.383849531 0.600456953 0.797132373 0.75202024 0.155279934
    0.415600687 0.275985122 0.950884581 0.596288443 0.236419559
    0.524266422 0.161299795 0.793102503 0.912491918 0.834149778
    0.996374965 0.499338329 0.711622417 0.717604041 0.529147148
    0.795524597 0.21047169 0.349000037 0.827965081 0.614194274
    0.97569716 0.0694180131 0.583476543 0.855600715 0.578632712
    0.964774966 0.277914107 0.20814082 0.765662968 0.869469881
    0.930836797 0.96197772 0.060141623 0.283795774 0.552983284
    0.589906275 0.187425822 0.499500036 0.073787868 0.760979831
    0.871903777 0.415504277 0.440259844 0.492393881 0.363028586
    0.859760225 0.958609819 0.108229756 0.434185117 0.492662042
    0.543192267 0.230550975 0.416954786 0.863224983 0.311858416
    0.758037567 0.910595179 0.763186216 0.0927024782 0.341602921
    0.528424978 0.842148304 0.351357102 0.677407384 0.181509435
    0.403587043 0.0355280638 0.650958836 0.653339028 0.373386294
    0.895926833 0.382485092 0.677212834 0.880342543 0.391454816
    0.174343795 0.00070309639 0.144365996 0.765055299 0.747541428
    0.86769104 0.0911651254 0.272214442 0.743756235 0.0224155784
    0.752654135 0.894818425 0.896643996 0.828817368 0.617046773
    0.608724952 0.266257882 0.422729373 0.480642319 0.163902104
    0.545012236 0.312734276 0.0313826203 0.674421728 0.789372325
    0.365445226 0.199582189 0.587898314 0.106003135 0.450064123
    0.301176488 0.601132393 0.396078348 0.499015272 0.111255705
    0.181444079 0.961390495 0.29270944 0.18650797 0.129781812 0.2233046
    0.843324602 0.786421001 0.94804585 0.991594732 0.759410679
    0.282627046 0.526678562 0.0166761875 0.443971723 0.856325209
    0.14027831 0.482125938 0.904753923 0.354349434 0.0375860631
    0.935763299 0.0824891329 0.572352409 0.499512285 0.0876160562
    0.0122758746 0.61119318 0.731576145 0.103946418 0.459883392
    0.0131851733 0.854838848 0.529271007 0.510953128 0.828006685
    0.143263996 0.540524304 0.934688091 0.602256775 0.00750914216
    0.250215322 0.541121542 0.0993915498 0.315702945 0.842484117
    0.00271359086 0.571018755 0.470342875 0.00988933444 0.943389535
    0.368236899 0.0553350747 0.0851581693 0.0995668769 0.961293101
    0.62612915 0.828474164 0.855972648 0.866525173 0.887085795
    0.199446261 0.946092129 0.818487167 0.753101707 0.813346028
    0.676819086 0.0417049527 0.0415382385 0.511841059 0.956507564
    0.137366295 0.0466251075 0.564227819 0.773589015 0.164727181
    0.0888523161 0.807990313 0.828907192 0.794896483 0.299918473
    0.258319378 0.091440022 0.0896420479 0.50072068 0.679731667
    0.137582928 0.0941601098 0.520715892 0.390567333 0.474189669
    0.79582721 0.55375874 0.54683727 0.227707267 0.159942269 0.117383778
    0.947531104 0.0842243135 0.553371727 0.94709456 0.349061608
    0.65265733 0.193686217 0.338267624 0.0325333476 0.868474603
    0.409355491 0.207800627 0.567984045 0.0796892643 0.522857904
    0.798466086 0.753051043 0.482459605 0.0754276216 0.75208652
    0.401815653 0.836475968 0.871694088 0.809455216 0.733033419
    0.748427749 0.686860383 0.0199189782 0.121524334 0.399247766
    0.33315146 0.211013258 0.849327505 0.989813209 0.969233155
    0.990598381 0.0569364727 0.271659851 0.324398339 0.859356582
    0.989572406 0.56337899 0.668124974 0.969497681 0.581777811
    0.597886324 0.494065672 0.492054433 0.395771086 0.171336651
    0.961602569 0.992839575 0.027883172 0.834701777 0.809795201
    0.702777565 0.390902013 0.377249926 0.704182267 0.672037125
    0.0543388128 0.573904157 0.0431948006 0.831876099 0.982744932
    0.949642658 0.151616424 0.182330906 0.386029989 0.981750846
    0.265168071 0.120347917 0.960680842 0.764211655 0.936441422
    0.332565129 0.706104994 0.44240576 0.231218606 0.348102212
    0.842703342 0.662628174 0.50405997 0.18046087 0.0674320459
    0.044819206 0.864642322 0.357141912 0.441432267 0.340290785
    0.15210256 0.0864831209 0.264094591 0.339657068 0.140639126
    0.615504265 0.626041412 0.863225698 0.757082343 0.090490222
    0.716955781 0.161584139 0.300579071 0.029050976 0.968692422
    0.151406825 0.890948772 0.363888651 0.426834226 0.722971201
    0.423544854 0.954828739 0.769340277 0.642499089 0.0566129386
    0.69208324 0.797451258 0.954739034 0.0624905527 0.533228517
    0.23473677 0.26074031 0.0583727956 0.8605147 0.846841574 0.998245358
    0.873630524 0.552814126 0.609731376 0.652433991 0.884636998
    0.906887293 0.633954406 0.0209969878 0.952146292 0.590380192
    0.646316171 0.752042532 0.403312206 0.852669895 0.56820786
    0.248362809 0.068918258 0.016025871 0.718069911 0.440530002
    0.872941494 0.759144664 0.017090261 0.720532477 0.81611228
    0.326830029 0.317463219 0.246054411 0.94135952 0.302583456
    0.216735423 0.60362637 0.114660412 0.00204378366 0.949518561
    0.359973848 0.278652191 0.715286434 0.424823582 0.333526731
    0.884804189 0.462678283 0.696718156 0.291174203 0.945445895
    0.741126835 0.919962943 0.395590961 0.839554429 0.681757808
    0.391951233 0.887188315 0.168882817 0.670826495 0.400499195
    0.332751632 0.551994503 0.149546564 0.797109127 0.295921624
    0.43589139 0.798131704 0.334984124 0.282417715 0.0742252469
    0.534275174 0.647570789 0.776163816 0.892534018 0.751256227
    0.633707821 0.467768282 0.593137622 0.545776069 0.0881050229
    0.25553146 0.202713102 0.341197133 0.911547422 0.909536719
    0.852877617 0.360092878 0.195142031 0.28971824 0.575943947
    0.839548945 0.531234264 0.589687347 0.7422418 0.607253313
    0.567472994 0.199905425 0.635720193 0.753010392 0.730600357
    0.729515076 0.620723307 0.462313801 0.125622392 0.295360118
    0.495368361 0.910724282 0.152603149 0.90768826 0.753763556
    0.516034067 0.668785751 0.720827401 0.26433444 0.379076719
    0.696597099 0.568683922 0.808729529 0.0580444038 0.759441912
    0.942656219 0.719676018 0.17938298 0.405278087 0.623984933
    0.857395709 0.571242034 0.00904285908 0.616737127 0.414460063
    0.885275006 0.493919611 0.650041401 0.751566112 0.7526685 0.30496791
    0.255778968 0.139724523 0.250611335 0.0891711414 0.118258089
    0.327926815 0.943526864 0.341517746 0.0730811656 0.0908121169
    0.788710296 0.441173673 0.676058352 0.558517635 0.338335484
    0.193054438 0.968584538 0.724167228 0.575176477 0.155855924
    0.490178078 0.159972697 0.258098334 0.683100164 0.231062412
    0.370636046 0.713407934 0.60289979 0.50306648 0.770420074
    0.482205927 0.891190529 0.965070367 0.31420368 0.397681713
    0.764082551 0.502761722 0.859292865 0.257506907 0.531916797
    0.0206349194 0.958528519 0.560006022 0.00810012221 0.211147904
    0.420164108 0.489859968 0.494998395 0.214641362 0.839691341
    0.192326069 0.268497407 0.762855113 0.571555912 0.0769943297
    0.923040867 0.0337262154 0.389665723 0.817406297 0.748721421
    0.813201785 0.500839591 0.811536372 0.293498278 0.121866196
    0.982519031 0.99573648 0.267198563 0.953171134 0.484696358
    0.744705141 0.248934746 0.0110566914 0.586756051 0.275189221
    0.57386291 0.125364542 0.0524680316 0.618795156 0.731226921
    0.547238827 0.57635951 0.0862638056 0.704547048 0.095649302
    0.660283625 0.751088858 0.672825515 0.77503258 0.466282338
    0.0904580057 0.786842346 0.813368261 0.461202353 0.614970088
    0.479234695 0.607944608 0.759611607 0.222874463 0.309347332
    0.330545932 0.201216638 0.466282904 0.372794211 0.735592008
    0.437055349 0.69652921 0.540949047 0.511179328 0.862235546
    0.704545856 0.53396523 0.499664307 0.688656509 0.624885798
    0.88655746 0.713518798 0.770901561 0.356680602 0.467472166
    0.0736171901 0.83423245 0.0019968152 0.958545744 0.708094716
    0.811057806 0.229937941 0.848987699 0.259503126 0.96832931
    0.178073764 0.456893772 0.294554949 0.649910569 0.547191381
    0.887141585 0.407104462 0.751455426 0.44345668 0.438967586
    0.411547095 0.220563531 0.805131435 0.892598391 0.100526065
    0.56812638 0.256322473 0.360491037 0.771911502 0.276801437
    0.308985949 0.155265629 0.136831731 0.263117969 0.6569947
    0.589599788 0.891571879 0.00686234236 0.251134723 0.877380133
    0.555215836 0.120010227 0.374108046 0.809648633 0.240099221
    0.28796953 0.0775396824 0.503356457 0.614863873 0.255108446
    0.0667312145 0.626600146 0.0455774367 0.218598932 0.692051888
    0.591185033 0.558354795 0.58528173 0.177280009 0.882193327
    0.745378852 0.256768346 0.682095289 0.161811739 0.777288139
    0.263167828 0.852516711 0.36008954 0.935237646 0.490477592
    0.586284995 0.677785456 0.816209495 0.0368932486 0.40854615
    0.72066009 0.562212169 0.684879124 0.662246823 0.898557305
    0.331029654 0.271920085 0.541957319 0.583700478 0.933756471
    0.329563677 0.947770774 0.244661987 0.343145609 0.731271625
    0.708444893 0.998632908 0.875555396 0.337227583 0.839019179
    0.163516313 0.327955127 0.203425854 0.0892484188 0.819127202
    0.795180678 0.449625522 0.239549786 0.00213119388 0.152358234
    0.708652318 0.375745833 0.43111524 0.0762847364 0.475025684
    0.944743335 0.851245165 0.169781089 0.0757659972 0.739544034
    0.867512941 0.782189965 0.186552644 0.639939189 0.113795936
    0.988142908 0.710185766 0.229672372 0.789505959 0.765677333
    0.133638024 0.928677857 0.443450212 0.563319802 0.237194479
    0.848727107 0.738295674 0.141380996 0.210290819 0.629273236
    0.557661295 0.376377404 0.0563285947 0.659824133 0.231773943
    0.98026669 0.058092922 0.384042919 0.0568348169 0.363587797
    0.772682905 0.0887757242 0.136308998 0.551006556 0.873116672
    0.785243809 0.171862483 0.16453439 0.594798386 0.265558034
    0.336543262 0.799709201 0.865150869 0.593509614 0.0473470986
    0.304742932 0.0454339981 0.167604208 0.508713007 0.463296711
    0.115747958 0.210598767 0.763290048 0.475220233 0.490725845
    0.748660922 0.901489258 0.826560378 0.841711521 0.769984245
    0.598967493 0.588709831 0.327405512 0.0586774647 0.0141910315
    0.953004003 0.893792033 0.968012452 0.884541035 0.328654766
    0.593204558 0.529146552 0.107994229 0.182744354 0.399999022
    0.416154981 0.236139596 0.714458823 0.239232719 0.244122624
    0.380885303 0.542506099 0.724739313 0.277450621 0.326612055
    0.426887155 0.44023788 0.744858861 0.297176957 0.315214813
    0.605184674 0.745806932 0.0111309886 0.223647177 0.0800722539
    0.47681874 0.46290952 0.126816213 0.333542705 0.953952253
    0.894634247 0.7132774 0.403247684 0.0256329775 0.952159047
    0.948403358 0.803043962 0.615882158 0.690863788 0.770142615
    0.156050533 0.593979359 0.643610239 0.076794982 0.516045988
    0.0797368288 0.637296557 0.199106276 0.970796108 0.921258986
    0.451176763 0.919664502 0.628233075 0.324242711 0.67761457
    0.312599719 0.0416799188 0.816729546 0.891840458 0.870518923
    0.263991296 0.516019046 0.978422582 0.654067159 0.768314362
    0.457043588 0.250283211 0.240693748 0.483281761 0.250797421
    0.112585962 0.865911007 0.084898442 0.0667517185 0.486238927
    0.418464214 0.882624388 0.657038987 0.950859606 0.794695139
    0.0139447451 0.988307595 0.959862947 0.697328389 0.631815135
    0.692829311 0.412613153 0.337802798 0.90248996 0.984732091
    0.891805768 0.685749054 0.35638839 0.29023999 0.900784135
    0.154706419 0.408370942 0.969824791 0.332015574 0.941820502
    0.878892899 0.889929652 0.186522216 0.492827147 0.503899813
    0.212726146 0.442824721 0.864592075 0.738895237 0.7538867
    0.272280931 0.953809917 0.553232729 0.526979506 0.831573367
    0.226310462 0.665598869 0.955795527 0.214509606 0.472567469
    0.80834192 0.518534184 0.909032464 0.914113343 0.427339405
    0.196485639 0.560576379 0.784755468 0.184740394 0.760524631
    0.654304922 0.251889348 0.821362317 0.528129041 0.946050882
    0.705067158 0.561952829 0.674329162 0.0419010818 0.691748619
    0.638724327 0.25171572 0.231494814 0.899714231 0.346335232
    0.0290857255 0.155446529 0.952803731 0.799528062 0.567965746
    0.700006366 0.0144381523 0.236617595 0.536687851 0.570845366
    0.555222034 0.45721826 0.0147264004 0.177871466 0.072068572
    0.888830125 0.317841172 0.307032287 0.0237953663 0.166799903
    0.761225939 0.958275259 0.390372336 0.0405484736 0.21406576
    0.429926962 0.66689533 0.722691357 0.666495442 0.550991237
    0.0259842277 0.323678166 0.05391258 0.641928613 0.325075328
    0.969860137 0.176510483 0.339898258 0.0800513029 0.950080097
    0.724322081 0.526763856 0.528778791 0.926580191 0.348239899
    0.937385499 0.925945997 0.531128585 0.702817082 0.22487247
    0.584404826 0.15019986 0.672486782 0.753828704 0.708871424
    0.276656747 0.034049958 0.751028657 0.0477769971 0.279363155
    0.298822045 0.0643774867 0.389489591 0.509568512 0.918606997
    0.404333949 0.097130239 0.177783072 0.4982346 0.317485809
    0.767354608 0.522589922 0.8100878 0.982409 0.248567224 0.417824686
    0.00361272693 0.492113322 0.977168262 0.242621332 0.425925523
    0.381806672 0.680895209 0.969717264 0.221759439 0.0824636817
    0.241494954 0.352618635 0.168192029 0.748004913 0.45113638
    0.999960303 0.151361018 0.424205899 0.401504517 0.746720314
    0.900140762 0.676813364 0.988394082 0.512066901 0.683841884
    0.885518551 0.230112344 0.260574996 0.95745337 0.0750160515
    0.439839244 0.180703014 0.989843845 0.801788628 0.663507283
    0.840933025 0.825102568 0.923963547 0.173923194 0.775163412
    0.904690623 0.0790543556 0.874740362 0.211332262 0.586577237
    0.04951334 0.705149174 0.152732551 0.622781456 0.397648096
    0.233085841 0.996527791 0.901415467 0.805853844 0.648824573
    0.895841956 0.150958896 0.735205173 0.511308908 0.646633387
    0.852286935 0.276699364 0.606353045 0.896943212 0.0428285897
    0.647573173 0.262360364 0.756031752 0.405051798 0.543925703
    0.133342862 0.423770756 0.472099215 0.129479796 0.400691271
    0.141432315 0.706724524 0.171917677 0.64313674 0.690324187
    0.866087437 0.349204063 0.65213263 0.830135107 0.252174228
    0.178209156 0.774483085 0.344740629 0.275073916 0.712098479
    0.847782731 0.814627111 0.483608574 0.881625295 0.216357291
    0.390846372 0.0375334024 0.0594177544 0.168473542 0.930885315
    0.951111794 0.344417572 0.00681728125 0.258650243 0.838422775
    0.764674425 0.591579139 0.0377480686 0.94345969 0.128457248
    0.405227005 0.225731432 0.0458014905 0.0305115581 0.0363924205
    0.660052836 0.843394935 0.593779385 0.779846549 0.234337121
    0.217743546 0.344812036 0.821521044 0.780286551 0.46208173
    0.533913672 0.386403561 0.276992619 0.856871784 0.908904016
    0.469134986 0.196940601 0.298603535 0.808399558 0.602811694
    0.970823526 0.426342249 0.459004521 0.573624253 0.593172312
    0.113235503 0.565220594 0.155806929 0.373200595 0.818492591
    0.184520602 0.628796101 0.425970197 0.729217649 0.837102652
    0.686821103 0.938242793 0.318914831 0.917446017 0.223183692
    0.58205682 0.487724662 0.781452298 0.458536327 0.617577851
    0.865483165 0.206920743 0.561624765 0.948907256 0.129626334
    0.93431592 0.431606174 0.92472744 0.668287575 0.57560724 0.121471107
    0.917721868 0.15681079 0.937097192 0.261464119 0.0445100665
    0.818023086 0.0285590291 0.741079569 0.107401997 0.974671721
    0.695293546 0.113141865 0.556384087 0.895168662 0.269037426
    0.535431087 0.695483148 0.834075332 0.857106686 0.805378556
    0.840463877 0.913910627 0.711934865 0.397297472 0.0558711588
    0.373228848 0.298316658 0.893253624 0.990036607 0.849538565
    0.540706575 0.553966701 0.950906992 0.876474321 0.953160167
    0.93883121 0.3843171 0.0767786503 0.420844227 0.563842177
    0.0421641171 0.751183569 0.55133754 0.93589139 0.407870799
    0.224828273 0.334578753 0.794715643 0.254649431 0.708505094
    0.344247013 0.885217547 0.460096806 0.138681799 0.0298283398
    0.774174333 0.700648129 0.422674328 0.449335665 0.897172511
    0.455150276 0.449090421 0.765691042 0.637552679 0.640462935
    0.770115733 0.258310765 0.55783689 0.219284505 0.625644207
    0.349329472 0.501618445 0.0284516513 0.677405834 0.609678745
    0.957038641 0.668373942 0.783551455 0.81636405 0.878309131
    0.36584726 0.956027865 0.361206412 0.78060472 0.821864486
    0.234472394 0.682484508 0.450854957 0.506850541 0.950062394
    0.360598475 0.387197554 0.121569455 0.100847334 0.380931228
    0.514971077 0.463050783 0.898738146 0.246195048 0.546584845
    0.383659184 0.90400362 0.621533513 0.0209920108 0.475730717
    0.384307146 0.157209456 0.860766172 0.288548619 0.13604942
    0.212454736 0.857827127 0.944578528 0.108862549 0.484099001
    0.400046498 0.71442759 0.896103978 0.955212533 0.919359565
    0.464853734 0.603634775 0.752089977 0.450801581 0.570887983
    0.388356268 0.220942765 0.686051071 0.469615072 0.134007305
    0.437222421 0.847054482 0.0926084518 0.0084618628 0.534345388
    0.0451268852 0.484534323 0.387332767 0.478708208 0.657263756
    0.914776802 0.306359589 0.828842402 0.770185471 0.284199566
    0.187126398 0.510249555 0.495325238 0.187557191 0.0382802188
    0.47097066 0.997577786 0.178100139 0.353949785 0.292385429
    0.0414931476 0.47138831 0.63624841 0.140736043 0.812284708
    0.566755593 0.193736732 0.191024423 0.0208939016 0.653234005
    0.665483534 0.953356624 0.595932484 0.875069499 0.870056808
    0.535474956 0.306248814 0.590692997 0.119065642 0.671174228
    0.121825546 0.211629331 0.285679042 0.0263944566 0.661154032
    0.612669528 0.710834861 0.522574127 0.199193537 0.746226728
    0.0745841563 0.816211343 0.400257647 0.631985009 0.988059878
    0.209452033 0.363872379 0.412081659 0.0048609674 0.648716688
    0.983063757 0.940452158 0.454329044 0.383511961 0.9274472 0.56571418
    0.7880494 0.0338704586 0.644477069 0.573134065 0.343312681
    0.785692334 0.823571563 0.889902651 0.449679881 0.694226205
    0.714307666 0.544605613 0.349610806 0.0276258588 0.330595642
    0.672830641 0.81404984 0.0135878921 0.08133623 0.348094434
    0.171596527 0.62376833 0.0133690536 0.785568774 0.887417436
    0.376356721 0.0042693615 0.221625835 0.957355976 0.692993999
    0.22688207 0.123407185 0.374248534 0.629827499 0.467111588
    0.723459125 0.932896435 0.655241251 0.225815833 0.865926027
    0.80646956 0.52245301 0.48974818 0.118223757 0.247326732 0.121757805
    0.337007493 0.0393585861 0.134196877 0.254377186 0.164592028
    0.958070517 0.496719986 0.0336025953 0.837899387 0.990784168
    0.438375115 0.625801623 0.911127985 0.60834682 0.228717178
    0.756595612 0.774637222 0.459659398 0.64795965 0.804058254
    0.148017496 0.287901282 0.389711797 0.373010308 0.141832739
    0.00119963288 0.543079913 0.988327384 0.0418845117 0.0126470923
    0.437928438 0.551631451 0.845423579 0.210860699 0.482048035
    0.685950994 0.506879151 0.056702137 0.52669692 0.788045168
    0.177158952 0.586138785 0.721753001 0.0916315019 0.455855787
    0.596207261 0.00361022353 0.567845464 0.687331975 0.472674102
    0.324314386 0.725312173 0.799199641 0.770118952 0.538642824
    0.251857579 0.920791745 0.0801722407 0.842625439 0.542194426
    0.7462852 0.277387023 0.424883872 0.453495473 0.280854344
    0.969134092 0.756711364 0.307186842 0.57923311 0.774447083
    0.517338574 0.287275493 0.782586873 0.454971075 0.550250471
    0.0715384483 0.536555886 0.484579682 0.0496646464 0.697872937
    0.866147578 0.794923067 0.378844529 0.482272118 0.357660174
    0.119624585 0.118506134 0.492311776 0.854714215 0.949743986
    0.262072444 0.719382167 0.679518998 0.438858151 0.58149755
    0.991504312 0.785225272 0.91879487 0.637303889 0.0428713262
    0.565831482 0.549945116 0.336074352 0.680687249 0.368760556
    0.437514156 0.190520793 0.633934975 0.665667176 0.563948214
    0.526545584 0.946703434 0.055403024 0.762351096 0.404673368
    0.596303999 0.0294851959 0.299902856 0.731762826 0.575385451
    0.811323166 0.742052615 0.953629732 0.925596118 0.833852232
    0.115837395 0.223651379 0.666705132 0.502724588 0.8097983
    0.557804108 0.631237805 0.924052835 0.597344041 0.84211272
    0.935141981 0.737636805 0.56461221 0.00316810608 0.231534272
    0.149221838 0.441645801 0.818061411 0.136465609 0.233264476
    0.23862955 0.320741832 0.432765543 0.977787733 0.209037721 0.493386
    0.522134662 0.363960028 0.029709816 0.598536789 0.617469668
    0.86877203 0.468133032 0.40373528 0.714014292 0.214818209
    0.364234328 0.453352094 0.0315865874 0.357237816 0.546137512
    0.273294628 0.983326674 0.0627291203 0.145585567 0.615505934
    0.716526747 0.768205404 0.344632804 0.232474864 0.0527769029
    0.843882799 0.201306611 0.996316075 0.377090991 0.232313752
    0.65461117 0.540314019 0.698532879 0.402168453 0.389289439
    0.104437411 0.290681809 0.239586353 0.115705341 0.956779957
    0.614756942 0.367689252 0.136569411 0.878780425 0.939058304
    0.0168824494 0.376685262 0.200932384 0.621707976 0.323213518
    0.458033025 0.334312499 0.0932768881 0.185624033 0.410317987
    0.415044755 0.625920177 0.766454637 0.753782213 0.606886625
    0.4959445 0.7743994 0.081389755 0.464741051 0.542438507 0.444647461
    0.402433962 0.917717338 0.251233488 0.284343243 0.930004835
    0.745072603 0.61961633 0.988919258 0.587147892 0.886302829
    0.515499771 0.417808652 0.143254071 0.553127825 0.653401196
    0.288235247 0.515915751 0.265919566 0.955222011 0.470143795
    0.229789108 0.127665848 0.410775304 0.167174518 0.605576634
    0.581297755 0.696802855 0.797280908 0.727613688 0.784136057
    0.988973856 0.370469898 0.946028709 0.958610296 0.145114034
    0.105329126 0.650157154 0.947703242 0.866370678 0.790957749
    0.203735739 0.443440616 0.51140672 0.958002388 0.550682008
    0.191680104 0.478570908 0.291861057 0.130195707 0.240778297
    0.198795557 0.881494641 0.27826044 0.380460769 0.00857082009
    0.101580292 0.161139637 0.58214432 0.969544053 0.315425694
    0.0433020592 0.327390611 0.567979097 0.916322827 0.627005994
    0.905175328 0.704569817 0.718456984 0.0871594548 0.933943033
    0.190724581 0.888689458 0.388679564 0.0223136544 0.793194115
    0.615753651 0.357141316 0.300739676 0.695766687 0.768146515
    0.0245734453 0.818895817 0.256104797 0.866473198 0.484701514
    0.532704055 0.818654239 0.632550359 0.140873343 0.832959652
    0.806291938 0.296578556 0.150385588 0.292509139 0.989127398
    0.121139109 0.0964888632 0.18786788 0.503719568 0.708013594
    0.959026098 0.662796021 0.203552186 0.576068699 0.477043271
    0.00690755248 0.596960425 0.521264195 0.0787464082 0.253203094
    0.360899031 0.137683928 0.0783848166 0.02663818 0.400700778
    0.988271236 0.291202754 0.133108795 0.622687101 0.940107286
    0.0385723114 0.46840477 0.00642573833 0.831577182 0.51435107
    0.249287218 0.575018883 0.514354229 0.184794784 0.712392092
    0.337830544 0.394072562 0.813754082 0.495497584 0.615330637
    0.454624981 0.66982317 0.502933979 0.498989791 0.181387842
    0.0249252319 0.281305403 0.63656652 0.938921273 0.875303984
    0.0935564637 0.79783076 0.147702008 0.345382929 0.316637814
    0.427802801 0.742376089 0.54585439 0.2802504 0.836647272 0.371818602
    0.932593226 0.623316169 0.632026851 0.5102458 0.174222559
    0.213514775 0.185106158 0.666075945 0.295085371 0.534285665
    0.920734465 0.769068599 0.147800475 0.633441031 0.752836585
    0.708301902 0.468805045 0.0822951496 0.863209963 0.686404884
    0.997310758 0.637579918 0.89940691 0.181101471 0.158550203
    0.227921784 0.12633419 0.21017006 0.512110949 0.90925467 0.189174533
    0.561153769 0.750932157 0.0189213157 0.469572097 0.964567304
    0.941081047 0.88343662 0.700662494 0.868313968 0.944232583
    0.752605677 0.215341181 0.0377085209 0.990560114 0.401876628
    0.943649173 0.618414283 0.425962687 0.096965313 0.0172533393
    0.433409154 0.657696366 0.01664114 0.675138295 0.570157528
    0.536810696 0.416760445 0.418923348 0.0254558921 0.332337737
    0.0300674438 0.166718513 0.661391139 0.382846236 0.143847078
    0.000262469053 0.392252505 0.925993145 0.677670896 0.73207438
    0.715958536 0.313023031 0.0828042626 0.934127569 0.860989213
    0.366407663 0.285185605 0.682269037 0.258001447 0.0401503146
    0.389360845 0.114257842 0.13587898 0.561463654 0.360863119
    0.377084225 0.938235164 0.077516973 0.342864037 0.340909094
    0.252857208 0.431061149 0.800033212 0.0861451924 0.762937665
    0.993825436 0.465640545 0.186537087 0.858157873 0.0940538347
    0.525832176 0.934142351 0.272005677 0.476893574 0.88179481
    0.520168424 0.203560501 0.980656505 0.0341018736 0.187147617
    0.930568814 0.943252027 0.24902606 0.351366818 0.00561067462
    0.600375652 0.6682266 0.176516116 0.960875869 0.435702235
    0.881904364 0.543194652 0.482589602 0.627815843 0.205388218
    0.49097687 0.638040841 0.0434220135 0.491656393 0.725355268
    0.00947955251 0.693889678 0.88517195 0.715130746 0.119394094
    0.157776266 0.566026866 0.220268935 0.108157933 0.233755708
    0.696761608 0.844413877 0.527789295 0.955211461 0.682017863
    0.835523844 0.565231681 0.607918143 0.392259717 0.535345972
    0.327934086 0.52350378 0.993754804 0.793293178 0.167411149
    0.603497326 0.0929264724 0.0785533786 0.727559209 0.441788167
    0.541752279 0.713460088 0.607547581 0.510371149 0.558229208
    0.771633029 0.0215430856 0.400093228 0.902312279 0.693137527
    0.768321633 0.154975057 0.446814001 0.460545778 0.251536071
    0.595647216 0.768132448 0.558622062 0.32303828 0.22560963
    0.469877988 0.0849946141 0.195328116 0.589409709 0.439308107
    0.786473393 0.899537086 0.276428878 0.384897232 0.463751942
    0.958147407 0.838508129 0.678854108 0.0640658736 0.794057608
    0.0701084733 0.0878924727 0.0778892338 0.84357214 0.247654647
    0.0251975954 0.0490034819 0.876679599 0.891305685 0.208924562
    0.906199872 0.286057115 0.197666228 0.43364504 0.515984237
    0.635158181 0.0921349227 0.521628499 0.560424447 0.891756535
    0.451096326 0.293911695 0.37169829 0.950783134 0.931672156
    0.0400612652 0.0595780909 0.682525754 0.0491882861 0.212631792
    0.58764416 0.0262503922 0.341357648 0.327954978 0.698307157
    0.969807506 0.0197110474 0.718162596 0.0438633859 0.658163667
    0.773649573 0.695990264 0.0521933138 0.205117524 0.0411556959
    0.84446013 0.581920147 0.936319947 0.324225485 0.78259778
    0.0138226449 0.273278654 0.503344953 0.685809612 0.575951934
    0.61001581 0.547929764 0.0852561295 0.332973868 0.197816223
    0.184029907 0.892244577 0.0246602595 0.880700469 0.811521053
    0.451338738 0.164937794 0.898484647 0.893856466 0.968453109
    0.946932793 0.0309184194 0.33427918 0.325814724 0.995813787
    0.0479029417 0.463766664 0.0017644763 0.0710792542 0.759516001
    0.00148224831 0.130722284 0.425266534 0.479577392 0.574496806
    0.239652723 0.0404933393 0.671926618 0.715870142 0.0289204419
    0.631338954 0.111620337 0.245120674 0.188980609 0.940697908
    0.861060739 0.677096009 0.0366884172 0.317277968 0.709956527
    0.564971864 0.239342779 0.303068221 0.63961041 0.165244579
    0.898827732 0.503351152 0.103897393 0.979164839 0.132643431
    0.992243528 0.0532344282 0.10417977 0.995165169 0.701237202
    0.866264045 0.313457966 0.78868103 0.928953528 0.825662613
    0.0782823861 0.791640043 0.232477337 0.881649137 0.711989522
    0.0563734174 0.516650498 0.35968107 0.773377061 0.088103056
    0.515920043 0.44917053 0.907187402 0.110652298 0.130077392
    0.145240098 0.622996449 0.865556836 0.799674988 0.94873023
    0.975721717 0.195089817 0.559458971 0.237932712 0.343644232
    0.278073609 0.679898143 0.782505393 0.479510754 0.00771689415
    0.00688201189 0.103016347 0.221427053 0.62232554 0.750530481
    0.924619079 0.0463763475 0.159625828 0.589143276 0.185861319
    0.000214785337 0.226554692 0.237732589 0.685811639 0.91731298
    0.555281401 0.224707693 0.0282563567 0.283290833 0.664047599
    0.273502678 0.906555116 0.379109383 0.640826225 0.307706237
    0.491544425 0.553547204 0.894752622 0.646504879 0.844725072
    0.193632245 0.864648104 0.486843914 0.471449494 0.113479316
    0.940851569 0.118123382 0.382892251 0.465904772 0.195969075
    0.699251831 0.982181072 0.811165452 0.88093698 0.764547288
    0.216864407 0.204529464 0.30062896 0.560318291 0.969556808
    0.312006205 0.585015595 0.591525853 0.112349361 0.300128698
    0.263218731 0.965579271 0.243645757 0.939339697 0.53039825
    0.325626671 0.144407362 0.249760836 0.17119959 0.421443641
    0.663795352 0.574205637 0.352557063 0.200757623 0.619881809
    0.780135155 0.827781081 0.220165282 0.503736377 0.0471224487
    0.420533389 0.638579011 0.845952749 0.226565629 0.313009441
    0.789570093 0.601877153 0.720677912 0.840799928 0.430890888
    0.844990969 0.15595755 0.250064194 0.611473322 0.185354441
    0.692732036 0.70934236 0.692322731 0.337451041 0.143665254
    0.759759486 0.264943957 0.151333034 0.310170174 0.538577259
    0.650350571 0.456945062 0.30179584 0.105611414 0.488828868
    0.750530362 0.603450835 0.920857787 0.219659179 0.240792304
    0.291687936 0.336649358 0.16620779 0.809778214 0.878117085
    0.272096246 0.294917524 0.833415151 0.360795259 0.346866488
    0.318033934 0.626789808 0.80421102 0.676447928 0.771427512
    0.73004055 0.697777629 0.210566938 0.0474123955 0.821243763
    0.752050281 0.248116225 0.996296823 0.109629124 0.588044643
    0.162178993 0.605576873 0.899984062 0.647721529 0.866844296
    0.298893034 0.742226601 0.0332490802 0.803462148 0.288277417
    0.749761999 0.712379277 0.623009741 0.75456357 0.776196837
    0.466923296 0.286963701 0.936079383 0.464298874 0.848918498
    0.107581794 0.554330647 0.224457264 0.259491503 0.200206369
    0.282559812 0.445747823 0.0941892862 0.566602051 0.336554945
    0.531361759 0.611155987 0.847903609 0.0715923607 0.29869467
    0.185995579 0.781858802 0.405183285 0.936939836 0.642172098
    0.710885763 0.311991453 0.930817544 0.531818628 0.835222483
    0.647999644 0.0372996926 0.360866487 0.676109433 0.132340282
    0.287323475 0.0044580996 0.360114396 0.394414276 0.839826643
    0.036251843 0.166386783 0.712797463 0.6454162 0.615811467
    0.511119068 0.453460455 0.0769215524 0.817304313 0.191702038
    0.370554179 0.255372107 0.927355289 0.698501647 0.000868350267
    0.288833529 0.974393249 0.243193477 0.122071356 0.768075526
    0.967084169 0.865048647 0.296999216 0.740645051 0.812034428
    0.57437247 0.692017794 0.399663746 0.315103948 0.40493232 0.64078176
    0.589159667 0.95378828 0.82649529 0.937105417 0.956551552
    0.469256848 0.260186851 0.575840235 0.610202432 0.314445794
    0.736087859 0.966596365 0.893903255 0.376121342 0.58327651
    0.286273003 0.316033065 0.443709105 0.926590681 0.147048324
    0.0767602921 0.562366188 0.992842078 0.499062032 0.179641724
    0.46912998 0.752846479 0.503984034 0.605237186 0.128732651
    0.468435884 0.25346756 0.302792549 0.390826225 0.76531899
    0.0268471241 0.683315873 0.330113381 0.724903703 0.605932057
    0.222482264 0.343603373 0.315903693 0.103674918 0.943632662
    0.438503683 0.301932156 0.453805774 0.799403489 0.862912536
    0.499905318 0.108142555 0.410195291 0.0078124404 0.638446808
    0.893186033 0.533831537 0.456066757 0.332613409 0.409294993
    0.611388505 0.486428082 0.720300198 0.140033245 0.927389741
    0.187518537 0.49109593 0.0292676091 0.710295916 0.934377551
    0.501415491 0.0762461424 0.278211415 0.793098807 0.761196613
    0.713681936 0.403359294 0.57480818 0.986528873 0.83839941 0.77342546
    0.458146542 0.758507967 0.455677688 0.702077866 0.836101651
    0.776377797 0.850710332 0.395895392 0.232399106 0.0917437077
    0.522296607 0.96077168 0.170178026 0.623391032 0.579038024
    0.548222423 0.678476095 0.959071398 0.752693892 0.953618705
    0.763599396 0.836212158 0.258369207 0.216904253 0.872202754
    0.753951788 0.659700811 0.306093395 0.719149828 0.160365492
    0.83547318 0.594487309 0.666528344 0.436385959 0.114631891
    0.178526968 0.0814293623 0.511929452 0.709498584 0.827397227
    0.604632854 0.341664851 0.499727756 0.0177682638 0.792429149
    0.273169219 0.654987395 0.00823682547 0.942312717 0.164930671
    0.725231528 0.361242473 0.9022246 0.849845886 0.561669052
    0.0569923222 0.104503155 0.105672419 0.631013095 0.650161386
    0.00847348571 0.659474671 0.657812476 0.752699435 0.994911671
    0.445222229 0.34381187 0.960237145 0.995244026 0.690785408
    0.0819083154 0.851028323 0.571148396 0.108318269 0.116561055
    0.419437647 0.0430517793 0.584253728 0.264345348 0.651199579
    0.465825081 0.196999788 0.288256437 0.944151282 0.423985958
    0.266367197 0.655256331 0.953653574 0.85379982 0.946555614
    0.951708734 0.486743003 0.573313355 0.597091913 0.952626586
    0.110923529 0.202699244 0.51168251 0.726508319 0.854785681
    0.839884162 0.93427825 0.144817263 0.681902111 0.110645801
    0.286734462 0.632330537 0.12349999 0.589843512 0.373358488
    0.297022462 0.737597466 0.885925531 0.504322052 0.628836393
    0.903729081 0.603459299 0.227318883 0.0631524324 0.174151003
    0.288604259 0.45604533 0.957692266 0.484242439 0.689510405
    0.888856769 0.595337212 0.679565728 0.19860068 0.370216846
    0.335432142 0.990189493 0.356117696 0.844577074 0.869316757
    0.546809614 0.827369571 0.319243073 0.402765274 0.139265627
    0.0226142406 0.342305183 0.774456859 0.375985503 0.0519268811
    0.130219609 0.994205654 0.0542882979 0.0108249187 0.0712856352
    0.737103939 0.985100865 0.695639968 0.0841908455 0.793059766
    0.027069509 0.341312915 0.894898474 0.604598522 0.358695447
    0.00736373663 0.223977119 0.0860499442 0.258377284 0.978698552
    0.875118613 0.176875412 0.269328892 0.625170767 0.701894939
    0.372698128 0.342342317 0.128235132 0.698447645 0.564073324
    0.0402306914 0.580125272 0.878688216 0.626459479 0.518847883
    0.602378428 0.545377672 0.28783673 0.347651005 0.25279659
    0.562782705 0.335534871 0.409275621 0.383534193 0.936914682
    0.0120873749 0.807358503 0.93184948 0.588991225 0.472788841
    0.898794293 0.0466100872 0.0272773802 0.777061641 0.901393175
    0.749185383 0.885637164 0.933840036 0.734904468 0.316743106
    0.109520704 0.594866216 0.774682283 0.276195467 0.522312522
    0.189598083 0.728052258 0.315794587 0.751734197 0.252592564
    0.311313748 0.340404272 0.0701001883 0.291452348 0.845608234
    0.612115324 0.263048023 0.673253059 0.343246162 0.373272628
    0.867463708 0.390500724 0.264636934 0.289227366 0.796131253
    0.377715051 0.100796759 0.687920213 0.874106646 0.513364673
    0.584427536 0.854289174 0.55309236 0.260879517 0.192240775
    0.203478068 0.497536391 0.110476434 0.203994066 0.692177832
    0.493102968 0.330646098 0.782381237 0.928119957 0.154950202
    0.530863404 0.81358099 0.916435003 0.400135696 0.279491156
    0.521585643 0.136759758 0.90722549 0.0266077518 0.86334002
    0.600940824 0.922202408 0.304389477 0.325805247 0.721442103
    0.874097109 0.468824476 0.479099512 0.142427206 0.652771771
    0.0926842093 0.283044457 0.585175335 0.933438778 0.295699775
    0.0739247203 0.548878193 0.640656829 0.510482013 0.773514986
    0.466777623 0.775767922 0.670788586 0.663661659 0.524902046
    0.552441776 0.694651484 0.804494977 0.273751259 0.164453238
    0.974452257 0.306051403 0.555052578 0.56034863 0.428232491
    0.993858337 0.580757141 0.721577942 0.717209756 0.815650284
    0.136847347 0.592973053 0.0700860023 0.059964776 0.593281686
    0.304022491 0.0488265753 0.982976198 0.507237613 0.864290416
    0.157148451 0.26458922 0.70442009 0.506603062 0.353444606
    0.944201291 0.893988132 0.000434905291 0.471127063 0.919907749
    0.821286082 0.217956752 0.901114106 0.0363487005 0.40219152
    0.236501396 0.903989553 0.982826591 0.00212401152 0.886649847
    0.864359438 0.584732592 0.95234704 0.46291098 0.383056372
    0.610140562 0.050976038 0.410113931 0.306712508 0.440085232
    0.361926794 0.257866502 0.97217226 0.0174806118 0.370901287
    0.861197412 0.369270027 0.833641648 0.636599004 0.811578453
    0.356051624 0.441528797 0.818665266 0.409616977 0.734261274
    0.568090916 0.577529967 0.357491255 0.891196489 0.395988584
    0.433642268 0.983358204 0.47713238 0.50871855 0.579401612
    0.281558096 0.318797171 0.446543097 0.495762348 0.72481972
    0.100475609 0.352914989 0.485392779 0.179051012 0.809119821
    0.455778003 0.106921583 0.0934987962 0.465297461 0.492298126
    0.699442506 0.209080517 0.882036567 0.817417741 0.343044162
    0.774185419 0.39000985 0.871402681 0.0168586969 0.51870048
    0.501792133 0.379118621 0.478347689 0.282537878 0.13925764
    0.302335203 0.771898687 0.77803421 0.037964046 0.320863307
    0.977561116 0.921761513 0.350320846 0.199499428 0.925818205
    0.377838582 0.0231196284 0.0484478772 0.065231353 0.393336982
    0.250866652 0.0734428763 0.503462791 0.792392671 0.513412058
    0.926509202 0.468110025 0.643280327 0.915491581 0.444412231
    0.317977995 0.434969187 0.634557009 0.180685014 0.462530792
    0.892809451 0.390078515 0.166122079 0.171045035 0.512639999
    0.279215574 0.67770797 0.268589437 0.656737208 0.852606773
    0.26985985 0.553804874 0.623143733 0.975160658 0.388467342
    0.266421914 0.464591235 0.336502135 0.416497946 0.104852617
    0.222773403 0.191971213 0.764739275 0.085026294 0.779136121
    0.11477533 0.76726073 0.836060286 0.665958166 0.901843786 0.77391386
    0.842993796 0.262872338 0.80762136 0.805438042 0.234676212
    0.95806098 0.164541602 0.984946609 0.0655510426 0.60392493
    0.158760786 0.213639051 0.36456582 0.780440927 0.644262671
    0.995143652 0.447231442 0.618246794 0.509737134 0.434524924
    0.113861442 0.694827437 0.0365110338 0.493711531 0.40909639
    0.837373614 0.170266986 0.628179193 0.730363369 0.407002896
    0.620664835 0.944265008 0.114034444 0.80331552 0.223442048
    0.198297352 0.591684401 0.941925108 0.34296751 0.140489489
    0.610767126 0.334995478 0.725050688 0.865391672 0.0887732208
    0.431789756 0.00196662545 0.97601366 0.899381936 0.0649657845
    0.499100357 0.306157112 0.0384707749 0.391703248 0.707240283
    0.090460211 0.151604444 0.820827603 0.50117594 0.962906957
    0.230209321 0.462780535 0.223945498 0.659101248 0.831622481
    0.26246345 0.772952437 0.266026556 0.384847581 0.227674961
    0.832584858 0.218308091 0.418875903 0.0113374591 0.701735556
    0.682441711 0.128944993 0.696560025 0.980723679 0.805231214
    0.693153858 0.820769072 0.514187634 0.489021569 0.652253747
    0.0976741612 0.544973195 0.732812643 0.274983227 0.719520509
    0.803117394 0.501143098 0.845836103 0.228212744 0.779945254
    0.339627415 0.670045137 0.498588681 0.390650004 0.213931322
    0.11472851 0.724135339 0.76104182 0.346835911 0.897459686
    0.0116500556 0.456858546 0.616271436 0.00695043802 0.580249786
    0.030621022 0.402307659 0.811022758 0.248839051 0.24209708
    0.455262542 0.511584818 0.661023378 0.695806861 0.425222635
    0.817238152 0.868972063 0.893324375 0.725054383 0.734048426
    0.28096208 0.12027818 0.611964703 0.0732452571 0.735660195
    0.712158084 0.717690587 0.175879985 0.473787665 0.857541442
    0.848014712 0.720367551 0.858986974 0.976490974 0.126391441
    0.425526291 0.932832181 0.963652432 0.35459286 0.526697993
    0.446295112 0.447392941 0.668846786 0.717893422 0.763862848
    0.0262505114 0.886986613 0.126355797 0.877954066 0.226087093
    0.114460111 0.346133441 0.636937022 0.779141605 0.248600602
    0.366021991 0.383047163 0.199984938 0.611825824 0.597031951
    0.441127986 0.791826367 0.350522041 0.530951619 0.459915966
    0.804606915 0.622955918 0.559541762 0.0283782482 0.839009762
    0.137447119 0.988515377 0.899430096 0.898971438 0.701009631
    0.294755638 0.48170656 0.845445693 0.880693316 0.618302763
    0.945275426 0.424288899 0.0837592185 0.0746043622 0.749830842
    0.0682927966 0.0489517152 0.661577106 0.405135185 0.791781247
    0.0926428735 0.308120489 0.148254991 0.117760092 0.403466821
    0.829041123 0.192937642 0.475146443 0.493545532 0.527163029
    0.728096664 0.349095821 0.10929653 0.11141631 0.187087983
    0.852814198 0.3262977 0.511247516 0.400693893 0.494434625
    0.309352636 0.176482588 0.850551367 0.695319951 0.985943794
    0.164089471 0.380555123 0.00793269277 0.271851182 0.785992026
    0.0444868803 0.767408252 0.775227487 0.499453217 0.301502287
    0.452782869 0.10240072 0.418013573 0.946637273 0.626123965
    0.998749316 0.854086637 0.527284145 0.934458673 0.0700389445
    0.907656312 0.0442791581 0.193392903 0.192758143 0.288575888
    0.09864977 0.324173242 0.185468435 0.413539767 0.355540395
    0.501166463 0.0812869072 0.108159363 0.86114049 0.835442245
    0.677550733 0.807100177 0.909475863 0.0330965221 0.34186694
    0.84314537 0.23146069 0.960317314 0.942586184 0.945011139
    0.583115697 0.342155457 0.697035432 0.507311106 0.402746439
    0.440526992 0.639824867 0.271389544 0.0926299095 0.829612017
    0.486169398 0.963636458 0.653505921 0.941553295 0.842470109
    0.18151769 0.281565964 0.76823175 0.912668347 0.963662148 0.57552141
    0.524306774 0.969952166 0.034502089 0.266738653 0.0172698796
    0.642197967 0.762810349 0.950323939 0.00187194347 0.792959452
    0.165516317 0.969422042 0.699319482 0.973824382 0.646190882
    0.563380718 0.574248075 0.123956561 0.734654486 0.528395534
    0.358014405 0.31727162 0.682573676 0.91789341 0.578555822 0.31595391
    0.695766211 0.709208369 0.0234102607 0.41905275 0.285247386
    0.314633906 0.769394696 0.873045683 0.158733785 0.0975808203
    0.0451440811 0.434463412 0.983598471 0.0311282575 0.943322361
    0.247187406 0.509323061 0.416576385 0.848030388 0.081087172
    0.781511068 0.294893622 0.586241424 0.456607789 0.589550495
    0.622447014 0.753370762 0.981620312 0.40280211 0.467674792
    0.972555637 0.908261716 0.0281423926 0.404318452 0.612074375
    0.216370344 0.171913326 0.39663285 0.0968846381 0.823203683
    0.640709281 0.880182147 0.593511701 0.518120885 0.836819708
    0.859080255 0.226459563 0.105710596 0.704986334 0.325165689
    0.338903606 0.194532961 0.449598968 0.501828551 0.0832687318
    0.60986501 0.386004031 0.471523345 0.49541828 0.874003291
    0.641227543 0.157452047 0.0418119133 0.71292907 0.903936207
    0.505939126 0.472529382 0.993839562 0.989538312 0.788532376
    0.211859941 0.761724949 0.252239734 0.714920938 0.934144497
    0.910898209 0.271747708 0.760829866 0.665814877 0.191540956
    0.496525943 0.0911872387 0.0159940124 0.0307487845 0.777413011
    0.0837966204 0.939897299 0.0246796608 0.974565029 0.0704117417
    0.410112262 0.179973215 0.527405918 0.440533102 0.381145 0.273925543
    0.567812145 0.748261392 0.432234734 0.227206916 0.0443970561
    0.356738091 0.910400987 0.464412063 0.478754699 0.531439602
    0.816971779 0.301576227 0.882360339 0.530555964 0.432445407
    0.842068553 0.785149574 0.463652223 0.557412505 0.770537376
    0.275721431 0.80118978 0.492555857 0.790835738 0.0880628526
    0.312656492 0.918699801 0.586242497 0.516409278 0.240833074
    0.153895825 0.404102117 0.204544574 0.522600651 0.528383732
    0.857392907 0.17220971 0.537433445 0.251148105 0.070715189
    0.842861652 0.5532493 0.0712071061 0.133739829 0.467348307
    0.939963818 0.633578062 0.126218259 0.860468745 0.524678886
    0.315283716 0.665465236 0.554357171 0.193254411 0.742647707
    0.109149307 0.940402389 0.916630149 0.337196708 0.651096165
    0.911571205 0.308596253 0.414068729 0.662179351 0.801368058
    0.00219392776 0.0907460749 0.00960585475 0.632958174 0.620249867
    0.0953409374 0.865456223 0.511844397 0.408037871 0.305920362
    0.614654303 0.452971756 0.521117091 0.669700503 0.903540313
    0.204945117 0.396811754 0.769463956 0.640090644 0.147437662
    0.88269794 0.788002014 0.463020712 0.94196403 0.299922764
    0.350289911 0.968383074 0.272012174 0.0158496797 0.691237867
    0.128101289 0.251805723 0.951608896 0.920628428 0.536444485
    0.62378782 0.245147437 0.133481026 0.718290567 0.916135669
    0.688183844 0.794576585 0.240659595 0.222291678 0.969685137
    0.167888671 0.887696624 0.194981873 0.667161763 0.710347593
    0.285690069 0.894973278 0.776078165 0.41295293 0.859689653
    0.389168292 0.413476706 0.464550614 0.585573137 0.653271914
    0.687817693 0.740621269 0.332063764 0.54611522 0.645293415
    0.69010663 0.472110212 0.434260011 0.114580601 0.90108031 0.09118101
    0.626430273 0.697293401 0.961025476 0.974264264 0.316138148
    0.365208447 0.0687173903 0.609748721 0.84169805 0.362092733
    0.979543209 0.359706223 0.468617648 0.667918622 0.185356259
    0.51006341 0.0705497563 0.348873943 0.762843251 0.468962014
    0.203531086 0.0387744308 0.0198487043 0.0237223804 0.786880374
    0.353221476 0.00464007258 0.6937536 0.927444994 0.677565575
    0.731650174 0.846426427 0.822172701 0.63396585 0.419771343
    0.366179228 0.033095181 0.881853223 0.92437309 0.065764606
    0.380000949 0.228035897 0.229372531 0.0183876157 0.3032839
    0.171936899 0.650273085 0.451871336 0.907374918 0.442556202
    0.685491681 0.974479079 0.720074296 0.224772662 0.0761363506
    0.0427295864 0.669286489 0.576212525 0.794469237 0.252761453
    0.791347921 0.856779456 0.591706336 0.60624218 0.414911509
    0.477373958 0.348999888 0.438157409 0.111505985 0.0895628631
    0.426235318 0.795465708 0.814087391 0.280394495 0.956311822
    0.3266491 0.789312422 0.8547737 0.104576677 0.301356167 0.336831421
    0.75883317 0.695358634 0.2312361 0.509050548 0.504620254 0.609732151
    0.368986607 0.926685095 0.432936817 0.453263551 0.857740045
    0.186312735 0.374422103 0.746772349 0.790083766 0.125033081
    0.269690871 0.250910729 0.875048995 0.450223327 0.428077459
    0.382694095 0.996771097 0.853467345 0.63655436 0.922445655
    0.999159575 0.405081332 0.0729396343 0.91029501 0.826446772
    0.433999598 0.456771046 0.147396564 0.889789402 0.950869322
    0.439904481 0.486574709 0.176365584 0.366198748 0.372211546
    0.207142532 0.936177373 0.843803406 0.518014133 0.832352698
    0.10946241 0.362499535 0.961396217 0.479953319 0.133256704
    0.841097713 0.838442922 0.806647182 0.35593003 0.838758945
    0.98695612 0.0512248576 0.127233297 0.0359360874 0.635982752
    0.442625135 0.959158182 0.123657286 0.336947381 0.695653498
    0.72122252 0.660370111 0.421212077 0.102678388 0.914363623
    0.336653382 0.453747362 0.69434607 0.407573104 0.0846639574
    0.364663422 0.472564995 0.314949036 0.494073451 0.954760313
    0.978904724 0.653265476 0.814429939 0.126237541 0.529058993
    0.102498412 0.892560244 0.653839231 0.480935901 0.725347459
    0.957845092 0.695371032 0.527035415 0.801577687 0.669529259
    0.410760194 0.472531438 0.777024984 0.752613783 0.666906834
    0.309225142 0.565963089 0.795882583 0.179234952 0.914969087
    0.978485465 0.751371264 0.921073675 0.309418738 0.639018953
    0.916114092 0.971636772 0.201725721 0.0623368621 0.291712046
    0.0472616851 0.498999536 0.163028777 0.624566555 0.173029989
    0.0934644341 0.936554909 0.150932729 0.380268633 0.578408718
    0.979434252 0.280704141 0.787176371 0.635313511 0.489853948
    0.937125385 0.184091985 0.975598037 0.0380313098 0.208529413
    0.581641853 0.221109301 0.317029715 0.885985911 0.704334497
    0.789377451 0.961692214 0.2282888 0.411602795 0.765163422
    0.0705779791 0.53437233 0.631133795 0.348143518 0.909594417
    0.229069144 0.822935104 0.152429581 0.159621835 0.739058673
    0.337528586 0.294099748 0.424287319 0.952004731 0.130974859
    0.0279583931 0.232138216 0.514437914 0.246072024 0.964522541
    0.194307327 0.324381709 0.247651249 0.528710008 0.82760489
    0.994172812 0.936157107 0.964398503 0.540333688 0.98045516
    0.799686909 0.492965311 0.833492517 0.369386435 0.593257666
    0.762714028 0.594882727 0.99667418 0.0948365927 0.425223768
    0.243792742 0.0710954666 0.646261573 0.985421002 0.977678657
    0.23886764 0.163219512 0.344810396 0.0207450092 0.952714562
    0.0708473623 0.43511337 0.200577199 0.13847211 0.400400996
    0.221115232 0.597610354 0.157290727 0.917908072 0.556042492
    0.95499897 0.240641296 0.364467084 0.0729581118 0.0537449718
    0.347619236 0.325559795 0.428272158 0.63946861 0.930946708
    0.625327051 0.623596191 0.703327775 0.581242621 0.75900358
    0.0173312426 0.180950195 0.124712288 0.736632764 0.0527628064
    0.0467440486 0.607511342 0.955296516 0.786113143 0.481808096
    0.692356467 0.836591065 0.550503492 0.859797478 0.169395596
    0.759506226 0.61207366 0.619825244 0.322345793 0.338585198
    0.942982435 0.119097441 0.717036307 0.0623530746 0.898373842
    0.739676356 0.137590915 0.0278592408 0.257512152 0.847341299
    0.788449466 0.201887012 0.57196033 0.292450488 0.11937815
    0.333206385 0.137210131 0.143818319 0.718631327 0.51336652
    0.381291658 0.365260839 0.565351427 0.955670059 0.0932122767
    0.595693529 0.546748698 0.50575006 0.177447736 0.837990046
    0.280513585 0.933804035 0.020668745 0.0444248319 0.0235577226
    0.0752061903 0.575095534 0.828100443 0.898051858 0.523859918
    0.259493589 0.280518562 0.837196887 0.139788359 0.0888537467
    0.969923854 0.78990078 0.497008771 0.0926275253 0.173815221
    0.706487179 0.0250259936 0.730092108 0.45376721 0.226163983
    0.748795986 0.962725997 0.957639933 0.761451602 0.0344337225
    0.243352592 0.739127338 0.417382419 0.34265244 0.791312456
    0.798686624 0.973393202 0.270070553 0.10523507 0.0823114514
    0.0199643075 0.173306018 0.558778048 0.907446742 0.727177262
    0.0814887583 0.267506421 0.584869623 0.591109812 0.0684672296
    0.753233016 0.830320895 0.0723234415 0.675368845 0.936871409
    0.109252095 0.819345057 0.901578307 0.362013727 0.714760602
    0.952952385 0.481024265 0.998248816 0.0576690733 0.471922159
    0.356764555 0.536800921 0.813926935 0.474322557 0.302871764
    0.278316826 0.448670179 0.823780298 0.458355814 0.391972065
    0.297332168 0.977272987 0.819779992 0.211919725 0.566437721
    0.680025995 0.116895139 0.405991524 0.482343674 0.207784414
    0.743117332 0.793459415 0.983145952 0.803944349 0.843717694
    0.700576782 0.318278968 0.754676938 0.48724103 0.277161479
    0.662454963 0.0771593451 0.687232792 0.313958704 0.804957628
    0.633305371 0.598927855 0.189872414 0.646466613 0.192791879
    0.447045296 0.631116509 0.516582906 0.679413676 0.449008524
    0.317694247 0.0484277606 0.422819287 0.568184972 0.751222253
    0.335096419 0.239492595 0.646548212 0.608455718 0.136446714
    0.752547145 0.133194387 0.931616604 0.297706157 0.130222023
    0.0189486742 0.912682414 0.282172143 0.561198592 0.614085495
    0.17239219 0.61530751 0.644614637 0.00223392248 0.930257916
    0.620495915 0.284958363 0.421257436 0.226579994 0.784615815
    0.750034094 0.663775146 0.438618809 0.793013513 0.413010895
    0.036003083 0.797129035 0.24926877 0.0634147227 0.326180071
    0.52064383 0.592264235 0.467757046 0.485068798 0.647604823
    0.319523662 0.766921282 0.557593226 0.292747259 0.567179143
    0.810099602 0.904024243 0.707714081 0.435081422 0.856962323
    0.625719607 0.340060592 0.988913655 0.768645883 0.9296211
    0.985862255 0.178502172 0.316954613 0.288374245 0.119914114
    0.761490881 0.186444491 0.763279319 0.0585898161 0.999984026
    0.38004747 0.178996742 0.535188138 0.463178903 0.993135929
    0.941944182 0.08698228 0.415442139 0.427796066 0.861498475
    0.258822739 0.146481216 0.56214869 0.187872291 0.854086339
    0.443040133 0.635041356 0.0783917606 0.719641984 0.50461328
    0.963960767 0.91829145 0.574040115 0.364416629 0.525443852
    0.628675461 0.421085417 0.578279674 0.499353498 0.929311514
    0.0851504505 0.791385353 0.947232723 0.0167107284 0.490282208
    0.228191376 0.820859969 0.56869489 0.884890676 0.72527194
    0.751866937 0.882897019 0.219293505 0.693939626 0.974602282
    0.92274344 0.904468179 0.856267869 0.209155411 0.332785219
    0.52644664 0.997785628 0.0859906971 0.707719564 0.512325466
    0.70437479 0.356419027 0.332320631 0.653111935 0.298471272
    0.0596026778 0.0997738838 0.231284648 0.0290379822 0.863716066
    0.802926719 0.887131631 0.547996223 0.709401608 0.919579089
    0.214139163 0.753612041 0.58240968 0.0657521784 0.210778147
    0.762826324 0.86048466 0.192636847 0.754528642 0.720595479
    0.644012392 0.84750998 0.163187385 0.203399479 0.0607770383
    0.626123726 0.691714525 0.359227896 0.948339999 0.507846236
    0.825523794 0.546390653 0.185227573 0.117257297 0.736677051
    0.594735622 0.913319826 0.180937082 0.157081753 0.563591063
    0.957106113 0.0605784357 0.640086651 0.233879954 0.375416815
    0.76467669 0.245415896 0.360404134 0.0238361657 0.371044099
    0.768137217 0.872665763 0.469218165 0.0585913658 0.363200903
    0.69034636 0.523315191 0.954029918 0.436721265 0.325447083
    0.62813127 0.202131212 0.580162644 0.94754982 0.527217627
    0.486637622 0.153166682 0.750809669 0.100582987 0.289053947
    0.260011256 0.622417688 0.428467393 0.743420422 0.62113142
    0.343812346 0.899011731 0.84800607 0.496471852 0.207294881
    0.480058521 0.638072133 0.665387154 0.958439112 0.808066905
    0.541046202 0.00412246585 0.159556776 0.486503959 0.118543923
    0.193690896 0.955826283 0.854833484 0.280050516 0.641601682
    0.0986828804 0.0899359584 0.418885231 0.758161187 0.0645595491
    0.994209528 0.900571346 0.100943774 0.823079228 0.494730055
    0.0315238833 0.461360782 0.627408743 0.589309275 0.763731658
    0.979588389 0.613440037 0.0176640451 0.906184554 0.864463329
    0.784119844 0.468964875 0.745808184 0.897043824 0.860694885
    0.988899112 0.917132139 0.103587002 0.279046357 0.147510886
    0.110299975 0.375824094 0.138567835 0.920420885 0.521624207
    0.534066498 0.456025779 0.193939745 0.880404472 0.00334745646
    0.460643351 0.302910328 0.889424086 0.802713394 0.42972365
    0.868489265 0.913979888 0.754235387 0.378011346 0.571345627
    0.397749931 0.0938255191 0.205920279 0.884441376 0.349871635
    0.90544951 0.448287189 0.718088865 0.960138321 0.343292654
    0.510130882 0.902862251 0.873489141 0.956971645 0.616881311
    0.924699068 0.0249492228 0.754622221 0.748017728 0.0428959727
    0.45085457 0.246247679 0.352437615 0.742276669 0.38017866
    0.0899886191 0.662823677 0.279150844 0.135662168 0.785753667
    0.287923962 0.344291985 0.20513919 0.814006567 0.526308894
    0.977480054 0.379567325 0.090844661 0.734472096 0.826425552
    0.961380005 0.795930386 0.116252363 0.647923172 0.423339427
    0.813697577 0.461927354 0.358963251 0.237662703 0.922014594
    0.114261061 0.206103057 0.00452572107 0.582196116 0.564432859
    0.445697904 0.937133789 0.781696022 0.867853761 0.0502175987
    0.919114709 0.574138403 0.271459997 0.66638422 0.685542107
    0.146515816 0.984509468 0.929549038 0.808498442 0.0821377039
    0.35741362 0.997521639 0.405487329 0.148053676 0.259515882
    0.337317735 0.896228254 0.878163338 0.613838494 0.584471822
    0.0776312053 0.200952798 0.620267868 0.243809432 0.0734804869
    0.82553345 0.267466009 0.276130259 0.907025218 0.480948716
    0.690458655 0.00211888552 0.489469588 0.82551378 0.17119503
    0.402710408 0.134559482 0.455959827 0.287213385 0.748307049
    0.888774276 0.665587902 0.796621919 0.966861963 0.0104596019
    0.264255285 0.142703086 0.93826139 0.375130892 0.900020003
    0.275806725 0.976912737 0.551043034 0.0105243027 0.605936408
    0.48710674 0.5817644 0.0239741802 0.763586164 0.120502621
    0.193543494 0.23496452 0.301127106 0.523709476 0.332034528
    0.520807028 0.45282948 0.850631654 0.243589699 0.199668169
    0.305450261 0.855054379 0.27470997 0.754994273 0.296815813
    0.299200654 0.411801308 0.512550414 0.819997966 0.679261982
    0.410906643 0.422076553 0.878932714 0.244291306 0.177509606
    0.901231766 0.710767508 0.798142195 0.303144932 0.758230925
    0.558618426 0.691386998 0.828948081 0.689577103 0.113387614
    0.183853954 0.275524586 0.575434089 0.0248841047 0.786377192
    0.198361814 0.772264957 0.845665216 0.695195556 0.593034744
    0.970842898 0.158349127 0.941324472 0.474400043 0.526182592
    0.367578685 0.956112504 0.539981782 0.172597587 0.0633741915
    0.668474197 0.41411072 0.904435396 0.422568947 0.639109135
    0.559299707 0.520942509 0.146189809 0.974158883 0.523478091
    0.360918611 0.314714372 0.718473673 0.765955329 0.89765811
    0.970226169 0.697810173 0.0328060389 0.132316232 0.178856403
    0.551328421 0.737594903 0.184692413 0.0610193014 0.483560652
    0.288425624 0.230427504 0.348399818 0.222377151 0.986266732
    0.770926476 0.0305320621 0.188879967 0.166429728 0.624243021
    0.266752183 0.126586348 0.801199496 0.498238236 0.783663988
    0.920248389 0.732498288 0.553648114 0.506649792 0.208400726
    0.578078508 0.985735238 0.588437796 0.148870587 0.713576853
    0.950913668 0.394271135 0.635991156 0.310736179 0.206755131
    0.448290586 0.668843448 0.791652322 0.811777592 0.6005162 0.96670872
    0.376667142 0.547925472 0.0623669624 0.638320804 0.875254869
    0.563587368 0.0624319315 0.299991429 0.644793808 0.573035717
    0.946839631 0.21294713 0.595885813 0.619510889 0.558519959
    0.790683627 0.566315889 0.650852144 0.106577605 0.202991843
    0.304410726 0.686897457 0.390328765 0.869674683 0.550179899
    0.948681533 0.650500774 0.239764959 0.899437249 0.0382407606
    0.793231368 0.56332773 0.685533524 0.274340868 0.477215111
    0.0136761963 0.763823807 0.885554016 0.720136285 0.372488886
    0.383724272 0.543761909 0.451951832 0.467141151 0.301799834
    0.0690927804 0.388964117 0.174517423 0.482865989 0.201216042
    0.742260814 0.24948433 0.989043534 0.305553496 0.898957074
    0.426712424 0.534968674 0.41825527 0.193599761 0.264124095
    0.493848532 0.0513236821 0.663284779 0.86508894 0.77770102
    0.0145679116 0.43881917 0.12483415 0.910882473 0.269312829
    0.336202204 0.065628171 0.739713848 0.0103499293 0.358664036
    0.276404202 0.837807655 0.55653429 0.0126392245 0.284756064
    0.369037002 0.748901725 0.168114364 0.380549669 0.265800714
    0.82977891 0.854481697 0.30945307 0.287755996 0.525964618
    0.332499772 0.175277978 0.201258332 0.454157352 0.227950573
    0.0364709795 0.164575428 0.335205913 0.884995222 0.0388909578
    0.96103251 0.583468914 0.332278192 0.457419068 0.222595096
    0.673526406 0.575459421 0.521144927 0.14678514 0.990855992
    0.982763469 0.900980055 0.64321655 0.942361712 0.220447421
    0.289560974 0.447529435 0.288633525 0.598011374 0.139259487
    0.283341467 0.565682113 0.799227595 0.801281989 0.108328283
    0.120392293 0.178767204 0.877802491 0.496351212 0.872425735
    0.708791018 0.858423293 0.546128988 0.71852529 0.658525109
    0.961622119 0.16088903 0.512475371 0.385786235 0.0834463239
    0.870936394 0.467005253 0.168773562 0.797141075 0.87874639
    0.230812222 0.601237774 0.426535785 0.530849218 0.480738848
    0.0530109107 0.393705398 0.199451804 0.101238221 0.189257592
    0.331269801 0.667697608 0.509661853 0.181365073 0.238865346
    0.341418326 0.0811794102 0.399695873 0.0889883637 0.922301412
    0.476136804 0.462834209 0.520878196 0.0362975597 0.406044692
    0.115734816 0.558853269 0.390987486 0.999709785 0.290233135
    0.502291262 0.356622934 0.799269676 0.651925623 0.881617785
    0.299143553 0.409942716 0.786624193 0.460368007 0.585772455
    0.367677689 0.162611932 0.841607809 0.173705429 0.737447083
    0.576492071 0.096906364 0.462273866 0.750620067 0.25212121
    0.886767387 0.993442118 0.0571540892 0.794288576 0.625501752
    0.706424773 0.188348323 0.976915896 0.286468357 0.951151252
    0.236319691 0.0688312352 0.349015057 0.270097762 0.349735141
    0.657730937 0.123757899 0.608822644 0.643397331 0.462549418
    0.111737788 0.593352079 0.59666729 0.00132545829 0.133134097
    0.326761603 0.255923718 0.771010876 0.593820274 0.356017351
    0.798279464 0.918158233 0.558695734 0.659005165 0.74248147
    0.171574116 0.0581589043 0.819668531 0.269737363 0.600138903
    0.0700287223 0.938180029 0.927530885 0.771240592 0.155242354
    0.772881985 0.248716593 0.803536296 0.421606869 0.829043329
    0.00918641686 0.739435613 0.228487194 0.803448558 0.172413528
    0.867476583 0.101020366 0.87118417 0.0767123997 0.375884116
    0.1090841 0.311236113 0.179630101 0.517495394 0.976104796
    0.681125224 0.692860544 0.208103597 0.266197145 0.0592258275
    0.494562328 0.350733995 0.725949287 0.925873101 0.596069992
    0.167930543 0.831945717 0.458385557 0.95543617 0.117056757
    0.113825023 0.0404410064 0.695835829 0.980421305 0.582068741
    0.106417745 0.815506339 0.579226375 0.708632052 0.512482524
    0.718382895 0.943548083 0.833895802 0.946772218 0.0955871642
    0.280468166 0.542238116 0.939189792 0.156695396 0.0798931122
    0.780926704 0.715417564 0.67309618 0.508269191 0.105873972
    0.147331059 0.0696027875 0.690037191 0.180854559 0.49554643
    0.790732145 0.785150111 0.100564033 0.0974470377 0.0267419517
    0.893776 0.735273719 0.189989895 0.141850412 0.630266905 0.251115292
    0.73173666 0.0730931461 0.753287613 0.582393646 0.609112144
    0.677853465 0.295046151 0.227962464 0.885024786 0.652103007
    0.139983177 0.389897197 0.283019841 0.916700482 0.200014085
    0.601155519 0.731431961 0.624995589 0.497570813 0.904105663
    0.114218831 0.517687678 0.447372019 0.645701885 0.822859585
    0.0805443823 0.974096596 0.67834121 0.891264319 0.542807221
    0.724939704 0.454429388 0.714658439 0.436345756 0.39334932
    0.228364199 0.564610004 0.045773834 0.985898912 0.753895342
    0.714013577 0.644348264 0.0984508693 0.470629722 0.573823094
    0.79163456 0.80487752 0.101458281 0.631056428 0.202646852
    0.431196868 0.549854755 0.77582258 0.589117348 0.893540859
    0.41912958 0.0488992035 0.526700139 0.457313776 0.593665421
    0.983426094 0.286965549 0.776912928 0.165511489 0.868912101
    0.168734431 0.148356408 0.947330713 0.518287957 0.425952494
    0.236130625 0.70033896 0.298080325 0.27507031 0.748651981
    0.978917718 0.124446452 0.403598189 0.406124264 0.9639768
    0.310728848 0.734283447 0.0651016831 0.787475944 0.00926336646
    0.99374485 0.186190575 0.859569013 0.44078052 0.816295266
    0.474005342 0.550870657 0.902858257 0.960736752 0.418432742
    0.939773917 0.25646919 0.868733168 0.859987855 0.23205933 0.37316829
    0.689208508 0.904922783 0.812057495 0.317206264 0.864948392
    0.61520052 0.289910942 0.157026768 0.101601809 0.538410902
    0.595952928 0.313015848 0.0997515619 0.567267179 0.725820601
    0.345415354 0.420933485 0.764194608 0.570407331 0.186172843
    0.634492099 0.0883065164 0.915239334 0.164494574 0.401406646
    0.382429063 0.267970979 0.193659782 0.0911947489 0.922528684
    0.867221832 0.325203508 0.934020102 0.876941323 0.377939939
    0.482209742 0.296748012 0.0502492189 0.507758617 0.127411246
    0.884300172 0.606726885 0.643517435 0.293675542 0.578367054
    0.907101333 0.270406127 0.482204944 0.867262363 0.663267255
    0.136343002 0.27455005 0.30929631 0.401190639 0.959518194
    0.350270629 0.810625553 0.371530712 0.58169651 0.405316949
    0.511783183 0.55173713 0.466404915 0.438934505 0.557466626
    0.938610077 0.962890506 0.106117815 0.935113788 0.964007378
    0.599445224 0.540637195 0.765487731 0.992370129 0.0381114185
    0.00520029664 0.0525576472 0.0805000663 0.00969454646 0.755716324
    0.529057205 0.438183308 0.354993165 0.962377071 0.308938086
    0.841210544 0.0278330743 0.120780706 0.226798773 0.0264422297
    0.393215805 0.316880673 0.00884670019 0.623933911 0.611295402
    0.720959127 0.626204193 0.235215217 0.573135912 0.804562926
    0.580997884 0.100333631 0.56983304 0.170726538 0.797373772
    0.440247595 0.253091693 0.48486495 0.23544389 0.703636765
    0.935728431 0.634531081 0.989737988 0.40460521 0.349418938
    0.852146864 0.264889747 0.863844812 0.311937213 0.547313571
    0.908656955 0.303279519 0.898850441 0.00631660223 0.611081779
    0.194377929 0.995177984 0.476010025 0.937638581 0.350918233
    0.867287517 0.052195698 0.214860469 0.0913460851 0.338215649
    0.992146909 0.645340145 0.398342133 0.124925107 0.686526775
    0.511740029 0.829645157 0.0407987833 0.185882062 0.0602986515
    0.574608564 0.846781015 0.0352239609 0.162919998 0.0212235153
    0.123705864 0.984536767 0.250606596 0.284370869 0.209106207
    0.379639447 0.249908477 0.472543538 0.703155637 0.805863857
    0.47816205 0.683442593 0.963271916 0.311803102 0.533223748
    0.123679727 0.783787727 0.610550284 0.206235707 0.923646629
    0.87382412 0.125363618 0.68783319 0.246604174 0.901886642
    0.305049151 0.188207388 0.368014932 0.575238705 0.462823182
    0.0826053917 0.794007778 0.549251556 0.849913716 0.87203753
    0.671043634 0.443034172 0.241467595 0.717812002 0.000578820705
    0.141809076 0.187457383 0.687277317 0.416783899 0.483247995
    0.245525777 0.183191657 0.0502313077 0.99168098 0.502274215
    0.104016572 0.610008478 0.269478112 0.986121356 0.760013819
    0.187651813 0.277656525 0.00506290793 0.00897571445 0.778651237
    0.685115337 0.586189985 0.908328652 0.138480872 0.331900179
    0.623694897 0.876569808 0.299680591 0.264559329 0.670081079
    0.611125112 0.0891144872 0.938305259 0.19635883 0.612285316
    0.893671632 0.290544063 0.274368197 0.532219112 0.674723148
    0.440299571 0.49992767 0.215075552 0.432666779 0.566280901
    0.172877103 0.0210539997 0.218050659 0.226071626 0.614060163
    0.463889241 0.294144392 0.913428366 0.777424097 0.0245527029
    0.145888954 0.88642776 0.546126664 0.150321424 0.0489875972
    0.979004622 0.270978093 0.537567616 0.0394828916 0.860254407
    0.0820589066 0.405612051 0.0116474926 0.332891911 0.759788752
    0.902015328 0.956520259 0.380053073 0.532179356 0.77744472
    0.871257544 0.928710222 0.671466112 0.668730021 0.364248306
    0.381509691 0.958288908 0.423535585 0.317054629 0.190153033
    0.00579378009 0.391331375 0.505443275 0.727778554 0.466653049
    0.146188855 0.867650032 0.149128169 0.0684249699 0.379038483
    0.515284956 0.466091394 0.727583408 0.465002209 0.293820828
    0.336039096 0.0654978454 0.776591897 0.445258081 0.0664906502
    0.325266242 0.0968783796 0.938509226 0.268490791 0.186658621
    0.806717396 0.798213482 0.225561649 0.092522651 0.0376707613
    0.739166141 0.774827003 0.267872751 0.339493811 0.892399311
    0.897342861 0.205343664 0.879609227 0.771775424 0.440835059
    0.0763891339 0.223779321 0.537806034 0.203602016 0.181406021
    0.198099554 0.480832666 0.371041894 0.25921911 0.938402772
    0.0769720078 0.703468323 0.477719396 0.138207287 0.499052465
    0.458208799 0.479892224 0.0628642738 0.798829436 0.887889981
    0.853625953 0.530252337 0.954805255 0.103812277 0.564510822
    0.42446965 0.880080819 0.064372927 0.921185732 0.116956532
    0.458980411 0.843518019 0.583923459 0.757290125 0.667730212
    0.663522124 0.937940359 0.676177859 0.0366274416 0.684732199
    0.534459352 0.611480474 0.873576641 0.21906966 0.0453777909
    0.68322283 0.868349195 0.045869559 0.692421198 0.61233604
    0.359083116 0.984660625 0.0638768971 0.847078681 0.746716797
    0.694581568 0.403518856 0.69760859 0.0213634074 0.557742953
    0.704855919 0.0986986458 0.24844414 0.924177527 0.604733169
    0.333697885 0.480217218 0.282082736 0.459831744 0.0312358141
    0.964029551 0.198719263 0.437843263 0.448326826 0.710633755
    0.857210934 0.443265289 0.995445967 0.89272964 0.453986406
    0.859623253 0.415997922 0.69833684 0.182764113 0.871146142
    0.60797143 0.592172444 0.574570775 0.776011586 0.0712605417
    0.993162036 0.436160624 0.331852496 0.977129817 0.0482318997
    0.3718009 0.449684978 0.604300976 0.340554178 0.567900836
    0.826438546 0.474907666 0.566429138 0.221372694 0.0459997356
    0.621635675 0.647787571 0.705640018 0.607036173 0.292437017
    0.921456456 0.441723883 0.839903593 0.79803437 0.47870031
    0.339386404 0.791562259 0.66001451 0.912128806 0.0244286656
    0.860501468 0.422331572 0.0568216741 0.500326216 0.119370311
    0.367074639 0.417678118 0.987378001 0.0939871669 0.252745986
    0.282548845 0.602936268 0.980216503 0.119001955 0.0274179876
    0.0987904072 0.14342764 0.148300648 0.38119635 0.301553249
    0.158145279 0.815093517 0.416567326 0.933881164 0.070907414
    0.66620636 0.5826208 0.54420948 0.0356543064 0.911813259 0.691804647
    0.200678557 0.0459587276 0.219068706 0.705102086 0.649332285
    0.0769362748 0.347368002 0.271160781 0.714484572 0.963322282
    0.113859564 0.954480827 0.380542368 0.817208767 0.00133019686
    0.576682091 0.564013004 0.345926762 0.866049528 0.327165723
    0.183224767 0.158482373 0.0322380364 0.510701954 0.0894439518
    0.295676887 0.691992402 0.405426472 0.199855864 0.685232043
    0.263411939 0.587124944 0.430894881 0.127965122 0.224670261
    0.81313026 0.652715743 0.174769402 0.850682735 0.448625982
    0.112841666 0.800532341 0.832547426 0.705197275 0.788491845
    0.502851307 0.27548945 0.0427749157 0.259031266 0.11333251
    0.975350499 0.912259459 0.323899269 0.91944623 0.804370999
    0.98955214 0.804887772 0.39824751 0.266655147 0.534004569
    0.312615037 0.777154088 0.905889869 0.799384177 0.621719658
    0.981209636 0.972089469 0.672486246 0.745007932 0.297887892
    0.653876066 0.558743954 0.504499912 0.620359361 0.0956442058
    0.316904575 0.281755149 0.768066406 0.720225811 0.219780385
    0.580549717 0.911314845 0.713182271 0.999634802 0.631766677
    0.169003904 0.340444446 0.667768717 0.640073836 0.648180723
    0.375443697 0.50583154 0.823768973 0.744726896 0.34989959
    0.926310062 0.972512364 0.828054726 0.252632648 0.627785504
    0.894908547 0.488044173 0.643796265 0.747831583 0.664448977
    0.186666369 0.803289533 0.343451798 0.950487554 0.7297616
    0.473182082 0.758476496 0.464294106 0.989427805 0.337882578
    0.852804959 0.00290772319 0.817754507 0.791707277 0.157109588
    0.938798606 0.688599825 0.757424533 0.903116643 0.43704778
    0.201838344 0.485704303 0.139905065 0.105622858 0.417752236
    0.963061988 0.321910679 0.70026505 0.1411286 0.267559201 0.865282536
    0.460803956 0.0983453691 0.54799664 0.646786153 0.288748056
    0.354200482 0.342981279 0.253170341 0.650387228 0.516465187
    0.680296123 0.27270472 0.717150748 0.735310555 0.733751059
    0.443305492 0.371802658 0.651948631 0.858912349 0.908058524
    0.895179927 0.950487614 0.388584316 0.591869056 0.899799943
    0.0236149728 0.728580296 0.233659089 0.20262301 0.0960313976
    0.322060198 0.490687847 0.387243867 0.393847913 0.940713644
    0.551905453 0.329414517 0.489810109 0.556652248 0.140985608
    0.304342657 0.771049201 0.458425581 0.615356982 0.49534145
    0.761167049 0.345007956 0.650638938 0.966077387 0.701286376
    0.871227503 0.697226048 0.924280047 0.468228102 0.994474888
    0.205365956 0.941450715 0.520681024 0.724016547 0.922269225
    0.109368593 0.808989167 0.936940908 0.910591125 0.0961950123
    0.501856565 0.115568757 0.884225726 0.185226291 0.756625891
    0.692808151 0.51408577 0.267946243 0.382903993 0.904844224 0.4442285
    0.975832224 0.0669653416 0.129117161 0.18486771 0.31377995
    0.205421805 0.104857802 0.954065442 0.933267355 0.997113705
    0.139527649 0.765563965 0.318438351 0.152298838 0.0354374945
    0.596829057 0.520081997 0.326653719 0.527398407 0.751946449
    0.726166725 0.213790953 0.66416806 0.735539556 0.378336072
    0.748001873 0.177809536 0.338546157 0.40625158 0.392093956
    0.599629402 0.17824024 0.175504923 0.716730475 0.598076701
    0.111799985 0.858962893 0.565925837 0.269701779 0.810467541
    0.169188529 0.561632633 0.113652021 0.130582482 0.777259171
    0.503862262 0.22553879 0.7287817 0.688297629 0.471805483 0.734480917
    0.900614738 0.617632031 0.576396644 0.653345883 0.14038232
    0.840484023 0.898297489 0.037733078 0.483716041 0.408597827
    0.0710555315 0.84884733 0.723191619 0.601081252 0.5998438
    0.255553126 0.432150692 0.23140502 0.540992618 0.90862453
    0.838303804 0.866614819 0.57398814 0.706270158 0.793218255
    0.706416309 0.496579915 0.433374047 0.464211464 0.612147093
    0.111581653 0.228059053 0.769266963 0.596944809 0.567729354
    0.593110442 0.975772142 0.571645498 0.830743253 0.486258596
    0.625360787 0.308505982 0.412017286 0.657603264 0.0572466254
    0.179493457 0.333984554 0.0430673957 0.707668066 0.0238681138
    0.666983962 0.668259919 0.0432884097 0.694789827 0.397566438
    0.144675553 0.176472843 0.569507062 0.611146688 0.442887157
    0.829796791 0.519007027 0.813969374 0.663626373 0.719549119
    0.151506275 0.869752467 0.0500620306 0.427728415 0.929788351
    0.405188739 0.980509996 0.070859313 0.559769094 0.706927657
    0.86554563 0.515698969 0.982989669 0.101726502 0.269720644
    0.36123246 0.316447616 0.213926286 0.968739569 0.456753492
    0.746280551 0.733271301 0.514524758 0.980996728 0.635181189
    0.0223914683 0.158715278 0.120135367 0.775007725 0.559262753
    0.927670658 0.371890098 0.418028951 0.425829053 0.954010844
    0.685974658 0.71996659 0.79337275 0.699477494 0.991892099
    0.606898427 0.236483932 0.464061707 0.161660105 0.838516593
    0.697655678 0.505353332 0.265130043 0.201883972 0.921159863
    0.6080513 0.0383178294 0.602657199 0.458265573 0.667687774
    0.111103177 0.602769136 0.439457059 0.955911517 0.049798876
    0.276122779 0.227182239 0.506355584 0.137667269 0.558938801
    0.664148808 0.0608772039 0.961086333 0.771453857 0.142622948
    0.493605107 0.836619139 0.733440638 0.684442997 0.616892219
    0.0367046893 0.734589756 0.727157235 0.956853151 0.475898981
    0.522909641 0.860190094 0.597735047 0.247787356 0.382090211
    0.395926178 0.970766544 0.786583602 0.961935282 0.4787817
    0.450823456 0.56988734 0.445459366 0.939171493 0.620824516
    0.736795962 0.900207877 0.0437510014 0.0360980034 0.38589862
    0.784154415 0.620447636 0.069117099 0.23492825 0.815674663
    0.518981874 0.642754316 0.425033838 0.115004033 0.694112897
    0.116017312 0.028824389 0.427924663 0.784483671 0.667953849
    0.643159509 0.456947267 0.0309115052 0.289037466 0.850139856
    0.457571983 0.227192432 0.748878479 0.524526179 0.481091499
    0.306493104 0.922283351 0.691029429 0.0127234459 0.0670125186
    0.418770552 0.740324676 0.564893425 0.450938582 0.205211461
    0.046928823 0.996292114 0.688856125 0.423015296 0.164269745
    0.534864902 0.0485564172 0.300712407 0.237717956 0.819290519
    0.709872127 0.836158454 0.0563001931 0.970501423 0.656111062
    0.0474136174 0.694594324 0.169100672 0.479548305 0.0702379346
    0.00618869066 0.991727054 0.829924881 0.427511752 0.551134467
    0.181979835 0.409145921 0.264526069 0.703508735 0.0828545988
    0.596879005 0.514602363 0.593126416 0.129635334 0.00860965252
    0.749026895 0.27756238 0.668037832 0.816342711 0.786598086
    0.976855457 0.552235544 0.268989384 0.117804855 0.621952951
    0.776547432 0.359066606 0.497425884 0.594754517 0.231318027
    0.623387814 0.0300708115 0.16675806 0.615514398 0.13521862
    0.682710111 0.936419249 0.0549715757 0.85750711 0.822756648
    0.734728098 0.90665102 0.432734191 0.126716286 0.436149955
    0.0485571921 0.786577106 0.805498719 0.942346275 0.036149472
    0.941703379 0.0468922853 0.26308313 0.327865154 0.875395298
    0.866102755 0.736516595 0.614249766 0.741687834 0.0870206654
    0.982344031 0.297929078 0.706511497 0.771859884 0.373482049
    0.486744463 0.472595006 0.375646532 0.873361707 0.550828516
    0.176851332 0.43726033 0.367362976 0.939592302 0.727670431
    0.521602333 0.626208842 0.385365665 0.184610546 0.331207603
    0.257794142 0.106356412 0.171786875 0.873547912 0.265400738
    0.238579214 0.917068124 0.537768006 0.626039922 0.749133229
    0.604890406 0.253671169 0.0114169121 0.232888758 0.0366355181
    0.591356993 0.0504662395 0.596340775 0.00536236167 0.0424291492
    0.337179899 0.827353954 0.0590923131 0.617584586 0.846498132
    0.123422384 0.96362114 0.482231706 0.168356568 0.233784586
    0.32539922 0.330003679 0.629267097 0.172440857 0.22544682
    0.748613656 0.205328375 0.831033826 0.508072555 0.349679887
    0.936072111 0.0440970063 0.902897298 0.800640821 0.299614131
    0.0232153535 0.717016339 0.658317387 0.541376412 0.0426587462
    0.084197849 0.527316928 0.0381727815 0.796653628 0.412724733
    0.07611081 0.158548206 0.740495801 0.491908431 0.549665272
    0.971721172 0.208068967 0.982959151 0.541138113 0.646129906
    0.998002291 0.279055744 0.620282352 0.63696444 0.94661212
    0.164780647 0.842147231 0.334530771 0.0733461678 0.904765666
    0.495868117 0.000423848629 0.852181911 0.191083044 0.359244883
    0.728124321 0.743191898 0.868822277 0.924019098 0.0110910535
    0.408951223 0.115493566 0.68273133 0.942860484 0.943241656
    0.387657434 0.931271076 0.871639609 0.681288898 0.334434867
    0.914644837 0.97360158 0.459046006 0.709244847 0.808615685
    0.813285828 0.833336353 0.800910115 0.640187323 0.367224097
    0.0344383419 0.293378502 0.229412615 0.474292219 0.0678561032
    0.370194018 0.709055543 0.0592079759 0.917736292 0.839145184
    0.188952118 0.584851086 0.750048697 0.465719461 0.476289868
    0.0802758336 0.870814502 0.744374514 0.0361460149 0.511773348
    0.548234582 0.0298061073 0.449275315 0.663423598 0.558226526
    0.992478013 0.392452598 0.643123269 0.403039366 0.033824116
    0.759600699 0.538131416 0.0326426923 0.80840385 0.325212121
    0.140425593 0.435574293 0.541674197 0.649092317 0.0628671348
    0.998690188 0.561961353 0.939940155 0.695360303 0.279232144
    0.596891582 0.0728155673 0.403731763 0.995188057 0.314287245
    0.996348202 0.0628512204 0.981974006 0.594432175 0.927416444
    0.859345436 0.970040679 0.508347154 0.232174784 0.674614191
    0.37604934 0.625886858 0.68286103 0.590933144 0.417124569
    0.121095777 0.563280284 0.759837985 0.339626223 0.242869854
    0.226879239 0.562952459 0.187185913 0.499980122 0.0147467256
    0.742144585 0.387720466 0.608130455 0.158730716 0.544609785
    0.779812396 0.00818645954 0.625849545 0.143732488 0.00538343191
    0.618410826 0.218926936 0.484556347 0.531097174 0.513763845
    0.798045754 0.784757137 0.0128433406 0.246909797 0.143961459
    0.660314798 0.988500357 0.91582489 0.204452038 0.793145955
    0.150854945 0.874459326 0.796599388 0.273238778 0.430994481
    0.207421422 0.386738569 0.958546162 0.304287493 0.46535337
    0.252989709 0.796547771 0.0872638822 0.963647962 0.179576963
    0.291195393 0.526760638 0.249568611 0.318118334 0.38466844
    0.163364708 0.437910467 0.740724027 0.174669147 0.132697761
    0.90470469 0.55503428 0.461262584 0.388916433 0.894129574
    0.759344339 0.907281816 0.285924494 0.612779915 0.305041909
    0.886421323 0.657631457 0.631762028 0.738820851 0.517777503
    0.799399197 0.309369057 0.901363194 0.140695006 0.865229249
    0.248815626 0.441487908 0.797104299 0.979265213 0.381283939
    0.32824868 0.506331563 0.690462768 0.234610349 0.212797076
    0.680185914 0.973617673 0.813150704 0.338436931 0.742497742
    0.0322424173 0.883656025 0.193996608 0.0270335972 0.791714191
    0.078220278 0.148021311 0.187831372 0.440739959 0.304991037
    0.0543061793 0.957750082 0.629537165 0.586427152 0.439323127
    0.480857074 0.363255501 0.815125346 0.198576033 0.8135221
    0.0183979571 0.494758993 0.495040089 0.358500272 0.967915177
    0.947054386 0.896922827 0.991135061 0.148050427 0.120310545
    0.415095806 0.842307568 0.480539382 0.352677524 0.972470701
    0.774634242 0.283406228 0.0848160982 0.194699407 0.397811621
    0.0306757987 0.259550691 0.0347706974 0.772355795 0.249643832
    0.156210363 0.980058253 0.987784147 0.880141854 0.0699369311
    0.533326685 0.0170541406 0.269243151 0.776973665 0.33665514
    0.717048526 0.728177011 0.729352295 0.95630455 0.702280164
    0.207630724 0.963233709 0.193511158 0.968743503 0.235797554
    0.519961238 0.753520787 0.251344979 0.482855558 0.763819039
    0.289197862 0.926382422 0.318370551 0.932146907 0.717479587
    0.928860068 0.815526187 0.526388645 0.0314682722 0.811073601
    0.462998509 0.398376346 0.133921415 0.387688011 0.65166378
    0.996145964 0.810783267 0.136315227 0.397745967 0.0252098739
    0.444102824 0.290026784 0.726837456 0.279194593 0.213663369
    0.535797238 0.405880153 0.207730293 0.238672048 0.537497342
    0.625654697 0.781470239 0.153670549 0.104729831 0.782547176
    0.495512754 0.0244917572 0.484457195 0.541201532 0.00808429718
    0.848806322 0.765488207 0.937600374 0.131497771 0.342538953
    0.379728854 0.0895776749 0.942956746 0.312639773 0.565721631
    0.353124738 0.986548424 0.295439124 0.773535967 0.991903663
    0.561995924 0.726604104 0.927890658 0.748925388 0.921038866
    0.589290321 0.311426282 0.0528979897 0.746231914 0.353219718
    0.0236017406 0.290815175 0.237208128 0.376192451 0.580787122
    0.788378 0.15656662 0.0450201333 0.0816605091 0.896684527
    0.227293015 0.0390244424 0.621253848 0.207726032 0.198010445
    0.517960131 0.0583813787 0.340433419 0.964221358 0.378843844
    0.134768486 0.568781495 0.807895064 0.772980809 0.325801134
    0.755986333 0.575600624 0.390587807 0.155091286 0.971436441
    0.352970302 0.0784399509 0.149535418 0.368877143 0.601822257
    0.146751851 0.813335061 0.678927898 0.821540296 0.503312051
    0.536187887 0.493712634 0.200452715 0.375820756 0.387723863
    0.943759561 0.348112881 0.791718602 0.376561821 0.677226901
    0.00053229928 0.99819082 0.704381943 0.811376452 0.891536117
    0.144135773 0.709639311 0.611156702 0.994045496 0.783493757
    0.330770612 0.553014874 0.196530074 0.848657012 0.0322334468
    0.811565876 0.00919693708 0.0310876667 0.256979614 0.533721209
    0.216834843 0.441175342 0.54030031 0.632598877 0.781445563
    0.470251679 0.377009988 0.348162174 0.224086165 0.106985688
    0.56097281 0.974841237 0.623141527 0.705919981 0.371015131
    0.0303151608 0.280746788 0.876738608 0.306181073 0.306598663
    0.958904624 0.261607528 0.591893971 0.00500255823 0.280558228
    0.612444222 0.271189928 0.320235789 0.357407093 0.144612819
    0.6234833 0.755886197 0.740517974 0.817479134 0.330442488
    0.946594894 0.0997297466 0.0124839246 0.0711068809 0.230649114
    0.368197083 0.178711891 0.249846131 0.223008275 0.657217383
    0.968255281 0.977810562 0.865177035 0.976933837 0.201353937
    0.116021782 0.241155505 0.941099644 0.044344008 0.831338406
    0.339459538 0.672269821 0.804022908 0.794084966 0.138180375
    0.13265875 0.476756305 0.935721934 0.942390859 0.856804132
    0.918863177 0.704936564 0.729611814 0.2763322 0.484399289 0.78294903
    0.186751664 0.574686229 0.904174805 0.657696843 0.184116572
    0.750831544 0.697454631 0.0690795183 0.407987297 0.421024144
    0.856652141 0.717793226 0.448152095 0.916168213 0.0398252308
    0.680959463 0.0421058238 0.373986542 0.356109023 0.37059027
    0.0960093737 0.813209176 0.56890583 0.907181025 0.763980865
    0.195093811 0.156310409 0.0489068031 0.297718465 0.647598863
    0.651230991 0.114645839 0.599640965 0.972168922 0.119633555
    0.85648644 0.868404984 0.669306636 0.854715347 0.916721702
    0.965001941 0.874477506 0.226737589 0.255035192 0.171875507
    0.691501498 0.130668312 0.857810378 0.380457371 0.698681831
    0.497823507 0.940412521 0.873574495 0.956037045 0.894542456
    0.804673553 0.384919524 0.247814357 0.249920696 0.679769456
    0.90487361 0.0698905289 0.73761332 0.956558943 0.822065115
    0.997499585 0.993957639 0.274590522 0.629441142 0.275285304
    0.998058796 0.317174196 0.623869181 0.584662199 0.755255461
    0.9374578 0.543660939 0.669906557 0.0761305988 0.672020555
    0.639405012 0.883302093 0.504483581 0.0886569321 0.0650875568
    0.448741049 0.686870039 0.750463843 0.433394939 0.131218493
    0.398373187 0.233547896 0.0661994815 0.812637687 0.628721237
    0.888475537 0.372504085 0.261605203 0.275141358 0.371205091
    0.580866218 0.722064435 0.699999988 0.249518961 0.383256555
    0.0443872511 0.261569858 0.248347044 0.885708451 0.398672104
    0.644197285 0.881156862 0.0779212117 0.936735392 0.101687729
    0.490947336 0.847884297 0.849474788 0.528782129 0.560306311
    0.361637115 0.0735413432 0.804361224 0.742410243 0.00330603123
    0.906930089 0.589293242 0.219076395 0.203974217 0.161335111
    0.762489557 0.604889035 0.601991594 0.09453848 0.160394639
    0.460019201 0.963962078 0.0235361159 0.392461658 0.552125931
    0.205345929 0.316560864 0.93682307 0.981293738 0.100496322
    0.464654684 0.813656807 0.864978194 0.385628402 0.162335932
    0.352498442 0.129794449 0.634258926 0.371389329 0.457088053
    0.18701008 0.052851975 0.29352057 0.0785912871 0.396833718
    0.890702128 0.496390194 0.607270896 0.159884125 0.825009704
    0.430428892 0.582352757 0.621388316 0.241223961 0.350556195
    0.509939432 0.847688198 0.912438869 0.94596076 0.153939933
    0.738174975 0.583720565 0.504336596 0.632934868 0.954681933
    0.364287883 0.523409426 0.0400635004 0.4636724 0.9513309 0.871890068
    0.0183492303 0.408848256 0.174309015 0.902129889 0.34942016
    0.530970216 0.623419821 0.252897084 0.20332855 0.468245387
    0.372673273 0.106759816 0.525836587 0.87488693 0.810027838
    0.175547212 0.398117781 0.866630733 0.710564435 0.115907192
    0.381955355 0.363963902 0.957815588 0.0799616575 0.181698829
    0.741095424 0.265564501 0.130233645 0.571573198 0.815396547
    0.302670121 0.991744399 0.139522582 0.380824387 0.659339905
    0.242621154 0.0121813118 0.815094352 0.7691046 0.688271761
    0.258992404 0.0881965458 0.114292353 0.662019849 0.923119426
    0.00962135196 0.361170769 0.00706788898 0.420156866 0.662198603
    0.994319797 0.551970899 0.466301024 0.499643832 0.662251711
    0.597911835 0.604922354 0.825962305 0.57309103 0.932216704
    0.00475716591 0.371675462 0.777117372 0.229862183 0.412991017
    0.581206441 0.636154294 0.913590014 0.76515919 0.616020977
    0.992313862 0.974389613 0.121624172 0.182928234 0.759061515
    0.696782351 0.21818009 0.00842729211 0.771353126 0.740812242
    0.166679382 0.464841574 0.667166114 0.173003703 0.272758991
    0.76105845 0.0205290318 0.673902214 0.0449672937 0.868211985
    0.92884171 0.852114022 0.853342831 0.554335058 0.725311816
    0.685367465 0.845578432 0.643856943 0.519119918 0.446052283
    0.696076512 0.171652287 0.354063869 0.506201684 0.516717851
    0.652068079 0.140561402 0.645898938 0.686070383 0.0754286349
    0.825037301 0.235899597 0.794448614 0.43580389 0.617778301
    0.900998175 0.955538034 0.85122782 0.33784762 0.769686937
    0.809185863 0.612417817 0.705139875 0.433606058 0.316704631
    0.866541743 0.443930387 0.874226451 0.684857726 0.655345261
    0.450966388 0.801976502 0.74455148 0.748482823 0.971546531
    0.770907879 0.944537163 0.914851665 0.541145623 0.958671749
    0.456503302 0.687885165 0.566087902 0.647874832 0.292183995
    0.0926279128 0.0698179305 0.396063089 0.99059546 0.334858298
    0.413579494 0.0445915759 0.0814663768 0.0841684341 0.463414758
    0.32862547 0.427760333 0.0649206936 0.820120096 0.161800802
    0.0509949028 0.916360378 0.538761854 0.919349909 0.616566896
    0.229601204 0.178188086 0.0102550089 0.171459138 0.0821879506
    0.924226165 0.0382612944 0.0269998908 0.589136004 0.694692671
    0.393358469 0.30321756 0.708962917 0.90997529 0.558041334
    0.0144497156 0.55894202 0.31234622 0.285971344 0.288634866
    0.922944784 0.524379134 0.688639581 0.962309182 0.849347472
    0.148542702 0.22410953 0.155586928 0.495214909 0.498563021
    0.899721384 0.496937275 0.619588971 0.973148346 0.267638326
    0.669859052 0.622061789 0.469502747 0.309650898 0.715985835
    0.638909101 0.33981353 0.284107029 0.636290312 0.0866507888
    0.883663893 0.112309635 0.463193834 0.971500874 0.92170608
    0.219232589 0.134207755 0.010386765 0.732133508 0.784524322
    0.829537272 0.538016915 0.176772773 0.446220458 0.253385961
    0.824190855 0.257852614 0.0313084722 0.569673538 0.938197017
    0.734526753 0.063261658 0.735878229 0.322315395 0.0481207371
    0.619775653 0.0380129516 0.963210583 0.719379783 0.0279278457
    0.360089153 0.405723989 0.67505753 0.23008129 0.721189141 0.79705286
    0.292194128 0.784374595 0.0854669809 0.404260695 0.465905637
    0.566035748 0.319355398 0.092679143 0.0949994922 0.827014208
    0.352136195 0.196757048 0.532904863 0.416396976 0.518716455
    0.978156209 0.473482668 0.55139792 0.550996304 0.690920472
    0.453425318 0.258535564 0.669575334 0.858842611 0.532840312
    0.507910252 0.351008058 0.530690968 0.837955534 0.261787713
    0.954137444 0.192911953 0.059743017 0.377648145 0.0255069435
    0.367301643 0.754129946 0.809094906 0.849680305 0.111959606
    0.219329417 0.884742498 0.868819594 0.527386785 0.934827924
    0.527326345 0.319074422 0.148159444 0.337417066 0.785313606
    0.901964307 0.244736314 0.668442786 0.223962545 0.0968470275
    0.540163338 0.455902964 0.73660624 0.0672473311 0.437361717
    0.768232822 0.456062973 0.41304189 0.705433249 0.290364563
    0.852765918 0.745293021 0.159602016 0.347375184 0.731476188
    0.58697778 0.185397714 0.580929935 0.0169417858 0.61166209
    0.428383052 0.978954911 0.687443316 0.490262687 0.422588915
    0.367506981 0.471406341 0.517777681 0.676573932 0.0537013412
    0.411572039 0.377458513 0.215801954 0.0876085162 0.0840216279
    0.223327279 0.497164488 0.199205995 0.289995551 0.0465146303
    0.320184886 0.838311911 0.127026796 0.577438593 0.923404574
    0.802870274 0.883729637 0.427253813 0.425261647 0.433906913
    0.952499807 0.74715209 0.0255953372 0.953395724 0.742065191
    0.185301721 0.691645503 0.664121091 0.148111284 0.941648483
    0.506969571 0.16365245 0.688453197 0.595375061 0.657825828
    0.0618693233 0.00717374682 0.482662708 0.491354495 0.487718463
    0.336256504 0.726416349 0.0555039942 0.930314183 0.868154049
    0.993551731 0.416923404 0.633449435 0.954389215 0.562501729
    0.927201986 0.158361048 0.176400393 0.438580662 0.550391555
    0.106316507 0.227753371 0.98399353 0.922771811 0.470043153
    0.269418001 0.442278504 0.778144479 0.784173965 0.119053096
    0.433787048 0.236116767 0.353764623 0.709575891 0.694528461
    0.238005966 0.721229076 0.54798311 0.556616068 0.783390462
    0.926976919 0.896726131 0.937846303 0.816954076 0.0694916248
    0.283575118 0.322141737 0.7299245 0.446437836 0.412089795
    0.397143662 0.183216721 0.344093204 0.944692969 0.502088249
    0.710650444 0.810100913 0.215911418 0.0519729555 0.73635757
    0.154158771 0.617888093 0.956488609 0.472207665 0.861809134
    0.664219975 0.360970199 0.387895405 0.596349061 0.477118373
    0.280040622 0.0820520818 0.431634575 0.687694669 0.0174749792
    0.361922741 0.980633557 0.19353503 0.939425886 0.24470529
    0.401090264 0.232948124 0.514247298 0.739286304 0.862157345
    0.309624076 0.79364264 0.148009688 0.780984879 0.200320333
    0.906128287 0.271549582 0.320281416 0.477401823 0.104741186
    0.718127251 0.63102001 0.602851927 0.0815781951 0.0718740523
    0.91834259 0.0282233059 0.689917326 0.908988118 0.886484027
    0.0931167901 0.442155629 0.775200307 0.790992975 0.303122103
    0.190473467 0.754523396 0.530241668 0.630934536 0.0213560462
    0.399067193 0.994972587 0.667378366 0.588058591 0.610313833
    0.5838328 0.923994541 0.810998499 0.135595262 0.578904033
    0.851575255 0.534512103 0.80814296 0.649266839 0.698276758
    0.185220897 0.291193157 0.641391516 0.239413321 0.628295064
    0.956434131 0.71511507 0.00381958485 0.304747701 0.691158593
    0.667015254 0.549544692 0.692256212 0.493292421 0.343107104
    0.930051923 0.383036524 0.276902914 0.811784983 0.535832405
    0.471170127 0.392909914 0.887372851 0.507182717 0.0638581812
    0.909981608 0.0561317801 0.222277522 0.621172369 0.821263909
    0.544004083 0.866939783 0.862140059 0.117838919 0.187904209
    0.471268415 0.840631843 0.368992209 0.698004425 0.39436388
    0.633785307 0.309631854 0.369826943 0.190124542 0.670843542
    0.0840361714 0.628471136 0.114375889 0.809281588 0.603583455
    0.838313937 0.788125873 0.338112414 0.966103196 0.941613793
    0.649009764 0.0615719557 0.0601741672 0.602968335 0.949771941
    0.962314725 0.368757069 0.651017368 0.153500825 0.226582021
    0.763843179 0.809895754 0.435826778 0.773630261 0.565883517
    0.962800384 0.243502766 0.0251829922 0.83800602 0.402813703
    0.850301147 0.951670408 0.301202148 0.226576835 0.546468616
    0.895005405 0.946285248 0.791635275 0.810219765 0.471652627
    0.0824225545 0.303283274 0.363638878 0.297969103 0.0711170435
    0.422643453 0.00412300229 0.272516459 0.728623271 0.602523923
    0.547534883 0.179614991 0.94916445 0.355642796 0.952328742
    0.833693445 0.429946601 0.246603787 0.922581792 0.236934066
    0.289881229 0.602737665 0.0314843655 0.73644793 0.44619289
    0.887142897 0.0323580205 0.403831184 0.051219821 0.336319417
    0.922723055 0.0871370733 0.428235829 0.947948813 0.120080233
    0.900759339 0.744439125 0.745519459 0.192350268 0.917440951
    0.900612295 0.767718196 0.454079002 0.332146913 0.0405715704
    0.409359366 0.589472175 0.196092367 0.689125359 0.321610153
    0.856967092 0.421608508 0.720943332 0.223293155 0.692730427
    0.480082363 0.664933443 0.0052805841 0.275135577 0.589485705
    0.968096972 0.575499952 0.964189053 0.286440402 0.478969932
    0.458386779 0.68704778 0.575407565 0.508941293 0.946847796
    0.530255139 0.89394927 0.826139867 0.95174861 0.590397894
    0.152319193 0.430962563 0.0421266854 0.581986725 0.00424003601
    0.449974924 0.782794416 0.864084065 0.822291493 0.608971894
    0.203149259 0.95856905 0.903069019 0.704216957 0.922626257
    0.0326041281 0.800480902 0.0407032967 0.100101084 0.260058224
    0.0976582766 0.934332967 0.518454432 0.46121487 0.266132236
    0.72276181 0.521643817 0.562164605 0.935412884 0.160509139
    0.771152139 0.202598125 0.846494436 0.101624668 0.799442768
    0.479753971 0.316308081 0.807431817 0.327391863 0.660754979
    0.307763308 0.318744004 0.0961887538 0.325090587 0.252145112
    0.158059746 0.607472658 0.216204226 0.94299978 0.781590343
    0.173432827 0.0762375891 0.702729106 0.890860736 0.122743428
    0.839295149 0.0340777636 0.228304654 0.0728400052 0.474830091
    0.787764311 0.196275711 0.663699031 0.981297433 0.280003011
    0.514594138 0.690398395 0.46453011 0.161857367 0.227708519
    0.22925508 0.656238914 0.354425281 0.66126895 0.428929985
    0.747401118 0.0120971203 0.0484338105 0.347893298 0.173440874
    0.810467243 0.0780766904 0.776023507 0.172028333 0.691784739
    0.0221608579 0.229990661 0.846307516 0.151817769 0.855094314
    0.412062258 0.309082091 0.766092658 0.0444073379 0.498977512
    0.972386003 0.884143174 0.839620531 0.233279645 0.541610718
    0.512708068 0.889291167 0.215151638 0.573815048 0.725549757
    0.447446078 0.376644194 0.594676554 0.550393999 0.953911424
    0.255257905 0.388098806 0.747945189 0.928936839 0.365253657
    0.835386992 0.576696515 0.567762733 0.138736695 0.178407669
    0.0995053351 0.186943769 0.820946097 0.648979723 0.756643414
    0.156367898 0.406437546 0.469046205 0.296437263 0.208891004
    0.563688397 0.500341415 0.175448835 0.697690189 0.0129931569
    0.518229723 0.701373577 0.649385452 0.24111405 0.249725461
    0.795287192 0.18517679 0.248439252 0.551680028 0.125273705
    0.407107651 0.139061362 0.757151186 0.278471887 0.941328168
    0.277507246 0.428916991 0.275579214 0.957010448 0.742050409
    0.932185829 0.605731726 0.558310211 0.0893809795 0.0204096437
    0.555678129 0.229919702 0.257513285 0.473896354 0.838702559
    0.0467454195 0.457573324 0.68679589 0.98138088 0.644521654
    0.637228966 0.87124002 0.175238192 0.23405385 0.76704371 0.819060326
    0.548830032 0.26880002 0.0805165172 0.316096842 0.423759639
    0.0470335782 0.708396494 0.551760256 0.790360153 0.684474826
    0.927429795 0.556245089 0.54322958 0.500889957 0.987915635
    0.299596608 0.0462331772 0.686606586 0.250358135 0.279456139
    0.48580271 0.890508175 0.390244722 0.0652483702 0.084226042
    0.0607156157 0.414874971 0.136908233 0.980725527 0.632114053
    0.28592968 0.584749162 0.195999384 0.874372184 0.811633468
    0.757939816 0.59897542 0.293839753 0.805983305 0.281593561
    0.773291647 0.52757442 0.817433715 0.393740296 0.611273408
    0.13083607 0.239562184 0.708968163 0.612544417 0.607746601
    0.410427094 0.459618986 0.026271075 0.862919748 0.615531087
    0.686782837 0.518730462 0.484747589 0.0490405262 0.0863327682
    0.430548072 0.10559234 0.291248083 0.945465922 0.446599782
    0.153153181 0.416144282 0.976304412 0.421537846 0.935582399
    0.428651214 0.479120553 0.416507334 0.121138811 0.727811456
    0.46909976 0.809931636 0.148968697 0.637551606 0.310310781
    0.08190763 0.299504191 0.64850229 0.207758456 0.983436584
    0.796050429 0.869933605 0.0267841816 0.0407052636 0.551748574
    0.882188916 0.877924025 0.589419842 0.101893336 0.478791922
    0.960614324 0.844556451 0.419460028 0.603535056 0.041003406
    0.781820714 0.321560621 0.0350467563 0.131699651 0.863743067
    0.157041907 0.338406324 0.4476358 0.672922134 0.729959249
    0.989544749 0.882974386 0.240706652 0.579486012 0.0832006633
    0.373873472 0.202810407 0.761243224 0.408298254 0.0895980299
    0.771354914 0.158161193 0.14026764 0.0585205555 0.891515613
    0.416995585 0.0503386557 0.428161651 0.646753192 0.4293603
    0.712390184 0.776101351 0.763539076 0.513139486 0.512174189
    0.460347861 0.476405382 0.420019478 0.235794425 0.0498268008
    0.429325521 0.838407218 0.66533947 0.730281115 0.143196464
    0.486040235 0.190952033 0.344516218 0.419289798 0.957518458
    0.307380497 0.757969618 0.243582994 0.49518019 0.261149675
    0.830886245 0.550201476 0.661857486 0.260905176 0.316944867
    0.157415032 0.542041957 0.891353846 0.585171998 0.141973436
    0.919385791 0.52890718 0.345581591 0.375606894 0.334486634
    0.23783806 0.44293806 0.588655531 0.608644724 0.84197855
    0.0435670018 0.623769343 0.0392711461 0.235687196 0.723131299
    0.792321444 0.199883848 0.312945843 0.875364482 0.204596937
    0.286571622 0.449701399 0.251628339 0.757155538 0.615542173
    0.0633721352 0.285092175 0.782433271 0.802822113 0.866582751
    0.0232777596 0.903559208 0.64958781 0.208786756 0.361201912
    0.754825771 0.281653702 0.0712337792 0.553127885 0.465769827
    0.603044987 0.306158334 0.276402891 0.33757925 0.370241284
    0.988906026 0.921444535 0.992456198 0.702637255 0.676994085
    0.899190307 0.420871496 0.457588494 0.42911759 0.82728982
    0.724634469 0.0178104341 0.221989244 0.434933305 0.755162716
    0.549886346 0.774851799 0.816113472 0.240087479 0.27513358
    0.069509387 0.694520652 0.907858968 0.142673463 0.500703275
    0.857805252 0.110813171 0.732055724 0.273571789 0.131695449
    0.334063351 0.422666162 0.688114882 0.681016088 0.803965092
    0.475003034 0.681631446 0.0277341306 0.305183828 0.623586595
    0.831975639 0.924723148 0.41200757 0.958119273 0.247890472
    0.633242726 0.889147639 0.917580903 0.861253083 0.28356424
    0.690708399 0.972024202 0.233061433 0.371923953 0.203046322
    0.476980925 0.466686487 0.807368636 0.582650542 0.386053383
    0.977520347 0.25578016 0.680104792 0.237587512 0.121360779
    0.120396316 0.723043501 0.470542878 0.358500004 0.435593367
    0.834652066 0.129247427 0.100910932 0.97655189 0.804269671
    0.447593242 0.515760899 0.751076818 0.275549471 0.379422069
    0.7526021 0.11349678 0.429302305 0.365830719 0.447514355 0.354475796
    0.455487877 0.144709051 0.750692546 0.396541178 0.569821537
    0.882853031 0.432762742 0.402254164 0.217123866 0.736187398
    0.130920589 0.49415043 0.648966908 0.932799101 0.182193846
    0.776604414 0.852280557 0.545609593 0.14011991 0.715712309
    0.248944223 0.926836729 0.983304679 0.122275054 0.613844752
    0.122540563 0.48577562 0.718030453 0.254111946 0.645715892
    0.068220526 0.816480875 0.158599079 0.970980763 0.904937148
    0.154441446 0.348739117 0.974408388 0.736701012 0.0190170109
    0.924311638 0.436201155 0.452763855 0.0640038848 0.94585371
    0.537823319 0.52755338 0.0903555155 0.695174515 0.758872867
    0.731771052 0.856163263 0.102631807 0.256821334 0.270475715
    0.262190312 0.215647787 0.485020429 0.0760202706 0.38925612
    0.772001803 0.883800149 0.136305332 0.57810688 0.776454806
    0.721463323 0.974610806 0.509025574 0.145224154 0.178764015
    0.594451129 0.428660303 0.12139222 0.0983314812 0.313590914
    0.450015247 0.13329497 0.351831079 0.733399391 0.838744998
    0.0480355918 0.90006119 0.296578586 0.0023920238 0.757942557
    0.842678487 0.357216001 0.436036676 0.57770735 0.828602314
    0.19198069 0.510767758 0.930671215 0.58317399 0.183078766
    0.352615237 0.18176204 0.680739462 0.240867138 0.302676857
    0.260557055 0.682425857 0.502423584 0.664897501 0.114159167
    0.977574825 0.72701782 0.834487975 0.727095604 0.756978154
    0.085103929 0.124996692 0.99926883 0.0683930218 0.424603581
    0.766010165 0.62257129 0.301972449 0.557011008 0.660528004
    0.167528778 0.0625878274 0.10275647 0.868539572 0.671696603
    0.190969706 0.0605540574 0.202092916 0.793504119 0.91729629
    0.23880592 0.952653289 0.417967141 0.371397913 0.506781518
    0.0852273107 0.820336461 0.774204493 0.753994644 0.321431339
    0.7435835 0.146220952 0.0771243274 0.326373518 0.0443397462
    0.0476159453 0.0499809086 0.640797377 0.723782003 0.558453143
    0.173880428 0.492281199 0.734314322 0.41368717 0.185232073
    0.743313015 0.988465548 0.73079145 0.601671696 0.0199504197
    0.741383493 0.632769585 0.72605747 0.757134557 0.764570892
    0.966680884 0.542176723 0.3615309 0.491468191 0.735289931
    0.994998455 0.42569533 0.952536583 0.390989959 0.0224743783
    0.127111614 0.0070425272 0.86755538 0.638483882 0.824691713
    0.289441288 0.537872076 0.66946888 0.329873919 0.897291064
    0.976997852 0.033755362 0.612333417 0.977826834 0.26893878
    0.133530676 0.905449867 0.724795282 0.917819321 0.0901239216
    0.337636799 0.525411189 0.487886906 0.647342145 0.917862296
    0.357835799 0.502397299 0.369662046 0.379917115 0.176832855
    0.818816543 0.420923471 0.473543733 0.712610364 0.863364577
    0.886406898 0.614426792 0.362633467 0.513928533 0.251729757
    0.603144526 0.203881502 0.809542418 0.575775385 0.387328774
    0.371997654 0.574744761 0.505100787 0.860667229 0.383003145
    0.459989876 0.568829894 0.453049004 0.764389396 0.774579704
    0.315109551 0.710250854 0.294754148 0.0905677378 0.612665236
    0.117322534 0.941491008 0.392969608 0.503524899 0.925589085
    0.11742276 0.107496679 0.539643586 0.894679785 0.999855936
    0.753967464 0.146524549 0.929310441 0.833210468 0.583398998
    0.0698618293 0.628709614 0.704863489 0.703527451 0.105734974
    0.61839956 0.304917902 0.687837422 0.391010821 0.364960104
    0.222686052 0.549509048 0.402921051 0.68811363 0.525401473
    0.865156293 0.101822942 0.295766115 0.398245841 0.0519916117
    0.92966795 0.81355828 0.903769255 0.00478434563 0.433650851
    0.529657483 0.390088081 0.251736522 0.706681252 0.365594327
    0.836328864 0.807410955 0.315330386 0.448259085 0.582463205
    0.38877961 0.664075017 0.0304833949 0.339768469 0.99127984
    0.831590652 0.0337592661 0.962000012 0.949240506 0.544132233
    0.279149055 0.533853889 0.319478393 0.054885149 0.658010602
    0.59633112 0.782660604 0.0460177064 0.333631039 0.793874145
    0.416071981 0.949970722 0.176907569 0.772711635 0.104599714
    0.164028764 0.0077996552 0.197621316 0.955529869 0.310507715
    0.65742594 0.270131975 0.956421614 0.464942783 0.592344522
    0.333979815 0.548845351 0.762657046 0.293038249 0.998104811
    0.872421443 0.21704638 0.973885655 0.838894367 0.539025605
    0.255278438 0.101987451 0.124346465 0.561290145 0.26812762
    0.646992922 0.0787773728 0.793924809 0.814854026 0.0312014818
    0.385680139 0.00170597434 0.456943452 0.319902778 0.291056365
    0.519265354 0.926274419 0.335514158 0.810550213 0.085055083
    0.931565881 0.995443821 0.146965116 0.125605583 0.103727192
    0.364897996 0.273505986 0.966199517 0.197632045 0.424185693
    0.478007972 0.800911069 0.314525217 0.49057734 0.987886906
    0.794592142 0.821736574 0.826545358 0.433162868 0.822617471
    0.679777861 0.583839476 0.236582994 0.869638562 0.535512924
    0.665477514 0.530942261 0.405493706 0.0984865725 0.737415433
    0.0892187655 0.00406494737 0.783955216 0.573351145 0.558681786
    0.352791399 0.673575461 0.119210124 0.431845069 0.839173198
    0.612259209 0.156892985 0.178981543 0.361221761 0.512155414
    0.255565047 0.321017265 0.843716383 0.841523468 0.109095633
    0.128577471 0.530154109 0.651635289 0.351157844 0.264069259
    0.940246999 0.136752814 0.467230022 0.842707574 0.360772371
    0.521171987 0.534954309 0.137214124 0.0797356367 0.28555122
    0.515968621 0.495245457 0.866039872 0.35461551 0.369178951
    0.880213141 0.0907968879 0.945605516 0.632916868 0.0904129148
    0.0578973293 0.732226968 0.559039891 0.906848848 0.0941996574
    0.0976715982 0.933513761 0.250108719 0.504750252 0.20269838
    0.212462723 0.496535212 0.402068079 0.0456168652 0.39720735
    0.424030751 0.113946259 0.724357784 0.124844939 0.822576284
    0.589260757 0.403882205 0.481211275 0.871477604 0.251221061
    0.279421896 0.811623812 0.651053071 0.842440307 0.610803425
    0.142227888 0.878325343 0.513582826 0.794415295 0.901561379
    0.322192132 0.556060672 0.0435768366 0.0801980495 0.661838591
    0.709372461 0.889244318 0.388670325 0.190507859 0.765444219
    0.809702158 0.307965398 0.181801498 0.219486445 0.722662449
    0.297644198 0.511282682 0.698093474 0.575963795 0.292331398
    0.135992855 0.632686377 0.632545352 0.522442162 0.651331127
    0.0611386001 0.6082564 0.941819429 0.146124393 0.119029194
    0.828963757 0.252654523 0.529972374 0.857367158 0.637706578
    0.0130991936 0.493052006 0.636775076 0.755626738 0.0461137891
    0.355772853 0.866136432 0.282853127 0.0670185089 0.958027542
    0.306886733 0.96298492 0.0934675336 0.850591183 0.405941218
    0.0940986872 0.198735148 0.0655044913 0.0683672726 0.826315999
    0.218186677 0.678087294 0.118827283 0.0385719836 0.190372586
    0.366013795 0.0971993506 0.603978634 0.0675421655 0.603526533
    0.411360145 0.128552794 0.981698394 0.523472369 0.171522647
    0.43323788 0.797612727 0.0416264534 0.941802263 0.136344999
    0.93160063 0.488388538 0.764162958 0.945603073 0.0721866786
    0.142089784 0.413718343 0.833790421 0.335631996 0.357016206
    0.486638039 0.147316784 0.46988976 0.00323754549 0.205789596
    0.500084877 0.351932526 0.32836622 0.360518098 0.43478924
    0.642276347 0.830785632 0.175251067 0.890144646 0.884507537
    0.796993971 0.60354507 0.24366203 0.52020669 0.123181313 0.118076652
    0.0753491819 0.279393196 0.934762001 0.404799461 0.240024656
    0.99015367 0.154193789 0.0277526081 0.67172128 0.460808814
    0.241196573 0.755471706 0.948164582 0.493503243 0.702474058
    0.46072948 0.829939246 0.012689352 0.422264636 0.932044327
    0.967300653 0.14826718 0.966899276 0.348157912 0.274721473
    0.930075288 0.770877004 0.250605166 0.802887082 0.209990203
    0.686411977 0.0987371206 0.180027694 0.749046504 0.753741443
    0.532372415 0.55492568 0.324011624 0.549889207 0.57423842
    0.969921947 0.850699544 0.436640203 0.605626523 0.995108068
    0.526363611 0.364275753 0.204975843 0.786114991 0.883537292
    0.419395119 0.665748715 0.201965809 0.421343565 0.724632859
    0.332499623 0.505987406 0.691735327 0.021592021 0.545726717
    0.182509035 0.0990403891 0.0828287601 0.157819659 0.968680978
    0.429955482 0.4819552 0.133212775 0.541879177 0.47502166 0.168095529
    0.963978231 0.840062857 0.910953462 0.101323843 0.170738399
    0.494641602 0.924888611 0.439614177 0.744991064 0.363255918
    0.593851507 0.308597207 0.552174628 0.232910395 0.472570896
    0.882442117 0.560464323 0.223812401 0.183712482 0.540136397
    0.348812371 0.109836578 0.505654573 0.396109998 0.00579696894
    0.685835302 0.44447881 0.397478431 0.857634544 0.658779442
    0.111434042 0.412023425 0.66631496 0.0799380243 0.268746912
    0.0374104381 0.0431257188 0.610018253 0.304173827 0.641881406
    0.587759435 0.76541543 0.692573607 0.165448874 0.10006544
    0.00976061821 0.124330878 0.934469223 0.236161262 0.189863861
    0.581676185 0.15791589 0.876861215 0.964059293 0.027856797
    0.786018014 0.217220664 0.219462663 0.143656462 0.668701887
    0.862414837 0.990821958 0.599785507 0.355371177 0.882687211
    0.386455029 0.0284163058 0.402206361 0.42620039 0.457041025
    0.242568672 0.617471337 0.667166591 0.0872002542 0.398084521
    0.0992414355 0.188210398 0.370330334 0.522281885 0.439227879
    0.0817004442 0.992585123 0.273496687 0.128864944 0.251721919
    0.124598384 0.601220369 0.777286768 0.119493842 0.403264165
    0.399132133 0.61611861 0.272867829 0.954029322 0.653235912
    0.738653541 0.360047132 0.867204309 0.134641558 0.192204535
    0.929584205 0.5194574 0.815862775 0.960951447 0.295336902
    0.832984209 0.543361425 0.653798401 0.0759967566 0.0524571538
    0.928774118 0.491013914 0.801380157 0.826807022 0.790897191
    0.750806332 0.218520135 0.466118336 0.630463123 0.469132543
    0.29193902 0.927773356 0.885428786 0.148950875 0.161402285
    0.397871494 0.596444368 0.102301836 0.476522118 0.00580665469
    0.424246222 0.372776896 0.282396555 0.937897563 0.222064614
    0.849599957 0.104322553 0.238221705 0.687514186 0.989897609
    0.753394961 0.55872488 0.579395473 0.12956652 0.43818903 0.708061934
    0.401615322 0.228764147 0.366677791 0.484701991 0.241530985
    0.0255339742 0.279892802 0.585162461 0.599791646 0.346847832
    0.927639484 0.393961728 0.661439419 0.893356681 0.99356842
    0.257281542 0.0417865515 0.545338511 0.55361867 0.949742436
    0.166300982 0.322690129 0.038803637 0.553348958 0.193481922
    0.91039145 0.624064803 0.831032515 0.0751463771 0.886534214
    0.130633354 0.491510183 0.494841337 0.596126795 0.141443521
    0.26427862 0.814724028 0.948076487 0.893649161 0.724671841
    0.181063533 0.451114714 0.628814697 0.176831573 0.947981715
    0.0966494977 0.495699078 0.0689934194 0.183574319 0.654341578
    0.69825542 0.306637436 0.981509447 0.272278249 0.606353521
    0.539717197 0.38120693 0.147808999 0.484473944 0.997521043
    0.108541042 0.862734556 0.0871910155 0.179345429 0.588838279
    0.269601822 0.930932999 0.190377027 0.342807353 0.885176778
    0.306879938 0.271029979 0.668182194 0.963478088 0.728960872
    0.0718188286 0.2915335 0.235317051 0.340246767 0.186809927
    0.786903977 0.261444628 0.448184311 0.969676971 0.646757007
    0.558264673 0.262465537 0.871218562 0.888686657 0.956890941
    0.889969707 0.347864121 0.0594069362 0.254556596 0.867539763
    0.0672348142 0.20322597 0.040263176 0.629153848 0.0753061473
    0.39788425 0.41090548 0.139893979 0.613168478 0.297536701
    0.395973891 0.488221794 0.508630216 0.822627783 0.316073835
    0.811478794 0.685000241 0.19134146 0.508763433 0.630344927
    0.481559038 0.71130681 0.72425133 0.604113042 0.510664344
    0.705423951 0.51305449 0.706251442 0.772187412 0.808433652
    0.39260602 0.255412847 0.430331737 0.797971368 0.425651312
    0.843307316 0.419462234 0.0658676028 0.784048021 0.816429019
    0.584503591 0.213911772 0.541856825 0.61190182 0.957993507
    0.21391058 0.073736161 0.867091775 0.195792347 0.576171577
    0.0476695895 0.803185403 0.185875148 0.804209054 0.35247016
    0.112259448 0.888663709 0.58950752 0.157516271 0.180353284
    0.105243146 0.364087224 0.622100115 0.596298993 0.653490067
    0.327406824 0.0849483907 0.797257781 0.276876241 0.410907984
    0.511471689 0.14831093 0.175403029 0.224653274 0.0501217246
    0.567226529 0.508278847 0.81171912 0.365354449 0.4816145 0.397187948
    0.464056075 0.705513 0.271885097 0.62288636 0.695616126 0.657336831
    0.655182719 0.359621406 0.872778416 0.172933191 0.646986008
    0.295240253 0.37085247 0.645574212 0.499950916 0.282898605
    0.423867375 0.348169625 0.0714026988 0.754062772 0.0756799877
    0.921317458 0.0610156059 0.513260007 0.428936779 0.800557733
    0.585163951 0.718104839 0.418046921 0.654715538 0.552602708
    0.232143492 0.906619072 0.350238621 0.642044008 0.310088664
    0.719468296 0.6936149 0.324074447 0.843045235 0.422231913
    0.740894914 0.739407659 0.503805637 0.57311064 0.444575399
    0.77561307 0.578193545 0.537157953 0.277253091 0.97419399
    0.214681029 0.268512964 0.622744441 0.570216417 0.514722049
    0.968019366 0.635474086 0.437115043 0.910930991 0.453018874
    0.0536192656 0.90963769 0.278706759 0.777233958 0.638055086
    0.952839255 0.814473689 0.977087855 0.714478016 0.533124566
    0.56206584 0.452469647 0.18897301 0.724216342 0.328187048
    0.571745992 0.601504862 0.514589548 0.482339978 0.538962424
    0.0539132059 0.633578002 0.87065208 0.437592804 0.209601939
    0.766540945 0.395534098 0.56648916 0.511550844 0.0270595253
    0.959894061 0.59302634 0.0729630291 0.853538632 0.213379055
    0.257986605 0.145806104 0.700295091 0.0990419388 0.0219961107
    0.306021929 0.614742875 0.423664957 0.349257737 0.00968319178
    0.907486975 0.997623324 0.772927344 0.677335203 0.166661888
    0.0347250104 0.438831508 0.276809812 0.320916235 0.842792869
    0.0906932354 0.11230275 0.217661947 0.0729099214 0.935417771
    0.354406834 0.903912246 0.803442121 0.845121801 0.0417460799
    0.112736523 0.749941289 0.945551813 0.329436511 0.934940338
    0.744299293 0.958648205 0.120084971 0.0499713719 0.0956128836
    0.646711946 0.552933753 0.0576351881 0.669009864 0.789797366
    0.760669351 0.57731086 0.469513386 0.0687296987 0.265947461
    0.948463798 0.329511821 0.847204506 0.42451036 0.630463481
    0.433896631 0.0163396299 0.40397203 0.946528316 0.381634533
    0.0110741258 0.989143789 0.485350549 0.217148393 0.221686304
    0.872498453 0.702199221 0.545707762 0.227260947 0.36607331
    0.153881967 0.197653949 0.177050501 0.497058094 0.118232578
    0.383807123 0.86445576 0.0457137525 0.630293012 0.31071198
    0.732175469 0.11443451 0.673595428 0.716607332 0.923567712
    0.20732224 0.181506693 0.800171256 0.0287114084 0.817380548
    0.287281096 0.437922299 0.0400886536 0.323643863 0.963940263
    0.118462503 0.669212103 0.149454802 0.116607875 0.741049826
    0.757701874 0.456901371 0.666522384 0.876248419 0.103819609
    0.396649987 0.671522617 0.763830066 0.706368566 0.435992658
    0.422744751 0.376572162 0.0366259217 0.593076706 0.255775601
    0.609121263 0.728543043 0.529516339 0.074277252 0.023206979
    0.224145174 0.618627429 0.865453124 0.388091922 0.0757347941
    0.60258919 0.280111015 0.321692526 0.441093892 0.106763929
    0.829677463 0.399743229 0.598198831 0.844159722 0.706536829
    0.445482731 0.918178678 0.240609229 0.570864141 0.0187401772
    0.157243431 0.245420545 0.416995913 0.147694349 0.370822251
    0.118192494 0.595640361 0.372228384 0.985698283 0.0238206983
    0.935225606 0.0909622908 0.194249362 0.346999347 0.160852969
    0.661218703 0.42272386 0.261675537 0.557598174 0.168310255
    0.312154174 0.15291512 0.959194541 0.973933935 0.72224319
    0.162597656 0.0354606807 0.53013587 0.916017652 0.426919401
    0.755437434 0.116129875 0.205745727 0.251840115 0.289311647
    0.138070822 0.333263993 0.557052732 0.618668497 0.180441678
    0.599181294 0.961382985 0.651652455 0.838631511 0.707934082
    0.551472843 0.80781424 0.915685177 0.190290719 0.371403337
    0.33619833 0.071639955 0.758648753 0.829618216 0.452966243
    0.399481475 0.847407222 0.205846071 0.0145767629 0.109864444
    0.60308373 0.0247220695 0.215232164 0.340585172 0.215738147
    0.112534553 0.030367732 0.690886855 0.450108021 0.350537062
    0.596032977 0.691912413 0.742597342 0.855041742 0.451299906
    0.225615859 0.619052768 0.499365717 0.363138735 0.683428586
    0.845593691 0.153986216 0.269497037 0.584448099 0.860491037
    0.964294553 0.0355708003 0.121791452 0.2061598 0.307796746
    0.935715199 0.92432487 0.258484095 0.863748908 0.360905588
    0.118368745 0.694011211 0.0659300983 0.0254799128 0.774835467
    0.585625768 0.744766474 0.379255086 0.330985487 0.0514692962
    0.495134413 0.703595817 0.629368961 0.41772598 0.430574983
    0.794629693 0.150631279 0.0410905182 0.00597846508 0.75159502
    0.943973005 0.37635228 0.854136765 0.614421248 0.489782393
    0.758620143 0.905532241 0.126006573 0.511552095 0.165017277
    0.927453101 0.018809557 0.170792043 0.411845267 0.846614659
    0.235888153 0.185038447 0.712026 0.0645078123 0.45098424 0.324817419
    0.849580109 0.297268063 0.0323695242 0.892122984 0.184081584
    0.238363624 0.585495293 0.33506164 0.329409182 0.210404664
    0.949740171 0.78988874 0.670541346 0.0978154838 0.724262357
    0.512622893 0.146730959 0.33430469 0.627028704 0.493906379
    0.765091538 0.0582822561 0.178419262 0.483481139 0.883930326
    0.833072722 0.322312772 0.372223705 0.767514825 0.62835443
    0.326687545 0.874329567 0.686830163 0.273179591 0.452150106
    0.619742572 0.315218002 0.318265259 0.46146065 0.435144693
    0.906415224 0.557746947 0.424515992 0.0512687862 0.79614377
    0.328373492 0.93985337 0.471490771 0.472115695 0.91174078
    0.452704698 0.625132203 0.828714967 0.364105016 0.960532665
    0.66528511 0.244958669 0.00745812058 0.770185947 0.440917283
    0.464201838 0.0558868051 0.617443204 0.102454305 0.748589516
    0.31952095 0.475687236 0.348133087 0.520170152 0.172770619
    0.931559861 0.585873365 0.261402726 0.64319557 0.862376571
    0.547454357 0.921964049 0.685918927 0.787241817 0.505501628
    0.729609013 0.445503324 0.277424097 0.871622205 0.925617635
    0.774991691 0.31132561 0.483765483 0.789011717 0.0204389691
    0.994531989 0.645587444 0.865741432 0.531695247 0.17194277
    0.868515968 0.264597714 0.830034971 0.863738537 0.412599832
    0.891949177 0.962678671 0.9234097 0.228876799 0.816441894
    0.862595797 0.706008673 0.616116405 0.710559785 0.408377767
    0.678585052 0.534184694 0.00122192502 0.680557311 0.20265311
    0.41715458 0.594703317 0.458808154 0.516465545 0.431718946
    0.0796428323 0.355036706 0.185290635 0.684437096 0.816715956
    0.062536478 0.480503827 0.990338326 0.796011686 0.695142984
    0.0980747938 0.257020056 0.567030847 0.91532743 0.138626873
    0.483658135 0.594150305 0.670384288 0.227992058 0.275042892
    0.657931447 0.416389346 0.613410532 0.363307416 0.364660054
    0.873553097 0.113192946 0.319042116 0.454494923 0.715462446
    0.23105523 0.292406946 0.973934412 0.181625664 0.33912164
    0.189985722 0.698560238 0.289169461 0.153214246 0.419961751
    0.236776203 0.504585922 0.482312322 0.610274673 0.500662506
    0.40035212 0.444748998 0.818115711 0.433718234 0.327957153
    0.0690500736 0.640641928 0.778545856 0.682151079 0.816373885
    0.238451272 0.603902817 0.164826035 0.0616657436 0.592079103
    0.872140527 0.462091863 0.228634208 0.524697721 0.581023037
    0.772481084 0.666948676 0.293248355 0.592337072 0.399228603
    0.548103571 0.0207359493 0.452663153 0.0909352899 0.803512931
    0.179177582 0.725723147 0.983544588 0.95986402 0.967234373
    0.810242653 0.573498487 0.542518318 0.972029924 0.10103026
    0.135561317 0.696374953 0.59701097 0.673003554 0.887208223
    0.500201464 0.902734876 0.734051228 0.458763629 0.114643037
    0.228474855 0.670803308 0.106332839 0.976967692 0.407270581
    0.216430008 0.614570975 0.609460711 0.518530428 0.722049117
    0.248005778 0.488312572 0.498457104 0.0490814745 0.446501225
    0.807868838 0.342153609 0.572339177 0.416278243 0.844674945
    0.89002192 0.560948849 0.135067254 0.562436819 0.278903663
    0.949978948 0.398414314 0.390415937 0.227665931 0.204033226
    0.904236913 0.96619314 0.645970702 0.508891463 0.621842623
    0.867945611 0.335330129 0.789797902 0.333763957 0.917135358
    0.86590302 0.629459739 0.249515474 0.315154403 0.794365764
    0.401653439 0.0212272704 0.983937621 0.896339893 0.26663208
    0.469107836 0.549129725 0.185368121 0.243633091 0.50813812
    0.265993416 0.943548203 0.743008852 0.709815145 0.380942911
    0.181829125 0.327700913 0.522453308 0.869826496 0.631647944
    0.236657381 0.716353178 0.859692633 0.911547184 0.45753631
    0.12545079 0.102251142 0.0993249118 0.250135213 0.999828458
    0.257600725 0.760471225 0.815018356 0.646320581 0.137224585
    0.793147087 0.912624538 0.362902045 0.725056589 0.529815137
    0.101276577 0.693333983 0.765069127 0.117245793 0.692229867
    0.718863249 0.960618615 0.755504847 0.401670933 0.503518939
    0.871370196 0.966237307 0.999866426 0.827794671 0.52444911 0.8290236
    0.426886976 0.122718871 0.529543221 0.0664583445 0.903615117
    0.726261199 0.637048185 0.842175066 0.724840403 0.718046904
    0.370665938 0.268019497 0.550330758 0.322621524 0.265138268
    0.58584398 0.697995722 0.422705233 0.617291152 0.452498734
    0.49904415 0.858696342 0.345867395 0.931606889 0.413535357
    0.241508663 0.865736961 0.326550484 0.37150678 0.639656782
    0.322516203 0.592857361 0.76802063 0.835017085 0.725858569
    0.875178635 0.752414227 0.327087343 0.411266744 0.076818198
    0.48994261 0.557851732 0.70386219 0.811486065 0.239236176
    0.305623323 0.331254393 0.320413828 0.0419693589 0.16373983
    0.803123593 0.473518461 0.311378151 0.635560513 0.676145732
    0.615434945 0.844973683 0.0462838411 0.375525743 0.901143909
    0.719084024 0.501976907 0.115875006 0.139891952 0.789375782
    0.604538143 0.344360471 0.250530422 0.437081516 0.04720366
    0.746610582 0.503179014 0.904098153 0.407291859 0.146395892
    0.835653543 0.475517452 0.575504661 0.774773359 0.512302816
    0.738072991 0.553014874 0.10897702 0.84104228 0.38886255 0.57759738
    0.646194935 0.714798033 0.602647543 0.399270982 0.57494998
    0.307324022 0.417219579 0.983968735 0.343761206 0.109296054
    0.125403523 0.7489326 0.164955437 0.752685189 0.00427857041
    0.116073906 0.974935174 0.996522069 0.485325813 0.861250758
    0.178858221 0.930603623 0.715539336 0.284181267 0.967996597
    0.975560308 0.122815579 0.861224353 0.501051486 0.577616274
    0.0633961558 0.033116132 0.286270738 0.463057041 0.190292358
    0.137298465 0.650292754 0.0700263977 0.480967551 0.0297918022
    0.38281253 0.481151015 0.764687538 0.895241022 0.427523077
    0.235457122 0.406357765 0.854615927 0.894907475 0.215490669
    0.411886305 0.305413306 0.727463722 0.939392388 0.183847219
    0.822605848 0.453864723 0.0335394144 0.851220906 0.326581687
    0.434875488 0.0741147995 0.172941744 0.0397594273 0.0572635233
    0.41364181 0.465366334 0.517276227 0.720214844 0.177012205
    0.222435027 0.883101344 0.223840982 0.164598346 0.749290645
    0.169647425 0.723430157 0.609251201 0.90029633 0.579153657
    0.928114295 0.650056005 0.985239387 0.072780937 0.862604022
    0.369004041 0.0196431577 0.688201964 0.588147044 0.862961411
    0.26521033 0.982371569 0.403964698 0.730055332 0.260946035
    0.541576564 0.53808856 0.823533058 0.298637778 0.78820473
    0.882009745 0.469573647 0.936420202 0.901485145 0.711243749
    0.0725548565 0.763044119 0.844397485 0.863424659 0.142428011
    0.426687598 0.342105955 0.3932769 0.96249795 0.488265991 0.778211951
    0.452704698 0.223769635 0.545787573 0.00220566988 0.923911572
    0.399842858 0.954288661 0.228708237 0.496406764 0.343927026
    0.412949115 0.867788196 0.967788041 0.842613578 0.285631239
    0.636464477 0.162541747 0.212960958 0.369203568 0.307195097
    0.708727539 0.244955629 0.663994074 0.491388947 0.47640112
    0.835878253 0.229290545 0.966626227 0.937065959 0.297746837
    0.277977556 0.438958734 0.268426448 0.0788963437 0.736515403
    0.745365381 0.732152641 0.735509694 0.0563883185 0.925892472
    0.961486042 0.745681286 0.741823733 0.451634824 0.288335741
    0.961257815 0.776138842 0.477184534 0.41702947 0.835269213
    0.0586668253 0.521168292 0.768690467 0.679880321 0.74252671
    0.700027347 0.61587745 0.483080685 0.805794358 0.187289238
    0.98829186 0.941275954 0.574014246 0.440289378 0.575291157
    0.788004875 0.900550902 0.215410382 0.71110487 0.334935546
    0.220285594 0.60512805 0.00574332476 0.70960778 0.584108591
    0.11442259 0.159097582 0.468095839 0.481930137 0.537502408
    0.695320964 0.650732577 0.231950372 0.428576171 0.640188456
    0.135286748 0.505130291 0.51645422 0.0386862755 0.417710841
    0.511208653 0.23259756 0.848565698 0.185299844 0.599684656
    0.38370958 0.275211453 0.522973716 0.750738025 0.107227921
    0.246074647 0.888221622 0.716425419 0.985092282 0.0191368759
    0.00925520062 0.600005805 0.372458488 0.412658036 0.0806647241
    0.915370703 0.69940418 0.255262792 0.897144377 0.971447825
    0.427669525 0.219848305 0.170834512 0.751453578 0.569538295
    0.459475815 0.342586875 0.31525439 0.182051629 0.75570488
    0.188995451 0.0901246071 0.448058099 0.318332374 0.666015029
    0.491129398 0.645929217 0.747443795 0.779558063 0.253199697
    0.441812575 0.265347421 0.700669289 0.526191175 0.909668088
    0.955602884 0.92072767 0.678783715 0.451121032 0.0224746764
    0.364884466 0.290546834 0.75908196 0.125992984 0.762854874
    0.927471757 0.61303705 0.759203315 0.98304832 0.526901662
    0.0613229871 0.666205227 0.0182427764 0.258132011 0.231156409
    0.823909402 0.200399131 0.886506319 0.881765962 0.224648088
    0.618088901 0.417953849 0.22606951 0.532740891 0.861604214
    0.037094295 0.380519092 0.206245571 0.0735474229 0.272775412
    0.88045001 0.88459295 0.843096972 0.668896973 0.160368979
    0.0287024379 0.266184449 0.173011124 0.136033177 0.930890679
    0.294281334 0.328210175 0.74303627 0.588772237 0.740461707
    0.638449967 0.0578190386 0.791614652 0.185824305 0.283124626
    0.128801316 0.942756891 0.64937067 0.917074263 0.350586146
    0.890314341 0.140624791 0.81180346 0.1612207 0.379010946 0.514604092
    0.0173097551 0.227451771 0.834856629 0.191509694 0.426246881
    0.0205371082 0.142632723 0.737371862 0.31382674 0.383638144
    0.0940476954 0.775685906 0.446820289 0.303911328 0.608731091
    0.496199369 0.74633503 0.869814336 0.730345309 0.918508172
    0.304041982 0.239512056 0.945315957 0.185415894 0.447263479
    0.769962966 0.305348396 0.0714986324 0.0806495249 0.958747983
    0.91269058 0.62752831 0.419037908 0.338565588 0.0895200372
    0.589501083 0.582006574 0.0527325571 0.447923988 0.140616
    0.0124913752 0.332585216 0.347195834 0.734746695 0.696905255
    0.757377386 0.241346091 0.522174895 0.136448354 0.326601803
    0.671150029 0.0680058002 0.330782384 0.48929739 0.508645773
    0.782345533 0.632604957 0.970375299 0.0964837074 0.502708852
    0.0412155092 0.847553313 0.613731146 0.558346987 0.776550412
    0.738868535 0.106215566 0.759069681 0.573220253 0.676919878
    0.296869099 0.431584179 0.820556164 0.454209864 0.939522386
    0.73599124 0.323553622 0.220427781 0.194504172 0.13652423
    0.816299438 0.999174237 0.123458445 0.609182537 0.4396303
    0.354755402 0.871222615 0.939789772 0.800062895 0.252806038
    0.610942781 0.349729121 0.374496788 0.275393784 0.604520679
    0.449102163 0.808511972 0.764005303 0.917605519 0.515558898
    0.587097287 0.151430994 0.862821937 0.602187216 0.227089614
    0.923297286 0.23043713 0.405154079 0.713057697 0.315915048
    0.751150548 0.309200883 0.297061354 0.48188895 0.72952193
    0.0990483463 0.81861788 0.0814813972 0.927042961 0.47085914
    0.71166575 0.577666521 0.513426423 0.998073936 0.191492349
    0.59270978 0.297855377 0.285599053 0.279054463 0.180651098
    0.231235951 0.936675489 0.828656495 0.461578548 0.630801678
    0.67990911 0.927463651 0.978790998 0.41117084 0.708075762
    0.177150548 0.657524168 0.831071794 0.942815304 0.407200396
    0.476382405 0.8555336 0.0922097564 0.663930893 0.581847906
    0.694321394 0.905546367 0.47081551 0.626349509 0.230930716
    0.384513021 0.145372331 0.787668109 0.912607908 0.365984023
    0.906235337 0.190613478 0.567758441 0.786709428 0.0242882669
    0.717361927 0.456651866 0.638208151 0.433624119 0.547981858
    0.444748938 0.108013988 0.424211144 0.391637325 0.413239211
    0.583464921 0.515036702 0.0269174874 0.646091342 0.542538583
    0.623124957 0.756023824 0.881993055 0.410469055 0.0986865461
    0.881528556 0.188872099 0.976025045 0.523254216 0.328192532
    0.552206278 0.639301002 0.269819766 0.105163962 0.899319708
    0.902599871 0.384679615 0.97371304 0.607697606 0.19775793 0.35267508
    0.973079443 0.898597658 0.955512285 0.399697781 0.890485644
    0.10908553 0.205011725 0.415145516 0.91217804 0.644459069 0.28475073
    0.0323908329 0.914903283 0.081186682 0.162284255 0.23369208
    0.219635725 0.839053869 0.574192226 0.116222233 0.662933588
    0.860536098 0.417464972 0.391927093 0.592482209 0.534142852
    0.252457768 0.415561497 0.690418243 0.940077901 0.547140181
    0.655549169 0.707787037 0.506207407 0.0577721596 0.437546253
    0.253839254 0.183989882 0.800967455 0.2051467 0.453742683
    0.431992024 0.784365416 0.939788282 0.831878841 0.453327179
    0.926295877 0.324522674 0.875661016 0.777984679 0.80148077
    0.089881897 0.0671185255 0.947869658 0.707573295 0.150144309
    0.0839946866 0.760200918 0.271619856 0.926002741 0.941901863
    0.920196056 0.1832847 0.548265755 0.450924665 0.829573095
    0.113281339 0.202681452 0.998898506 0.59437722 0.953541934
    0.786396801 0.315329671 0.9747684 0.567402661 0.473279387
    0.847759962 0.482467741 0.996297002 0.624121189 0.147298992
    0.693127096 0.312962532 0.952267528 0.135272712 0.224911869
    0.00309002399 0.872058272 0.0782936513 0.362092078 0.51359868
    0.882855177 0.0820451975 0.297357291 0.0442282557 0.0863687694
    0.0082282424 0.465256661 0.349305212 0.691997886 0.932256222
    0.829249501 0.150978774 0.157372802 0.436840117 0.642614484
    0.67677635 0.495464712 0.411551178 0.962409139 0.449449152
    0.376561344 0.396101058 0.224392802 0.29166767 0.862512827
    0.232860029 0.940991163 0.785598516 0.854630709 0.851059914
    0.0389664769 0.277552098 0.51188916 0.697750509 0.797011018
    0.545634389 0.152091265 0.303901672 0.602595568 0.999106646
    0.862988472 0.354267389 0.107616127 0.119746387 0.645470738
    0.871140957 0.518373072 0.812834024 0.641667008 0.962763667
    0.970021963 0.438718528 0.637926161 0.328914016 0.282243192
    0.170510739 0.0956635773 0.443141013 0.879474819 0.501091123
    0.523158193 0.18601647 0.725835621 0.0686657131 0.62106365
    0.402903467 0.865450263 0.690209925 0.693490267 0.223946273
    0.10035336 0.575181842 0.839386821 0.0100296438 0.55769223
    0.496178865 0.461503506 0.8180058 0.962598801 0.145221025
    0.317180902 0.196170956 0.225338399 0.166212142 0.322758675
    0.149157763 0.810346603 0.992925763 0.166261494 0.691004872
    0.598125041 0.650882959 0.425075293 0.605353475 0.947137892
    0.200307012 0.121216118 0.875782371 0.676266611 0.295417219
    0.872169495 0.511095107 0.89364934 0.923942924 0.867228985
    0.25115037 0.76789391 0.759717882 0.463958442 0.723060131
    0.826256633 0.782929778 0.9651438 0.593653917 0.808582425
    0.843791246 0.158086479 0.41305837 0.517195642 0.541511834
    0.404395878 0.114145607 0.000487953424 0.902291298 0.815574646
    0.194466949 0.41745773 0.0570369363 0.932246923 0.678658426
    0.36204958 0.64696157 0.835455418 0.585567176 0.891058028 0.55061686
    0.341785371 0.558163166 0.384984612 0.999715686 0.497147083
    0.0141587853 0.303445518 0.396620095 0.539130986 0.984986067
    0.677062988 0.343764067 0.87908721 0.836620152 0.743831933
    0.604077458 0.799667716 0.0950226486 0.132417262 0.0816883445
    0.00796616077 0.49808377 0.679292917 0.0592924058 0.0768871307
    0.320738018 0.338354915 0.681694388 0.84925741 0.655141294
    0.428660154 0.986526847 0.189931273 0.351203203 0.908612013
    0.718452215 0.836011887 0.388376713 0.708033681 0.0155011415
    0.879286587 0.423799008 0.499642044 0.223170578 0.611628532
    0.0457417667 0.123517573 0.732040405 0.0424201488 0.411239862
    0.585173666 0.823320746 0.102862418 0.93737793 0.910393476
    0.735055268 0.671334088 0.522467554 0.383979559 0.635510802
    0.032695055 0.848424017 0.801179051 0.0241117477 0.388052613
    0.781363964 0.89785099 0.77592206 0.206207454 0.507276893
    0.981892645 0.497526854 0.611917377 0.749210417 0.782713473
    0.514373183 0.00144439936 0.453205645 0.253147691 0.00116512179
    0.135666758 0.945162058 0.340058744 0.0488910973 0.593383849
    0.478220105 0.279237092 0.331883311 0.595131338 0.185118794
    0.225560963 0.106114626 0.397206008 0.730555832 0.939051032
    0.272332132 0.94783181 0.675415516 0.568371415 0.750104785
    0.0260598958 0.333787799 0.340310872 0.39907527 0.156233728
    0.0346972346 0.681411386 0.924412489 0.296680778 0.998294473
    0.542976439 0.627813578 0.0426648557 0.700944006 0.215374053
    0.874860883 0.879634261 0.532227755 0.317129731 0.516734242
    0.893866003 0.48893857 0.0198751092 0.420463771 0.592588723
    0.122738272 0.952532887 0.984622598 0.213144988 0.101632267
    0.937938452 0.903781176 0.339556277 0.850312531 0.00385165215
    0.588760734 0.237906665 0.652545273 0.98290509 0.245039642
    0.353027701 0.4831765 0.636453092 0.455900371 0.18229866 0.876891017
    0.636101484 0.551110864 0.609906197 0.571984529 0.305910528
    0.706837177 0.0315881073 0.945920467 0.161069006 0.868567228
    0.435918629 0.904585361 0.905675173 0.262515783 0.394004643
    0.384217232 0.74622792 0.14820987 0.800809622 0.480881333
    0.760893703 0.479496688 0.704069495 0.242026001 0.53693682
    0.546817243 0.649393439 0.302589864 0.187751263 0.0222006142
    0.469774067 0.551212609 0.105618089 0.856125116 0.904459655
    0.960197687 0.0773324966 0.631779253 0.823442936 0.0410652161
    0.822652459 0.15780881 0.530480683 0.885635376 0.23237592
    0.187755585 0.754726887 0.242633402 0.441742122 0.736109436
    0.844166756 0.690256596 0.0367392302 0.382323056 0.368553281
    0.0426855087 0.485582262 0.22705096 0.299636334 0.396349549
    0.566315174 0.513186514 0.679905474 0.619326711 0.537310719
    0.0464608967 0.041973561 0.200815648 0.999412537 0.934456944
    0.592259586 0.224744171 0.506169975 0.00259000063 0.442983329
    0.782568097 0.63867861 0.064050138 0.509854496 0.581367612
    0.493503988 0.867809296 0.699397206 0.0852753818 0.880885482
    0.885682642 0.58846122 0.061778605 0.78031981 0.491234243
    0.141826212 0.820735037 0.748534024 0.740092456 0.338189363
    0.942932665 0.186870098 0.751843452 0.867679715 0.380164891
    0.528318763 0.522354603 0.912753046 0.4527601 0.686084926 0.27146405
    0.61341399 0.615477324 0.0176441371 0.084966898 0.770558238
    0.0230756104 0.20894599 0.0782475471 0.681143999 0.911276937
    0.461781323 0.244711816 0.870292783 0.92039001 0.00410428643
    0.462140203 0.286028326 0.841412425 0.912175655 0.820508003
    0.431475937 0.978543758 0.891079247 0.230474949 0.47926271
    0.00310340524 0.282062441 0.385515183 0.0890746713 0.713754177
    0.998888373 0.937231183 0.63143611 0.40815866 0.0109898448
    0.173319846 0.236689836 0.84921062 0.822095811 0.044562608
    0.475376666 0.0576241016 0.266064823 0.651566148 0.544201434
    0.0675141811 0.295027971 0.265333951 0.7799685 0.576164246
    0.039616704 0.377822787 0.882217288 0.323627621 0.459627628
    0.753971815 0.609641314 0.958658576 0.347985387 0.846033096
    0.352205008 0.772305489 0.973218083 0.89822197 0.78206265
    0.637623191 0.78365761 0.892788231 0.675911725 0.799394369
    0.741826475 0.89421761 0.569836497 0.391838074 0.00412377715
    0.0388850868 0.200936139 0.559471607 0.373129129 0.573841095
    0.749670565 0.650473237 0.136475265 0.729181767 0.560086071
    0.621996164 0.598572254 0.120427161 0.505073905 0.205177575
    0.185255349 0.53435272 0.066989392 0.488479584 0.261448056
    0.516545892 0.165247291 0.288446128 0.763415575 0.212738007
    0.422111779 0.171378523 0.506343067 0.932425261 0.765384674
    0.473951161 0.703136146 0.110278785 0.467098892 0.0558269024
    0.928007662 0.266137451 0.839517653 0.117071122 0.8545748 0.92170763
    0.941927552 0.998500586 0.358377039 0.716562212 0.027518183
    0.992383599 0.0349426866 0.250622094 0.590078235 0.29311043
    0.0753781199 0.508587897 0.352218539 0.197164565 0.529269576
    0.0787506998 0.149756998 0.901205778 0.366032243 0.782969236
    0.344498992 0.191945881 0.741516471 0.0851048827 0.0420676768
    0.540309489 0.0166876614 0.150760859 0.246792495 0.810100138
    0.362867773 0.0105190277 0.085793227 0.223117739 0.254267782
    0.740286231 0.977388978 0.973463655 0.0768058896 0.541295588
    0.484828413 0.187317789 0.128410518 0.913751066 0.454159528
    0.685906649 0.960915923 0.232027203 0.0725288093 0.853374898
    0.0697274208 0.691389501 0.450107068 0.72245574 0.55471319
    0.64722383 0.459863394 0.0755360425 0.487669438 0.368793905
    0.572672606 0.396217674 0.096611768 0.19708547 0.618764758
    0.502751648 0.481463611 0.233260036 0.915298343 0.222663283
    0.13402307 0.537180781 0.918158531 0.0932937264 0.00302046537
    0.336524129 0.366755784 0.642198145 0.998613 0.385804683 0.553996384
    0.924936771 0.254481435 0.385480374 0.521594286 0.745911837
    0.864222884 0.880447626 0.430128574 0.713760674 0.137526602
    0.108847141 0.391439557 0.855639815 0.973350763 0.17596668
    0.924362361 0.450302452 0.900280595 0.177770585 0.283359528
    0.721519232 0.477360964 0.819854021 0.255185783 0.50133884
    0.904783845 0.609440088 0.282721817 0.859830499 0.990690291
    0.45420891 0.59773463 0.730528474 0.729096889 0.365648925
    0.452902973 0.63303411 0.103169769 0.376447767 0.369508296
    0.0742432773 0.338201761 0.0689540505 0.758975744 0.134638488
    0.668708444 0.965078115 0.0448422432 0.00779414177 0.0271707177
    0.226375103 0.565223396 0.93457222 0.430896312 0.679955065
    0.0616677999 0.481230289 0.374196619 0.979110599 0.046626538
    0.717345119 0.8966434 0.84488672 0.911249101 0.379383385
    0.0381571054 0.988003492 0.825271487 0.417664438 0.180397034
    0.434672683 0.850135922 0.444576412 0.00926786661 0.780698955
    0.0611593425 0.626354039 0.195412129 0.417070806 0.428823352
    0.818526506 0.79524529 0.791592956 0.891839266 0.743965924
    0.910862565 0.230870306 0.802289724 0.817016721 0.987159252
    0.867197871 0.302251101 0.861586094 0.147998303 0.313395649
    0.283075482 0.0416492522 0.848250508 0.938953638 0.532745481
    0.189848781 0.40558365 0.646546483 0.407276303 0.0900506973
    0.720419109 0.820418596 0.0500566065 0.454160303 0.551088691
    0.926743984 0.307135612 0.533972025 0.156886816 0.0519919991
    0.730344951 0.460128725 0.853503704 0.554879189 0.717527628
    0.253083169 0.346238017 0.435869843 0.156032354 0.871445775
    0.897202134 0.16440475 0.181330413 0.830259562 0.970484853
    0.116874576 0.201372087 0.314326167 0.788143754 0.203666329
    0.497737229 0.447210908 0.532496572 0.0827269554 0.275858879
    0.171825707 0.627101481 0.420416892 0.196522713 0.594435275
    0.764656961 0.0469839871 0.486548334 0.353280962 0.0634180307
    0.988089204 0.718669415 0.734008431 0.859960854 0.726388633
    0.0952647626 0.862344801 0.892591178 0.956214905 0.556894064
    0.221469462 0.627068341 0.985231996 0.226342469 0.0806311965
    0.304822028 0.378958642 0.34954834 0.408609033 0.703331828
    0.298748493 0.0514422655 0.0558937788 0.55102551 0.991096914
    0.286219597 0.646809936 0.220284849 0.479385197 0.12625879
    0.595794141 0.504358888 0.822269797 0.404477656 0.887099743
    0.81542325 0.508055031 0.085775733 0.155996203 0.147561967
    0.399076045 0.764895082 0.947864413 0.0182735026 0.293420851
    0.196295679 0.285406768 0.0139409602 0.528596401 0.692850113
    0.728656828 0.0180483758 0.816996515 0.045653224 0.142763495
    0.825326443 0.641526639 0.985645771 0.419537276 0.180142581
    0.106724679 0.254877508 0.0158911049 0.760073543 0.619524062
    0.0447568595 0.343319595 0.239089936 0.536550045 0.348148644
    0.931540847 0.166303843 0.342827797 0.94174993 0.603298783
    0.978154123 0.252723277 0.801113009 0.617626786 0.537921429
    0.402979046 0.385197312 0.910741806 0.264251888 0.32619828
    0.0236020088 0.289989471 0.7706002 0.598354757 0.634881854
    0.998167992 0.151037544 0.0337100029 0.0502277017 0.472949237
    0.407429218 0.971890092 0.116392881 0.700011611 0.702894926
    0.361040324 0.280403435 0.685340703 0.357305288 0.74346441
    0.557134509 0.670562744 0.848466158 0.356645823 0.245551258
    0.547485054 0.169479251 0.3638978 0.0986364186 0.539357662
    0.337712526 0.84531045 0.685132742 0.19240737 0.760944724 0.17655322
    0.699017227 0.178226769 0.587041438 0.486018032 0.329276323
    0.867943525 0.84303081 0.420234323 0.872106194 0.742234349
    0.357129425 0.207896262 0.524959087 0.735987961 0.698951125
    0.609333992 0.223147869 0.593153954 0.908058405 0.741237104
    0.497985244 0.161250532 0.7277686 0.147583246 0.6816172 0.166577786
    0.364106476 0.566465199 0.612103462 0.417477727 0.380742759
    0.229556412 0.359565794 0.262243271 0.934323192 0.313103229
    0.447706074 0.756337166 0.944563031 0.452793658 0.511536002
    0.81093204 0.929970741 0.836318076 0.657993078 0.558907807
    0.778864384 0.595858693 0.201196134 0.484883815 0.460575432
    0.472591519 0.106306136 0.706987381 0.586556554 0.667793989
    0.559074998 0.565232277 0.69943428 0.407806039 0.0642522275
    0.0927712619 0.612612963 0.120650142 0.837814927 0.161732137
    0.523069322 0.0722738206 0.88289386 0.28780669 0.398186415
    0.788445652 0.433755636 0.430375218 0.445986688 0.0305734277
    0.681343973 0.69683224 0.0261148512 0.513341665 0.402584821
    0.580316663 0.441029549 0.462339371 0.596524179 0.741489053
    0.12624079 0.0423103273 0.46088928 0.230661005 0.841206431
    0.322093517 0.0793827176 0.821789861 0.91779685 0.597517967
    0.197259128 0.774784088 0.161969125 0.393534541 0.060282439
    0.123258322 0.545410216 0.256463885 0.995895863 0.0268782079
    0.518092632 0.10428825 0.420095325 0.55925703 0.0510168076
    0.357171148 0.527308464 0.717011929 0.0653043091 0.89815402
    0.00272127986 0.959051967 0.528929949 0.724210024 0.409051389
    0.93811357 0.871250451 0.0448173285 0.0249235332 0.123747528
    0.791450977 0.897885323 0.653769016 0.835728884 0.393777192
    0.0479025245 0.449554622 0.10992524 0.249511778 0.611926794
    0.237282127 0.330739915 0.14339292 0.689091384 0.532023489
    0.316925049 0.727610528 0.257832587 0.376987278 0.534141958
    0.267512888 0.068647325 0.00179988146 0.765942931 0.067586869
    0.705905318 0.648249567 0.212373614 0.487292141 0.526113153
    0.984199524 0.266634583 0.739064574 0.0140900612 0.35367465
    0.553547382 0.0832528472 0.854323149 0.679771781 0.605147719
    0.401212692 0.953099787 0.501381516 0.0773627162 0.631726742
    0.473520964 0.179183245 0.231023967 0.448653281 0.945305169
    0.659234107 0.41098848 0.0607779324 0.572451472 0.993905306
    0.683243752 0.0925077498 0.609866381 0.729155242 0.228607953
    0.683403254 0.820143938 0.746981859 0.979726553 0.430388272
    0.931037903 0.00923585892 0.591390073 0.903569221 0.312937915
    0.231267869 0.657415688 0.423540831 0.358284295 0.188514411
    0.651789784 0.447874963 0.853800058 0.931705713 0.561594069
    0.135186166 0.870084167 0.653712749 0.674001813 0.71037066
    0.233904779 0.328110605 0.423785627 0.256043315 0.441531152
    0.593597829 0.186761022 0.265716642 0.635980606 0.968990684
    0.0573677421 0.827389777 0.417977214 0.612645745 0.680640578
    0.06376037 0.092215687 0.504549623 0.85353303 0.873172343
    0.281081796 0.90220654 0.533157051 0.68681252 0.892195463
    0.147271723 0.977307081 0.0660490692 0.761971593 0.675922036
    0.144804895 0.749843478 0.534432769 0.0294898748 0.0719070733
    0.405044228 0.525535822 0.754153967 0.0817851126 0.324992418
    0.974549532 0.00994697213 0.441702724 0.148418188 0.308822155
    0.126462817 0.225793362 0.460997999 0.0407137573 0.135389686
    0.204475224 0.687787056 0.738309622 0.381789982 0.652425408
    0.311311066 0.404208839 0.844630897 0.865961671 0.355855107
    0.716732621 0.865769625 0.867913246 0.393583208 0.158569276
    0.365398049 0.337341458 0.818893552 0.816634059 0.35043034
    0.856362164 0.350665599 0.404335976 0.874108195 0.126332223
    0.846853137 0.296719253 0.148437113 0.874322176 0.415282011
    0.82085824 0.297030747 0.954032898 0.960931182 0.757773995
    0.0891007185 0.944331646 0.934391618 0.463292569 0.441789687
    0.115558147 0.601547718 0.0402892828 0.314974487 0.864110053
    0.597616673 0.722108841 0.84883225 0.226615965 0.387245059
    0.453265697 0.817391276 0.0269459188 0.986960948 0.225810498
    0.693177342 0.904096425 0.353098154 0.1863572 0.598366916
    0.547458172 0.206500083 0.388841122 0.888387799 0.452730656
    0.434449136 0.563313127 0.223496825 0.818022609 0.855888844
    0.20833239 0.0383156836 0.0590017736 0.61736232 0.347798169
    0.91167599 0.394861877 0.945875585 0.944335461 0.768027544 0.0763852
    0.563197076 0.81701839 0.993745327 0.886419535 0.0218002796
    0.380406797 0.825457454 0.53365165 0.541892588 0.0306968987
    0.202840447 0.495242774 0.0547735989 0.920950651 0.24749428
    0.49511233 0.0948112309 0.825199842 0.655134737 0.440662175
    0.906207442 0.110025227 0.472957939 0.64535594 0.3561064 0.832642972
    0.729412973 0.0891797245 0.875617564 0.832433045 0.350197792
    0.418951571 0.99121654 0.100644499 0.382948577 0.829992354
    0.915346622 0.60427767 0.399192482 0.419556856 0.677134991
    0.721895695 0.0619496405 0.50368005 0.818827927 0.580186427
    0.280722857 0.479753375 0.00346821547 0.41629076 0.441487879
    0.322901338 0.08753106 0.51406908 0.960603118 0.148002774
    0.221381098 0.915270388 0.933668792 0.0345181525 0.11317423
    0.727841139 0.712090909 0.446664125 0.0327061713 0.935138583
    0.0176159143 0.0638158321 0.390112728 0.519101739 0.0741537809
    0.0388547778 0.270203948 0.610788643 0.786944687 0.0277026594
    0.882529616 0.46508342 0.107333541 0.121418118 0.432994425
    0.13533175 0.0642634034 0.739004135 0.956387639 0.78478539
    0.563430429 0.577920079 0.377042562 0.981999278 0.819709897
    0.912599325 0.928979635 0.0986503959 0.605601549 0.527864218
    0.629962802 0.0131270885 0.215256423 0.802402437 0.353973925
    0.541186929 0.430315286 0.00799810886 0.945423603 0.136149526
    0.156888127 0.113525957 0.176058143 0.829084396 0.973879814
    0.654307485 0.741067946 0.731389284 0.83490181 0.85061121
    0.172116578 0.193187803 0.0361584127 0.206565946 0.981037259
    0.312913209 0.582615256 0.474509805 0.595119715 0.614495158
    0.116685331 0.530034065 0.0289417803 0.549285948 0.855618119
    0.0258209109 0.906924248 0.491910994 0.207321167 0.337650806
    0.25018549 0.420840323 0.15181464 0.805976391 0.269611508
    0.134372383 0.156136155 0.085954994 0.152223796 0.891641736
    0.71718955 0.0115299523 0.0229264796 0.207540214 0.225463241
    0.178847224 0.570387602 0.724544525 0.978708744 0.274609745
    0.526485562 0.662372351 0.291199744 0.705368936 0.338228703
    0.447666019 0.269701123 0.153831124 0.867549121 0.811920762
    0.24422133 0.153755009 0.864614367 0.42289111 0.905336082
    0.384739101 0.0558398366 0.186078936 0.6711573 0.957179666
    0.197279364 0.730530441 0.208236635 0.53438735 0.736448348
    0.786229014 0.673539281 0.727832317 0.0904692709 0.504031956
    0.854946792 0.237486213 0.941177845 0.472538829 0.146477699
    0.402294397 0.315122813 0.227361321 0.14018473 0.101461321
    0.555115759 0.975967884 0.514089346 0.976873457 0.518253028
    0.755105853 0.505725741 0.510754347 0.647600293 0.22763297
    0.316571295 0.715934753 0.144000381 0.375216633 0.0975756943
    0.959708452 0.593266606 0.471897453 0.484143078 0.915190101
    0.239289433 0.822920918 0.321203291 0.625235915 0.809053421
    0.446856052 0.505571783 0.253199637 0.991087437 0.628890932
    0.782216072 0.4404217 0.613630414 0.680201054 0.617367566
    0.526107609 0.110685498 0.373008192 0.0496613979 0.305853337
    0.563468695 0.0415898561 0.59578681 0.576505959 0.135349959
    0.969213009 0.317446828 0.502402067 0.0177623034 0.731030107
    0.705919385 0.00159037113 0.0215099454 0.621614933 0.456175566
    0.905128896 0.0153661966 0.28145811 0.870089114 0.0708830357
    0.395148367 0.910703301 0.112453043 0.0748812258 0.811875224
    0.483053327 0.312890977 0.712776482 0.600920796 0.370285809
    0.962252378 0.481585383 0.323144257 0.332637906 0.953854799
    0.728529871 0.569743276 0.797307491 0.642540455 0.801116407
    0.928761125 0.38986519 0.448105931 0.31198132 0.857031941
    0.680668533 0.820483446 0.254298985 0.940094054 0.198897839
    0.177209973 0.239232093 0.304987788 0.514508188 0.395720214
    0.741140664 0.587638617 0.783370018 0.754007936 0.0334227681
    0.396991611 0.720170557 0.302527666 0.606722057 0.659966826
    0.529117584 0.0177501142 0.911077142 0.175066173 0.593903899
    0.650408268 0.945934176 0.198155612 0.153909445 0.180710673
    0.196032405 0.988163233 0.439879715 0.0668349564 0.338260502
    0.501758993 0.0183029175 0.447551817 0.972307563 0.745212674
    0.895702004 0.351824343 0.856750906 0.869548857 0.399910152
    0.478529662 0.211046487 0.575829983 0.341228634 0.131254226
    0.474962175 0.23619014 0.770779252 0.750521958 0.0231249034
    0.109569639 0.745898604 0.256781965 0.471645802 0.860529423
    0.281555831 0.000726103783 0.975262225 0.310752094 0.555429757
    0.407797217 0.460102499 0.655771911 0.622319221 0.804464579
    0.0502148867 0.468484551 0.679225326 0.304452181 0.66212678
    0.217310309 0.679556966 0.0983094573 0.578133047 0.865487933
    0.0120252967 0.253202319 0.5928092 0.331829518 0.709606409
    0.235020757 0.690060735 0.631753027 0.0448004901 0.633631885
    0.547294259 0.813568354 0.412504017 0.755746126 0.480557054
    0.681606412 0.551170349 0.911196351 0.599437356 0.107062191
    0.119607687 0.497792274 0.573306501 0.191797614 0.864344954
    0.0154607594 0.249552608 0.00725793839 0.346111536 0.386074364
    0.481801182 0.5822559 0.373032629 0.179072708 0.222714096
    0.353247762 0.408418238 0.788308322 0.0217333436 0.224889636
    0.293406367 0.473581791 0.835471869 0.998670816 0.298472106
    0.407592535 0.0283243358 0.00551527739 0.208014876 0.403735816
    0.236643851 0.62012279 0.969989896 0.131233931 0.106966853
    0.198148131 0.449625343 0.857884407 0.849726439 0.928650081
    0.4194929 0.904106736 0.316369295 0.176123559 0.983547091
    0.100865006 0.147821397 0.924430609 0.47445035 0.154613197
    0.951424599 0.291721582 0.0416952372 0.0675663948 0.283726841
    0.750797987 0.541195095 0.860805213 0.233831793 0.0387783945
    0.907302737 0.617653608 0.0947487056 0.387449652 0.563884497
    0.624938726 0.274712503 0.508632302 0.582582414 0.0825516284
    0.508559644 0.659974456 0.763970017 0.735180736 0.105199009
    0.00287395716 0.0984555781 0.287574351 0.048718065 0.231800228
    0.277960896 0.201707393 0.584918857 0.77646023 0.259453148
    0.00935676694 0.630107999 0.129593134 0.739487469 0.27370441
    0.786071062 0.0373584032 0.869505286 0.0866185725 0.249717265
    0.932898164 0.222972155 0.0899462402 0.311832905 0.185332149
    0.554310262 0.137101322 0.171660602 0.475375623 0.118327945
    0.591960549 0.288059473 0.540499926 0.139781833 0.961610794
    0.91774261 0.10508281 0.626107574 0.693630457 0.530001163
    0.454896569 0.464659691 0.713211775 0.826800346 0.334364802
    0.44968608 0.966325879 0.951216161 0.752716064 0.0873350203
    0.831347108 0.226642281 0.658934832 0.791713715 0.105157971
    0.0379211307 0.816079259 0.914362192 0.0886026025 0.163635761
    0.0139306188 0.177838326 0.462833434 0.376141995 0.594316661
    0.174671412 0.702540636 0.0620819926 0.444488168 0.789060652
    0.812454224 0.898110509 0.730686486 0.629782259 0.700892985
    0.533368587 0.302853644 0.546854079 0.234295487 0.159533441
    0.740743995 0.154545933 0.30225724 0.0695065856 0.567914248
    0.180528879 0.00800901651 0.319741666 0.551214099 0.877708077
    0.351096332 0.772606313 0.51194036 0.780298471 0.742099166
    0.00219872594 0.268299729 0.12540558 0.0807633698 0.665298402
    0.0962704122 0.696921587 0.34539026 0.0906533003 0.733299851
    0.543431759 0.884410262 0.942845285 0.638824582 0.0912318826
    0.700951517 0.370515496 0.841597438 0.990556717 0.156783402
    0.414941192 0.107872486 0.581784248 0.044105351 0.0133895874
    0.0684607327 0.537845016 0.105762482 0.909790874 0.554238439
    0.293272614 0.106179535 0.860409498 0.264111578 0.568717241
    0.894036651 0.943166018 0.00981453061 0.929539084 0.357869744
    0.0382205248 0.267411381 0.977719843 0.027970165 0.804476023
    0.166099638 0.893378317 0.0324416161 0.463863254 0.743422985
    0.365705848 0.595759392 0.594839096 0.950665832 0.95366627
    0.180945694 0.915894091 0.468094677 0.751573205 0.256541252
    0.1308164 0.974621773 0.253316551 0.819578648 0.709973872
    0.315750539 0.662617087 0.0879516006 0.335811406 0.651498675
    0.561269581 0.932979345 0.797343493 0.760823667 0.393627048
    0.257020175 0.290948629 0.00115558505 0.132237077 0.935760856
    0.960569024 0.805752695 0.274957716 0.241288751 0.88933742
    0.118345559 0.948674321 0.577041864 0.150715053 0.928384542
    0.150724739 0.655640781 0.407684505 0.24543947 0.124351352
    0.0948536098 0.664879322 0.681938052 0.586974919 0.950829029
    0.0728056729 0.282468796 0.135234326 0.602990866 0.037856251
    0.691317916 0.441984326 0.616814494 0.375615239 0.445901334
    0.801504374 0.730576634 0.992176414 0.588941991 0.343365371
    0.77332437 0.0966394544</data></test_img>
<my_img type_id="opencv-matrix">
  <rows>128</rows>
  <cols>256</cols>
  <dt>f</dt>
  <data>
    0.903949618 -0.316360712 1.21615267 -0.531375468 0.993288457
    0.151637137 -0.397235841 0.420830667 0.586587191 0.565701127
    0.26601845 1.01472759 -0.529619217 -0.226270705 1.78426969
    1.38847065 0.955465674 0.49535656 0.225901365 0.882737756
    0.147093654 0.00840175152 0.48912698 0.296091914 -0.571647048
    1.07583368 -0.123435199 1.47154498 -0.175307453 1.20398819
    -0.572169065 1.55254745 0.451879263 1.29657245 -0.10427326
    -0.472982347 0.0213886499 -0.470295638 1.65884829 -0.49391675
    1.51274133 1.02602601 0.728656888 1.04482734 -0.305115432
    0.876099348 1.39192641 0.721798897 -0.0908005238 0.0392102003
    0.733257473 1.28672969 0.9217695 0.441189647 1.59295249 0.313444018
    -0.296990365 0.445875704 -0.163749754 1.11786485 0.268494248
    1.16356897 0.991608202 -0.20118764 0.750653028 1.32204318
    -0.63096261 0.0172280073 1.4811362 -0.508297086 -0.250659496
    -0.580858648 1.04851234 -0.240841538 1.45536804 0.829640031
    -0.459837973 0.0447334647 -0.389436156 0.595427036 1.16578221
    -0.100806952 0.131297827 0.847061992 1.42907 0.119406939 0.863897622
    0.103096962 -0.184604049 -0.319692761 0.384943664 -0.203355998
    1.01825476 0.404081464 0.222077966 0.17326051 0.995888114 1.09797692
    -0.0871719718 -0.20227468 0.74680686 -0.512358129 0.233293295
    1.01846099 -0.202493966 0.257242024 -0.474889517 0.800349414
    -0.00520122051 -0.260834217 1.33705592 -0.444245905 -0.531150162
    0.404677689 1.40640295 0.100195944 0.498971999 -0.170664489
    0.00649690628 -0.227422297 -0.266155839 -0.414371371 0.999542713
    0.83659339 0.825872183 -0.292627215 1.08902836 1.48497069
    -0.135306895 -0.416937292 -0.160491377 1.66638827 -0.159054458
    1.30119896 1.55646062 0.107136846 0.287725568 0.982362568
    -0.159558177 1.38607061 -0.379319042 0.449493647 0.650531292
    1.61284709 1.61923766 0.673307836 1.10993302 0.439416468 1.39670491
    0.315330207 1.52868581 1.39528143 -0.234405965 0.307701886
    0.418302178 0.296393991 -0.105890095 1.42664123 0.685664356
    1.03345227 -0.563919365 -0.477603227 0.0527783036 1.17022574
    0.269974768 1.65139437 1.09139848 1.3405292 0.0926001668 1.44822395
    0.0275646448 1.35383081 1.52897859 0.134512484 0.663517833
    1.29620314 -0.424524605 0.343758225 1.17846918 0.718084335
    -0.339410722 1.57711804 -0.523260593 -0.00199979544 0.00770503283
    -0.49126333 1.10605407 -0.155558944 -0.30499804 0.359647274
    -0.760655403 1.42959619 1.53545117 0.212197185 1.4694891 1.01985133
    -0.439727664 0.654799759 0.148781002 1.62872314 -0.60125035
    -0.557480991 0.457381904 0.334948659 0.795241654 0.49126637
    -0.583788335 1.1173538 -0.368100941 1.2888968 -0.0927589536
    1.55757332 1.10013473 0.316886723 0.42522639 0.693972111
    -0.00448596478 0.442989647 -0.0388590693 -0.502379119 -0.439319491
    -0.0240023136 0.0900551081 1.13247013 0.70805645 1.57568574
    -0.375238061 1.1996634 -0.117862165 -0.524001122 -0.489377677
    -0.543999374 0.781347573 0.581182957 0.670024633 0.469123065
    0.349184275 -0.557157397 0.697914898 0.564914465 -0.495737106
    0.252348363 1.7104528 1.25773394 -0.475157976 0.537797928
    0.257780254 1.57572794 -0.637657642 1.15168059 -0.267872661
    0.411615193 0.598916888 1.42216444 0.390573919 0.467840374
    1.13232422 0.841270447 1.62878716 -0.227547497 -0.369062066
    0.106635571 -0.143983066 0.118918478 -0.129051447 1.1220777
    -0.277282447 -0.0790817142 1.21838474 1.62579203 -0.410720795
    0.0524271727 1.01737285 0.503080964 -0.0166095495 0.885937035
    -0.103368044 0.432968676 1.5863694 0.555574536 -0.148973286
    0.963781357 1.50565934 1.24511826 0.783939242 -0.436117589
    1.25428748 0.81689781 1.10385811 -0.0783590078 1.09486377
    -0.0615847707 0.55396086 0.210790575 0.360267639 0.412736952
    0.326517463 -0.349651605 1.10160089 -0.274189591 1.52067065
    0.118419945 0.781401932 0.994633794 1.63040757 0.561282277
    -0.542786658 0.0519637465 1.4805398 0.726806223 0.171651065
    -0.21576184 0.262707353 -0.315349787 -0.43537575 0.348351657
    0.286841512 -0.364024639 1.43838465 1.65268564 0.360969543
    0.399692535 1.4662962 -0.201075107 0.834087789 0.123297453
    1.03288853 0.760058403 0.300162673 0.0141304731 0.039226234
    -0.218065232 -0.170721471 1.15063202 1.39802837 1.24109125
    0.469739497 -0.700647414 1.04140747 1.09949565 1.37150359 1.16210771
    0.18699497 -0.419851094 0.675226629 -0.334263772 1.5991714
    -0.337545753 0.910481036 1.57217693 1.08293808 -0.514724255
    0.877094269 -0.0410603285 0.239288568 0.751178145 1.36023533
    0.382074893 0.71658659 0.624500394 0.476606309 0.786951959
    0.222564816 1.00491047 -0.0831688046 0.175899625 -0.079906702
    0.970523477 1.62693667 0.177412093 -0.414663464 1.58474565
    0.509179711 1.02919436 -0.695964158 1.48327053 -0.507504225
    1.46911526 0.00951528549 -0.485449642 1.15479708 -0.371556193
    0.412130892 0.262376606 1.50936174 0.00865083933 0.408663332
    0.0411817431 0.801049769 1.17204773 -0.561916709 1.21538258
    -0.579404116 0.164769769 0.955947518 0.339861631 -0.171243995
    0.992997468 0.508457541 0.961430132 1.50854659 0.415809751
    1.27166533 1.48919499 -0.687202096 -0.12445879 1.34902751 1.14784539
    -0.0753589272 1.23978877 1.6459868 -0.0550495982 1.43958724
    0.79005909 0.443524778 0.934759974 0.171288967 -0.455745995
    0.933509529 0.475283563 1.16976523 0.873546779 0.61729902
    0.0707250237 -0.359481663 0.0349294543 0.244689763 0.533260226
    0.111632347 1.39567745 0.425574422 0.831973672 0.052928865
    0.256982744 -0.107172549 -0.197946012 -0.258147448 1.54618216
    -0.23127234 -0.180650353 -0.313961953 1.60116661 -0.593517065
    -0.611839116 -0.598777294 -0.0832353234 0.341544509 1.45843995
    0.607529521 0.157415986 1.31640482 0.325890481 -0.0264440179
    -0.358635902 0.738581657 -0.522174478 1.10951173 1.33714879
    1.33684826 0.0237320662 1.02655935 0.253437638 0.864551544
    0.780434668 -0.106321573 -0.43480441 0.29332459 1.37703979
    0.97123307 0.489760697 0.513225019 1.47296083 1.10343862 1.21539164
    -0.0445013642 1.276088 0.82225579 1.61595261 0.676572442 0.65647769
    1.50545549 1.00499237 -0.458114207 1.4152348 0.570798159 0.589792907
    1.42740989 0.43675071 -0.442909956 1.44305229 1.06523168
    -0.282264352 -0.316530973 -0.144002289 1.37520337 1.66865849
    1.43477583 0.227551043 0.981071949 0.683686554 0.0673607588
    1.42006373 0.269498467 1.28612328 1.58986831 -0.0136377811
    0.639117122 -0.482070476 -0.0156952739 0.627796113 0.542931378
    0.615663469 1.32321858 0.46423924 0.83364284 -0.675448 0.350041986
    0.460370064 0.672840953 -0.0148186684 1.09451032 1.14636731
    0.414860725 0.983762324 1.55832744 0.384709716 -0.446403742
    0.217011392 1.1039772 -0.199172586 0.304990768 1.16038883
    -0.0601575971 0.314179301 0.058565855 0.918712735 0.349614322
    0.0790685415 1.5138365 0.545826554 -0.204767466 -0.296658635
    0.08004421 0.136197686 1.6626339 1.0808053 0.405339181 1.4502461
    0.452462852 1.47921968 0.434733093 1.64696741 0.45975697
    -0.193235815 1.11722445 0.360139012 0.0496609807 -0.0507091284
    0.999907255 1.13904846 -0.257818431 0.550770462 -0.444497555
    0.53467828 0.251416087 1.32010412 -0.511801124 0.777244866
    0.962983191 0.971152782 -0.353932232 0.294478476 0.381347477
    1.66049051 -0.401494056 -0.186824232 0.421820581 1.39352846
    -0.115359366 0.993261278 -0.166932642 0.0304899216 0.211856484
    1.02310109 1.45651948 0.378371119 -0.0122588277 -0.0682227015
    0.718366444 0.374366641 1.56560922 0.572239161 1.57222819 1.02248597
    -0.43185252 1.08285332 0.11768651 0.774225235 0.175151229 1.14115059
    0.989121616 1.31861043 1.12215507 -0.458463073 -0.411540657
    0.462715268 -0.172745585 0.20946455 0.968961716 -0.00178152323
    1.40296292 0.34476155 0.0690948367 0.656102836 -0.0300231576
    -0.340281159 -0.0464091897 0.716560304 1.66892576 0.287518919
    -0.224884063 0.0743405819 1.01163042 0.847237408 -0.430479825
    0.848353803 -0.423408806 0.949365079 -0.489508033 0.878750563
    0.706152916 1.3068186 -0.0871355534 1.19315898 -0.078887403
    1.51071882 0.0679386854 -0.125591099 1.22160983 1.20594585
    -0.588652253 1.07891464 -0.400544703 1.56305015 0.127228916
    1.24378455 -0.570390642 1.20884609 -0.345369011 -0.495852768
    0.883055866 0.887081623 1.6205709 -0.620365977 0.383242905
    -0.256790698 1.6855067 -0.628490031 0.277878404 0.310972929
    0.659852803 0.835784674 1.49866462 0.575129271 1.59529006
    0.493464887 0.0873370767 -0.404703975 0.584247947 0.378842354
    -0.258768559 0.39403218 1.06591272 1.11657035 -0.180322766
    0.59408474 1.11199975 0.824128568 0.409814537 -0.296512961
    0.136837065 -0.359691143 0.964112401 -0.184221089 -0.499706209
    -0.334578753 -0.267387927 -0.45177868 1.15305638 -0.0531944633
    -0.519034028 0.752211869 1.43974519 -0.579827964 1.13894367
    -0.53998065 1.60218036 0.899200141 1.67730021 -0.245726168
    1.53724873 0.95221591 1.44485676 0.840670586 0.775974095 -0.1690799
    -0.0190603733 0.80530864 0.800305307 0.607580841 1.29059386
    0.211118519 0.483224571 0.623583198 0.268173993 0.375974178
    1.25214052 1.24455786 0.347494483 0.154088318 0.219543338
    0.0295937061 -0.482646883 0.374417424 0.812788486 0.887994289
    1.11460519 1.10696137 1.09132195 0.276807368 0.639386475 1.56857419
    0.161601305 1.58866262 -0.466599464 1.50350857 0.0659703612
    -0.185188264 -0.105989099 0.552497208 1.55711079 0.0255098343
    1.72038507 -0.526004314 -0.419676721 1.47794163 1.35147953
    1.07824159 -0.633316815 0.159548402 -0.495111167 1.18026423
    -0.652743936 -0.156869531 -0.542459071 0.924170613 -0.397080749
    1.62372613 0.103875995 1.10044456 1.05608487 0.331092238
    0.000181496143 -0.636133134 1.32629144 0.713269413 0.399077892
    -0.399942458 -0.466930836 0.559365809 1.40128875 -0.431490511
    0.7266047 1.63902056 -0.202234209 0.104973972 -0.392437398
    1.20010066 1.12328374 -0.157707632 0.444844127 -0.154036283
    -0.41095084 0.169358134 -0.415734947 -0.398341328 0.954147637
    0.236713827 -0.353968918 0.572279632 0.727363825 1.46490479
    0.673743784 -0.313435167 0.304984927 -0.298602849 1.25145483
    -0.498563766 -0.200990081 -0.517551541 -0.541997254 -0.364500761
    0.773687899 0.786562264 -0.574474275 1.63542438 1.01383066
    0.368698299 -0.619453073 1.08228064 0.881628275 0.480212808
    0.0710639358 -0.13752687 -0.334876835 1.12086248 -0.686214089
    1.05490351 0.0824556947 -0.0150427222 0.199735105 1.44055879
    0.133953393 -0.632665873 1.21690321 1.62459385 0.581735075
    0.527865171 1.38980854 0.87866497 -0.0528367162 -0.561598778
    0.757898331 0.736841917 0.786668181 -0.299054354 -0.226609707
    1.40206981 0.616637826 1.35566878 0.0809870958 1.58917236 0.21119839
    1.03442311 1.45150542 0.585675776 0.346646607 1.49019527 -0.30642724
    -0.466079801 -0.0956388116 0.300876558 0.162981629 1.39661193
    -0.0544723868 -0.579385102 0.70361042 1.58413815 0.481261849
    0.403506875 1.36140633 0.197782159 -0.622338653 -0.0517675877
    -0.0214509964 1.28182054 -0.571053147 0.198310912 1.38813901
    0.795139849 1.43287134 -0.368264824 0.88250649 1.58430672
    -0.515630066 1.42126632 -0.369833559 0.595788419 -0.0759613514
    0.761965096 1.43863845 1.09385049 -0.273996592 1.17316484
    0.608910084 0.560322702 1.31640005 -0.28441444 0.93277669
    0.869733572 -0.628897071 0.837062657 0.188747704 1.2217406
    0.774973273 -0.616120517 0.729855359 0.425089896 0.415077627
    -0.282747209 1.49703586 1.05258751 -0.519370079 1.2934854 1.1811223
    -0.117378771 1.06986022 -0.36059916 0.873692036 0.260583341
    0.935549617 -0.425674736 -0.528006554 0.114186108 -0.037833333
    0.0932916403 0.261018693 1.27399182 0.982704878 -0.451277912
    0.72550869 -0.176258504 -0.569551289 0.278082132 0.240597963
    0.413417995 0.81253016 0.463893473 0.226953089 1.50578666
    0.436236799 0.167863309 -0.42338711 0.28031826 0.23448509
    0.0185992122 -0.477360189 0.887328684 -0.245512307 -0.527390718
    0.00948190689 1.2493875 1.24932766 -0.252937257 0.779284537
    -0.094130218 1.60209846 1.22568893 0.455549598 0.398174882
    -0.0159379244 1.53909349 -0.000984847546 1.1422317 -0.55383724
    0.758035779 1.36021614 0.7241593 0.0605839491 -0.328065097
    0.900937915 1.16216719 -0.189151585 -0.103661954 0.357219577
    0.0741320848 0.131364822 0.965309858 0.477025211 0.216336966
    -0.328412503 0.841524839 -0.594052315 0.909307182 1.45196521
    1.57593632 -0.528102934 -0.463039398 -0.301352471 -0.498815686
    -0.60255903 0.423927724 -0.496836007 0.145621955 0.667587698
    1.23556781 -0.286287576 0.272363067 -0.447560012 0.964614809
    -0.169631779 0.0762920976 -0.398408651 -0.641002417 -0.0361995697
    0.917454183 -0.0162071586 1.55069828 -0.445218831 0.366768003
    -0.340323657 0.94968462 1.49106777 0.111457169 -0.307125628
    1.5880456 0.901091754 0.886170089 -0.169144332 -0.604052722
    -0.534653306 0.906247258 1.36643934 0.397250533 1.17818141
    0.825632751 -0.212243676 0.625969529 1.56597686 0.765944242
    0.053458631 -0.370134264 1.28511035 0.498473287 -0.450783968
    1.57382488 1.06399155 -0.475764811 1.56167722 1.44600773
    -0.206042171 -0.255768538 -0.0100728869 1.03929019 -0.163625807
    0.548344314 0.593951941 0.221819758 0.578300178 0.729074061
    0.930878043 1.24690652 0.99930948 -0.203380764 1.39882684 1.46869862
    0.996722817 0.848816037 -0.694535911 0.559775472 0.687883735
    0.62956506 0.161921203 0.58440727 -0.387173116 0.41725862
    -0.204481184 1.11331511 0.225586474 0.363874376 0.164611161
    0.78744936 -0.370250463 -0.170511693 1.06879401 0.491051614
    0.154738903 -0.394998372 0.732906044 0.425086558 1.42812896
    -0.255989134 1.38643885 -0.580029368 1.28078508 -0.405631244
    0.41987884 0.668955386 1.50836086 1.15425789 1.44036889 -0.556642175
    1.26482725 0.821427047 0.814732671 1.19096208 -0.541308284
    1.60917938 0.0764501095 -0.5966416 1.25081229 1.49050331 1.59233475
    1.21677005 0.55458957 1.29869986 0.725918174 0.763270915
    -0.427838266 1.0862186 0.721224248 -0.45132795 1.5612464
    0.0411258936 0.876757264 1.49729204 -0.217274368 0.310374975
    -0.542275548 1.2149663 1.28830957 1.48146176 1.49696445 1.42378771
    -0.122541428 1.43870473 1.56021881 0.953241408 -0.0758048296
    1.6832726 0.407212138 0.784112334 -0.258733571 1.052163 1.41954446
    -0.669179678 1.40417027 -0.135876954 0.612281203 1.00872922
    1.33004773 0.567503989 0.236804128 -0.590201378 0.787971914
    0.340178251 0.302840829 0.198863685 -0.376083523 1.24970198
    -0.424186528 0.0945654511 0.674525261 -0.148131996 0.263678253
    0.814148605 0.507338881 0.0788755417 -0.304577827 1.41400099
    0.62214148 1.33484149 0.135733604 -0.606922686 -0.365881175
    0.923052192 0.349397838 0.862674773 1.0311048 1.26288998 1.10228205
    -0.23872754 1.26003158 1.10672081 -0.56174624 -0.0914437771
    -0.334868014 -0.381919473 0.554606736 1.26708889 -0.27100727
    -0.3723225 1.0116719 1.13158703 -0.441590399 1.29382968 0.324504673
    0.152638197 -0.147976339 -0.0583565235 1.69579482 0.414658666
    0.191753626 1.56081748 0.984578311 -0.479932249 -0.615557849
    1.29816914 0.0703774691 0.491984546 1.52607298 0.734231651
    1.68140697 1.58956575 1.27270293 1.36110783 1.65464664 -0.629564404
    1.47276044 0.0910068154 0.492076099 0.254373372 -0.178830475
    -0.134668231 0.749200761 0.765924096 0.203322768 0.135846436
    0.986732304 1.06604993 0.457110047 1.16232848 0.750384986
    -0.118226707 0.658720255 1.07938957 1.5694418 0.194446743 1.20853877
    0.157710969 -0.129610747 -0.362922847 0.963732958 0.0646541715
    0.452521443 0.53220582 -0.43952781 1.5288887 1.32272553 0.465556979
    0.854673386 0.00234049559 -0.362466514 -0.35641858 1.58370209
    1.62017584 0.484426618 0.642592669 0.320571303 1.49538016 1.28933644
    0.460995555 1.07504344 -0.502111316 -0.538443208 0.286984622
    0.469151497 -0.349855304 -0.118647218 1.55641246 0.175109267
    1.49524033 -0.516280532 1.34833241 -0.0720617771 0.355845213
    1.16633224 -0.427839518 0.937824249 0.234605014 0.0444838405
    0.416035056 1.18016601 1.13564026 0.0389339328 0.898732781
    1.30253792 0.941268682 -0.112524748 -0.599727035 1.03763986
    0.696988225 0.257297039 0.00378632545 1.35363185 -0.567389905
    1.21873474 0.817187309 0.32458508 0.950118959 1.42047071 1.34413099
    1.07060862 1.55662954 0.957048476 1.25939047 -0.48854658 1.58688927
    0.247027218 1.10307407 0.380669475 0.629677534 -0.231204063
    -0.310849905 -0.474050581 0.837226033 1.43323612 0.498894036
    1.09523141 1.16568971 1.05443025 1.3068006 1.20223701 1.32921839
    0.644558251 1.26430058 0.911732495 1.48246753 0.536570191
    0.453352034 1.46448231 1.63366389 -0.0988179445 -0.0798703432
    1.35543346 0.0631386042 -0.296209067 1.49686861 -0.156687677
    0.168108106 1.18428016 -0.562887192 -0.329735219 1.34907365
    0.43501097 1.54300714 0.65615052 -0.187462866 1.09455347 1.36876142
    0.919234395 0.747425258 1.20854664 0.524783731 -0.534933388
    1.57032442 -0.146730244 1.28162527 0.47099936 -0.245691448
    -0.0930199623 -0.438317686 -0.401513577 1.22025371 1.57998633
    -0.419888556 -0.197059751 -0.389066756 0.153615713 0.155478716
    0.470058501 -0.0887106657 -0.601472735 -0.156753182 -0.258075237
    0.878494084 0.840296924 0.51900363 0.452609599 -0.64926213
    1.49333143 0.58965826 0.589400351 -0.335028172 1.45136738 1.04646039
    1.052068 0.993495286 0.991032302 -0.577133 0.526493251 0.376053393
    -0.161940455 0.638880491 1.70361066 0.500940144 -0.486787736
    1.62559485 0.40675801 1.65504527 1.32358587 1.53010213 0.262813985
    -0.521036386 0.63437593 -0.0829788446 -0.163506687 0.839260876
    -0.540383279 -0.528823256 1.51390553 1.39481068 0.224042594
    0.12254101 1.23781681 -0.14997077 0.976903439 0.426305175
    -0.50094831 1.29559064 0.0915024281 0.0912969112 1.64111304
    -0.0886423588 1.62108445 0.446802795 1.61791575 1.50533211
    -0.542222619 1.54674792 0.959941924 -0.438572049 -0.388596922
    1.44949126 1.46501565 -0.515953004 0.921090424 0.286088109
    0.0585696697 1.39922404 -0.182430446 1.6391995 1.20860219
    -0.147387534 1.4926362 1.30216932 0.692680538 0.337809801
    -0.0603808165 0.233380675 1.57345879 0.789792776 0.402085841
    -0.0208116174 0.747072339 1.47392952 -0.500881255 -0.0259820223
    -0.130562663 -0.548003078 1.06570077 1.64935029 0.894888759
    -0.0657280684 -0.125456452 0.0631579161 1.28042054 -0.0100454092
    -0.211451381 -0.0432307124 0.788638353 -0.526275039 1.54187441
    -0.180937737 0.366673052 -0.11738497 1.59781623 0.186974168
    1.21163905 0.443693817 1.68738556 1.51190615 0.00804632902
    0.593295634 1.45500433 0.0909155011 1.00951815 0.651630878
    0.511226594 0.799223483 1.10319018 -0.112561584 0.0566377044
    0.536945701 0.226002932 0.564177215 -0.256370068 1.15788531
    -0.284473717 -0.450072706 0.45513314 -0.528315067 0.886033833
    -0.132037401 -0.219582647 0.640511215 -0.401352316 1.43419552
    1.11221194 0.968026578 1.12213886 1.65625119 -0.577617466
    -0.197761059 1.01875114 0.025821805 0.106232047 0.53502804 1.1254971
    1.62019587 1.1996398 -0.14190048 0.975826621 0.720504045 0.920084655
    1.03021789 -0.524091542 1.20148706 -0.325416386 0.639202535
    1.46115637 -0.0158138871 -0.289692223 0.545137227 0.420535207
    1.20803523 0.698293447 1.19194806 -0.126419604 0.590097249
    0.626274884 1.67153883 -0.543382823 1.13352013 -0.234738529
    0.080311954 1.31101084 -0.416049689 0.0606476068 1.62234712
    -0.286517382 -0.161535233 1.06883574 0.0650766492 -0.294706434
    1.04784465 0.806951523 -0.366845101 1.3179965 -0.0883541107
    0.874958277 1.22292745 -0.614765823 0.389552712 -0.53031069
    0.759302557 0.755858243 0.836886406 -0.277299196 -0.269495696
    1.37584066 1.13941813 1.30473876 -0.633439481 0.778874815 1.0356648
    1.43360078 0.751669466 -0.163524806 0.119492114 0.488496244
    1.11838961 1.44411528 0.637194276 -0.200628936 -0.367494255
    1.64232874 1.32821178 1.39367104 0.511504352 0.353832006 0.18707943
    -0.606877208 1.07923269 1.45891988 0.153840959 1.48041713 1.19030249
    1.52903676 1.41128898 0.310373604 1.34050441 1.39046502 0.560688555
    0.121116221 -0.341376096 1.52576995 1.59094882 1.3721633 0.930844545
    -0.700112879 1.27443731 -0.417111784 -0.178296328 0.0166571736
    -0.493910074 0.387407184 -0.590139151 0.172223806 1.23527288
    0.792479992 -0.0689219832 0.505106449 0.0495515466 -0.580944777
    0.399842739 0.427374244 0.401612937 0.247732282 0.955319166
    1.53761888 0.295293152 -0.468366116 1.13782156 -0.364025682
    1.40664589 0.769900501 1.01294374 1.09022558 1.2425251 -0.314637423
    1.23933744 -0.501687288 1.27774024 1.59965611 0.31446743
    -0.260081798 1.48074031 -0.486432761 0.635831535 -0.0717377067
    1.04595184 -0.434680939 0.726582289 0.894239902 0.354997814
    0.162818432 0.911942601 0.581179082 0.536446333 0.206792474
    0.777113259 1.54098201 0.0428529382 -0.229607224 0.34112072
    0.386643827 1.76353514 0.543814182 0.491524518 -0.582299471
    -0.510496855 0.778114319 0.939552128 -0.542220294 1.55273831
    -0.276848406 0.584424019 -0.421394706 0.414839208 1.58626914
    1.56139708 0.44360584 0.0435623527 1.15581346 0.168835938
    0.584135175 0.353958845 1.10844529 0.14820683 0.909709215 1.32558703
    0.11632818 1.07773769 0.371108055 0.208866477 -0.0862115026
    1.2170372 -0.485276282 1.66805458 0.831661463 0.718317151
    0.722489178 0.510011852 0.078365922 0.182341337 0.613001585
    1.28023839 0.923564553 -0.396262199 1.37993026 0.278550088
    0.383465469 -0.0470693111 -0.295342624 1.48006654 -0.0486031175
    0.927938461 0.186771989 -0.0152873993 -0.523677707 -0.302685738
    0.139769375 0.505698264 -0.0622101426 0.385674655 0.400295854
    -0.0650319457 0.910916626 -0.602053761 1.61801815 0.0659554601
    0.554616392 0.845245779 1.30087805 -0.151706338 0.736800611
    1.29887486 1.04055405 0.149542332 -0.217391849 1.19885945 1.07378376
    0.75222981 -0.343713075 -0.271264821 0.916372716 -0.0362362266
    0.376839161 -0.0193324685 0.679905474 0.598107934 0.541132212
    -0.245037109 1.27163601 1.38383198 1.0325675 0.169654489
    -0.124630272 0.0744107366 0.406068563 1.57696176 0.169825613
    0.135614932 0.266945481 1.65505123 0.280868649 0.967277646
    -0.495052516 0.868261814 1.05999827 1.44241571 1.29880357
    0.307216525 0.544205189 0.2409392 -0.307410896 -0.478487253
    0.381299675 1.44920397 1.64882588 1.33019018 0.271545351
    -0.355237871 -0.53107512 -0.543646872 -0.0905396938 -0.553478062
    1.70515203 0.537196636 0.261872411 0.961153865 1.05523884
    0.601572752 1.20048881 -0.435149789 1.15051484 -0.15007323
    0.183346093 -0.24075228 1.34724736 -0.5069682 1.44850612 0.912534475
    0.0314379334 1.49467254 0.275266767 -0.539598763 -0.493518293
    0.286241829 -0.373468339 1.17777061 0.368887186 -0.634251535
    -0.227261305 0.930525482 0.851523876 -0.750523806 0.28192246
    1.62193763 -0.167107999 0.0938044786 0.243480921 0.857365847
    1.29062271 0.955710769 0.378409326 0.213800907 1.59615946
    -0.649426639 -0.270069659 -0.185257554 -0.687207341 1.43450284
    -0.0364316702 0.269185603 -0.677220941 0.462797165 1.04887247
    0.179496229 0.668875277 0.494295359 0.283837676 0.801921189
    0.329505146 -0.020694375 1.36204553 0.558421433 -0.360152066
    0.21891588 0.149715424 1.41938412 -0.747372746 -0.214003026
    -0.0194348693 -0.325615078 0.489359558 1.43106341 1.27013135
    0.904850602 0.741566241 0.669106305 0.263690412 0.489881992
    -0.465544701 -0.00977325439 -0.218850881 1.10139167 -0.2261976
    0.0978774428 1.05710244 0.571757495 0.443656087 1.30531895
    0.31991905 0.533537209 0.510298669 1.66267025 -0.356964439
    1.18244481 0.432384133 1.2166121 0.0326930881 0.166436732
    -0.438448042 -0.279114485 1.27213728 1.0381037 0.751109004
    0.0783683658 0.399182379 0.350593865 1.35434914 1.35994124
    -0.300295651 -0.670985579 0.0881183147 -0.102888286 0.775369048
    -0.1767205 -0.078335762 -0.557877421 -0.0713661313 1.12782717
    -0.197885603 -0.116199672 -0.119183183 1.04203677 0.953815699
    0.462689161 1.12450647 -0.632949173 -0.114885271 0.945095241
    0.281395257 0.682871044 1.58689892 1.17492259 1.00728488 0.773370981
    -0.471401811 -0.446433365 -0.61625731 -0.204805523 1.53821325
    -0.104527622 0.432847679 0.523774505 0.298697293 -0.177909255
    -0.209022135 1.0848726 0.13211453 -0.340225011 0.836772919
    -0.419728547 0.233464122 1.04833722 0.345416427 1.34555459
    0.364687979 1.34840238 1.60544872 -0.49665302 -0.540589571
    0.554863989 1.45881903 -0.681781292 1.17753696 -0.10907656
    0.233995557 0.244112194 -0.404865265 1.27011335 0.361336172
    0.102213025 1.46423578 1.00486112 0.303029478 -0.147934556 1.6103102
    -0.26704067 0.948656201 0.510030389 -0.00168853998 -0.361403078
    1.51375842 1.63667798 -0.269455373 1.45214438 1.02229249 1.38338399
    0.996126473 0.835888267 1.66519916 0.376279056 -0.548319578
    1.55032623 1.35106087 0.517602742 1.19458461 1.143152 -0.378314227
    0.469703674 1.50999856 0.982155085 -0.178441375 0.684428513
    1.39220476 0.402129352 -0.37575525 -0.51769793 -0.196127295
    -0.251624495 0.987253964 -0.0714008212 -0.668582082 0.610302627
    1.33772695 0.904644907 0.280371189 -0.525391877 -0.555383265
    1.1367569 0.954584301 0.0832204819 0.863962829 -0.218984187
    -0.40544185 0.66527915 0.97408545 0.86186105 0.820882857 -0.37307027
    1.43142128 1.17418957 0.579049587 -0.148243487 0.728582621
    -0.631450057 -0.508414328 0.997707546 0.401186228 -0.187558681
    -0.254546762 1.054245 0.0874858499 0.691545188 -0.076566577
    -0.592154264 -0.66066277 0.698191345 0.105022192 -0.649808586
    0.713907063 0.92414242 1.11111927 0.884861171 0.440644562 1.64963067
    0.285797119 1.20465851 -0.409175038 0.553358734 -0.411077052
    -0.433030665 -0.580711722 -0.518393755 1.35864282 0.63524133
    1.33120286 -0.274910867 1.36350441 0.709878862 1.0794692 1.37492037
    -0.0209588408 -0.674271047 -0.561434627 1.45225537 1.34640276
    0.109434664 -0.191402435 1.6361208 -0.339433283 -0.269099027
    0.28341043 1.0506227 1.13728952 0.489585578 0.676951647 0.918834209
    0.931513429 0.856063366 0.722002983 1.53954101 1.56576443
    -0.170789242 -0.354708314 0.821690857 0.822602928 0.641404033
    0.206586301 1.68360341 -0.423496366 1.62277186 -0.107298315
    -0.0920212269 1.40391374 -0.266020834 -0.449707508 0.692164481
    -0.607411265 1.47410297 0.958073556 0.516177356 -0.111118376
    0.264487445 0.0421978235 0.73177141 0.0522050858 0.246819079
    -0.51236248 0.248185277 1.45063305 0.321456194 1.45628536 1.1715889
    0.274444401 1.18496823 0.345260799 0.43838197 0.1301893 0.70841372
    -0.642998099 0.510640144 1.37100971 1.08071876 1.15178204
    0.408922493 0.895930946 1.31747317 0.717980146 1.08202136
    -0.158587515 1.3940537 0.119800806 1.20259595 -0.259160757
    1.10524368 0.0482004881 -0.557587504 1.52933264 0.639273226
    1.44762087 0.18599391 -0.127742767 1.58354998 1.09068155 1.13531685
    0.400531709 1.01730502 0.23682791 0.0797540545 0.317565918
    0.878664255 1.2480371 0.515914142 0.0665944815 -0.564145207
    0.2780599 1.00356102 0.981029212 -0.35503298 -0.305813164
    0.934601903 -0.315986842 0.247806132 -0.278723866 0.265695453
    1.1657033 -0.390226483 0.61637181 0.939651132 0.0962250233
    0.21296078 0.947710752 -0.540257692 -0.118323267 -0.0764814019
    0.616056085 0.573601067 0.872736573 0.257390738 -0.134661794
    -0.302534103 1.20008373 0.877597153 -0.397351503 -0.103904426
    0.660672843 -0.4850263 1.00174749 0.213216066 0.66269362
    -0.163880557 0.784507751 1.53905368 -0.397430331 -0.14872241
    0.177943885 -0.613505006 0.358597279 -0.501647115 -0.403158724
    0.456064999 0.256251395 -0.419440687 0.00390142202 0.204037726
    0.131173551 -0.349120617 0.689197958 0.846799016 0.620791018
    -0.0713636875 -0.526378334 -0.070197463 1.65288234 -0.0261563659
    1.39911211 -0.399689645 0.209137857 -0.124989271 -0.325714201
    0.310223281 -0.322591424 1.17212427 0.665412188 0.699365914
    0.583219111 0.574636161 -0.13912797 0.0770787597 0.698960066
    0.643403471 -0.469162703 -0.0358443856 0.0866938233 0.177336574
    1.46835136 0.782822549 0.479959071 0.775311172 0.220690072
    -0.117389262 1.36589885 1.56192684 -0.0683144927 -0.0584955812
    0.512395442 0.33942306 0.191657662 0.189878821 1.58949304
    0.621461451 0.0653080344 0.824064493 0.0797500014 0.240775883
    -0.35234949 0.458015561 0.833567917 0.105559409 -0.0515015721
    -0.606381118 0.183434427 1.03193426 0.272905767 0.77528739
    0.431152284 0.628359258 -0.0811938643 0.512889028 0.304860771
    1.61029029 1.2574966 -0.286782414 1.50926852 0.247349501 0.873526752
    -0.0669657588 1.20499718 -0.485808015 0.95657438 1.26965225
    -0.659945786 -0.274913907 1.58204019 0.296407223 1.18682766
    1.07588732 0.373046935 1.25138617 1.19717526 0.694876909 0.907994986
    0.427145243 1.51376081 0.44364661 1.05864429 0.799471796
    -0.558388472 0.548993528 1.39195132 1.65852284 1.66414917 1.31827044
    -0.489464939 0.527803659 1.06322408 1.60048532 -0.172258198
    0.769315958 0.964928627 1.33523762 -0.1561988 0.771167576
    0.0120503902 1.23761773 0.552822292 -0.709245026 -0.368895978
    0.778547764 0.86811173 1.4249537 0.327729881 0.344907105
    -0.231797457 1.16887057 -0.280396253 1.60318851 -0.212654471
    1.59475136 -0.3157323 1.29673171 -0.302434474 0.518489718
    0.116143882 1.6583854 0.0775285363 -0.0295947194 0.597483099
    -0.558558166 -0.158164799 0.556838214 0.725283146 -0.564272523
    -0.56657815 0.896997392 0.699832916 0.783906341 -0.524973929
    -0.0604724884 -0.533016682 1.30389047 1.66168118 0.28209579
    -0.540082514 1.61116529 1.31137586 1.20287764 0.0440342426
    0.0520822406 0.292602599 1.2753222 -0.214936733 0.940488577
    -0.700940669 -0.250084341 0.926981747 -0.0322673321 -0.137229085
    1.47260141 1.31481183 1.14489353 0.298476696 1.09268665 0.503412247
    -0.400296479 0.942373753 1.04066896 -0.177096844 0.47903204
    -0.520392776 0.0843681097 0.243305206 -0.194125742 0.244894445
    0.749703526 1.63999844 0.400965095 1.32734537 0.948016286
    0.807807267 0.597623706 0.486455381 -0.249065489 0.699604034
    -0.386839241 0.166158736 1.18151426 -0.325758338 1.18011749
    0.354251504 1.32645071 1.26111519 0.75466454 1.14076984 -0.542428374
    -0.699151099 0.847794771 1.35678637 -0.231611013 0.315321505
    0.921692491 1.37996507 0.258063376 0.758537769 0.307753801
    0.691193163 0.157801628 -0.548961878 1.4884702 1.05807877
    -0.333527893 0.516939402 0.97417438 0.855517685 -0.311164081
    -0.0494631529 0.925168276 -0.18180716 0.438182175 1.58477116
    1.13760126 0.997815907 0.957167685 0.724575043 0.759374082
    1.10229588 1.26455712 1.27392352 -0.0300527215 0.983888447
    0.208987176 1.72544575 1.66743159 1.48041201 0.74182862 -0.463144243
    -0.228536725 -0.530537665 1.6618464 0.625146508 0.691255987
    0.151764393 0.81031394 1.59538746 0.340245664 -0.299461603
    1.30174971 0.825642467 -0.189108551 1.13237715 0.589931667
    0.504066408 -0.541047454 0.382867634 0.33907187 1.05259109
    1.21889341 1.61793923 0.211871505 -0.172892988 -0.12345767
    0.303205371 -0.111788571 0.608563542 0.860272527 1.13321769
    0.0356746316 -0.142267585 -0.567339003 1.61334085 -0.0669713616
    0.460881889 -0.680455685 1.33481717 1.058658 0.135141253 1.21273422
    -0.14002037 0.384022534 -0.195716977 -0.610444069 0.153814793
    1.62809539 -0.189447433 -0.396590948 0.465688467 1.16060662
    0.225356519 0.0395817757 1.50606549 0.574380815 -0.156613767
    0.552002907 1.35109556 0.136083484 1.01462054 -0.703330636
    1.50802374 0.897447944 1.48693871 0.54084301 0.785250604 1.07555962
    -0.114022315 0.493947387 -0.244695276 -0.226700485 1.23739541
    0.354221702 1.47163033 -0.00358885527 1.05484068 0.478976667
    1.25819921 0.388963878 -0.133264661 0.101312041 0.329085946
    -0.237119615 -0.43064642 -0.0925620198 -0.382601529 0.598944306
    1.10525966 1.6643827 0.338081062 -0.0845756531 1.52054358
    0.277694345 1.62741816 1.33187091 -0.613551676 0.732078254
    1.11648011 0.204048634 1.08248925 0.63096559 1.56652868 1.14954948
    1.31238413 1.13966727 0.149370253 1.31401491 0.737544954
    -0.284595311 0.393085361 0.31654501 1.35153937 1.43066907 0.4535864
    -0.495637327 0.616005898 1.64166343 -0.305665791 0.288975716
    1.58752704 0.813036919 -0.656615913 0.0990160108 0.537151456
    0.735975027 1.11685753 0.665224195 1.06023788 0.572786391
    -0.0715683103 0.681182683 1.32604122 -0.664522648 1.05805647
    1.19977832 1.35159397 -0.293344706 -0.252657413 0.557934999
    0.639006615 0.434420526 1.27665365 -0.605820894 1.56643832
    1.34693384 1.40634644 0.986785889 0.0860114694 -0.486763865
    0.688449204 1.00827062 0.0988438129 -0.457198024 1.17652726
    0.0929031968 0.0699429512 1.02288818 1.3278749 1.54030073 1.56644416
    1.07324433 -0.530830324 -0.397193283 -0.0639548898 1.27519691
    0.877113521 0.0580973029 0.0161013007 0.884764194 0.298369586
    1.00113273 0.301393092 0.242707729 1.02534652 0.802465379
    0.691820204 0.366122425 0.546386778 -0.313807011 1.33330536
    1.46550333 1.11772883 0.269712508 0.36635524 1.518134 0.0671082139
    0.955668867 0.519687116 0.243710935 0.816899419 -0.139562964
    1.46198153 -0.0460018516 -0.0208282471 1.13318777 -0.534091294
    0.939428806 0.635185003 0.740051806 0.00740331411 0.880525589
    -0.433573306 0.799616873 1.51262975 -0.0852846503 -0.700106204
    1.30826294 0.508844852 -0.533669949 1.41823745 0.26255703
    0.198294044 0.0650168657 0.746243298 -0.329655141 1.0411253
    -0.0394864678 0.403569996 0.692931235 -0.0911976695 0.446120679
    1.01838946 1.60216522 0.522800446 1.43492639 0.181085765 0.720403731
    -0.303247333 0.642098546 0.797408104 0.934435487 0.0662422776
    -0.348781556 1.51781356 -0.0179561973 1.26628709 -0.489335984
    1.32606101 -0.667022943 -0.332314998 -0.165862679 -0.0953549147
    1.04340744 0.86650455 0.18689853 0.760109007 1.23769951 1.58051753
    0.433259785 0.448978603 0.432846248 -0.460603058 1.21149695
    0.205977559 -0.465455204 -0.505632281 0.667230844 -0.537482679
    1.10099149 1.35293484 0.0322423577 1.41287398 0.878332794 1.20254469
    0.424007297 0.735460818 -0.645942807 0.468810022 0.142061532
    -0.614403009 1.13861084 -0.312271923 0.928670466 1.27885175
    1.01080823 0.0498253107 -0.701540709 1.12198997 1.52966785
    1.29461956 1.46378207 1.0598197 -0.522156894 0.251965702
    -0.393985093 0.968298614 1.21292269 1.49292469 -0.705857038
    0.777485013 1.07503808 0.2273525 -0.23171711 0.151082218 1.24570131
    1.30299354 0.515751839 1.19176626 0.430509448 -0.219423115 1.3650583
    0.49315083 0.951717377 1.13155079 0.663646162 0.46854651
    0.0810335279 0.748753726 0.519768238 -0.0827811956 -0.559035063
    -0.0461303592 1.31253242 1.58221602 0.0335965753 -0.64715445
    0.0772323012 0.635893643 0.552811861 -0.0838474631 0.268946052
    -0.356471151 1.58061862 0.963208556 -0.406699061 0.921836853
    0.158527732 0.671063244 1.09085798 0.62049824 0.570708871
    0.269118667 0.604653418 1.60290301 1.53949022 0.392297924 1.6512239
    1.29412317 0.12588042 0.409426212 1.53310943 0.429989696 0.417011857
    1.18182683 1.5006758 1.45194399 0.951853812 -0.412881434 0.860244572
    -0.316842139 -0.247637361 0.527713597 -0.337932229 -0.174112201
    0.104221642 0.719272852 0.663223743 0.326014638 0.523782074
    0.366488218 -0.201770186 1.27216876 0.0733528733 -0.609668016
    -0.560155332 1.17176414 -0.387365341 0.93073535 -0.539687276
    0.43655169 -0.261509895 0.336027384 0.543133676 0.491286278
    0.0683803558 1.70998573 0.338455498 0.135919392 -0.59636724
    1.35394013 0.130399704 0.372567475 0.202089787 1.09011114 1.07968533
    1.39446449 1.11204362 0.738673747 -0.636418343 1.57456839
    -0.544155955 -0.195717275 1.31958926 0.175572097 1.66480875
    -0.656848311 0.640710175 -0.450975478 -0.138595879 -0.202385664
    0.81496799 -0.0524923801 0.267956376 0.577434957 -0.286076814
    -0.515662074 -0.380859673 0.412421465 -0.334045053 0.654749513
    0.32915771 1.42590976 -0.149934411 0.276456952 1.06547964
    -0.0496323109 0.496682525 0.517101705 -0.16264075 0.903982937
    -0.727643967 1.07699788 -0.559700131 0.395365477 1.40336418
    -0.637155712 1.24313807 1.61472428 1.36469173 0.404563963
    -0.560141206 0.713661075 0.2325387 1.36027253 0.279087961 1.24967432
    1.48005903 0.148909032 1.50037599 -0.5507254 0.0916298628
    0.619989574 1.59024894 1.45306647 0.702585697 -0.0775801539
    -0.266046315 0.638240516 -0.2451922 -0.422278762 1.18237042
    -0.256625503 1.02879226 1.2785697 0.990365505 0.303358316
    0.486558557 -0.119734704 0.614507794 0.354832232 1.41806555
    1.01508713 0.413080931 1.46727753 -0.52831161 0.412690461
    -0.690913439 -0.00163769722 1.46526968 0.804527223 0.690222979
    0.00545567274 -0.511446714 1.2749753 0.238281012 0.92106694
    1.13250244 0.430764079 -0.140643299 0.268320084 -0.373102248
    0.889287531 1.43133521 0.365046978 1.47248769 0.511065483 1.60207152
    1.18359208 1.04099166 -0.232776612 -0.438685119 1.03882539
    1.60973978 1.54656684 -0.431125581 1.12398601 1.23518324 0.175577164
    0.284603 1.57276106 -0.0729279518 0.368913054 -0.299326986
    -0.21204862 0.404478908 0.505323887 0.38119781 0.49816364
    0.796664238 -0.358554989 0.127940893 1.60991716 0.496206641
    0.695251822 -0.17434141 0.523164809 1.45545888 1.36539555
    -0.580082178 0.334117234 1.22227132 0.720736325 0.749598205
    0.252813816 0.743847847 1.20637417 -0.666988313 0.311695397
    1.61430097 0.977409005 0.854278624 0.807005048 0.942613542
    0.782595515 0.19251281 0.868094146 0.550908387 -0.50447017
    1.29304409 0.678421676 -0.437674969 1.26533532 1.14272797 1.22522199
    -0.224948704 1.27338099 1.51729846 1.04116011 -0.355406672
    1.47054589 1.45908284 0.558553398 1.17425013 1.02889252 1.01484513
    -0.658000648 1.25381756 0.762273669 -0.251609713 0.572978079
    0.986158609 0.440687001 0.494122207 0.841628075 0.0686077476
    0.205568314 -0.362934321 0.643466592 1.2765317 1.68957829
    0.400061965 1.53056383 0.142037868 -0.56073308 0.764115989
    0.303913176 0.638017476 1.50961351 -0.435427696 0.519010842
    1.50492632 0.68059206 -0.359415382 0.438606977 0.190135539
    -0.125523388 0.652245283 1.29265833 -0.344187468 -0.309654415
    0.424342632 0.126811087 -0.172799617 -0.222935259 0.0381578803
    -0.493670642 -0.112443686 -0.501852512 1.56040573 -0.604259551
    0.226009846 -0.60326159 1.476192 -0.224760622 1.0161041 1.57630455
    0.895078957 -0.0790310502 0.0779768825 -0.206966668 -0.612158239
    -0.233622044 -0.208651066 0.606124997 0.335999787 0.50363183
    -0.604254305 0.461950362 -0.0316991806 -0.109701455 -0.108409703
    0.935462594 -0.339312911 -0.410096675 -0.397894114 0.510356367
    0.759276509 0.479326963 1.04607224 0.0942372084 1.01793098
    0.744318247 0.707706571 -0.360801578 0.839032471 -0.474196792
    1.14421439 0.940866113 1.18377972 0.452051699 1.14101994 0.568072557
    -0.233350188 -0.203732073 1.07877719 1.56765139 0.472768664
    0.442462385 0.100542665 1.50506663 0.84043324 0.757820666
    0.0969649553 -0.658030272 0.700770974 0.999986768 -0.0715337396
    1.12815046 -0.302529007 1.53917158 -0.433103263 0.3812446 1.30958128
    -0.0820451975 0.149577677 -0.435155571 0.416579008 -0.233698487
    -0.638663292 0.655010939 0.358793676 1.21012282 -0.752611279
    1.54250622 0.716107905 1.49341714 0.369031191 0.364416182
    0.747144878 0.799378574 0.145789862 0.106925428 1.1339612
    0.736676812 0.669285595 0.946787894 0.908950329 1.21287978
    0.152344465 -0.483035088 0.676462293 1.03986835 -0.641788065
    0.219472349 -0.311026007 0.682032049 1.46918356 -0.194470704
    0.30366385 -0.347439796 1.0683167 1.64259624 0.39468801 -0.553798437
    -0.283208638 1.3783536 0.492420971 1.34227419 1.51270556 1.16101027
    -0.24191314 -0.428378165 0.974705696 0.129704535 0.260178804
    0.258911788 0.731322408 0.044844389 0.748423338 1.53625488
    -0.247821629 1.37616146 0.993216634 0.651698351 1.63157523
    1.55906725 0.549131095 1.3682164 1.29833055 -0.394383222 0.710733473
    1.49760306 -0.687322378 0.324540257 0.554046333 1.52391005
    -0.0199703574 1.11494541 0.668846726 1.13322473 1.28526974
    0.798330069 -0.253539681 0.869418561 0.122570336 1.65964019
    -0.225315988 1.19981933 0.648664534 0.665071368 1.10780716
    0.994454145 0.340397477 -0.384301126 -0.184963822 -0.0871637464
    0.0278937221 0.0849288702 1.63875937 -0.616251528 0.732441247
    1.17349124 1.65165854 -0.517665505 1.35616803 0.304767251
    -0.606373608 0.890936196 1.02531326 0.619653285 -0.0544448495
    0.157867789 0.313468874 0.811453581 0.410720766 1.38476229
    0.0803533792 1.59250474 -0.0155562758 0.228153169 1.12683678
    -0.0647995472 -0.288440913 0.27539742 1.22186375 -0.35435012
    0.330543935 0.0304851532 -0.318058193 -0.249182522 1.09053159
    -0.127827883 0.440601408 -0.59934324 1.0984962 0.481681466
    1.22451496 1.51727974 -0.0125427246 0.231561244 1.06593156
    1.29021525 -0.400594056 -0.380699366 1.584373 -0.134592056
    -0.085370183 0.275889158 1.28648925 -0.509999931 0.719306171
    0.763132989 1.36432362 -0.460464418 -0.27483663 -0.683709979
    0.374209583 -0.580582857 1.54609561 0.365247607 1.44800019
    -0.310694963 1.13305831 1.32045233 -0.0704075694 0.763781428
    -0.0242174864 -0.709509015 0.49204725 1.16516137 1.28220177
    1.50952935 0.0395041108 0.176281512 1.06391573 0.299960852
    1.55828118 -0.272872746 -0.19903639 1.44800544 -0.169564635
    0.97986418 0.21208173 0.836577713 -0.0708004832 -0.358255774
    -0.544030488 0.947428823 1.556422 0.609592497 1.57757747
    -0.0885577798 0.949013293 1.58999574 -0.62228173 1.31230998
    0.265568197 1.1069994 -0.113002539 0.649067044 -0.696970999
    1.66326952 0.474013746 0.0554828644 0.23021102 0.535752475
    -0.234245181 0.142735898 1.32765985 -0.452223092 -0.0129802227
    0.560865819 0.790860772 1.28974879 -0.49303329 1.0013454 1.52101254
    1.58021092 -0.338564187 -0.182421774 1.57487214 0.264945447
    0.296453178 0.275860548 0.594231188 0.0024189353 -0.674745679
    -0.487005293 -0.456917644 1.20171833 -0.492291719 1.36384583
    -0.630588174 1.59312463 -0.468231201 1.09486032 0.800857484
    -0.132425994 0.143539786 0.245116711 0.201847196 1.1071732
    0.769016385 -0.553175151 1.11557734 1.45463097 0.313038707
    -0.458999127 -0.368967116 0.64910686 -0.0327550769 0.4460361
    0.695115149 -0.378044069 0.528258204 1.18412936 0.541860878
    1.09188414 0.607829034 1.49115181 0.651396394 1.46824062 0.332762897
    1.42707801 1.14294899 1.19029272 1.0665971 0.0551134944 1.00329137
    1.11502612 1.38973355 1.32263184 1.40372753 -0.148931265 0.598953664
    1.48939109 1.44807076 0.142610312 0.678537846 0.159196138 1.23289466
    -0.741919637 1.04405451 -0.0415056944 0.482173026 1.43965352
    0.513237655 0.283808351 -0.281199962 0.380958617 1.12545943
    -0.24662289 0.249288261 0.905630946 0.0124464035 0.364687741
    0.873254418 1.55139697 0.197054148 0.961895645 -0.00172066689
    1.34254432 -0.293096721 1.31158376 -0.0876072645 -0.137023151
    0.526408017 0.231031001 0.929579437 0.306086898 0.186975777
    0.12545532 0.419231713 0.742437482 0.845945477 1.4244566 1.33473182
    0.963032424 1.13724482 1.05793536 -0.0637767315 -0.640764236
    -0.216662079 -0.184223294 1.59153855 0.412921727 1.28540206
    -0.558285892 0.275960267 -0.666501641 1.10916924 1.48918581
    1.12313354 0.339716911 1.45495975 0.361351192 1.5863719 -0.674855947
    0.392865062 -0.123827279 -0.575537562 -0.0437733531 0.352980793
    1.30434322 0.0632131696 -0.572662711 0.607555211 1.36309624
    -0.31600973 1.72091472 -0.341544718 -0.545207083 0.0404894948
    0.617938042 0.806141496 0.692949474 0.0189314485 1.52432632
    0.885062754 -0.0363591909 -0.00387281179 1.29187489 0.43388629
    1.32950521 1.6388402 1.28122723 -0.15144068 1.45324779 0.800387323
    -0.525484145 0.142844319 0.0669773221 0.908869147 0.678641856
    0.920726061 0.379887462 -0.0239111781 0.579320192 -0.0654857159
    0.672147691 0.942967236 1.04057455 0.257816076 1.42452955
    0.312940955 0.81664294 0.413940907 0.515473008 0.548080862
    1.09898019 1.12832391 0.28884685 0.815584362 0.777231336 0.637203991
    1.26831007 -0.613243222 0.7370134 0.265230656 -0.189679146
    -0.0565029383 0.427507699 -0.560087979 0.942502737 -0.138667405
    1.56901979 1.44201183 0.664064705 0.834815085 -0.0869534016
    0.332766831 0.803889155 1.38442433 1.04433799 1.33928204
    -0.639372051 1.19481683 -0.518333137 -0.270606875 1.56449151
    -0.496231973 -0.45165205 0.491368711 -0.0836471319 1.45241761
    -0.353899807 1.48056006 0.370186567 1.27550316 0.975760341
    0.720392644 -0.00403618813 0.533501685 0.352847576 0.49126184
    -0.180899054 -0.177167147 -0.556004763 0.0900053978 -0.0479381084
    0.143307388 0.011844635 0.853518724 1.5308789 0.60078454 0.193293989
    1.3399111 1.01653552 0.973229766 0.548946798 1.29339683 1.25206017
    -0.553888261 0.440092146 -0.570093751 1.25196421 1.29711628
    0.11591047 -0.510362387 1.54052079 -0.228498727 1.01805377
    -0.47903195 -0.15609321 0.649771392 1.23337603 0.139396191
    1.43029368 0.236718476 1.23792505 0.577824831 0.702088654
    -0.198189467 1.03822875 1.44352329 -0.278095931 0.177818656
    0.515586495 1.60622525 0.973959982 0.887090683 1.46761 0.27654475
    -0.0367179513 -0.459557235 0.409318566 1.12350583 1.70218945
    -0.356340528 0.458445847 0.395396948 -0.0701760054 0.467467248
    -0.264948606 0.864432037 -0.622766972 0.937487483 0.611756861
    0.553666472 0.823726296 0.783149958 1.66497016 0.132182777
    -0.486812681 -0.389407039 1.19677234 0.427404284 1.6874392
    1.59093916 1.36899805 0.357301116 1.04544592 0.523630202 1.33089519
    0.837076843 0.377668619 1.06675816 -0.308754355 0.950368583
    0.300247967 -0.110207379 1.35106254 1.20308506 1.57350445
    0.814038575 1.11991131 1.36723328 0.113563657 -0.114677072
    0.686790049 0.822270811 -0.5729357 0.813553154 -0.696141958
    1.14984596 -0.454978317 -0.317680001 1.26692986 1.15267849
    0.779146671 0.61891371 -0.713092268 0.224036813 -0.564515889
    0.531757593 1.32424116 1.07932961 0.906739473 0.174903452
    0.070389688 -0.267827332 1.12561619 1.6222353 -0.381098688
    0.378665268 -0.320710003 -0.521194041 0.807794034 -0.59477675
    0.40468812 1.59496045 1.43949008 1.35808682 1.01099181 0.720281959
    1.48487258 0.575413346 -0.427034974 1.22361922 0.263063848
    0.482035995 -0.665196776 -0.183775723 0.629635155 -0.535677314
    -0.406567901 -0.53663379 0.195335686 1.28214383 0.626807034
    1.27976513 -0.426909178 -0.22759676 0.654981613 1.65353227
    -0.0584920645 1.47158515 0.305820525 -0.347569942 1.53584266
    1.01537108 -0.568453014 -0.271219969 -0.588990927 0.141379237
    0.342377543 0.633969367 0.712478578 1.6822722 0.591583729
    0.445616007 -0.642495871 -0.509435415 0.304088235 0.0142932534
    1.19918144 0.960327685 0.669784129 1.28160238 -0.667076945
    0.453840137 -0.016310513 0.39122653 1.09179497 0.213783145
    0.264273584 -0.561486542 -0.456914157 0.552042484 0.366855919
    1.11255574 0.0120651126 -0.383651942 -0.426527709 -0.35105595
    -0.414582372 1.59911406 -0.133458316 1.3200748 1.63384867
    -0.352748364 1.57438183 0.556281865 0.0111303926 1.50147724
    1.26185393 1.29209781 0.576268196 0.886521339 1.05076814 0.947217405
    0.299038708 -0.575412095 -0.06727916 0.0979682803 0.110273182
    0.498176813 0.842460454 1.06048059 -0.358700395 0.383214295
    0.052991271 0.456393957 -0.388276905 1.58442807 0.146681011
    -0.0183990002 0.279294908 0.774839938 1.32656908 -0.114547133
    0.10687238 0.175310016 -0.464585483 0.418272436 0.910382807
    0.494064391 -0.204832256 0.819219351 0.06171453 1.25120318
    1.17858815 1.39198625 0.261923969 -0.0698003769 -0.448589116
    1.49948752 -0.173260868 1.0786953 -0.516000748 0.708232939
    0.612162888 1.05279899 1.13024879 -0.714615703 1.17637706
    0.250144362 1.48424578 0.309294045 0.387626946 0.631003797
    1.42136967 1.35510981 1.32963347 1.42326868 0.663339615 -0.226637095
    0.0166832805 0.140074492 0.713893771 -0.259280592 -0.219972014
    -0.494511634 -0.130411804 0.795063317 1.1564045 0.611488938
    1.27577543 -0.191129774 -0.181537747 0.974792182 -0.167841256
    0.328501821 0.133179128 0.255331516 0.677591383 1.29368925
    0.0756831765 0.44708842 1.33912003 0.0422602296 1.0371362
    0.158830643 0.496851146 0.804034054 0.449270904 0.0597384572
    0.289805233 -0.537834287 -0.285893768 0.287579954 1.63514423
    1.39030528 0.254889905 0.461916804 1.13474226 0.623711884 1.16400766
    -0.509319007 0.12453562 1.25067365 -0.464874983 0.219650745
    0.148159385 0.301707149 0.518903553 1.52769923 -0.518852592
    1.56920528 -0.574056923 -0.539615631 -0.399552733 1.31938958
    1.2975235 0.130037367 1.08736908 -0.622512639 1.59031034 1.21722174
    1.18789399 -0.468463898 1.30309415 -0.501231432 0.555356205
    1.49975193 -0.767398298 0.0209778547 1.57470894 0.367140114
    -0.138122976 -0.267961502 0.736342371 0.897316337 1.35550261
    0.529155135 1.14091706 -0.59068203 0.439844966 1.4496479 0.334975004
    -0.248623073 0.53299135 0.0456879735 0.441340864 -0.486928523
    0.980496109 1.17987251 -0.172815323 1.20212448 0.824189126
    -0.15329057 0.622962892 0.967062235 1.13045263 1.51271629 1.59093118
    -0.0894352794 1.63655412 1.25557899 -0.421186805 -0.51208663
    1.13265204 0.680844784 1.4069339 0.139067948 1.42318177 -0.451571256
    1.50278842 1.3388567 -0.111825049 0.286507905 1.47350812
    -0.303131491 0.430536687 -0.363740414 1.07234335 -0.333798379
    0.357146263 0.877229571 -0.173357964 0.0367794037 0.186965466
    -0.676909029 1.16101623 1.60045004 -0.665019691 0.210796177
    -0.737558305 1.14614153 -0.301467389 1.42268932 1.49342859
    1.48808026 0.380362689 0.474286675 -0.284232467 -0.581926346
    0.226855636 1.39173019 0.965509355 -0.312010884 0.386892557
    0.231651664 0.805826783 -0.335938871 -0.665304422 0.904800534
    1.63748145 -0.179475486 -0.547822833 1.45464683 0.674256563
    0.495255291 0.296487808 0.113888502 -0.438762575 1.47930932
    0.279872179 1.16573238 -0.430269867 1.3005867 0.89932102 0.615388811
    0.967219293 0.384508848 0.319344878 0.885368764 0.919179618
    0.0360082984 0.0258228779 0.814178228 -0.468462765 1.46820927
    1.01056206 0.849693894 0.108371258 0.415985525 0.63803786 0.31905961
    1.40244818 1.32556176 0.345518768 -0.512070179 0.92066133
    -0.493897617 0.663348675 0.495325029 -0.161741018 1.19135857
    0.737525403 1.5537498 0.581998527 1.08893633 0.114508092 1.38730502
    1.58194089 1.24654257 0.364424765 0.572931886 0.00575000048
    1.67545795 0.442432046 0.957126498 1.54051471 1.0994668 0.826471031
    -0.116201818 0.26696825 0.678011835 0.236624062 0.385851681
    0.43390125 1.60427237 1.64048338 1.15820444 -0.0403244495
    0.942562222 -0.335117191 0.273108482 1.5796392 0.324949324
    0.607378185 0.465690494 1.55119467 1.56383228 0.565391183 1.45287681
    0.945156872 -0.733487487 0.238856137 1.25814021 -0.0355511308
    0.420945764 1.30735254 0.404554069 1.03249812 0.176674545
    0.344914019 0.938132465 -0.10079807 -0.150127769 0.487139046
    1.32934165 0.960665286 1.64634681 0.81880343 0.531022549 0.855107784
    -0.157168269 -0.596663952 1.22633338 0.174793601 -0.118439853
    -0.296943903 1.58007693 -0.244081259 0.779076457 0.00505042076
    1.28939283 1.40288568 1.26921701 -0.530944109 -0.401656896
    0.0940555334 -0.556210279 1.6147213 -0.161821723 -0.213341147
    1.48532152 1.47735906 0.994883895 1.07348633 0.600459874 0.298125327
    0.474658012 -0.304034233 0.681703448 0.809301019 -0.183657706
    0.702540696 1.15429616 -0.443443298 -0.140958548 0.0889775753
    1.40597141 1.7019558 -0.573499739 1.36397862 0.550264001 1.22646642
    -0.66001153 1.48636484 1.50419307 0.682826638 0.0329047441
    1.11387718 1.10090756 0.940217912 0.308872581 1.20753765
    -0.300377637 1.41746831 -0.334682524 1.20139623 0.627665699
    0.0767064691 0.232573569 0.047735095 -0.224210322 1.20864224
    1.40984046 1.36856723 0.311908543 0.57453084 1.50005817 -0.210352778
    -0.6102193 0.437991858 1.26072192 0.848227382 -0.180393696
    -0.0387414694 -0.165027022 1.47417688 0.12508136 -0.114086688
    0.0754178762 0.690401912 0.139161825 1.12933362 1.35246384
    -0.572093725 0.170383334 0.916958332 -0.573548079 0.50838995
    -0.0122611523 1.22794831 0.55906564 0.477429986 -0.200598001
    -0.3319785 0.491947234 1.67528033 -0.428038776 0.334491193
    0.531534731 -0.108612657 0.422221243 -0.336154133 0.967428148
    0.341374695 0.0298742652 1.56433606 1.47825408 1.61081815
    -0.630283833 -0.341189831 -0.477880359 1.35340357 0.871306419
    0.68460685 -0.153964043 -0.240368187 -0.193170905 1.70641112
    0.53023243 0.0109532475 1.30264735 0.238381147 -0.290629655
    1.04964483 0.59850055 1.00354218 -0.576825202 1.39694619
    -0.0510386825 -0.280012965 1.26344681 0.778323174 0.78715539
    1.48081279 -0.670244932 -0.063703537 0.773297787 0.47239852
    1.55893421 1.51340747 0.838185728 -0.261217445 -0.458859086
    1.30595875 0.613133132 1.60149145 1.03064799 1.5305661 0.148874402
    1.2525835 0.250155091 0.635785639 1.31771946 -0.061725378
    -0.435738921 1.5249598 0.828165531 0.978910983 1.12618423
    0.0145419836 0.0369326472 0.0638085604 0.855027616 0.42067647
    1.41277337 -0.188149154 -0.54220289 -0.268735141 -0.517207086
    0.671203136 1.3832047 0.624190331 -0.216857851 1.4400574 1.11338151
    0.849424541 1.10060918 0.739462495 -0.306086391 0.986277759
    -0.549262643 0.91731602 0.256813645 1.47161388 -0.341552347
    0.592994809 0.27727139 1.49543083 1.52820015 -0.425537288
    -0.171571821 -0.202067733 1.76345706 1.18205702 -0.434277654
    0.18818903 0.585676253 -0.421136349 1.51817083 -0.0996282101
    1.4828732 -0.0793846846 1.47342575 0.58428973 1.43321753 0.675019205
    0.583257735 -0.204461664 0.851917386 -0.145948291 1.51412272
    -0.227922857 -0.408760369 1.12275517 1.1797365 1.01193571
    0.0683110356 1.12273848 0.192333341 -0.127665102 -0.196813941
    -0.335169852 -0.220081955 1.01419926 1.15626121 -0.018882215
    0.236159265 0.311095059 0.610874295 1.06737852 0.641181827
    -0.542379498 -0.750838518 0.934782624 0.0552412868 0.10097158
    0.611046433 1.40214038 0.571819544 1.2348516 0.919321775
    -0.194083482 -0.395104587 1.13067472 1.33635664 -0.638051748
    -0.252064258 1.62644553 0.757713854 -0.269496202 -0.252807498
    1.56521749 -0.396191597 0.854773402 0.771765828 0.22640413
    -0.194702268 1.37791717 -0.111821413 -0.0871919394 0.461798728
    1.31085372 0.523907781 0.153805852 -0.558790982 -0.54538703
    0.799754083 1.10471439 0.155125618 1.01227891 -0.215815812
    -0.0624611974 1.50446558 0.318572342 1.08029437 0.661535919
    0.78714484 -0.490293503 1.41256881 0.370953858 -0.0253669024
    -0.484723628 0.328060746 0.486279607 0.950667858 0.845470011
    1.02237725 0.0599228144 0.983941019 0.854585767 1.43457818
    1.49422109 -0.658377528 -0.218947977 0.598647773 -0.0174015164
    -0.582192779 -0.529036224 0.598836958 1.0716393 1.51100779
    1.58819866 0.39466387 -0.53936404 1.17234659 0.035838604
    -0.466070443 1.14056325 0.939160764 0.0898782015 0.262427568
    -0.210694313 1.05089223 1.18715811 0.351931274 1.05842566
    -0.543740988 1.40907931 -0.301690489 -0.149923801 1.01907897
    0.172301233 0.262298107 0.24028039 1.5830785 0.268608868 0.701944292
    1.5752635 -0.510219812 1.24417901 1.25203276 1.02195466
    -0.0237047076 1.06693125 -0.243864715 1.09952724 -0.561093748
    -0.266422033 0.835226536 -0.0306486487 0.645842969 0.836232066
    0.826911807 0.149048805 0.184053183 1.56169295 0.164719045
    0.292865932 1.09731317 0.229626656 0.271143973 0.527993083 1.3420217
    0.540128827 0.111264288 0.355200648 -0.0331599116 -0.513082504
    -0.41945976 0.588635802 -0.451709569 0.186762512 1.05621576
    0.529124796 0.644786358 0.910363317 1.3476342 1.50295091 -0.20758146
    1.31168962 0.590858161 1.40816283 -0.589971066 0.503042758
    -0.559491515 0.559192836 0.639864922 0.739965022 -0.451335132
    1.46613908 0.368264914 1.12197912 0.206988156 0.464072883
    0.397727787 0.119939089 1.20666623 0.233363032 0.752441943
    0.667792082 -0.0118032694 1.17343974 1.57181168 1.34673738
    0.660666406 0.298209012 1.60970449 0.0976144075 1.39440429 -0.521366
    0.381110966 -0.510146141 -0.278009921 1.28844714 1.37706554
    0.0261536837 -0.619596839 0.0463600755 0.59312427 0.176237226
    0.231719673 1.4751538 -0.241217971 1.32526457 -0.37136364
    -0.499554366 1.11017501 0.209829211 1.23021579 1.27362061 1.13582945
    -0.191571653 0.997328639 0.535836995 0.00748884678 0.837732017
    0.569414139 1.20638418 -0.216541439 0.0369679928 1.53423798
    1.18998945 0.531607151 1.21636164 0.310399055 0.039291203
    0.117573023 -0.195582539 -0.546812534 -0.120878816 0.193702102
    1.26974595 1.2361424 -0.602459371 -0.303204268 0.58237958
    -0.473811835 0.879457414 0.3826949 -0.176972538 -0.393370032
    1.54237962 0.548151672 1.20416307 0.973706186 1.110183 1.18702602
    0.0407674313 0.502114952 1.02714324 1.69080305 0.778416753
    0.458712518 -0.255354166 -0.170669764 1.73899531 -0.0771932006
    0.914467216 1.43122196 1.09519744 1.2561245 1.18765044 1.39651275
    -0.326392263 0.333687305 0.225747526 -0.125126302 0.0951551199
    0.821691275 -0.355827212 -0.53690052 1.46445179 1.48505688
    0.27581358 -0.50114274 -0.138529122 1.20031643 0.756712317
    1.31854761 -0.430549294 1.03243411 1.5938524 1.37575912 -0.286179036
    1.23181677 0.90960449 -0.0598955154 1.48312998 -0.245585978
    0.931774437 1.4233737 -0.378131181 1.58236384 0.233175516 1.21628141
    1.55730391 -0.594967008 0.8398211 -0.337183595 -0.139642298
    0.34247309 0.128360748 1.1316483 1.38384581 0.641763806 1.32773793
    1.3273437 -0.614492357 0.760336459 1.43728447 -0.463507354
    0.562732756 0.419212818 1.33952165 -0.0885273814 0.707602382
    -0.564088464 1.58809924 1.35887623 0.441793382 0.396642864
    0.20262146 0.969427109 0.0747625232 1.3717227 -0.171435237
    1.45343935 1.56578994 0.899652719 0.659814775 1.43297184
    -0.308267951 0.261970758 -0.0907329917 0.58502984 1.01639891
    0.143738091 1.03218782 1.08677554 -0.185071588 1.38856637
    -0.095616281 -0.525304675 1.52292407 0.526491106 1.09940124
    0.915836692 1.45592117 1.46526361 -0.152274072 1.25397611 0.14152056
    1.47363472 0.270308256 1.32591033 0.544302464 0.634016037
    0.916567326 1.1690743 1.09339118 0.119774938 0.642524898
    -0.248996079 0.0519220829 1.24022949 -0.0654614568 1.26983643
    0.249877274 1.15923893 -0.536718547 0.694133282 1.19534111
    1.20609927 0.511528969 1.58636713 1.24936414 1.02635098 1.28398919
    -0.420395374 0.24994874 1.59467649 -0.577278495 0.951171219
    0.771775782 0.59766233 -0.257411361 0.872014344 -0.528366327
    0.67922771 1.17972183 0.775177896 1.52882707 -0.184836447
    0.271473944 1.35783148 1.56072462 0.110131443 0.207788169 1.28091645
    0.315519512 0.427252114 1.38861656 0.487998009 0.711093009
    1.43480206 -0.538858831 1.46353734 -0.0430371165 0.351098418
    1.4544158 -0.427387118 0.556312621 -0.319299936 0.404370129
    -0.672693968 1.13759899 0.415239036 0.855199397 -0.565630436
    -0.555852294 0.427628815 1.12554538 -0.0955235362 0.947628498
    0.71507585 -0.0450491309 1.13706851 0.724181235 0.534984469
    -0.138459533 1.71475124 0.638381898 0.688691854 0.107244611 1.09112
    1.15068698 0.152256846 0.775591791 -0.0376879573 1.53914118
    0.760750532 -0.63625145 0.517663479 -0.01548177 -0.0995461941
    1.27989793 -0.59578836 0.837527692 0.424705863 -0.255179763
    0.0285210013 0.34075284 -0.123851359 0.468517244 0.637763262
    1.52657878 1.24656391 0.908655882 -0.284857303 -0.515593231
    -0.202539504 -0.468765497 -0.564127624 0.129566491 0.0625319481
    0.676985204 -0.421372622 0.668931663 0.415967643 1.59766579
    1.07460237 -0.254425585 1.13363981 -0.0571426749 0.761803269
    0.214011788 -0.285253853 1.48165202 -0.378532469 0.895046115
    1.62084508 -0.168031037 -0.40820685 0.320705891 -0.153537005
    0.203290164 -0.202799857 1.21561253 1.42130446 0.73023361
    0.981820703 -0.182190359 -0.203993082 0.285297096 -0.258402735
    -0.478129864 -0.102376372 -0.483216405 0.235118449 1.0480938
    0.643112421 0.00602805614 0.46414566 -0.681709945 -0.482498467
    0.207582951 -0.048129499 -0.395631075 0.109857976 -0.13108784
    0.0338823199 0.115910351 1.44057512 -0.698136568 1.10569513
    0.0394272804 0.396802545 0.391408026 -0.527934492 0.916883826
    -0.0244501233 1.55331731 1.4458915 1.72364521 -0.491707772
    -0.0846061707 -0.102706015 0.818904221 0.777462184 0.570631027
    1.6121757 0.340216279 0.0599145293 0.751523554 -0.641869009
    -0.633127987 0.851429462 1.3773222 0.783871412 -0.241784781
    1.46144342 0.110597134 0.122631252 0.873476028 -0.106311619
    1.03676772 0.00645756721 -0.239409655 -0.459585369 1.61905909
    -0.518545151 -0.00619101524 0.990277529 1.06190467 -0.653786361
    -0.21431309 0.387493134 0.524246931 -0.200828195 0.763900816
    1.35525799 1.32473266 0.179619193 0.209556162 1.03597498
    0.0304778814 0.172386706 1.20150208 0.0161331892 0.054035306
    0.667507291 -0.608645558 0.73914963 0.785210729 1.17650676
    1.35042882 0.92154336 -0.616564691 0.812847257 -0.0203751922
    0.433001161 0.281286597 -0.132621527 1.40110803 1.364416 0.951924562
    1.40663218 0.356081188 0.657410383 0.723284066 -0.177884579
    0.000847220421 -0.168991208 0.0920137763 0.559166253 0.45009619
    1.4044317 0.53606087 -0.5569157 0.431984007 0.136479616 0.140810668
    0.892007232 0.0943554044 0.049218297 -0.534336865 -0.110688508
    1.75226235 1.67211819 -0.566460609 -0.291680306 -0.460594028
    1.54993975 1.38590384 0.957484245 1.39809203 -0.170035839
    -0.298117995 0.0281274915 0.438730538 -0.485704303 0.0611124635
    0.509440184 0.888973594 -0.143432558 -0.220786273 1.19706845
    0.223032176 0.141420305 1.18266463 0.935388505 -0.19312495
    0.879620075 -0.42579782 0.50225091 1.35618579 1.33080947
    -0.338426918 1.36273766 -0.487316728 0.430291533 -0.325537682
    0.304685235 -0.594989181 0.628153026 0.18752414 1.49728549
    0.312109709 0.19742763 0.261636853 0.135654449 0.558050215
    -0.406436831 -0.00482821465 -0.039010942 0.64673233 0.438740611
    0.23272419 1.41789818 1.50465584 -0.377142131 -0.47552982
    0.658248663 0.104258835 -0.487228513 -0.330625951 1.47474444
    0.926259935 -0.336101264 -0.350029916 -0.564424038 1.36626148
    0.98442173 1.35858059 0.999278963 0.00208187103 1.36167574
    0.478212595 0.801546991 0.490478337 0.777165949 -0.46420294
    1.12977147 -0.179327071 0.0342981219 0.457532048 1.16800022
    0.650393009 -0.166680545 0.0461637974 0.411645412 0.419916153
    -0.278474659 1.24581099 -0.420227408 1.41129065 -0.542046964
    0.874520481 -0.327072054 1.43168092 0.181924224 0.125985444
    0.617478967 -0.0566081405 1.37948585 -0.426652551 0.914410651
    -0.126331925 -0.431721687 0.883523524 0.191146314 -0.164120734
    -0.0128869414 1.07480514 1.03210807 1.53132224 0.812078297
    0.518789828 0.178040326 1.04104209 0.417337596 0.681913435
    -0.533292234 1.167992 0.096259892 1.2507242 -0.158329844 0.895311534
    -0.649653792 0.802332103 0.505501866 -0.275650293 0.131932497
    -0.465465188 -0.263380885 0.861053884 0.370697558 1.44786382
    1.55052876 0.929078519 0.372897148 1.04227424 0.314996481 1.04282331
    -0.0134195089 1.35004365 -0.344974458 0.758131564 0.91042006
    0.0958178639 0.55173862 -0.0217000246 1.28496814 0.106766582
    -0.491097689 -0.520565629 0.828585625 -0.427524924 0.241603673
    -0.339018941 1.6961863 0.820077956 -0.0307577252 1.5915916
    -0.547780812 -0.399949491 -0.435566843 -0.458145052 0.263574362
    1.51781321 1.63199115 -0.344300807 0.103413701 0.512124121
    1.49564707 1.00826526 -0.160196364 -0.0159667134 1.58657598
    0.892472863 -0.51346755 1.58823383 -0.307331592 -0.676830232
    -0.469904363 1.13602877 1.10362661 -0.0285776258 1.07486701
    0.728227317 1.0204494 1.62052083 -0.246667862 -0.248306602
    0.692726374 -0.296168864 0.37075901 0.565675676 0.202660203
    1.18097067 -0.0954028368 1.52258277 -0.404948473 0.463302016
    -0.500672996 1.55932343 -0.0914057493 -0.498131692 0.491072655
    -0.037353754 -0.116879523 0.812131703 0.920777857 1.08588111
    0.732590139 1.38005829 -0.6172598 1.15152788 0.61651057 0.345851898
    1.51245856 1.31264997 -0.121268451 0.678153694 -0.0812855959
    -0.465109855 0.964173377 1.55148053 0.476228714 0.556619167
    -0.270488292 -0.282029957 -0.69619441 1.35396063 1.26403594
    1.58278108 1.46004987 0.889902771 0.59106791 -0.252768099
    -0.487083793 -0.124642611 1.17571533 1.03099597 1.51698697
    0.825101018 1.35530949 0.911508918 1.5415467 0.260563135 0.308571041
    0.380520403 1.08101845 1.48998499 0.251376987 -0.359616876
    1.36758614 -0.0405617952 -0.326231807 0.173302114 1.28055358
    -0.62532109 0.43540448 -0.507885098 -0.222735256 -0.229813874
    -0.582156479 0.412660539 1.32254052 1.55848837 0.18078661
    0.838498712 1.60727954 0.784129858 1.18723226 1.08812737 0.453403771
    -0.568431795 0.957939982 1.40022898 1.5845685 0.265025139
    -0.00607997179 -0.626306415 0.840209007 -0.659992397 0.00937354565
    -0.438079715 1.32775295 0.351858795 -0.151106536 1.4881804
    -0.100070596 -0.223592639 0.277245522 0.917772949 1.45897615
    0.130078137 1.36015224 1.1691792 -0.64900291 -0.0519501567
    -0.38312149 0.691206276 1.52608252 1.05204403 0.859873652
    0.667996049 -0.0782494545 0.833297014 -0.0337288976 -0.429793537
    -0.0294159651 -0.548841894 0.0324364305 0.469002604 1.37040627
    0.58820349 0.964470565 0.763268113 1.51402712 0.334875286
    -0.188566327 -0.16781491 1.25356817 1.54712033 1.38826108 1.35607624
    1.51687193 0.431079805 -0.594406188 0.864494026 1.62528825
    0.640934527 1.72606587 0.342355072 -0.216360241 -0.436897278
    1.54943085 -0.478764653 -0.366278589 1.13318539 -0.559936106
    0.968894482 -0.345948994 -0.210712343 -0.37354973 -0.166507661
    1.52564454 1.27805996 0.500250518 -0.226653755 0.285551369
    0.866014719 0.117466271 1.43309128 0.269532382 -0.431445569
    -0.243124723 1.22963035 0.868543625 0.808840096 1.67678416
    -0.167919546 1.38099766 1.60714233 1.51901007 0.767215073
    0.904613018 1.04992461 -0.222306371 -0.123572886 1.14476109
    0.736441076 1.58362222 0.972640216 -0.593634665 -0.380044073
    1.22821164 -0.257050335 0.840177059 0.363195956 0.288051963
    -0.308204204 0.11342299 0.209145367 1.59775817 1.20096016
    -0.721801639 -0.0424151421 0.143564284 0.684795856 -0.0932934284
    1.33906484 1.21972823 0.183841348 -0.622444093 -0.234343082
    0.196909487 -0.402352422 -0.0880009532 1.0215888 1.2987144
    0.560917974 0.569016576 1.22148085 0.547934473 0.249083996
    1.46375537 1.18353355 0.399470627 -0.507820845 0.906297445
    0.322805405 1.01775408 1.17824507 -0.493197024 -0.29679215
    0.917112768 -0.0506392717 0.639421344 -0.402924061 -0.107447624
    0.685024679 -0.089299798 0.42573005 -0.254538953 -0.448982894
    0.852850854 0.878165126 -0.38654983 0.719997346 0.927084923
    0.141851008 -0.073304534 0.927631915 0.192528486 1.4683677
    1.25278234 -0.302446544 1.5220058 0.119327784 0.950050414 1.22673178
    1.43327904 -0.0603343248 -0.391220957 -0.0346121192 1.05520856
    -0.411993235 1.57738471 1.33588648 -0.511112988 0.0724753737
    -0.277279198 -0.617545128 1.57054925 0.140124202 1.3293736
    -0.264978111 1.31232381 0.805535734 1.54298902 0.277371585
    1.47934818 0.0188288689 1.46913338 1.45196652 1.1356802
    -0.0819051862 -0.104514837 1.04961419 0.450664699 1.25325704
    -0.766295671 -0.745286465 0.800727248 1.43016243 0.677234352
    1.23126698 -0.702676535 1.47209358 -0.704622388 1.31651688
    1.34338045 -0.078874588 0.92609334 0.670037746 0.345281899
    1.32576418 -0.127617538 0.74209398 1.5194788 0.0828306675 1.04419994
    0.170553863 0.230086803 0.468582213 0.946078122 -0.0192623734
    0.373251498 0.390529752 0.385118067 0.43689853 0.00947666168
    1.59705138 -0.305339187 -0.166490674 1.59130776 0.392464519
    1.17206955 -0.0663621426 0.444447696 0.080863595 1.57514584
    0.533081651 -0.384015441 -0.115894794 -0.463434577 1.72534847
    0.0725436211 -0.46586293 -0.571951509 0.934079826 -0.0518188477
    1.33881402 0.286684096 0.617564142 -0.338615179 0.0840492249
    1.20874906 0.650524735 0.243963242 1.69022179 0.228669763 1.59949136
    0.0721024275 0.107716501 0.339988708 -0.339303404 1.17841506
    0.542368472 -0.430041552 -0.44634819 -0.605793297 1.07759011
    1.18199492 1.31697536 0.49933666 -0.674993753 0.206224322
    0.442203224 -0.196360588 1.19090283 -0.493800521 0.656128645
    -0.247001112 0.564558089 0.0283268094 -0.137304902 0.871295989
    0.64692229 1.09394515 -0.153019071 1.47962451 -0.413205951
    1.02726102 0.555823565 0.575968146 1.09946036 1.45366096 1.41036189
    1.39411759 0.518510401 0.839988887 0.0465755463 1.06325912
    0.853452384 1.29437566 -0.0804790854 1.45535755 1.13184547
    0.29445982 -0.682321846 1.10876775 0.729787588 0.275929511
    0.21344775 -0.281208575 1.56111646 0.442204893 0.03080374
    -0.00926846266 1.47215486 -0.329401255 1.45831013 0.5268085
    -0.316028416 -0.281918317 -0.499508262 -0.104572237 0.674833179
    1.39655876 1.15044236 0.824755967 0.118761837 -0.224904239
    0.01985991 0.422421336 -0.371490747 0.483576298 1.00518441
    0.438011646 -0.234667331 0.639798522 -0.550447047 1.51972127
    0.321815252 -0.28016457 -0.305726141 0.648394108 1.60523558
    0.41900599 0.814242005 1.05510068 0.437730849 0.771855593
    0.735750675 1.4103471 1.6190232 1.65385997 0.892872751 1.55786896
    -0.506158531 0.252332032 1.09157991 1.37923408 0.937488675
    1.07770622 1.07483506 0.66580236 1.21049452 -0.268879801 0.125161767
    0.636700869 1.03547025 1.52981377 0.123185694 1.6151607 0.398061037
    1.10018516 -0.332035452 1.2095772 0.446233094 0.983062506 1.32386327
    -0.729503453 1.36424136 -0.576487541 1.12384319 0.624725223
    1.25713134 -0.20366928 0.688167393 0.109049559 1.08426118
    -0.292521328 0.0429866314 1.46731961 -0.519120574 -0.39250955
    0.512998223 1.0379498 0.60787493 1.42886281 0.171912789 0.264838576
    0.535616696 -0.293255001 1.70209324 -0.400082767 1.48314285
    1.01181579 -0.258459598 1.18553674 1.2200191 1.56877708 0.852679491
    -0.210348189 0.150220215 0.665482819 1.24480534 1.03529763
    0.139016092 -0.219293892 1.0607996 0.106826246 1.05677176 1.53174305
    -0.32250759 -0.164836943 0.192730367 0.663324535 -0.112644494
    -0.588885188 1.31112635 0.906519651 0.816822231 1.45915842
    0.840858877 0.508859396 0.607792079 0.157442749 0.253595233
    0.158236682 -0.136577129 0.127361119 1.35575771 0.199114084
    0.633909047 -0.327817589 1.00756538 1.0933305 -0.00936037302
    -0.144074559 -0.669634104 0.529093325 1.14362097 0.959608614
    0.56936872 1.33873439 0.77812016 0.332774282 1.61646914 1.53722942
    1.41800046 -0.125969529 -0.614728391 1.15658617 1.11016464
    1.42047191 -0.64202553 1.61304915 -0.289265662 1.52057707
    0.767645419 0.345067918 0.611212194 1.11230052 0.129795432
    0.205340803 0.671554565 -0.635581732 -0.449656427 0.719469249
    0.543897569 0.22297883 -0.711238921 -0.180145741 0.825648069
    1.24524713 0.94516784 0.247676492 0.412914217 0.49066484 1.17663777
    0.25641489 0.0496559739 0.262870491 0.00409662724 1.1423409
    0.587794781 0.619736016 0.715305328 0.0426436067 1.08548212
    -0.582644045 0.732186377 -0.216954827 0.796527505 0.480277538
    1.5499655 0.448318064 0.505348206 -0.246899158 0.246744573
    0.78109163 -0.551145554 -0.00316560268 0.718673646 1.04141366
    0.568224728 -0.36103642 0.488583982 0.529238403 -0.0553058386
    1.08384931 0.376948118 0.500831187 -0.331567556 1.50333834
    0.531718075 1.46471548 -0.615963221 1.580639 1.52053368 0.0915233493
    1.38997483 -0.210509419 1.6151737 1.02069664 0.863814831 1.75086474
    -0.48313114 -0.199437499 1.35535121 -0.398453027 0.56893599
    0.929437578 0.735328913 -0.35857752 1.14279389 1.14066315 1.6019547
    1.04833579 0.857820809 -0.121291101 0.894612551 -0.129202545
    0.851885438 -0.101136684 1.21624947 1.28870535 0.409419715
    -0.615271091 -0.371269226 -0.384115905 -0.519800842 0.0601534247
    0.375825405 -0.171619475 1.19253647 1.20361853 -0.598429561
    0.330082297 0.351515472 -0.1627599 0.275155365 -0.487974048
    -0.467465252 1.64203668 1.31313181 -0.613440454 -0.59167999
    1.61731756 1.76173389 -0.499820173 -0.358535498 0.864688098
    1.26196957 -0.322299778 0.255310237 1.48495448 1.41252351
    0.647184849 0.836105049 -0.190484226 -0.183806837 -0.472600937
    1.69801927 -0.264438331 0.439527214 0.0953572392 -0.430605799
    1.20673943 0.296923399 1.5701648 -0.0858768821 -0.27595067
    -0.474530131 1.35176897 1.26175261 0.0356372595 0.307581127
    -0.247923404 -0.130788147 0.291692019 -0.672207236 1.12399065
    0.732076526 -0.0454326868 1.2455225 1.57357335 -0.416071534
    0.0812562704 -0.688347697 1.18388617 1.30274582 0.585204124
    1.56585586 1.31521773 1.17116308 1.51143491 -0.528139293 1.00500607
    1.41408908 0.563992262 0.890000045 0.622522652 1.57059169
    0.571474791 0.909639657 1.56499827 -0.352286071 0.283804119
    1.66196311 1.56639481 -0.119621933 1.37333357 -0.433736116
    -0.0350210071 -0.670807123 0.593195081 1.35342836 0.685579419
    0.63916713 -0.435512245 0.805086493 0.910861969 -0.272331715
    1.20813465 0.24428308 1.70797038 1.0002389 0.499827385 -0.610601366
    1.41059434 -0.188982248 -0.611590207 1.30719495 -0.343221009
    0.931500435 1.49950182 -0.366307586 0.140257239 -0.609084725
    0.217909217 -0.100053579 -0.29844147 0.968127668 1.32219696
    0.957428515 -0.239030212 1.26641428 1.58520508 -0.615085006
    1.09762311 0.594948471 1.20633578 -0.590408325 0.0799893737
    1.52736712 0.332860053 -0.514297605 -0.408344269 0.615247011
    0.674481034 -0.595382035 0.00178474188 1.40179908 0.5181458
    0.959607363 0.295034647 -0.533841372 0.0770426393 -0.338429809
    1.61083412 1.41556537 1.53858137 0.655258894 -0.344337344 1.50277305
    1.19350648 -0.225643635 1.31401932 1.04420507 0.497572601 1.20491481
    1.02797759 0.640564024 0.86741966 0.053966701 0.542484999
    0.196524203 0.168538213 1.63448262 0.490428627 -0.349954039
    0.678484678 0.67513299 0.645138204 -0.315137982 -0.583099127
    -0.563525021 1.41734183 -0.47126624 1.34629571 0.368128181
    -0.397711635 0.993142962 1.00553632 0.871170759 0.0283917189
    -0.469641775 -0.33800596 0.668767214 1.37140346 -0.301785827
    -0.33687526 0.051277101 1.09745896 -0.50207454 -0.37777257
    1.64116037 0.452853322 -0.294362456 0.224857926 1.39974034
    1.29835427 0.0124326348 -0.169325441 1.71383405 1.6421591 1.12001741
    0.555054963 0.144587398 0.11888665 1.13767648 1.32001972 0.457200289
    -0.0380904675 -0.573806942 0.416129947 0.935208499 -0.163329959
    0.212277353 1.11858463 -0.212357253 0.086494267 1.35973144
    -0.0161616802 1.43156087 1.0374372 0.535317481 0.269747257
    1.05059886 -0.078779608 -0.0779706836 -0.0987532735 0.0483907461
    0.481350005 0.284070671 1.54084849 1.67256403 -0.480271012
    -0.556652069 -0.463445485 1.21454811 1.28100395 1.6440419
    0.957806289 -0.0990571976 -0.133973062 1.45305276 1.25181723
    0.447888553 -0.197736084 -0.667433739 1.04848337 0.64692688
    1.46714973 -0.75055486 0.120465219 1.58033133 0.102780104
    -0.625407159 0.396224916 1.20439327 1.08024764 -0.563602269
    0.587958395 1.2309258 -0.609941661 1.46887374 1.32596588 0.837236464
    0.576711655 0.126222014 -0.176342905 0.691096723 -0.288136363
    0.0839272738 -0.279922277 0.545661211 1.59588861 -0.173049539
    1.13597357 -0.522362232 -0.0466377139 0.800862789 0.757655382
    0.770955145 1.45143175 -0.393735349 0.859617233 1.35360169 1.3659482
    -0.0739439726 0.486162841 1.55848813 1.35986733 0.601766348
    1.02650452 0.29806459 1.24685907 0.00886374712 0.807172775
    0.0509067774 1.16751361 0.771845341 1.27764273 -0.0703824162
    -0.322408736 -0.190699637 -0.548102975 1.29527187 0.906234443
    1.28922272 0.108311534 -0.00366103649 0.450253606 1.05309737
    -0.544047117 0.429989815 0.202177644 1.52237868 0.133049309
    -0.361609697 1.14285958 0.194629967 -0.0634220243 0.59698981
    1.33712351 0.368564844 -0.328508526 1.34891582 -0.370725065
    0.64574486 1.55515754 -0.612233818 0.946956336 0.0229941607
    -0.413065523 0.290266931 0.68983978 1.05745149 -0.574560165
    1.27311707 0.846482396 -0.351003766 1.21959937 1.34453917
    0.0463314056 0.681065142 1.45599723 1.61913192 0.395192385
    0.383635283 0.902718246 0.373801589 -0.678885698 1.55892801
    -0.155630171 -0.0141474009 1.19397795 0.923607886 0.762338996
    0.0975524783 -0.258131534 1.40804052 -0.152429998 0.2140311
    0.359968066 1.40772605 -0.496210873 0.0155422091 -0.40449208
    -0.661924601 -0.0272659063 -0.386023641 -0.370251447 0.256635547
    0.0514186025 0.734055102 -0.408342421 0.0834164619 -0.527010858
    -0.0926232338 -0.341573507 1.26367831 1.00895095 0.937219083
    -0.125812054 1.34154296 -0.391288936 -0.393811077 0.334346831
    1.17220449 1.50014651 0.411193788 -0.0508868694 -0.020277977
    0.989155233 0.792758524 -0.307563841 0.491274416 1.73979616
    -0.494406521 0.793873191 -0.319775909 -0.248295546 -0.287588298
    1.18826854 0.374700844 0.29487586 0.99726367 0.165956199 1.30016565
    1.47200155 -0.364087015 1.39860845 -0.0685348511 0.950772464
    1.0317347 -0.196308047 -0.480714142 0.171812773 0.0500964522
    1.06880093 0.447891295 1.69746447 -0.579795897 1.44026017
    0.560913205 0.986381829 1.18133128 -0.171625078 0.548576951
    1.40034866 -0.625114858 1.33391261 0.0510146022 0.725808203
    0.705592334 0.391355157 0.00470471382 0.894737661 0.319256663
    1.67220044 1.10339046 0.485212326 1.50879908 -0.300811887 1.35316133
    0.638121307 -0.0565855503 0.899461269 1.3191458 0.303501964
    -0.575644135 0.226776004 -0.362779886 0.034653008 -0.0602458715
    1.06026316 0.286975503 0.562419295 0.716747522 1.60334492 1.48896468
    0.146018803 -0.0688391328 1.20913243 -0.247527987 0.309324026
    1.47389412 0.743134081 1.42798674 -0.584693313 0.00730293989
    -0.631083369 0.0341295004 0.441543758 1.33016729 -0.214993864
    1.46618283 1.10048211 -0.450198531 -0.11346525 -0.45272854
    0.533728182 1.03408718 -0.481479704 0.58127588 0.850440562
    0.467376053 1.21885729 0.223418117 -0.0721208453 1.03660035
    0.360441446 -0.522651076 -0.458668947 -0.431683809 0.102284312
    -0.351725459 0.557923436 -0.188617676 1.65920568 -0.0298420787
    1.15724254 -0.0949368477 1.01511645 0.0812524557 0.989634037
    1.00682759 -0.281437367 0.151335716 1.17974746 0.774500012
    0.73037535 -0.35307157 1.62784958 -0.542971611 0.788495541
    0.185839891 0.545336306 1.39911652 0.581335366 0.182696104
    1.23269057 0.618502975 0.366190612 0.590567291 0.072147429
    0.469413996 0.816349208 -0.177192777 1.12067688 -0.490959108
    1.42406058 1.23653495 1.21319175 0.76292783 0.935595632
    -0.0774054527 0.842125058 0.899040818 -0.118538678 -0.562013566
    1.61481237 0.526509345 1.02541518 0.497908771 0.789203048 1.39624834
    0.167919159 0.729271352 0.269556105 0.340270102 0.705281019
    -0.454632342 0.826873362 1.31324077 0.673136473 0.539358199
    -0.177611858 1.36293793 0.76329422 0.0461916924 0.535582662
    1.02745843 -0.526105583 0.955967009 0.411979139 0.454469919
    -0.3643924 0.453321636 0.217609882 0.0656877756 0.581635594
    0.114266098 0.945937335 -0.0273215771 0.685607672 0.573573589
    0.484398425 0.128768802 1.46337616 1.51324654 0.543673456
    0.608978033 1.15247965 0.604706287 0.772473037 -0.710743785
    -0.135394394 0.412275374 -0.647951007 0.877965808 0.971896946
    1.38153362 0.413812101 1.42092347 0.69560492 0.181477129 0.580596805
    -0.10241878 0.470834792 -0.654250503 0.359164655 -0.290725082
    0.841120243 1.19846964 1.10874176 0.702483833 0.593205154 1.16859221
    1.00985217 -0.0890756249 -0.361366212 1.24762177 -0.148634017
    -0.488424897 0.387549639 0.667808175 0.90629667 0.832187355
    1.24692667 1.58047473 1.38326192 -0.573975563 -0.683591604
    1.44398677 1.38635397 -0.327599198 1.43666768 0.475205183 0.70377779
    1.47450423 -0.207909197 1.1330924 1.54848182 1.0553062 0.238212824
    -0.561101794 1.49409342 0.419046879 -0.465020984 1.39932501
    0.953296304 -0.203724056 -0.612973809 0.567436218 0.813645005
    0.501656532 0.536990762 0.369381249 0.0235599875 0.60318476
    1.61211574 0.496850908 1.37145722 0.952895939 0.157568455
    0.487957597 -0.214847416 0.436750054 0.362699211 -0.311881453
    1.43435144 -0.0948831439 1.54614973 0.717054069 0.865454435
    -0.431349963 -0.214236945 0.135605752 -0.427143395 0.950824797
    -0.380570114 0.815205216 1.26342344 -0.439534456 -0.519624114
    1.53826165 0.164558053 1.09784114 -0.499391735 0.517952263
    0.688299417 -0.282603204 -0.456321657 1.40257525 -0.196993291
    0.625464797 1.3053844 -0.584510207 0.762307525 0.114189386
    1.29303432 0.588849366 0.414533913 1.39810133 1.18035388
    -0.539808154 0.584318101 -0.173903942 0.714394927 0.348591328
    0.192879617 0.138931692 1.68672752 1.04386818 0.224028349
    0.727038801 0.261674166 0.825727224 1.60532594 0.257239997
    -0.239169508 -0.067376852 1.07656908 0.398099422 1.06258631
    1.24335372 0.290796757 1.13861108 0.881820917 -0.449780107
    0.517787337 -0.239314854 0.817304373 1.47150457 0.35071528
    1.44919217 0.947930992 0.995967567 0.388641417 1.51689649
    0.416841805 0.739306569 -0.0786284208 1.36304128 -0.598822713
    1.24498487 -0.525712907 0.775689185 -0.560985386 1.69332838
    -0.591190755 0.260891318 0.207720757 0.540112734 -0.416333675
    0.706775069 -0.0548950434 -0.535198152 1.1577816 0.71928823
    0.0111538172 -0.358771622 1.59901333 0.297248125 -0.620406806
    1.02488792 1.50434959 -0.446603 0.25542134 1.60177267 1.2393918
    1.66820955 -0.162224829 0.542039454 0.498613596 -0.147496045
    0.489633381 0.764975727 0.457094967 1.07389402 -0.170611262
    -0.434546173 1.06707764 1.44912434 0.0949503779 0.285474598
    1.23681831 -0.504782081 1.46544659 -0.496864021 0.148951769
    0.972797394 0.39970839 -0.175599813 1.46571302 0.11611557
    -0.465502828 0.180160642 -0.54800117 1.23935163 0.886343002
    0.103113532 0.485579371 0.640532434 0.630705059 0.762102187
    0.789645255 -0.186397076 1.07102036 -0.0791296363 0.439804316
    1.18710923 0.299901903 0.38063401 -0.348020285 0.367276609
    0.863963723 1.63924813 -0.540098131 0.386961639 0.269400775
    -0.352737635 1.42654204 0.240824699 0.858216882 1.12453341
    -0.239082634 -0.656653225 0.568011343 0.754929662 1.25515473
    0.270147204 1.6195035 -0.56464076 0.129125655 0.913739562
    -0.0374254584 0.559463382 0.658041894 0.062831521 1.30385089
    1.16812468 1.50734806 0.72865361 0.409000397 -0.71748507
    -0.386898547 -0.531936288 1.53468108 0.697495103 0.423069179
    0.756286263 0.785123229 0.017036438 0.559241116 -0.257780105
    -0.284712762 1.34212387 0.470445752 0.89963007 0.105434299
    -0.152812362 0.0294272304 -0.642267168 0.857812405 -0.579590559
    1.06528246 -0.347112149 1.25046992 1.55667746 0.863389492
    -0.548155904 1.15998876 0.251845479 1.22694743 -0.623367608
    -0.395280212 -0.625711441 0.63163662 0.99727422 0.838844121
    1.31443858 1.24053907 0.0102152824 0.116709769 -0.560220361
    1.05756044 0.859131813 1.22896087 1.39073873 0.605606258 1.06431293
    0.934197009 0.309339523 0.130309343 0.831980705 -0.142189503
    -0.144861102 -0.346278012 1.097206 1.12952256 1.37622333 1.2705276
    -0.474021614 -0.232113302 1.25164557 0.872293353 -0.0465995669
    1.42984009 -0.523645818 1.50274873 1.62320888 1.34724116 1.46895623
    0.0256642699 -0.296702027 1.39076114 -0.508921862 1.03891301
    -0.156267315 0.345819592 -0.302494705 -0.217358947 1.29629159
    0.139893651 0.638112187 0.148266017 1.53638744 -0.211645365
    0.734367847 0.972635984 -0.365258515 -0.22639516 0.942027926
    -0.173820496 -0.0792354345 1.57258022 -0.527357221 -0.0363265276
    -0.265938938 0.0515376329 -0.130490541 1.63041079 1.41799808
    0.880126357 -0.282218486 1.06394207 0.213121414 -0.549121201
    0.755151927 1.40437317 1.09198213 -0.420514107 -0.412213713
    1.41365302 0.937856913 0.540319741 -0.633669496 0.333227694
    0.367818713 -0.669507205 -0.682960331 0.693551838 0.0648884773
    1.00878358 0.365872502 0.284270287 -0.26517278 0.190523744
    0.319938779 0.33533144 0.733755946 0.205760241 -0.433070153
    0.613104582 1.19101977 1.11009812 -0.182692438 0.261615217
    0.194039524 0.472706437 0.91853106 0.374110222 0.232245684
    -0.615308166 0.0164353251 0.690887213 0.103877187 1.42803442
    0.0790342093 0.21562624 0.224481463 0.513529122 -0.583882749
    1.69204569 0.420606554 1.23376107 0.394192159 -0.166404456
    0.348414779 1.6108892 0.253721952 1.51673543 0.45253396 -0.277265012
    -0.129217863 -0.539701283 1.69658208 0.653210044 -0.173801899
    -0.527866244 1.49477077 0.0618243814 -0.120721579 1.13886428
    1.23627555 1.66655064 0.714368999 0.367471039 0.254322529
    0.841611326 0.484311283 0.382050991 -0.427361071 0.930708706
    1.05647469 0.361127853 -0.55187875 0.93228668 0.491419792
    0.834298193 1.12589574 0.753620505 0.146556079 -0.332006127
    -0.349164784 1.30037463 -0.227116436 1.05636215 0.580815136
    -0.638131678 -0.0481305718 1.18677521 0.758661509 1.47650361
    1.23067093 -0.0159947276 0.0855092406 -0.0539261103 -0.584006786
    1.41143548 1.54485428 0.200247288 0.637089849 0.776762903
    -0.200712264 -0.312007964 0.107116759 1.4354068 1.18322396
    1.13490045 1.45299232 -0.00662213564 1.4859308 0.554850996
    -0.330363065 0.282949746 -0.303275049 0.730226994 -0.747678757
    0.379252851 1.00376558 0.493043303 -0.167106926 1.53763044
    0.874087751 0.192989886 0.7507056 -0.484122694 -0.312636614
    1.44262671 1.69314468 0.881270945 -0.259575993 1.15475726 1.40598011
    0.0707489252 0.927013516 -0.11877203 1.44859219 0.283199787
    -0.487138152 0.939439058 1.17818618 -0.578761697 0.626868486
    1.22793758 1.34821367 1.3673923 0.31634438 -0.688854396 1.26309574
    0.363155186 -0.106092155 0.170884788 -0.496147096 0.477700472
    0.801630199 0.142403543 1.49163103 -0.0114943981 0.155413926
    0.909246624 1.19993043 1.62432528 -0.0822932124 0.748900175
    -0.428366482 0.106147349 0.726909935 1.42327452 0.300629377
    1.56499827 0.794297218 1.66834307 0.126763105 -0.534029841
    1.32162309 0.00266563892 1.5628556 1.37769628 1.57831526 0.794850945
    0.500136077 -0.451123476 1.07857215 -0.519932687 -0.431924015
    -0.646330535 -0.203681618 0.727700889 0.456588268 0.368034124
    1.2828722 1.52707696 1.50144744 1.59726882 1.22286642 1.19551313
    0.910798967 -0.606868684 0.162352264 0.110032797 0.0562949181
    -0.525387585 -0.206070989 0.0699334145 -0.079595685 1.08641219
    0.731168985 -0.62122339 -0.020034492 0.485614955 -0.504303277
    -0.0323358774 0.732218742 1.18434405 -0.290401667 -0.163377643
    -0.222635627 -0.639113843 0.211619198 0.469085276 1.26773989
    -0.211289018 -0.191448689 -0.0519353151 1.16124332 0.472922921
    0.995747983 0.227776825 -0.583532155 0.0927072763 -0.0697565675
    1.30669689 1.06917644 0.133876741 -0.531552315 -0.595164657
    1.41796613 0.27571255 -0.127595514 0.88117075 0.734601974
    -0.0556449294 -0.00639092922 1.37685609 0.633088112 -0.373703361
    -0.402447969 -0.0259976387 -0.701252282 -0.407485485 1.45310831
    -0.353827685 0.520535409 0.05246526 0.763927281 0.14879638
    1.26955152 -0.488108516 -0.169581801 0.524139047 1.51647425
    1.35795271 0.831919372 0.277100623 0.805026174 1.29047704 1.04288626
    0.912530482 1.07333517 1.54466343 0.145411968 -0.237308264
    1.38461065 -0.525241375 1.19012618 -0.480686009 0.00635313988
    0.00249439478 -0.00393074751 0.850385666 -0.35982576 -0.585958719
    -0.411298096 1.34087372 -0.572382987 0.00170183182 1.56071091
    1.67174876 -0.595548272 -0.373848438 -0.625432074 1.01178002
    1.041255 0.110908031 1.50044584 -0.688941658 0.477989733
    -0.263453066 0.0109468699 -0.217414767 1.14753509 1.22781825
    1.51334286 1.51415539 -0.542071521 -0.265977532 1.419065 1.10814667
    0.945212901 1.13271725 1.71100128 0.0717748404 0.563621283
    0.826495409 1.37146711 0.705613554 1.00513208 0.00620424747
    -0.606528699 0.177834511 0.469231963 1.3110745 -0.666347384
    0.00827074051 0.855369329 0.278853953 1.20794487 -0.654449582
    0.784844637 -0.294316083 -0.310887188 -0.164169222 -0.582398534
    0.0080370903 1.42915261 1.47759533 1.28343689 -0.0100826621
    1.67433071 0.710160613 -0.359299719 -0.300067127 0.00363141298
    0.995096087 0.782917082 -0.574240446 -0.379474819 1.18987191
    0.290533662 1.15254617 0.304491818 0.302717745 1.12942863 1.17900181
    0.264941573 0.332300127 -0.108511329 0.378423393 0.634940863
    0.0491215587 1.30866933 0.295972168 -0.6620121 -0.633195519
    0.0971820951 1.04783797 -0.0324832201 -0.410123736 1.13389504
    1.15546727 1.36162865 1.562886 0.470792234 -0.644830942 0.315821052
    1.67693353 1.56255126 -0.381135464 0.208415747 1.14905226
    0.395940542 -0.281875849 0.838155091 -0.153250068 1.65061355
    -0.215643644 1.27088225 0.163524151 0.83278954 1.20384407
    0.885426164 1.05086184 -0.412384599 1.03990436 0.31698525
    0.932154179 1.26944613 0.0603026152 -0.280406445 0.800320327
    1.38754511 0.511122704 -0.568316936 0.0254334807 0.682813466
    0.349744022 1.47040725 0.930966616 1.00457323 0.575769544
    0.107374072 1.05242741 0.338223159 -0.0135309696 1.65497661
    -0.705885053 -0.523327708 -0.155454278 0.38209784 -0.137920409
    0.851116896 1.00703406 1.16217041 0.0764710307 -0.632900655
    -0.339776605 0.416102171 1.33002806 0.576415658 1.30864358
    0.295337439 -0.245192409 1.2506671 0.13192755 1.26101589 -0.28327024
    0.451605916 0.436203957 -0.215077192 1.292943 0.046138525
    0.0670650005 -0.431969762 1.44423723 -0.540147305 1.25146317
    -0.120055377 0.15874213 -0.845617235 0.341701329 0.349981785
    -0.630952477 0.924704432 1.51727796 0.508756638 -0.599939585
    0.648469687 1.46661127 0.34228307 0.976524174 1.09368885
    -0.625424206 0.366814137 1.61543012 0.495204985 1.72586298
    0.204145551 0.365341783 -0.0774238706 1.41766787 1.39327502
    -0.449904591 1.28809631 -0.283664525 0.206519842 -0.145278752
    -0.115790725 1.30748463 1.56458521 0.791588902 0.272678077
    1.50444508 -0.309449077 1.50188243 0.284562171 0.126577556
    1.37105966 0.883754611 0.564805806 0.425631106 0.75254333
    0.122787714 1.26495051 -0.367631316 -0.29718411 1.54248953
    1.07696462 -0.162565291 1.13711262 1.04668331 1.21589434 0.878604472
    -0.282139421 1.55219483 0.535390377 -0.135819495 0.366058469
    1.45622683 1.61753714 0.419359803 -0.0983310342 0.760542691
    1.04946041 1.00107324 -0.446712911 0.583668172 0.922866404
    0.201835573 1.31233382 0.945887685 1.1552248 -0.398083508 1.32001793
    -0.573405564 -0.550463915 0.595659077 -0.449099481 1.25526881
    -0.288547158 -0.160018027 0.650918663 -0.168869942 0.891960442
    1.28771424 0.0600728393 1.68347788 0.0227838755 0.00379878283
    -0.534319401 0.171188951 0.747134089 0.0610942841 1.05824471
    1.30966759 -0.202612072 0.153931737 1.10364604 1.46201873
    0.115739167 1.6172471 -0.309120685 0.603673637 0.159440875
    1.38015819 0.893517494 -0.454551965 0.35090965 0.604335606
    1.69101095 0.908030868 -0.417871475 0.0719920397 0.699223518
    0.236151159 0.445080578 -0.133401215 0.884931147 0.850031912
    0.182109177 1.12871718 1.36757457 -0.695293844 0.864611089
    -0.43605724 0.45574528 0.888278246 -0.544209599 0.224371374
    -0.209013522 -0.28642866 1.57106686 1.59021151 0.0201445222
    -0.681139946 -0.537063599 0.58241272 0.980557323 0.125305533
    1.12359667 -0.243441015 -0.407900065 1.14601493 0.910782337
    1.21189797 -0.355293036 0.27095753 -0.284291834 0.488383889
    1.56518257 0.0728093386 -0.361368984 1.42733002 0.348404646
    0.756303012 -0.352919281 0.168715298 0.132866442 -0.185913146
    0.915748596 -0.521077991 1.06698608 0.957951665 0.0195668936
    0.00885230303 -0.119904637 1.10792422 0.0638080835 0.667815328
    1.46360433 0.873084307 1.50141978 -0.684599459 0.882196665
    1.50464034 1.30838394 1.10610271 1.5507226 -0.157147169 0.126216292
    0.832968533 1.30059981 0.503151 1.30494618 -0.188001722 0.438334465
    -0.352301806 0.724818826 -0.565376937 0.605596721 0.1630705
    0.52370131 0.179980755 1.23151135 0.61810118 1.0066514 -0.163844407
    1.3563112 0.358857572 -0.0611214042 1.31941772 1.23744607 1.12567198
    -0.722590923 0.991043448 0.602853477 1.29662919 -0.186397552
    -0.222180188 0.660958409 0.549478769 1.62948895 0.24698931
    1.01576972 1.19936836 1.27268481 1.17045832 -0.586183488
    -0.369902372 1.24542117 1.29232144 0.886176825 -0.13710624
    1.53966808 1.52384734 0.735749364 -0.143870264 0.984227717
    0.667014301 0.378561795 1.15495348 -0.329870641 1.10973215
    0.492803216 0.156631768 0.113901615 -0.599495351 0.866532803
    -0.270489722 -0.159096003 1.09475994 -0.104515374 -0.217006952
    1.66799593 1.45063376 0.0200145841 1.44381976 0.684653163
    0.778982043 0.446404815 0.70059222 0.407134831 0.548535407
    0.0219199061 0.797947049 0.785971344 1.39884973 1.37126803
    0.104106963 1.32502151 1.15035129 0.698727727 0.374855399
    0.904912412 0.0621119142 0.370873153 -0.0278526545 0.427512288
    1.01691747 0.160770833 1.36290622 0.273297548 -0.53079623 1.23564517
    -0.185887218 1.54449606 1.24071121 0.350792766 -0.267536759
    1.40365601 0.60242188 1.44171703 1.25434053 0.530508041
    -0.0823259354 0.94926703 -0.230105788 -0.553827167 1.16376019
    -0.106992722 0.917092681 1.10090017 -0.358791143 0.503287196
    0.372634828 1.03738832 -0.0961800814 0.915072858 0.274937212
    0.362200677 0.422227383 0.994093478 -0.662118137 -0.281449199
    1.59620547 1.20995092 0.785715878 1.12831855 0.498212695 1.43261623
    -0.582711458 0.855861902 0.0764669776 0.932200551 0.922631383
    0.405397356 -0.610986471 -0.252402544 0.199570179 0.66475755
    0.344451785 -0.155914038 0.0135884881 0.679913521 0.471149862
    -0.0779764652 0.823084891 -0.27840206 0.685982645 1.43688464
    1.47002435 0.506904662 1.5618124 0.737623036 1.42244875 1.36710882
    1.49452877 1.53514314 1.55011344 1.28023124 1.31732059 1.71418548
    -0.0246306062 0.533982992 1.03785062 0.461678267 0.126241744
    0.785689235 1.46751988 1.21545672 -0.185146719 1.15318239
    -0.423274219 0.605541825 -0.263760477 1.5855304 1.51979327
    0.621625781 -0.636336982 -0.130227566 0.499659598 0.221174061
    0.203877687 -0.0359570384 -0.25907144 -0.242290467 -0.525711298
    0.173757195 -0.193330824 1.08892751 0.972120345 0.489930153
    0.340617359 1.33305407 1.02549863 0.418422222 -0.355244607
    -0.0707481503 1.36570156 -0.17929399 0.451970696 1.35445464
    0.899622977 1.38396978 -0.225215912 1.01077831 0.0233870149
    1.57436347 1.5245564 0.878887117 1.38135219 0.682326555 0.723611474
    0.614037037 0.658833563 -0.419116855 0.68742615 -0.492139697
    0.403858721 -0.577443659 0.153629661 1.26179838 -0.176945657
    1.19850087 0.264640689 0.268333077 1.38037515 0.653699279 1.26961017
    0.965273678 -0.352914184 0.0985293388 0.552953184 1.05600214
    1.06576657 1.21746731 -0.422543913 1.42603016 0.336254299
    0.540960133 0.0411414504 1.33186519 0.375130057 1.12071085
    1.07326913 0.545356929 1.26722598 -0.458151609 -0.0326011181
    0.899671257 -0.703786433 0.63503629 0.236019492 -0.468712449
    1.11785507 0.255616188 1.29717112 0.191094577 0.00395429134
    1.65301156 1.47272384 -0.4373779 0.620107651 1.6987083 -0.388957232
    0.845026612 1.32221448 -0.466270685 0.913284421 0.520300031
    0.211959004 -0.44775784 0.428337038 0.832749009 0.622307003
    0.00125193596 0.894890606 1.28661883 0.263812065 0.91806674
    1.02388275 1.59100997 0.792522013 1.04562283 0.465682387 1.45393729
    0.352464855 1.04619741 1.63626504 1.47502804 -0.132920206
    -0.535334468 1.38178158 0.174948096 -0.129179597 1.58019102
    0.625795543 0.513815463 -0.41911751 -0.436332881 0.548757255
    0.52603209 -0.279744864 0.122274399 0.205182493 -0.547408342
    1.10718799 1.23516726 1.14689577 -0.322419733 -0.313369125
    -0.0901733041 -0.0249973536 0.329325795 -0.399196565 0.893238902
    -0.524551868 -0.0575729012 1.23554587 1.16422665 -0.214195549
    0.228299856 1.62400639 1.48474801 0.0498057008 1.21961391 1.36647797
    -0.175598055 -0.338332891 1.06292176 0.510802388 1.4694016
    -0.298643887 0.842324555 0.556573451 0.308128297 1.45915699
    -0.0341308713 1.24843192 -0.162166387 -0.177248836 0.783617735
    0.0584939122 1.04398239 0.439682782 -0.00306391716 1.52390504
    0.853104055 -0.243094832 -0.0272824168 1.49786687 0.92858696
    1.27589726 1.04656148 1.48257828 0.430053651 0.566536248 0.522415996
    0.379110098 -0.377964437 1.57790399 1.01114464 0.500579178
    -0.19083184 1.30100799 0.634424448 0.408968568 1.14440715 0.37787497
    0.668679178 1.03362453 -0.308142543 0.0851517916 0.126792252
    0.812412024 1.27484226 -0.51331538 0.032466948 0.571512759
    0.701423764 -0.379668593 1.48715603 1.19642782 -0.721844196
    0.464077652 0.227768242 0.336365879 1.59452915 1.59803605 1.59558058
    1.30324602 0.550436199 -0.481840849 0.414762974 0.253772974
    1.30171847 0.853416026 -0.440961421 -0.366270512 -0.534651339
    0.694951952 -0.0199059844 1.14039063 0.49415952 -0.440169543
    0.630159974 -0.204035521 -0.0258099437 0.0937243104 -0.305392861
    1.03920984 -0.19749558 0.196663976 -0.471848369 1.00196767
    0.911667168 -0.396949142 0.514285564 1.56710386 -0.348194063
    0.572898507 1.49622488 -0.587349296 1.44469023 0.645829737
    0.158968031 1.49104047 -0.254675329 0.522779167 -0.587044418
    1.40459323 1.57706928 -0.18548435 -0.553707063 -0.283535093
    1.20033121 1.45289302 1.47281289 -0.29904592 0.374997795 0.114291728
    0.948697567 1.2996366 1.6026001 1.10983419 0.189882338 -0.583905399
    -0.456488937 0.415808976 0.714748025 -0.00386857986 1.17455125
    0.914327204 1.32387984 -0.506289959 0.901102722 1.39659917
    0.793152809 -0.468817115 1.06422436 1.21947241 1.45878124
    0.360176861 -0.186980903 -0.433267415 1.53608429 1.16206241
    -0.00896406174 -0.538767457 -0.0475113392 1.67725492 -0.352312356
    -0.394309402 1.05760288 1.61304498 0.281080067 -0.56219095
    0.605143964 0.834761262 1.29491377 0.354315937 -0.243871242
    1.23805487 0.182863176 -0.340144992 0.384344339 1.59439945
    0.432077944 0.156054318 -0.404423863 0.0110279918 1.60307717
    1.58260989 0.872755468 0.908116996 0.436439097 1.07650208
    0.0166586041 1.15576553 0.685928762 -0.274681121 -0.740068018
    0.340727031 1.13740206 0.11515224 1.07392597 -0.0113692284
    0.412833571 -0.464053243 0.354052961 1.56524217 0.648679674
    0.326427996 0.741704166 0.11101824 -0.591950357 -0.580235302
    1.09788799 0.538632452 0.139259636 0.445280433 -0.501404166
    -0.272263676 0.616266429 0.517883122 0.290038049 0.865985513
    0.718427539 0.554084659 0.410869122 -0.652291179 0.348292589
    0.925208271 1.19937384 -0.723182619 -0.407067597 0.488799155
    0.142393708 -0.49302125 -0.00966072083 -0.474815309 1.43111563
    0.494424224 -0.469322145 -0.279982179 1.33535659 0.561198711
    0.759799123 -0.63918364 0.516700923 0.555130601 0.963594437
    0.0321744084 0.295005202 -0.315773934 1.46646059 1.11638641
    1.05089545 -0.319589168 -0.012389183 -0.440646201 0.361648679
    1.40817726 0.448281825 1.24994159 0.356195867 -0.0211826563
    1.53755307 1.08704495 -0.422402263 0.495422304 0.545850754
    0.77404654 0.238453627 0.968261838 0.688039064 0.716333449
    0.673802614 1.3405087 -0.707769275 0.27789551 -0.440692812
    -0.140478015 -0.372302264 1.24461007 1.19153118 0.843251944
    -0.11452347 1.06666768 1.0042069 0.54476279 0.982544243 0.504929185
    0.220939517 -0.576331794 -0.493638724 0.0130187273 -0.196117818
    -0.218541712 0.0927150249 -0.439992547 0.577632368 1.07358766
    0.140619814 0.126067221 -0.292417109 -0.214488506 -0.573136568
    1.52197647 0.169089735 0.129208028 0.255505621 1.22880411
    0.0323858261 0.495359242 1.07012808 -0.39057228 -0.363411427
    0.667484522 -0.138056576 1.48970604 0.952168345 0.838504076
    1.1410861 1.08736157 0.430566669 0.968805254 0.156955302 0.87273699
    1.07764149 1.677387 0.585690141 0.968013585 -0.601377606 0.760339797
    1.02092361 1.60125279 1.5305829 0.774026155 0.15142101 -0.241461754
    0.352215409 -0.122031033 1.172436 1.36236787 -0.0761826634
    0.73976773 1.46321082 1.53776121 0.890033185 -0.0472738743
    -0.531538665 0.363941431 1.64777255 1.40764368 0.783680081
    -0.408524573 1.67737484 -0.365469664 -0.292123049 1.40257049
    0.102576613 0.90099895 1.59473324 0.737932682 0.311065376
    -0.396346211 -0.0284780264 -0.626385868 0.832916975 1.32095456
    -0.698274553 0.0314213037 0.791029751 -0.680732787 -0.0604793429
    0.040328145 -0.577291489 1.47682309 1.18814397 -0.251630127
    1.50496197 -0.614751816 -0.514186323 -0.549527168 0.556857288
    0.0958197117 1.34182549 -0.596444786 0.413818002 1.53462148
    1.36410427 1.19925928 0.318371773 1.50454187 -0.380178452
    0.0902194977 -0.00694411993 -0.307478726 0.406577528 0.359278262
    0.49012655 0.61665976 0.556698501 1.54375648 1.4421351 -0.502309322
    0.613479674 1.03626299 -0.421298474 1.53931081 -0.458295316
    0.94785732 1.04070377 1.56097817 0.892800152 -0.628584921 1.27168918
    -0.29774192 0.287974 0.314714253 1.2626133 -0.0849382281 1.68420887
    1.67688286 1.09142196 0.591087222 1.69912457 -0.249663055 1.08576441
    0.825606823 -0.247607678 -0.585227668 1.36674368 0.276856899
    -0.345766217 0.430982232 0.13653332 0.207524717 0.96945405
    0.489240527 1.15330148 0.607430577 0.0812174678 -0.72897023
    1.09795821 0.51826632 -0.180811644 -0.165851653 0.13676846 0.8674528
    0.255721748 -0.682678938 0.470008135 1.00052571 0.434898496
    0.79441303 0.0252330303 1.39904451 0.446468472 0.849517584
    1.31528473 0.987870693 -0.168776691 1.44752312 0.35808754
    -0.57244885 0.810774326 1.46451426 -0.414305031 0.578568697
    0.571502805 0.409451008 -0.19320029 -0.48874709 0.981607974
    1.41268086 -0.585354388 -0.572676182 1.07250261 0.271935582
    0.120552778 -0.664799035 0.124692917 -0.677036464 1.60195816
    0.990604579 1.32357717 -0.318109185 0.578211546 1.12420392
    -0.373061508 1.20013428 1.49525166 0.707604587 0.467948079
    -0.591864109 -0.45850873 1.53964353 -0.52211535 0.533078492
    0.637056589 0.867830992 0.140300691 1.33013296 0.0852959752
    -0.466161549 0.441519022 1.28962088 -0.642577469 -0.277969539
    0.487016976 1.63935447 0.485661209 -0.202438891 0.884250402
    -0.226974577 0.927606463 1.54956818 0.789440095 0.750262141
    -0.673626781 -0.501756251 0.0673654079 0.103027165 0.103366256
    1.40202665 1.74857616 -0.468866497 0.456117928 -0.169850439
    0.992467523 -0.178418815 0.660079181 0.620195329 0.756354928
    -0.658269405 0.631617069 1.50280952 0.244683862 0.899597943
    0.828659952 0.314234257 -0.0407819152 1.29389 1.03439748 0.919082522
    -0.293652475 0.877033949 -0.409822762 1.62810993 0.35830909
    0.291290462 1.34332716 0.641614854 1.45367146 1.07409096 0.168754637
    0.132747471 0.577141345 0.399460554 -0.426381201 0.80823344
    0.425619125 0.683487236 1.11019957 0.382651091 0.780371606
    -0.25837943 1.55684757 1.04506874 0.302852154 1.0138967 1.65649557
    1.26061773 -0.384798765 0.479929328 1.51224828 -0.131482959
    0.136433184 -0.31039381 -0.0885331631 -0.214794546 1.52735233
    0.644037664 0.633746266 0.392900348 1.43722892 1.61676478
    -0.24743709 -0.171438336 1.20625019 0.27801615 1.5033164 1.03908932
    0.826283872 -0.555865943 0.995513737 1.13784671 0.655720294
    -0.539691567 -0.308028609 0.443478405 -0.448413372 1.38948011
    0.891873181 0.986160934 1.59303141 0.912635982 1.18462431 1.32542002
    0.52317816 -0.0481376052 0.511231899 0.388491511 -0.396080136
    0.348889589 1.41449797 1.35434926 -0.312311709 -0.0803415775
    0.297481477 0.603264987 1.02456784 -0.080075264 0.235474885
    -0.42347157 0.115559936 -0.609869599 1.11936903 0.958801806
    0.497536123 0.593223751 1.02663064 0.431876361 1.09793711
    -0.27195558 0.578386307 0.444012523 -0.00906056166 -0.333921313
    1.23192191 0.652322471 1.36106324 1.22760057 -0.100003958
    -0.397933155 0.0255787373 0.360210299 1.20961928 1.36912358
    -0.411254793 -0.375725657 -0.438844651 0.461491823 0.0313674808
    0.162303984 0.251822591 -0.475585222 0.316087902 1.20321155
    0.371612847 1.60308981 0.135740817 1.12091148 -0.401723295
    -0.620028198 1.43261123 0.881010652 0.0662045479 1.38364375
    0.13651973 0.553618133 1.59192216 0.965121448 -0.685574114
    0.149230301 -0.435520977 0.00387686491 -0.188039213 -0.423259318
    0.818248212 -0.396814764 -0.53201282 0.494022548 1.11747909
    0.267665267 -0.563001573 0.375417233 0.883996427 -0.461482763
    1.09670162 1.27394533 0.680527747 1.07614768 1.51748347 -0.161335289
    0.760401964 0.38365072 -0.114306033 0.10709542 0.9453547 0.205699205
    1.30425882 0.0528466105 0.597868085 0.00450062752 -0.0152739882
    0.678899288 0.430079937 1.52128112 1.31449866 1.21120358 0.436408162
    -0.515426636 1.19562483 1.48455644 1.01753998 0.499972701 0.92511183
    -0.12886095 -0.00162160397 0.589298785 0.0158168077 0.0670963526
    1.16420221 0.766974568 0.184598804 1.52557802 1.13668323
    -0.338320315 1.29164088 1.73057199 -0.586941183 0.634547591
    0.0966327786 0.831831872 0.424203515 0.682589293 -0.0730428696
    1.00191021 1.14508915 -0.579302907 1.07534122 0.761230648
    -0.341240942 1.24444318 0.39568007 1.25754261 0.761257529
    -0.157622099 1.60554767 0.427890718 -0.492550224 0.248778582
    0.625437796 1.16404867 0.201913834 -0.136067212 -0.0283840895
    -0.55328238 1.63461745 0.148531437 -0.121225953 0.41215533
    0.368539393 0.858938754 -0.511363029 0.397517502 1.39122117
    0.627356052 -0.367118001 0.453421712 0.114797533 0.308404565
    1.46584201 -0.153391302 -0.576922297 1.35405397 -0.468851954
    1.73709178 1.27063203 -0.161267519 -0.0645671487 0.782820046
    -0.463289618 -0.109335542 0.580796599 0.949431837 1.26715946
    0.404585779 0.0935306549 1.11958718 -0.191562533 0.120589972
    1.39926553 0.231651425 0.806316376 0.211290598 0.512487054
    0.48701334 1.55402279 -0.607046783 -0.504529595 -0.577549279
    1.16140079 1.36778784 -0.236009508 -0.431683838 1.50008082
    1.71186125 0.373187006 0.271261215 -0.484809399 1.37366343
    0.674716592 1.13658333 0.779493988 0.816161156 0.382183194
    -0.674825847 -0.185559869 0.509850621 0.734187067 -0.384496301
    0.000923573971 1.5315764 -0.0897891521 0.0801131129 -0.270315289
    -0.630387664 0.275087178 -0.550354362 1.00303268 0.30127126
    0.466121733 1.10619283 0.0477923751 0.843754947 0.118657112
    0.332432985 1.15397 0.388073802 1.10448623 0.172077239 -0.216672271
    0.15427953 -0.566172898 -0.517377734 -0.217434824 0.782780945
    0.375239611 1.46987891 1.37239528 1.45801032 0.748109758
    -0.395864129 1.02485132 1.13109946 0.341651618 0.798967421
    0.0250073075 0.317170262 -0.24693495 -0.194523036 1.02480984
    0.119540751 -0.292719722 1.45900297 -0.518388629 0.757492185
    0.552617669 0.324845254 1.68447149 0.099370718 1.19772923 1.07969511
    0.712055326 -0.0170742869 0.349897683 1.17430496 0.36080879
    0.975109994 1.20999873 0.164215386 1.53897703 -0.501951516
    0.777660728 0.986124516 0.777000368 1.01705027 0.665398419
    -0.381081194 1.11718369 -0.514386177 0.669202328 1.08454943
    0.203137875 1.67493367 1.04232168 -0.262106031 0.196762919
    -0.0758623481 -0.390339553 -0.305059582 0.406806886 0.0104653239
    1.65700507 -0.305151552 0.583887994 0.0810938478 1.29568386
    0.097366035 0.563078523 1.46462989 1.45070052 -0.0876244307
    0.290773273 1.56315565 0.622653127 1.26523578 -0.420194685
    1.45859671 -0.2568838 1.32469201 1.37246132 1.27542591 0.639820457
    0.432663858 0.0144991875 1.34169269 0.762059629 0.241475284
    0.805115879 -0.0282939076 -0.0446226597 0.580072403 -0.0702476501
    0.585506558 -0.105550528 1.56246817 -0.123417884 0.13968879
    -0.470370114 0.684240878 0.146434784 0.723010838 0.97210902
    1.30278158 0.493346572 1.57982969 1.29996777 0.279596746 1.37595713
    1.0227046 -0.450564682 1.02199745 0.304210007 1.68634248 1.57953477
    1.24581873 -0.226310551 0.885840416 0.545956492 1.18539441
    -0.341293335 0.772827029 1.46751726 0.936722875 1.24361062
    -0.0727609396 0.633058608 1.17118406 -0.0827006102 0.961643159
    1.11217165 -0.555331588 0.63667649 0.79290837 1.07324529 0.668681979
    0.0954394937 0.412009418 -0.390242696 0.197162032 0.864696026
    -0.548758864 1.57047391 0.970174909 1.48484111 -0.00437611341
    0.566945255 1.17510343 1.110847 0.626028657 1.13099694 1.36039066
    0.74685514 1.23592961 -0.313492984 1.12237024 0.904680848
    -0.0909173489 0.254708588 0.897940814 1.4424727 -0.212302417
    -0.624293387 0.214495301 1.02702045 0.490292311 0.0108989477
    -0.0579562783 1.33147192 1.46165061 -0.5658952 1.5187757
    -0.309910744 -0.0969853401 0.71707952 1.20962155 1.55872905
    0.454544485 0.708542287 1.37207437 0.510439456 -0.555817246
    -0.285858035 0.107724667 1.23164892 -0.400941432 1.31010056
    1.4942565 1.44406605 0.319777966 -0.0588800311 1.68163383 1.43665719
    0.77982688 -0.54357785 0.711451173 0.0959261656 0.126802146
    -0.598928392 -0.0652657151 1.18765879 1.3273437 0.55535078
    1.48250937 0.80713594 -0.326271206 -0.542570949 0.496923804
    1.19544196 0.495137155 0.775791466 0.911814392 0.887627065
    0.663125575 -0.398814619 0.208198667 0.32305187 0.807279885
    1.7113893 0.383164287 0.576043248 1.06590843 -0.149265587 1.41364324
    0.279331088 1.00503683 0.558406651 1.20225501 1.0972445 -0.160875708
    0.587417364 -0.467151761 0.031654954 0.695529044 1.58718705
    -0.335012347 0.782404184 0.950778365 1.58220649 0.303272426
    1.63798809 1.07520509 -0.522627771 -0.118370712 1.43271387
    -0.434411317 1.36751842 0.831330895 -0.657861769 0.791612804
    -0.10108006 -0.273831099 0.909292161 -0.665405452 0.0951707959
    0.0974798203 1.61232996 -0.405860901 0.594027698 1.47862816
    1.32017601 0.366509199 -0.657940686 1.29198384 -0.569197655
    0.674643278 0.244404793 -0.237173229 -0.0872947574 1.08264828
    -0.0720754862 -0.201836079 0.339929461 -0.389280945 1.18447542
    -0.255405456 1.58943677 1.46046901 -0.326672137 -0.356195599
    0.0508254766 0.223270893 -0.419812649 0.0870266557 0.397571862
    0.871352255 1.36399412 -0.478021175 -0.137316674 1.61647892
    -0.105770081 0.80332911 -0.0957295001 0.980908096 1.08431625
    1.09686971 0.0533319116 0.443777859 0.828622341 1.25841594
    1.13603699 1.42161274 0.905985534 1.41641426 0.287602186 1.23742223
    -0.381222188 -0.322602987 -0.301365495 1.2569145 1.24818921
    0.355131626 0.560606897 1.15022111 -0.314932674 0.0791676641
    1.23252463 1.47279668 -0.120299757 0.0819067955 1.03190231
    0.477138221 0.880688012 -0.606741607 1.23995924 0.837821841
    -0.457732886 1.36365628 0.0740929246 -0.551398695 1.17253184
    1.55620742 -0.335668743 1.53607488 -0.211725116 0.790267289
    0.223157763 -0.644347548 0.469545305 -0.568115652 0.287896514
    1.26176572 0.853079617 -0.0140771866 0.272700667 1.66340661
    1.11957347 1.50123775 0.900182784 -0.545833409 -0.331225991
    1.16804481 1.37374878 0.300556183 -0.368690103 1.13688445 1.46783447
    0.0215841532 -0.663655162 0.708853722 0.629907727 0.0869218111
    -0.544861734 0.429251552 1.53596067 0.868033588 1.58339763
    -0.402410775 0.556243002 1.56691289 1.05350888 0.422107577
    -0.281514913 1.53868067 0.835516512 0.499566436 0.610921025
    0.941295207 0.29919374 0.815357029 -0.116319776 -0.118292034
    -0.577326894 0.110652387 -0.0193784237 1.23895073 -0.0443581939
    1.13050771 0.956390202 -0.651075304 -0.301150084 0.540999651
    1.61063004 0.767818809 0.289877892 -0.0278612971 1.59383464
    -0.293552101 0.175336301 0.242546558 -0.585793793 0.630743027
    0.509879053 1.38546753 0.140119314 -0.554057837 -0.0687832236
    1.09464157 1.33742964 0.134304464 -0.133164883 0.956872225
    1.58782506 -0.139405727 -0.495439231 0.503513277 0.678579092
    1.09046412 1.64697373 0.630290151 -0.0210646987 0.0358127952
    0.19051981 -0.0700186491 1.20564079 1.58653927 -0.119508803
    -0.112361431 0.709192038 1.08719015 0.785219669 0.290893197
    0.953185558 1.09896231 0.115306139 1.15108228 1.52769256 1.66644681
    0.240428746 0.734644055 1.61624599 1.02008104 0.228931546
    0.882222056 0.221517742 0.366172373 1.43823922 -0.430059314
    1.10379004 1.03905785 -0.337489426 0.101063371 1.51102161
    0.225237906 -0.118046582 0.777641535 0.972305357 -0.279387891
    0.525764048 0.201783121 1.11519861 0.951678574 0.236578941
    -0.0922560692 0.314962447 1.52161336 -0.0626663566 0.869397938
    0.72220999 1.0071435 -0.298321307 -0.36817053 -0.128050864
    -0.359095067 0.164273202 0.568984389 0.578637242 -0.0829855204
    0.555616677 0.849285007 -0.0450083017 -0.574431479 -0.00785720348
    1.22913408 1.46346092 1.15138638 -0.226619333 0.769362092
    0.748689115 0.409347773 0.404765904 1.1935358 -0.0383319855
    -0.675880432 1.29193318 0.57223171 0.417518497 1.07598782
    0.0284554362 -0.54060775 -0.26079306 1.45101523 -0.673430026
    0.565850496 1.27045512 0.61801362 -0.0113565922 -0.408968568
    1.15210962 -0.12010181 0.415848136 -0.185650557 -0.0229459405
    -0.340001941 0.0698131323 1.53428102 1.58724153 -0.294564128
    0.695541501 1.46912599 1.35827911 -0.608866513 -0.0696470141
    -0.307049006 0.3456828 1.02522326 0.433214545 0.252127409
    0.798500657 0.322926402 1.36314356 1.06942952 0.913948894 1.2360394
    -0.305284947 0.723154902 1.26702678 -0.0665285587 0.946553051
    -0.0771986246 0.363680899 0.649282515 0.590794384 -0.434472799
    0.69802469 0.127422452 0.125562847 0.119709074 0.541192114
    1.03097415 0.210381091 -0.213011146 0.0546428561 1.34412301
    -0.486504853 1.14426482 -0.536688447 0.0979946256 -0.0922440886
    0.349497557 0.494584203 1.41454613 1.62099123 0.936389685
    0.447852552 0.358981967 0.51353997 -0.305436671 -0.621349275
    1.4534862 -0.38943398 0.835287631 0.301104009 0.594799101
    -0.508127391 0.793824613 0.667445958 -0.338382483 0.32714504
    0.276934147 -0.357717276 0.0246532559 0.302708149 1.30972147
    0.216447651 0.0759854317 -0.0705940127 0.651263595 0.260874093
    -0.117121398 -0.315417081 0.789856374 1.50668263 -0.165492654
    1.46804297 0.534825563 0.49856174 0.657399535 1.06684184 0.471133471
    0.799406886 0.481307089 0.953004718 0.585999668 0.15718931
    0.525252283 -0.551371872 1.1955862 -0.36187163 1.13345981
    -0.0850536227 0.835412443 1.34324348 0.665280581 0.485726297
    0.282763004 -0.0565676093 0.664640725 0.504655778 0.808451533
    -0.103137016 0.121920943 1.6239512 -0.530916393 -0.617016077
    0.208077967 -0.465177596 -0.193380684 -0.0236625075 1.58999336
    0.313980281 -0.244693279 0.323399663 1.28120673 -0.321229696
    0.999972522 0.764795244 -2.85506248e-05 0.143805563 0.428568244
    0.452116191 -0.459886909 0.562881351 0.927743077 -0.451941669
    1.23493648 0.597519577 0.42959547 0.297660887 0.611642182
    0.0155416131 0.015828073 1.31104779 1.48165202 0.0859821439
    1.54136455 -0.241981953 -0.239619017 0.0768978596 0.0304774642
    0.39604342 1.23492289 1.54312015 0.574435651 -0.0624467134
    0.727612317 1.02989542 1.2757051 -0.235825896 1.15177441
    -0.0557809472 0.443112433 1.30560708 -0.134863675 -0.142921388
    0.268956244 0.452272475 1.2293309 -0.383111984 0.316164434
    -0.386918306 -0.0223363042 1.13219118 0.662970901 1.511971
    0.0788676739 1.27059448 0.0211110711 0.906910896 -0.252491772
    -0.304676533 1.36700416 -0.265218973 0.51680547 0.335885286
    -0.315796673 -0.340686023 0.195517421 -0.432263911 0.573107481
    0.677168071 -0.449943215 0.612299323 -0.55749315 -0.424714625
    0.229937255 1.47646236 1.01535988 0.776465237 1.00756633 0.396598876
    0.680247784 0.30660224 -0.385662913 0.0562508106 1.59609818
    0.429899871 1.1688993 0.0500798225 -0.189599335 1.25520885
    0.527877808 1.46999598 -0.0128057003 -0.00845253468 1.15032351
    0.357101262 0.413986981 0.573192894 0.738501132 1.37920189
    0.524953723 -0.0404706001 1.23167062 0.699820101 0.129256546
    -0.461492777 -0.383227557 -0.268128902 -0.199960232 1.06168556
    0.629161716 0.890423834 0.605535984 0.768073082 0.673043013
    1.18404186 -0.0906199813 -0.17759943 0.291740417 -0.276631474
    0.929244876 -0.680991113 -0.0148447752 1.70179117 0.690321743
    1.45422471 1.20745826 0.763392031 1.47630167 1.1463114 1.2716639
    1.28996873 -0.418799758 0.522429764 0.681304455 1.68232989
    1.22267425 0.683263958 -0.292079836 -0.00937247276 1.64719605
    1.01571918 0.80872643 1.08294582 0.483689666 1.60319066 -0.61982131
    1.31087852 0.395999789 1.09750605 0.516376197 -0.161350816
    0.457098901 0.536989927 0.814991057 -0.304596514 -0.00760364532
    1.27350712 -0.069897294 0.527010918 0.107204437 0.623037636
    0.858571351 -0.0293241739 1.08557796 0.0459538698 0.583216548
    0.666030526 -0.399312407 0.913724303 -0.267419428 0.639071226
    0.146321595 1.34944713 1.04084182 1.32867575 1.65168691 -0.611142933
    0.737332821 1.3291502 -0.479884148 -0.653947234 -0.308360457
    -0.402880222 1.22757387 1.22733927 1.26638293 -0.324294358
    0.798984528 1.46132517 -0.0587174892 0.00416898727 0.870301068
    -0.0888214707 0.791931868 0.431203723 0.729592502 0.83449322
    -0.388018787 -0.446177661 1.00417733 0.36973083 1.16592646 1.5289309
    0.844912589 0.0402094126 0.646086991 0.924083889 1.10432196
    1.40891063 1.26553285 -0.192965448 0.844326854 0.943648279
    -0.640861213 0.330440223 -0.0164527297 0.426480889 1.6430614
    1.07370281 0.847541213 0.766604006 1.46325994 1.31225514 0.850674629
    -0.434202343 0.0190508366 0.0701236129 -0.0940868258 1.43524146
    -0.423346251 0.538403749 0.488511682 -0.0707900524 0.89566344
    -0.0328610539 0.253333569 1.15768838 1.65885437 0.172688663
    0.328161895 -0.0374854803 0.587110221 0.155918956 -0.5202986
    -0.303070098 1.43984079 0.631527424 0.0803537369 1.11255455
    0.251226008 -0.181502193 0.272153318 -0.433226973 -0.013394773
    0.588931322 1.31711626 0.710571468 -0.315743417 -0.301338524
    1.64936638 -0.342948973 -0.284687936 -0.487689674 1.60514069
    1.19555831 0.325504363 1.61138391 -0.177261829 -0.335303634
    0.474216819 1.2584784 0.563967824 -0.416552931 1.4862926 0.719118953
    1.6285876 -0.315119296 1.08838296 -0.178208083 1.26664042
    0.267735302 0.41894114 1.61988115 1.10949683 -0.362401187
    0.0385696888 -0.0705992579 -0.1229527 0.465257406 0.179045081
    0.452350438 0.201001287 0.751612961 1.39327145 1.19451201
    -0.175293028 0.297015786 -0.51873672 1.16331017 0.0178065896
    0.086902082 1.38169765 1.23897016 0.713348925 -0.492055655
    0.818369448 -0.651747584 1.3206389 1.54130304 1.29216385
    -0.463338017 -0.131520808 -0.677272797 -0.513317287 -0.0456585288
    1.24741387 -0.219308674 -0.439672172 0.592706263 0.33492136
    0.219787598 0.021348536 1.56765056 -0.430853933 -0.199469805
    0.14307493 1.57209063 0.0444746614 0.510934889 -0.425019801
    0.241851389 -0.12576288 -0.00328177214 -0.307020247 0.332739651
    0.841675401 0.254042149 0.506433904 1.12550354 0.821676612
    -0.626016736 1.3034656 -0.0277730823 -0.421279848 0.00329983234
    0.0312398672 -0.0371974707 0.788779438 1.43932986 0.98026818
    1.06463933 1.48914814 -0.0703003407 1.27440453 -0.400418669
    -0.525684118 1.36282086 0.415849984 0.906769156 0.262174249
    0.941615701 1.60891652 -0.686648548 -0.585288763 1.53009129
    0.882239342 1.61127484 -0.177249014 -0.408618659 0.0641120076
    0.767450452 -0.284925222 1.63065553 1.11695993 1.50273573
    -0.231149703 1.0424788 -0.598225713 0.193727255 0.382525682
    0.959187746 -0.107147515 1.0470252 0.889600575 0.202341676
    -0.619109988 0.447499871 1.47033441 1.5569346 0.755770922
    -0.340793967 -0.046402216 0.358855665 0.1240713 0.343448341
    -0.402809799 1.4448185 -0.614751756 1.15966415 -0.422982365
    1.58888149 0.566633403 -0.380440772 -0.343758047 0.945435643
    0.266151667 -0.0710890293 0.691679299 1.44489515 0.253890932
    0.874736726 1.09656847 -0.370941103 1.47937536 -0.0336773992
    0.962917626 1.31114399 1.47566092 1.61484575 1.02124953 -0.247964859
    0.625664532 1.25569379 1.50168002 0.0516359806 -0.380221307
    -0.145119458 -0.103940845 -0.327021152 -0.304706544 0.516980052
    0.170839071 0.666190088 0.497497141 -0.0316200852 1.61729741
    0.590884805 1.52892208 1.25009418 -0.171558678 0.733444989
    -0.634151161 -0.391448021 -0.515334964 0.712690711 0.974748671
    1.57638156 1.2258234 -0.162894249 1.10792875 1.52829981 1.16546202
    1.34625673 1.43036962 0.74533534 0.330469489 1.45226383 0.438725293
    0.541817367 1.02309978 -0.280629665 0.471747756 0.479758024
    -0.511953115 1.36570406 0.489009261 0.850249887 1.48503971
    1.35320663 -0.445000291 -0.189492702 0.538545251 -0.290827572
    0.260794044 -0.557714999 0.488029718 -0.666814625 0.782603979
    0.980666876 1.0345192 -0.018255949 0.317569852 1.25433683
    0.0520063639 0.962417841 -0.469241798 0.743167698 1.38697767
    0.70003742 1.44291914 1.41645885 1.42553711 0.814050198 0.745907843
    -0.668630183 -0.425225049 0.164623737 1.32650352 0.296542346
    0.502150476 1.48525715 -0.0582731962 0.00441634655 0.0409921408
    0.908113182 0.802638233 -0.217635453 1.20830584 1.05565166
    0.397322118 1.47344589 -0.573930621 1.25019145 0.36317116
    -0.0361658931 -0.341360897 0.233065724 0.830056608 1.25785375
    0.208689451 1.32803822 0.519469857 0.493025422 -0.433483511
    1.43480992 -0.438589871 0.310765088 0.550124884 0.507329404
    0.669712543 0.0123239756 0.0616183877 -0.38225776 -0.264988214
    -0.633496165 0.386933506 0.109351337 1.09492564 0.109377801
    0.498618603 0.971616566 -0.127577186 0.827682793 1.4076494
    0.541691065 -0.22172004 0.0444966555 0.5325225 0.166460395 0.24368
    0.904070258 1.4500891 -0.570828617 0.622952878 -0.380544543
    -0.0817671418 -0.549176097 1.22187114 0.894236386 0.918427467
    -0.423366129 0.832253873 1.01943898 0.538215816 1.45483637
    1.35686731 -0.0853241086 0.657381356 1.06063271 0.658727109
    0.687363386 0.0824185014 1.60593224 1.5621686 -0.631342888
    1.61882901 1.04434967 -0.186386406 0.693907559 -0.102757275
    0.469080031 -0.0274117589 -0.0982192159 1.38000178 0.746317804
    1.55679488 0.502709806 0.720239103 0.706200421 0.825624585
    1.13838124 -0.46049425 0.776954472 1.48882556 -0.110170007
    -0.196732849 1.14291763 1.66403317 0.40257585 0.353912771
    -0.375295341 0.881053984 -0.186569571 1.14956117 1.07702982
    -0.233893931 0.908798993 0.244103491 1.43447709 0.314912915
    -0.636974275 0.755348086 -0.0379162431 0.957448363 1.5737977
    0.859217227 0.818980694 -0.0559216738 1.00036991 -0.120298088
    1.60443306 0.620029569 1.30579853 -0.318284243 -0.552642167
    1.26304173 -0.27061516 0.0247167945 -0.186857283 1.52245712
    -0.37785998 1.34705925 1.21402335 1.18987226 0.2414729 1.25702977
    -0.368883729 -0.106203079 0.308620095 0.764879704 1.59315205
    0.0195769668 1.12407279 0.470871687 1.52366662 -0.64154762
    1.29432619 -0.439360499 1.78186631 -0.0319122076 -0.243847251
    1.47265863 0.881329715 0.573764443 0.22734338 0.980825305
    0.865856111 -0.0123723149 -0.410427451 1.74328542 -0.536418021
    0.670816243 1.70923185 -0.503345013 0.35041225 0.940147698
    -0.195228398 0.777229607 0.807723761 1.27162075 0.401641428
    -0.152357697 0.675413787 1.12356997 1.34116006 -0.682301164
    1.00002778 0.352590978 1.05910647 0.998697639 0.242385983 1.40567982
    0.141041994 1.23226619 1.07990575 -0.139759928 0.518934429
    -0.612059772 0.423406124 1.15883255 -0.106330335 1.45021176
    0.000136315823 1.09791803 -0.0128149986 0.243507028 1.61238241
    -0.618708193 -0.376502573 -0.199359 0.311452508 0.0967155099
    0.206330776 0.742220521 1.0031414 0.38505125 0.153202593 1.51718855
    1.14915395 1.43093038 1.38653576 0.209268034 1.63551378 1.02240896
    -0.27110219 1.61444545 0.71992898 1.60905707 -0.388984144 1.31422055
    -0.31734392 0.0929797888 -0.445597649 1.50880194 0.0582175255
    -0.149820209 -0.435156196 -0.062957406 1.28738976 -0.130104363
    1.3479619 0.847031832 0.862458169 0.9745754 1.05393958 -0.24111411
    0.146190166 -0.132991314 0.705152512 1.06651652 1.53809381
    0.0937235951 0.147025585 -0.423889995 0.33957535 0.721428752
    1.44523096 1.21561432 0.176536381 1.63575411 -0.10991466 0.183212578
    -0.597715139 1.14757013 -0.577842712 1.36384237 0.743391216
    1.23644078 0.955828011 0.814089835 -0.323637247 0.730773568
    -0.34549427 0.490805209 1.04593086 0.751942158 0.0874480009
    1.53106594 1.38592112 1.17439127 0.307109594 -0.694367588 1.56991386
    -0.276805222 1.43927836 1.10989177 0.0400770903 1.05289912
    0.260485351 1.42787564 0.286399484 1.63006306 0.246235669 1.60873842
    1.44821799 0.160164237 1.42073178 0.579645514 1.05729938
    -0.132322192 1.01443446 1.31888294 -0.474855393 0.167957127
    -0.568568647 -0.534624338 0.72746253 0.21724844 0.0948058367
    0.597058952 0.758520961 1.4053998 1.40193677 -0.475231469
    -0.342749715 0.606157899 0.0891634226 1.498142 0.980543911
    -0.283942729 1.04364288 0.764823675 1.26242614 1.37322295
    0.940466046 -0.246406615 0.420002043 0.845882833 -0.70300895
    -0.0621774793 1.40835357 -0.5027349 1.23518264 0.606084526
    1.28265333 0.0930243731 0.703660488 0.08434093 1.48566222
    0.829575181 0.180382609 1.23327565 -0.222923934 0.502457738
    -0.23282367 0.040199101 0.979647875 1.06805634 0.97155261 1.61101103
    0.424003005 -0.518554091 -0.530790269 1.02715743 1.23624825
    0.826215148 0.0425536036 0.162387967 0.199505389 -0.408162981
    1.53575802 -0.148249209 -0.563942313 0.391070366 -0.540906787
    0.166461706 1.25685644 1.1812315 0.753516376 0.646964729 0.83240217
    1.06282616 -0.35616532 -0.0820245147 1.14678407 1.68929958
    1.31508696 1.22144783 0.650872886 0.908443451 -0.575325966
    -0.181979269 -0.221068293 1.20780766 -0.162582099 1.38255525
    1.40026915 0.773162246 -0.017352581 -0.374151707 0.570758641
    -0.368088692 -0.198170155 1.14777279 1.35298693 1.53294444
    1.00682497 0.174863696 0.51125294 -0.594111562 0.92572552 1.52582526
    -0.447001189 0.561715841 0.477093399 -0.0261502266 -0.382010967
    0.432745695 0.387033999 0.024461925 0.734634161 1.21214032
    0.65005213 1.17132163 -0.436924785 0.384312212 0.76671499
    -0.474846214 0.218359828 -0.156741172 0.0733957291 0.340940893
    -0.0503486693 1.31080723 -0.270280361 -0.113295466 0.674780905
    -0.538079083 0.635385096 1.53805768 0.509980261 1.00426459
    0.313718081 0.10946393 -0.149394989 1.03735363 1.14277363
    -0.411390662 -0.328602493 -0.0268118978 -0.564634085 0.821124852
    0.191600025 -0.046866715 -0.504633844 1.48265243 -0.664753735
    -0.188623846 1.32050371 0.668961048 1.43562937 -0.0978538394
    0.397676349 0.668632507 0.237518966 -0.16021806 1.23161745
    -0.184663892 -0.11926353 1.29002583 -0.470242321 0.699650347
    1.60305691 0.0271276236 -0.0835906863 0.41953069 1.01319933
    0.905450702 -0.495045364 1.39427209 1.55761957 0.334019065
    -0.0166313648 0.0585287213 1.52471471 0.795507848 1.16480589
    -0.387024641 0.610886335 0.499653518 0.166517735 -0.401277691
    1.40854847 0.349905491 -0.180212855 1.19670737 0.0445070863
    0.441215634 -0.00460147858 1.16241646 0.470895946 1.43603802
    -0.144790173 -0.420618415 1.12426949 0.838488162 1.0103792
    -0.117123604 0.244140685 0.201960921 0.151370764 0.413692653
    0.569466054 0.876683533 0.694834054 0.0307450294 0.288940251
    -0.228735685 1.72035933 0.685581326 1.1397047 1.03883052 1.50336397
    -0.764127493 -0.486855537 0.600874782 -0.468546838 1.18040657
    0.813419819 1.35711634 0.807228863 1.50300753 0.437875569 1.62114382
    0.0935535431 0.571844757 0.722971261 -0.298555702 1.09717751
    0.781924486 0.902612388 1.29832792 -0.669803977 0.991660416
    0.319494784 0.566690624 1.42546916 -0.136030316 0.912612259
    1.10355163 -0.396481603 0.507046402 1.38244724 1.05434632
    -0.625014007 1.59989941 0.999231398 0.727444291 1.14347816
    0.902003586 0.52159059 0.387123764 1.47739434 1.53368211 0.150343299
    -0.253368437 0.626372039 -0.52058363 -0.129965812 1.06332946
    1.05442214 0.997592092 0.310648918 -0.549853981 0.228215218
    1.33866715 0.803511918 0.115976512 0.435542464 0.0925711393
    1.29525805 1.50367284 0.97924763 0.935756385 -0.463573396
    0.461807132 -0.23952654 1.49100637 0.894356549 -0.0339816809
    0.873155653 0.455284357 -0.131539643 1.17718971 1.56473851
    1.49671781 -0.522615075 0.780659378 1.00779951 1.28482509
    0.370610774 1.36349702 1.29047203 1.43175757 0.239092588 0.31556958
    -0.00675708055 -0.162360191 0.885871351 -0.0445988178 1.25885606
    1.66236341 1.21037841 0.764668107 -0.590541899 -0.510147333
    1.64352977 1.59190178 1.15387487 0.860272765 1.03781438 1.17927384
    0.411836088 1.31234097 0.324381471 1.32033718 0.38670212
    -0.494166851 1.30312133 0.0732449293 1.66697073 0.555534005
    1.20255733 0.42086941 1.55606771 0.634988844 1.17593002 0.898797035
    1.5270102 1.2350589 -0.316282213 0.420918643 -0.4899593 -0.414156437
    0.734291196 1.44669724 0.201502323 1.53402257 0.682881832 1.65973234
    0.416793764 0.320783377 -0.150779009 0.18704772 1.67276525 1.5598464
    0.940796077 1.31017292 1.70574617 0.194486141 -0.357702941
    0.532481611 -0.565084696 0.490571797 -0.0319704413 -0.110401809
    0.758594513 1.49161458 1.40526748 1.11796451 1.36413479 0.723994732
    0.35843426 1.23510695 -0.483755112 1.08565378 0.339689314
    -0.0643392205 0.261546612 0.146188259 0.0411989093 1.16655064
    0.272009611 0.433239818 0.189276218 -0.47660473 1.37880659
    1.03964925 -0.0638892651 -0.321383089 1.78110385 -0.159907341
    0.886153936 -0.0100139976 0.474773824 1.33213329 0.921411335
    -0.0566105843 0.819387853 1.63356924 0.137548864 0.147896945
    -0.0869258046 -0.564724922 1.56713557 1.61812711 0.244227827
    0.301307023 1.18010271 -0.0966845155 -0.19362247 -0.0449575782
    0.527093887 0.927683949 0.357777596 -0.613004625 -0.37004447
    0.717847347 0.78118974 -0.382798672 0.505484998 0.462996304
    0.88196516 1.06708813 0.716155112 -0.528926253 1.15279508
    -0.18455711 1.02671719 0.383063614 1.17915905 1.17741168 0.959629476
    1.44337666 0.00829857588 -0.666030228 1.04098773 0.552901447
    1.01747513 1.41182184 -0.00904577971 -0.454385102 -0.403687567
    -0.631321847 0.123890221 0.975418925 -0.0640161037 -0.392829508
    -0.0902686119 1.13739777 0.0594112277 0.186867058 -0.641478956
    -0.53269279 1.40283406 1.50458217 0.877169847 1.54553246 1.59312499
    1.53185225 1.17051387 0.30555433 0.695922315 -0.176078945
    -0.135467499 1.1945833 -0.522909045 -0.329706311 0.150004625
    0.1437096 0.134415984 -0.22906208 0.0290184617 0.725072205
    -0.288312495 0.483837008 0.923398733 -0.0898763537 -0.0834856629
    0.938344836 1.25483418 0.371686578 1.16175222 0.27400136 1.61512995
    1.1010344 0.260590196 1.10865092 -0.0300168991 -0.333260745
    0.710795999 -0.281915337 0.567180693 -0.265841722 0.658124387
    0.230493009 -0.72077322 0.983419716 -0.640241146 -0.701520324
    0.911747396 1.55290294 1.15495896 0.231051564 1.26836538
    -0.186254919 0.530767083 1.50594568 -0.0821020603 0.404301226
    0.0417332649 0.710755825 0.265261412 0.492122591 0.597177446
    -0.491720498 -0.676988363 0.466932535 0.42342937 1.44380319
    1.29627371 0.660012424 0.0762959719 1.33560634 1.10967469 1.04846787
    0.540813446 1.28918195 1.23854566 1.50819349 0.737942636 0.275310636
    0.480627954 -0.566513538 1.43156266 0.695646465 0.589275122
    0.526700974 0.167744994 1.02379608 1.19487071 0.139817536
    -0.0597813725 0.333529234 0.246603012 0.272598326 -0.0713191032
    1.17137432 -0.130324543 1.38654804 -0.615317822 -0.281804442
    0.170662105 -0.150244474 -0.0209829211 1.19060016 -0.0956063867
    -0.323968589 -0.0192574859 0.958342791 0.613305867 -0.110954463
    1.37168002 0.662518859 -0.394935966 0.908561707 0.119366288
    -0.00768655539 0.888924718 -0.627705634 1.22629356 1.5759064
    0.361277461 0.17081815 0.5776214 -0.467933565 1.56672525
    0.0520128012 1.3693552 0.309247017 1.04837942 1.17045689 0.769298255
    1.35954618 -0.341433018 -0.364898533 1.3055892 0.663198709
    -0.0490393043 -0.612745821 0.932625592 -0.153768659 -0.431891054
    0.614260197 0.0791570544 -0.182836533 0.641059995 0.696784198
    0.210162818 -0.134139597 -0.548086107 0.685109079 0.0585415363
    -0.438603669 -0.124860644 -0.0823837519 -0.154902995 0.82575649
    -0.598577976 1.06296587 0.205996752 0.502741694 0.147038758
    -0.583518624 0.42279321 -0.309696823 1.18766558 0.664167702
    0.863996923 -0.194380879 0.103388309 1.15567088 0.629902422
    -0.150343597 0.476899087 0.57531631 -0.496571302 1.56338215
    -0.628669918 0.0886715651 -0.566064656 0.628836751 1.3709538
    1.19098318 1.31997919 -0.672194421 -0.270435333 -0.15008074
    0.471946716 -0.512799501 -0.203926593 -0.0820561349 0.740827739
    -0.217271745 0.580255449 -0.137654006 0.062761724 -0.356714338
    1.02309453 0.286731362 -0.209724307 0.278905153 -0.265949577
    0.527234495 -0.280980825 0.164079368 1.50881767 0.365549326
    -0.31788817 1.2122649 0.644794643 0.795039356 0.167960644
    -0.461886466 1.40483999 -0.0457840562 0.616725028 0.735440016
    1.0274936 1.26327622 1.3086524 0.771415472 1.11986566 0.36437732
    0.660123289 -0.39881283 0.578553021 -0.216858566 1.4670577
    1.27224851 1.52718258 1.26728857 -0.535411716 1.60028625 0.260549903
    0.405364394 1.35607004 -0.316477627 0.247669876 1.29641736
    -0.420164526 -0.32813552 -0.665851414 1.490628 1.23261726
    -0.361938417 1.12130356 0.258400142 1.66301727 -0.0393515229
    0.0672568083 0.374062955 1.08590889 0.330248833 -0.0648983717
    0.345377386 -0.314603984 1.28618777 -0.153276801 -0.075750649
    1.26182485 1.00091076 -0.147681475 0.314279556 -0.334706694
    0.569111407 1.66234457 0.031223774 1.46917462 0.615796387
    0.0444258451 0.438479066 -0.00684201717 0.758938313 1.25107431
    0.248713553 0.330565631 -0.0715662837 0.139123857 1.34002256
    1.30565548 -0.609530449 -0.598228097 1.69204068 0.369757533
    0.511355221 -0.236730635 0.685664475 0.737293601 -0.623112857
    -0.711002469 1.29395604 0.66082108 -0.610763192 0.244469166
    0.848198712 1.09247661 -0.147524059 0.833724976 1.37328327
    1.08244896 1.50120282 0.914513946 -0.471448183 0.308333755
    -0.595572948 1.41191006 -0.1759004 1.5887723 1.3656354 0.0255786777
    0.336787283 1.26038361 0.729522288 -0.243272692 0.786959589
    -0.284685999 -0.525706887 0.845823228 0.0479710102 -0.441866904
    0.384961843 -0.451877773 1.41767597 0.558992982 1.14759386
    0.917303622 1.49177837 1.5324018 0.499980569 -0.128379226
    0.401007235 0.264375091 -0.417691976 1.07713163 0.4901191
    0.239498436 -0.33187905 -0.117879629 -0.0867369771 1.53001642
    0.399258435 0.996831238 0.0171373487 0.599055767 1.54848492
    -0.283421546 -0.344610065 0.0725468993 1.2527585 0.583604217
    -0.652422369 0.336847961 0.909317315 0.837967575 1.61602354
    -0.508346438 1.44018221 0.364171147 0.867692292 -0.492390275
    0.724357009 -0.395609677 1.02989507 -0.0369186401 0.972969651
    0.928132594 0.606615901 -0.476914227 1.53102934 0.807019293
    0.473063409 0.309456229 0.774107158 1.00498676 0.323585093
    -0.69350481 0.921863496 1.391922 1.2689302 0.18668437 -0.0207747817
    0.363502085 1.10454822 -0.635507584 1.03529048 0.538645267
    0.841829658 -0.0424156785 0.913594544 -0.152747989 0.623275518
    -0.454389572 -0.172875047 0.889751434 -0.555628061 -0.512716532
    0.63565439 -0.505259573 1.20152915 0.693792522 -0.0588255525
    -0.610798359 1.080513 0.961962163 0.24631089 1.14307475 0.108636081
    0.429909706 1.07012248 -0.509976923 0.57636857 0.862922132
    0.253531635 0.43433857 1.52658951 0.0361223221 0.927909553
    -0.206641078 0.903651595 -0.120828211 1.1887548 -0.29648459
    1.23519087 0.299192727 1.02010167 1.53070092 0.760421634 1.17474544
    1.21085095 0.71082145 1.52193069 -0.184576988 1.11043203 0.517083228
    1.573627 0.352476835 -0.162682772 1.04957891 0.524058342
    -0.0726026297 1.63624859 1.1029799 0.7601493 -0.0656681061
    1.56292474 1.08125353 0.429541588 0.12753582 -0.161417335
    -0.322617292 0.633248806 -0.444869578 0.171546519 1.5693258
    0.899301708 1.22250605 -0.168756127 0.437005162 0.684748173
    -0.457026184 0.706191897 -0.242759883 -0.127504647 1.18955612
    0.0690214038 1.13574123 0.445269585 0.418102741 0.547536671
    0.770002484 1.00643921 1.39921832 -0.400435507 0.278486729
    0.307647407 1.34597206 1.05776715 -0.572886109 0.657216251
    0.591291249 -0.208154142 0.283205509 0.939063728 0.272052348
    -0.423608035 1.09841871 0.258585572 -0.459791183 1.33712232
    -0.575895369 1.26838398 -0.252325058 -0.682076812 -0.306474119
    1.04863 0.904021144 1.45394194 -0.655107558 0.356276691 1.09474504
    -0.670972109 0.429607213 0.896741688 1.06064916 0.608287394
    0.513525426 -0.0712489486 1.50227022 1.07127953 1.03729844
    -0.430484027 0.718121231 1.25296044 0.225638807 0.125704765
    0.0687015057 0.112753272 -0.618914664 1.0515511 0.580278397
    1.66738892 -0.21505326 -0.283421278 0.020003736 -0.552063346
    -0.193331689 0.62473923 1.17188334 -0.409286767 0.156003237
    -0.617256343 -0.250470251 -0.0293742418 0.255522072 0.854386866
    -0.314546198 -0.034004271 -0.117141664 -0.475440681 1.52223563
    1.48210168 1.09790206 1.32198238 1.24538004 0.495839775 1.42340088
    -0.560271144 0.191543758 -0.0633346438 0.980879307 1.41275465
    0.868573844 0.344120204 -0.640801847 0.493920267 0.011718452
    1.59750128 1.48256147 0.953699529 0.713001966 0.67108959 0.301795185
    -0.146985352 -0.303403497 1.48614883 1.27552342 0.422334611
    1.03019524 -0.173621029 0.662008882 0.571106374 0.868884265
    0.372984827 0.84863168 0.55796814 0.99016577 0.675891757
    -0.577156723 0.0630840659 1.4854939 0.484278142 -0.00367492437
    -0.529799819 0.184528232 -0.0738998055 0.0266893506 -0.620556951
    1.6985414 -0.384949058 -0.195472777 1.49119544 1.35033441
    0.495135128 -0.0848661661 -0.630474329 1.44508648 0.611990154
    0.601767838 -0.0465780497 1.34834027 -0.248042047 0.382071495
    0.619541407 1.10260892 0.548362076 1.42454755 0.213716626
    0.950651944 0.274430513 0.718361378 -0.478644192 0.803367078
    1.49965739 0.000815331936 -0.443528235 1.55851233 -0.478342772
    -0.590333045 -0.561119795 -0.314489156 0.968516529 0.519296646
    1.149647 -0.467783779 0.235011518 1.35254145 -0.159473896 1.25336862
    0.847389579 1.38598239 0.339626372 1.59727192 -0.341638267
    0.738193691 0.474947631 -0.432198018 -0.205384225 0.285840213
    0.00022059679 -0.549392462 -0.499810934 1.39837229 -0.457924187
    0.736615181 -0.207864702 0.00190544128 0.572849691 0.662749767
    1.59029794 0.66526711 0.594412565 0.784716964 1.09731579
    -0.511233389 0.703943312 -0.0150040984 -0.129899323 0.185462236
    1.19234359 0.313332915 1.48509097 1.07748961 0.533818901
    -0.484656066 -0.113203824 0.541854322 0.465909541 0.131958902
    -0.341187119 0.0815623999 1.1602205 -0.493049741 1.30415678
    -0.222415209 -0.546860099 1.27882123 -0.576258123 -0.180381089
    0.304087579 0.427684486 1.20361567 -0.398991108 -0.548480868
    1.30981565 1.5334655 -0.634331703 0.481874526 0.0793245435
    1.62731028 0.0201106071 0.607146442 0.882565796 -0.424954534
    1.03088546 0.824856877 -0.0643968582 0.852910161 1.64579225
    1.19968855 -0.42058143 -0.281299978 -0.0237702131 1.10265458
    1.09590673 1.66567612 -0.413872063 0.21594584 1.57278371 0.687872231
    -0.0214291215 0.18169117 0.0144777298 0.27288425 1.43834543
    1.18520617 0.22420013 1.28390193 -0.672873557 0.979966104
    -0.287235618 1.50783527 1.26008344 0.886971653 0.116499484
    -0.0217058063 0.268942416 1.5306356 0.776940286 0.953670382
    1.35846782 0.341437876 -0.252985239 1.40913165 0.743571997
    -0.0208537579 1.5915966 1.03686953 0.569918752 -0.214033037
    0.503596902 0.961132228 1.07589185 0.836338997 -0.028182745
    -0.314617187 0.0909485817 0.937384009 0.20187217 0.135544538
    -0.550854385 1.583112 1.17620063 -0.432143152 -0.527367592
    1.07606912 0.243908942 0.549715459 -0.224855125 0.0114638209
    -0.0708786845 1.07499957 1.54430747 -0.229326278 -0.0240029097
    1.3245728 0.912791848 1.11913788 1.0291903 1.40822101 0.715737522
    -0.590019584 0.674978316 0.476822674 1.06418967 -0.552775919
    -0.535710096 0.75187099 0.545430005 -0.473547667 1.51482964
    1.04276466 1.14323008 0.030498147 -0.381716549 1.63107753 1.18505085
    -0.0872497559 1.08091736 1.59676301 1.58108079 0.582672656
    -0.496828258 0.0547283292 0.0957031846 -0.452750802 0.361239672
    0.548278034 0.16033417 0.946804464 0.866066635 -0.157111764
    1.02769303 1.48539567 -0.493057728 0.0834108591 -0.126974851
    0.230380833 0.81374836 1.56164491 -0.640835404 0.583321631
    1.52659118 1.47481346 1.35861003 -0.460064322 0.885851741 1.69085956
    1.12580299 -0.517108202 -0.474961102 1.63205564 0.207338333
    0.362653315 1.03612149 -0.0955690742 -0.383246481 1.1998198
    1.07698929 -0.458173305 1.4531877 -0.639366686 0.4883582 0.485503018
    1.49519014 -0.426423758 -0.419767678 -0.050819695 1.45588756
    0.593326986 -0.540568471 1.53452492 1.19711232 -0.465282857
    0.0628655553 0.526078939 -0.405197859 0.630061924 1.6603086
    1.20880568 -0.00395524502 1.34142661 0.654263377 -0.47174564
    0.400550842 1.34776592 0.95314467 1.43434596 1.42445397 -0.23587817
    0.976968348 0.166977525 0.603659689 1.56258178 1.34381533
    0.367298186 1.12202907 0.105112076 1.07566142 0.74298346
    0.0908700824 -0.211684555 -0.326413453 0.824639618 1.21242273
    1.29409099 0.234311581 1.09617734 1.36860323 1.36375904 1.00863969
    1.23947322 0.0764783621 0.156823516 0.900633693 1.62139702
    0.775006056 -0.315002054 0.0940222144 0.811531126 1.58814836
    -0.468908489 1.55443192 0.716119945 1.63744283 -0.475395918
    0.406731486 0.319052756 1.70718122 0.00898915529 1.32970536
    1.57526731 1.29600763 0.00124335289 1.44283056 1.37247348 1.08418787
    0.13434732 0.886623383 0.930381119 -0.512215316 -0.60074693
    -0.184028387 0.648593068 0.514422596 1.13509822 0.571100712
    -0.190043122 0.551033854 0.242434263 -0.100802302 -0.371692836
    1.31043649 1.23799372 1.05779004 0.572205603 1.00273693 1.44948387
    0.536845446 -0.173927844 1.38607526 0.905818701 -0.1520423
    1.09329736 0.549331784 1.23871756 -0.304642588 0.660027087
    0.650132716 -0.651685357 0.875673234 0.427061617 0.893165112
    0.894636333 -0.276209444 -0.419819534 -0.304370344 0.790467739
    0.624277055 1.09452653 -0.0710766315 -0.58094871 1.24295902
    -0.202692866 0.383975208 0.793826103 0.510025263 0.0823791027
    0.2852543 1.73161364 0.223095775 1.46064007 0.783517241 1.39690852
    -0.317681998 -0.389391303 -0.435304224 -0.0341438651 1.5890553
    0.689937115 1.47827387 0.75897783 1.32613802 1.0867852 1.63441944
    -0.302114636 -0.335484922 1.03003228 1.32081795 1.25664377
    0.427186847 -0.657435179 -0.241953194 1.09000468 1.12907386
    0.0806327462 1.3841815 -0.20959115 0.804876089 0.745916963
    0.973449707 -0.321913421 0.390080571 0.914344192 0.663131952
    0.301395237 -0.0504660606 -0.251015514 -0.174111724 0.377704382
    0.908386588 1.33667517 0.96274209 0.785126209 1.55057728 0.225373685
    1.52342439 0.260272384 0.817737937 -0.132128298 1.49651575 1.4747287
    -0.567457914 -0.465848029 -0.615082979 1.10977411 0.669617593
    0.235933065 -0.518539429 -0.582271039 1.19831181 -0.305014998
    0.692659914 1.13305426 0.561287344 0.823003829 0.59384644 1.42722821
    1.18153405 1.28120303 -0.358559549 0.293168902 0.423322082
    1.00411963 -0.0089930892 0.893455148 -0.48349613 -0.075519681
    1.59254789 0.791488409 0.123016059 -0.106713623 1.55397654
    -0.247998387 -0.198521405 0.609336674 1.70458889 0.453558207
    0.496932209 0.139698744 1.57063365 1.12137568 -0.364103884
    1.08970714 -0.562235653 0.530631244 1.5789324 0.720050693
    0.782462001 1.14289546 1.44748068 0.367632806 0.812579751 -0.1678949
    0.263179243 1.10712814 -0.437580526 1.11044693 0.888857365
    -0.585454524 1.01623321 -0.542412102 1.26865768 0.150829792
    -0.0279324651 -0.27550894 1.49308503 0.243978798 0.89721036
    1.18054044 -0.178994894 0.975953698 -0.606513143 -0.471477985
    0.0764504075 0.706008196 0.611572564 0.691141188 0.912614226
    -0.635947287 1.66852486 0.208442211 0.41057229 1.23333478
    -0.551758945 1.19656396 -0.267869502 -0.196193993 1.49657941
    1.05616093 0.273141623 -0.307961613 -0.05669415 0.492911577
    -0.0324009657 0.395106792 0.922167122 -0.515541852 -0.184984624
    0.884334981 1.07579374 0.825323641 -0.567884207 0.71309036
    0.273787916 -0.159688652 -0.31352213 0.810336351 1.23767138
    -0.324248075 0.143088281 -0.0362547636 0.029984355 1.49374509
    -0.294572741 0.0105466843 0.918709159 -0.369181991 -0.163194448
    0.222015798 0.542556882 1.21908855 -0.431294382 0.475357771
    -0.668997705 0.915821612 -0.456226975 -0.122206032 0.530832469
    1.13712287 -0.189899713 -0.0515699983 -0.589035749 0.273360133
    1.43915832 0.515800118 1.40289521 1.12412715 1.11625791 -0.219309717
    0.67169863 1.5758152 0.213919401 1.51881886 -0.170171648
    -0.137618929 -0.350277364 0.811971307 -0.142369747 1.06983304
    0.209047198 1.06521511 0.106851935 1.24778354 0.338920534 1.08511138
    1.45050383 0.889494777 -0.286005884 1.52305508 1.61270022
    0.810965061 -0.25895077 -0.239097655 0.241893828 -0.00537246466
    1.31462193 -0.142696381 1.12103987 1.56418729 0.997126222 0.4026317
    1.40207744 -0.0109018683 0.5346753 0.262880027 1.39817154 1.2754072
    0.655057073 1.23082447 0.780944407 -0.0781920552 0.332373083
    -0.493467897 0.861690044 0.486756623 0.952569485 0.0656570196
    -0.534272254 -0.201357067 1.71727538 -0.404934615 -0.0481181741
    0.835641325 0.540461004 0.490449548 -0.244243622 0.367264867
    1.30420542 1.06974983 1.45367742 0.0898433924 0.596624196
    0.866985738 0.8791098 1.30443215 -0.593304634 -0.258101553
    -0.299182713 1.40074098 0.435601354 -0.566949129 -0.0537694097
    1.55766094 1.36653423 0.218517303 0.87524569 0.825843096 1.3520304
    0.729590416 0.346930385 1.08264184 -0.000404715538 1.63547063
    -0.668498278 -0.641064107 -0.0246706605 0.243037164 0.637530863
    0.0927475095 0.566712379 0.234620154 1.08449149 -0.498164296
    -0.0970140696 1.1842159 1.28512132 -0.262319595 0.948314011
    -0.0842404366 1.64508462 1.53931046 0.0233986378 -0.390675604
    1.41668296 1.54879093 1.17690492 -0.565800071 1.56413484
    -0.454607487 0.80421257 1.09205008 0.981279492 0.19550252 1.15066767
    0.453444839 1.65081 0.610846341 0.450743556 -0.0730654597 1.27387881
    0.626048386 0.899409711 1.07209635 0.335301757 -0.0950019956
    0.308514774 0.489249289 1.47309661 1.21018696 0.675570667
    -0.0531577468 -0.686831236 -0.671411693 0.904251814 1.44358552
    0.20871228 0.122519612 -0.0488753915 1.57666397 0.648743331
    -0.450710148 1.55139756 0.216146648 0.976938665 -0.522064924
    1.01411724 0.527765751 1.5050211 1.66270399 1.160393 0.2724365
    1.59997809 -0.590420544 0.889479697 1.33012557 0.99770236 1.62559557
    1.01868749 0.666074038 -0.0657488704 -0.557160079 1.40968359
    -0.146879733 0.431205153 1.03467011 0.014776051 0.150023162
    0.295084953 -0.388715535 -0.438563526 -0.662615359 0.615574479
    0.567761362 -0.189242542 1.3013413 0.48916626 1.09595966
    -0.707395673 0.062785387 -0.384557784 1.62665939 -0.0663311481
    0.955490649 -0.432037205 -0.0200145245 1.51719189 1.08100748
    -0.563219726 -0.566595674 0.69143033 -0.326379836 0.551842034
    0.350822806 1.58144951 1.3689096 0.631597638 -0.0934032202
    0.153578877 1.6838181 -0.577255487 0.736994028 0.975138903
    0.956557035 -0.103714645 1.01140952 0.429299057 0.162754476
    -0.153658569 0.402835011 1.3808006 -0.176423252 1.34792161
    -0.478900135 0.236449122 0.414411902 1.09278607 -0.234849155
    1.29048133 1.3609457 1.55355728 -0.183674812 0.465633988
    -0.102058887 0.969401658 1.30223429 0.190419972 -0.571665645
    0.658536792 -0.602543235 1.42274642 1.10277963 -0.325515985
    1.51773906 1.38914418 0.783466816 0.0443947911 1.50147867
    0.129583657 1.41576099 0.887240648 1.36729884 -0.575487256
    0.359874427 0.126805544 -0.465451092 0.804607868 1.3137598
    -0.605610251 -0.455871761 0.255739033 0.560305893 -0.320309937
    0.271728992 -0.429392517 0.0378200412 -0.471742451 0.350168288
    -0.196509778 -0.574678302 0.425980866 -0.486102968 -0.535319328
    1.19535851 1.38391197 1.18878043 0.208285689 0.0350874662 1.17813122
    0.786260307 0.699153483 0.926845253 1.0781014 1.21647394 0.670579791
    0.555029333 -0.594304025 1.22734606 1.43141699 -0.438665509
    0.969591737 -0.510891318 0.166821897 0.932343304 1.08611345
    0.914979219 -0.340818882 1.19907069 1.55506921 1.27699709 1.12003076
    0.659770012 -0.347377121 -0.227691293 0.716759682 0.226106107
    1.13298917 0.11736387 0.676914632 1.19069076 -0.0322761536 1.2953434
    0.0190766454 -0.0624565482 0.262996495 -0.436105788 0.0839142203
    1.20658946 -0.399617493 -0.342345387 -0.580254912 1.28330517
    0.993360758 0.122006834 0.356358111 0.673041046 0.538508832
    0.300363421 0.330665171 1.02204514 -0.308894783 -0.338837385
    0.959472299 1.46884799 -0.0745834112 -0.194276243 1.05173945
    -0.671123505 1.58429313 0.811991572 1.25822687 -0.325744927
    0.272898793 0.140701294 -0.636680186 1.11989689 0.0703042746
    -0.424060524 0.713358223 1.23073053 0.887533247 1.19305253
    0.575952768 1.44335604 0.240501046 -0.199850857 0.2273857 1.00082743
    0.318956852 1.55270565 0.673382938 0.327604711 -0.404403269
    -0.124981105 1.02385759 0.0779768825 -0.574240804 -0.31813103
    1.20764232 0.733509481 -0.223855972 -0.0905499458 0.0129267573
    -0.504544914 1.53261757 0.742016017 1.62225008 -0.10356915
    -0.684693992 -0.380032301 -0.745599985 0.858852029 1.4069047
    0.176339388 1.19164395 -0.123389959 -0.631977022 0.696108758
    -0.45559448 0.293538034 0.0395991206 1.24743986 0.939411759
    0.322432578 -0.307224721 -0.439173877 1.18070102 0.830810845
    0.0438812375 1.65592194 1.23519266 0.453616261 0.228172779
    0.398452163 0.209254682 -0.543685853 -0.472711682 -0.231977701
    -0.158553481 0.942989826 -0.46278584 0.471980751 1.44224107
    0.156566381 1.49726963 -0.205008566 0.184809566 0.286646605
    1.25475001 -0.265191197 1.07418168 -0.43559587 1.42220914 1.55952454
    -0.097355783 -0.251265019 0.866930187 0.447924256 0.182597876
    -0.149542809 0.885203362 -0.500703692 -0.651245713 0.522277653
    0.67829448 -0.219578058 1.58930779 0.502514541 0.809993029
    0.392847955 0.944470525 -0.521280885 0.521247804 0.0236612558
    0.948743463 1.57621121 0.314494312 -0.0299339294 -0.508006036
    0.537569046 0.107813835 -0.492866665 0.315352738 1.59311414
    -0.637331843 -0.554059327 1.65808606 1.73090649 0.892486811
    1.20801067 0.744276822 0.025752604 -0.33517614 0.396335483
    -0.2451711 1.40427375 -0.584657609 -0.184795678 1.09734154
    0.323866367 1.42305017 -0.139621198 1.1650157 -0.340593398 1.378232
    0.730645061 -0.0520336628 1.61785746 1.17741013 1.38570273
    -0.30862689 0.224023819 -0.407132268 0.939098835 0.37382549
    0.948323846 0.538394272 0.0584228039 0.981612682 1.29044652
    0.23303026 -0.268056244 0.245836437 0.621752977 -0.168048978
    1.56826961 0.88978982 0.914938152 0.76524663 -0.502280712
    -0.262707919 0.0477307439 -0.472908139 0.591706634 0.394373775
    0.95281893 1.44146562 1.19967675 0.920999944 1.1428957 1.05416393
    -0.0440600514 1.10737467 -0.177277207 -0.169514239 -0.262965798
    0.77873683 -0.624144614 0.102598488 1.52761102 -0.126160681
    -0.484051138 0.547002316 1.28579962 0.817013502 0.41686511
    1.03896165 -0.350693911 -0.325680524 1.17989492 0.384059131
    -0.0754463077 -0.44159618 -0.269425571 1.58035731 -0.384753495
    1.49106526 -0.670558214 0.030115068 -0.389661312 1.31291604
    -0.394848168 0.0612407327 -0.205331206 -0.318861395 1.00451779
    0.884205997 0.304848254 -0.00532782078 1.63689518 -0.249620855
    -0.317499816 0.695557773 0.459219098 -0.306560814 1.41318154
    0.186905324 0.452164769 -0.387902439 -0.0947714448 0.719510376
    1.13819075 -0.0478087068 -0.541619062 -0.166854084 0.55650562
    1.37511408 0.98822093 1.29139733 -0.359537393 0.813321292
    -0.568959236 0.327323079 1.54419422 1.05361867 0.994636655
    0.938010991 0.617604971 1.41273177 -0.206291854 0.842550635
    -0.00833237171 1.24067497 -0.122589469 -0.348850787 0.561204791
    1.06248999 -0.515652895 0.171366334 0.609869599 -0.425043464
    0.277129233 -0.114396691 0.255334258 1.59587586 1.51256859
    1.21202111 0.264529705 0.230730474 -0.408390284 1.24571943 1.2151134
    -0.276600957 0.135715485 0.715947926 -0.428450316 0.134212077
    1.63060367 0.858851373 1.2421639 0.519530177 0.287361979 0.481438458
    0.920778871 1.4385078 0.80589807 0.44675988 0.29956162 0.555813015
    0.683891118 1.46101129 0.505268216 0.7929703 -0.112601161
    0.0276830196 0.759820938 1.48836493 -0.334580332 1.31569219
    0.649610162 1.30704796 0.455750704 -0.0845123529 0.754051566
    1.5946101 0.140960515 1.40291762 1.34655952 -0.0412936807
    -0.0658707619 1.41722751 -0.26082325 1.27046466 1.49846077
    0.838250935 -0.496008337 1.16544044 -0.251495451 0.467248142
    0.648729205 0.321229994 -0.515088797 -0.332036763 -0.519607306
    0.346087873 0.890099466 0.124477565 0.900080919 -0.33181411
    1.39132333 0.897652805 0.837111235 0.508275449 0.314105213
    0.416758299 0.373098016 -0.0902655721 -0.120670676 -0.0711222887
    -0.379962504 0.223565876 -0.0867763162 -0.258355886 1.07661986
    0.928030729 0.0335905552 1.19024014 1.06910777 0.428223729
    0.117567837 0.665921748 -0.0915724039 0.941721916 0.536999047
    0.18502295 -0.432318956 0.820280075 0.471215427 1.10371256
    1.09948325 1.10066247 0.991770625 1.29648614 0.720985115 0.97943908
    -0.651465714 0.622441113 1.26304197 0.324108064 1.64174581
    0.845650792 0.659851611 0.577531636 1.49314523 0.49774611
    0.273239553 0.917899787 1.52028763 0.544269919 1.43726468 1.50160158
    1.09552336 1.00746405 1.2127943 0.155506492 -0.668045104
    -0.415353715 1.30110049 0.375565529 0.961126447 1.18270409
    1.53618753 0.19181788 0.733357906 0.75622046 1.08498693 1.37079728
    0.189480782 1.05322528 -0.255357414 0.10493511 1.16574883
    0.726175368 0.640068173 -0.284797221 0.344481111 0.888804793
    -0.276641607 0.281992972 0.836838067 -0.39476952 -0.545093775
    1.40255046 1.1970253 1.27369499 -0.099855125 1.15767026 0.27089107
    -0.716772497 0.376882374 0.384240866 1.6200943 0.572516501
    1.51108432 0.238853574 1.46344912 -0.359241515 1.10747659
    -0.309433997 0.188676894 -0.324441582 -0.35290578 0.191539109
    0.63538146 0.554232478 -0.40375033 1.32296777 0.749928176
    -0.565428913 -0.172324061 1.41733134 1.62366974 1.03266549
    0.348832548 1.37965298 1.54608321 0.0964797139 1.1941483 0.375196993
    -0.413764089 0.194247067 1.16488194 1.48949134 0.565803409
    0.447084606 0.774139404 0.529628932 -0.0787713528 0.99629128
    0.325104058 1.58829975 1.1504426 0.726335347 -0.00601679087
    0.139719307 -0.375437886 1.27446532 1.4316963 -0.647871733
    0.944731951 0.296430886 0.388111532 -0.606348813 -0.670329034
    1.27893496 0.386398137 0.97499603 0.751698196 -0.271290064
    1.20655441 -0.149814546 1.40348041 1.03878677 0.359239519
    0.850451589 0.413613856 -0.0723044872 1.05226052 -0.240767062
    0.782996655 -0.361350179 0.406828165 0.82799536 0.971264899
    0.0378591418 1.31208682 -0.591979146 0.961559594 1.04208863
    -0.523829997 -0.40892899 0.661099255 1.45861769 -0.472173214
    1.553478 0.0714805722 0.715558469 -0.425882101 -0.646492004
    1.26881695 1.63382983 1.24876392 -0.40562439 0.274843335
    -0.341069847 -0.507506251 0.642767668 0.113431513 1.06049061
    0.259753168 1.09311247 0.38105762 0.614215076 0.85854429 0.674489021
    -0.208759606 -0.250111014 1.51254535 0.0126594901 0.813669503
    -0.702839911 0.498293996 -0.682299376 -0.118584335 0.51973021
    1.00074625 -0.0967341065 1.51972389 0.0152126551 -0.154668868
    -0.448899627 -0.0527729988 -0.114733994 0.849265516 1.62595868
    1.01262915 1.3519969 0.287411451 0.609625161 0.627584755
    -0.370091796 -0.309645534 0.566138208 -0.530186892 -0.650517702
    0.90995872 0.909393549 -0.21524328 0.529288352 1.42041731
    0.179038882 0.161158025 0.197673202 -0.259804368 1.46563745
    1.00788784 0.56133908 0.0498026013 1.57858324 -0.325230002
    1.58767176 1.51782238 1.10948825 0.125297964 -0.172168225
    -0.445688158 1.51702404 1.22793984 0.149168253 0.824928343
    0.985497057 0.469119728 0.992708921 0.502814412 0.830551803
    0.591529965 1.71081042 0.190521359 -0.291223705 -0.291078061
    1.35847187 0.563179076 1.1530993 -0.136936963 1.62856758
    -0.608606219 0.199810803 1.35547781 0.61664319 -0.306422263
    -0.48783505 0.671757877 -0.513984859 -0.368620455 -0.0199521184
    -0.197962582 -0.0659508705 -0.426544577 1.26060486 0.0146303773
    0.426085591 1.45481682 1.6453979 0.803752065 0.911049843 0.740254581
    0.196688414 0.77499783 -0.19298178 0.455936253 1.52807069 1.60717082
    -0.631942391 1.15666473 1.12335718 -0.44728601 1.2320168 0.20440948
    -0.441202492 -0.00518625975 0.253200173 0.162682295 1.35979176
    -0.0232093334 0.609045744 1.27493763 0.00598651171 0.572903216
    -0.431142598 0.50788337 1.41073596 1.23247397 0.327748001
    -0.429920733 0.70053333 -0.482152671 0.957993448 1.06013846
    1.06743002 1.55768347 -0.305966705 0.0732609034 1.41714048
    0.657573879 -0.170727074 -0.124729276 0.927024961 -0.699014425
    -0.337594002 0.287249327 0.254730284 1.31543875 1.47447991
    0.695237398 0.619473815 0.859996498 -0.251586765 0.945338011
    0.785337865 -0.593332171 0.0433542132 1.42983449 0.52325356
    1.47068727 0.648546219 0.984774172 1.55695176 0.38774699 0.286200047
    0.154346645 1.10140729 0.151826322 1.51906943 -0.460942745
    0.999975801 -0.232366353 1.37563491 0.588079214 -0.545789838
    1.50710225 0.271696329 1.33218467 1.3666997 -0.421323061
    -0.402009308 0.34343642 1.41590846 -0.0136914849 1.30268979
    1.00459123 0.67466414 1.53996444 -0.123603106 -0.499788851
    1.58097768 0.821291387 0.466889977 0.0947234631 0.319928408
    0.198699474 1.42627501 1.34537971 0.513938606 0.62197876
    -0.152748466 0.451636493 -0.0694372058 0.715339959 1.3872453
    0.165646553 1.63946962 -0.367618591 0.0209866762 1.50707793
    1.46965361 -0.550298035 0.846594989 1.34625745 -0.468649 1.14048672
    -0.44363308 0.586604238 1.37948179 1.63857615 0.775796652
    0.886732221 -0.0366363525 0.0131742954 0.378298759 -0.403121233
    -0.179995209 -0.490264446 -0.445821792 0.486435711 1.44664884
    1.60221946 -0.486411452 -0.313313156 0.895727992 -0.27322942
    -0.264908284 0.568947136 0.767032385 0.915736139 -0.425890148
    1.5424993 -0.29087469 1.49491167 -0.220790267 1.16597235 1.19934225
    1.47421622 1.01970077 0.77637136 0.0246565938 -0.546239018
    1.34095168 0.992362738 -0.528367043 1.57777214 1.70792079
    0.384618342 -0.59870559 -0.24247998 -0.349186838 1.60959148
    1.22537804 1.27284884 1.60088539 0.695269942 -0.328949541 1.00034404
    0.194762528 0.679643631 1.21645498 -0.265831888 1.41467345 1.2220515
    -0.732086301 0.833975375 1.49189091 -0.212841094 0.275150001
    1.40736592 -0.0443578362 1.65707493 0.537724316 -0.378423572
    1.09287989 0.9123348 -0.488838404 0.190002024 0.786790431
    0.0520671606 1.04513407 0.188279748 0.485646009 1.22714615
    0.401286662 -0.514221728 -0.00418782234 -0.0984216928 1.22458076
    1.42712462 -0.628138006 0.585806727 0.83660996 -0.0904337764
    1.5379858 -0.623725712 0.616432488 1.53681111 1.56982982 0.921693683
    0.529610932 -0.358324468 1.05020595 0.681210995 -0.582358301
    -0.194022894 0.601221979 1.66143656 -0.346338123 0.242607653
    0.727588594 0.440828502 0.883674264 0.0495102406 -0.00573819876
    0.856534362 -0.586926043 0.454307616 1.35182118 1.35475516
    0.773068607 1.71300697 0.175452888 0.798999488 1.2998867 1.53602767
    -0.358726263 -0.344980091 0.406023204 -0.08897084 1.52700734
    -0.117614031 1.2470423 -0.135651767 1.08064616 -0.100370646
    0.21089083 1.37848377 0.425907135 1.45041776 -0.0412176251
    0.482843399 -0.225961417 0.785193443 -0.0264061093 -0.504082561
    0.504902959 -0.10442704 0.157950401 1.28740859 0.211034298
    0.19271785 0.705389857 -0.409099996 0.627885938 -0.29169488
    1.38580561 -0.32465449 -0.160225302 0.818864226 0.0941211581
    0.487059891 -0.270168364 -0.546686172 1.22378385 0.308054507
    1.54614365 -0.350767791 -0.608881176 1.08832359 -0.31577599
    -0.408261597 -0.232280374 0.0699199438 -0.410794616 0.91058898
    0.189224422 0.438468158 0.0604329705 0.283440471 1.0562582
    1.24879503 0.527960658 0.0424476862 -0.171783984 0.154365122
    0.656634033 0.124539912 1.54951847 0.670863986 0.400901794
    0.729903877 0.362446785 -0.290294141 0.710492849 -0.627366304
    1.00354576 0.46378386 1.24214566 -0.471669286 -0.548793793
    0.575575829 0.198682904 1.44486952 -0.604721725 1.03567529
    1.59767008 -0.720217943 0.960669279 1.37989426 1.34819603 1.5183146
    0.189788818 0.287016749 -0.61056447 0.31502521 1.46354651
    0.116781354 0.236679018 1.28856874 0.771432221 -0.489559978
    0.66875875 -0.535754621 1.48858047 -0.364589393 0.470552981
    0.111809969 1.09634566 1.43071747 0.673078239 -0.364265651
    1.05600083 1.01230264 1.06832457 1.08906388 -0.365021676 0.439549387
    0.888433278 0.461780667 -0.179214299 0.534138799 -0.586132407
    1.30004001 0.229806304 -0.0855569243 0.3705163 0.871956408
    1.36828268 0.388593256 0.347605407 0.247686923 1.58047104
    0.837586641 -0.177028328 0.0448748469 1.6178534 -0.564311802
    1.03096485 0.349223256 1.38015509 0.70911032 -0.146245629
    0.508091092 0.77363354 -0.143968672 -0.426557899 0.799936891
    0.742427468 1.20095015 -0.159962028 1.101758 -0.0526877046
    1.12273479 -0.105088443 0.419298232 0.948706806 1.31633878
    1.47821367 0.66527313 1.28893471 0.305802286 0.686080635 1.50649631
    1.66229284 -0.00242978334 -0.488681138 1.51869535 0.714227676
    0.86586678 -0.216112196 0.309120953 -0.0649688244 1.03419173
    1.27793288 0.364315987 0.149974525 -0.280508369 0.65286833
    -0.650589406 0.674221039 0.927019477 0.596652985 -0.361229151
    1.47548711 1.58724308 1.35344481 -0.239819944 0.402296722
    0.897713006 0.377547503 0.0415462852 -0.663414657 1.69891191
    -0.371335208 0.252237856 0.220402122 1.66368818 -0.163220823
    1.38122368 0.220840752 1.18802071 -0.0669577122 1.1473794 1.36722946
    1.06312859 1.65600109 -0.491015345 0.245374858 -0.0648123026
    0.700485706 1.25869393 -0.368296772 0.512708902 -0.105866492
    1.40828264 0.376917958 -0.405110151 0.0607129335 1.64454818
    0.0616416335 0.287200809 1.4250164 -0.353902251 0.632800996
    1.15345502 -0.267790496 -0.628460944 1.35679078 0.940075397
    -0.308813214 0.097091496 1.23136759 0.801521778 0.524767041
    1.43863368 0.325735152 -0.394043028 0.782413363 -0.415645301
    0.645614207 0.342675209 0.282980084 1.18882585 -0.0236227512
    0.0546070337 1.32162845 -0.0144708753 1.01402235 0.0689508915
    1.09236026 -0.0726295114 1.04616237 -0.596734762 0.275408089
    0.0560221076 1.02111447 1.04055667 -0.230096817 -0.667129755
    0.324006677 1.18500328 0.516785026 1.30361414 1.16170907 1.41545844
    -0.214012295 0.155391574 -0.590492249 -0.176647484 -0.499861479
    0.738822758 0.376505017 1.13050652 1.36979568 0.363862634
    0.0115925074 0.49948895 -0.0723825097 0.961867869 0.546326041
    -0.305826813 -0.679012597 1.38317466 1.39079523 1.41064143
    -0.758975804 0.387356043 1.26059866 0.965916514 0.418062925
    -0.583615899 1.54963875 1.26901281 0.0904852748 0.338803947
    -0.260164469 0.865570009 1.66379535 1.37047505 0.352091491
    1.45628905 -0.275000632 0.497257173 0.0882768631 0.132745802
    1.49689186 -0.496435404 1.56523514 -0.525139511 0.73457545
    1.67690229 1.2940383 -0.0337878466 0.0297744274 -0.630919278
    1.54533732 0.278915763 1.19753456 1.34305143 1.27328384 -0.178731322
    1.52442217 -0.451829672 1.30612373 0.784134507 0.567617774
    -0.159269989 1.44369316 0.470350385 1.30097151 1.16264582
    -0.371138632 -0.257765114 1.05337012 1.64188683 0.146460712
    0.63767153 0.875978589 1.18745732 1.62684739 1.261554 0.637501538
    -0.591183484 -0.61489749 -0.372525603 1.59633267 -0.379927754
    0.834559143 0.822299302 -0.266581476 0.820601046 0.0587337613
    0.697135329 -0.388810873 1.46614623 0.40363133 0.802660286
    0.52172637 0.701633751 -0.554530442 1.34900451 1.06109309
    -0.646576643 0.944199383 1.08748889 -0.375133008 -0.171015799
    1.36607957 -0.0534554124 -0.0338453054 0.382315159 0.571099699
    0.330425441 0.598365486 1.05225253 0.981774211 0.546185493
    1.02823496 0.235179424 0.410221517 0.725685716 1.32572842 1.28902268
    0.772162795 -0.668276429 1.18291211 0.420116425 -0.327704936
    0.371603787 1.61375928 -0.666842163 -0.326495737 -0.169733047
    1.45085359 1.28131485 1.64358377 0.551076651 1.18712366 1.41973233
    1.11177933 -0.245147824 -0.192462683 1.62072802 1.71572423
    0.728023767 1.28192008 -0.073654443 -0.321933657 -0.435431123
    1.46006119 -0.444884837 -0.423076779 1.09886158 -0.407654017
    0.835483551 0.27224499 -0.249336004 0.297574639 1.31594467 1.6320641
    0.0979388356 0.122817695 -0.457698345 -0.199646592 0.546591401
    0.539127171 -0.152260721 -0.00363016129 -0.0910796523 0.776451111
    1.10837066 0.908270001 1.03470254 1.50129294 -0.431860983
    -0.246959209 0.836062074 0.132068813 1.04239798 1.55010426
    1.34262395 -0.105192363 -0.239363015 0.775876522 0.753216982
    0.019159317 1.25175118 0.0536854863 -0.0393665433 -0.0555671453
    1.59463537 0.941475809 1.11775208 0.896570265 0.541267157
    0.238884449 0.670614183 0.513262689 0.956916988 -0.351600021
    1.55704153 -0.222785056 -0.134880364 -0.0669935346 0.261723816
    -0.12033534 0.755314827 -0.0878629684 0.843024135 1.25138736
    0.242142379 1.41182542 1.4738071 1.52770591 -0.430338115 1.7044698
    1.63234234 0.524176657 0.5070346 1.70685875 0.870975852 -0.613221049
    0.436915278 0.980891287 0.814016461 0.121608019 1.49564576
    -0.595159829 0.738428235 1.42783237 0.300126374 1.06850064
    -0.371335804 -0.145642579 0.125247121 0.831194758 -0.243909508
    1.65934491 0.755969286 -0.618084252 1.59496307 -0.360912025
    1.10820997 -0.574352026 0.310619175 0.779111743 1.53106952
    0.182761252 0.0864620805 -0.222639531 -0.433004916 1.39662302
    0.137896419 0.252909601 -0.637684226 1.16151011 -0.12949127
    1.52689362 1.02202582 -0.330707043 -0.191193789 0.368126392
    0.315446317 -0.100502014 0.904008746 0.765350461 0.873645663
    1.00539637 1.33323324 1.42156625 0.919624805 -0.724289179 1.21187878
    -0.0289672017 1.34573138 -0.0879180431 0.996451437 -0.27088815
    1.45474517 1.10123658 -0.0282456875 0.0762816668 -0.426094025
    -0.353704304 0.254971683 0.511043489 0.80583328 1.53744173
    -0.348439246 0.369729996 1.54806554 -0.393148124 0.397879541
    0.724645376 -0.275128841 0.534280837 0.652715385 0.713142693
    0.163645089 0.737987041 1.36328578 1.02591753 0.381019175
    0.580967188 -0.331283778 0.924062848 0.0655873418 1.21102071
    -0.0864498615 0.24739784 0.0171127319 -0.0132027268 1.34027863
    -0.00234407187 0.205156446 0.92445296 1.08800161 1.51296985
    1.51255536 1.01559258 1.49230719 -0.417699605 0.0374072194
    0.374716818 1.31042123 1.59963894 0.43372798 0.486905456 0.499833941
    0.719933987 1.32250059 1.02872992 0.500094533 -0.64097172
    0.0727341175 -0.676491916 0.0996050239 0.1942119 0.421925664
    0.623241127 0.518921375 0.091340363 0.607006788 -0.129646897
    -0.218658507 -0.16694355 0.0811551213 -0.687148452 -0.457474768
    -0.0779179931 1.00390267 0.484944046 1.32537341 -0.338497162
    1.11913037 1.63537669 0.347398221 -0.20986557 -0.130275488
    -0.0477063656 0.756098151 1.00957406 1.42447662 -0.667318285
    1.57947958 0.252346635 1.55308414 0.372565091 -0.0129247904
    0.294599593 1.33112764 0.895494401 1.09695339 1.125108 1.06802368
    -0.719059706 0.33177948 1.42524827 0.81829375 0.64319551 0.440768182
    -0.719264746 -0.019000411 0.513757825 1.46682274 1.28359652
    0.0752980113 0.538371444 -0.236180395 0.288470984 -0.394606978
    -0.268468589 -0.394580334 -0.537347019 0.561736226 1.21050572
    -0.606006622 -0.63747561 -0.342217952 0.42185533 0.439433694
    0.221035898 0.0348413587 0.625662386 -0.419675291 1.34166908
    0.751944423 0.335603654 1.73007691 -0.117365927 1.57548368
    -0.413751006 0.58389616 -0.490551203 0.879674971 1.15189922
    0.773530781 0.733072519 -0.571992517 0.505203664 -0.530425906
    1.09840178 0.0732119083 0.0530935526 0.559887946 -0.38373509
    -0.392775476 0.99720031 1.16088462 1.41266131 1.57434571
    -0.495007038 0.634669006 0.516846716 1.69513369 -0.357569784
    0.427066386 -0.578271151 0.153373599 1.02299082 -0.449455231
    1.41625357 -0.4264175 -0.436767191 0.0420365334 -0.113363147
    1.4714272 -0.191883683 -0.310066193 1.14848697 0.846407652
    0.536826432 0.430964112 0.991080523 1.55117011 0.0662798882
    -0.647209525 -0.290672839 -0.0841459036 0.857086122 -0.112126142
    -0.0938219428 0.88350451 -0.202202201 0.681203663 -0.596189976
    1.19301975 -0.504875422 -0.277316809 0.349865377 -0.421590984
    0.414402127 0.00668156147 0.772881687 -0.306467503 0.30452317
    0.920756102 1.16156912 1.45813775 -0.0745270848 -0.0835219622
    0.667293847 0.831597328 0.0796405673 -0.439133108 -0.130628884
    1.40352607 0.558509529 0.442255735 0.0819584727 0.0405663252
    0.205590963 0.0326376557 0.460568786 1.55154967 0.778547347
    1.36197841 1.08921707 -0.361557662 0.665404618 0.152823269
    -0.18436566 -0.101646036 -0.502237499 0.726730943 -0.521698356
    -0.174890727 -0.177872926 0.710586548 1.54590356 0.972621202
    -0.174757481 0.786324501 -0.475848913 1.21053302 1.31766629
    0.81857717 1.12147665 0.731775582 1.411165 1.59187031 1.20292878
    1.26632559 -0.0543683171 1.62024784 0.331537783 1.37427914
    1.41813016 0.705725491 0.0173249245 0.706040561 1.33921254
    0.801082671 0.961110175 0.367483616 0.485624671 0.316895306
    1.06669283 1.069399 1.01810217 0.350483775 0.75067991 0.0476776958
    1.13055909 -0.0461192131 -0.507511914 0.446362674 -0.28117606
    -0.152985275 0.220417619 1.43429005 1.11604714 0.539502263
    0.127587795 0.597948134 0.102776587 0.494143963 0.36634928
    1.65094197 1.50947475 1.01971185 -0.451474905 -0.481164932
    0.62910378 0.887475312 -0.277859598 0.627891064 -0.410082757
    -0.207372606 -0.414840281 -0.168655396 0.852484345 0.196285725
    0.429775357 1.4250598 0.34342587 0.774104357 0.454360604 1.38613474
    0.138173163 -0.0983206034 1.24847245 -0.154234171 0.0364764929
    -0.691115975 0.778758347 0.772213817 0.0380206108 0.16223675
    -0.346974015 0.980257869 1.53815103 0.195605934 0.860212505
    0.443614304 0.780262828 0.666012526 0.239907384 0.323829591
    0.383338392 0.502937138 1.31074834 0.981308162 1.58150697 1.34079647
    1.651582 1.14273369 -0.535245538 -0.245696604 -0.255091786
    1.04728413 -0.0802596807 0.0527873039 0.52772218 -0.220526695
    0.205803156 -0.413425893 1.63803279 -0.536551833 1.29618549
    1.20507216 0.0706999302 -0.470536351 1.31460071 1.23328257
    -0.382205456 0.951894164 0.0535658002 -0.596408904 0.833816886
    1.29368389 1.06525671 0.609601855 0.784847677 0.329180241
    0.00163608789 0.156189084 1.0420233 0.463105559 1.05652595
    1.64189577 1.05095792 0.633848369 0.971181035 1.57926679 1.54067755
    1.4566946 0.0782213211 -0.222845137 -0.123851538 -0.267356515
    0.377547383 0.689525604 0.844563544 -0.448080152 0.388123214
    1.5344131 -0.255747974 1.754668 -0.305264741 0.259849072 0.825609803
    0.43307507 -0.0156961679 -0.385956824 -0.126841962 1.0551765
    0.383897603 0.583160281 -0.0691633224 0.298714519 1.06791902
    -0.212864965 1.05061531 0.616899371 0.878296554 -0.316683114
    -0.355033457 1.44721603 0.381262839 0.55342114 0.00972729921
    0.956276834 0.447733283 1.16319513 -0.276923507 1.36409903
    -0.176420182 -0.089558363 0.84507215 -0.240032077 1.40785527
    1.4606657 -0.141773343 0.457871556 1.4287169 1.17487025 1.04573619
    -0.200889021 1.66933346 -0.108777046 -0.620567858 1.33594906
    -0.457222462 1.40395331 -0.54439342 0.00169211626 1.264359
    -0.149350345 -0.212363183 1.16008222 0.366695464 1.56815553
    1.21894789 0.292609394 -0.187840641 0.366694391 -0.447295547
    0.655950308 0.614868641 1.12870002 0.354450822 -0.167470783
    0.349791646 0.23050487 0.414413214 -0.542659819 0.93716836
    0.48744148 -0.533089519 0.845023811 -0.48954159 0.662396729
    -0.108525991 -0.116928756 0.0729935765 0.0914492607 -0.565446913
    -0.201334417 -0.52605468 0.12101239 0.24039185 -0.141709089
    1.2871505 0.996735156 1.15158141 0.0415225029 0.0302506089
    0.43508476 1.25750542 1.66643369 -0.258590132 0.659264445 1.12664545
    0.806443632 -0.168520808 -0.165849626 -0.489941478 0.622558236
    0.898810744 1.79196215 -0.303944498 0.548782349 1.16433263
    0.618806243 0.511856914 1.43529701 -0.446222395 -0.377254218
    0.750365198 -0.248160273 1.51998854 -0.657630324 0.137909234
    -0.124737918 0.578834295 0.987457335 1.45445442 -0.305379689
    -0.405600607 1.37322545 1.32143879 -0.0101655126 -0.502112687
    1.37028039 1.08814526 0.831946433 1.04767632 0.74110043 -0.546184719
    -0.454814553 0.984094858 0.289435267 0.877197623 1.42205322
    1.28559709 0.825671375 -0.101238728 0.132292986 1.09449697
    1.20032656 1.01371455 1.16816843 0.706982851 1.1677444 0.714515686
    -0.543313324 1.04701984 0.678055763 1.26836205 0.269855678
    1.25781083 -0.608328104 1.43438005 1.65564001 0.980544388
    0.130817235 1.08683586 1.25080633 0.349518836 0.533880711 1.74702883
    0.102454722 0.687895834 0.5868572 0.682490647 -0.0495833755
    0.194498718 1.3789196 0.586001754 -0.648011923 0.0079267025
    -0.508509755 1.10139632 -0.0937395096 0.87682724 -0.0271320939
    0.260013402 0.661824226 0.384935677 6.18100166e-05 1.38604343
    0.361261547 1.08251309 0.71418947 1.4392674 0.943191946 0.315135956
    0.810490906 0.863718629 -0.233609468 1.51648378 -0.522504866
    1.25067639 1.23833585 0.317076445 1.13361526 1.31395531 -0.276465029
    1.60307705 1.59503448 -0.62196523 0.696943998 -0.456194401
    -0.566543281 -0.517377436 1.54804802 0.697638094 0.33958751
    1.56627727 0.852993786 0.815257132 1.19508338 0.187761605 1.60861444
    0.55330795 -0.446186006 0.145505309 -0.563565195 0.487150311
    -0.519883573 0.0685924888 0.703208089 0.4409163 0.360052586
    -0.352662742 -0.434749871 1.10275161 1.31514275 0.807666838
    1.13713014 1.6257894 -0.215849072 1.54024959 0.351593256 0.396793187
    1.05799723 0.142743826 -0.148796439 0.57341224 0.814090788
    1.09503984 -0.553985953 0.410173714 -0.172680229 0.806048751
    -0.504657924 1.23110402 1.09662604 1.31132245 -0.469304949
    0.603240371 -0.0113617182 -0.0798980892 -0.491248667 -0.0736211538
    -0.390238494 -0.487266868 0.735203505 -0.0573867559 -0.000773012638
    -0.123386383 0.0427284241 1.6269232 0.028146565 0.959682941
    -0.303713173 0.798876822 0.699956894 0.29471606 1.15070808
    -0.163669199 0.597013474 -0.452250838 -0.473820925 0.42029798
    1.44738185 0.0516471267 1.43568611 0.713503957 -0.49065882
    0.0867673755 1.21579325 0.442165256 0.891341746 -0.537918687
    0.330792069 -0.52821207 1.50974131 -0.212177157 -0.230024576
    1.39580631 -0.0710812807 -0.423243314 1.36942124 0.310765207
    0.731276989 -0.241431534 0.815145969 0.387613773 -0.144913256
    0.185664952 0.41039288 1.23318386 0.808269858 1.36798453 0.824689507
    0.543600321 1.03815389 0.330551386 1.38965774 0.766926765
    0.789931893 0.549374044 1.11831355 0.487257421 0.0874673724
    -0.682231486 1.17705727 1.42439151 -0.351753563 1.55935335
    -0.449895024 -0.158078194 -0.38055709 -0.0510054231 1.49498415
    0.903420866 0.745687783 -0.129244804 -0.0476675034 -0.219798416
    0.987343848 0.27694577 0.913156211 0.663882196 1.43862414
    -0.408855259 0.575356543 -0.0337660909 1.38787401 0.448042452
    -0.0709720254 -0.422802866 0.333452702 0.449043214 0.0513982773
    1.25943732 -0.683498621 -0.327555001 -0.000615596771 1.0967598
    0.624491096 0.772736847 -0.570738614 0.429197431 -0.00858604908
    -0.0618849993 -0.099283427 0.175054789 1.38847053 -0.0136762261
    0.593013823 0.760592878 -0.354169965 0.957037926 0.780689418
    0.732204556 0.531174421 -0.278005898 1.56020975 0.078836441
    0.270992458 1.37555313 0.609337628 -0.168831289 -0.124395549
    -0.141036391 1.29484439 -0.14156121 0.155297935 0.65320158
    0.908394516 0.461621642 1.30984688 -0.22365281 0.847929776
    0.536073327 0.995287001 0.248277366 1.45163155 0.999501586
    0.136533856 -0.0451277494 0.273966789 -0.199687451 0.266770303
    0.609897912 -0.265143842 1.66532779 -0.297239363 -0.613286793
    0.805781841 1.09662688 0.59025526 0.695323348 -0.45759055
    0.562102854 0.159846663 -0.53173846 1.14582002 -0.164168596
    -0.15622735 -0.270284146 0.419130802 -0.158668697 0.782029808
    -0.372594237 0.062127471 0.97172296 0.174788058 0.452613056
    0.596357942 1.24225998 0.281048 0.334895492 0.800258756 -0.137491286
    1.12521887 0.705428481 0.694455326 0.843250871 -0.134129286
    0.336475909 1.2520721 0.591022253 0.491872907 -0.67540431 1.33306825
    0.259570301 -0.0149633288 1.12130332 0.0379202962 0.446074367
    -0.394153744 -0.00667017698 0.528427899 0.900883377 1.40532088
    0.505476296 1.46326208 -0.307945251 0.339909315 1.48515189
    0.859100044 -0.734909594 -0.0507221818 -0.150849104 0.831695139
    -0.482167959 0.642953217 0.0666012168 1.35637105 -0.00477516651
    1.57856071 1.51899064 1.41864133 0.820484519 0.80705899
    -0.0617727041 1.48360229 0.423362792 -0.315344572 -0.530454636
    -0.189185023 0.593565583 -0.367281228 1.77119064 1.12830842
    -0.439465135 0.161930382 0.971530378 -0.194952488 0.596279263
    0.909215689 1.03976297 -0.610338211 1.18669617 1.12418938
    0.0264052749 -0.56295532 1.1460669 0.41370219 0.303244352
    -0.280275464 1.19525313 -0.297268659 -0.498029083 0.80432725
    -0.373279572 1.02083945 0.504717767 1.16527498 -0.360719502
    0.709230065 0.0450488329 0.806310296 -0.421615183 1.59180665
    -0.0806436539 1.53852248 -0.177578896 1.41624296 0.410121441
    0.446021497 0.55832684 0.323651195 1.15311813 -0.211422741
    -0.046918273 -0.123900175 0.501090467 0.111764789 0.432433963
    1.1724745 0.552816153 1.02583909 1.23168278 -0.325552166 0.975388169
    0.833507776 -0.384567529 0.436056495 0.69115144 0.769236684
    0.689795017 -0.418051183 0.657469332 0.92915839 1.28834987
    0.549009204 -0.659122407 1.18733454 0.337903678 1.4252125
    -0.614839733 1.62423539 0.500050843 0.869827509 -0.405258417
    1.3550334 1.44460106 1.33329368 1.36566043 1.22454071 1.00478101
    0.0155316591 1.13666785 -0.520943403 1.3740629 0.416234672
    -0.743715525 -0.295030683 0.706819654 1.47601843 -0.313598156
    -0.78723526 0.265393078 1.24623799 1.43797994 0.778633118
    0.228964388 1.39791882 0.88769573 0.354727387 -0.147891313 1.4782958
    -0.296676785 1.68714702 0.847151697 0.347914279 1.66873622
    0.628726482 0.280404389 -0.294305354 1.06800663 1.32529914
    0.977440953 -0.277600318 1.51774216 0.661989987 1.35977674
    0.164164484 -0.520273864 0.372543037 0.906128645 -0.122894466
    1.68895721 -0.389662623 -0.425094187 0.464329541 -0.348282069
    0.868044674 -0.000523626804 -0.0143131614 0.68759805 1.53563917
    -0.0739248991 0.700180829 1.32420039 1.51668859 0.429268658
    1.04730392 0.0492648482 0.134641886 -0.536408186 0.251240969
    0.557403564 1.28519249 1.15510643 -0.198790789 0.736572385
    1.55173826 1.46452761 -0.136614025 -0.0712461472 -0.4512344
    -0.160332829 1.54656565 -0.103451014 -0.359317929 0.527549326
    0.419682801 0.458241999 -0.592604816 -0.213682413 0.484299481
    1.25913548 0.196768284 0.547560155 1.64318657 0.558431864 0.32399416
    0.326401651 0.684977472 -0.544386208 1.05413926 -0.621084154
    0.898712695 0.120262086 0.915626109 1.05792654 0.569225192
    -0.563481271 -0.10376063 -0.27488032 -0.499341428 0.311732948
    0.878590524 -0.656516433 1.22068667 -0.642090261 1.61332917
    -0.556691647 1.13915563 0.793600142 0.961295366 -0.00721126795
    0.387031198 1.43221688 0.000861048698 -0.14211151 -0.48977536
    -0.295057833 1.29319477 1.01133561 -0.235269725 -0.62470156
    1.19453359 1.53069806 0.487463832 0.541567206 0.4014889 0.367729366
    0.242408156 0.413140953 -0.430245578 0.482800484 -0.367210567
    0.0164390206 -0.597965956 1.34308493 0.658034444 1.0602237
    -0.507179141 0.936830461 1.61991501 0.179655671 0.780289233
    0.714242637 0.140464783 -0.366951734 1.05327523 0.496159136
    0.219908237 -0.350233346 0.324635804 0.493039906 0.706327736
    1.02282655 -0.00368362665 1.48500299 1.03752935 0.659679949
    0.0884625912 0.374296367 -0.0119749904 -0.132821769 -0.0284746885
    -0.29469493 1.15864563 0.504919708 0.441855431 1.08983946
    -0.382702321 -0.192055494 1.32790422 0.006246984 -0.0234823823
    1.48690104 0.767008722 1.67767549 -0.262873679 0.023622334
    -0.323604792 1.42568684 -0.278063655 0.812575936 1.33866024
    -0.53139776 -0.235917151 -0.527334869 0.0734788179 0.196613133
    -0.0512279272 1.4328382 0.00869184732 -0.441901147 -0.187869906
    0.255729556 0.0890012383 -0.37441355 1.41640282 0.222716689
    -0.122370541 -0.209210426 1.55655944 0.421610296 0.0324172378
    0.515041828 1.34962869 0.733538389 0.989998102 0.949190974
    0.0747755766 -0.496092618 0.796341836 1.0847609 0.672430336
    0.149665654 1.60096741 -0.306312323 1.6259551 1.09295177 0.805667818
    1.40445232 0.585590661 1.53953314 -0.062928915 -0.19309631
    1.06014562 0.848132968 -0.477797151 0.834341347 0.0811726451
    0.257822335 0.805327058 0.485720694 0.67441386 -0.357392967
    -0.432966113 -0.408408403 0.816188574 1.31269169 -0.541529298
    -0.556732774 1.62088752 0.59556824 0.0056039691 -0.255257517
    1.13792038 0.522571385 -0.247306347 1.53460932 0.438213944
    1.33515346 0.129024565 -0.410428852 0.172294557 0.695727229
    0.217011631 -0.0261300802 -0.422657073 0.332092583 -0.179787785
    0.681334972 0.0669874549 1.3817327 -0.191491723 0.608020186
    1.19712865 1.34721923 -0.176814139 1.39913988 0.725578189 1.48942256
    0.837129772 0.268858492 0.364836097 1.18437791 -0.38703689
    0.0549705625 1.03943682 1.3546598 0.368017614 -0.216638982
    0.619504571 0.56609726 1.27957439 0.166138113 -0.250525862
    1.52447987 0.447526932 0.799695849 -0.290216684 1.57867026
    1.46667552 0.755203605 0.790701866 0.297357976 1.5643034
    -0.057923317 0.030321002 -0.221042991 0.0791466236 -0.345669866
    0.457603157 0.592951477 0.834270597 -0.221333861 1.48065674
    0.698340118 1.1270535 0.595330954 0.0565250516 -0.0321670175
    0.0384782553 -0.356790274 -0.419844955 1.38371074 0.629321039
    0.704427242 0.924827337 0.198891997 1.26216793 1.13275385
    0.234190822 1.41411042 0.205083787 0.5862782 0.215784788 0.61960268
    -0.43235752 0.0410687327 -0.164065748 -0.562353015 1.21560574
    0.612947464 0.0647069216 1.30805385 -0.479936481 0.451571226
    1.50328732 -0.140417576 0.271644592 0.315014601 0.0711219907
    -0.349986255 -0.0651935935 0.578059614 0.480856955 0.920811892
    0.465860307 -0.257669151 0.994306207 -0.384155869 0.297968566
    1.17552507 1.51081538 0.557502925 -0.544875085 -0.579738557
    1.06446266 0.501204371 1.66974282 1.16396439 -0.0089469552
    -0.0717108846 1.17479467 -0.232993513 -0.182858497 0.120793819
    1.19590974 1.30502737 -0.604606211 -0.406452119 1.56262875
    0.885755122 1.55656576 -0.266260564 0.631360888 0.206502259
    0.400754631 1.18978143 -0.0703986287 0.946289003 1.54046977
    -0.300557405 -0.464396775 -0.533582568 0.881903529 0.171590686
    1.16526532 0.561329603 1.21908832 1.00474048 0.904954076 1.25466013
    -0.499783188 0.156467497 0.759658277 -0.501278639 -0.555790067
    -0.578508675 0.331351757 1.19204211 1.06845808 0.34745419 1.40470695
    -0.0935611129 0.376489878 1.05673099 1.43451977 -0.45693469
    -0.188472688 0.797632396 -0.536105871 0.28981483 -0.0606418848
    1.02927685 1.31282437 0.332650781 1.59037089 1.45899451 0.0227793455
    0.183296084 -0.458483577 1.40916324 0.365260005 0.91320622
    1.39498973 1.33517587 0.486060083 -0.192731738 0.967093349
    0.0267773271 -0.272986621 0.93824172 0.234777153 0.897509515
    0.218906045 0.570885956 -0.30520007 0.299435258 1.39924192
    0.200963497 1.00282836 0.0812416077 -0.632748306 1.46844041
    -0.54667151 -0.250385821 1.25539088 -0.127975643 1.62150085
    -0.199540675 1.37366939 1.51642489 0.338191569 0.62549752
    0.068177104 1.54532337 0.274886727 0.813363016 1.52560306
    -0.27063778 0.0658475757 0.722828567 0.582359016 0.354761243
    1.24213195 -0.0558945537 1.2463727 0.223849714 0.196673393
    0.762104511 -0.107345879 0.372025549 0.0527908206 1.33974791
    0.0951544642 -0.114603162 0.615035057 0.236529768 0.464213014
    -0.0646633506 0.345706284 -0.105455101 0.646956146 0.990574539
    1.36509252 0.525710523 1.03473747 -0.611806035 1.48019457
    0.358888805 -0.608470321 1.3719033 -0.155965954 0.127611995
    1.22054005 -0.208557844 0.553598344 -0.426120996 1.28192925
    1.29777265 -0.568560839 1.50268126 0.638508141 -0.656485677
    1.35044634 0.80332619 0.767841876 0.711831093 0.845919907 1.1341393
    0.891612768 0.336481571 -0.479404509 1.20591736 0.382285893
    1.60668004 0.726504683 0.00360912085 0.921796322 0.835440218
    0.492677152 0.546029031 0.908567429 1.37539542 0.991621792
    1.22361743 0.752269864 1.29447055 -0.360990614 1.59823632
    -0.543315649 -0.635386229 1.13026595 0.650454402 0.044057548
    1.49755907 0.966587961 1.62719536 -0.488669336 0.629029095
    -0.495678544 -0.352018595 0.965234637 0.546131313 1.41428185
    1.01370215 -0.0291377306 0.707748652 -0.0335342884 -0.409957677
    0.98879528 0.420948446 0.85459429 -0.0453343391 -0.423594236
    0.831390619 1.35696077 0.780648887 0.994282722 -0.339730054
    0.456938684 -0.539391816 1.21296382 0.419849575 1.58127415
    1.21656024 0.059887588 0.106481135 1.46132529 1.28170049
    -0.272279024 0.420517802 0.204799533 0.859223425 1.16613066
    1.49787211 0.976484418 -0.455464154 0.716792166 0.876773834
    -0.296095133 -0.40715602 0.513443589 0.252772152 0.264192522
    0.286619544 -0.443231881 1.40550041 0.454960227 0.651111245
    1.63716221 0.501057982 0.565320134 1.11285281 1.56019914 1.47868681
    -0.402977079 -0.0617446899 0.242484033 0.460936248 -0.235276997
    0.938250124 0.132445097 0.188745022 0.260457873 0.34560436
    0.571614206 1.15451598 0.8276788 -0.0340799689 0.374827385
    1.36143374 0.812156558 0.821294188 0.632156432 1.54244184
    0.936537504 0.587272942 -0.0264985561 -0.357196718 -0.599785388
    0.177845001 1.20937657 0.0504585505 0.507222474 0.349844515
    1.70868587 1.45829928 0.141676068 -0.435299218 -0.0533616543
    0.667730868 0.886572719 0.863759756 1.60570097 -0.288951308
    1.61010194 0.8229177 -0.648117363 0.567885816 0.0605304241
    0.691374123 0.729526639 -0.000428915024 0.492599726 1.29156137
    0.0599879026 0.38327986 0.662005961 1.42432845 1.41558027
    -0.670044959 1.43302727 1.07211828 -0.59504199 1.25881362
    0.967871189 1.60729218 1.1349901 0.496890604 -0.304958224 1.16411865
    -0.560637116 -0.0886827111 1.04780447 1.22446799 0.383781016
    1.26901245 0.772352219 1.39437449 0.628216028 -0.147840321
    0.65610522 1.1155746 0.0439286828 0.998589873 -0.657934248
    1.33289862 -0.666165292 0.40363729 0.3297562 0.368479073
    0.0105597973 1.7043035 -0.591062069 -0.551445246 1.54649496
    -0.496028095 0.00276279449 -0.436504245 0.0659051538 1.32686484
    -0.00799483061 1.36050415 1.5749718 -0.00510346889 -0.21087569
    0.211744487 1.11128473 0.857239246 1.00883734 1.12991703
    0.00668394566 0.0536260009 0.0298542976 -0.353454888 1.63883102
    1.41048849 1.28837967 -0.521389127 1.12784469 -0.546672642
    0.422538161 -0.141045928 1.2690835 -0.626696467 -0.0832964778
    0.433608115 1.10192323 -0.139049828 0.546474576 -0.538397491
    1.19871593 1.61552811 -0.344321489 0.966698587 1.3269484 0.162505209
    0.43257153 -0.144180834 1.45330918 1.44411111 -0.480299413
    -0.391345352 1.03890395 -0.0567154288 1.34155083 0.830373824
    0.677997053 1.48395395 0.204168439 1.51266921 0.250124216 0.1572088
    -0.384588987 0.416132808 0.414757013 0.0909511447 0.114585936
    1.46872854 0.611234665 0.390991867 -0.0653796196 1.25679862
    0.316354215 0.301774204 1.71521568 0.931897402 0.604022324
    -0.511546373 0.174570799 0.643351376 1.33701789 0.0943717957
    -0.328326762 0.986762226 -0.449748755 1.18789053 0.769042313
    0.497381926 -0.104577243 0.319330573 0.20137316 -0.104022622
    1.09313726 1.40468335 0.523899913 0.465953529 -0.207729399
    1.29838681 0.387063801 1.36098588 0.929061413 -0.17556107
    0.451485097 0.631162167 1.41991282 0.119626582 -0.519076586
    0.805060506 1.49475336 0.42949903 -0.554248929 -0.259765834
    -0.306453973 0.199327767 -0.371397763 -0.0101137161 1.04582262
    -0.328762889 0.484060287 1.26947975 0.995477736 1.50645924
    0.694903195 -0.209969878 -0.249033242 -0.144193947 1.46878827
    1.3141042 1.51958096 0.9545784 1.52611268 0.529795766 1.32432699
    1.10854328 0.544208407 -0.405414879 0.105907977 1.55371046
    -0.616498113 0.284504414 0.704334199 1.34761596 0.941356897
    1.1624198 1.40123653 -0.14585501 0.943158627 -0.282464921
    -0.60451591 -0.00872915983 -0.0127156973 0.101448178 0.410339653
    1.6316216 0.441157818 1.31637311 0.306656718 1.29362941 0.830675423
    0.591677427 1.63828754 0.426803827 1.15981781 0.0669374466
    0.608101666 0.604696751 0.893932521 0.310297966 0.109798372
    0.238416433 1.14532614 -0.233753115 -0.103936613 -0.307774484
    1.62442517 0.823618114 1.67409229 -0.518983364 0.913208187
    0.447408557 0.750385404 0.959320962 -0.359138459 1.04347897
    -0.517049432 0.204121709 0.881272197 -0.466672391 0.557020783
    1.16753888 -0.096185267 1.14792943 -0.357333422 1.62144136
    0.840159297 0.655253232 1.34174752 -0.0388153195 0.805099428
    1.10864866 0.71375972 -0.157099336 0.254506052 0.274029136
    1.62174392 1.34856474 1.63541782 0.389256716 0.347939849 0.772145689
    -0.2884067 -0.365317523 -0.14805752 1.6425426 1.57145774
    -0.518207252 -0.502485752 0.394107223 0.508411288 1.09837675 1.14352
    1.39198232 1.44251871 0.0958896279 -0.452303559 1.0540204
    0.841481864 1.32238436 0.527277231 0.0621652007 -0.225108951
    0.545307398 -0.204922259 0.386890531 -0.29404068 1.56799054
    1.22338128 1.25705755 1.09244609 0.458005905 0.672395945 0.774848342
    -0.148766637 0.944826066 0.531636238 -0.210035145 1.33944321
    0.691875696 -0.656953394 0.948293328 1.40261364 0.0169885755
    -0.602783263 -0.176336616 1.10495758 -0.0868214965 1.65569115
    -0.583999157 0.160388768 -0.420069993 1.0651865 0.985704184
    1.03595805 1.11203408 -0.0220878124 0.125239551 0.980070055
    0.647900879 1.58408988 0.0425041914 1.46983135 1.33376145
    0.337629735 1.44045568 0.390133083 0.175445795 1.02359366
    0.369843602 0.182390571 1.53738141 0.158233225 -0.268761307
    1.30527091 0.389823496 -0.572284281 1.10845375 -0.480121315
    1.5215466 -0.395617098 0.744170606 0.17616874 0.942390978
    0.182815075 -0.187987655 -0.611796439 1.17161667 -0.000275075436
    1.13952827 1.50033331 -0.641989887 1.45570326 1.27244532 1.10388851
    -0.686600745 1.35103345 0.701896131 1.24362278 0.113014519
    0.55789119 0.589493155 0.143084645 -0.435652494 0.0542834401
    1.42389369 0.415553987 -0.265845478 0.894428492 0.518864334
    1.0112108 0.00291442871 1.41326594 1.64690745 -0.0539169312
    -0.388795346 -0.20393464 0.748716235 1.10928166 1.00145328
    0.591864407 1.29045749 -0.349949121 -0.463864714 0.274315715
    0.125358164 0.637853742 0.168970048 1.42229605 -0.42632848
    0.115861833 0.597325981 0.931833088 -0.259292305 -0.229102284
    -0.590310037 1.64637458 1.63318396 -0.00265365839 1.21579361
    0.700271845 0.742788136 0.646732688 0.104224443 0.929498076
    0.24689275 -0.555544198 0.985110998 1.42105234 0.433554709
    -0.437477201 0.0462053418 -0.0106709003 1.38942742 -0.126519859
    1.42647481 -0.0552714467 1.14982677 1.33774483 0.646528959
    1.25329614 -0.394755721 -0.318592936 0.0983560681 0.557020545
    0.651306272 0.970442116 -0.409179181 -0.0585317612 0.557215452
    1.40349293 0.539717019 -0.0192372799 0.857803226 1.54521859
    1.49511766 0.445554078 -0.0211418271 1.10664916 -0.644834757
    0.359061539 -0.313544005 1.34959126 0.160081029 -0.368377477
    0.30404526 -0.497174293 0.990443349 1.3495307 -0.372511834
    0.696498573 0.281880677 0.680805564 -0.100604713 1.19637203
    0.619207025 -0.634646177 1.17666519 0.379518151 0.777632773
    1.08693433 1.57792616 1.18914592 -0.412564695 1.45949614 1.02926707
    1.37063515 1.1551919 -0.200352728 -0.613050222 1.70552027
    0.635211229 -0.115444362 -0.300896615 0.356890917 1.09180331
    -0.00284552574 0.0973673463 -0.146640539 0.468461215 1.43651676
    -0.131867766 0.294729173 -0.674807549 1.58802176 1.05937791
    0.968166471 0.531745076 1.10915697 -0.180397928 0.814691663
    1.01760888 -0.259921819 1.36361432 0.0238140821 0.234829783
    0.596271992 -0.037253201 1.16807663 0.00038844347 1.02109981
    1.07421947 0.189424515 -0.0355708599 1.43910909 0.437668145
    0.0273903608 1.01774943 1.5710144 -0.0559538007 0.935530186
    0.433956921 0.467099488 0.34886384 0.416502237 1.39456785 1.30241346
    0.347979248 1.32569623 -0.0607610941 -0.505509138 -0.008228302
    1.29217005 1.27931476 -0.0169609189 0.670374095 1.10596561
    0.248631716 0.983593225 1.37127161 1.34779572 0.762315631
    0.184593201 0.556466103 0.149645865 0.990502894 0.324672401
    0.107928514 1.45515239 -0.000454485416 0.606517136 0.526452243
    0.68287766 0.93575412 1.1666038 0.545868039 1.40275979 1.10532784
    0.387061 1.14537263 -0.146091998 0.930438578 1.31311417 -0.465311497
    0.593500972 1.32481027 1.56778669 0.147868812 0.0425852537
    0.838215411 0.0615956783 1.57608342 0.383427203 0.723897934
    1.44287086 -0.424251437 0.0309852958 1.67604256 1.09771395
    -0.100435615 0.688681364 0.387553275 0.61194557 -0.246185303
    1.46268916 0.702271223 -0.231870145 -0.24464789 0.848672688
    0.234195232 0.724430859 -0.128081024 -0.133893609 1.134727
    0.160064816 0.988381982 1.55276394 1.28697836 -0.542216897
    0.415172279 0.230202019 0.252298295 0.598430872 0.876805604
    1.4988904 0.606687784 1.02787995 1.35785985 0.744342923 0.267205
    0.150834382 0.821270883 1.37416756 -0.049223125 0.645947814
    -0.63658309 1.06241226 0.0436282158 0.45931232 -0.235810757
    -0.159754395 1.12289333 0.787188947 0.166782081 0.801944673
    1.30006623 1.37191296 0.817563474 -0.100771487 -0.579780757
    -0.149056703 -0.0683424473 -0.471889675 -0.617669106 1.04100895
    0.64917767 1.57513201 0.199310005 1.57461619 1.58899117 0.382668614
    -0.580179393 0.267295897 1.50879383 1.31084597 1.10519147
    0.457032323 0.126446843 -0.488721877 0.517148256 0.583299935
    0.350293458 0.733113945 -0.362495095 -0.413318127 0.974808395
    -0.643332601 -0.0720909834 1.10703695 1.57989192 0.179157972
    0.32779485 1.51194286 0.414920568 -0.324993849 0.400936365
    -0.514351845 0.481703281 1.47191834 -0.436744004 0.949442267
    1.11109018 1.18788683 -0.728956223 1.4033277 1.03592598 1.56697655
    1.6114018 0.965816796 0.815362215 0.82196784 -0.44693023 0.338840365
    0.496786773 -0.125606537 1.45505857 0.310265005 1.43168187
    1.19148898 1.11391616 -0.249136031 1.61718392 1.50346553
    -0.337131441 1.48771358 1.12196839 0.289790094 1.23663151
    -0.591902614 1.11221385 1.00682902 0.983130038 0.405389905
    -0.149098158 0.539344013 -0.522962093 1.53115737 0.968703032
    0.95968467 0.708280563 -0.536923707 0.193229437 1.70820212 1.5721941
    1.62963581 -0.432315469 0.742056787 1.11240911 1.24838865
    0.974070907 1.4688611 1.08775818 1.58604932 1.57167912 -0.326263517
    0.367111981 1.63792741 0.602166176 -0.234339565 -0.0437676311
    1.31106377 1.50441194 0.126412094 -0.663237095 1.5508821
    -0.102079153 0.981777489 -0.369787157 0.399246454 0.869455993
    1.65821576 1.22375786 0.0884306431 0.341074526 0.941502392
    0.516414285 0.285303712 0.563674033 0.925856233 1.25988936
    0.238324702 -0.273515314 0.821839631 -0.20272094 0.302484632
    1.35599816 -0.401914775 1.55213547 -0.246158153 -0.149489403
    -0.542935967 0.275597632 0.557831705 1.39594626 0.965849757
    0.224672318 -0.057651341 -0.111784697 0.706954241 -0.565012693
    1.06883454 1.06891561 -0.472155839 -0.688591778 1.42691171
    -0.232111663 0.901768029 0.38157773 0.259542465 0.567136288
    -0.500622094 -0.634177148 0.231423855 -0.284322172 0.776027501
    1.14411902 0.302019298 0.945970178 1.06905532 0.82297951 1.13669443
    -0.131995261 -0.671923101 0.331065238 -0.437707156 0.771780133
    0.251831114 1.56440353 0.0538217425 0.185370266 0.110997677
    0.469600558 1.64711154 0.294275701 -0.247518748 0.939116657
    0.914249361 1.22215915 0.583382308 0.280335069 0.0630666614
    0.141005933 -0.13654381 1.29277182 0.272409379 -0.257011056
    -0.559186339 0.522131324 1.43409896 -0.405179769 -0.116075635
    0.991124213 -0.261749297 0.925493896 1.63592148 0.680640936
    -0.107820362 -0.0218024254 -0.422685564 0.330078781 1.27205157
    0.935467184 1.49074936 0.814960301 -0.194210052 0.732175231
    -0.24025774 0.0969799161 0.437787056 -0.13701272 -0.554417312
    -0.513349056 0.445302188 0.616715074 0.860990882 1.30773902
    0.760080159 0.238826931 1.22860956 0.811334074 0.64648205
    0.0877894759 1.36369586 0.800357223 -0.415079534 1.38837171
    0.594138801 0.270720005 0.566327214 0.544560134 0.946024358
    0.468979955 -0.59706825 -0.163972259 1.06258023 -0.143086642
    1.58978999 0.307230771 0.133604586 0.405593812 0.0635738373
    -0.61034745 1.33792853 -0.589868605 1.52499759 0.97360307
    -0.63965559 1.13831043 0.752106249 -0.0599678159 1.03018308
    0.0869015455 -0.465697318 0.538704038 1.48675382 0.94123739
    1.30605245 1.55496514 1.58585536 -0.538644969 0.408449233
    0.229990244 0.0855897665 0.445215106 1.00360227 -0.309883922
    -0.547901273 -0.373796493 1.04047322 1.25855732 0.294807792
    0.427249074 0.620154679 -0.704084039 0.347786546 -0.0854172111
    0.461966038 0.206819057 0.995552063 -0.0333796144 0.596524954
    0.373190701 1.51716518 1.18961978 -0.0616363883 0.985496402
    1.14541388 0.370563269 -0.707868934 1.41550684 0.598986328
    0.0720015168 -0.237070382 0.770728171 0.329976737 0.183321536
    1.0826242 0.703511298 0.28339994 -0.143441081 -0.160701096
    -0.586760402 -0.418450892 0.136441112 0.869642377 0.678838909
    0.56809926 0.90119493 0.0240992308 1.08466721 0.814122677 1.41198564
    1.23223686 1.67247593 0.209837317 -0.0237922668 0.464292705
    -0.31831181 1.47136974 0.373465538 0.538155615 0.227962554
    -0.0134374499 0.518025994 0.135215163 -0.500624955 0.805434704
    1.33683658 -0.191364288 1.25031459 1.42632425 1.06815696
    -0.500496328 0.00366348028 0.423905492 1.37095189 -0.2467013
    -0.178599238 0.278628349 -0.441759706 -0.0822843313 1.21052873
    1.03336096 0.19095403 1.50538802 -0.703577936 0.517442822
    0.852174103 0.652422071 1.01995111 0.363878012 1.62498355
    -0.650066197 0.0661761165 0.302031934 0.617595434 1.62750959
    -0.0595331788 0.46088171 -0.178286672 0.981603146 1.64313757
    -0.247288764 -0.565782785 1.34668303 1.22948825 0.850579619
    0.156899869 0.84046185 1.03059709 0.545225024 -0.586978793
    0.697423935 0.983469784 -0.10056895 1.11237597 0.798436999
    0.406122863 0.0397595763 0.204149127 -0.36092186 0.772182465
    1.48088813 -0.32358712 0.375790596 0.117457509 -0.26937449
    -0.356045008 0.572400928 -0.057751894 1.44632769 0.405923367
    0.707341075 0.768820584 1.28600812 -0.63204217 -0.235664696
    -0.361250252 0.351301372 -0.632240891 -0.595511913 0.457707524
    -0.16193378 1.02558982 1.15100539 -0.223280489 0.405693948
    0.261230886 1.43802381 0.755370378 0.913744152 0.413975358
    -0.150409579 0.767040014 -0.213249981 0.514354229 0.860192418
    -0.0746789575 0.481197417 1.37882566 0.696092546 1.09518111
    0.837038994 -0.328537941 1.33260679 -0.14016521 0.0720525384
    -0.614646554 1.25342786 1.37870002 -0.466140211 -0.314563543
    -0.654703021 0.344445586 1.32431769 -0.457578719 -0.279815078
    1.25810242 1.44262815 1.37082696 0.141310036 0.451758385 0.23441422
    0.996523499 -0.0379253626 1.12410998 0.94040966 1.11189938
    1.22042191 1.17029035 -0.513009906 -0.253857523 0.404452384
    -0.504500091 0.371192575 1.55988717 0.00116240978 0.716467917
    0.219468296 -0.348935902 0.0849741697 1.33384991 0.789849997
    1.28803921 1.30233788 -0.539385974 1.70412445 0.0465319753
    1.09829998 1.02881289 1.47408915 -0.0150893927 0.5606457
    -0.280469209 1.49744296 0.442732513 -0.177044392 1.4737246
    1.16573119 0.199960291 -0.177595317 1.47647548 0.894146681
    -0.478179812 -0.342159539 -0.393653542 1.24433994 0.29594034
    -0.406739265 1.56967068 -0.0585951209 1.04181099 1.40085316
    0.271425784 0.573985755 1.48538637 1.3832407 1.4738692 -0.309672385
    -0.567319036 1.07912922 0.855223119 0.522636533 -0.00253140926
    0.883610189 1.52658176 -0.127958298 -0.664302588 -0.578130782
    1.47547615 0.0015027523 1.16393661 0.90780431 1.29089737
    -0.442943811 -0.237914771 -0.233446628 1.50682569 1.58086848
    1.31791711 -0.323294044 0.468091786 0.613497496 0.467264175
    0.3370682 1.16626167 1.244699 -0.42817992 1.60020399 1.50556374
    -0.285130173 -0.318013489 1.38436818 1.30582166 -0.176786244
    1.22728419 0.128921092 1.0980705 0.302290082 0.414053261 0.996525824
    0.307642698 0.257298231 1.57203174 0.3666749 1.32419968 1.08267987
    1.20315576 1.42768252 -0.680052578 -0.322534978 0.709666193
    1.06247807 0.834660351 -0.381480575 -0.383460999 -0.25999698
    1.36076164 0.866042376 0.247700334 0.112822711 0.527722776
    0.51558125 1.48639965 0.624520779 -0.456290275 0.284958482
    1.02214611 -0.492486775 0.123401463 0.291974843 1.26615262
    1.25769925 1.21285927 0.0145290494 0.502134681 -0.369315952
    -0.611712575 1.58611202 1.24932671 -0.730866432 0.561186373
    1.49463153 -0.610074341 1.60230446 1.1683687 0.826531351 0.325835764
    0.342747688 -0.461123437 1.61929548 -0.386382282 0.197764039
    -0.657206595 -0.477317333 1.05733895 0.510393322 -0.363507092
    0.665276587 0.00371724367 0.735099852 0.290882826 1.25244868
    0.586564958 1.23891139 0.563998938 1.28824258 -0.743392467
    0.822360337 0.846409023 -0.32547164 -0.399247199 0.642477989
    -0.00787615776 0.0720905662 -0.0592197776 -0.219874382 1.28595471
    0.661950707 -0.61663264 -0.667122662 0.300819397 1.22408009
    -0.510186076 0.596001565 -0.225064129 1.10409045 0.92896384
    0.67623955 0.978982329 0.617231786 1.27411914 -0.551135421
    1.14004552 0.921644211 0.670798659 0.0502213836 0.272788942
    1.26582062 0.176154554 -0.101300955 -0.0510752797 0.822569549
    0.320549309 -0.237605959 1.62658334 -0.341853291 1.38730276
    0.118893087 1.00058842 0.278880417 -0.544375479 -0.617282927
    1.5379293 1.13877749 0.883870304 1.00365376 0.661785781 0.413839936
    0.250142157 1.18509686 1.25986099 0.394310832 -0.296005845
    -0.234285295 0.602718234 1.53055644 0.604933679 1.28966022
    0.0647864342 1.06057262 -0.662630796 0.181181371 0.337187111
    0.953483045 -0.595525205 -0.0304254889 1.15201688 0.00977647305
    0.806091011 1.38126802 -0.00556224585 1.25772047 0.168560505
    0.52815932 0.39108479 1.0360316 0.706549644 0.486201048 -0.601479888
    0.842557311 1.08261871 0.888419688 0.918448806 0.40979737
    0.843304336 0.744916379 -0.556300282 1.13803315 -0.366087288
    -0.575874805 0.830713093 0.202579558 -0.494097471 -0.548191607
    -0.017393589 0.218439639 -0.276154548 1.32135582 0.241289318
    0.36924094 -0.0105093718 0.430498004 1.29053926 0.243092537
    -0.0921927094 0.890838742 0.692973673 1.4478097 0.215777636
    0.211789489 -0.0183343291 -0.391738981 -0.304979444 -0.61355263
    0.430929422 -0.35054341 -0.569558024 -0.685120165 -0.621839166
    -0.679322422 1.35596657 1.24769008 0.978220224 1.39306068
    -0.482667148 0.0379347205 -0.140983522 1.45503497 0.985481024
    -0.556091785 1.5047152 -0.0300721526 -0.0501616001 0.844839931
    -0.279583246 0.748865426 1.47587538 -0.202541471 1.02506995
    0.988300979 0.399351537 -0.198779851 -0.578799665 -0.278241783
    0.663721919 -0.325946212 1.0580287 -0.422463238 1.60851073
    0.0401649475 0.87164557 0.76380372 0.173326194 1.49167967 1.24057674
    -0.607466757 -0.517920077 -0.426841885 0.193533063 -0.162008941
    0.274904847 0.909030616 -0.617611229 -0.432034552 0.169443011
    0.303542674 -0.0117697716 0.916354299 0.385168195 -0.457220852
    1.4980557 0.568297863 0.355563223 0.45155549 -0.0301298499
    0.0904849172 1.07750869 0.662315011 1.32412684 0.867379963
    -0.00873506069 1.09222841 0.0235224962 0.757429183 0.318667233
    1.32882798 1.09611595 -0.595539689 0.91202575 1.54359257
    -0.379636586 -0.610293269 -0.127612174 1.62469101 0.511917353
    0.12262851 0.208191752 1.24526811 0.387649119 0.661638975 1.31608748
    -0.453828692 -0.453889549 1.49977028 0.355419219 1.3443222
    -0.209519327 0.73049587 0.869189501 1.0242734 1.61473727
    -0.597513437 1.17968917 0.647129178 1.52095842 -0.463668555
    0.00723725557 1.22787881 0.210671246 0.296805799 -0.0857960582
    1.07653761 0.0412606597 0.0521354675 0.625746012 1.3872118
    -0.0877149701 1.51128638 0.751377463 -0.286153138 0.00603276491
    1.22690511 -0.025375247 1.45296764 -0.453969866 1.39844942
    0.746938825 0.26065886 1.06825542 1.11618924 0.130408585 1.38877523
    -0.428609252 1.20565689 -0.66538769 0.527620375 1.11581814 1.2826196
    0.113400519 -0.0648462176 -0.232183456 -0.626018763 0.534945428
    0.958239198 0.0762132406 1.42898226 -0.568037033 0.702031493
    1.52726197 0.152529538 1.5084579 -0.393756896 0.488006413
    0.154237747 1.23855078 1.63543439 -0.542683721 -0.521861076
    -0.650006056 0.720638096 0.259735227 0.65886879 0.0331640244
    0.180272222 0.202632129 1.25467944 0.254587948 1.38753223
    -0.48072806 1.51743889 -0.437916517 -0.598946512 1.10070801
    1.43686736 1.02682495 1.20138788 1.47971702 0.0961589813 0.329698682
    -0.556632638 0.0542787313 0.87288183 1.31267047 0.972549438
    0.103622615 1.41328955 0.434594333 0.148171365 1.34969544
    0.561185181 -0.328129709 1.2793659 1.19614291 1.33702958 1.01607537
    1.27996182 1.002316 -0.521444261 0.783827126 0.160625577
    -0.230789274 0.745911002 -0.239110976 -0.181149364 0.304287434
    1.083215 1.55817926 1.3113265 0.766880512 -0.340676039 0.173254371
    0.99263984 0.0298907161 0.105671942 0.867146492 0.375806808
    1.12174153 -0.555966318 0.402810752 1.04378366 -0.382947087
    -0.0146791935 0.681707919 0.467149496 1.60740185 0.779507458
    -0.0533242226 -0.461869955 0.983970284 1.62821507 1.60231602
    0.817260146 0.63824743 0.198307693 1.61535132 1.64080358
    -0.0178624392 0.448668301 -0.523532629 0.412827134 0.0208724141
    -0.103686333 -0.332347155 -0.154138237 1.56876588 -0.173910767
    -0.00566881895 -0.462990701 1.6093719 0.0155280232 0.430536509
    0.795229375 0.389316797 0.00928258896 1.12537098 1.65335751
    -0.11648041 1.55174947 -0.388802469 1.2320112 0.336925328
    -0.246531725 0.0942696333 -0.413273752 0.778786242 1.15288365
    -0.230826557 0.423546076 1.17873502 0.444004357 1.51611543
    0.292685986 1.20634043 -0.648880482 1.1278553 0.626966596
    0.933501303 0.833390534 1.01698589 0.866121411 0.0442727208
    -0.608697116 -0.202036887 -0.222257704 -0.111276031 -0.397597998
    -0.296877474 -0.0874659419 1.04239678 1.43889475 1.6646018
    -0.0951917768 -0.614221871 1.40932441 1.24658012 0.951812088
    0.14222604 0.78471446 -0.259117424 0.352532625 0.231679916
    1.20560598 0.740521669 -0.678631902 0.648928642 -0.0908977389
    1.37626624 1.58413172 1.47681403 -0.361384779 0.417994499 1.69761014
    -0.17725262 -0.41065532 -0.0926398635 1.22796273 0.645139456
    1.29373026 0.194199622 0.803649008 0.415283501 -0.668102384
    1.60896313 1.16853118 1.28370011 -0.503449559 0.421260893
    -0.217827439 1.27210474 0.649392188 0.150262237 0.296469986
    1.41605878 -0.47601068 -0.0582181215 0.824939489 1.61462009
    1.35333586 0.864116132 -0.283849239 -0.116866022 1.55985165
    1.27399778 -0.614749134 0.758170247 0.792767465 0.526147306
    0.172202706 0.966893017 0.141285658 1.19099832 0.928488016
    -0.058686614 0.193265676 -0.18536526 1.04532993 1.15407336
    1.22128117 0.258600891 -0.209537148 -0.451994509 -0.510530651
    -0.554654002 1.24004579 1.08943152 0.374068797 0.131947696
    -0.701469362 1.48210359 -0.00311517715 0.8183465 1.59484363
    -0.485820293 1.11225164 0.316574812 1.01406014 -0.283210576
    -0.45895794 -0.0899500251 0.552334547 -0.63348192 -0.493932664
    1.55738997 1.4467566 1.69598889 0.990611374 0.776261926 0.27658391
    1.37447834 1.28976965 0.086079061 -0.33401233 -0.0374509692
    -0.281356484 -0.693670034 1.58796453 1.17896843 0.0561535358
    1.13899136 0.719004095 -0.347549051 -0.392459154 0.4213745
    -0.146371514 0.993622303 1.16150713 0.0707118511 0.485254824
    0.610636175 1.30171001 0.617909074 -0.361598551 1.54405272
    1.47437692 0.309810042 0.152269125 0.877462745 0.279861629
    1.46140718 0.0122141242 0.334707975 1.34098721 -0.276212454
    -0.109986961 0.645173252 -0.492479295 1.34415185 -0.400219023
    -0.688153207 -0.622401774 1.12963319 0.601795375 -0.229630649
    0.0897687674 0.570979953 -0.251767457 1.56486011 0.456556737
    0.143632054 -0.0897797346 1.19516993 -0.277956277 -0.566369891
    1.46959198 0.97154218 -0.521003067 0.857104063 -0.510432541
    0.966698229 -0.171945572 1.17391896 -0.729656994 0.773826003
    0.798806787 0.31027323 -0.622735798 0.408475161 0.350099564
    1.26478148 0.886048317 -0.14479655 0.0684893727 0.263357699
    0.959344923 0.836032867 1.02142882 0.619713306 1.24340475
    0.501419485 0.29820925 -0.180637419 1.46981978 0.623214006
    0.376760602 1.54630935 1.09219885 -0.440683722 0.253315032
    1.44300663 0.133049309 1.38918245 1.24905872 0.596290529
    -0.794443667 0.814614534 0.698534966 1.13840246 -0.637747824
    1.24242163 0.484239697 0.775829375 1.4134779 1.55461681 1.45991778
    1.68298733 0.0946583152 1.11480427 1.72384858 1.70513296
    -0.444769025 -0.238402933 0.700217009 -0.517459512 1.62297297
    -0.469439566 1.49370396 0.9848575 0.481912971 -0.143357456
    0.181495309 -0.312558085 0.551097453 0.872996211 0.131547034
    1.41015697 1.12348783 -0.0728307366 0.662402093 0.936682165
    -0.49548468 1.05944848 1.32034838 1.52031589 0.0381833315
    0.711654484 1.2171675 1.24910808 0.156397045 0.347880304
    -0.0327486992 1.3216958 -0.444037288 0.440527618 1.57900274
    -0.657981634 -0.394608915 0.313830018 1.16515946 1.18975186
    1.48390591 1.47187018 1.33563471 0.764805794 0.749471962 0.989852548
    0.143941283 0.928296566 0.764459848 -0.156831026 0.0367278457
    -0.487471402 0.335785449 0.736708939 -0.29261905 -0.214060336
    1.46171355 1.31366229 0.852731526 0.580769956 1.27418184 0.891781211
    0.768873513 0.869185209 0.990328074 0.521407962 0.620882034
    1.02408361 1.44519949 -0.483756989 -0.0723536015 1.54418135
    -0.474790573 0.64385134 0.392229974 0.98628664 0.98182404
    0.747425854 -0.154543102 0.879553854 1.60892296 -0.257469356
    1.11960709 -0.3784132 1.62383425 1.47549653 -0.0101222992 1.07669044
    -0.171006083 0.003221035 -0.680186927 0.117283523 -0.0189811587
    0.881627262 -0.233046502 0.890766144 -0.236969084 1.4650147
    0.929289877 -0.6199646 0.814968526 1.30181909 1.38346052 0.907065451
    -0.00733107328 1.19742131 -0.0256323218 0.235844851 1.05166316
    -0.646926403 1.37380552 0.68691504 -0.5620417 0.642743707 1.24663854
    1.33581531 0.580481946 -0.448216438 0.423982024 1.508286
    0.0911794305 1.09284198 -0.101870537 0.920000494 1.44273007
    0.500492334 1.48994517 -0.4883039 -0.564972997 -0.325544357
    0.507565677 -0.647336006 1.41312945 0.93301475 0.915974617
    1.63310766 -0.487371147 1.20633471 -0.182851791 0.279168963
    -0.054285109 0.957102776 0.664286375 -0.440976679 -0.508180141
    0.0938916802 -0.360830784 0.0779262185 -0.20103094 -0.420510501
    1.36146176 -0.499163389 0.268237293 1.20432591 0.556058288
    1.51860619 0.785603046 0.81196326 0.356669843 0.1255849 -0.178900093
    1.04515243 0.220196366 -0.357743174 0.192592323 0.155561686
    -0.403751194 1.58611608 -0.105996609 1.17321849 -0.178186148
    1.41872144 0.129306316 -0.498791397 0.528618932 0.308651805 1.559304
    -0.127891362 -0.500873446 -0.0862386227 0.0360352397 1.5114212
    1.33469319 0.751858473 0.649587631 1.43368649 0.847216308
    -0.364932328 1.37020564 -0.356642544 0.352624118 0.467986166
    -0.122861862 1.06209278 -0.549817562 -0.0673583746 0.504920304
    0.602941155 0.524993956 1.11421728 1.56329536 0.265723526 1.05701542
    1.44164109 0.506177723 -0.30583021 0.722077966 0.475496411
    0.399387002 0.266190708 1.38339448 0.124973059 -0.467274785
    0.965020001 -0.23418802 1.35797119 -0.382149547 1.63820851
    -0.0743204355 -0.161253393 1.02111745 1.4458344 0.792393506
    0.879626989 -0.0987097621 -0.348871052 1.16681385 1.20010209
    1.16952229 0.0229676962 1.00851655 1.43552148 0.942839503 1.44368958
    -0.540494323 0.018437326 0.504306972 1.2492609 0.950999558
    -0.0064226985 0.828519046 1.09486485 -0.523862064 0.312527418
    0.817290187 -0.200756669 0.652535856 -0.474983007 -0.173548669
    0.623042285 0.30053103 0.662785292 0.946011424 0.248331904
    0.125881314 -0.41190654 1.63037348 0.982555389 1.65055227
    -0.374568701 0.33386904 -0.196238071 1.04772878 0.461505115
    0.0967049599 -0.290064782 0.165306628 1.49008954 0.831123471
    1.13059092 1.62326121 1.02117252 1.11199236 1.20592344 0.117499769
    1.61695945 1.45718431 1.45675886 1.48136258 1.39850461 0.25552243
    -0.238689929 -0.255669177 0.523389041 -0.303402901 0.51150316
    0.252870858 1.50682032 0.569755852 0.753437221 0.77775383
    -0.185685039 0.786825716 0.357359171 1.39492679 -0.350003272
    1.5646534 -0.49977085 -0.0893739462 1.36021852 -0.0973173976
    -0.0924625993 0.36453563 0.767333031 -0.454974413 1.06100702
    -0.08096838 0.984429717 1.63089657 1.13511443 -0.281113714
    0.614852905 0.534216642 0.54902637 1.33017457 -0.594458401
    0.221368253 1.56531787 -0.0979096293 1.48507428 1.64730716
    1.57729352 0.571297646 0.374199569 1.36569619 0.0509536266
    1.03911901 0.122982323 0.848310351 0.367172301 1.05551517 1.51188183
    0.0784697533 -0.49282068 0.416865528 0.759460807 -0.0695402026
    0.137526929 0.264565408 1.51100826 0.890941739 -0.41775316
    1.37444866 1.55616784 1.60424161 0.422299445 0.790006518
    -0.368813217 0.359741509 0.872588992 0.221178293 1.43597031
    -0.413216174 -0.558690786 -0.327726781 0.923503518 0.20266366
    1.23132086 0.199527025 0.953069091 -0.208190709 0.00586336851
    1.21661079 1.16128063 0.0354992747 -0.331261814 1.22605503
    -0.574570596 0.744731784 -0.153357148 1.24119401 -0.587454975
    -0.590529501 0.590563416 -0.20561552 0.285425723 0.579539895
    1.57668126 0.435937822 0.230588198 -0.430343568 0.974581063
    1.37027431 0.37481308 1.47643185 0.590325832 0.424378514
    -0.151537746 0.0348241329 -0.531594932 0.949433565 -0.141085625
    1.60506976 0.406989872 -0.0376415849 1.37415254 -0.580702662
    0.0770255327 -0.178947747 0.392692387 0.70593071 0.60439378
    1.1816504 -0.465822637 1.41136932 0.897467554 0.360089302
    0.706515014 0.46316582 1.45369577 1.62245345 -0.392312258 1.6510222
    0.976240456 1.00517952 -0.0610356927 0.835684419 0.127303779
    0.79831481 0.2261464 1.1605736 1.39147568 1.32881665 0.53679502
    -0.404205292 -0.428047597 1.20441675 -0.141017705 1.61953723
    0.530793846 1.36668253 1.27908206 0.317037165 0.674529791
    0.445071518 1.40787339 1.2849462 0.322763681 -0.435151517
    0.263612628 -0.383276194 0.4293558 1.5482676 1.59617829 1.49664629
    -0.181615651 1.61267018 -0.31013298 0.220041335 1.4000814
    0.235665977 0.380547822 -0.365072161 1.51650763 0.3312397 1.41165709
    0.249075413 -0.624853313 0.523130774 -0.104796171 0.474925458
    0.900598764 1.3274188 0.446992576 1.1316421 0.194989622 0.577996314
    1.32166064 0.308689833 1.42760563 0.347263634 -0.327837169
    0.750778735 1.51148152 1.29304361 0.716729283 -0.643782139
    1.08169651 0.112475991 1.06186688 -0.229446352 0.175544262
    -0.450689822 -0.605210781 0.422144294 0.387755096 1.34157681
    1.42092359 1.30976677 0.80515182 0.557215214 0.45616132 0.302941918
    -0.504977226 0.843950272 0.201635301 0.217811167 1.41141319
    0.411762536 -0.344230145 0.482655346 -0.0137408376 0.842417359
    1.57866406 1.50631571 0.289116085 -0.645544887 -0.537789702
    -0.525010765 1.58246994 0.500917375 -0.185532153 0.374736726
    0.954767168 0.351071894 0.376646519 1.09852242 1.21943462
    0.677814126 -0.379164547 1.03078139 0.872765481 0.0599081516
    0.0753469467 0.0808059573 1.02739632 -0.627145827 -0.353155643
    -0.448421627 0.169977188 1.63577855 0.0481074452 1.36545575
    -0.355442315 -0.645340621 0.927038193 -0.329482973 0.436060548
    0.348903358 0.125347555 0.355385602 -0.625801504 1.58858919
    0.756620169 0.338515043 0.588404119 0.557149172 1.22212839
    0.430684388 -0.0304861665 1.39419186 0.723691106 -0.615782142
    -0.404433668 1.30603147 -0.541333914 1.07911682 0.328717053
    1.23259783 0.648732245 1.58081818 0.833423138 0.758606076
    -0.656702399 -0.0367139578 -0.0566114187 0.876645267 0.699800372
    0.346040964 1.13689542 -0.420842618 1.3907876 1.42663717 0.285867631
    -0.575761616 -0.104866862 1.15341306 1.04533386 -0.684666514
    0.333028078 -0.0720714927 1.27424419 -0.546388626 0.0958690643
    -0.347255766 1.6039927 1.62935877 1.13085771 0.0457091331
    0.786038101 0.690837681 0.140466273 0.750862598 0.308400452
    -0.708678126 -0.121378362 -0.474117398 0.777077556 0.133888364
    1.15042186 -0.338892072 0.0934671164 -0.126056075 0.590634406
    1.01911044 -0.543838024 0.871525347 0.196974456 0.143510282
    0.68047303 -0.571412385 -0.187512726 -0.360847086 0.579679787
    0.355088472 -0.355933607 1.14579225 0.780144155 -0.377457082
    0.0482519865 1.1757164 0.483641684 1.58403289 1.63458371
    -0.246687084 -0.203993022 0.198012173 -0.0391026139 -0.0391522646
    0.622162342 0.314213872 1.63724494 1.49612081 1.15751171 0.295434654
    -0.158599973 0.978029251 0.251092434 0.894870758 -0.00103318691
    1.26709557 0.015347898 0.804410577 1.32999134 0.129571676
    0.163810492 1.58489299 1.16296601 0.039672792 0.48550874
    -0.390554577 -0.135619223 1.23333526 1.22488618 -0.289366275
    0.198774099 0.821875572 -0.600883961 -0.192433536 -0.494447351
    1.59507501 0.268383086 0.558244228 -0.111678779 1.41027963
    -0.556446016 0.666558027 -0.0573272109 -0.440370768 1.23366761
    0.360926867 0.0378810763 1.5184567 1.61109185 -0.372128665
    0.70522666 0.503318429 0.383006513 1.17130387 -0.675453067
    0.509821832 1.25889707 -0.326822698 -0.0860708952 0.791225672
    1.12008595 1.6349647 0.818497658 -0.299070537 -0.125611901
    0.151547134 0.255535126 0.650486708 0.122681618 1.68217266
    0.706611335 -0.316246361 0.659538507 0.798678875 0.629112422
    0.624420702 1.23220468 0.709860563 0.45062238 1.00423265 1.52968931
    -0.472761691 1.23782957 0.962805629 -0.640991986 0.543712378
    0.103470922 1.30707157 -0.0604606271 -0.454589903 0.0615944862
    0.405740857 1.36440718 0.752158403 -0.620013237 0.319450378
    1.40992069 -0.366354078 1.14189434 0.87519151 -0.0478714108
    0.38347578 1.20262933 1.45538831 0.353383005 0.487444997 -0.41180408
    0.648979425 -0.0458779335 1.46476722 1.23392057 1.11574042
    0.636576533 -0.106150925 1.16026676 1.18095851 0.761005759
    1.07962632 -0.558515847 1.25242233 1.10236287 0.200847745
    0.417695045 -0.109342694 1.54692674 0.134040833 1.32840252
    0.252710223 0.27978307 1.37596476 1.19864774 -0.0630839467
    0.491921782 -0.293417037 1.03903067 0.133357584 -0.193605423
    0.501612127 0.0818914175 0.130482256 -0.59005022 1.15178585
    1.26525927 1.53235388 0.533608556 0.353889465 -0.253434449
    0.171661854 0.815191746 -0.108644128 -0.465846658 0.752774179
    0.34100306 1.03456843 0.388453543 0.469142854 1.43277049 0.645477057
    -0.274779201 1.46579456 1.05300438 1.06824279 0.713103831
    0.510270417 1.26341939 0.729538381 -0.37203458 -0.129147172
    1.33434486 0.938607156 -0.649410009 1.21859002 -0.328061044
    -0.112860918 1.13830662 1.15168667 0.973075628 1.25264657
    0.945732653 -0.468907595 0.275826871 1.51916647 -0.322452575
    1.61944962 0.973743618 1.33235264 -0.0530666113 1.02861345
    -0.595053494 -0.470612466 0.0368102193 0.860703826 -0.309195369
    0.627132535 1.07594645 1.26337814 1.34038854 -0.582853496
    -0.559629321 1.32155848 -0.641913474 0.727935731 1.28293049
    1.59941041 -0.310896784 0.49832648 0.177449524 0.0588973761
    0.190304577 -0.744028211 0.960516632 1.53708601 0.302750587
    0.191350877 1.0963136 0.443853617 -0.000385463238 0.746975183
    -0.221128821 0.00569885969 -0.214489579 0.133388758 0.472028434
    0.452520669 1.2065289 0.798210323 0.128646612 -0.212485105
    0.785702586 1.61690044 -0.497211516 -0.69965899 1.54784894
    1.02970862 0.608427703 0.0810290575 0.390713573 1.41009164
    0.252733707 0.440065086 1.39918518 1.20841575 -0.266556889
    0.586540818 -0.0160377026 0.162057996 0.21425581 0.707168043
    1.42432308 -0.0442444682 1.27784824 0.906000257 1.38081717
    -0.51348412 0.414060354 0.7491979 0.959418595 0.180678487
    -0.375913709 0.868421853 -0.563573003 1.14871502 1.07082808
    0.777268291 0.800799966 1.42578113 -0.38506189 1.3425436
    -0.430592537 1.12432563 0.913749933 0.288663685 0.944582462
    0.695679426 -0.398528844 0.174737692 -0.499367595 0.792079091
    0.658695817 1.06420684 0.0446959734 -0.2157951 1.43962216
    0.235801399 1.50472951 -0.477229178 0.794784784 1.04847193
    0.851999521 1.30160034 0.466460526 0.237454712 1.47949171
    0.914245009 0.390027046 -0.250646651 1.2395761 0.759510756
    1.33522248 -0.0115585327 -0.736082196 -0.371288657 -0.712917268
    0.686594069 0.144917548 0.512500465 1.47919655 0.166932046
    1.29657245 1.07856464 1.42341542 0.716125011 -0.570471525 1.03816366
    0.334444642 -0.605379224 1.52445662 1.03433335 -0.184004456
    0.167928517 -0.536817491 0.646881044 0.458555341 -0.322507262
    1.0415144 0.203889132 0.235927284 -0.712777853 -0.450820655
    1.23510313 0.0381675363 -0.25612998 1.58506274 0.816866934
    1.68817472 -0.176764339 0.560539961 -0.496800959 1.43142772
    -0.237300694 0.197250247 0.240701258 0.79332006 0.769981921
    0.924527526 -0.205526829 0.80206424 0.661016524 0.467377245
    -0.228216588 0.405362844 1.0935111 0.252824545 0.820789218
    1.45540345 0.72479856 0.332184017 0.965054095 1.64077508 0.184143305
    -0.0295919776 -0.11823076 1.18480623 -0.313917041 -0.478427947
    -0.608562887 0.528932452 0.270451367 0.584995449 0.19093132
    1.55821121 -0.286999643 -0.755679607 0.783716321 0.457101822
    0.65047586 0.60207212 -0.0145611763 0.318742931 -0.0373026729
    -0.060959518 -0.565195799 1.55615723 -0.0910670757 1.15122485
    0.0140315294 0.39533788 0.683201075 0.182491243 -0.131085217
    -0.380980283 0.507208645 1.12129772 -0.288019568 0.604022324
    0.801456213 0.0779141188 0.126658559 1.28163624 0.888839066
    0.574448407 0.530337512 0.494023144 0.759340107 1.41912222
    0.0220057964 0.730312228 0.779663682 1.06678128 0.150368631
    -0.550383687 0.666064918 1.56847477 0.807617009 -0.442399353
    0.223305404 0.222862244 -0.450224757 -0.00709855556 0.163081467
    -0.672255099 0.730721116 -0.394342095 0.270279586 0.576769471
    -0.114303112 1.59814072 1.47777247 -0.519431233 -0.582564831
    -0.0927179456 1.06033409 1.37444353 0.485922396 0.50918293
    1.22635961 0.992168725 -0.499740809 0.891649008 0.777200103
    -0.360928118 -0.0637213588 1.08179259 1.54706538 1.38679743
    1.24949217 1.01774681 0.354734838 0.291793644 -0.751706362 1.0969975
    -0.148712814 0.352033913 0.837858081 1.59097052 -0.63937372
    0.290466845 -0.240516782 1.48897004 0.778916597 0.423565567
    0.474302232 1.44050956 -0.456520021 1.39429569 0.238247275
    -0.084798336 0.390260637 0.482476056 -0.100610077 0.84288466
    -0.577207565 1.13225985 0.639286518 0.207956493 0.964423716
    -0.725676835 0.270695508 1.41860914 -0.300127029 -0.586445451
    0.168746412 1.28786242 1.15194368 0.187022388 1.08418012 0.708867371
    -0.591997862 0.427637994 0.857360661 1.53915596 0.887352645
    0.468522012 1.5982213 0.65505743 0.0104429722 0.817367554
    0.0176434517 0.146009505 -0.116254926 0.557231367 0.589089453
    1.34235692 1.15649509 -0.186169982 -0.372356415 0.382443726
    -0.221391112 1.30265224 0.939165175 1.43389118 -0.318662673
    -0.214197248 -0.199940056 0.769019425 1.37795687 1.68324268
    0.522349238 0.415514767 -0.522847891 0.667352557 1.51305294
    0.536407471 1.11625981 0.773034632 -0.557585657 1.42912614
    -0.611923516 1.37587857 0.485687375 -0.524665177 0.571635485
    0.767069876 -0.198291987 1.64555573 1.46400249 0.799384534
    0.93335247 0.503602266 0.418986976 1.26373339 0.6520226 0.859209895
    1.41382074 0.79203701 1.34962046 0.0288177133 0.0975686908
    1.19282007 1.11146379 0.0324457288 -0.0244894624 -0.182428181
    0.81258285 -0.086137116 1.56804204 0.728492379 -0.0653495789
    0.737672031 1.53349781 0.119431198 0.36387378 -0.220867753
    0.778165519 -0.37429902 0.42784667 0.609723926 0.035654366
    0.884603441 0.905870974 0.238961637 -0.578525364 -0.44945249
    0.609049857 -0.533409357 0.739581704 0.741072774 -0.554522634
    0.0326582789 0.323234975 0.597344816 1.2698921 1.1715163 1.19247961
    0.799391687 0.610845983 0.637632132 0.832721829 -0.570602715
    -0.610783875 1.20940161 0.922579408 -0.575937092 1.44114101
    0.903058112 0.902619958 -0.420867175 0.0326533914 0.113616168
    1.48723936 1.16824436 0.685731947 1.20790267 1.10248792 -0.334457159
    1.58110797 0.639280379 0.241441786 -0.0282652378 1.30752182
    0.266470909 -0.33550027 -0.649121225 0.958830178 0.392297983
    1.24021435 -0.0671651959 -0.135091722 -0.400555372 0.164698958
    0.986602426 -0.299651206 0.917046249 -0.33284077 1.32122898
    1.29453874 0.723830104 0.230823457 1.40817642 0.45859921
    -0.379030198 -0.093390286 1.00300634 1.50449419 1.4718976
    -0.527812302 0.648668408 -0.117247462 -0.114130497 -0.618349314
    -0.0619886518 0.632218182 -0.145347655 0.597362041 0.84825331
    1.12943959 -0.516155243 0.999942124 1.70533025 0.627097487
    0.260636449 0.934368849 0.934768677 -0.0498951674 1.02597404
    1.67492843 -0.383702636 -0.154045701 -0.0200176239 -0.34408468
    0.782361746 -0.284130752 1.166152 1.07514298 1.73654985 0.669054329
    -0.50379312 0.559711993 0.435719788 0.485651135 -0.561179996
    0.193791807 1.62648451 1.09806442 0.517073035 -0.250201404
    1.54047763 1.46352029 1.08617187 1.07890069 0.686711371 0.815892637
    1.29582524 0.437393248 1.1529392 1.35281968 0.379139125 1.32583475
    0.585406959 0.445584655 -0.617925882 -0.627722919 0.48834604
    0.169860184 1.02715945 -0.368715346 0.635793686 1.34236276
    -0.218905032 0.212394953 -0.412148595 0.671531081 0.321403921
    1.16264153 1.35022283 1.29964721 1.11712313 0.0480643511 1.50147772
    1.52987671 0.487427294 0.329993248 0.0354778767 -0.187770188
    0.016653955 -0.461595356 0.219466746 0.62203449 0.694164336
    0.643740475 1.11080301 1.60827613 0.717197835 1.07522964 1.48555732
    -0.491295576 -0.179221302 0.829962313 -0.364815652 0.581616402
    0.149364948 1.44843185 0.818122745 1.41503429 1.23587918 0.305388272
    0.35069114 0.449673533 1.08046675 1.43567848 0.78940022 0.363175392
    -0.0882063508 -0.270865262 1.19652963 -0.444829881 0.45499742
    1.37216759 -0.0194615722 1.20933402 -0.499969661 0.765621245
    1.50131488 0.0339429379 -0.361643583 0.848121464 1.04290462
    1.51643252 1.16813743 0.452268243 0.0719508529 -0.0607429147
    0.155652881 0.782015324 0.966180205 0.337611616 0.0119332075
    0.599238813 0.338715971 0.4352718 -0.00991857052 0.615899801
    1.46139002 -0.55465275 0.372720778 -0.150260389 -0.232463539
    -0.363736331 -0.119277179 -0.0979079604 1.45536304 -0.334722221
    1.15266871 0.873492777 1.14771581 0.109622061 0.887878239 1.00596285
    -0.650634944 1.08523631 1.40371704 -0.149421036 0.0822089911
    0.90077728 0.276997149 -0.321565866 1.50359774 1.00139868
    -0.522665262 -0.392012179 1.33595133 1.52493334 1.33935213
    1.34395599 0.971404612 1.31148171 0.727936089 0.209697723
    0.730552793 1.0247184 0.627448738 1.32884467 1.35031104 -0.453769207
    1.25061584 0.94036293 1.06761932 -0.423588514 -0.0571854115
    0.0322437286 0.676029325 -0.448561549 0.846200943 1.12311411
    -0.121521413 0.886598468 -0.525647521 0.864961863 -0.0241484642
    1.18860722 -0.0251704454 1.69506001 0.667666316 0.836764276
    0.362552106 0.372414947 0.817472577 0.700740337 -0.45675984
    0.698056221 0.470141053 0.466630638 -0.361736149 0.890043974
    0.422044694 -0.199374914 -0.30882749 1.55017567 1.27207398
    0.499836624 0.999696791 -0.503650963 -0.608989775 0.620756924
    0.159491777 1.58999038 1.10283804 1.54375267 0.119630575 0.163211346
    -0.262230814 1.40351844 -0.289910167 -0.00771850348 1.59447169
    1.28691936 1.22462368 0.0464217663 -0.638192534 1.06626272
    0.508920848 0.445800543 0.292366207 1.11028409 0.765930891
    0.285264015 1.02650118 1.62882757 0.431407809 -0.256786615
    1.25438535 0.396863937 1.01677251 1.5008508 0.535817444 0.639201045
    1.12233138 -0.366262138 1.3181684 -0.31452778 -0.244590789
    1.08105588 -0.483463854 1.14784598 1.31607473 -0.39965874 0.86291337
    0.359843612 1.11435831 1.20077419 0.944633663 1.2676928 0.683847606
    0.164001107 0.708925128 -0.324531913 0.939584136 -0.532252491
    -0.179515898 1.32218158 0.988959491 1.16828203 -0.469655395
    1.6138792 -0.111642599 0.410395145 1.273821 0.39191407 -0.360618532
    -0.0412068963 1.45417595 -0.167484313 -0.151897579 0.97180301
    0.779251039 0.717553258 1.2589705 0.302216709 1.44659114 0.599234164
    -0.0596451759 0.125643075 0.787501812 0.137509763 0.540164709
    0.284594059 -0.577932 -0.544761539 0.935556173 -0.0786638856
    1.33273649 1.12603569 1.28775406 0.570319414 0.737491667 0.607152462
    -0.53708154 -0.533754289 -0.379484415 1.63775325 0.452613831
    -0.351524472 0.314662874 0.417393088 1.67381692 1.54150724
    -0.497236013 0.0647257566 -0.462047875 -0.566515684 1.26686192
    1.11533618 1.512887 1.13294744 -0.380238175 0.174923241 1.34192896
    1.00947833 1.1196866 0.907038271 1.30591118 0.157419324 0.713373125
    1.10185146 -0.0386469364 0.227804065 -0.39688018 0.0204885602
    1.13137364 1.16545296 1.11737156 0.892907441 -0.259889394
    0.498638809 -0.0682036877 0.44422549 1.2474792 -0.482382208
    -0.11237067 1.46579051 0.96295768 1.38223779 -0.653650999 1.49552131
    0.834688306 -0.545446634 1.26002085 0.401265562 -0.232319474
    1.01099539 1.31208348 1.39153552 1.04882765 -0.570676565
    0.00414228439 0.101523876 1.49885607 -0.123651505 0.367906272
    0.232254386 0.394714236 1.50079966 -0.0665390491 -0.245727271
    0.962534726 1.62477767 1.00306165 1.44317496 -0.329394996
    0.634316444 -0.198663712 0.433793008 -0.32843852 1.07328808
    1.56024039 -0.433885753 -0.357487798 0.342205405 0.0102655888
    0.795957088 0.457871616 0.453011096 1.22425878 0.582514286
    -0.439173847 0.158481836 1.22149801 -0.244096398 0.910144806
    0.374914706 1.37723565 0.28479147 0.139849663 0.14267993 0.470807254
    1.59630203 0.1851632 1.30643106 -0.218007147 1.33884692 0.54273349
    0.46558702 0.749235928 -0.643577456 -0.645912528 -0.518861055
    -0.207411468 1.42014921 0.552245498 0.0175247788 0.544955254
    -0.379677057 0.488343596 -0.281596899 1.4930253 1.02209115
    0.510170698 1.06662631 -0.487872601 0.840519309 1.07745135 1.0461812
    0.279630542 0.884465694 0.568244994 -0.075596869 -0.482927799
    -0.210018933 1.29256153 -0.538241088 1.19665599 0.608017683
    -0.469214857 1.19128036 0.472286224 1.18765259 0.740597785
    0.086220026 -0.583491564 1.18909168 1.02053738 1.16749406
    0.799863219 1.51724446 -0.336006075 1.62378848 0.895986259
    0.981621325 0.253017068 -0.565723836 0.204045653 0.536257923
    0.0363767743 -0.274783909 0.692877948 -0.492743343 0.928190172
    -0.312770516 -0.153646648 1.0849359 0.377291858 1.46736169
    0.90926367 0.103555262 1.52257276 0.541140139 -0.137215614
    1.37982059 1.18126965 -0.192187309 -0.135370672 0.782030404
    0.155787766 0.418738604 1.09662747 0.124126971 0.131177664
    -0.403198302 0.111916542 0.290188968 0.855242729 -0.531580448
    1.42329407 0.774706602 -0.568252087 1.21067286 0.872745275
    -0.196500242 -0.699301243 1.44628215 -0.430747747 1.31457353
    -0.362382233 1.53267884 -0.165904731 0.534000456 -0.355979651
    1.09109855 0.748315454 0.743897974 -0.198498219 0.116890132
    -0.308018297 0.987621486 0.784990132 -0.237980485 -0.0680553317
    1.26196849 -0.408735275 0.474775314 -0.313306719 0.778232872
    1.65913916 1.25897098 0.210567176 1.56758142 0.245502114
    -0.557604849 -0.506955385 0.199867785 0.306700647 -0.261167616
    0.389873803 -0.355229199 -0.0527160168 0.898629725 0.159660578
    -0.423087895 -0.365625739 0.370972157 1.24522495 1.07066822
    -0.205270648 0.783608496 0.312317073 0.168766975 0.824394703
    0.787917256 1.12100649 -0.147956848 -0.167384982 1.24398673
    1.21572673 0.0869033337 0.0951042175 -0.390813529 -0.272725672
    1.45210671 -0.353482336 1.16104984 -0.436913878 1.53501129
    0.763216913 0.0684399009 0.110332549 1.41836691 1.31114233
    0.012119174 0.730494738 0.275490999 0.187820375 -0.353834838
    0.380868137 -0.494059145 0.07873106 -0.199216664 1.01730847
    0.361078024 0.981684446 1.1952796 0.462743759 1.40026665 1.19176888
    -0.713822782 0.161111593 -0.238177061 1.5621624 0.942714036
    0.29974246 -0.612932861 -0.212712348 -0.604653478 -0.356379181
    -0.175998092 -0.534207463 1.18933296 -0.552957654 0.751546502
    1.36385143 0.71491617 -0.181037992 1.30452049 0.974455059
    -0.154201448 0.171493471 1.59156132 0.752098918 0.841858447
    0.934275925 0.3916713 0.863619387 -0.309372514 0.14438659
    -0.141208649 1.38806927 0.569243073 -0.208925486 1.57045889
    0.348119557 -0.318465233 -0.375127316 1.57059848 0.829580188
    0.176978588 0.822856486 0.88484621 1.50657701 0.352810502
    -0.457209885 -0.442685544 -0.115611434 -0.607600331 0.411542594
    -0.330363065 -0.22140035 0.129149199 0.441236913 0.644079328
    0.398822963 1.02076626 0.334618688 -0.354766876 -0.621928275
    -0.0101619959 0.558533907 0.743793011 -0.352485895 1.43886375
    1.06462979 1.42714131 1.46021676 0.54528302 -0.505146205 0.251965046
    1.63492179 1.36488628 0.237796545 -0.0715281963 -0.370749772
    -0.158373475 0.417367756 -0.351902783 1.30734015 0.820165813
    0.770062029 -0.1707412 -0.430861533 0.599404693 0.0576136708
    0.769583166 1.18736029 0.931051195 -0.224036992 -0.29054451
    0.261669219 0.898631334 1.05338168 -0.629450798 0.532893181
    1.27271211 1.57549119 -0.739366412 0.22604084 1.41183269 1.18730164
    0.615676522 0.892452955 0.528619647 1.1263876 0.674424887
    0.504139721 1.70009804 0.892265379 0.85127157 -0.356570095
    0.0844327807 0.559206784 0.503232539 0.0643905997 -0.322837055
    -0.151006371 0.554154694 0.896828711 1.21746612 -0.620495498
    0.259269536 0.836753964 1.23115015 -0.00826221704 0.919548154
    1.26920629 0.296935737 1.61081672 1.13402414 0.481808424 1.58611572
    0.682083726 -0.586636305 1.00524235 1.58739972 0.646079659
    0.906591833 1.06960666 0.378258288 -0.141704202 0.958864987
    0.815491498 1.33937812 0.562092781 0.584650397 -0.365141332
    -0.186438501 -0.0454677939 1.26259351 0.390755951 0.663437665
    1.0272944 -0.28295058 1.02329242 0.819368362 0.40537554 0.0897306204
    -0.139019012 1.56056213 0.0603052378 0.011500895 0.403737903
    0.928138018 -0.0243171453 0.0918622613 0.644557714 -0.301897496
    -0.51801759 -0.300875634 0.741233647 1.02069926 -0.116229057
    0.316907108 0.539622128 -0.490150392 0.350919068 0.660832584
    0.145880163 0.493197203 0.993829727 1.60285509 -0.0407583117
    0.121961534 1.60595286 1.61562824 -0.0307607055 0.288966119
    1.04658151 0.164678454 0.676360965 -0.0131908655 0.40252018
    0.523952007 0.132798553 -0.295846105 0.0857072473 0.379576981
    0.919099569 1.48898792 -0.242817253 -0.189406514 0.745638669
    0.856191933 -0.438186884 1.3626492 1.03919911 -0.555145502
    0.0777855515 0.835948288 0.22377032 -0.0513979793 0.452680588
    0.189468563 -0.298372537 1.17271447 0.0131072998 -0.305965632
    0.52488476 1.28152847 0.15679723 -0.508507133 0.740695477 1.36254776
    -0.0142886043 1.49648261 0.784567118 1.20062459 1.56930947
    1.05204821 -0.484579474 -0.145974576 0.17109704 0.0494411588
    1.17535174 0.303688705 -0.646069407 1.45339704 1.41626596
    -0.0530110002 0.775656581 -0.28158167 0.638011813 0.0294234157
    1.64653516 1.0815208 -0.106512427 0.548134744 1.52072191 0.51974076
    1.25250435 0.518534958 0.682245076 -0.279564083 -0.0602177382
    0.29379046 0.976361334 -0.0414287448 1.44632638 -0.0397520065
    1.69032478 -0.382468402 1.09585071 1.35209489 0.434575379
    -0.0068859458 1.55825472 1.49346161 0.0180523992 -0.215285689
    0.480633795 0.764486134 -0.0701213479 1.28302407 0.469446898
    1.06865311 0.662391722 0.597322345 0.949375331 -0.533407032
    0.236155868 -0.498667777 0.823034763 -0.300519675 -0.213358998
    1.1195879 -0.288071275 -0.127368689 -0.0951942801 1.3959806
    1.3360703 0.17893523 0.585054994 1.38788235 1.63966131 0.282204032
    0.713987947 0.784692764 0.0241271257 0.737561584 1.3199718
    0.795294166 -0.564950705 0.592568934 1.35336566 0.279087543
    1.42439461 1.57331991 0.994937301 -0.0737478137 1.37478161
    1.62581205 -0.222969174 0.968366086 1.50751805 0.977370501
    1.09834063 1.034168 -0.406807363 1.66396105 1.10825801 0.711200595
    0.0149440169 0.0452746749 1.54457951 -0.562002361 0.325090706
    -0.422094643 1.32108855 0.0659579635 0.734983623 0.843652248
    0.853756845 0.0104227662 0.764532268 0.948619127 1.45246935
    0.136755764 0.270864129 1.64132905 0.488950431 1.53064919 1.07413578
    0.449605763 -0.0737594962 0.640493751 0.9656955 0.574020326
    0.899025381 0.953935266 1.13389468 1.09387779 1.37700939 0.582231224
    0.575198054 -0.231905818 1.31407046 -0.0802167654 -0.386875838
    0.710257471 1.37058961 0.917945802 0.889981449 -0.557578087
    0.606912911 1.09299064 1.00512981 0.919719458 -0.109177887
    1.63996935 -0.60366714 1.11998129 1.13471878 0.40936023 0.358970463
    0.790906012 1.61185694 0.686629713 -0.15125531 0.375923872
    -0.45800671 -0.122041464 1.61783397 -0.105318129 -0.495909512
    1.21080279 0.757990003 0.58099556 0.440794647 -0.536377907
    -0.448589295 -0.195033669 0.0214136243 0.984452844 0.209395051
    0.674630702 -0.168099105 0.768902779 0.521673501 1.3329041
    -0.375118613 -0.353384286 -0.619704485 0.592006505 -0.589428902
    1.30332208 0.649569035 1.22817922 0.326337695 -0.601590991
    -0.537819564 1.629493 0.96962744 0.197703063 -0.382733464
    -0.205160171 0.570441306 1.23567903 0.247582555 -0.149486542
    0.732901633 1.16877306 0.865625203 1.49369812 -0.478031576
    1.14870584 1.1043787 1.29877698 -0.0439550281 0.397465229
    -0.428676248 1.10787272 -0.285480529 -0.370878845 -0.0207478404
    -0.461371839 1.17404354 0.676797628 1.08377075 1.17982912
    -0.61006856 0.509562612 0.130606055 0.634984136 -0.480655551
    1.58515465 0.94392705 -0.109246671 0.146185994 0.450013578
    0.218665302 1.48665452 0.815597534 0.140532315 -0.324826002
    1.49218535 1.60059118 0.00027346611 -0.448280454 1.22807121
    1.44963384 1.59554279 -0.179807127 -0.337672889 -0.186557889
    0.529355824 1.73189807 -0.468207717 -0.202703565 0.93596977
    0.844258726 -0.567221999 -0.334952265 1.25159633 -0.114215434
    1.1159668 -0.649435937 1.36285806 0.306014836 -0.203723639
    -0.374578089 1.14474392 -0.618627131 0.647996783 -0.358143538
    1.31966591 0.625548005 0.624915481 1.4158051 0.207907498
    -0.141626775 1.29443026 -0.0932708383 0.773788333 1.12240243
    1.32343006 0.286910236 -0.262654066 -0.274770886 0.0585463643
    0.445165455 0.86650008 0.564643443 0.756513894 -0.044701755
    -0.464602828 -0.240191102 0.487540424 0.487427056 1.08537304
    0.335271478 1.13676405 0.00714719296 1.00641215 -0.0554455519
    1.70554543 -0.239139944 0.734508634 0.196351171 0.569177926
    1.61637592 1.18366814 0.820996583 0.179095507 0.172937989
    0.198741138 1.57442474 0.0792193413 -0.389290243 -0.481724858
    -0.282966226 -0.040758431 1.48704886 0.129258215 0.513324022
    0.355791986 1.16332793 1.14587736 0.353290379 1.56577623 1.1756283
    0.643845201 1.60988927 -0.0276573896 1.28761518 -0.442553192
    0.852117956 -0.290597439 0.594981253 -0.636850655 1.01980281
    0.647469938 0.500110626 1.50590813 0.895346642 1.27987194 1.06397271
    0.122709811 0.194954515 0.287525713 1.44989824 -0.555620134
    1.05588603 -0.349232167 0.667035997 0.186720014 1.24838209
    1.56371558 -0.43996346 -0.66764164 -0.597627282 -0.594135106
    1.62241173 -0.0197104812 0.529204667 -0.513883293 0.903857589
    0.534041762 0.686819911 -0.237894058 0.534660935 1.0122273
    0.374601781 0.0422985554 1.50564194 -0.148838401 0.44722414
    1.23836255 -0.426235527 1.56513226 -0.339557618 -0.0177971125
    0.312124491 0.434504986 0.782992661 1.53426576 0.48708719
    -0.605359972 0.617524624 1.5370816 0.749562681 -0.490522325
    -0.349444509 1.4785738 0.995593667 0.134622157 -0.665183365
    0.409943998 -0.0832785964 0.705491304 1.46973085 0.397978425
    0.326653183 1.38279843 1.06665552 0.620707333 -0.0380512476
    0.125082433 -0.612576604 0.664239824 1.158144 1.39240193 0.245023191
    0.0298833847 -0.555469513 0.999710441 0.283507288 1.62641621
    -0.0835476518 -0.0874428153 0.746801913 0.515349448 0.14827311
    -0.537733674 0.630568385 0.962372899 0.943193555 1.59562683
    -0.672025204 -0.00917130709 0.359310985 0.0823173523 0.0964096189
    -0.215569526 0.0271385312 1.35765457 1.23757446 1.56436288
    0.704383075 1.55963111 1.53405285 0.323240936 0.686325073
    -0.193832606 1.12087846 0.466145992 0.204122186 0.328987777
    0.0882852674 -0.00781714916 1.12517571 0.76673311 0.406672359
    -0.481219172 -0.0408195257 0.366582453 0.22738564 1.58217585
    -0.607787728 -0.0594585538 0.491900384 0.936356306 0.848948538
    -0.393646955 -0.547544539 1.62360036 -0.509616137 0.622817695
    1.16731262 -0.424232543 1.06722355 1.34438133 1.49783826 -0.22354117
    0.653315842 0.925414443 -0.478373379 1.43681383 1.63554096
    1.29881978 0.545018196 1.15386176 0.934250295 0.241891384
    0.337192655 0.552610278 -0.276489556 0.251901269 1.04966426
    -0.333745718 -0.334336728 0.71869421 0.621554792 0.526544511
    -0.111631691 0.228925407 0.887572467 1.07002592 0.0431290865
    0.549942255 -0.0222622156 1.52251995 0.256195843 0.811127424
    1.63990653 1.25182223 0.024626255 1.03285909 0.612743735 0.675507724
    0.0171431899 0.475334108 1.0635035 0.15469265 -0.195064604
    0.384565115 1.5726037 1.27928853 -0.120203614 1.35960865 0.928352237
    0.947017729 1.2364223 0.86274761 0.82085371 1.47414279 0.442165852
    0.187234938 0.175035298 0.531589687 0.468567908 0.402847826
    0.637191772 -0.545253515 1.22476959 0.682682991 0.443215013
    0.519216537 0.829826355 1.32198095 0.450599551 1.08525825 0.94478327
    1.09276557 -0.0456223488 -0.285419255 0.266360164 1.64975238
    1.50266433 -0.573505998 1.09440804 0.273449004 0.804493189
    -0.369158566 -0.432404369 1.1703254 1.5398649 1.09079671
    -0.392654836 -0.642648757 1.62641692 0.977697313 0.598317504
    0.562231183 -0.40278253 0.782470107 1.33075666 -0.522292197
    0.538827181 -0.354116291 -0.100445747 1.52426136 -0.312501401
    -0.44943285 0.569267452 1.25769055 0.347894073 0.970464766
    1.09067202 -0.0739799738 0.200132847 1.03643835 1.09992456
    -0.431777686 0.417366743 0.508559644 1.50741148 -0.147010982
    0.190841854 0.577589273 1.26973248 0.231758237 0.567502499
    -0.14258647 0.0947428942 1.05105543 1.05877495 -0.233815014
    -0.153365254 -0.444049925 1.57889116 0.281516373 -0.229056895
    -0.270896643 1.43562722 0.523277879 0.124017239 0.450430036
    -0.550025702 1.45826066 0.528019369 1.55989218 0.656080067
    1.01660609 1.21000051 0.887240648 1.66141438 0.946049213
    -0.379712433 0.446148157 -0.205858409 1.57069969 1.60281885
    0.01190871 1.12838936 0.0376675129 0.452928901 0.509219527
    -0.3550165 -0.351401389 0.361934304 0.0285997987 0.977753043
    1.23367631 0.310343564 0.175107718 1.31169319 0.262989759
    0.392779112 1.26160443 0.398733914 -0.326798707 1.32723975
    -0.246865183 0.924578249 0.7750265 1.44044375 0.784997165 1.63538337
    0.204069674 0.203432858 1.17494309 -0.614697337 0.144401491
    0.502578557 -0.657051206 -0.369489878 -0.475690007 0.86330992
    1.3597492 0.0128254294 0.55220896 -0.662136674 -0.157479703
    0.349086404 -0.19561404 0.254688561 -0.249622136 1.26789832
    -0.076682508 -0.0343548656 0.89277339 -0.59090364 -0.360955566
    -0.558990955 1.39784408 0.152490616 -0.226618975 -0.442640066
    0.615626752 -0.212342083 0.919268668 0.14518255 1.45739126
    -0.250579298 -0.174669981 -0.204382777 0.757896602 1.19653845
    0.176419616 1.24040544 -0.123226225 1.3426249 0.757109106
    0.368982077 1.33640838 1.01136923 0.579157054 -0.464312494
    -0.210303813 -0.428931594 1.35697317 -0.492335469 1.50341749
    0.514920771 0.915702403 1.39152241 -0.586406827 1.33719254
    -0.165899575 -0.331732035 0.265109181 1.32812107 1.43363333
    1.35865343 1.47359848 -0.481945038 0.734329581 -0.15809378
    1.44169068 0.0322183967 0.700843811 1.01817465 -0.256940007
    0.387402296 1.52446294 0.592791677 0.682003856 0.365565538
    -0.329437733 0.607773721 0.368178129 0.33141619 1.29845142 0.5012936
    0.379217565 -0.619852006 0.602607548 -0.257086873 1.37971687
    0.858653605 0.7411291 -0.370166868 1.34547925 0.369211078
    -0.337271422 0.998367012 0.085683167 -0.329948902 0.800937176
    -0.044370532 -0.340919852 0.679271758 1.26288414 0.976017118
    0.394489944 1.22853041 0.677699864 0.499450147 1.59095609 1.3119185
    -0.32790485 0.446985662 -0.28248629 0.844471276 -0.318764985
    1.24902916 1.07978392 0.986458004 0.122969449 -0.188645184
    0.363665938 -0.530023098 1.07911062 -0.321251482 -0.198830605
    0.466757715 -0.211759686 -0.523418367 -0.662959576 0.143177092
    0.455467641 0.97360146 0.258336008 0.77698642 1.33230352 1.31273556
    0.726364076 0.168877363 0.668137014 -0.590673089 1.19176316
    1.4795301 1.27283752 1.15907753 -0.0844368339 0.409323454 1.25864792
    0.212780356 1.11712003 1.40076208 1.56438696 0.998737752
    -0.465093434 0.378116906 0.938788235 0.135266244 1.56602263
    0.840666592 -0.398450643 -0.00756806135 0.767158985 0.0137874484
    1.31225765 0.126742542 1.01836646 0.446979284 -0.0506535172
    0.525712013 1.40852523 -0.0214706659 0.687022746 -0.486114532
    0.0197572708 1.22553098 0.156124532 -0.297807008 0.967975974
    0.663070798 -0.346434355 0.385652006 -0.227031142 1.32279849
    1.26765609 0.478746235 1.2410953 -0.466792077 0.350611329
    0.406287193 1.14298439 0.415235221 1.21323156 1.32862675 0.604805648
    0.605692208 -0.0121875405 0.958547831 -0.265129 -0.0468906164
    1.39501548 -0.595407128 0.409899116 1.10490155 0.172684193
    -0.679195821 -0.451808989 1.23259223 0.635933518 1.3080337
    -0.187253803 -0.0537354946 -0.359543711 -0.384664237 1.06529713
    0.478528142 -0.0319430232 -0.0101619363 0.531539023 1.1404798
    -0.0582152605 1.31241941 1.23051488 0.194271982 0.440601587
    0.160465002 -0.408601671 -0.118437231 0.293497086 -0.58870554
    -0.629134119 1.02578878 1.53411031 -0.026064992 0.85088104
    1.34550333 1.11118484 0.247299552 1.21096182 1.47182119 -0.185779572
    1.4397471 0.317951202 0.141097248 1.56459498 0.910805106
    -0.0987128019 -0.202440113 0.317034781 -0.191704839 0.818953753
    -0.166996419 0.397162497 -0.381324142 0.112048626 -0.576008081
    -0.291775495 -0.518060565 -0.0759465098 0.565799832 -0.000686764717
    1.52290392 -0.452675849 1.39128828 -0.143150926 1.2510463
    0.829764724 -0.401114732 1.35170901 0.683309257 1.68392992
    0.665308774 0.791238904 -0.180523276 1.38950515 0.996595025
    1.47648931 -0.559573054 1.63725269 -0.370482594 1.6298449
    0.345328987 1.51316762 -0.393067181 1.18840051 0.594767869
    0.975216746 0.813335717 0.0763149261 -0.599056423 0.79368788
    1.38807607 1.25311208 -0.0485399961 -0.235771835 1.71006823
    1.37909842 1.61519277 0.768436134 1.07474303 0.643784404
    -0.154241204 -0.499965072 -0.603876412 -0.0776004195 -0.0708695054
    1.40777254 0.734651327 0.316714704 0.568544626 0.56086725
    0.780569375 0.22782129 0.944611251 0.190467179 1.26747847 1.6160717
    1.04740357 -0.625899076 -0.494548976 0.392944038 1.42701745
    0.900096893 -0.0746236444 0.74113971 1.50923586 -0.29997161
    0.642919362 0.996118188 0.65207386 1.35318565 -0.151203513
    0.579020202 0.546420991 1.09407568 -0.202659845 1.21792769
    -0.0757932067 0.827072084 1.13809216 1.33323705 1.41506338
    0.347813785 -0.545170546 0.134966791 1.27085865 1.01963878
    1.38789463 0.331727564 0.427324772 1.50035465 0.307236731
    -0.251284689 -0.434527457 0.184122682 1.42514014 1.26467609
    0.631014109 0.616488218 -0.646916687 0.376217663 -0.111881793
    1.22734964 1.06986213 -0.0267540812 0.178959668 0.637842834
    0.563663363 0.29100132 1.24779606 0.859321654 0.452944517
    0.163383722 0.838287354 1.50464964 1.42763245 -0.380847573
    0.506902933 0.0594106913 1.15787125 1.62135792 -0.00877195597
    1.60101759 1.12342191 -0.554659188 1.15556896 0.686726213
    0.898577988 1.51110005 1.2271297 1.42260456 1.6249733 0.998026192
    0.697379887 -0.0949605703 -0.557416081 0.869253457 1.34566784
    0.684413254 0.935536265 0.29075861 0.326423407 1.05950356
    0.353937268 -0.462281138 1.04320323 0.499522805 0.114702165
    1.20366549 1.30778229 1.45636272 0.793230891 0.987377584 1.17306697
    0.490115821 1.15490854 0.128751934 1.66287899 1.02327895
    -0.315360755 -0.487346709 -0.467666984 0.39056313 -0.0685327053
    0.188524306 0.889850378 -0.455059052 0.185558736 -0.420704812
    0.559421897 1.41010547 -0.498387635 0.317284763 -0.300382406
    0.512881756 1.00064421 -0.414343864 -0.141939402 1.13684666
    0.370490432 0.658951104 -0.260787785 0.233028889 1.59657621
    1.43066132 0.676977098 -0.105545878 -0.0528819561 0.756253779
    0.98803556 0.545261562 0.141994238 0.478087425 -0.57112813
    1.30420089 0.995842099 0.626232803 -0.302906483 0.448079705
    0.727106631 1.71992087 0.0868852735 1.52792335 0.478434861
    0.564604044 0.413843274 0.396503627 -0.615324438 -0.0437369943
    1.76081359 0.335625052 -0.0106452703 0.655815423 1.22652054
    0.693913043 0.772948265 -0.456831872 0.694885492 1.57560861
    -0.394840389 0.575479329 1.34198952 1.36846018 0.756120384
    0.592521727 1.24236703 1.12306082 0.92784512 -0.0514265895
    0.945308268 0.650237679 1.12456179 1.26418877 0.874257207
    -0.677588999 0.709463656 -0.448557138 1.4915576 0.887912333
    1.14965463 1.27170277 0.00266039371 -0.185122281 -0.264912844
    0.886496007 0.963215649 0.344652653 0.919541657 0.762706459
    -0.444780767 0.647442758 -0.577628314 1.64528644 0.997878432
    1.40822279 0.234834313 1.56471419 0.725802422 0.616886258
    0.379352629 0.288049936 -0.0336233974 0.0844765306 -0.401360154
    0.967777908 0.889222562 1.16761947 1.48507035 -0.530852258
    0.743620098 1.06584346 -0.620533168 -0.627343774 1.01184618
    1.01806808 0.781507373 0.719593585 -0.442311138 1.4351728
    -0.336017609 0.608769178 1.54823065 0.587209404 1.12664914
    0.000319421291 -0.674118578 1.31827748 1.50426602 -0.167766035
    1.00651336 -0.593860269 1.13635635 -0.448753983 0.759463549
    0.172814667 -0.607853174 1.38664651 1.2252233 -0.116170824
    -0.289249331 -0.457068443 1.5517633 -0.534328341 -0.322696656
    1.13581836 1.00886309 0.209369123 -0.0286503434 0.537802577
    0.0823242068 0.827489555 0.785490751 0.436896384 0.872850776
    1.39080048 -0.685430467 0.844279587 0.259348512 0.297158778
    0.450293541 -0.224571288 -0.569528222 1.58361053 0.552027702
    0.0774518847 0.359848857 -0.444042146 -0.385518461 0.590199113
    0.410260916 1.43293548 0.112982213 0.239581466 1.18002295
    0.493298948 0.0729676485 -0.621987879 0.36010623 1.53341651
    -0.0212703347 -0.16162318 -0.114426076 0.340873659 0.627565622
    0.0278605819 0.784190893 1.06907296 0.781561792 -0.305491716
    -0.273679644 0.00251215696 1.14106607 -0.374072552 0.00313723087
    0.0243102908 0.87798059 -0.239694953 0.809720993 0.731412411
    1.60239601 1.09550142 -0.537494898 -0.440631688 0.51407069
    0.930040061 -0.583050966 0.877704978 0.25966692 0.628588974
    0.439137816 -0.136042356 -0.102948248 0.683955312 0.514956653
    0.00535976887 1.51359463 -0.367859811 -0.589989066 1.56845975
    1.39800966 -0.217378229 1.49117947 1.642133 -0.252114147
    -0.190438628 0.956631958 -0.453306496 0.850530624 -0.431999087
    0.380560398 0.20090872 0.649448693 1.09664321 1.21100378 1.22530842
    0.180580974 0.622890711 -0.137394488 1.30927849 1.15579951
    -0.466945767 0.884806395 -0.486702085 0.972182393 -0.256515414
    -0.353156984 -0.691500306 -0.170997262 0.224762201 -0.22954905
    -0.0261889696 1.45100403 0.399091184 -0.179729581 0.543479085
    1.3055712 0.286251724 1.6026113 0.925851703 1.10077882 -0.124393463
    0.0754184723 1.09272087 0.693520844 0.927257001 -0.710987866
    1.47561002 1.26182365 1.41596735 0.800640166 1.41376865 0.511753142
    1.13947463 -0.0494844317 -0.317862183 1.20964265 0.143343449
    0.939859152 -0.52982688 -0.309855402 0.571103752 0.76688087
    -0.331743836 0.096105814 0.643889785 -0.725558281 0.776031315
    1.36648726 0.475719988 0.238225818 1.44632053 1.15092397 -0.49225986
    0.0585842729 1.14140821 -0.0403213501 1.4060272 1.33660173
    -0.160382926 0.787869096 1.1252048 -0.313123524 0.792067766
    0.492521465 0.984687567 0.623355865 0.640825808 0.648819566
    0.967556536 -0.346371204 0.0241114497 0.563856721 -0.448102295
    1.21344018 -0.567707479 -0.503072083 1.25758529 -0.364557028
    1.47517872 0.480212629 0.727614224 0.0795609951 0.643241286
    -0.341125131 0.691808343 0.554806352 -0.480137527 1.04001999
    0.874090612 -0.480938315 1.06250954 -0.266404986 -0.545094311
    -0.127950728 1.46008587 -0.39046371 0.282397211 0.485828102
    0.637338221 0.633630455 0.270394266 0.0849199295 0.791501999
    0.839459538 -0.401477963 0.257645905 -0.110665619 1.0047605
    0.837827802 1.36263192 0.0835234523 1.53537714 0.854441881 1.3448875
    0.403691769 -0.154567033 0.849771321 0.605611205 0.280939579
    1.49359012 -0.0211569667 0.692344904 1.19979262 0.712832808
    1.14191437 0.472724497 1.16235971 -0.233389676 -0.306585789
    1.66065335 1.01690376 0.262721598 1.01815808 0.720376551 1.1025281
    0.668216884 0.145221293 -0.211789608 -0.318560362 0.749304354
    0.448231518 -0.263613731 0.82135576 1.11085391 1.17048621
    -0.50076735 -0.607813358 0.525917709 -0.00814515352 -0.147794008
    0.734958708 -0.203920603 -0.207615048 0.640578151 -0.363061309
    -0.418258637 1.38951588 1.11051941 1.25550485 1.35254407 0.720466673
    -0.20410946 -0.0810809731 -0.495361209 1.40818763 1.55067086
    1.47745466 0.398312151 0.527889192 0.158280313 0.150933981
    0.0863751769 0.587636948 -0.567813277 0.115957797 1.53383064
    -0.0777642727 0.262882292 1.32781327 1.33024311 1.18919611
    0.482492328 -0.252197593 1.29491162 0.557538569 0.649549425
    -0.361214668 0.843976796 0.177329183 -0.170745492 1.06435835
    1.63040948 1.65083361 1.44915402 1.63758802 -0.348541468 0.245881021
    0.4409132 0.73315537 0.45847404 0.818409562 0.0491111875 0.800458491
    0.39241755 0.992822349 0.726614654 -0.0562493205 -0.385453761
    -0.346258283 1.25918972 0.452239692 1.28548551 1.34045517 1.22077465
    0.315748632 -0.72623533 1.31553626 -0.141603112 0.873483598
    0.671242893 0.768642962 0.532545269 0.0242789388 -0.354160935
    0.492303669 -0.429034054 1.60480571 -0.14578104 1.11570466
    -0.28653428 1.42601836 -0.553389609 0.84393692 1.08510411 1.33729672
    -0.636516571 0.35281986 0.06938833 0.0387846828 -0.440012991
    0.474952519 0.042843163 0.249849021 -0.0441715717 -0.385858238
    -0.511667609 0.695681155 0.358341277 1.48110139 -0.617742896
    1.14742231 0.897048771 -0.354479223 0.48381573 -0.229659826
    0.765991271 0.297908545 0.123107076 -0.229913294 -0.327793121
    0.846947193 -0.646251976 1.07437825 1.37091398 1.0196259 0.445865154
    0.139831007 0.423941135 0.109530509 0.247917354 0.251601756
    -0.388426721 -0.351448387 0.00121933222 0.180984557 1.19458842
    -0.364002049 0.506199896 1.61590242 -0.0192572474 0.297341228
    -0.385384202 1.52516878 1.1227107 0.807448864 1.01259303 1.40104413
    0.627343833 0.320679128 -0.240605474 0.245389879 0.288643062
    -0.370968997 -0.408645809 1.3982594 1.12684524 0.942600608
    0.384365082 1.14481962 -0.429106593 1.01313162 0.237836957
    1.29525208 -0.20552206 1.66405249 0.0148899555 -0.25345704
    1.38278317 1.68181944 0.130883098 -0.473051488 0.144504905
    -0.371613324 0.445337772 0.767079711 -0.259368539 0.216555059
    1.02560163 0.0248679519 1.68839407 0.483410776 0.229006708
    0.324888468 1.14994729 -0.43684876 1.48373318 -0.148278534
    0.428088725 -0.661043108 1.07236195 0.410005987 0.255239844
    0.531554878 -0.0049700141 -0.168862224 0.295330048 -0.478979409
    0.0632266402 0.793382049 0.367823124 0.264773607 1.48220062
    0.869542241 0.445508003 0.541477263 0.126369834 1.10865664
    1.42915487 1.08347392 0.00138449669 -0.487507075 1.21171069
    -0.240263075 -0.0491722226 1.263978 -0.484042823 1.13597512
    -0.443581551 0.469425917 0.389860749 1.60101676 0.157808781
    0.48870182 0.662538052 0.614276826 -0.247211814 0.614836216
    1.3663516 0.854672492 0.933436275 -0.122362494 -0.0772805214
    1.5060308 0.217303753 0.67246294 -0.137695312 -0.660110176
    -0.275656551 1.56744373 -0.428110123 -0.370745659 0.860055864
    -0.424733639 0.259285867 -0.177177012 0.9634462 0.258166432
    0.059861362 0.942150533 1.25177383 0.786420465 0.737523437
    1.31016839 1.34355187 0.944163859 0.374238133 1.56757748 1.5126183
    1.56045687 -0.235887796 -0.510552049 -0.0299256444 1.49556386
    1.56787217 -0.221668065 -0.559866071 -0.148623049 0.335904181
    0.643888474 1.53399622 1.52520609 1.28366125 1.50564837 0.605513334
    -0.3817074 0.473990381 0.2522645 -0.0348524451 0.652441859
    0.835154831 0.704924941 0.197865665 1.49421239 -0.134394228
    1.58782697 0.981886089 1.57218337 -0.0844743848 1.31517351
    1.49145842 1.00236416 0.417610168 0.564211667 -0.378285944
    0.492592692 0.508877516 0.160399914 -0.578409493 1.02014554
    0.265816033 -0.419458568 -0.239670366 0.394861519 0.965720415
    1.1695621 1.37130821 -0.186538458 0.190679908 -0.276209176
    -0.174767077 -0.666390121 0.628701329 1.2260586 1.23326707
    0.496451139 1.0796721 0.0715261698 1.14497519 0.61376071 1.48623323
    0.83205092 0.770897746 -0.491844028 -0.186175406 -0.553581774
    -0.0941662788 0.626414359 0.867096841 0.158894002 -0.255527526
    1.56629968 0.357863426 -0.265989929 0.36209023 -0.390535861
    -0.41865626 0.585202515 1.08494115 1.3802191 0.648042321 1.25490856
    1.00846839 -0.49461031 1.59412646 -0.489546716 -0.148998439
    0.524227381 0.50350517 -0.341519386 0.0835801959 1.44433546
    0.100924671 1.02135634 0.715974867 -0.392746329 0.52471602
    0.0162929893 1.62570691 1.10701442 -0.0159142017 0.0877188444
    0.364641786 0.726529539 0.086276412 -0.466883719 0.650381625
    0.957049966 1.03568983 -0.269054145 0.887411833 -0.0907001495
    0.78792721 0.512525022 0.559196413 0.26539129 1.31828415 1.56442857
    -0.599405289 1.06909752 0.119090915 -0.0319151282 0.0313740373
    -0.225296915 0.385622144 1.48534298 1.53956103 -0.182497561
    0.838434339 -0.117555797 1.21244812 0.812742889 -0.387280703
    0.387896538 -0.0550986528 0.399626493 1.62691438 -0.509019494
    1.00567901 0.803002954 0.895576596 0.447592556 0.50375092
    0.233019829 0.786233842 1.12857342 0.376490474 -0.412398636
    1.3653698 0.0563246608 -0.251501411 -0.523595691 -0.0429967642
    -0.12264514 -0.119836748 1.45184302 1.35962605 1.49555707
    0.139782012 1.52857268 -0.699402392 0.81366688 0.0474006534
    1.43576872 -0.506327212 1.21623182 0.744793713 0.261694252
    0.780499578 -0.602658212 0.00771927834 0.487990141 0.159790635
    1.64922738 0.795256376 0.279132485 0.198009074 -0.371911258
    -0.59865737 0.396095097 0.134666324 -0.0551298261 0.538473845
    0.306276321 0.00884687901 -0.248826921 -0.0566220284 0.0606424212
    -0.379364789 0.878102183 0.628189921 0.382345915 -0.501807809
    0.599580646 0.631421447 1.39213848 1.2115345 0.648780227 1.3525902
    -0.401885867 -0.525319874 1.18733883 0.400213778 1.24272037
    -0.612234592 0.451697707 0.0930911899 -0.397103786 0.258912921
    0.745714188 0.550404072 0.337552309 0.814045548 0.888992608
    0.0161710978 1.35264814 1.21233964 0.303554833 0.443427205
    -0.572937667 0.113705695 0.430696607 -0.566250086 0.911958873
    0.426490486 0.382389724 0.169631541 1.22214949 0.502497137
    0.789503515 -0.0816074014 -0.363348037 1.50195897 -0.360839963
    0.828612506 -0.513062537 -0.231177866 0.522471309 1.41908979
    0.651524842 0.709048092 1.59703112 -0.365485013 0.496329546
    -0.00619339943 -0.0397962928 1.11607909 0.0757390857 0.00129598379
    0.015881896 1.5725987 1.37832689 0.434546769 -0.305339456 1.58246851
    0.7513569 1.42028165 1.59881604 1.08440101 1.56225371 1.62972975
    -0.253062159 0.533849537 0.097306788 0.0852617025 1.32366848
    0.0356186628 -0.68986541 0.477942407 0.568524241 0.842838407
    1.49288774 1.274683 -0.509667516 0.834803343 0.163746953 0.608205676
    -0.254844069 0.0369331837 1.35834014 0.0491902232 0.405841291
    1.30418253 -0.561909437 1.55254614 -0.157159925 0.594505489
    1.01244736 0.772720993 0.290687859 -0.168793082 0.645422876
    0.914630353 -0.232821316 0.309003353 0.857038379 -0.220602304
    1.1426698 0.555559695 1.22782063 -0.573581576 1.06375289 0.156065822
    -0.556172907 -0.179205 0.523971319 0.847016752 0.524099231 1.3078568
    0.954830647 -0.488553137 0.626865029 -0.0508995652 0.267972052
    0.136015177 0.0500568151 0.655779481 0.456601262 0.429239333
    0.790131986 1.34118676 0.766200244 1.2411828 0.846369684
    -0.295766473 0.524231553 0.0342255831 0.47278738 1.15326738
    -0.0756843686 0.260726511 -0.537864268 0.472485125 0.473396957
    1.67564082 -0.34817031 -0.200360835 -0.209965527 1.07030296
    1.47472751 1.28215837 -0.034576118 1.33301926 -0.44920215 1.04446435
    0.502700627 1.51411319 -0.662403822 -0.369897604 -0.478174031
    1.63905406 0.456220567 0.479396701 1.42724752 1.71999502 -0.30767855
    1.22648096 -0.349657238 0.514053822 0.353920341 0.703617573
    -0.565075696 0.0839195251 0.206452906 -0.410790205 -0.633231938
    1.53058028 1.21364498 -0.339416325 0.360755622 1.59740257
    -0.349369586 0.926525593 0.24309051 -0.0182622671 -0.270632654
    0.889194965 1.39473653 0.658554196 0.907592237 0.550476074
    -0.39192605 0.41921252 1.47568154 1.585693 0.296836853 0.768695056
    -0.248795569 0.581261933 0.463303506 0.899036229 1.41400743
    0.593846142 1.06506979 -0.724744737 0.575013459 0.376659036
    1.25277865 0.763303459 -0.247977614 0.671892464 0.599062145
    -0.47350657 0.879894495 -0.390023291 -0.11058712 1.56477809
    -0.0479847789 1.25210309 0.392857194 0.522116065 0.306096375
    -0.442676395 1.14715815 0.510899067 0.979427814 1.37239027
    0.687370598 -0.588670373 0.193410575 0.571265519 1.25289404
    1.16736364 0.952289581 1.52600288 0.433803499 -0.0736856461
    -0.237853557 1.63948262 0.36544311 1.45824695 1.0834682 1.38162661
    0.551082551 -0.54993099 0.143710852 1.19373107 0.825124383
    1.16765666 1.16002715 0.297276914 1.40836668 1.65424824 0.353502631
    0.88330847 1.65464449 1.28798449 -0.143839121 -0.471360683
    0.135100007 -0.592756152 -0.207560331 1.28918004 -0.152203143
    0.468265355 -0.359504163 1.21135831 1.23039377 -0.182949007
    0.780196011 -0.00829643011 0.700268209 1.32683313 0.321445346
    -0.00260698795 0.96154815 -0.0554581881 1.16414285 0.085793376
    -0.0900651217 0.824650228 0.496326566 -0.569462836 1.33405042
    0.745164931 0.223930418 1.56703162 -0.227677971 0.391203403
    0.0319470763 1.54385066 0.166067481 0.735426307 -0.321672082
    -0.507199049 0.620299399 -0.350874245 1.51161289 0.678671539
    0.603734076 -0.552453339 1.55303669 1.22796988 1.0173955 0.313367069
    -0.070761323 1.08927071 1.49116254 0.26660645 0.433816612 1.14032316
    0.143917978 -0.158992887 0.52723974 1.17827129 0.178198457
    -0.0453679562 1.51408267 -0.390308499 -0.174170494 0.576979339
    -0.190877974 0.434238315 0.203308165 1.08915353 0.904644012
    0.548897028 -0.441974819 1.53767991 0.952350795 -0.119368792
    1.6537497 0.578102648 1.33949184 0.253323674 -0.0318431854
    1.55770493 0.819020569 0.355313957 0.049908042 -0.263894767
    0.47129482 -0.377926588 1.54147863 1.25051701 1.47020507 1.65750563
    -0.329432726 -0.462215424 0.765552223 0.912014782 0.863599658
    -0.0819622874 0.0701420903 0.45530802 0.9193694 0.21036315
    1.18257689 0.37792033 0.199528277 0.225943387 1.40470147 0.235322475
    -0.0678803325 1.54809868 0.213573277 -0.338200837 1.48421466
    0.244538724 1.30997968 -0.720913887 -0.647232115 -0.580035806
    1.3697046 -0.0394746065 -0.591819882 -0.502857387 -0.670379579
    1.35469556 1.56197309 0.624337435 0.151911676 0.684454322 1.20813775
    1.1103251 -0.351214021 0.309273303 -0.000415742397 1.59797454
    0.764320612 -0.142400563 0.539820611 -0.289332151 1.16808033
    1.48086476 1.30280399 1.66018987 0.475334764 0.962720692 0.999215245
    0.562749207 1.14177656 -0.230043858 0.0507845283 1.23971605
    0.742559075 1.57008302 -0.549495816 0.676767826 1.32346654
    0.712244272 1.64024472 0.0405866504 -0.156532258 1.11745322
    1.38413799 1.52596438 1.61758006 -0.553300738 -0.0211179256
    0.653522074 0.786820173 -0.189679086 0.531508446 -0.447989404
    1.21394658 1.43545103 0.365284503 0.433971047 0.547831595
    0.268133819 1.40576196 1.57658267 -0.418088019 0.371803164
    0.479542851 0.611698449 -0.0795790553 0.333055496 1.39652801
    0.0839213729 1.10881639 1.46746945 1.11374021 -0.534315228
    0.0556481481 0.481433868 1.22958732 0.0888777971 0.858122766
    -0.300519854 0.218329906 -0.60707581 0.873531222 0.885696173
    0.199132502 1.44182158 0.27173233 0.949226499 1.39164233 0.202168286
    -0.330798239 -0.769223928 -0.464561433 0.959538817 0.962843657
    1.25239944 -0.512546539 -0.0679585934 1.06547117 -0.628222644
    1.08045292 1.38716209 1.38508844 1.17155957 0.691829562 0.683486581
    -0.0822713971 0.250731707 0.441803694 -0.305221826 0.618697703
    0.0681154728 -0.616132021 0.839255273 1.15712988 0.162060082
    -0.203076005 0.735988438 -0.394830853 0.455807924 0.116145551
    0.853921115 0.328642309 0.535649002 -0.428171456 -0.248341054
    1.61223292 0.0586745739 -0.213051111 -0.353571475 -0.138811171
    1.33635902 1.17077923 1.51962852 1.61185479 1.06024313 -0.0455805063
    0.535281479 -0.652041197 0.371099055 1.33491302 -0.308617204
    0.531119704 1.48453939 0.215521455 -0.532957971 1.54944348
    -0.442616761 0.686792195 0.472557306 -0.484977305 -0.652221084
    0.769507468 1.10285163 -0.399169266 0.413177431 -0.64345032
    1.34891677 0.602923572 0.54543072 1.26710904 -0.366608769
    0.567923307 1.51992798 0.770329773 -0.648330569 -0.0489319563
    0.64255929 -0.396241188 0.0967049599 1.37276757 -0.605277181
    0.707381606 0.444584548 -0.638091147 1.59275234 0.262382448
    -0.526568651 -0.49441731 -0.46581763 1.57964611 0.819323659
    1.30402565 1.31783223 1.34210539 1.37717485 -0.245952904 1.54733872
    1.23512292 1.05931568 1.24745059 0.959658206 -0.52841866
    -0.516139627 0.564051092 1.58483982 -0.343622178 -0.570322752
    0.622695804 1.06722832 -0.373133659 -0.569997013 1.12840486
    1.16717136 1.04535806 -0.106808186 -0.148194432 -0.564996421
    -0.57909888 0.453529716 0.868327439 -0.36322391 -0.458635747
    0.529059649 0.238301814 0.44074297 1.16550159 0.621857524
    0.575353503 -0.184367418 -0.308960736 -0.351300687 1.62359047
    -0.400468051 0.708264887 1.6777513 0.262548745 0.960458457
    -0.170045286 0.180959702 -0.573914707 1.38075626 0.270121813
    -0.218176484 0.627541602 -0.515403152 0.509679258 1.16867852
    1.0895077 0.459613562 -0.50948298 1.08388948 0.274058044 1.31075728
    1.41709018 1.27716708 1.1092267 1.17005694 1.05545866 -0.571916819
    -0.301485926 0.309089303 0.126454413 -0.177467853 1.31696725
    1.61746311 1.57998586 1.59101629 -0.598642707 -0.109131396
    0.0131911039 1.27643728 1.56942248 0.627020419 0.868685305
    1.57099521 0.638460994 0.674412549 0.461573362 0.462033927
    0.164464474 -0.332158536 1.55670702 1.65072072 -0.609486938
    1.26362014 1.204247 0.998582959 0.232759416 0.23094517 1.00305367
    0.916543901 -0.566357613 0.667971909 -0.58252722 1.28320909
    1.55030608 1.48907411 -0.464526385 -0.333646595 0.157654881
    1.54425502 -0.127754152 -0.434677482 1.54532385 1.15180731 1.5621686
    0.14445591 0.996940553 0.33665061 -0.144325554 0.124756217
    1.29101968 0.835137546 0.482194066 -0.258140266 -0.481206656
    -0.545016944 1.38196993 0.233760536 0.458519101 0.192924201
    -0.234607369 -0.382223994 0.00600528717 0.205232561 -0.321888328
    0.743630648 0.766056061 1.34532452 1.06172621 -0.480156541
    1.04186809 -0.29350397 0.0571063757 -0.600124657 1.58944416
    -0.337482959 1.40091681 0.0968407393 0.256474674 0.948580921
    0.250558436 1.49947691 1.05674493 0.761403024 -0.603565633
    0.926047623 1.18455076 1.56931055 -0.54878664 0.601556182
    -0.0833454132 -0.0389186144 -0.539595127 1.33887911 1.3002646
    1.6614536 1.33636165 0.553882122 0.691366792 0.781206489 1.37340117
    1.41985166 0.769493103 -0.667737067 1.52058506 0.654343247
    0.786715508 1.00133538 0.195037961 1.28259957 0.626372218
    -0.165115774 -0.538434863 -0.6406793 1.03410196 0.36636138
    1.36128938 1.04381919 -0.661192715 1.00046849 1.22324967
    0.0771479607 0.0886283517 -0.0474168062 1.60486841 0.129455924
    -0.106804609 0.779737175 -0.399814516 -0.659968555 1.58430779
    0.20501709 -0.00597125292 0.997751355 0.320301533 0.088543117
    1.36422443 0.329771221 0.890652001 -0.0813446641 1.50283968
    1.00574315 1.44567668 0.214774549 1.26445985 0.906314075 0.268790364
    1.38680935 -0.275533259 0.910340309 0.243687749 0.112887979
    0.638962626 -0.368058801 1.18893015 0.0124894381 0.351853311
    1.2320168 0.11525166 0.0165147781 -0.470367879 0.623628438
    0.88818419 1.16285229 1.39063168 1.05933321 0.755091131 0.388858974
    0.714183629 0.613353431 -0.457433969 -0.0674043894 -0.201321721
    0.12180984 1.47516203 1.47324538 1.31811881 0.160601437 -0.20439449
    0.0530522466 0.746522367 1.33677864 0.561902463 0.682207704
    1.02953255 0.707321703 0.603543341 -0.295991391 0.711971283
    0.98289752 0.945825636 0.974450171 0.727882147 0.356213272
    -0.394759476 0.0577673316 0.529512584 1.51359808 -0.279980659
    1.48603559 1.11790538 0.562891185 0.904456258 1.00479233
    -0.0954726934 0.155233443 0.920215309 0.638222456 1.12989497
    -0.647690296 1.05043745 1.48442984 0.934901297 -0.308384061
    0.179893434 0.744943798 1.31319726 0.620094001 -0.699520528
    0.756848991 0.260924697 1.43033075 0.488866746 0.850654066
    1.12771726 1.19434249 0.123484194 0.0110455155 -0.289561391
    0.0133026838 -0.375808775 -0.321342468 0.0994226336 1.59090221
    0.132377744 -0.493552417 -0.491388977 1.15458798 0.345067739
    0.926074266 0.611206293 0.107261658 -0.247102797 1.61002707
    1.02721226 0.659807086 -0.314783782 0.493890285 -0.266582996
    -0.0159384608 0.975642025 -0.0647868514 0.292607129 1.06048262
    0.820007682 0.531845629 1.1569587 0.472749472 1.41599333 1.55096865
    0.00633811951 0.179418266 1.08784389 0.451627314 1.29688752
    -0.13410145 0.523096681 -0.608834445 1.59892333 0.628491879
    -0.708067894 -0.253380507 0.26774317 0.405612528 0.334288061
    -0.314469814 1.1926173 -0.311691552 -0.0952795744 1.08186865
    0.635416567 -0.48243475 1.49894106 -0.583877444 0.241779625
    1.25814831 1.07048273 1.24730921 0.535142243 1.27451849
    -0.0189771652 -0.398164451 1.5591296 1.60571885 -0.114377499
    1.46179974 0.357668638 0.993376672 -0.164343476 -0.652623355
    0.728763103 0.0174988508 0.717648089 -0.380750626 -0.545286119
    0.783958137 1.05372548 0.604371965 0.685244083 -0.4688434 1.03645825
    -0.386429876 0.920020461 1.15272117 0.99131912 1.21319854 0.52543515
    -0.360773504 1.24034274 1.31877208 0.444509029 0.732284725
    0.386076927 0.685269415 1.03751624 -0.188362002 0.0762584805
    0.103213131 -0.16312921 0.457565963 0.21463114 1.06369174
    0.337630749 0.901215613 0.549610019 0.458284736 1.30599272
    0.913982093 0.520854473 0.443198204 0.889802516 0.757812381
    1.37339675 0.972696781 1.12655187 0.15978986 0.466917217
    -0.471000254 1.29819226 -0.671617627 1.57613134 0.973024011
    1.18617487 -0.225346148 1.22880232 -0.16388911 1.5697155
    -0.312273711 0.333926857 -0.0519192815 0.756917596 0.493760586
    1.28919816 0.122036338 0.963576734 0.278775454 0.303113341
    0.241711199 -0.149975359 1.25682402 1.46221089 -0.399334729
    0.668209255 -0.103940547 0.17541188 1.15073395 -0.00321537256
    0.0730207562 -0.298037767 -0.30619055 0.000286817551 0.970686615
    0.774619937 1.43587518 -0.652944744 -0.0542165637 1.41935802
    0.656357288 -0.41419366 0.155972123 1.18900323 -0.180408835
    -0.0899192095 -0.633979142 0.369723797 0.615527749 -0.191083491
    -0.623916149 0.729081452 -0.629429817 -0.207365096 0.95252341
    0.777831078 0.67670989 0.774881661 -0.206148535 1.43065238
    1.14627767 -0.0330774784 0.896850049 -0.319362581 1.12769675
    -0.0477172136 1.37701488 0.174082518 1.54009855 0.465803385
    0.706317067 0.904869974 1.21718752 -0.651530743 0.234982133
    0.95982641 0.634455264 0.966591001 0.937951088 1.51302528
    0.128677607 -0.0223351717 0.627100945 0.710031807 1.52569723
    0.0579900742 1.53130531 -0.0799888372 0.182808459 1.10389853
    1.04419065 1.66978467 1.35347366 0.0853501558 1.25701725
    -0.352076024 0.00470554829 -0.33176136 -0.600688577 1.18095338
    1.13433981 0.33818382 -0.140205026 -0.662819564 -0.256394982
    1.04377031 0.223690689 0.356323957 -0.49187693 0.413590193
    1.54030132 1.31135488 -0.295617133 -0.534128606 1.00365508
    1.33474469 1.174963 -0.294921041 0.765530527 -0.443174809 1.64649391
    0.979731739 -0.155854046 1.11500859 1.09110451 -0.397131175
    1.47204876 0.30924964 0.602265716 -0.168763101 1.33506608 1.07209587
    -0.323888034 -0.135909379 0.903101206 0.727601886 0.299234331
    -0.479726613 0.970836878 -0.04843539 1.71592534 -0.527905703
    0.260864675 -0.527991235 0.180319667 1.11200011 -0.513686538
    -0.402470589 0.609300375 1.34036863 1.11811447 -0.334111005
    -0.317664951 0.700100422 -0.102027595 0.0906082988 1.20677388
    1.38840675 0.786508679 -0.519206822 0.116226852 -0.474722207
    -0.224624783 0.597201824 0.418362737 -0.411213726 -0.207157612
    1.07779264 0.373237908 0.4184286 1.01867771 1.42970026 1.22787702
    1.25941706 1.06341839 0.655832648 0.667608738 0.0272400379
    -0.609141827 -0.741727948 1.46246862 1.36848569 1.52699709
    1.26952314 -0.0221549869 0.603587687 0.468023956 -0.501973152
    -0.335624099 0.189578831 0.262094021 -0.166787326 0.994351447
    -0.129781365 -0.0955091119 0.218341649 0.623900294 1.08706701
    0.0262097716 0.0878632665 0.353953242 0.3067379 1.03827727
    -0.00932043791 -0.0206566453 0.675331116 1.03028619 -0.695736289
    -0.134405971 -0.47287029 0.466385305 0.456485331 -0.393318027
    0.0965144634 1.55886602 1.45489442 1.03379679 0.336291969
    -0.580752969 1.66367793 1.64477813 1.27488399 0.833570182 1.02314973
    1.16977978 -0.244959086 0.775055826 0.886266589 -0.428465784
    0.548418403 -0.541208863 0.75714767 -0.270701021 1.56503201
    1.46060205 0.382855773 1.47009826 0.821307361 0.113547444
    0.946262419 0.0776629448 -0.56633997 1.22266412 1.41732955
    1.34830618 -0.0599146485 0.51024431 1.59279907 0.801376402
    1.08556819 0.386343479 -0.0990620255 -0.123914063 0.464544773
    -0.0577979684 -0.326202363 1.44192576 -0.421859413 -0.470906496
    0.510010004 0.321170866 1.37387633 0.804461777 1.46325684 1.08864045
    -0.724672079 1.55385923 1.49910986 0.873670697 0.705795765
    0.845261931 0.161720037 -0.0262284875 1.32647085 1.54478967
    1.36125445 0.869490027 0.146315157 0.0285437107 1.44128275
    -0.310662836 0.259576738 1.57331955 0.105500996 1.55284822
    1.43588936 1.4828763 -0.182814986 0.550046206 0.580189228
    -0.0662244558 0.460416198 1.39617312 1.11950266 1.17560589
    0.0421003699 1.62375116 0.628480256 0.513175011 1.22837639
    -0.249539018 0.768748581 1.41879082 -0.321007192 0.278938532
    1.13135171 0.468283772 1.42307568 1.42775571 0.275108278
    -0.224726051 0.678042769 1.15936685 -0.235545248 1.09930086
    0.848758936 -0.0525292754 1.27598035 0.540723324 1.54590189
    0.987285793 0.672359467 0.959164262 -0.561766386 0.977503121
    0.83258456 -0.0607379079 -0.122417629 1.45191956 0.108577669
    -0.637718499 -0.353826433 1.56883156 1.20977283 0.702215016
    1.0277462 -0.644720316 -0.131466746 0.583494127 0.638243437
    0.619520128 0.342562914 -0.679564238 -0.220718294 -0.462990552
    1.45197856 0.117413819 0.0244947672 -0.665108263 -0.329110414
    1.05960548 1.50629544 0.169499874 -0.705693901 -0.284151614
    0.275453806 0.833978653 0.973250926 0.899897397 0.632570326
    -0.56263721 0.133801281 -0.528653264 0.874594808 0.100024104
    1.58408642 -0.249246091 0.140502214 -0.472508967 1.54235458
    0.963120937 0.536496162 0.564151406 1.42821646 0.0487157702
    1.48045826 1.49773633 0.574403286 0.980386615 -0.179673672
    0.712357342 -0.304691553 0.925155759 1.11112905 1.02858543
    -0.00825613737 -0.538716853 1.16457129 -0.484652549 0.0475751162
    0.136459529 -0.445699453 0.348677754 0.58770138 1.56820667
    0.360878468 -0.342426717 -0.213117659 0.571040869 0.098590374
    1.17272305 0.557618022 1.20471156 1.59459615 -0.125600219
    0.246435761 -0.728512585 0.408729613 1.5876267 -0.131884336
    0.291669667 0.22358495 0.958280444 1.65056121 -0.0902605057
    -0.421037376 -0.0378807187 0.235092223 -0.225445569 1.15517402
    0.410831332 1.69442749 -0.365244806 0.266256809 0.190122664
    0.995418131 1.32262588 0.819504678 1.5333122 0.429235339 0.835479915
    1.31609523 -0.186878026 -0.116188943 1.55474854 -0.532465398
    0.285843313 -0.311668664 1.57469368 1.07369661 0.765042245
    1.15814066 1.13188994 1.41256237 -0.359729409 1.07439661 1.40112877
    -0.537114441 1.37500322 -0.18005383 0.741580129 -0.524493337
    1.05923903 -0.206830829 0.882743061 0.305908561 -0.0559458137
    1.66304326 1.42393613 1.20443797 0.790649295 1.37908459 -0.352839053
    1.00519204 0.511413395 0.847218037 1.31774998 -0.0234783292
    0.729315937 1.41703176 -0.60330379 0.877776444 -0.0313906074
    1.15795219 0.300859392 0.665064931 -0.293927312 0.396423221
    0.499950409 -0.274432719 0.332048357 -0.253074139 1.07712507
    -0.196540236 0.917694628 0.987375021 1.3349309 0.116915703
    0.845628202 1.26451099 -0.0887050629 -0.218328267 1.18017733
    0.214909315 0.0413926244 1.05352044 1.3625176 1.26110029 0.449805975
    1.39295089 -0.21729815 0.203340173 -0.637837112 -0.590999365
    -0.355235636 1.45491135 1.53981543 0.13175106 -0.640902758
    -0.016633153 1.39373016 1.27917683 0.844353199 -0.518553853
    1.60050035 -0.327705443 0.292841733 -0.165266097 -0.637216568
    -0.716944933 -0.664861083 0.813827157 1.20713758 0.631050766
    1.06695604 -0.225090325 -0.239612997 0.0220854282 1.13773859
    1.07133985 0.332796216 0.49845618 0.146365643 -0.06921345 1.30899239
    1.43995237 0.423426867 -0.263149709 -0.0352288485 1.21401691
    0.727196932 1.6659379 0.375825882 0.428682208 0.730945289
    0.788911939 -0.321393162 0.716268361 -0.310290545 0.22576654
    1.28699279 -0.214289486 0.812832952 0.298957646 1.00133729
    1.25336599 0.861866057 1.46985126 -0.0359008312 1.38374877
    -0.288864434 0.606448352 0.411423743 1.11863089 0.33569175
    0.740693152 1.38402724 -0.125575155 0.657314479 1.56067705
    -0.395640135 1.49123049 0.310380101 1.44000542 0.809967101
    0.617006838 -0.44426322 1.4514153 -0.309620351 1.5366838
    -0.0659361482 -0.574220598 1.27008832 -0.605867863 1.08217978
    -0.430753976 1.62672472 0.945572793 -0.409802556 0.630845964
    1.45650268 -0.026804924 0.543576121 0.905232728 1.25867724
    1.28803706 1.16698647 1.22038531 1.42852366 1.01285243 0.267834365
    -0.55948174 0.224589467 -0.00459116697 1.38092685 1.61671448
    1.29966378 0.574472308 0.61661613 1.51447463 1.36115456 1.59352589
    1.54494333 0.219913244 -0.464703172 0.339847922 0.701629221
    -0.542053759 1.07725477 0.602854848 1.50366879 0.225857019
    -0.154994726 0.106861591 1.21332169 -0.0805855989 0.976805449
    0.150511682 1.45648003 0.354028165 -0.441405773 -0.669106185
    1.12594676 0.941551507 0.275833905 0.303250968 1.42199409
    0.404278815 0.398660123 1.14702153 0.871914148 0.84640938 1.1839838
    -0.0140762925 0.72370553 -0.133176327 0.857402444 0.201981843
    0.614961863 -0.538822353 1.01679397 0.850819051 1.70092821
    0.99252367 1.26894796 1.28913283 1.44497752 0.169391155 1.54129386
    0.138357699 1.13611555 1.19931304 -0.200384796 0.846478581
    0.368409514 0.518137276 1.57589602 0.200141966 0.300833225
    -0.301224113 -0.317261606 0.310825586 0.620468318 0.489102066
    1.48828101 -0.0568317175 0.621157825 0.225501239 1.42939782
    0.772494555 -0.678499937 0.392042816 0.158492625 -0.36202684
    1.29308379 -0.0577947497 -0.445945084 -0.238927066 1.33745694
    1.52874839 -0.42742008 0.413472235 0.165944099 0.929810226
    1.33838654 1.42763948 1.34219432 0.276868165 0.638327241 1.07079625
    0.362538517 0.633120239 0.224383473 -0.118564665 0.981256723
    0.474067867 -0.316113651 0.408431828 1.44882941 -0.305825353
    -0.554838002 0.655280411 -0.482189357 0.510975242 0.251056552
    0.444672763 0.815710843 1.44188905 0.0349647999 1.26225483
    1.14508224 0.00661224127 -0.244649261 0.537543654 0.494799495
    -0.236169487 -0.591896236 0.452405751 1.6904608 -0.211604476
    0.168423414 0.0508479476 -0.547201276 0.470855594 0.870665848
    -0.27766633 1.26311731 0.698959827 -0.196282715 -0.203723609
    -0.619448423 0.830904841 0.836629033 1.5105114 0.708854258
    1.35122585 1.34355521 0.606525421 0.0683547258 0.763946354
    -0.335473686 0.94246012 -0.347707599 -0.139922649 -0.00792086124
    -0.60512352 0.876216054 0.781174958 0.98211199 0.530665219
    -0.26178208 1.05366182 -0.543022096 1.2225945 0.242212296
    0.835385799 1.71471953 -0.0470746756 0.295505345 0.38474822
    -0.593164086 0.94567734 1.71820605 1.60631132 0.413986623
    0.206478775 1.5191474 0.636288285 1.13163304 -0.640000105
    0.784156144 0.608449459 0.0939990878 1.12044525 1.23471284
    1.38488781 0.322878659 0.87959069 0.920995116 0.563383698
    0.111874759 -0.646378577 0.0949841738 0.876845181 1.22521496
    -0.640156567 -0.493074864 0.183528304 -0.230018765 0.803561032
    -0.611985862 1.2034179 1.47264946 0.21331048 -0.705503106
    -0.183391571 1.58428872 0.960953832 -0.14523387 -0.423818976
    0.190450549 0.785597861 0.367776632 0.963623464 1.42374492
    0.763201773 -0.27871263 1.27365375 1.17115831 0.52553767 0.442002892
    -0.411144584 -0.0482759476 -0.301945537 0.141569257 -0.58301419
    -0.385597706 -0.112650931 -0.321389049 1.52250254 0.392520308
    -0.661938488 1.24083555 1.61484194 0.334862232 0.782837391
    1.48544598 0.775147259 -0.0994846821 1.15063024 1.20789373
    0.447741568 0.887584925 1.22005486 -0.316482812 -0.00748431683
    0.252166212 0.192894042 -0.399194777 -0.740200281 0.59021461
    1.62097645 -0.621210277 -0.732595563 0.304057419 0.625777006
    1.31767297 -0.225914836 0.464159906 0.919395328 0.485695302
    -0.564921618 0.55724299 1.17610395 -0.246589243 0.674292028
    1.02000952 -0.422719061 0.417813241 0.738245964 -0.615180552
    0.718237519 0.999835074 0.47998929 0.096683085 1.05553269 1.22417116
    1.11789298 0.602996945 -0.0721933842 1.5277555 -0.478901386
    1.30973899 0.621349752 1.14957142 -0.0430947542 0.278742909
    0.359649241 -0.0154249072 1.57787836 1.08837748 -0.0182420015
    0.673371136 1.16365194 0.557314098 0.0182820559 1.2126267
    0.391076982 0.642795265 -0.453543246 0.682225645 0.496786654
    -0.520834148 1.01339102 1.44114041 1.23468637 0.254559934
    0.507047951 0.251669109 -0.343206376 -0.35676688 0.491170347
    1.35980392 1.52328086 -0.127655029 0.946857631 0.881066382
    0.30046165 0.626134038 1.57802808 1.1450057 1.45529068 0.807141006
    -0.57849735 0.680511117 0.661043644 0.177228093 0.9910357 0.2574839
    0.427160323 -0.169805169 0.886389732 0.953713417 0.730193317
    0.607098401 1.60236073 -0.530691445 1.12009072 0.257240832
    0.691641092 -0.652971923 -0.0290554762 0.988011956 0.627639115
    1.22753 1.02357817 1.54924607 1.41950989 1.16662717 -0.547280312
    -0.298316896 0.690224469 0.312009454 1.07031071 0.521522582
    0.755232871 1.49088275 0.691444278 1.31967139 1.61459363 1.14034307
    0.729018509 -0.56461364 -0.0207515359 -0.146413952 0.544321895
    1.37972188 -0.256194204 -0.0150936842 -0.0348434448 0.101280808
    0.370613277 1.61766815 -0.195093542 0.482004941 0.537503123
    0.177051902 -0.598627508 0.680698633 0.758802772 1.36804175
    0.421221435 0.266713977 0.984606385 -0.182385564 0.209824681
    0.37052846 -0.609123945 0.159066141 0.629636645 0.0222790837
    1.69899201 -0.495733619 -0.274466425 0.80105114 1.03308213
    1.11770046 0.0622279644 -0.208862305 -0.643536985 1.25171709
    -0.275244594 1.60786545 0.204297304 -0.141379416 0.867093205
    0.613699138 0.972593188 0.294298708 0.268311143 -0.42759043
    0.0369734764 -0.0851719379 -0.348102272 1.60646248 0.774855554
    0.167845368 -0.349950403 1.40459895 1.54049647 -0.647321224
    0.229850054 -0.116135657 0.928913832 0.207366586 0.503883064
    0.217690468 -0.345657915 -0.106675178 0.380926967 0.377667844
    0.800207436 1.14546454 1.07672501 0.72404623 0.454052925 1.12783933
    -0.547605872 0.408894658 0.582755446 0.374428928 0.249172032
    1.41790962 -0.188683271 -0.079867959 1.46949792 1.05336022
    0.748720407 1.64260936 0.693051696 1.40070271 0.526897848
    0.285086691 -0.344531268 0.630166709 0.846294284 0.015367806
    0.549687564 -0.0157929063 1.55811548 0.409354329 -0.146838784
    -0.37733829 0.275348246 -0.284363419 0.719837487 0.677463472
    0.899522185 1.10130525 0.956230521 1.05013287 1.4823885
    -0.0105720758 1.38327146 1.46311212 -0.428087562 -0.530440688
    0.783888042 1.56284988 1.40282857 1.1814549 -0.210172385 0.331650138
    0.493995547 1.54509997 0.556975186 -0.312255442 0.408790708
    -0.0429877639 -0.408165544 -0.14474231 -0.218090534 1.41944182
    -0.0153836608 0.226334989 -0.657463849 -0.421186954 -0.28262943
    0.711543918 1.58941841 0.0678608418 -0.574616373 0.114667416
    0.660359681 1.4193691 0.742085755 1.44333553 0.957448542 0.98455739
    -0.530707717 1.5081358 -0.180036902 1.4643153 0.248961508
    -0.587204754 1.21629262 0.772542238 0.164590597 0.0226576328
    0.943870723 1.13690448 -0.632975519 1.23981452 -0.0326114893
    1.36014199 0.45891428 0.617034793 1.27598572 0.810924709
    -0.348476142 1.25988317 1.25280046 0.0560510159 -0.334572524
    0.0472530127 1.69874072 -0.323162526 -0.413597345 -0.254416525
    0.510913193 1.04656339 1.55179334 0.816301227 -0.272749722
    0.657569051 0.412899315 -0.702351868 0.67358464 0.552823842
    -0.450036973 -0.0196943879 0.226085961 -0.259768486 -0.450097769
    -0.575222433 0.343912184 1.77239013 0.0433861613 -0.338481724
    0.81914264 1.60127163 -0.556883931 0.425256848 -0.679704785
    1.29727936 0.522300363 -0.119558156 0.612569869 0.45936954
    -0.344884634 0.906434059 0.0501606464 0.199201465 1.15231323
    0.397577286 0.668758035 0.336395562 0.823986232 0.45964551
    0.491468549 -0.230327904 -0.569722533 0.0597044826 0.88760978
    1.60636783 1.43509448 -0.453781843 1.22612691 -0.317039937
    0.169240534 0.0691592097 0.343792796 1.08748388 0.645561397
    0.0235094428 1.32373953 0.221760213 1.53694761 0.780411422
    0.763336539 0.484773755 -0.356476724 -0.226819515 -0.330892205
    0.780170262 -0.123070717 0.465586603 1.32791519 0.950042903
    -0.511942387 0.651633859 0.981263399 0.934504271 0.350270033
    -0.496553004 1.44018435 1.01396728 1.7612021 0.959597409 1.59113824
    -0.069961369 -0.118237913 0.00718158484 -0.230296254 -0.0366204679
    0.606281936 1.47928357 -0.17825681 0.628372788 1.07127559
    -0.67617923 0.375614285 1.57130408 1.52510238 1.31664574 0.960684538
    1.3894937 1.58722579 1.1280899 -0.173865497 -0.554013848 1.74409866
    0.289868116 1.55933583 0.787639558 0.386066258 -0.329466224
    -0.540966868 0.402405322 0.953527093 -0.592249095 0.924420416
    0.627749562 0.483563423 0.20697242 0.209714353 -0.687105954
    0.044308126 -0.629566908 -0.256188691 0.925605118 0.267181098
    -0.300430447 -0.661661923 0.293101549 1.54846907 0.926862061
    1.06876159 1.04588509 0.12708205 -0.423238814 1.54896188 1.33605123
    0.196684659 0.00257694721 0.901681662 -0.127073944 -0.629560888
    0.245003939 -0.338786274 -0.289537936 0.690677643 0.257499754
    0.327810585 1.6906631 -0.375022948 0.229591012 0.159432054
    -0.0052574873 0.370353758 1.23947132 -0.45731917 1.15805697
    1.65729332 0.464061737 -0.203727514 1.39910984 -0.428390563
    0.52552259 1.43605995 -0.0676492453 0.430380225 1.38952589
    0.526279628 -0.209355563 1.64702511 -0.563877106 -0.21512264
    1.52207088 1.56448483 -0.0810385346 0.131789565 -0.671622634
    0.742377341 0.941437423 -0.25565806 1.59848762 0.400658071 1.4697969
    0.650880575 0.518280983 0.800292432 -0.196113855 0.445078731
    0.727212906 -0.662356198 0.352046132 0.841796815 -0.84805429
    0.820859075 1.30827093 0.92467916 -0.465434909 -0.345499486
    0.679887235 -0.12613833 -0.435302079 -0.154791415 0.93652153
    1.26250362 0.527834713 1.5275259 0.876934171 1.27407861 0.625687957
    0.750748694 0.248627603 0.588450134 0.120889485 0.579370916
    1.68603444 1.18693161 -0.294573098 0.736077607 -0.440110564
    -0.514405489 1.01730108 0.330218375 0.593941331 0.986492038
    0.665044308 0.425058126 0.593633115 1.07984149 -0.700125515
    0.169356883 1.40472949 0.973605275 1.15174949 -0.363095105
    0.34676832 0.386604488 -0.11846447 0.674943686 1.0772419 0.564593971
    0.0677452683 -0.148899019 0.428254843 -0.420939505 -0.182527095
    0.723370314 0.419387043 1.19032598 1.42791033 -0.0435811877
    0.184746385 0.403597176 1.60273004 1.25588346 0.949562907
    -0.487232149 1.26196277 -0.49704057 -0.499459863 -0.4991557
    1.38636374 -0.0840274096 -0.661927998 -0.599583089 1.39691901
    1.40648651 -0.209170163 1.41286039 -0.0205527544 -0.187807322
    0.35603106 0.548915267 0.892370343 -0.459266245 0.563619018
    0.691503227 1.5050869 0.398556292 0.034835279 0.228757024 1.62826252
    1.54849935 -0.590237141 -0.56221652 0.937533617 -0.589405775
    -0.241490185 0.622659385 -0.697087824 0.020075798 -0.00641673803
    0.885474861 1.53764427 -0.727401614 0.908039272 -0.710417271
    0.777451754 1.04875445 0.921143651 -0.571503222 -0.205165952
    -0.560380101 1.35159433 0.732480645 1.57807028 0.0976393223
    1.17057812 -0.63087213 -0.0110169053 0.559336066 0.968109548
    0.729230821 0.807119906 0.683254302 -0.376720667 0.202426612
    -0.111214519 -0.166521221 1.44602823 -0.61465925 1.37725425
    1.14403069 0.310037315 -0.408574998 1.31727529 1.28506029 1.48735404
    1.41777873 -0.741758883 -0.0228095651 -0.0230685472 1.61182427
    -0.562803507 0.392628193 -0.656419516 -0.416089475 1.20567989
    -0.567355216 -0.255149662 0.446976602 0.594677985 0.840122938
    0.0188699961 -0.434665948 1.06239867 1.13598394 -0.518123031
    0.937392771 -0.347873956 -0.0275968909 -0.190554887 1.55169308
    1.36801696 0.911146343 -0.654001594 0.0534669161 0.99375093
    0.661124766 -0.10376054 0.0183600187 0.85803473 -0.225302041
    1.45660639 0.509925306 -0.439107537 1.67348838 -0.263392359
    1.7497859 -0.50669533 -0.364544094 1.72867799 1.01066744 1.33073199
    -0.0279458761 1.1025908 1.42395306 1.1907897 -0.566846251 1.15252399
    -0.107506514 1.43872023 1.04156613 -0.479265273 0.613975823
    0.281622469 1.23629069 -0.402774572 0.589372873 0.433494329
    1.51021957 -0.381215602 -0.383521497 -0.38829267 0.737279117
    1.31166279 1.13568044 1.47539413 1.5421679 -0.263075471 0.677354872
    -0.0629354119 0.162507951 0.0364719033 1.00250816 1.28557348
    0.536661386 -0.589770675 -0.654537499 -0.369858503 -0.145780683
    0.80826509 1.09125745 1.52059436 -0.595177233 -0.25787434
    0.741623044 -0.172528982 -0.631939232 -0.155411243 -0.17698741
    0.949172378 1.48709846 0.627937436 -0.178838611 -0.622715294
    -0.0042104125 0.940581501 -0.0245019794 1.46317363 0.256105721
    0.869657278 0.026587069 0.488663197 0.62198931 1.47003508
    0.854393184 1.29982972 -0.201777011 1.43028164 0.521188676
    0.518040299 -0.388924599 1.5518558 -0.40052858 0.177567184
    0.375546217 -0.29810068 0.807353735 1.48476863 1.14401472 1.350546
    1.08319998 -0.199371278 -0.225353271 0.0806393027 0.692162812
    1.62288439 0.0359175205 0.680183411 0.692501009 -0.420129925
    -0.00995564461 -0.0788812041 1.59187675 -0.113172591 1.56174529
    0.593698859 0.0991328359 -0.315031022 -0.0680316687 -0.268466234
    0.312627971 0.87103498 0.652272165 0.131754935 -0.246117145
    0.734637141 1.10205793 1.23579073 -0.182501078 0.443104744
    -0.639343798 0.311166048 0.820528507 1.29635692 -0.193374634
    0.0184038877 1.20097685 0.743349493 0.956043601 1.2641412
    0.316456437 1.28897357 -0.324476004 -0.087968111 0.764349997
    -0.192195386 1.02605259 1.04195046 1.05855751 0.188648283
    -0.317484736 1.18350339 -0.0332203507 -0.332566619 0.0703849196
    0.568770885 0.865642786 0.445587337 0.023381412 -0.381026477
    0.524337232 1.14380002 0.770165682 1.4656105 -0.188142598
    -0.0931487679 -0.0285662413 0.0223959088 -0.359992415 1.19838619
    1.35254407 -0.0520331264 -0.00570130348 1.29539919 0.220067024
    0.183084786 0.112695336 0.879016101 1.20897472 0.91078043 1.16329575
    1.08207989 0.936886609 -0.224941343 -0.590098381 1.26723838
    1.09990907 -0.113501489 1.66093302 -0.402182728 0.711449444
    -0.33408621 0.706611276 1.39913011 0.770416319 1.30262697
    -0.0479782224 1.01657128 -0.660326183 1.14359903 -0.0999531746
    1.01860666 0.913682282 0.769510448 1.08619165 1.13836765 0.43306905
    0.0121309161 1.56884241 0.445655525 1.32969642 -0.424933642
    0.64955622 -0.123799026 -0.0267106295 -0.203493834 0.0362685919
    0.394525468 -0.388331234 0.726744294 0.162260056 0.624988258
    0.797210276 1.30525494 -0.531453371 -0.05393821 -0.383781105
    1.06234872 0.148377955 1.40838659 0.696598411 0.906187952
    -0.0480183959 1.44698679 0.516852736 1.25145054 0.848098099
    -0.569747627 0.173501968 0.967292786 -0.258629531 0.101902664
    -0.53490603 0.291667819 0.390340865 1.4462148 -0.445714772 -0.170405
    1.11727977 0.956427693 0.892087758 0.639525414 0.538926542
    -0.39665553 1.36936736 -0.134365231 0.246396005 -0.0359360576
    1.51009488 0.913211048 -0.709805548 -0.0351921916 1.59889114
    -0.116824687 -0.432121664 1.14061666 1.63974261 1.3634038
    0.0321019292 1.05506802 1.2711513 0.773785293 1.02506423 0.293817401
    0.122646093 0.315241575 0.857095897 0.673922837 1.4673425 1.17951465
    1.44765282 1.49533689 0.351530433 -0.107022524 0.690506339
    0.81022346 0.112929285 1.12277794 1.6900301 1.54174781 0.320128143
    0.790646911 0.06881845 0.143265307 0.445794284 1.58630109
    -0.315133929 -0.535305321 0.59556824 1.59871078 0.41447562
    -0.349790722 0.319376826 1.03586233 0.523310423 0.779827476
    -0.362775326 0.465327322 -0.0327368975 0.125119507 0.317393541
    1.1961081 -0.590139329 1.00451875 0.115844905 1.06742489 0.772890449
    -0.121177316 0.129293323 0.121215522 -0.388178557 1.62472141
    0.399400532 0.0225772858 0.336150587 1.19053423 1.31788945
    0.454011142 -0.483686149 0.238288879 -0.729452252 0.811865985
    1.387568 0.566152036 0.410950124 0.109511435 0.246001899 0.786218107
    0.447717071 1.04665446 -0.369721204 1.48335469 -0.249132216
    0.50300765 -0.620025516 1.04381657 1.51846099 0.484876573
    -0.517866492 -0.0590061545 1.17016912 1.06861961 0.869556785
    0.135815918 0.608412623 1.59468746 1.23136616 1.093256 0.344960213
    1.12927866 0.409805119 0.937110066 1.21462536 1.10864592 1.2893728
    0.236191869 -0.164622128 -0.473179489 0.581709921 1.62607527
    -0.227633417 0.817535937 0.724267721 0.616160274 0.938478589
    1.59451354 1.12791884 1.57617617 1.10908604 1.27986741 -0.107389212
    -0.243431747 1.27792025 0.999190569 0.788486958 -0.0806458592
    0.87365365 -0.369787931 1.22973084 0.669061363 0.839706123
    0.303329349 -0.396187335 -0.219671011 -0.524846554 0.498601139
    0.976431549 1.23785329 0.714254081 0.0987374187 0.450997233
    -0.632294416 1.24266958 0.00070554018 0.944245636 -0.59867996
    1.57757604 -0.205588043 1.06657815 0.184441209 1.49752903 1.35284638
    0.701344669 -0.473748624 -0.417018652 -0.366317034 0.875654638
    0.931324899 -0.619320571 0.844153762 0.845817029 1.11304307
    1.62491584 0.252918661 0.0186725855 1.51470888 1.60252786
    0.926381171 -0.523050785 1.32415366 0.700692713 -0.389728099
    -0.381110251 0.359906316 -0.622037768 0.663677752 -0.0461411476
    0.905779183 0.417343855 -0.222763956 0.0371726751 1.59390199
    0.371852636 -0.0468304157 0.862085581 1.57481802 1.34197617
    1.52392006 1.53810823 0.438652754 0.644570649 0.710855067 1.53276682
    -0.438575059 -0.221929163 0.522715926 1.00038791 1.29724312
    1.25176835 1.54788327 -0.329975665 0.919395685 -0.426586539
    -0.0273846984 0.827661037 -0.380186319 0.689850986 0.173153877
    0.0186915994 1.0725348 1.42949474 0.51498431 0.83764863 1.46730423
    0.790497065 -0.0928789377 -0.501057267 -0.22579658 0.0209614635
    0.382710576 1.57888794 0.445650041 0.87225765 1.36851311 0.652021825
    0.853456199 -0.313864231 0.136487901 0.0207269192 1.59915161
    0.140392125 1.31320393 1.41426146 0.710373044 1.35119128 0.203964531
    0.421899498 -0.240031064 -0.47712186 0.244931817 1.26669931
    0.309283257 -0.465683341 -0.29548341 1.7563765 -0.472900152
    -0.534212768 -0.425455749 1.17456675 1.73001814 1.06640351
    -0.431942225 1.21630669 -0.620396376 0.107401729 1.35957265
    0.703874528 0.1438272 -0.638981462 -0.133363843 -0.498598516
    -0.0512410402 1.67332602 1.38314939 -0.276448399 -0.0691905618
    0.810340524 1.05102634 0.252147079 0.154621482 -0.326989681
    1.00692916 0.651692748 -0.650493801 0.570741534 1.28680909
    0.700501025 0.440680444 0.6337412 0.530657291 0.00201135874
    0.185804605 -0.0545707941 0.691871345 0.192682147 0.385269642
    0.335935295 1.61309636 -0.599918365 1.28836048 1.57543397
    0.751213193 0.443964481 1.41431022 -0.627690911 -0.701212585
    1.04432964 1.32720351 0.969782472 1.32767963 1.47620821 1.04167676
    0.0322501659 -0.410891235 0.741585612 1.20276642 0.0176526904
    0.607116699 -0.22416836 1.11376476 0.0773769021 1.12452435
    -0.0634452105 0.0748286843 0.108114541 -0.474775732 0.0431585908
    1.37035036 0.793308496 -0.0757726431 0.848070383 0.109982014
    0.179624677 1.33659661 0.232829154 -0.0644561052 -0.0261296034
    1.20700467 0.192014992 -0.457733631 0.932916343 1.34635329
    0.458470047 0.704993486 1.30780816 0.631000638 -0.103535593
    -0.267353922 -0.238113314 0.498118639 -0.475470334 -0.180083454
    0.942797244 0.485930085 0.131055474 1.19099259 1.5424422
    -0.285486579 0.526075304 1.18741441 1.48215532 0.26242727
    -0.0258058906 0.587416589 -0.342920274 1.5052278 -0.587799311
    1.32431161 0.673160255 1.44227147 -0.0466582775 0.0229993463
    0.959763348 1.35261178 0.423272789 0.433850706 -0.322640628
    0.872383416 -0.444864392 0.0203070641 0.743339956 1.55327511
    0.077080965 -0.486012757 0.615269721 0.803069472 0.475241601
    1.05224347 0.305522025 1.0211134 0.795113981 0.764904499 0.459655285
    0.586978018 0.942047894 1.19419289 -0.0375009179 -0.318745703
    1.61207199 0.0472072959 0.575245917 0.583679795 0.295307398
    1.60533965 0.652880549 1.01105332 0.994626164 1.27609253
    -0.275543839 0.780162573 -0.41402334 -0.467483282 0.773884654
    0.104450345 -0.543839276 1.65513635 0.577772915 1.38717091
    -0.262210727 0.0069565773 1.00450349 0.574752271 0.187198281
    1.58905458 1.44887424 -0.718959451 0.395686328 1.49422646 1.20536423
    -0.276362479 1.33371329 -0.679428399 0.180804849 -0.175512612
    1.39375067 1.62275755 -0.683179557 1.40603948 1.3356154 0.709884465
    1.4848299 0.323091745 0.162773848 0.749782681 -0.6121158 0.230739057
    0.0417590737 0.340485036 0.177320063 -0.0987616181 1.58069873
    -0.650351048 0.186287045 1.27418745 0.147915423 1.23742533
    0.77782917 1.21912825 0.118487835 0.357040882 1.25503516 0.292734146
    1.03328753 0.61995101 0.621494412 0.162756622 1.37736487 0.208237648
    0.326473057 1.60880327 0.442127526 0.507422566 0.647291124
    -0.0562297106 0.0343936682 0.338050842 0.47723788 1.03871429
    -0.415555835 0.177825391 0.519694567 -0.157899797 1.30581331
    0.466391325 -0.400269955 -0.468979299 0.404055417 0.47047019
    0.872162759 -0.268395424 1.29999709 1.16229081 0.03405267 1.10440111
    0.169249833 1.35320425 -0.613798201 0.587659478 0.559928894
    0.314403296 0.52644819 0.113904655 -0.197000742 0.147152364
    1.29641163 1.2823174 -0.470968843 0.168887913 1.68913174 1.51630998
    0.176220119 -0.202349007 1.56672382 0.25364238 -0.555836618
    -0.511666715 -0.434967875 0.283330142 -0.0621943474 -0.492343187
    0.51481992 1.15739644 0.544408143 1.51497793 0.448147655 0.856588423
    1.43400574 0.372134745 0.0936694741 0.294522464 0.74894762
    -0.312131345 0.396429241 1.49607217 0.269199193 -0.279763103
    -0.219559103 0.596663296 0.0195534825 0.892811656 -0.161069751
    0.772302806 1.22889817 -0.174968123 0.484679103 0.675826907
    1.55884886 0.224545777 -0.087744236 0.404221058 0.164172351
    0.373590112 -0.334496468 -0.0642644167 -0.163599163 1.22207117
    -0.373370141 1.22153354 -0.384243429 1.09880626 1.20789552
    0.787181497 1.29951584 0.953888953 1.13494039 -0.18588984 1.12995911
    1.18009698 -0.183449805 1.56605268 -0.294850111 1.68153954
    -0.495083094 0.783059895 -0.3015728 -0.111445546 0.194887459
    1.20916784 0.881849229 1.71143389 0.40891701 0.843035996 0.596032977
    0.427673578 -0.354095042 0.966646671 -0.618021488 0.484087229
    0.277523041 1.27079856 -0.305901527 0.750795364 0.978841126
    0.23391819 0.695586443 1.47645164 -0.500456572 1.13173127
    -0.249648631 -0.257276058 0.648249447 1.50854826 0.0758695006
    -0.377557278 0.735235214 0.140039504 1.00447583 1.38648427
    -0.469425082 0.325773656 -0.654243767 1.64228368 1.45317459
    -0.514242947 0.471046329 0.0270244479 -0.549538493 0.274248481
    1.00943875 -0.403993517 -0.288242042 1.30049407 0.51743722
    1.55480218 -0.218646526 0.356391191 -0.229313374 0.851520479
    1.27380586 -0.0234643817 1.20224142 0.00705438852 0.328334987
    -0.0636190772 1.35159254 -0.127434909 0.332588911 -0.65309608
    0.997561991 0.922669888 -0.376710325 0.932638049 1.57253027
    1.14782429 0.87544781 1.17878473 0.464284599 0.375929594 0.761805832
    -0.487375796 0.571191251 0.995800376 -0.0636584759 0.972768307
    1.18099999 0.489471138 1.2412324 -0.214662075 1.11881161
    0.0466877222 0.854993999 0.471231461 0.22589463 -0.154368281
    -0.360842347 1.0572257 1.2062403 0.208161533 1.50546169 -0.597353458
    0.434966147 0.8176682 -0.569013536 0.759266138 -0.523472309
    0.365836501 1.32220888 0.00947290659 -0.041343987 0.442499638
    0.547058761 0.822274685 0.884380639 0.265945137 1.16078544
    1.24638033 1.30185866 0.939397156 0.95096606 -0.0600806475
    -0.457958519 0.75132221 -0.50470221 1.07047701 0.989356875
    1.05151403 -0.315717429 0.382152259 1.29582036 1.31114578 0.98432827
    1.29699111 1.62698722 -0.397860676 0.333815038 1.48638129 1.54180861
    0.121586502 0.523602188 0.257286668 0.303774476 0.827093184
    0.983148813 1.12214708 -0.658804655 1.38795209 -0.397362262
    1.37139332 -0.173376203 -0.477618635 0.039306283 0.77656424
    1.1066618 -0.143351197 0.166617453 0.155418158 -0.22906062
    0.745919824 0.699805498 0.330750465 1.18117416 0.138529301
    0.597135246 0.431191862 1.26648617 0.831930876 0.687336087
    -0.546360731 1.36586785 -0.307321787 1.66421247 1.43735147
    1.42382383 0.948644936 -0.0640789866 0.373025417 1.23374379
    1.34655845 0.679103732 1.49266076 0.251752913 -0.526002407
    -0.500225782 1.10833728 -0.514006972 -0.509613991 0.929707408
    0.365256131 1.30026627 -0.386060417 0.164640307 -0.238282144
    -0.310114682 0.328122556 1.32643557 -0.218380541 0.430113316
    0.461687863 0.59028089 1.03863406 0.183605909 -0.393481314
    -0.333622158 -0.176092118 1.35447907 0.0998785496 0.53316474
    0.22432667 0.4593454 -0.00333189964 -0.306020558 1.28306806
    0.876360655 1.62596941 -0.30255723 0.174865186 -0.725485623
    -0.0826717615 1.16960073 -0.522275746 1.14811051 1.17583466
    0.554658413 0.116294265 0.437744439 -0.427210629 0.252538502
    1.48975205 0.723000884 1.56534719 1.23325753 0.488055527 1.47877741
    -0.526049018 1.44383192 -0.564144135 -0.163128674 -0.16969347
    0.0844864845 -0.353302658 0.158176005 -0.15815866 0.369721234
    0.21882391 0.550681889 -0.508865833 -0.484516352 1.28537703
    1.19099081 0.789629459 1.08923781 1.34724975 -0.679971874
    0.0785678029 1.23802757 -0.146204889 1.56347871 1.56624317
    1.55455279 0.685732663 0.088819623 0.991111457 0.491760731
    0.279105127 0.37185818 0.856851935 -0.00918781757 -0.401141465
    1.33579373 0.522905648 1.63749766 0.864297748 1.52076936 1.30007124
    -0.272979081 -0.0649821162 1.09202778 1.40579152 1.50996995
    0.59825474 0.439246655 1.50512052 -0.705115318 -0.162928462
    -0.75655216 0.769078076 1.03881562 1.50642395 -0.741762638
    1.13420773 -0.327068567 1.61265981 0.928727925 1.63131559
    0.840462148 0.640269756 0.698386312 -0.356874317 1.0812676
    0.590157449 0.168321908 0.10036689 1.00306356 1.54243457 0.696539223
    0.132599056 1.0038209 1.02221775 -0.638984501 0.258482218
    -0.0806401372 0.025409162 1.06554437 1.35174203 -0.321219325
    -0.403475553 -0.502963185 0.406999826 1.74244738 -0.539808929
    1.60772491 -0.126493514 0.508216083 0.271930814 1.29002571
    -0.54543668 1.13541317 -0.0146983266 0.643565655 0.322524548
    0.61905843 0.681540251 1.01687574 1.52954292 0.173533201 0.372582197
    1.55619836 1.3911109 -0.643394411 0.219626188 0.715588868
    -0.208415389 -0.354361266 0.162048638 -0.529996872 1.14643502
    0.726512969 1.32713413 0.664568484 0.523850918 1.30801857 1.36069238
    -0.0608005524 -0.354565889 1.02878165 0.108365357 0.123535216
    -0.192440838 0.463628352 0.567461073 -0.398926497 0.878466964
    0.363268495 0.566163361 0.590999484 1.4423089 0.849348128
    -0.381576866 -0.697797894 0.884826362 1.31406927 0.343233168
    0.286646008 1.56245553 1.5562005 1.1423738 -0.231625915 1.10128212
    -0.0965605378 1.00596642 1.4905957 1.49975741 -0.0687103271
    1.09373045 0.878085613 -0.21867153 0.483899713 -0.48787865
    -0.636738598 -0.630407572 1.12763524 -0.531261265 1.49095726
    -0.66825968 1.58323765 -0.627291858 0.23259598 -0.293786287
    0.560238302 0.358840287 0.202755392 -0.0530997515 0.671937048
    1.08309603 0.323041737 -0.192453384 -0.616526663 0.163238883
    1.47180867 0.411681652 0.457697749 0.545126021 1.25375819
    0.0342252254 1.36844635 0.532077372 0.29772824 1.27032781 1.16159141
    0.388379157 0.636288106 1.13957334 -0.027358532 1.25584793
    0.540915787 1.22175157 -0.471508145 0.0341679454 1.47242427
    0.695416331 0.48304534 -0.17550993 -0.377026707 0.247058749
    -0.258188367 0.510456264 0.508340538 1.30617309 -0.274126828
    0.600424647 -0.0794873834 -0.486358315 1.32099748 0.656314552
    -0.468006998 -0.341239125 0.510439575 1.58661985 0.879807472
    -0.320557594 1.41991997 0.58223176 0.0661209822 0.856599212
    0.655532777 -0.203659743 1.11160898 -0.396750778 1.63179302
    1.54636669 0.13797462 0.864582002 1.44109142 -0.0102423429
    0.269096255 0.814040542 1.15917039 -0.71250087 -0.538289249
    -0.67016089 0.802217543 0.754962325 -0.50457716 1.32417059
    0.507391214 0.313400924 0.0461797714 0.773419261 0.391915262
    0.589773297 0.907128811 1.45474255 -0.235964596 0.22489357
    1.10528541 0.776003063 -0.363279194 1.38368368 1.17280936
    0.434258342 1.56089187 0.0761648417 0.230340004 1.67873526
    0.0761554837 -0.519996166 1.04218984 -0.306155145 -0.0394340754
    1.59783292 1.50723553 0.528860867 0.68650806 -0.218093991
    -0.487311214 0.885282457 1.36564827 0.820923507 1.12341714
    -0.166575551 -0.2346825 1.56957054 -0.349878222 1.37361252
    -0.252826154 0.827584088 0.915227413 -0.0278941393 1.3565495
    1.09935308 0.26282692 1.30890226 0.223265648 0.325656652 0.44945842
    0.749415457 0.925488055 0.960997164 1.08368373 0.127700448
    0.601667583 0.804213524 0.926645279 0.375643432 0.273626864
    -0.47674033 1.34429169 -0.557141006 0.713365972 0.847127497
    1.47113299 1.54771674 -0.0181165934 0.101494551 -0.609884143
    0.652313411 1.24932027 0.158456028 1.5699513 0.136069417 0.388095856
    0.878788114 -0.191779941 0.559686244 -0.480597675 0.179974735
    1.18492973 0.531778097 -0.0603038967 -0.479298532 -0.56819731
    -0.520327806 1.24075544 0.198550463 -0.677892923 0.914041042
    1.44531941 0.885213375 0.972320616 1.29980481 1.23290944 0.833691537
    0.339641571 0.214671314 -0.52987051 1.43543029 1.49936724
    -0.532594442 0.248973548 -0.125366688 -0.111988842 -0.657887936
    0.0401548743 -0.278897226 0.822648883 0.332782805 1.37000895
    0.272741616 0.892038763 1.55934012 0.970036626 -0.160861731
    -0.545341194 -0.638982356 0.854866624 0.610246897 1.13133883
    -0.149530768 1.08788347 1.24704075 0.652743816 0.664790809
    0.214335501 0.397813141 0.094960928 0.324070215 -0.442274719
    -0.500351191 0.368760288 1.2516191 1.26946414 0.00199520588
    1.59337854 0.144603848 1.28521097 1.39176941 -0.382437885
    0.127744019 0.226806819 1.19733977 1.02753186 -0.0862830281
    0.549660802 0.486621082 0.681138277 0.113560259 1.43977308
    0.253894746 0.316490591 1.3046931 -0.289196789 0.200546324
    1.05946445 1.17630577 -0.398595124 -0.079097867 -0.135384142
    1.37693512 0.33186698 0.296188772 0.194019139 1.65638125 1.32697439
    0.784203887 1.49710965 1.6463002 0.237639964 -0.545297265 1.46025252
    1.26102257 0.34548229 0.320266843 -0.349975735 1.42213893 1.57102823
    0.33386451 0.417870283 -0.309797496 0.196490943 0.206029415
    -0.184876442 1.50449049 1.32564497 0.589473665 1.33466601
    -0.403409898 0.16767323 1.52295351 0.427379251 -0.430961818
    1.23794556 1.22157931 1.14844751 0.113536894 1.29641056 1.62798667
    -0.543680549 -0.383104831 -0.593120337 0.854717255 0.410151839
    1.59266222 -0.402335823 0.0867407322 0.95346576 1.02039027
    0.85456121 0.259263277 -0.49455303 1.45220363 0.0718650222
    0.34703517 0.899201572 0.228197694 -0.487361729 0.193910122
    0.452936769 0.0886722803 0.505454361 1.59462094 1.6547153 0.89351815
    1.34337497 -0.339881718 0.615137637 -0.372243702 1.50646019
    0.902953923 0.431199551 0.962379992 1.61069727 1.00272465
    0.600671887 1.24813676 1.00250828 0.393844485 0.502234817 1.18310213
    1.06141984 0.807783902 -0.0247209072 0.534257948 1.08066189
    -0.341467679 1.36538565 1.5642488 1.04600644 1.45657444
    0.00496840477 0.784943104 1.43381095 1.59350038 -0.216502577
    -0.528058529 -0.0112118125 -0.553217709 0.498046279 -0.302795112
    0.756237745 -0.322208762 -0.514285564 1.45555365 -0.364755571
    0.175109982 0.651799381 1.62256157 -0.0103754997 1.21302545
    0.905264556 0.528188229 1.63143301 -0.108707994 1.7336545
    -0.512044668 -0.12776497 0.709752321 -0.157979786 0.00406593084
    1.30042636 0.876069427 1.09129047 1.4878062 -0.199359179 0.226117969
    1.09619427 -0.557656169 0.50042671 0.754067421 0.0416802168
    1.38608563 -0.198048353 1.17490125 -0.410109401 -0.338115901
    0.970274687 0.0655950308 -0.0399027467 0.244436383 1.52499604
    -0.362797946 -0.605395257 -0.100988328 0.569456935 -0.0932564735
    1.63254631 -0.171510935 0.0941687226 -0.111896574 0.573175371
    1.24995279 1.61516464 1.47879243 1.49822402 0.516579151 1.5506711
    1.09375525 0.367094398 1.2295146 0.109362066 0.643010199 1.02560186
    0.625255525 1.5984745 -0.494160056 0.236334682 -0.15409857
    -0.555449784 0.844476998 1.69054961 1.67744195 -0.0511347651
    -0.194423795 0.243920386 -0.482531458 1.73347831 -0.360792041
    0.449308991 -0.0934265554 -0.279967159 0.337615848 -0.131406784
    0.705888391 -0.345246911 1.48695445 0.624010742 1.58853054
    -0.126204431 0.190985501 -0.463057935 -0.523296237 0.207617939
    0.0920508504 0.323425293 0.828753769 1.5604831 0.856157899
    0.867467344 1.0138967 0.736992478 1.13898945 -0.639428616
    -0.268227249 -0.44373548 0.988761067 -0.574912488 -0.600145161
    0.728838325 1.58590031 1.15099669 0.408382773 0.899796367 1.19646859
    0.524421811 1.23128974 -0.403375924 1.00161576 0.693012059
    0.719725668 0.0344009995 0.111025274 1.560377 -0.400515527
    0.986572087 -0.578150272 1.46295953 1.09188175 -0.332754344
    -0.618553698 -0.0563869476 1.373505 1.27668619 -0.165237457
    0.705282629 0.0589680672 -0.315927446 0.151226759 -0.315933377
    -0.307642549 1.04831696 0.532883584 0.159649432 0.126517892
    0.606977642 1.50098896 -0.536464691 0.686888516 0.552169621
    0.507561624 -0.289233714 1.29859543 0.00328952074 1.55649066
    -0.621845603 -0.529197514 -0.597462118 -0.476640522 0.690236747
    1.28007793 1.44562864 0.527783275 -0.0680598617 -0.0372472405
    1.26704907 -0.362944096 -0.449821532 1.61800861 1.21066546
    0.446015239 -0.451654941 -0.230763614 1.03230071 -0.598327279
    1.04297614 0.37761575 -0.0967456102 1.11258435 1.61752796 1.56787837
    1.1297164 -0.566305041 -0.0435453057 1.08858132 0.293377221
    0.0621781945 1.15065205 1.13366485 1.56468916 -0.133842707
    -0.50751698 -0.542800784 -0.656051815 -0.293108672 0.646759748
    1.44455683 1.03981829 -0.489220172 -0.0457587242 0.684244394
    0.656590998 -0.581220448 1.03957796 1.24168777 -0.552185774
    0.866664767 1.46549392 -0.443860501 1.23523974 1.43272328
    0.131351054 0.978261232 1.57759678 0.499072969 1.71077991
    -0.537546873 0.43891114 0.18050766 0.609412372 1.26296735
    0.530036807 0.0987836719 0.0757013559 0.50410378 1.36933637
    0.470898807 0.266643107 -0.0327214003 1.62398577 1.23355806
    -0.215766609 0.62265861 0.944794416 -0.370409429 0.295225859
    0.468581617 -0.220695496 1.00974512 1.14563608 1.54876339 1.1082108
    1.24050856 0.857074738 0.00546699762 1.02477729 0.413019598
    -0.0887646079 0.842289031 -0.56451422 0.911699533 0.0189792514
    1.21539021 0.779409051 0.736056209 -0.260675609 0.846383631
    -0.255833507 0.35179913 0.787597835 0.524791181 0.934598982
    0.375730157 0.0473624468 -0.570712566 0.322358131 0.680412471
    1.14547503 0.124809146 -0.0219435096 0.963946521 0.854274571
    -0.311850816 1.14516294 -0.36396271 1.51759791 -0.0557352304
    -0.461353809 -0.695307851 1.44795561 -0.0637277961 0.633470535
    0.735736609 -0.245861411 0.748491049 0.772206903 -0.742550313
    1.40249133 0.680158675 -0.100420952 0.156007051 -0.292598367
    1.08335376 0.980345249 0.814530551 0.286780357 1.13030577
    0.291515172 -0.562284589 1.21869421 -0.0892178416 -0.521382511
    0.0866975784 0.585245073 0.760870993 0.442535698 0.47423321
    0.894802451 0.0876002908 1.11157036 0.599322736 -0.0561343431
    0.617849469 1.15199208 1.3418237 0.901324153 0.317852855 1.27466202
    0.724631846 0.0166803002 1.58110714 1.09336329 1.47439623 1.54740262
    -0.325388551 0.0164917707 0.0212237239 -0.371541739 1.14038563
    -0.183393896 1.20834458 -0.423157096 1.81216168 0.34399718
    -0.133262932 0.664509892 0.497289062 1.73068428 1.58758211
    -0.460548252 0.258271515 0.293799758 1.35716081 -0.086212039
    -0.322052956 0.629122734 -0.247028679 1.34888911 0.366090834
    0.85005188 -0.500217438 1.00321019 0.474600255 1.59846997 1.52759373
    0.732238472 0.235801041 0.62301439 0.866956949 0.344570279
    0.68897289 0.47352016 1.47796392 -0.503161907 1.15069246 1.52375078
    -0.634139001 0.453926682 -0.183235884 1.20688176 0.589481354
    1.33047032 0.938000977 0.975257814 1.30132818 -0.229623854
    0.893243492 1.55736423 1.47518253 1.44253397 1.34078944 -0.229345232
    0.0505852699 0.55570972 1.68627 -0.443000466 0.97854346 0.526160955
    1.0182569 0.223544061 0.135901034 0.880752027 0.0432264805
    -0.468990922 -0.426357925 -0.0947362185 -0.575844884 1.39085412
    1.21367693 1.36727226 0.584171176 1.00462174 1.45712411 -0.210336447
    1.07554388 0.668187201 -0.536294222 -0.212264568 1.09831095
    1.35736966 -0.225264519 1.0897975 1.03161728 0.86561054 1.33052206
    -0.277727544 -0.193850249 -0.539926767 0.776817381 0.978070915
    0.170290351 1.54194558 0.493628025 1.27726734 0.615789771
    -0.22292459 -0.460414499 1.06731129 0.774800897 1.55021322
    -0.21720627 -0.268888295 0.679257512 1.64628899 -0.520978928
    0.856911719 -0.139115155 0.218477726 1.13551903 -0.058267355
    0.175710917 -0.629406869 0.11824441 1.08275628 1.32019985
    0.391567409 -0.614367306 0.139298439 0.93544817 0.57566005
    1.57698572 0.367217243 0.0777976513 0.785005927 -0.216011077
    0.672382057 1.54547107 0.53770858 0.439891279 -0.329878509
    1.12018776 -0.428689361 -0.000514507294 -0.0860013962 0.790766358
    0.319384575 1.05081868 0.742723167 0.0728982687 1.40402126
    1.31536722 0.484704256 -0.190068603 0.449345052 0.81011796 0.8951689
    1.5841291 1.28409481 0.630537331 -0.62102133 -0.220280975
    0.547751546 -0.349376589 -0.192363501 1.52359188 1.30741286
    -0.085557282 0.75619328 -0.524001479 -0.509962738 0.269668877
    1.05562711 -0.572613478 1.5847187 1.33238077 -0.511909485 1.18333662
    0.418374479 -0.628190041 0.337714255 0.784695923 0.675735116
    1.09526265 1.55537212 0.700617194 -0.737036467 1.41981483 1.32903934
    1.18797076 0.403469265 1.12076175 1.45107102 1.4137485 1.68207884
    1.52202606 -0.408197492 0.0198267102 -0.270342648 -0.381467313
    0.188469231 -0.375222772 1.47528362 0.546684027 0.598586321
    0.367252052 -0.188754737 1.48209572 -0.600363851 0.431480229
    0.0527800322 1.36853051 1.180601 0.225829482 1.25408268 1.40638399
    1.05765486 0.15692687 0.66037339 0.236594677 -0.424352765
    -0.216878533 1.34402335 0.0833899975 1.37190151 0.308727384
    0.955955863 1.4571805 0.00879085064 0.42997539 1.34216309 1.27805054
    1.48727441 0.694926322 1.50389099 -0.564187944 1.14696026 1.11661458
    -0.512155771 0.439028859 -0.032532692 0.220837951 1.10130548
    0.272609174 -0.372662067 0.946849763 0.0188957453 -0.349276125
    1.153826 -0.00107449293 0.0844253898 -0.268881857 1.17700958
    0.540108323 1.60270309 0.179696441 -0.515073299 1.03225911 1.2775321
    1.59652472 1.14651442 -0.436396182 0.81916064 0.338609934 1.25819361
    0.407046139 0.204334974 -0.0476050973 1.60489416 -0.261913031
    -0.0608015656 -0.550257981 0.791272819 0.728258312 0.438336074
    1.55018973 1.14286864 1.32285285 -0.581436336 1.48121953 0.654321015
    -0.0365410447 0.872816384 0.936959088 -0.350346744 1.60255051
    1.50118065 1.18807554 -0.554539859 0.149421751 1.71508884
    0.351383328 -0.25156799 0.0187166929 0.208783627 1.52621877
    1.45795846 0.821166933 0.730770409 -0.494956791 -0.19097957
    0.808744967 -0.06911093 -0.450104713 1.26320398 -0.10242033
    -0.0734115243 1.39123511 0.367223382 0.84005934 -0.801994979
    0.379907668 1.22039008 -0.330634683 0.230970204 -0.358514607
    0.41456449 0.00905054808 1.05013132 1.37386239 0.894390583
    1.20373881 1.6169827 -0.705960393 -0.0717328191 -0.329035759
    1.55484343 0.207307458 1.44685686 -0.0308074355 1.69441032
    0.634285212 -0.614905238 0.789529085 0.511078894 0.704656184
    -0.646591306 1.12315106 -0.339036793 -0.179481238 -0.074698627
    0.0793955326 0.604977012 0.139858842 0.55286485 0.403893292
    1.3713342 -0.0897009969 -0.191404313 0.0814734101 1.41557646
    0.018964231 1.12895095 0.000917434692 0.0138760209 0.253881335
    0.52384901 1.23718572 0.900152504 0.280881405 0.336505294 1.39855194
    -0.10482502 -0.335468411 1.42103815 1.00265312 1.19802213
    -5.06639481e-05 1.09435308 0.627040625 0.970817029 1.23718572
    0.912824571 -0.454269618 -0.250296563 -0.029687047 0.730921745
    -0.59015286 1.19985163 -0.238637507 1.13140655 1.2992425 0.958917856
    0.684026301 1.60959673 -0.273193032 1.61182833 0.487668276
    0.615052938 0.215409935 1.59336531 0.597787619 -0.271091014
    -0.52594316 0.895510972 0.303609371 1.47488904 0.365100801
    0.85384357 0.6402421 0.538152814 -0.336413205 1.59308982 0.518490672
    0.126122832 0.0224865079 0.979432881 1.11577296 1.44119525 1.6110518
    0.944265604 -0.661566377 -0.391670555 -0.272753984 0.64131844
    1.06124496 -0.20813477 -0.442491651 0.566620886 0.0667054653
    -0.0833462477 0.145415783 -0.151796758 1.61786056 1.11385417
    -0.652612805 -0.238030672 -0.282254815 0.763643563 -0.0534029007
    -0.432111084 1.1199019 0.451172233 1.10062242 1.40522265 1.0063529
    0.521621644 0.449215412 -0.285702646 0.619211197 1.52685189
    0.617199719 -0.452092528 0.957820117 1.52658868 0.279275656
    0.810012877 0.0929728746 -0.180932283 0.445257068 0.919977605
    1.21590376 1.23626757 0.742395699 1.65642273 0.25295049 0.593572259
    -0.562595189 0.818944395 1.39367211 0.676751971 -0.564745307
    0.0307263732 0.907479107 0.739968061 1.58069634 -0.154286921
    0.671829939 0.74910146 0.531386912 1.06555474 0.579945803
    0.807063401 -0.49249512 -0.201677173 0.00923681259 0.99537605
    0.241113901 1.34355557 0.562359333 1.47921228 0.795601964
    -0.159326673 1.33714831 -0.681052089 1.12102401 0.581136107
    0.878303051 -0.091036737 0.403860986 -0.628058076 1.18318331
    1.45577931 1.04645789 0.240479648 0.258630812 0.641231358
    0.438400924 0.434076548 0.0699186921 -0.453618556 0.292595625
    -0.252447009 0.453105092 -0.252495289 1.07532251 -0.142663419
    1.59545684 -0.0158247352 1.41536498 0.312844217 0.571623087
    0.255668461 -0.235207349 -0.0366443396 0.502324045 -0.580770433
    0.860965788 1.32343102 1.16490722 -0.639756918 0.343894064
    -0.3590343 1.52083254 0.036421597 0.227770209 -0.447150767
    1.13113117 -0.629366159 0.154504359 -0.0294317007 1.27963924
    0.579747856 -0.70028758 -0.0441630483 0.20244801 1.10190749
    -0.251331508 0.219616652 -0.042064786 1.29289436 1.34371662
    0.0518800616 -0.0186232924 0.520076394 0.0595033765 -0.259072989
    -0.17255041 0.409200668 -0.0929005146 -0.509699285 -0.190244645
    0.195767343 1.50252676 -0.490587026 1.69013381 0.799125612
    0.184165955 0.457266152 -0.0915820599 0.910194516 0.617264509
    0.476872265 -0.425872117 1.59096396 1.55174959 1.34613729
    0.761491477 1.52330637 -0.174482405 -0.0104142427 0.368024945
    0.0168398619 0.744262993 -0.376885653 -0.0538331866 0.637177825
    1.21924448 1.23307204 -0.457137227 -0.394542694 -0.238904119
    1.40677452 0.500650704 1.37707555 0.999064684 1.40879655 0.624710023
    1.06474066 0.946071863 1.66574097 -0.242026567 0.561401844
    0.282710195 -0.371812046 1.46386075 0.492957234 -0.195570171
    1.27005959 1.43758416 -0.113478124 0.760355949 0.378781557
    0.59955138 0.476857245 -0.52797091 0.336808383 -0.132006913
    -0.392554671 -0.230784804 0.125473619 0.87603873 0.536331058
    -0.248283654 -0.116284668 0.149195492 -0.428668499 0.275757611
    -0.45311743 1.4697969 0.434441805 0.403586686 0.502308846
    -0.692888618 0.22237277 -0.460013628 0.609949172 0.183563411
    1.62633061 -0.0347924829 0.496364355 0.150381744 1.24895239
    0.854621947 1.35986674 -0.055685699 0.238477051 1.14544582
    0.391830385 0.663820267 0.206893981 -0.228632152 1.4030664
    -0.217227548 1.11047447 0.703207076 -0.428355575 0.397546649
    1.06148291 -0.107281446 1.38299704 1.64760542 -0.533216059
    1.20671725 0.805613637 0.978860855 -0.260275841 1.62717247
    -0.0303088427 1.49983644 -0.199842989 -0.593149662 0.063611567
    -0.106232464 0.0909811854 0.839332044 -0.423507661 0.693137825
    0.796339393 0.392403901 -0.405105263 0.714656591 0.750759244
    -0.60638988 -0.270573318 0.157237113 -0.0208865404 1.16447258
    0.741368711 0.139761686 1.18058276 1.43749809 0.627740383
    0.894991636 1.05177319 -0.283523858 -0.593449056 1.17573392
    -0.0937194228 0.668349624 -0.619165778 1.48680258 1.43237984
    1.08580387 -0.381182641 1.14555383 -0.134905279 1.17921615
    0.230020583 1.23747468 -0.686446607 1.09587574 -0.191670954
    1.20497155 -0.289577007 1.40152645 -0.433712631 1.38875163
    -0.51903379 0.217741847 -0.346481264 0.10728991 -0.246718913
    0.531102717 1.64556146 0.970354736 0.994831979 -0.221409827
    -0.050465703 -0.487944186 0.540585101 0.135972083 0.995973647
    1.40521944 0.634856045 -0.426956683 1.14117682 0.28678745 1.51590991
    -0.460316777 -0.408934534 -0.594515681 1.03941453 1.64713573
    0.708473444 -0.456410199 1.20432186 0.649444997 0.949154615
    0.422408044 0.917605639 1.45037985 1.20653844 1.48775458
    -0.515853763 -0.0644798875 0.593324065 1.57577956 -0.292603642
    -0.483461201 1.15480638 0.991795421 0.896185517 0.522165
    -0.464570254 -0.324447513 -0.486442149 0.98093164 -0.232580423
    0.501615286 1.17459738 1.20234442 -0.472716063 -0.493082136
    -0.663344204 1.39948082 1.02754676 -0.238779873 -0.397783935
    0.805248618 -0.0824157 1.05148935 -0.539872646 1.07977819
    0.650550067 0.771807313 0.915674984 -0.00310087204 -0.131928146
    1.44595337 0.917937517 -0.261549711 0.293124199 0.0295650363
    1.50680828 -0.207741708 0.73989743 1.00986362 0.711896122 0.4258551
    1.40932953 -0.414666325 0.543160915 0.405569911 0.849693239
    1.27432323 -0.485160887 1.60813701 0.896977186 1.35743082 0.51427865
    0.97586906 0.398937523 1.06477761 0.38506633 0.314009249
    -0.0503202677 0.741111517 -0.48932898 1.72433853 1.17122102
    1.09325171 0.939959168 -0.360915244 0.513278365 0.747964263
    1.22226858 1.20347357 -0.479427248 0.744553447 -0.241391301
    0.281434834 0.567067146 1.10388899 0.706715763 1.44962788 0.31404984
    -0.558754742 0.567466736 0.391976118 0.683431268 1.57754922
    -0.0765482187 1.11656225 -0.298541725 1.31656528 -0.325608194
    -0.336532325 1.55301738 0.541775167 0.331014872 -0.148170888
    0.989324093 0.0155133605 -0.0228427649 1.12654018 1.68049812
    -0.352098614 0.311645031 0.331349969 1.6968857 0.125938892
    1.10251796 -0.474272549 1.2051872 -0.679789066 1.65641654
    -0.254502565 1.3626194 0.334426403 1.22987533 0.435070276
    0.690666735 1.50720263 1.62526941 0.301867664 1.5503819
    -0.0972416997 1.35214841 1.30901217 -0.175394654 0.195656419
    0.989429712 1.45485854 1.23595619 0.0582068563 1.37092662
    0.791565716 -0.0347874761 -0.396725476 -0.466918558 0.571633279
    0.742386937 0.0548581481 -0.471410275 0.654954433 1.06984186
    0.163387239 0.379909277 1.12769985 0.63081938 -0.294196993
    0.778678536 -0.523433685 1.43101251 -0.360908628 0.226980746
    0.245605648 0.00545591116 -0.204490364 -0.442522287 1.48990941
    1.37756217 0.0822336674 1.47064018 1.32719517 0.156421304
    0.399062812 0.0259023309 -0.551288486 0.517803431 -0.365868986
    1.42611563 0.771899521 0.863136709 -0.0111818314 0.622495294
    1.42069376 -0.125964522 0.36666441 1.31078935 0.854174614
    -0.378509879 -0.081792891 0.00127148628 0.248611867 1.60333359
    0.150642633 1.25576782 0.232505977 0.750804245 0.319655597
    0.578725457 0.627106965 0.397718847 0.293623328 0.582721949
    1.46539712 1.56303144 -0.446669996 1.48433208 1.58437014 0.699637055
    0.552899957 1.11139369 1.62282515 -0.640404522 -0.657985926
    -0.582705736 -0.52526015 -0.706999242 1.11028028 0.53624481
    0.300941586 0.0735109448 1.56195045 0.0519323945 1.34294271
    -0.629626393 -0.387575686 -0.13088727 -0.558106542 0.258825898
    0.0706800222 -0.671824217 0.791507781 0.815391898 1.04829526
    0.762200952 -0.164007843 0.676462233 1.22132969 0.693143129
    -0.501233399 0.639828324 -0.241488755 1.21462774 0.30761683
    -0.144450605 0.335206389 -0.246248603 0.815092385 1.34351289
    0.668954968 1.5578146 0.17013675 0.107157588 1.29719138
    -0.0259298086 1.34629178 0.0531343818 0.545443654 1.40370262
    -0.0182181597 1.38718045 -0.757975399 0.6711573 -0.297395974
    1.63999605 0.407933891 1.48387361 0.107486725 1.36221361
    -0.518387914 -0.176662982 -0.482020378 0.111234248 1.6606133
    0.833823144 0.270192444 -0.419704884 0.966774344 0.57910943
    1.31697869 -0.565498829 -0.213484764 -0.514167368 0.748364627
    1.32016838 -0.612301946 -0.305580139 -0.631665409 -0.389192194
    1.66510713 -0.0872787833 0.0609968901 -0.135520101 0.25083518
    -0.0806455016 0.448530018 0.965708137 1.21988189 0.414469779
    0.88906008 1.60902429 0.0989874005 0.649207532 -0.301525623
    1.24994123 0.832531631 -0.123337865 1.5025928 1.40022206
    -0.422314107 0.857529163 -0.169480026 1.38100076 0.0170692801
    -0.240338415 0.224149048 0.716449678 0.442086399 -0.489574313
    1.19717097 0.592338264 1.27363539 1.29472053 0.922846794 0.416201353
    -0.00407510996 1.09621656 -0.567343652 -0.231120944 -0.12936905
    1.06118238 0.408775866 0.562019169 0.0240129232 -0.131576329
    -0.465731442 1.72090042 0.538951457 -0.413922966 0.737198889
    -0.0941656232 1.59275031 1.10700178 -0.247264862 -0.0339568853
    -0.661428571 -0.621724963 1.24058318 1.02369344 0.765351236
    1.53741276 -0.298256606 0.10895139 0.76442188 1.32233 -0.0300474167
    -0.0746941566 0.816663623 0.689323306 -0.492546707 1.51083183
    -0.234399289 0.743892372 1.36166298 -0.0298320055 -0.0667312145
    0.539282501 0.934464514 0.399356902 0.5536865 -0.0964553356
    0.438057125 0.779895365 -0.174851149 -0.598245084 -0.135327399
    -0.158423781 0.723222136 0.385480881 -0.021163702 1.47881329
    1.14111662 -0.619454741 -0.319906116 1.46775103 0.651146889
    -0.288529396 -0.57381326 1.63458514 -0.0815447569 0.551849186
    -0.619097769 1.32681358 -0.489718437 0.312853634 -0.649080038
    0.118425488 1.14450026 1.49202204 1.61302757 0.2077263 0.540225148
    1.14463532 1.36720419 1.50446486 0.866945326 0.861843824 0.15778935
    0.228970945 1.59944141 0.382164419 0.0843546987 -0.221482694
    -0.682756782 0.24366051 0.499067307 1.0422678 0.388127804
    -0.319458246 1.41876209 -0.257911801 -0.470412314 0.236382842
    0.521323979 0.453469396 1.03773046 0.379133165 -0.0240401626
    0.0718294978 -0.550942242 1.19081616 0.378226936 -0.522862375
    0.0861469507 -0.435681403 1.55558491 -0.0356909037 -0.255543619
    1.18163788 1.16393566 -0.222969294 -0.538010061 -0.641796112
    1.05518103 1.13804471 -0.065051496 0.126159608 1.4495275 1.48895216
    -0.165449858 1.43614316 1.18634534 0.428517401 -0.455974102
    -0.0916824937 0.602693379 -0.229655385 -0.316416949 -0.286576807
    0.347744882 0.109656274 -0.136188507 1.45595503 -0.535355389
    0.927253902 0.389650106 -0.393473983 0.439682245 0.340346336
    0.448678374 -0.561490655 1.17514861 1.40024972 1.35659122
    0.584725976 1.5717237 -0.480488241 0.658077061 0.342837811
    1.43516469 -0.496161371 1.54485989 -0.338408053 0.496762097
    1.34480464 0.705495238 1.09214711 0.853514552 0.860851526 1.46696305
    0.808000624 -0.696952045 0.883272648 0.527668476 0.729032218
    1.28556657 -0.242451549 -0.611707568 0.883855402 1.27543664
    -0.666901946 0.810030699 0.667783558 0.0508665442 1.51996338
    -0.605300665 1.28988075 1.02745175 0.952595949 0.251134813
    0.979845822 -0.63484627 0.622589111 0.904944897 -0.489299119
    -0.136893213 1.47054338 0.692348242 0.0382890105 0.428290367
    0.0120013356 0.421389282 -0.600044131 1.60616636 -0.162412047
    0.427049041 0.36903584 0.967241526 1.30528951 0.344029427 1.63998771
    1.39592874 0.333625317 1.37390232 0.337164283 1.01194775
    -0.230925769 1.39112663 0.774973154 0.787564516 0.681522429
    1.15781045 -0.517887771 1.63845754 0.328168333 0.129267454
    1.63735056 -0.479049385 0.258290768 0.421418071 0.787589669
    0.162748933 0.668109596 1.26263297 0.371011794 0.584959745
    -0.180847883 -0.591528535 0.785725594 0.861873209 1.00625062
    0.776811659 0.0414590836 1.48220921 0.394139647 1.28147447
    1.14751232 0.411534727 0.0712800026 1.18345046 0.90087986 1.52609479
    -0.543741047 1.41878319 0.358617246 -0.480724901 0.528377354
    -0.389526755 0.180290341 0.325389087 1.69507432 -0.361471981
    0.00344020128 0.120566368 0.875722766 1.78182292 -0.254379958
    -0.477146208 -0.296271145 -0.20053041 -0.216733992 0.300246239
    0.0466691256 -0.296405762 1.25982606 0.281871617 1.48382974
    -0.572307348 0.867866874 0.698707759 0.584384203 -0.61128813
    1.4570272 0.973389626 -0.154047906 -0.523424447 -0.101397157
    1.05181468 0.85945189 -0.485641986 0.110529006 -0.0603139997
    0.997214973 1.523507 -0.493503064 1.56492829 0.190904796 1.25231981
    -0.668393791 0.652745843 0.637254655 0.149166822 1.3581388
    0.125779152 -0.191938013 -0.245428771 -0.532457173 0.602689803
    -0.378400177 0.0817445517 0.956250191 0.254994154 -0.284453273
    0.862439215 -0.11775732 0.641678512 0.291576326 -0.418984085
    -0.177844167 1.2371788 0.876779795 -0.268303275 1.32704389
    0.337387323 -0.428130686 1.15438032 1.23822856 0.947809219 1.1694293
    0.492084682 -0.000366926193 -0.584701419 -0.0541321039 -0.380893081
    1.6677773 1.52412391 0.107780159 1.48457408 1.22311592 1.66538572
    1.21080077 0.223011792 -0.118207753 0.541220248 0.056959331
    1.16195643 1.50410247 1.24102116 0.82943362 1.67558479 1.66801763
    0.972554862 1.14015603 0.0523881912 0.920794427 0.716006994
    0.596822441 0.856669903 -0.440985858 0.066054523 0.00186997652
    1.13785672 0.981398046 -0.184331536 0.648641944 1.4434638 1.02940643
    1.68517816 0.768316507 -0.300337523 0.121256351 0.895477235
    0.814567566 0.824337065 0.17642647 0.507883847 1.20526958 1.01797342
    0.111905515 1.52659416 1.62165475 1.27703071 -0.0434354544
    0.85916853 1.48609185 0.512544036 0.895846486 1.13133061 0.925542116
    -0.257948518 1.23500466 0.129398227 1.51225722 0.951064587
    0.339840829 1.00593519 0.338440895 1.55368328 0.000706136227
    1.24450135 -0.772688806 1.18223786 1.12450469 -0.369090617
    1.47662246 0.940557957 1.09132791 1.43910909 0.343682051
    -0.177073419 0.472756803 -0.327085227 -0.465868056 0.329276443
    1.60777283 0.0882089138 0.970801592 -0.33249414 -0.0304085612
    1.44463873 0.415943384 -0.434897304 0.617358923 0.848060012
    0.0153999925 0.120619416 0.0279263854 -0.180658042 0.79144007
    0.472313285 0.884254158 -0.127066433 0.95704484 1.02965093
    1.03186989 0.314416587 0.147726953 0.753425837 1.29498816 1.38494301
    1.34958649 1.50737727 0.203605652 0.671951771 1.44409835
    -0.645785511 1.04266906 -0.106487274 -0.17181313 -0.48332572
    0.0963291526 0.462872863 0.229802787 0.209176481 1.47509003
    0.59521699 0.132518828 0.474106491 0.63943243 -0.321592361
    0.116157949 1.22787404 0.392489254 0.746195197 0.448265314
    1.08167243 0.0692257285 0.766331434 1.46840143 0.927257419
    1.31948233 0.91545707 1.45170522 0.385571778 1.6574415 -0.141343713
    1.57155252 0.595356941 1.08177865 1.51952243 -0.410891771 1.2661891
    1.56406796 1.55356121 -0.382325143 0.545215666 -0.351036549
    1.47066319 -0.200665623 1.1205498 0.927542567 0.480670691
    -0.0431050658 0.208490908 1.45347071 0.375682712 1.6466279
    -0.522932589 -0.361421376 -0.287304372 0.0599633455 -0.254979074
    -0.522966444 1.50254524 1.45046425 1.62894666 -0.36348629 1.17373013
    0.176294923 -0.222317874 -0.542857707 0.815451145 0.602481425
    0.146487117 0.579001546 1.10199547 1.04966927 -0.140603721
    0.906249762 1.13369632 0.317518771 1.19775033 -0.133264333
    0.242221177 0.425903797 0.377783656 0.847154081 -0.202790856
    -0.253329217 0.994264066 0.70518446 -0.455131263 1.30295217
    0.593746185 -0.070800066 1.24149752 -0.290600449 0.653444052
    -0.419744313 -0.367329717 1.19810653 0.539729357 -0.100426793
    1.11129928 0.977373123 0.472672105 1.06307006 1.43954551 0.791616619
    0.632532835 0.779104471 -0.360812068 1.27368164 1.45817745
    -0.550152838 0.492683768 0.325714588 -0.436743617 1.35633504
    1.08461607 0.804666758 0.799183965 -0.00302648544 0.405636251
    -0.0584914684 0.672015071 1.48197174 1.28978968 1.30108762
    0.607212245 0.953015625 1.15384459 0.94792223 0.461326182
    0.321546733 0.419117153 0.762672722 -0.454523474 -0.177810729
    1.05614936 0.670225322 0.545578718 0.621682763 1.54885018
    0.641061246 1.24738836 0.502449632 0.807995319 0.105976999
    0.368911028 0.943661451 -0.492663085 -0.251969218 0.0600517392
    -0.640911639 0.949035168 -0.686941922 0.82717514 0.798906803
    -0.602662623 0.976621628 0.31516999 -0.2758376 -0.228296667
    0.699509799 0.820698738 0.429185867 1.35584545 0.582326293 1.2534318
    0.918874681 1.06574869 -0.278508455 1.37283468 -0.612774491
    0.292230964 1.48392439 0.272550046 1.6034112 -0.547986925
    0.608749926 0.977350175 1.39660263 0.551310956 1.61119246
    -0.460118026 -0.0084348321 0.188260257 0.0367555618 -0.216076553
    1.55723 0.356089473 0.989154816 0.945248604 0.47846663 1.65968609
    0.834888458 -0.596630931 -0.25208056 -0.324470609 1.19013262
    0.643599451 1.5244503 0.202981472 0.322469175 0.299274266 1.57464242
    0.950911105 1.02119732 1.14936566 0.910620093 1.59076333 0.681726158
    -0.230920732 0.290924311 -0.43270269 1.14559555 0.828903913
    0.363289535 -0.161121786 -0.272639722 1.47462106 0.742523193
    -0.586036682 0.77363348 0.466582 0.924892604 -0.400292426
    0.697045922 0.349985421 1.55287194 -0.610537231 -0.0861355662
    -0.196866691 0.496555686 -0.308357924 0.62118715 0.856192231
    -0.549708247 1.55511308 1.1155839 -0.430731773 0.32739681 1.14035678
    0.95176363 0.816277921 0.691648006 -0.72878772 0.950095713 0.9739182
    1.53972745 0.370100856 0.471826553 1.22636104 0.668198764
    -0.160233796 0.133521318 0.169381022 1.52934885 1.10994065
    1.58595014 0.443839669 0.368688345 0.687510133 0.411614239
    1.54785144 0.848050475 1.07445645 1.4765234 -0.55011785 -0.592715919
    0.260483384 1.23823285 0.809067965 -0.474569142 -0.0862998962
    1.30709648 0.619019866 0.828142464 0.313798666 -0.430094361
    0.916156173 -0.472315907 -0.699517488 0.206700981 1.11256409
    0.832153201 0.777142107 0.343116224 -0.654408038 -0.0332699418
    1.34010434 0.420124114 -0.112564862 1.10279286 0.535114288
    0.421953082 0.0561041236 1.52563047 1.00007272 -0.611213505
    -0.478534997 0.369474292 1.13652778 0.705995739 0.392172217
    -0.189758688 -0.59175837 1.67687643 0.93400228 0.322592139
    -0.259899497 0.62318337 -0.579295158 0.0533373952 -0.133426309
    1.28649235 0.983210504 1.22398257 -0.599518061 1.55025005
    0.831578493 -0.569989324 0.998294294 -0.20045495 0.539418161
    -0.439436734 -0.537067115 1.72847891 1.32320142 0.335394919
    0.646476567 -0.205411404 0.352690876 0.00169605017 1.07927573
    -0.337304592 0.87028861 0.697370946 0.874136925 -0.202380598
    -0.520069301 1.21179283 0.0331292152 0.919458151 1.22983909
    1.15734148 1.58682227 0.577774286 -0.122368574 -0.455152422
    0.777713239 1.13206804 0.15233618 0.458798051 0.709563732
    -0.112608254 0.810604632 -0.57224685 -0.223051548 0.810891926
    -0.325555384 0.93987447 1.54100597 -0.532896578 1.30800641
    1.17346036 1.02982068 1.43143964 0.363269627 -0.339250892
    0.390550613 -0.527531087 1.27581739 1.27632928 1.62890851
    -0.516630411 1.62093329 -0.478744507 0.0249059796 0.148350656
    1.44204557 1.36289334 1.0608356 0.707562685 0.998561382 -0.512151003
    1.63630342 0.0104664564 0.994217336 1.1622901 0.262647867
    0.516083777 0.454497635 0.189504266 1.34847403 0.613432348
    -0.358155221 0.26543659 0.154373288 1.53559482 1.05191541
    0.603101552 0.830756605 0.334612012 -0.119271785 0.189057767
    -0.0289754868 -0.420692742 -0.302039504 1.33139086 -0.105867147
    -0.198884189 1.40527725 0.495917618 0.761666894 1.09473419
    0.783275962 -0.0423215032 -0.638086677 -0.128188968 -0.553197801
    0.741475403 -0.517807364 0.733248711 -0.689169526 -0.583265066
    0.138785183 1.29189706 -0.537196755 0.702365577 1.26070261
    -0.417550921 1.57595158 0.408246517 -0.341734201 -0.194509983
    0.0523622632 0.0876531005 0.78550756 -0.301869035 -0.15819186
    1.11442804 -0.171889186 1.27821302 0.509933591 0.118167877
    1.50909483 -0.645351291 1.38383794 1.16946197 0.062446177
    -0.600478053 1.0438261 0.897693634 0.641899943 -0.574257493
    -0.506502151 0.535557806 -0.624951422 1.17225504 0.237045348
    -0.527516365 -0.322903335 1.06583118 0.458765864 0.576079428
    1.57634544 -0.216204852 1.58700132 0.529990613 0.748729348
    1.56861687 -0.123093843 0.652404428 0.705040693 1.45095396
    -0.35835433 1.24083257 0.0215820074 -0.556607306 1.44613457
    0.471149802 -0.713766932 1.25661647 -0.279987276 0.104083121
    0.958624065 0.960667789 1.25516832 1.41842127 -0.696010888
    0.196210265 -0.496507883 0.860240519 1.47450542 1.47057009
    0.10152787 1.33396363 1.18746209 0.766085386 -0.0692964792
    1.31620407 1.42785561 0.249563932 0.87177515 1.1355828 1.13306177
    1.18732405 1.11525369 0.794337273 0.154437363 -0.643513501
    -0.0264643431 -0.150090575 0.431221128 -0.468182206 0.232644498
    1.02928126 -0.45511651 1.59716082 1.36253381 -0.129830271
    0.751109898 1.14155674 0.471734881 0.446491659 -0.458135843
    1.44658327 1.12880945 -0.539487958 0.601190805 0.697660327
    -0.5176723 0.406858504 0.925519824 0.640610635 1.62801969
    0.194725454 0.770415425 0.187773466 -0.669789851 1.01015091
    0.497554958 -0.673714697 1.17169833 0.0305795074 -0.363182783
    0.338944793 0.59955591 0.844181418 -0.597705245 1.56966734
    0.593831003 1.50992846 0.98056674 -0.00148832798 0.750210047
    -0.451600611 0.352707088 1.73212111 0.0757142305 1.68197107
    -0.552697539 1.62505841 0.704462647 1.51515222 1.36673212 1.64462817
    0.513836682 -0.100999177 0.920324266 0.258835077 0.795551479
    0.892244458 0.676724374 0.227218032 -0.453330517 0.63051337
    1.12945485 0.200414658 -0.0311390162 -0.0723121762 0.792275965
    -0.128723145 0.574294686 -0.598007858 1.10728407 0.275368094
    0.819405198 -0.251437753 0.700389326 1.28176904 -0.54606384
    0.925044715 -0.213782787 -0.527296007 0.90923512 -0.0555946827
    0.521587133 0.593401432 0.495330453 1.20586991 1.17363393
    -0.687268853 -0.174322546 -0.401346266 0.850359321 1.62636542
    1.44468486 -0.270821452 1.16845739 -0.30815801 1.4000026 1.25499773
    0.0624563098 0.404478014 -0.11589691 0.253447235 1.619856
    0.0828512907 0.419537485 -0.155748367 1.18800795 -0.49707222
    1.62074614 -0.224856943 0.0405670404 0.581436753 -0.00537198782
    0.116364956 0.292772472 -0.243169785 0.413831711 1.13177049
    -0.219387382 -0.356193811 1.44358337 0.583531439 0.364217579
    0.130639195 1.34618008 1.08264279 1.47591734 0.00973397493
    0.794503689 0.0884006619 1.47876501 0.899515808 0.820259452
    1.01971483 0.479365826 1.15291595 -0.0873277783 1.32585728
    -0.411275476 1.30451179 -0.116858482 0.383840442 1.21742201
    1.74139237 0.354409099 0.197759151 0.595936239 1.00547671
    -0.0922663808 -0.168280661 0.92966491 1.59842038 1.20335793
    0.0638714433 1.06598425 -0.591553569 1.44576395 -0.218754381
    -0.644627213 1.1675756 -0.481502414 -0.338882864 -0.229166418
    0.352207422 0.015653789 -0.546282411 1.59622836 0.809800863
    0.685180485 0.272883654 0.369367719 0.128444195 1.20318806
    -0.288303852 1.15850484 -0.717359662 0.436755121 0.460148454
    0.125293672 1.57517838 1.56081629 1.47611737 1.71690655 -0.291335016
    -0.359765142 0.320275664 1.3152324 0.418683112 0.114738941
    1.59211731 1.18567061 0.0141572952 -0.439478517 -0.206340134
    0.294118047 -0.600126624 -0.0939757824 -0.64586997 1.07503605
    -0.139778078 -0.391400516 1.55461144 1.57364297 1.32890201
    -0.587398767 0.50481838 -0.723677099 -0.109966278 1.09328687
    0.0336180925 0.895466864 0.914926529 0.930619955 1.44964135
    0.863693237 -0.294983178 1.54100943 -0.247885615 1.55934906
    -0.118237078 0.556920886 1.10135889 -0.123773158 0.384574234
    1.0410831 -0.0872911811 1.36312342 -0.0953561664 1.37861323
    0.932092428 1.46701932 1.17187393 0.50573796 -0.612129331 1.23255134
    0.362647772 0.1469239 -0.529171824 0.0653854609 0.703402877
    1.46417856 1.04942632 -0.538286448 0.126338363 -0.737006724
    0.275700748 -0.106391191 0.95047003 -0.0921552181 -0.208778977
    0.54626435 0.234611392 -0.233045995 -0.144097924 0.554497182
    0.792941332 1.174963 -0.306089759 -0.377531111 1.24135494
    0.541750491 -0.515752912 0.536704898 0.665893912 -0.604481578
    1.32217741 1.15580726 1.59481263 -0.349280715 0.159818947
    0.268542886 -0.404785693 1.65031826 0.105575442 0.710168719
    0.200436532 1.64041293 -0.0134164691 1.1012404 1.58964729
    0.582217336 0.947655678 1.43019366 1.05499697 1.47434509 0.691556275
    0.0710074902 -0.504543424 1.11589181 0.174239099 -0.675166667
    -0.095132947 -0.170066059 0.186526895 0.702196479 1.19616342
    -0.304895371 -0.519838572 -0.413415253 1.50604475 -0.144747734
    -0.599251211 0.74636513 -0.202324688 -0.234899044 0.557473421
    -0.521308661 0.182164967 1.61213899 0.282054365 -0.307354242
    0.76063621 1.25237703 1.1481905 0.0878027678 1.06906271 0.630926073
    0.235997736 -0.296550333 1.68881392 0.196771204 -0.458825737
    -0.214770764 0.296304345 0.796969533 -0.309281021 1.27530587
    0.956865966 1.31809771 0.551200032 0.666269898 0.563463688
    -0.133984804 0.265220463 0.277121305 1.62005377 0.187733352
    1.20636749 0.200859785 0.87500155 -0.749597847 1.64549112
    0.957760334 1.18686771 1.35314274 -0.408230543 0.978206813
    0.732031643 1.62861729 1.08286858 0.0539364815 0.620708644
    -0.214976668 1.34180093 -0.544596434 1.27245927 -0.604735851
    -0.603616714 -0.0614268184 0.618026137 -0.172106743 0.300611079
    0.58863014 0.790077686 1.18100953 0.454391778 0.239804447
    0.152452409 -0.0772846937 -0.382412374 0.686899841 1.6503191
    0.821240664 0.981776178 0.187586069 -0.649765253 -0.0788033009
    1.31519198 -0.0367375016 -0.0799228549 1.49119902 -0.102537811
    0.701743245 -0.669457674 -0.00384229422 0.815161943 0.0270479321
    0.121023774 0.183626235 -0.34137243 0.756746411 1.07310891
    0.952110529 1.13690853 0.0336888433 1.48237944 -0.520846128
    -0.696267486 -0.541048646 -0.0454257727 0.303612173 -0.174163252
    -0.00714159012 -0.0593126416 0.962627828 1.65357339 1.64849412
    1.36030221 1.59472728 -0.240945995 -0.407359958 -0.0911694765
    1.57242036 -0.561482072 1.29664516 0.152575731 0.972799718
    1.24262297 1.2201879 -0.326622456 -0.368600965 0.448918641
    1.52486825 1.50179577 1.27811086 1.36653435 0.859882474 0.950830817
    -0.104933202 0.387056649 1.1161629 -0.250311524 0.7020908 1.50009084
    0.903855205 -0.211513281 1.14664483 1.04555595 -0.439296842
    0.323854744 0.360074282 1.36485648 1.01214778 0.345752895 1.46543503
    -0.596127033 0.990137696 -0.533386409 0.278760135 0.236482561
    0.275423527 -0.412167192 1.24287319 0.648750961 1.42899394
    1.10982966 -0.25948894 -0.352071017 -0.602402389 0.00943464041
    0.813228607 0.833459675 -0.466707259 0.682387412 1.55130696
    -0.474550158 1.21588731 1.22999954 0.753666699 1.19677699 1.36545753
    1.53264642 1.35518861 -0.153096378 -0.0799533129 -0.244036108
    0.974309146 -0.380013883 1.28713226 0.110718012 0.879160047
    0.373517931 1.37403214 1.20427823 1.4491806 1.34421265 1.17811441
    0.137661219 -0.16232723 -0.118243337 0.897020578 1.36090958
    -0.662630081 0.85763073 1.38183975 1.08087087 1.45324898 1.47171581
    -0.220138192 0.649003088 -0.182326615 1.54633594 -0.0528557301
    0.716549635 0.655818343 1.11112237 1.55722046 0.642845929
    0.942301095 -0.486023575 0.897801399 0.817127943 1.39678001
    0.468715191 -0.488641202 -0.534201682 0.357484937 0.986202836
    1.11753261 0.37872535 -0.316325366 0.279217422 -0.0608437061
    -0.430125087 1.27380884 0.855515838 1.48064029 0.265030265
    0.0373314023 0.00486594439 0.244529128 0.750872135 1.02600729
    0.959627569 -0.113491654 0.192449152 -0.602188587 -0.0966078043
    -0.115092933 1.41412067 0.281077385 0.856080413 1.44553757
    -0.40223676 1.60941756 -0.380830824 0.502031565 1.29765594
    1.34268641 0.610816896 0.678323686 0.215999782 -0.486993551
    1.28592563 1.13851142 -0.606038094 1.45158792 0.702073514
    -0.178763747 -0.181503296 -0.285598904 1.15937185 0.785435081
    0.812081158 -0.424718678 -0.263594449 0.419274569 1.63943434
    -0.634476781 0.247461259 0.618922055 -0.208815455 0.0652351975
    1.56163025 1.66875339 -0.359667987 0.455031097 1.25991249 1.4566747
    0.307013452 -0.242367268 0.168082297 -0.293920338 0.893347621
    0.28663063 0.492392123 -0.14130044 -0.462195992 0.104199052
    -0.426243454 0.302799225 1.49126863 0.511546373 0.77052927
    -0.324485838 1.20676088 0.270548344 0.645993054 0.745507479
    -0.169323623 0.0527057052 0.436560571 1.27255011 1.38055634
    1.47951865 -0.423384786 0.981835783 0.669186354 0.495553315
    0.824468851 1.65032148 0.217742145 0.621663809 -0.550471544
    0.447896302 1.59457684 1.38141561 -0.693029642 0.269152403
    -0.313127816 1.44644701 0.149497807 0.626103461 0.826707006
    0.0075070858 -0.124649972 0.486881375 0.248185277 -0.380316108
    0.555082202 1.37713432 1.21433902 -0.293320447 0.235352695
    1.34270811 0.937730253 -0.416732073 0.245433748 0.202871263
    1.60467696 -0.443500519 -0.186214745 1.1328125 -0.0142473578
    -0.34847635 0.678164661 1.2396965 0.039039135 1.59636581
    -0.393921912 0.211292684 0.844717681 -0.142947376 -0.669760585
    1.2368027 1.21039057 1.02639341 -0.0396664739 -0.450447023
    -0.374409527 0.91408509 1.49451888 -0.660868645 0.156844974
    -0.679418921 0.303664625 0.886444867 1.69654477 0.649483919
    0.424519479 0.494263053 0.887787938 0.769574821 0.762678862
    1.29530644 0.710022807 1.51362741 -0.65337497 0.186357439 1.11208141
    -0.175979912 0.187085748 0.584266841 0.764404058 1.42759609
    1.09640098 0.766639292 1.66698587 1.66063094 -0.359556466
    -0.237679213 1.12452519 0.975313962 -0.13377136 -0.600386858
    1.15552557 1.11528134 -0.242785037 0.440549314 0.909141541
    -0.232741743 -0.0175054073 1.21651626 -0.559077859 1.0091908
    -0.464256912 1.47938156 1.56886721 1.35509467 1.33395004 0.629594862
    1.03666329 0.901382864 1.28088343 0.817973852 0.563944221 0.3684659
    0.947891712 -0.326929212 0.100456595 0.448857009 0.465447366
    0.714024365 -0.497894138 0.688447952 0.8032704 -0.60546726
    1.20046687 -0.156817913 1.18464112 0.358675539 0.800488293
    1.45467138 1.5458889 1.27874625 -9.95993614e-05 1.0428139 1.09052157
    0.605123937 0.813176334 0.236941457 -0.0187286139 1.32624555
    0.295170665 1.34020162 0.907161415 0.83944267 0.279575348 1.0712471
    0.896563411 0.89647603 1.42713785 0.935310602 1.37706363 1.31968307
    0.470044971 1.45100403 0.298503995 0.868921459 0.625461459
    0.835719049 0.0501375198 -0.414139867 -0.450066268 0.308679402
    1.68299079 0.125793934 0.31577307 -0.568327844 -0.513304591
    -0.481798887 0.438353896 0.105666757 0.369528055 -0.528467417
    1.27446866 -0.257766068 -0.538999379 1.51478672 0.63521409
    1.52285576 0.857225537 -0.0491111875 -0.165938556 -0.550521255
    -0.207868069 -0.418647796 1.5389787 -0.636327982 -0.673812509
    0.647264779 0.894666493 0.192143917 -0.0216207504 0.970512211
    1.48799753 0.677896917 -0.617455125 0.695388079 0.161079109
    0.102665782 0.0939050913 1.55347276 0.57234937 0.99641788 1.65784335
    1.36786747 -0.280325294 -0.136051238 -0.259459287 0.517750561
    0.513492882 1.40876031 0.470968366 0.743188262 1.60748529
    -0.0436599255 0.947288573 0.841857374 0.485193133 0.0666630268
    1.03223252 0.852418065 0.157178938 -0.00712257624 0.847521663
    -0.448623657 1.41142011 -0.400664121 0.433038056 1.64193141
    1.53946781 -0.151455522 -0.360582918 -0.57326448 1.13502598
    1.25448442 1.32831228 0.638909519 -0.205823898 0.428671658
    -0.00571018457 1.35849643 0.0107909441 -0.539076984 0.695929527
    1.54951835 1.11265659 -0.509059906 1.07564116 0.0749998093
    -0.589247584 0.756166995 -0.603996277 1.57439733 0.985545695
    -0.677627921 0.0983846188 0.226580918 0.836403906 -0.202411354
    0.92991823 1.11436605 -0.0435746312 1.14639127 -0.472653151
    0.333203614 0.450607836 0.722070217 0.129197121 -0.40266341
    -0.407873094 1.2983439 0.130973637 -0.22558403 0.533266366
    0.279890478 0.539497495 1.6752193 0.483837664 0.710613132
    0.726836264 1.03768289 0.459060013 -0.0130292773 0.918620408
    1.35991585 0.591962576 0.501658916 0.141413093 0.551434815
    1.24707866 -0.0908946991 1.5573256 -0.239693344 -0.545592189
    0.234810412 -0.56377089 0.22426641 1.14664114 1.27598512 1.3399415
    -0.421459585 -0.165355325 1.35054779 1.3411572 0.555185616
    1.49349225 0.543509364 0.0637305379 -0.338879526 0.188515067
    1.24382877 1.43931007 -0.108024836 0.884655178 -0.1552791
    -0.453229994 0.595923364 0.401715517 1.08432817 -0.510447919
    0.372262359 1.16751623 0.393425226 0.263705075 0.947101414
    -0.0402910113 1.31617785 1.02885771 -0.339790583 0.110067308
    0.988449574 0.645357311 -0.320196837 0.586707532 -0.735805213
    0.627749085 0.206851125 1.51827192 0.854704022 0.414705396
    0.282696486 0.189703703 0.443810403 0.53522104 0.914092064
    -0.558393478 0.281174481 0.224561214 -0.141944826 -0.461520433
    -0.424146533 -0.0813859105 0.551711202 -0.161042869 0.0612522364
    -0.516566992 0.186649024 1.39506721 -0.280592859 0.766296566
    1.58061457 1.24049544 1.39861369 0.29278934 0.27241689 0.291869462
    1.49916816 1.03414011 -0.640876591 1.59810233 1.0790689 -0.222545385
    0.943753898 0.889943779 -0.342122972 1.51579547 0.403687716
    -0.411482304 0.817611337 0.608996391 0.792187631 -0.595423996
    -0.689762652 0.465670824 0.509194732 0.472826719 0.126347423
    0.976029456 -0.630830467 1.37311649 1.25553298 1.51446056
    0.177207649 0.633425176 1.45573783 0.564596832 1.46949434
    -0.37265262 -0.292100281 0.312608898 0.622624636 -0.480713964
    -0.213631153 1.51664376 1.36101151 0.284178913 -0.210822761
    0.225719988 1.03753424 1.06258428 -0.495442182 0.280664861
    -0.169439435 0.162652373 0.992598116 1.00453758 -0.0815935731
    1.07227266 0.617758811 0.625000358 1.1528306 1.488083 1.402197
    1.4866519 1.23063421 -0.486382246 0.00981396437 0.135997951
    1.08332467 0.418566465 0.381435812 0.333892107 -0.188980162
    0.178612053 1.59126544 0.573203743 1.07446563 1.29000592
    -0.121955097 -0.512796462 1.11943901 -0.282678604 0.737198472
    1.52351022 0.394367695 1.33587861 0.856978357 0.143362045
    0.233917892 0.768409491 0.510181248 0.00664323568 -0.428292632
    0.428940415 1.04661369 -0.539947212 0.246464849 1.67029119
    -0.144766718 1.61888301 -0.0348208547 0.308674812 -0.115442038
    0.576224566 1.08891618 1.35445547 0.0167195201 1.19250691
    -0.315937072 1.19044542 -0.140372843 1.57092702 0.09434551
    0.190337539 0.50964278 -0.384995788 1.07550907 0.849592984
    0.735972583 -0.48975426 -0.515981972 1.46436346 -0.619859159
    0.934841335 1.45043063 1.43470073 -0.457521111 0.35490489 1.20347667
    1.23557818 0.0745568871 -0.199699938 1.14506125 0.64556694
    0.900093853 -0.539189756 0.35582602 1.75440311 0.965980053
    0.755049527 0.762119293 0.71262151 1.50986409 1.22961044
    -0.377113998 0.664950907 1.27949977 0.564462364 1.19839633
    0.79876399 0.901770473 -0.310981095 -0.0668249726 0.765503883
    -0.174277246 0.750783861 1.55464149 1.01840794 -0.637751818
    0.105751276 1.0438745 0.967876673 0.714208603 1.01867402 0.532593429
    0.167521656 1.54068279 0.218538523 -0.0553551316 1.15668774
    0.525690556 0.410952866 0.255328655 1.41774201 0.541655958
    -0.473828346 1.51518762 -0.537935495 -0.175719261 0.754092157
    1.22958314 0.58467406 1.30737174 1.31975126 -0.434209168
    -0.272660881 0.410097659 1.30778599 0.21006614 1.0122602 0.313345134
    0.910858989 0.125401437 0.269052029 -0.165292561 0.928539038
    -0.477117211 0.786717653 -0.452586353 1.19301629 0.713050246
    1.25481272 1.17213225 0.107134998 1.60214806 1.59060097 0.925085485
    -0.529055774 -0.551967084 0.703623593 1.55472338 1.59446621
    0.207479179 0.868261874 -0.292229891 -0.112189353 1.16012633
    1.25217676 0.345201313 1.10379338 0.584529459 1.50403869
    -0.190652907 -0.748636663 1.19662654 0.178312957 1.22774553
    1.48010707 -0.0475388169 -0.246959507 0.519174397 1.32216656
    1.43769598 1.08093476 1.13614905 0.345787644 -0.532861948
    0.0284516215 0.178998291 0.0245162845 -0.509691477 0.336923599
    -0.650272429 -0.012452662 1.08511984 0.780274153 0.678960681
    -0.172477186 1.62535024 0.230297029 1.65677214 1.34691262
    0.432704449 -0.00262123346 1.57500088 -0.0776980519 0.00771641731
    0.697019219 -0.657650828 0.95391953 0.249264777 1.31430674
    -0.679448545 0.228097856 -0.581479132 0.118810773 1.50842547
    -0.450884342 0.315093815 1.53108525 -0.412101299 1.43034685
    1.01458037 1.01189041 -0.312846571 1.41617203 1.40224159 1.10097408
    0.389133215 0.120513916 -0.53897208 0.314533472 0.730533302
    -0.261107147 0.859011412 -0.0470688939 1.23606563 0.172918856
    0.906492651 -0.291550636 0.885617733 0.439001977 0.871537507
    -0.709624469 -0.041859746 0.675499022 1.58392048 0.599018991
    1.49200964 -0.112787843 0.343404114 0.258606851 0.766063511
    0.543396771 0.391362667 1.4176904 0.424459577 1.30304074 1.17425084
    1.5431757 0.690598488 -0.293939352 0.363290668 -0.552777767
    0.691725135 -0.663572431 0.357231617 1.12069082 1.30589104
    1.21344149 0.725332916 -0.19095847 1.5808301 1.50279355 1.04517722
    1.56426561 -0.483693808 1.32239413 -0.497218937 -0.39559108
    -0.0332804918 -0.39840138 1.58988857 0.572315574 0.430787027
    -0.0163157582 1.07492137 0.579828203 0.612708092 1.46994877
    -0.348648518 1.13667989 -0.223244578 1.34063935 -0.374591857
    1.28635859 0.560507536 0.142211676 1.330405 0.194647491 0.957478285
    0.11238873 0.11849004 -0.421025246 0.168122292 -0.012832284
    -0.234485328 0.802955151 -0.154278696 1.5860188 1.14920604
    -0.304798841 -0.583493829 0.913225591 1.39490879 -0.406331509
    1.33385408 -0.482817769 -0.015376687 -0.404274583 0.525357246
    1.24907553 -0.123871058 0.939148366 1.63715529 -0.0139840245
    0.542823374 0.912350357 0.389265239 -0.353270948 -0.195938587
    -0.185843349 0.790974498 0.0844659209 0.886459351 0.341032326
    1.09142363 -0.643908739 -0.500448585 0.234076142 -0.151527166
    1.32878864 -0.38651821 1.25954461 -0.181080788 1.0163238
    -0.606600642 -0.113434672 1.35053885 -0.31328848 1.33874178
    0.280865788 0.0206552148 1.14635396 -0.570285022 0.487384975
    1.59801388 1.39259851 1.29816389 -0.146703303 0.561447918
    0.503931642 1.43243289 -0.141824722 0.711060703 1.08014023
    0.457779408 0.260710895 0.807420909 0.643644571 1.58209503
    -0.0768178701 0.237242043 1.06859922 1.50052893 0.117190659
    1.25564384 0.686042964 0.678270102 -0.350310296 -0.225151181
    -0.382793784 -0.19736281 1.2668848 0.8138538 1.05736136 -0.325722188
    0.26354301 0.35300678 -0.0147078037 -0.24441281 0.628320754
    0.500043273 -0.280659944 0.970344901 -0.614483953 0.587714851
    1.07434523 0.907616735 -0.0455961227 0.0023162961 1.24864864
    -0.194600016 -0.0635855794 0.628168702 -0.363454461 0.278525531
    -0.400360078 1.07975864 -0.0669470429 1.48511195 -0.0414637923
    0.340024412 -0.0714421272 1.54030848 1.01616454 1.50772429
    0.789829433 0.6729725 -0.44852072 -0.608715951 0.654380023
    -0.12149936 -0.0724319816 0.399104297 1.2566452 -0.626374543
    0.34367162 0.865544498 1.51862216 0.750939608 0.738982916 1.27186084
    -0.346286356 -0.181916296 1.08695436 1.22820139 0.562367082
    -0.10946703 -0.546931148 -0.00564241409 0.244478405 -0.596814394
    1.00458574 0.631176889 1.20185649 0.952055216 1.55346465 0.66458571
    0.602504611 0.542770088 1.71396446 0.101083755 -0.462865114
    1.01628232 -0.00694388151 0.0779473782 0.525340796 1.49866045
    0.318583608 -0.502817392 -0.457705557 -0.541919172 0.262528658
    -0.396647751 1.54997301 0.692733347 -0.0887144208 0.600281239
    -0.2768341 1.34003913 1.19799185 1.08745384 0.768689215 0.0182167888
    1.25668323 0.0154948831 1.19400203 0.580245793 1.26718843
    0.252260804 0.800928593 -0.332858473 -0.0606896281 1.05094218
    0.854938328 0.836977363 0.3411479 0.436178625 -0.653776169 1.2721827
    0.68293488 0.865684628 0.450901926 0.409127355 -0.653527915
    -0.481467396 0.3678478 -0.43072018 -0.0315177441 1.53781581
    0.312247634 -0.345052421 0.225401163 1.54171658 0.252145767
    1.48713386 0.249800324 0.350169897 0.221276641 -0.458421886
    0.96961087 0.334044516 1.147452 -0.363446653 0.864728808 0.101073921
    -0.415474027 0.0736485124 0.909220397 -0.173920512 1.65298271
    1.15548944 1.29054642 -0.711652935 -0.653656244 0.569589019
    1.41538954 1.40429318 0.780372977 -0.359111786 0.534214616
    1.72096729 1.42039728 0.386250436 0.79606843 -0.55088675 1.22494364
    0.158162594 -0.559950471 -0.343560249 1.39052749 -0.287653834
    0.12235409 0.310517609 0.818505883 0.969494224 1.61754537 1.33929396
    -0.125150681 0.713935554 -0.416006982 0.292253435 -0.139374018
    1.20807147 0.381193399 -0.400546432 1.22307611 -0.263042599
    -0.30128324 -0.440411389 1.51647854 0.391733825 -0.492169797
    0.332592785 0.894083023 0.313431859 0.947731137 1.04626513
    1.01427913 0.464243054 0.488771319 0.38849479 0.496952653
    0.377146423 -0.0512883067 -0.485167146 0.362729907 1.35040212
    0.909620106 1.02343631 -0.355417639 0.455676675 -0.273031265
    0.1119591 0.254641116 1.55192184 0.0328087211 1.07388091
    -0.138432622 0.52265656 -0.0170708299 1.33659005 0.656506836
    0.975436628 0.0402523279 0.174306095 -0.241907477 0.677240551
    1.49406576 0.759310722 -0.326674342 1.47795606 0.572385967
    0.163410366 0.198198974 0.113155663 -0.132091463 0.342886508
    0.713138163 0.752740562 1.28732538 -0.570956945 0.810335577
    -0.5752303 -0.117271781 1.03032804 1.20762157 -0.156392515
    0.125101149 1.45277238 -0.098541081 0.114068627 0.471797764
    0.0349689722 1.17803085 0.802633882 -0.530096412 -0.0202209949
    1.16745162 1.20591271 1.29221654 -0.665823162 1.46263266 0.893632174
    -0.137491524 0.225210428 1.17898798 0.0419138074 -0.493790179
    0.597967625 0.362268567 0.714463234 0.0407751799 -0.0628101826
    0.124195516 0.154877722 1.65264726 1.55032444 1.68357229 0.997498631
    0.94481796 1.45988858 0.403643608 0.436760068 0.375164151 1.35867476
    1.09809351 -0.584318638 -0.114721477 0.351890862 1.11836672
    0.584638715 1.0650754 1.17096138 -0.172480822 -0.0926621556
    -0.538074613 0.961513221 1.43656945 -0.35533607 0.443905294
    1.31879592 -0.398446441 1.08103228 0.00685858727 -0.31971544
    0.150075793 0.371090591 0.985492051 0.931295395 1.21815038
    0.427856565 0.914611101 -0.636054873 -0.0149811506 0.730712831
    1.24393284 1.44480109 0.241298199 1.53411102 -0.134904385
    0.775005221 1.37951779 1.42939329 1.30007291 -0.0697830319
    0.916059017 1.61722803 -0.0980414748 0.225350916 -0.169657201
    0.449196219 0.441501498 1.20761049 0.653350532 0.236771703 1.6585896
    -0.0127986073 1.02223563 -0.0523334742 -0.31971702 -0.333631784
    1.059304 0.451234221 0.188328922 0.349678993 1.30399179 -0.377709299
    -0.446290582 1.61467505 1.17733884 0.302368522 0.499339342
    1.03567982 -0.0610684752 0.209181845 1.09306037 -0.383830637
    0.400801539 0.211260855 0.44073689 0.199581385 0.451352775
    -0.312025815 1.110502 0.273706079 0.701407611 1.42452192 0.391199589
    0.31290853 -0.0789779425 1.16310096 -0.300307572 0.538112044
    0.851865768 1.49810219 -0.273555338 1.1410414 1.28386402 0.595163226
    -0.369621158 1.05869198 -0.014406383 1.55630851 1.63695192
    -0.373447508 0.734232068 -0.410424531 0.393722475 0.948388815
    -0.115925193 0.848740399 -0.546680748 1.18523431 -0.32237038
    1.622738 1.46135116 -0.354708672 0.114409924 1.6127789 1.12349999
    -0.604720831 1.5594511 0.367977798 0.424316943 -0.550916791
    1.53121328 0.513465285 0.469458878 -0.578074872 0.858061016
    1.00546241 0.986625016 1.29430532 -0.413329482 -0.0478800535
    -0.0093562007 0.0442791581 -0.0785877705 0.563644052 -0.436230123
    0.287191331 1.2242676 1.48616123 -0.347011358 0.701865554 1.13582182
    0.996252954 1.57216036 0.412873149 -0.455646068 -0.338698894
    0.666841507 0.272579849 -0.381981879 -0.41990453 0.138190746
    0.485778987 -0.30231908 0.237267733 1.14604914 1.36185181
    -0.456403196 1.50444293 0.0955770016 -0.539901912 1.22136521
    1.39426327 0.214220703 0.335583627 0.730280101 1.2469933
    -0.277932078 0.456731081 1.4533751 0.692011833 -0.232424825
    0.158952117 -0.190317094 0.997158468 -0.0459803939 0.104558289
    -0.0706800818 0.933445513 0.467884004 0.836104035 -0.459881753
    1.57510483 0.969124973 1.28582954 1.00794244 1.1304301 -0.472025782
    -0.383434981 1.68642664 -0.43438673 0.394361079 1.1994369
    0.839021027 0.109591305 0.729805708 0.98616612 -0.238530755
    -0.47877419 -0.375897765 1.41643238 0.912249148 -0.255350262
    -0.548760891 -0.181123346 1.16895676 1.45054317 -0.159258425
    1.52571106 0.265102744 0.151930988 0.459042311 -0.510012031
    1.23985493 1.12398624 1.07994819 0.0713003874 1.08545256
    -0.291285157 -0.449175775 0.156756759 -0.472382545 -0.473432213
    -0.511361599 0.900379896 1.0726999 0.648254454 -0.301757544
    0.410603702 1.01426721 0.280368745 -0.306287676 1.03363395
    1.66776359 1.11551702 0.828643739 -0.539410472 1.160501 0.889502943
    1.08356357 1.1022048 1.07398593 1.587677 0.615109503 0.190904617
    0.528545499 1.04605889 1.69537139 0.39448756 1.59951735 0.26079303
    -0.633336544 -0.379619628 -0.58855927 1.40929866 0.889755845
    1.37285519 0.111320138 0.717965901 1.0019176 0.165324986 1.49788356
    1.63644028 -0.650568128 0.703404665 1.56814194 -0.101165831
    -0.393460721 1.46198773 0.995414317 1.45858192 -0.542021573
    0.0679944754 0.547569036 0.470178246 0.847258389 1.52015889
    0.208620727 0.558436453 0.236154616 0.226899803 -0.240846246
    1.27713215 0.326536119 0.429598868 0.984744132 1.31980491 1.39885163
    0.728936851 0.118753135 0.472107887 -0.132620335 0.686234891
    -0.238691986 1.16542411 0.611860394 0.175808072 0.157771885
    0.68252033 0.540561676 1.36078215 0.233056724 0.381946743
    0.648647308 0.328615487 1.02541661 1.08153248 0.0235314965
    0.988075137 0.0420479178 -0.47810334 0.769285083 -0.394755691
    1.52395225 0.232328653 0.501799464 1.50146389 -0.365150899
    -0.398307979 0.608608782 1.45008731 1.65879047 1.04978919
    -0.37542811 1.43704486 1.24919343 0.692427397 -0.52015394
    0.841252267 1.03974557 1.01669288 -0.370948493 0.791269243
    0.0531694889 0.929663599 0.21432358 0.155423462 -0.182368815
    0.593820095 0.288363576 0.967566133 0.625356078 1.44427204
    -0.391032219 0.0726636648 0.263888001 -0.544336617 1.51630938
    1.2540307 1.44203246 -0.621992707 0.374329209 0.655100346
    0.317284167 -0.0343489051 1.00780845 0.186438918 1.22501469
    1.19241619 -0.0134775043 0.324730098 0.67432791 0.251418352
    0.894435287 -0.605666161 0.146651089 1.71372986 1.31370723
    -0.616322279 1.58667397 1.59519839 0.673255742 0.00304383039
    0.622034252 0.0837339163 -0.504397631 0.875982106 0.725084066
    1.14695394 -0.589853704 0.057947278 1.16158807 0.255755007
    1.55033231 -0.262323618 1.18160117 -0.406162262 -0.258150131
    -0.571764588 -0.139872491 1.65386295 0.103204727 0.922311425
    0.0206567049 1.65065157 0.428914487 0.716664851 0.0505445004
    0.554457545 1.04758191 -0.0797074437 1.58248878 1.32385302
    -0.172767639 1.61781883 1.33793736 0.621688783 -0.0328832865
    -0.370560616 -0.335924059 0.703041792 0.00519567728 0.893255234
    -0.404716998 1.26113427 1.31622469 -0.492483944 0.335161984
    -0.578755558 0.437429786 0.0808394551 0.0671104193 0.535565376
    1.46515608 0.0629246831 1.186028 -0.46072486 1.53153884 1.65901875
    -0.277077764 -0.315487772 -0.372149706 0.261502326 -0.019133687
    1.62455916 -0.225045949 0.302295625 0.417116404 1.17871237
    0.0118837953 0.49460423 1.63760817 1.24378014 1.27899218 1.31005907
    0.353155315 1.34011889 0.986177504 0.764744282 -0.0816504359
    1.45281219 0.676640511 1.01091123 0.658132434 0.360925794
    -0.357855618 1.13130021 -0.408912599 -0.627700984 1.21227646
    0.726945698 0.641942441 0.157446921 0.896947324 -0.424436569
    0.312770784 1.26440167 0.710434914 -0.344419599 -0.292395681
    0.132100761 0.513073802 -0.0873807669 0.0899171233 1.35907841
    1.37456298 -0.321695 -0.249562919 0.679080725 0.924499094
    0.242576361 0.041118741 1.58400583 -0.37260291 0.38498652 1.31183219
    0.181969225 0.507261813 0.558746696 -0.315977365 -0.380617857
    0.113425493 0.639711499 0.581348181 1.43243384 0.186857343
    0.167426586 1.3274672 -0.48382163 1.55975223 0.839055061
    -0.395360529 -0.516667426 1.10708427 0.757730305 1.52364647
    -0.380795658 -0.409668148 1.56091011 -0.0161038041 0.571188211
    -0.159487009 -0.0785291195 0.57701081 0.395186365 -0.460300595
    0.361300886 0.410241842 -0.345362455 1.03067207 -0.37196964
    1.27336788 0.711588085 0.271495223 0.467272937 1.35226655
    -0.0930500031 -0.0859507322 1.18993711 0.828788579 1.31102109
    0.775653303 -0.282771736 1.44873261 0.601822317 1.25988162
    1.52334368 0.170634091 0.710465431 -0.523732722 -0.458641589
    0.897465646 0.980980515 1.39752769 0.173634946 -0.299699187
    1.05689597 1.17307687 -0.0319181681 -0.294855505 -0.21865344
    0.976912498 -0.00653809309 0.495295584 0.96383518 0.690854907
    -0.0139971375 -0.409582168 0.738709927 0.761604249 0.479609311
    0.759039104 -0.586851001 0.750423014 1.59346533 -0.231236219
    -0.333254904 1.35484552 -0.0110656619 0.625889361 1.37790453
    0.859150648 -0.634249091 0.499344528 0.814417481 1.09414685
    -0.571463287 0.106688797 1.28828788 -0.0860949159 -0.620263398
    1.52689481 0.0212777853 1.55508113 -0.42808181 1.35960174
    0.297221839 -0.386268914 -0.171826541 -0.48306185 -0.490986675
    1.27187967 -0.144522369 0.946009755 -0.403386593 -0.578500569
    -0.205643296 0.230838418 -0.381882042 0.803045571 -0.474962592
    0.761618555 0.316962779 -0.359725654 1.66535068 0.57322675
    -0.218632638 0.394718409 1.28398585 -0.50356251 1.59065604
    -0.333931804 1.52046108 0.428161204 1.12349415 1.51686406 -0.5294227
    -0.327362388 0.335313976 1.30528402 0.11187005 0.170618713
    0.513283551 -0.277761191 0.439957976 -0.6294505 -0.13137719
    0.596026182 0.204302013 0.171616435 0.172308147 0.377620995
    0.829078496 1.29436016 -0.260976076 1.43579841 1.38342929 1.22076941
    0.760882139 -0.0518092513 0.609235644 -0.315153718 -0.32700336
    -0.431824446 0.0952593088 1.60710359 0.33968699 -0.078861773
    1.68849289 -0.293424875 -0.561682224 0.902716339 0.394220412
    -0.165784299 1.06184673 1.49971628 0.42123121 0.892357886
    0.381735981 1.30075395 -0.62627089 0.351122975 1.54425001 1.64829576
    -0.246165991 1.64283502 0.183617532 -0.00466507673 1.52552807
    1.19713926 -0.0666474104 1.23551726 -0.120385438 1.00119615
    -0.375895023 -0.211741745 1.10074472 1.14371526 0.563352644
    0.598911405 0.0506492257 0.569596708 0.675423026 1.59124923
    1.29858923 0.383773744 0.77819556 1.68324196 0.594166875 0.159091711
    -0.190504938 1.14388502 1.36709833 0.269058168 0.861400008
    -0.268212765 0.306646645 0.99942708 0.157003105 0.538104832
    0.999155283 -0.615222394 0.696110249 -0.156144589 -0.360971212
    -0.417671204 -0.232371032 1.66453409 0.427992523 0.517842114
    -0.293130994 0.653763533 0.478075743 -0.276537657 1.59278464
    1.29638624 1.47527027 -0.498859674 -0.301417261 0.447788179
    1.44184637 0.312109828 1.0242821 0.122193575 0.690928578
    0.00185871124 0.59124136 -0.13003093 0.427421749 1.40641654 0.672858
    -0.0863818526 -0.155531347 0.707282424 0.231840014 -0.358970612
    0.606099486 0.332280755 -0.655356884 0.902976394 0.305662096
    0.243746996 1.32678175 0.804763138 -0.467278659 0.297245145
    0.959655762 -0.433306068 0.00221717358 -0.527279854 -0.531832039
    0.779384315 0.0182635188 0.774338603 0.707483053 1.13648081
    0.967506409 -0.221049398 -0.423624218 -0.589890659 -0.275285751
    1.57794988 -0.0303792357 -0.175682813 0.7145136 -0.259916365
    1.41169035 1.62069845 -0.522778928 1.23345327 -0.0944057703
    -0.0751302242 -0.256586969 0.969902515 1.38996506 1.64850605
    0.738363206 0.175808549 1.39775932 0.243152857 -0.582549453
    0.290189445 0.338072181 0.363687277 -0.122594297 0.771834671
    0.905702591 -0.462266326 0.302113652 -0.415287018 -0.18555513
    0.23780185 0.626479805 0.44918263 -0.387436688 1.75211978
    0.0536448359 -0.304878175 -0.0446269512 -0.366906226 0.720061302
    1.11953187 -0.442629129 0.227887213 0.159157395 0.711931527
    -0.101325214 1.50932419 0.812087595 1.00090456 0.142946422 1.3718946
    -0.37004596 -0.264805287 1.4626199 0.528257966 1.22290421 1.52167082
    -0.0100964904 1.29841554 0.664447725 0.959345102 -0.462488234
    -0.510168374 1.57070136 0.516984999 1.20735884 1.26109815 1.17633402
    1.08181763 -0.180000007 0.3961218 0.810408235 0.381854951
    -0.0675116181 1.421911 1.30162406 -0.418234885 -0.352309883
    0.181303918 0.718138337 -0.42029658 0.46993053 -0.588866651
    0.373720527 0.246983886 0.0182487965 1.53369546 -0.160305142
    1.30744839 -0.471995652 -0.134136856 0.953602314 1.69099283
    1.16255796 0.707306087 0.750546992 -0.330604821 0.390255094
    1.00938034 0.290649831 -0.143411815 0.229038358 0.486875832
    -0.0764707923 -0.562105119 0.0114494562 0.703036189 0.734848738
    0.0977275968 1.5236696 0.237635612 0.84617424 1.42831397 1.71242976
    -0.060909152 -0.585990071 0.597181737 0.662378728 1.61308837
    -0.265739053 0.130368412 -0.530128777 0.686101139 -0.19185254
    1.50320506 0.769025087 1.27412987 -0.536085188 1.40083623
    -0.38099438 0.470089018 0.447694898 0.727460861 -0.33751002
    -0.0317437053 1.28812575 1.63907599 1.54381788 1.12492788
    -0.127470851 0.459327579 0.876592815 -0.217324972 1.57995319
    -0.464201421 0.533236384 -0.524053633 -0.274918616 0.777494729
    0.900365531 -0.0268796682 1.5858593 -0.104429185 0.739087939
    0.638246298 0.258822978 -0.276367515 0.484268308 1.69074941
    -0.398165405 1.33636832 -0.4669168 -0.247630954 0.699658155
    0.00251436234 1.52703714 -0.203503937 0.190068007 1.43862164
    0.0821228623 -0.023203671 0.886754453 1.61476028 1.01006365
    -0.544630349 -0.0191612244 -0.156001687 0.125865579 -0.261567771
    1.15043855 -0.0562304854 0.377934754 1.59162509 0.834227204
    0.587978959 -0.0841796994 1.30139375 1.33222687 1.48037124
    1.32543826 0.0255066752 -0.621723413 -0.164962471 1.37873769
    -0.517746985 -0.150529504 -0.558641672 0.888608575 -0.410913229
    0.333334565 0.332645953 -0.307647794 0.798932135 0.107296586
    0.295624375 0.519685924 0.58458358 1.3174547 0.0974986553 1.25162971
    0.924032271 -0.236345261 0.452823222 0.747725904 0.390258849
    0.918432593 0.955531359 0.681946635 0.443233609 0.926430881
    0.473823667 0.941252172 1.1281364 1.20803094 0.230746031
    -0.0612795353 0.377117217 1.24866462 0.37350595 1.35059667
    0.336933196 -0.469963133 1.22146106 1.24980688 0.670461595
    -0.216419518 0.58860606 0.761904657 1.53516912 -0.198585868
    -0.471637636 1.4766233 -0.132758379 0.749699414 -0.490994245
    1.26043487 -0.221997947 1.18049765 0.041292727 -0.442173868
    1.41088867 0.703538358 -0.25017336 -0.228905708 -0.334443033
    0.351336122 0.896518767 0.870354772 0.96999073 0.165293753
    -0.384046853 1.27441561 0.0144007206 0.385823607 0.582201719
    -0.253842533 -0.169678509 -0.0685199499 -0.502380848 0.691804767
    0.502125382 1.23167944 0.18165803 0.432166576 0.252044201
    0.410222471 0.992980421 -0.0382127166 0.75765425 0.938132226
    0.834531724 0.843290091 0.151736498 1.39103341 -0.252454907
    0.878695726 0.0580186248 0.295492411 0.961644948 0.617029786
    0.0968152285 0.42295444 0.25765872 -0.420631349 1.15182662
    -0.505084634 1.49099565 -0.561041772 0.525376022 0.239923239
    1.13743138 0.63766712 0.97540611 0.255191743 0.807100832 0.562896311
    -0.160073578 1.42750704 0.0932071805 0.784217596 0.0577179193
    1.02634835 0.941777229 0.1244784 1.38053799 0.417736232 1.17878711
    1.1335274 0.573535919 0.744635701 0.396490455 1.14542186 0.663540304
    0.572952747 -0.0437402129 1.59158564 -0.218085766 -0.0471416116
    0.752127409 0.604421258 0.456382632 1.48480022 0.717667162
    0.287578642 1.37055326 0.360158741 -0.567641139 1.47286725
    0.03309232 1.20541739 0.888808429 1.63341689 1.28676283 1.68021536
    1.04189682 0.593036056 0.664859176 0.426135778 -0.179121077
    1.08435166 0.173038602 0.744536102 0.804300487 0.610194206
    0.512654424 0.630204558 -0.539269149 0.846871555 1.38514304
    0.382151186 -0.174686879 1.13290954 0.220964134 0.630069911
    0.488790512 -0.611348152 1.55593562 0.669312537 -0.522938609
    1.36451244 -0.169469476 -0.0952382088 -0.356102914 0.991196871
    -0.3777349 -0.607179224 0.105253875 0.831350207 0.365082026
    0.163303018 -0.653803527 1.39568567 1.62266517 1.08644819
    0.860448599 -0.334413111 -0.648805439 0.315201521 -0.0157486796
    0.0945907831 1.3256793 -0.428994238 -0.343890369 -0.0747645497
    -0.451943099 1.59807158 0.17866528 1.49854445 1.2522912 1.3269794
    -0.598824859 -0.361300826 1.10258508 1.56479931 0.033470571
    1.46275222 0.995227754 1.52468503 -0.482059836 -0.612970829
    -0.468123585 0.827257514 0.643867373 -0.541857839 0.893658578
    1.19738185 1.10242295 0.686171353 0.442536414 -0.539638281
    -0.019421041 1.55921221 0.0994801521 1.35187161 0.339567482
    0.825990856 0.371888459 -0.631430864 0.314015567 1.55097532
    0.208201587 -0.67909807 1.62934756 0.438427448 -0.230782986
    -0.232034504 1.31996524 0.910350323 0.550268948 -0.217529237
    0.0902276635 -0.386900365 -0.305113018 -0.354944706 0.414291799
    -0.481957555 0.136645675 1.29108489 -0.652002394 0.817412138
    0.0432449579 1.06102109 -0.427187294 0.962307036 1.08857059
    1.56096697 -0.180417687 -0.242491454 1.18535662 -0.597465754
    1.22112298 0.00815778971 0.376633644 -0.580433607 0.0713335872
    1.58686697 -0.393249124 0.898998439 -0.39001143 -0.436698496
    1.04415989 1.07100642 0.351428032 0.838625133 1.33066094
    -0.476069301 0.210453689 0.873487473 1.10782456 0.975965202
    0.329134822 0.314327002 0.228329659 -0.582715571 0.728878677
    -0.048386395 0.765682578 1.07974935 0.616687238 -0.496266991
    -0.634744406 -0.185785413 0.762428939 1.38544083 0.229126871
    -0.490727425 0.781346977 0.0856325626 0.185055494 0.47170645
    -0.330838829 1.34107864 0.324183345 0.767906308 1.2666651 1.00250316
    0.400592029 1.51316762 -0.0461391807 0.699825525 -0.539523661
    -0.126494706 0.00631803274 0.417027235 -0.245249093 0.26955235
    -0.304220855 0.798198998 0.237103999 1.77066517 -0.518051744
    1.65502119 -0.307144821 -0.110147238 0.228759646 -0.22146973
    0.88221401 0.308216453 -0.0628236532 0.601261377 -0.262675941
    0.0568555593 -0.320474297 1.5771296 1.58436775 0.973522246
    -0.361721218 -0.668621063 0.535049677 1.47934294 0.346363008
    1.13087296 -0.341632903 -0.087236613 0.0293456316 0.106277645
    -0.255863309 0.19308269 0.753164768 0.862591267 -0.204979837
    0.746397018 1.60838103 0.852043986 1.31471896 0.927812397
    0.556829095 1.16043758 1.44224787 -0.294472486 0.139368951
    0.057821393 -0.545660257 1.07722759 1.24916697 0.363555372
    0.313156366 1.3671726 -0.162682265 -0.573498011 -0.33124274
    0.845131874 -0.5367589 -0.122998774 0.172269285 -0.120384514
    -0.371603131 -0.576312602 0.950083256 0.410220742 0.165958047
    0.732891679 0.93994385 1.06608844 1.30332935 0.37113297 -0.19114244
    0.677063823 0.414739728 0.142686486 0.873184502 1.30301046
    -0.344210654 -0.0467885733 0.74331677 1.38793683 1.61637533
    -0.565349102 -0.362158805 -0.148176461 0.093013227 1.56792355
    1.53845561 -0.00309216976 1.43660045 0.25593996 -0.292546898
    1.04938674 -0.437750906 -0.50860405 1.23845601 0.769970596 1.1126008
    0.273033261 0.122647941 -0.526010215 0.477256119 0.96399349
    0.764081061 0.251214981 0.271524549 1.19338155 -0.381949157
    -0.637427866 -0.695832312 1.09503651 1.56162238 0.208088517
    1.32872117 0.817235351 0.560842454 1.15693653 1.55383873
    -0.301944792 0.577904403 -0.279632568 1.5060246 -0.693628907
    -0.309087127 0.255121171 1.28426778 -0.140298903 -0.246575475
    1.01129484 -0.494947314 0.414520383 0.115056515 1.35492444
    0.0691996217 -0.540974438 1.45439959 -0.180919021 -0.0923933387
    0.747596323 0.16979754 0.127543092 -0.180682868 1.6085794 1.19723725
    0.914299607 -0.501557589 0.968900084 0.467808843 -0.380457491
    0.0576211214 0.773227692 0.500990093 1.11480224 -0.532598972
    -0.288412899 0.44101721 1.39472818 1.24089384 0.0295420885
    0.168040752 1.07987046 0.813457787 0.0666663051 1.35928142
    0.961130321 -0.0331884623 0.373943269 0.788053632 0.0684059262
    0.0987551808 0.411224961 0.308781385 1.42175198 0.624172866
    0.293856382 -0.645531774 1.09647417 -0.0042976737 1.45285392
    0.367023289 0.339832067 1.34977734 0.295628607 0.684631884
    1.15856647 0.0734790564 1.49200463 0.792153597 -0.162947834
    -0.709729314 1.16975093 0.394736528 0.483111501 -0.537653983
    0.857185483 -0.358575344 1.12297046 0.0753281713 0.443505049
    0.1121822 0.576545238 -0.29026255 1.53547597 0.700719655
    -0.0847462416 0.793661356 1.32382882 0.591381013 1.46094954
    0.839279532 1.13038588 0.478988707 1.00833511 0.325292826
    -0.0744704604 1.33753359 1.4713881 1.099913 0.00106984377 0.42136234
    1.15336943 -0.691873074 1.59623814 0.810784101 1.33591497
    0.554667354 -0.292412847 1.3302176 -0.062456429 1.30388021
    1.35169578 0.256891191 1.36997676 1.56147528 1.49393272 -0.169592023
    1.21549594 1.344203 1.05008483 0.844951272 1.07545137 0.367327809
    0.990485013 0.641848326 -0.625741899 0.891833484 -0.19580102
    0.311277628 0.719581962 0.450900018 0.581603229 0.419117212
    -0.333037823 0.258262098 -0.130663633 1.02377486 1.31195855
    -0.456608355 0.518408716 1.70246816 1.30082703 1.04908824
    -0.328478813 0.0595295429 0.755318701 1.53897417 -0.302805692
    0.441091895 0.693791151 0.882332444 -0.1815148 -0.0190086365
    0.859163642 0.293755174 0.770595729 0.161043644 0.135972619
    1.31921792 -0.462360054 0.0683093667 0.410583913 1.05314422
    -0.106988013 0.0734198689 1.72398973 -0.167081326 0.195176005
    -0.164246649 1.00809383 0.0916492939 -0.283186495 0.335478425
    -0.109342277 0.535540283 0.442581952 0.756021798 0.431336761
    0.219659626 0.293659151 1.20237875 0.284867525 0.0635862947
    -0.536424518 0.815526247 1.13678408 0.936221004 1.23882973
    -0.0829117298 0.780133247 -0.254274666 -0.46381411 0.792196631
    1.470245 0.481373489 -0.0876962543 0.60285753 0.725021958 1.16376233
    0.909471512 -0.0172675848 0.740847826 0.269425511 0.613458574
    -0.633933008 0.395394206 -0.484284997 1.22840512 -0.297528714
    0.947835803 1.55011296 1.52525544 1.53032851 1.18768072 0.596449018
    0.529138684 1.56495392 -0.473267674 -0.405270278 0.946586192
    0.71188432 0.89102298 1.42147493 0.528684735 1.45698571 1.0943923
    0.415197194 -0.377259195 -0.080270648 0.944406211 -0.388407707
    1.71131516 0.317921937 -0.121705294 0.810869634 0.809402406
    0.569499671 1.02609253 -0.134416521 0.450543582 0.435021698
    -0.644908786 0.298424542 1.18471134 0.0509020686 0.588636935
    0.231982887 1.2858789 1.3892436 0.60521698 -0.400604904 0.660473645
    0.0330699086 1.60024571 0.328485906 0.306178689 -0.10339576
    -0.187682599 1.44809413 1.56036806 0.813323021 0.523053467
    0.807920635 1.42740738 0.190189302 1.28065801 0.200769305 1.55584216
    1.39000654 0.809176803 -0.0882655978 0.0916105509 1.18523657
    0.28674072 -0.614458919 1.6908921 1.47354376 -0.0386987925
    0.400287151 0.635870397 -0.229837418 -0.0891188979 0.467789888
    -0.072652936 1.50525534 1.04611349 0.944112062 0.166110218
    -0.255300939 0.0921575427 0.549315393 1.3505789 0.78427279
    -0.12340498 1.0083611 1.32885742 1.44302928 0.355152607 -0.392157704
    -0.460089803 -0.459542781 -0.0792031288 1.66188335 -0.0985018611
    1.11269951 1.2514267 0.858422399 -0.379728407 1.11525285 1.40986037
    0.146957397 0.98835218 0.485191345 -0.510355413 0.913479686
    1.10562968 -0.437192559 0.893108964 0.935406446 1.53262734
    1.00607872 0.156255484 0.404654562 1.31139016 1.5095067 1.61062503
    1.21172929 0.571327746 1.30084491 0.379870534 -0.424586356
    0.621898234 -0.462967277 1.47571921 1.0379653 0.80777514 1.24168086
    1.0440402 0.980773091 0.206269026 -0.0475259423 0.618591785
    0.0842270255 -0.0168409944 0.722031415 0.954224467 0.261770248
    0.745498836 0.355471969 0.441463709 1.28370214 0.0798452497
    1.47475481 0.238380432 -0.166871428 1.29782474 0.0434481502
    0.154499114 0.745050728 -0.00238102674 0.65765208 1.04425764
    1.1992501 0.950809121 1.26275754 1.02266407 0.0494506955 0.222474635
    -0.573474646 0.389909744 0.547034085 0.932861984 1.16052914
    -0.212206423 -0.0236409307 0.100978732 0.0726950765 -0.551223874
    -0.256560057 1.2564497 0.508230209 0.10891068 0.795337141
    0.943690181 0.790557146 1.32302737 -0.546921134 0.215521753
    1.49380159 1.13361192 0.556371391 -0.346214443 -0.312163413
    1.23052287 0.789789498 0.174202621 -0.0583559871 0.424262106
    -0.507480025 1.1931951 0.635633409 1.57117152 0.355743527
    -0.281556278 1.3020786 0.455091357 0.65791285 1.080814 0.487541735
    0.989150226 0.55905664 -0.46820879 1.25381374 0.182169616 0.63272655
    0.80523479 1.0024544 0.784480512 0.329050124 0.71516794 0.111912072
    0.411231577 1.72262692 0.201327085 -0.373016357 -0.399182916
    1.13019001 -0.283028096 1.06262398 -0.708886147 -0.429716289
    1.5680356 1.64227414 0.384484291 1.27862239 -0.331960171 1.47460651
    0.986722648 -0.0225273371 1.6184299 1.63559794 -0.380701393
    1.40160024 0.556566775 0.753495991 -0.445977092 -0.507463694
    0.0936567783 0.497849107 -0.169184595 -0.323518932 0.876209378
    -0.490058541 0.462082624 -0.586878181 0.261465907 0.451512277
    1.17804718 1.47806835 0.346690893 -0.131515324 0.264959991
    1.31840897 1.45073032 -0.240236521 0.169280052 -0.0799410939
    0.945988715 1.42110658 -0.367094815 1.12954044 0.285654783
    -0.680567503 1.29292703 0.0616354942 0.351391375 -0.492634386
    -0.266086698 -0.550623059 -0.475377858 0.33115834 0.492626309
    0.587832808 1.0914371 -0.161529005 -0.0594549179 1.48497462
    -0.0529428124 -0.263845712 1.13311577 -0.259941578 1.03363955
    0.71415621 1.37261105 0.60279876 1.46043074 0.775157154 1.56624746
    -0.549672067 1.37960839 0.193233192 -0.671201766 0.910809517
    0.68868655 1.33403158 -0.0891619325 1.58219647 0.250480354
    1.07540417 -0.0501044989 0.63564384 0.634181798 1.28193021
    0.0199554563 1.14640427 1.34977746 0.397105873 1.55311728 1.47576392
    1.07009816 -0.448688567 1.20152128 1.3955282 1.43916786 -0.310512811
    0.335257947 0.117333472 0.274497211 1.61788511 0.498873055
    1.17596674 0.426924527 -0.132531226 0.60081172 -0.714521766
    1.49484062 0.263956428 1.55181062 -0.190271139 0.469257534
    0.0923448801 0.273754954 1.3124125 1.53306067 1.29524505 -0.03014642
    0.814279079 -0.324199051 -0.21114856 0.169302106 0.0386633277
    0.945915043 -0.164158344 0.804223299 0.434174478 0.401577055
    1.26433122 -0.143623829 1.58224177 1.51644528 0.0331950188
    -0.013358593 0.346325159 -0.0808073282 -0.589962304 0.968348682
    1.01409864 0.969370902 0.95344615 -0.595728815 1.48797905 1.60048985
    1.0915767 1.05241442 0.347715497 -0.018312335 1.52356124 1.05911303
    0.340216935 0.238429785 1.20053279 -0.612571478 0.477134466
    1.09076238 0.910784543 1.10478282 0.90203464 0.793244541 0.479274333
    1.22607255 -0.230210423 1.60110211 1.44330025 0.649079919
    0.318775117 0.698660135 1.20157266 1.49492669 -0.113813877
    1.08120668 0.173725426 -0.142814219 0.715929091 -0.680246174
    0.968900859 0.664757073 -0.434948593 -0.316207051 0.418334186
    0.431882203 0.566851735 0.933625758 0.826656878 -0.163257182
    0.259683847 0.758339226 -0.401017398 0.448898017 0.455521584
    -0.650252461 0.200889349 0.453458726 -0.177073777 1.25796437
    -0.331323713 0.649365127 0.120501637 -0.102941632 0.465723574
    0.986296237 -0.501112878 -0.123295188 1.38898182 1.01176596
    1.66570783 -0.628679693 -0.616222501 0.753022611 0.151102901
    0.290849149 -0.496785969 1.43936753 0.945806086 -0.110164642
    1.43620729 1.69935906 0.349415898 -0.137494564 -0.242580831
    1.15813935 0.709620595 0.464353085 0.165089369 0.153576851
    -0.170357168 1.18799973 -0.13489756 -0.361566395 0.425010443
    0.0835501552 0.871624887 0.472695827 0.833717763 1.01922059
    1.09608197 -0.181192338 0.29331392 -0.124648392 0.89231509
    0.474690139 1.39953232 1.54104149 1.50966585 0.975542426 0.479532778
    -0.555902243 0.26309371 0.09853971 1.16767526 -0.348618269 1.1375525
    1.47016573 0.783367813 1.10913754 1.59305882 0.530052125
    -0.553004742 0.864300072 -0.64885968 -0.127772272 -0.189982176
    1.24620032 -0.198695898 1.44055271 1.4210155 -0.117756903
    0.824954629 0.350435615 -0.0835695267 0.648269594 1.43778229
    -0.495017707 0.326508045 -0.103866369 -0.417313308 0.0245741606
    1.42527962 1.41878498 1.3160584 0.883585453 -0.301479876
    -0.617863834 -0.0846518874 -0.272104442 -0.369668722 1.47921371
    -0.0439955592 0.0254906416 1.02109361 0.69573766 0.997020125
    0.737806559 -0.618527889 1.13384378 -0.295431614 -0.0901606679
    -0.471195817 1.46372032 0.795528889 1.46644616 0.162005246
    1.45762229 -0.297900587 1.29088974 -0.215826958 0.308985531
    0.607060373 -0.54445225 -0.0643751621 1.39872313 -0.0958154202
    0.453551233 -0.507844448 -0.223230302 1.11138225 0.133154392
    0.27010262 -0.432642043 1.13417435 0.304365933 -0.0438257456
    0.714280903 0.382625163 0.996154189 1.32748199 1.05688703 1.49230659
    0.00627917051 -0.158982992 1.54028296 -0.284161299 0.294969678
    1.00939012 -0.0709291697 -0.558884859 -0.547688544 1.5562166
    1.43129778 0.77946496 0.310471594 0.11592263 -0.486282706
    0.725013137 0.739497483 -0.474816799 0.479131818 -0.284112036
    -0.549699783 0.195431054 0.204217911 1.07974362 0.943244159
    1.08183694 -0.0893045068 0.556779027 -0.331783503 0.153984785
    0.976553798 -0.443661928 0.150100827 0.506601036 0.568551421
    1.21634126 0.840392947 1.64588284 -0.394266725 0.525063515
    -0.582830012 1.28952765 0.694805861 0.600797176 1.08416271
    1.02301669 -0.468481094 1.096668 0.666629553 0.928036153 -0.02037251
    0.278093159 1.16975915 0.348069012 1.47181773 1.03376555
    0.0875555873 -0.170451105 -0.236159027 -0.339279741 1.23621905
    1.64701891 -0.434552908 0.656974494 0.270991504 0.0946486592
    1.30230987 1.46446061 1.2103889 -0.085682869 0.784300685 0.163339496
    0.200486124 -0.0869594812 0.699945748 0.276821136 1.10407019
    0.98797363 1.39842057 0.443045855 0.65132755 -0.376116067 1.3180325
    0.727784574 -0.100620985 1.4515574 -0.131116331 0.272984385
    0.971276402 0.0368852615 1.01701593 -0.0710512996 -0.0447794795
    0.375617146 1.01250935 -0.463072658 1.27680361 -0.448921323
    1.56819832 0.460386157 1.00923371 0.649712443 0.493724585 1.61876476
    -0.281056762 0.689186811 0.0214011073 -0.0125132799 -0.0439887047
    -0.260062218 -0.141685545 1.48864615 1.23065329 0.325439692
    0.711263955 0.840526283 1.39361644 1.50009239 0.190067172
    0.835695148 -0.388047725 0.773678243 1.1846019 1.44119322
    0.176575482 0.318108022 1.27835584 -0.531249762 0.814424992
    0.643560886 0.937206805 1.43665242 0.431373596 0.819016039
    -0.104079306 0.305993974 -0.268400103 1.19307983 1.50908446
    0.234496772 1.44202685 -0.251281977 0.605582178 1.14894462
    -0.59544611 1.00184035 0.369597912 0.818654776 0.350524187
    0.609821081 0.369614661 -0.400511235 0.364810705 0.27747637
    0.339385152 0.768230915 0.617628157 -0.5944736 0.801494598
    0.564770103 0.769272149 1.08753562 1.3181535 0.221339405
    -0.522217035 1.36789036 -0.301707774 1.54148602 0.45286715
    0.0261695981 0.557946503 0.794650257 -0.0517895818 -0.397454798
    1.45832455 1.46486259 0.232545435 1.59571719 0.705578864
    -0.262453973 0.0601351261 1.60401726 1.45395398 1.55869985
    0.256831706 1.44411469 -0.41323337 -0.155961901 0.293599129
    1.43649864 0.855232835 0.0250294805 -0.576149106 1.50786066
    -0.448427916 -0.253039837 -0.0953294039 -0.102474153 1.36900413
    0.774158478 -0.311667979 0.97566098 1.41355276 0.364544451
    0.25504142 0.690124869 0.536220849 -0.143725276 0.230448782
    0.91441828 1.50122154 0.544231772 0.86108166 0.993545711 0.500291288
    -0.600315154 0.28022182 -0.11066252 -0.223305255 1.14962029
    -0.277244896 0.332363188 0.307917118 1.12959051 1.47436321
    1.21395552 0.368345618 1.47901797 0.0800269246 1.42159045 1.21227646
    1.27229428 -0.394146174 -0.447534204 1.67245197 1.09997296
    -0.217864186 -0.382564068 1.21961498 0.0428122878 1.59021735
    1.62326062 1.55698323 -0.241207868 0.624817014 0.371799827
    1.27685571 -0.454663306 -0.320851684 1.55586934 0.663891613
    1.47638738 1.11282468 0.0248659253 1.62639415 0.66758281 0.422160983
    1.29226899 0.472308576 1.66196239 0.739445508 -0.408718705
    0.901447952 0.0476643443 1.53789937 -0.379695296 -0.176924586
    -0.678836405 1.36377931 -0.521115899 0.135683596 0.507601857
    1.40117764 -0.445785195 0.0945853591 -0.514292777 -0.38032037
    -0.571548522 0.479372025 0.175988793 0.9367854 1.50187397 1.29574323
    -0.303723603 -0.274603605 0.429915428 0.910202801 1.00327158
    0.548572779 0.351591051 1.65079296 0.444632351 0.256566167
    0.302131772 -0.109089971 0.0234734416 1.34530139 -0.155870378
    1.47639918 1.13380444 1.28463399 1.32964706 -0.584140301
    -0.00510126352 0.537778556 1.0035497 1.19404459 0.589561105
    -0.374048024 0.0064432025 0.678299785 1.6463089 1.35075974
    0.13047713 -0.46890834 -0.42344296 0.796463847 1.33188987
    0.489277005 1.12368488 0.739746332 1.55124712 1.56036294 0.310623884
    0.838450134 0.109915733 0.0177064538 -0.234475642 -0.437446952
    0.349578977 1.38177383 0.451324046 0.478451967 -0.322296262
    0.972032547 -0.599980354 0.723739862 0.217733085 1.29178739
    0.918800235 0.962006927 -0.212452829 -0.46326679 0.644854844
    1.24642646 -0.704200447 0.550247192 0.400465429 0.373393953
    1.18732214 1.5942688 -0.307608992 0.124019504 -0.130673409
    -0.0476980209 -0.223885328 0.130720615 -0.324293345 1.2245872
    1.63641965 -0.306667805 0.95795095 0.763515532 0.859147191
    0.31112504 0.743015468 1.53718328 -0.252854705 -0.446980715
    1.30692446 0.831612349 -0.0702140331 1.26928294 0.423674643
    1.34494424 1.34799147 1.22480738 -0.18448931 1.07324755 1.0450654
    0.347612262 0.934522629 1.26406574 1.17226386 1.58914518 0.715769887
    1.24552703 1.33558464 -0.257279545 0.335772395 0.593750298
    0.677069783 0.343609333 -0.391386896 -0.654996932 1.46836686
    1.20561337 -0.288239539 0.212475002 -0.635036707 1.47708678
    0.852913916 0.0868554115 0.772135615 1.25460482 0.683443785
    1.43432999 0.649611533 0.165477276 0.692233086 0.308523536
    1.76302075 0.5662269 -0.638628185 -0.00821387768 0.212236464
    0.546408117 1.61394322 0.841989756 0.0765196681 1.33789396
    1.26422095 1.04315352 0.69115454 1.12303936 -0.527147412
    -0.423944086 -0.5238778 -0.672961414 0.521874666 0.935572028
    -0.538647473 -0.490834415 0.0463149548 0.0548727512 0.881873965
    1.21672273 0.840638638 0.332720816 1.61643517 -0.25004825
    0.168231189 1.45747614 1.05101681 1.30823743 0.223068953 1.0295651
    -0.611640573 1.43278575 0.387988985 0.565545321 -0.107277036
    0.789459825 -0.511418641 -0.313714504 1.14100194 -0.50541389
    0.388499796 0.782752633 1.34259319 -0.410763681 1.52588081
    1.46945262 1.03910613 0.860684693 0.540043533 0.215168893
    0.785477638 -0.573985696 1.33755124 1.18701839 -0.673915386
    0.144519389 1.13990676 1.45390129 1.10430562 -0.252131909
    0.509825408 1.62619519 0.483995199 0.737599611 1.05730224 1.17250884
    0.524307966 -0.684496164 0.433191061 -0.00719058514 -0.62008357
    -0.268113196 1.65019763 0.275888264 -0.412039667 0.859481931
    0.589712262 0.117262602 0.217166185 0.825774789 -0.164774895
    -0.0723785162 -0.405988634 0.280859888 1.06007898 1.5324955
    -0.0680813789 1.46961403 0.817411542 0.621892929 1.02896166
    -0.668557644 0.0872747898 0.147453129 0.286698639 -0.300910175
    -0.604283869 0.93989259 1.49558568 -0.0205863714 1.62324917
    0.55648607 0.798531592 -0.606589854 0.947909534 -0.193609655
    1.39269829 1.37073898 0.543763161 0.0297538042 0.539132297
    1.46066236 0.556628823 -0.530956447 0.424466312 0.86278975
    -0.268812269 1.65079856 1.70768809 -0.171745539 -0.456126332
    1.52314448 1.4707309 0.161967635 1.40397286 -0.599400043 0.783546209
    -0.0724530816 0.911552191 1.6525476 -0.0969036222 0.155081809
    0.475375712 0.838131845 0.388934791 -0.271800339 1.36801207
    0.761645734 0.597239256 0.711131215 0.673125505 0.0642414689
    1.04147434 -0.563342988 1.61220503 -0.308296204 1.34166372
    0.263036847 1.37831569 1.34544003 -0.154342711 0.209436417
    0.19225657 1.03640389 -0.339986056 1.20030713 0.447931826 1.11613607
    0.389653146 0.923199952 -0.143770039 0.565154791 0.581120789
    0.863695443 0.0432932377 -0.221480161 -0.572834134 0.499600291
    0.638267636 -0.418873191 1.32315588 1.42908275 1.5571804
    -0.522740424 0.741745889 1.21523547 -0.604849339 1.19847107
    -0.33613202 0.556824148 1.32679534 -0.15338695 -0.279757798
    1.02834535 -0.142197907 0.305324376 1.00116849 1.30859804
    0.914719284 -0.55205965 0.28044945 0.243667841 -0.493326306
    0.56647718 -0.0601450205 0.105957508 0.292541444 0.701362789
    0.564517736 0.971444786 0.862950504 0.682168007 -0.504163384
    -0.551638901 -0.188189387 1.6868968 1.48166883 0.664127588
    -0.233234286 0.420677841 -0.749094784 0.273278117 1.07843363
    0.741974473 -0.687339544 0.375276804 0.593012154 0.419726968
    1.28661025 0.892700315 -0.569272339 1.37859035 1.40209126
    0.681719005 -0.587127686 1.13538647 0.459038675 -0.332172126
    1.28117931 1.1169107 1.13249135 0.191527903 1.58288646 -0.220780104
    1.08650994 1.3012383 0.146776378 0.451357901 0.423347414 1.36713123
    0.290686011 0.85229063 -0.124444246 0.70853138 0.747642756
    -0.633271098 -0.442555249 1.16842461 -0.591567874 -0.115769058
    -0.433005512 0.986322224 1.47761774 0.375595808 -0.135942698
    1.34469187 1.4744699 -0.736278892 0.348412514 -0.0415403247
    1.27467513 1.44631505 1.21205306 0.272030115 1.57769954 1.39152694
    -0.161983907 0.448765695 -0.632271409 0.00451785326 0.21438688
    -0.473741293 0.966064453 1.62121272 1.48697019 0.710554779
    0.235859156 -0.668405235 -0.314602196 -0.152535498 1.30369568
    1.2478056 -0.566760182 0.458078325 -0.556551039 -0.0300469398
    0.897720575 0.674597502 -0.46151644 0.0937420726 -0.000971615314
    1.21644354 0.782924592 -0.508262455 0.298413157 1.47666526
    0.17121315 0.467144728 1.15984797 0.749063194 1.54792428
    0.0961617231 1.25318778 0.0716024637 1.11175156 1.57938039
    1.40202689 1.17933154 0.827308416 1.16868639 1.38941479 0.811900079
    1.16526842 1.06335974 1.37041402 0.625209391 0.229795814
    -0.689673841 -0.602418959 -0.253888875 0.603643417 0.204754353
    0.633513331 1.03772557 0.858436167 -0.322911561 1.05236518
    0.670677304 0.832392454 0.838611901 -0.252710253 0.631852984
    -0.0670892 -0.0802697539 0.727664292 -0.402794272 0.562096
    0.00396180153 0.574851513 -0.256754041 0.0100340247 1.12266278
    -0.171737969 0.269606292 -0.324443787 0.498866558 1.51412594
    1.11634994 0.443101287 1.02347279 -0.367453545 0.462101638
    -0.509367764 1.57006335 0.00968575478 1.33139181 -0.417483747
    1.33957863 1.52073801 1.54893255 1.6625278 0.17105639 1.05544448
    -0.580047667 1.69988227 -0.551986516 -0.0214240551 0.786113799
    0.123898566 -0.375611573 0.661019742 0.276587427 -0.127512991
    0.60852021 -0.468646884 -0.341382682 1.40017295 0.136200249
    1.16675186 0.171524405 -0.126872391 1.15704787 -0.397680223
    -0.527898073 0.661005259 -0.602350175 -0.312335253 -0.0919739604
    1.27989125 0.23056221 -0.598175824 -0.44973129 -0.150299251
    -0.10292089 1.05843019 1.57163155 1.57999706 -0.554121852
    0.587638021 0.463685274 -0.202795237 -0.386105865 1.44794452
    0.333172977 0.89459765 1.50693667 -0.187113285 -0.536281049
    1.3090055 -0.539121866 0.955065191 0.382547319 1.01098108
    0.632964075 0.792843938 0.356512487 -0.528708696 0.466541231
    0.211441159 0.745411277 0.323436737 -0.382371455 -0.112149388
    0.926314235 0.599877238 0.535216033 -0.0813782215 1.50214911
    -0.144356191 -0.336280823 0.56891191 1.4850843 -0.431777596
    -0.678932071 0.145391583 0.241764367 0.804669976 1.68419671
    0.200661778 0.561835408 1.48008621 -0.0993032455 0.21209985
    0.586603701 1.1006515 1.44427931 1.4874177 0.399291635 1.10741019
    -0.23198694 -0.349442989 0.302724719 1.34595323 1.6282928
    -0.248890102 1.53928566 0.437195957 1.5241096 -0.203074545
    0.0159308314 1.04673076 0.4551121 1.20096374 -0.154423714
    0.403446078 1.32563353 0.648075819 -0.142988682 1.21611965
    1.53060484 0.206814349 0.552754998 0.933558583 0.965174437
    0.0922481418 0.319455385 0.749001443 -0.42852518 0.227985382
    0.177664459 -0.538905025 0.112129748 -0.539458513 1.08473778
    -0.375114918 0.896155059 1.62700486 -0.546918988 -0.653796554
    -0.614032447 -0.146167994 0.606738091 1.50256741 0.260584712
    0.82814312 -0.633547008 0.373636425 0.1193133 1.54030597
    -0.671968877 0.95977062 1.41095054 1.32751417 1.46253777 0.209463894
    -0.559388399 1.66812027 1.28176022 0.272211134 -0.321767837
    0.289939165 1.2889843 0.327896774 -0.731413186 1.09615302
    -0.559115708 0.787775159 -0.211564392 0.301749885 0.342086613
    1.2810185 1.23854589 1.22321463 1.45340705 1.12961924 1.49818158
    -0.162276089 1.19632483 1.20627213 1.61014366 1.3755511
    -0.00168401003 1.36542439 -0.312012434 0.0662102103 -0.0062866807
    -0.599326074 1.29632723 1.53266811 0.560456574 -0.232609093
    0.315440178 0.893103898 0.379416883 -0.381900012 1.09868646
    1.32787168 -0.495152295 0.457918525 0.675228059 1.56329155
    0.078789413 0.621548295 -0.287292451 -0.541691124 1.01600575
    0.35701251 1.26026392 0.519353569 0.902523518 -0.15670526
    0.0429932475 0.25494045 -0.365490854 1.31585956 1.4119277
    -0.360612422 -0.363687396 1.24741983 1.60521793 -0.437660456
    -0.213371128 0.0611730814 1.16767406 -0.21164915 0.431926847
    0.333634257 0.571084261 -0.512478471 -0.0803926587 -0.239964098
    0.843952835 0.32858789 -0.187353104 0.758512557 1.18906939
    -0.433140576 0.55572468 0.256170154 -0.411957085 1.75319314
    1.10608745 1.13512969 1.39693213 1.03691268 -0.439538479 1.38304031
    1.44671023 1.58883536 0.603229821 -0.187606096 0.824372828
    1.66961157 -0.134841502 -0.464558601 0.0839262605 0.25594455
    0.159749866 0.300242484 1.03279829 0.0714774728 -0.549796641
    -0.567465782 0.628923178 1.71494746 0.0288043022 0.835167289
    -0.135949492 0.521528304 -0.324134499 0.782415628 0.543916821
    1.30826974 0.333990097 1.5031786 1.33107901 0.625298619 -0.390730858
    -0.24353233 -0.291469008 0.280571103 1.10048723 1.49972796
    -0.688409984 0.00816613436 -0.206475675 0.0579349995 -0.589085102
    0.630770564 1.01115298 1.11586785 -0.583514333 1.27122617
    -0.542529285 -0.27197668 1.34399557 0.918004453 1.68189526 0.325369
    -0.243039727 -0.43016395 -0.101175964 -0.656301677 1.0777359
    0.781460285 -0.580181122 0.160515666 -0.115900695 0.554085791
    0.0861293674 1.45752859 -0.381291956 0.0633293986 1.50270486
    0.716021299 1.60662222 -0.0853567123 1.21497977 0.789935529
    0.620179117 0.266779721 0.238291562 1.50003815 -0.00752186775
    0.171995997 -0.501734495 0.123903155 1.23688889 0.853990316
    0.973133683 1.7847594 -0.209084272 -0.496937841 -0.483297288
    0.504127443 0.340806782 1.62177539 -0.372264415 1.00928307
    0.987591863 0.21814692 0.0551908612 0.951275468 0.221470237
    1.09988618 0.637139738 0.930671275 1.30866957 0.158533275
    -0.0619386435 0.636597514 -0.216041952 0.265929639 -0.388637304
    0.674464405 0.211601138 1.37885189 0.987575173 -0.203702778
    1.15497983 -0.238357037 1.01671958 -0.199452609 0.759560406
    0.497002721 0.119232595 1.39600646 1.34413433 0.28581363 1.32985687
    1.02355099 0.107115805 -0.240125328 0.461479783 0.939477205
    0.876676857 0.615948737 -0.279563427 0.6343413 1.40777171 1.01404214
    0.459871411 -0.329869598 1.06978774 -0.297439218 0.938909948
    -0.309262037 0.189834774 0.671177804 0.766432524 0.314718008
    0.258444607 -0.0519712567 0.262464285 0.0184287429 1.58129907
    0.0992298722 0.388697565 1.12113786 1.49556899 0.321407616
    0.435142159 1.17411542 1.4525075 1.22155571 0.767546833 0.589497209
    1.13149238 0.726696193 -0.220732391 0.469306529 0.429165483
    0.477318347 -0.399124235 0.980437458 0.692835033 0.897452116
    0.65573734 0.660518169 0.948936582 0.258250058 -0.499971837
    -0.448021293 0.768839836 -0.397691041 1.32147551 -0.283082038
    0.580112875 -0.501351416 1.42964482 0.0576769114 0.284527063
    1.15708303 0.334836304 0.296809554 0.32425952 -0.61570555
    0.909367025 0.976939261 -0.588485003 0.540986419 0.279406965
    0.683577538 0.367150545 0.41086334 0.708484888 1.04678726
    -0.330170989 -0.501104832 0.528696597 -0.0579314232 1.37629223
    0.168639898 -0.396478444 1.3178637 1.54780889 0.805446565
    -0.165344357 1.19771159 -0.282726824 0.24037683 -0.583513558
    -0.480769545 0.483206987 -0.206863105 1.54919553 -0.680651069
    0.479139805 -0.493059218 0.297464013 0.618256509 -0.558477461
    0.110244691 0.474277616 0.991867065 -0.509067714 1.42747641
    -0.667215347 1.60892069 0.594425201 1.03648257 0.240857422
    1.49508452 1.40101552 -0.554735959 -0.622965515 -0.305186093
    1.26508451 1.50826406 0.956484437 1.36303973 0.334536254 -0.42824772
    0.463347495 -0.305464506 0.0162466764 0.861985981 -0.0254762173
    0.183873296 -0.292225778 0.958044052 0.574861646 0.0807992816
    1.05070388 -0.0550507903 0.197501779 0.587523699 0.0217587352
    -0.398088038 -0.569775283 1.24175644 -0.402193964 1.0889833
    0.92503953 -0.0965232253 0.544347346 0.640547872 1.66670132
    -0.0515888333 1.07079291 -0.606233776 0.132464051 0.593597233
    -0.491610587 1.38384271 0.945119083 0.81360364 0.283584177 1.6294775
    0.537292659 -0.432806849 0.857275188 0.50867939 -0.229590625
    -0.10304606 0.388249278 1.55901289 0.816692889 0.210258424
    -0.616117597 0.643959343 1.648417 0.966630399 -0.42270565
    0.825469255 1.10583258 -0.0542478561 0.983167529 1.27463865
    1.09166396 1.69602013 0.40218693 1.59408748 -0.611073256 0.748837411
    1.48616946 0.0686821938 -0.169431508 0.855090857 0.284169078
    0.181447744 -0.210751593 0.8954252 0.385561228 1.30910826 1.48266149
    0.609755814 -0.46636796 1.28424454 0.798270881 0.878339529
    0.995746315 -0.140153766 0.089430213 0.337669611 -0.0241499543
    0.421783745 0.800963819 -0.142631829 0.0639147162 0.941591501
    1.75672102 -0.436887473 1.34927678 0.414508462 0.901946902
    1.02379417 -0.411453068 -0.342742085 0.618398488 1.42164063
    1.44348335 -0.00351935625 1.48639536 0.614504516 0.926355124
    1.4451915 -0.279165357 1.62122679 -0.49903214 1.11715126 0.873755336
    -0.327915281 1.07878089 0.608369946 -0.554530621 -0.454957604
    0.366449773 0.655711174 1.16575682 -0.421573907 0.141599536
    1.66963172 -0.603248119 0.371336341 -0.29943037 0.0728995204
    -0.327849329 -0.0627655387 0.464531481 -0.557394683 -0.320963472
    -0.158954024 1.00302052 1.0728786 0.193995476 0.850701511
    0.00924378633 0.254127681 1.26030064 1.30087662 0.0861726403
    0.909947217 1.25881064 1.32263911 0.233044744 -0.309409231
    0.195325077 0.152254283 1.35676765 1.35115862 0.223441601 1.35436392
    0.169672668 0.290031254 1.38362575 -0.399854958 1.32257247
    0.0613157749 -0.251978815 1.46148419 0.328080356 1.26531982
    0.00191122293 1.56741619 1.52741599 1.0234077 -0.580058694
    1.50487053 1.4812901 0.385062397 0.2964077 -0.435504019 0.738275826
    -0.570561647 0.0492550135 1.38386607 0.750505626 1.05391371
    1.36106157 -0.144549608 0.263472438 0.426152706 1.29147601
    -0.576333046 1.68284941 -0.107422292 1.04561925 1.52081919
    0.199815094 -0.222024381 0.772258997 0.627606094 -0.188956052
    0.209511042 1.37887383 0.378647327 0.319100142 0.583153427
    -0.179161012 1.20929027 1.30811334 -0.179038256 -0.55953306
    -0.483701408 0.847705722 0.18234849 1.50098586 0.269535422
    1.59480381 1.57270217 1.14170051 -0.479693174 0.730263174 1.36588645
    1.80492818 1.51954806 -0.545633078 0.315418959 1.37564874
    0.635316789 0.659086049 -0.515340626 -0.141445309 0.541679621
    -0.512266994 1.50240517 -0.0887537599 0.450000644 -0.532376707
    1.17912316 0.825467885 0.34166044 1.43628371 -0.447205186
    0.440940201 0.820859611 0.151917398 1.22743201 0.983742356
    -0.463138014 1.41199303 1.3060199 0.186805785 0.361392796 1.70369864
    -0.426001161 0.183018923 1.25032663 1.48310733 0.75726217
    0.248981476 0.3597368 0.951952219 1.03750491 -0.503516912
    0.522551358 1.27617621 0.762077808 0.00719022751 0.499861538
    -0.634378791 0.345345438 0.397200525 0.104782701 -0.457942247
    0.534076929 1.56894755 -0.304204345 -0.131936073 1.53272557
    1.56924701 -0.550091565 -0.332406372 1.18295181 1.1049571
    0.471513212 -0.538285553 1.56721282 -0.616455495 -0.487365961
    0.281096935 0.596063972 -0.483868957 -0.583980381 -0.0445463657
    0.794489086 1.15955639 -0.644328237 1.4073751 0.474969566
    -0.393248975 -0.288418233 0.400853753 -0.278522402 -0.46567899
    1.1529367 1.63890028 1.29136145 0.71593076 0.753756404 0.241028786
    1.65578473 1.22371757 1.40847659 1.4290278 -0.49467656 0.706946969
    0.595807314 0.834763348 -0.580168307 -0.0819200873 1.31817937
    0.228325546 0.638489485 0.368664563 -0.560000241 1.63179398
    -0.258669704 -0.243560761 -0.351811469 -0.214765221 1.28985977
    1.58860838 0.836237311 1.01693821 1.04910469 1.30224597 1.36658251
    -0.227143615 -0.197058886 -0.565603018 -0.171023816 1.58036017
    0.0139325261 0.649179816 0.422388613 0.70871973 0.759338319
    -0.396604419 0.630035222 -0.516751766 0.740199387 1.46613503
    -0.463899612 1.61595452 0.620740414 -0.0398461223 0.217717886
    -0.0164001584 0.418203473 -0.178062171 1.32941318 0.0957846642
    -0.221792758 -0.177798867 -0.354386091 -0.250435531 1.45256782
    1.04972208 -0.611514688 -0.623529434 -0.164714098 -0.119556248
    -0.253820717 0.67139715 1.02313805 1.58245349 -0.0482185483
    0.563710272 0.92462796 0.0784450173 1.05022657 0.21994102
    0.487869024 0.0275182724 -0.256979465 1.42249072 1.27760208
    -0.0757859945 -0.30940783 1.39116395 0.352003455 1.5044328
    0.296207488 -0.514120579 -0.203428924 0.950845599 1.60536909
    -0.17027995 1.05798745 -0.225423813 0.561333358 0.979965746
    1.11099863 0.821448803 0.94037056 -0.582318664 0.378860533
    1.23577654 -0.162664533 1.52283251 0.440661848 -0.28933993
    0.342728734 0.20051825 -0.0151919723 -0.237779588 -0.404857159
    0.68138963 1.64808202 0.549621165 1.62702894 0.564398527 1.12934399
    0.601093173 0.6185444 0.899348855 -0.1331743 0.0548408628 1.0201757
    -0.357369304 0.164929867 -0.53506732 1.57727075 0.727536261
    0.447731078 0.42204392 1.46614885 -0.136821747 1.24635112
    0.00997012854 0.754867733 1.21473598 0.366259038 0.514182091
    -0.0878091455 1.69741523 0.848319471 1.22734141 0.398472548
    0.823577285 1.00866151 0.907455742 0.648459375 -0.336694896
    0.260006011 -0.474871576 0.0795701146 0.635026395 -0.646230459
    0.653017879 0.622066975 -0.430793613 1.5016017 0.0318569541
    0.464956582 -0.645833611 1.07138491 1.01985359 -0.644891083
    -0.57309556 0.798008978 0.399561286 1.44304848 -0.628225625
    -0.0129485726 1.38177574 -0.516055226 0.292048812 1.5465529
    -0.326711565 -0.419812351 1.30782211 0.535016418 0.145617306
    1.06895638 0.804737091 0.287070155 1.649804 0.525201499 0.14150095
    0.128073215 1.57731271 1.01877165 0.617039144 1.15671301 0.825550616
    1.23674488 1.55452371 0.275361538 0.456341684 0.118024886 1.40460455
    0.935044467 1.26834893 -0.0159502029 1.62449789 -0.167302102
    -0.226914078 -0.0768043399 0.0664193034 0.523601711 0.188438952
    1.01431215 0.707382381 1.19722033 1.1013025 -0.526232123 0.306703806
    1.03482652 0.0548305511 0.740270019 0.856472254 0.59976995
    -0.650511861 1.45878792 -0.288721412 0.714260638 0.840366125
    1.52290857 -0.251849413 -0.381321251 -0.324907362 -0.236200571
    1.61884785 0.365672648 -0.474122018 0.170588732 0.592058301
    -0.475093842 0.482847214 1.72521663 1.14418316 1.47243166 0.16693002
    1.39110732 1.41094708 0.342998683 0.503207445 -0.123895705
    0.719106793 0.203723371 -0.345360577 0.45918268 -0.061563611
    1.24806786 1.14450145 -0.499250472 -0.340518326 1.17268884
    -0.00781577826 0.51143533 1.41001582 0.132908523 -0.599986017
    1.69178247 0.0852917433 0.655687392 0.260180712 0.329578876
    0.752831399 0.72846961 1.17158914 -0.549363852 0.456034064
    0.963128507 0.0951870084 0.943762422 -0.136628151 0.913351893
    -0.462256253 0.708598614 1.37604618 -0.598413229 -0.0282142758
    0.769022882 0.155931771 1.00360584 -0.143656731 0.940594733
    0.757108033 -0.609261394 0.775755167 0.600270808 1.24959683
    0.291765749 1.08507514 0.435114443 0.859934688 0.536256611
    1.38019061 0.687203407 -0.485727251 -0.429238439 0.500546932
    0.710368097 -0.140331209 1.48791623 -0.535814762 0.0456871986
    -0.520078659 0.257844746 0.373865008 0.55376935 0.738491476
    0.278886318 -0.140527785 -0.0742868185 0.258441746 0.385335386
    1.26989651 -0.523605168 -0.106891274 -0.0109075904 0.417536199
    1.27913249 1.64620364 0.0476849675 0.289991677 -0.606864452
    -0.62243104 -0.166581631 0.263065398 -0.11951071 0.802325428
    1.67573738 -0.265000373 -0.345492959 -0.0653131306 0.52415967
    1.43336701 1.38086295 1.55523026 0.329877615 1.45631027 0.060732305
    -0.227884263 1.70300126 -0.364933372 -0.242596477 1.55252385
    0.506356537 -0.251965135 1.60323405 0.0543093085 -0.553541899
    -0.53208828 -0.0211457014 1.02692604 0.556927681 1.29806757
    -0.176997066 -0.656441212 1.3646152 0.718605757 -0.465909779
    0.220993817 0.643036723 0.803739429 -0.00812256336 0.588908851
    0.760336101 -0.44024682 0.496649265 0.871050239 1.1149044 1.06050634
    -0.433857322 -0.672143579 -0.440978527 0.0571163893 -0.479659438
    -0.0882685184 -0.0393752456 -0.22782129 0.719487131 1.14369154
    -0.100327671 -0.739812672 0.788715363 -0.369369 1.09421074
    -0.0627291799 1.19942904 -0.561404705 1.3885951 -0.505023599
    -0.0849622488 1.53308415 -0.132395208 -0.454697073 0.0713127851
    -0.178940862 0.669563115 -0.304792076 -0.243592769 0.499912798
    -0.330369771 0.81917733 0.0499748588 0.672488928 -0.310487926
    1.66375875 1.52063537 -0.439664483 0.756755054 0.910841882
    0.54267633 0.358416557 0.351378739 0.984858572 1.23674822 0.11297816
    0.431494057 1.64258122 1.60629141 1.14686239 -0.463568032 1.31586897
    -0.157791376 0.88302803 1.19107962 -0.422487736 -0.579773664
    1.29396391 1.55921674 -0.361245036 -0.205453098 -0.570203185
    -0.171735436 0.527463853 0.293316782 0.792911112 -0.176656127
    1.04237282 -0.444542646 0.430759132 1.21139467 1.25771844 1.43874109
    0.999257088 0.783904374 0.959192574 0.605016649 0.0549063087
    0.641648352 -0.0581341386 -0.253213197 1.11659002 -0.284340739
    0.052767694 -0.440960824 0.724158525 -0.218644679 -0.634531081
    0.115363896 0.612385273 1.37228465 0.0723443627 1.08441544
    0.49933368 1.16915083 1.05174685 -0.617286682 -0.0121618509
    -0.390462309 -0.478868753 0.883202851 -0.463289082 0.979879797
    0.121821821 -0.497021526 1.01987147 0.581911325 1.38301337
    1.50233507 0.811269224 -0.504110396 0.949160933 0.228316903
    1.3233695 1.70765567 -0.205379725 0.38801533 -0.323468924
    0.842276871 -0.498943895 -0.564100087 -0.469388604 0.614290118
    -0.423612893 1.50134683 0.660096049 0.104369819 -0.336095452
    1.44407344 0.0242747664 0.761667848 1.49940443 1.61439216
    -0.558669329 1.62577724 0.239525318 -0.467608213 0.0658354163
    1.74326372 -0.530155301 1.28894889 -0.227375627 1.53381443
    -0.56681931 0.415621102 1.04850721 0.136411965 0.65905565
    0.600963354 1.41499388 1.46924424 -0.336137742 1.44731963
    0.437496901 1.10241175 -0.0385279655 -0.330706149 1.63803029
    -0.105300188 1.22530508 1.00975204 0.083343327 0.928050876
    -0.422850192 0.170780897 0.906576037 0.657482266 1.48969269
    1.15684128 1.01832497 0.160811961 -0.167907834 -0.0543878675
    -0.721278429 -0.426805615 1.4562813 1.5496608 1.14122283
    -0.111997008 -0.189162314 1.39937973 -0.422605276 1.57029438
    0.711444199 -0.271437615 1.61962891 -0.17097497 0.969393969
    0.388294816 0.0100634694 -0.281204939 -0.305520207 0.985302389
    0.97463882 0.803961754 1.71828389 -0.378103167 0.115623951
    -0.23415494 0.841376901 -0.489785492 0.98371464 0.333093524
    0.746261954 0.189351201 0.347852111 1.22770739 1.05593073 1.67594981
    0.777992785 0.161856711 1.14147758 -0.466318548</data></my_img>
<your_img type_id="opencv-matrix">
  <rows>128</rows>
  <cols>256</cols>
  <dt>f</dt>
  <data>
    1.30722606 0.764851749 1.37724769 0.657248318 1.23128557 0.863193035
    0.677351594 1.09020507 1.16031408 1.14968264 1.04551697 1.35971415
    0.661082387 0.738308251 1.55268955 1.38430655 1.24878967 1.00376916
    0.924356043 1.22278416 0.926915228 0.918193638 1.1622895 1.09337568
    0.806765497 1.46950197 0.968813479 1.62873459 0.926100194 1.51756644
    0.690088451 1.54680741 1.09814847 1.44093645 0.857537448 0.702821195
    0.893793583 0.702670455 1.63748527 0.807710648 1.66583681 1.42781234
    1.28281021 1.4087683 0.864890397 1.31354642 1.47366035 1.14316177
    0.839961112 0.957491279 1.2897594 1.43676329 1.32688439 1.1338582
    1.70020628 1.07989764 0.806666434 1.07114017 0.902491987 1.4029851
    1.0221833 1.42183816 1.42433643 0.891987443 1.26194215 1.47161031
    0.661732972 0.949538052 1.50716782 0.676458061 0.772756219
    0.696476758 1.39041996 0.830647171 1.52266228 1.30556929 0.767160952
    0.999355435 0.755778611 1.18111944 1.47793877 0.970654845 1.0967654
    1.33903241 1.59535921 1.08842731 1.39810765 1.08593035 0.901169181
    0.805566907 1.11443102 0.864444077 1.34937036 1.10210478 1.01257408
    1.04560697 1.31798542 1.4050144 0.931391597 0.910968065 1.26287019
    0.659783661 0.980723143 1.35488546 0.824719131 0.947665632
    0.578089058 1.16505075 0.8440364 0.710012674 1.44139338 0.654186368
    0.71289444 1.15837455 1.60335147 1.08160865 1.28975546 0.965021372
    1.04651129 0.847940087 0.844588816 0.771079063 1.34169614 1.29937589
    1.26544893 0.81668967 1.41758394 1.5213865 0.80566597 0.724869907
    0.843070686 1.61135089 0.884038687 1.53310895 1.71193004 1.13297427
    1.15024018 1.38535416 0.933396637 1.48280036 0.740428507 1.1298902
    1.17434967 1.60082293 1.62485158 1.21435773 1.44856775 1.23801577
    1.64781153 1.18217933 1.68971229 1.63015854 0.897001922 1.1352452
    1.1494832 1.03118479 0.863012791 1.4876678 1.14786291 1.33330905
    0.635074258 0.597631335 0.902742743 1.35722876 1.02437687 1.59442246
    1.36989355 1.42002928 0.884670258 1.36827779 0.807106495 1.38390744
    1.47761512 0.875782549 1.15157533 1.44115222 0.696151793 0.973531604
    1.34300375 1.08726728 0.664130628 1.48539674 0.640993476 0.867793143
    0.898213983 0.659510314 1.4295969 0.897809803 0.876487494 1.20097756
    0.768824816 1.729954 1.77664685 1.17451632 1.68220007 1.41472208
    0.72117275 1.17324114 0.933002412 1.54734921 0.608377814 0.682139516
    1.12663102 1.03175747 1.24412942 1.06336689 0.615128517 1.33430755
    0.710448027 1.46018589 0.909871399 1.61122823 1.51456761 1.18588591
    1.24348545 1.30395114 0.99220413 1.19550288 1.00537193 0.752802074
    0.819378734 0.973619103 1.03891802 1.40005291 1.23459053 1.5610646
    0.742898345 1.37086964 0.764755607 0.532289743 0.623392224
    0.582066357 1.14877319 1.02871895 1.04455578 1.03011882 1.05603266
    0.600969017 1.05395734 1.0030452 0.573211253 0.871915877 1.53577268
    1.33830237 0.700520396 1.2016772 1.08702064 1.66696715 0.723847747
    1.42576921 0.808231473 1.09318423 1.13089812 1.51578069 1.1049062
    1.19561017 1.41604221 1.29397428 1.62781465 0.821856499 0.71857655
    0.888326585 0.788102031 0.972197592 0.846926808 1.37575603
    0.830755532 0.923671126 1.44593775 1.58645964 0.708701849
    0.926115692 1.36926425 1.10759711 0.914999723 1.31781697 0.908057213
    1.14478648 1.65666842 1.22184706 0.983591139 1.41247725 1.62858534
    1.47050333 1.26415527 0.739671826 1.41392946 1.19768858 1.33993602
    0.812037587 1.34172928 0.860351503 1.0852071 0.94989115 1.0488348
    1.1295644 1.11997998 0.80052948 1.41415119 0.879618466 1.62640214
    0.99630481 1.20942104 1.27477276 1.56110346 1.14291048 0.67528981
    0.898955464 1.52294588 1.24164677 1.04516459 0.850431383 1.07696891
    0.789122045 0.82376951 1.10908687 1.0680443 0.818627775 1.61518264
    1.65875268 1.10483801 1.08227825 1.57616031 0.866897881 1.28581607
    1.00927544 1.39807904 1.29583585 1.07596016 0.938112557 0.931940913
    0.855163395 0.890672147 1.47315884 1.56386983 1.48549378 1.20341671
    0.724856555 1.48560238 1.48276675 1.59372735 1.53508222 1.16983628
    0.931803882 1.38073838 0.916996419 1.73419762 0.881485105 1.39691961
    1.64325988 1.40223825 0.722922802 1.25055707 0.905789673 1.04782927
    1.2662394 1.46865416 1.01899374 1.20113909 1.17616427 1.08568954
    1.16965973 0.873437345 1.29115129 0.823488355 0.90752542 0.831323802
    1.23994446 1.63180578 1.06654227 0.799586773 1.67943883 1.23992813
    1.42024219 0.720485568 1.53427958 0.691659868 1.53312027 0.892978668
    0.713831365 1.43236876 0.770891488 1.08581269 0.963125825 1.4795531
    0.858116269 1.06569791 0.886389852 1.27546501 1.489151 0.81656003
    1.61120546 0.825514019 1.03318012 1.3680433 1.00413513 0.783463657
    1.32026184 1.06711364 1.26095819 1.5274781 1.10253584 1.5260191
    1.69409907 0.808934689 1.0447042 1.66107965 1.55654669 0.970508099
    1.55221677 1.68703854 0.856337905 1.51420414 1.24342513 1.07391763
    1.28913915 0.928990781 0.617462397 1.28995633 1.07537889 1.41467679
    1.32269776 1.27069604 0.996554613 0.828886151 0.951176584 1.02190161
    1.14315403 0.972326696 1.47232568 1.08125079 1.24668181 0.877481937
    0.945536494 0.820994496 0.722724319 0.723612964 1.49121344
    0.778551757 0.798473179 0.770852923 1.54668677 0.668831766
    0.668844283 0.719370723 0.982980609 1.21908748 1.72362137 1.34730935
    1.12667906 1.60625327 1.13344228 0.88759625 0.729008198 1.16007555
    0.607745707 1.35929716 1.50351334 1.51390469 0.954199553 1.39848852
    1.01821303 1.26901972 1.19318044 0.838575065 0.724149823 1.04321063
    1.4833988 1.41443706 1.27026594 1.30619538 1.67664492 1.5086484
    1.53886056 1.0378052 1.53421676 1.33998477 1.62842131 1.23169458
    1.15774155 1.58390772 1.32746971 0.729716063 1.47318208 1.09584749
    1.02423561 1.42877281 0.992939115 0.626431048 1.38279629 1.22809708
    0.738519132 0.80544436 0.826442599 1.39513791 1.54978025 1.49079323
    0.962102413 1.26847565 1.13955033 0.995843589 1.6343441 1.1275723
    1.58102894 1.69439995 1.00026917 1.25476611 0.730805278 0.889080167
    1.16895044 1.1522969 1.27734601 1.5650599 1.21420968 1.39648688
    0.710342228 1.11878443 1.10559464 1.17842591 0.956558049 1.40561378
    1.38332415 1.11733663 1.30219817 1.5468452 1.05306208 0.691035748
    0.983114839 1.41440618 0.851746917 1.13113904 1.52856433 1.00239003
    1.15253842 1.06539989 1.43849635 1.24264288 1.09737337 1.66646934
    1.19539464 0.900043011 0.822811544 0.93016696 0.943882942 1.59036434
    1.31214464 1.0854845 1.51229525 1.09272826 1.55823696 1.08710432
    1.64940548 1.17537558 0.836993873 1.3959502 1.11649954 0.950206518
    0.913716376 1.33139765 1.3849535 0.807229936 1.20326316 0.784364343
    1.18066633 1.07395458 1.52400148 0.784476221 1.30426562 1.34962833
    1.30329192 0.798710823 1.01733804 1.05981529 1.61969125 0.763514638
    0.825298071 1.07216787 1.4490273 0.849452257 1.29836094 0.77413404
    0.874740601 0.949047804 1.29423249 1.48379636 1.04328954 0.879211843
    0.914105952 1.27479756 1.18448865 1.71243775 1.27229774 1.70226562
    1.510692 0.889352143 1.53157747 1.11205614 1.4283917 1.19746029
    1.63516521 1.54224205 1.66208243 1.55581582 0.866722882 0.8283903
    1.19358075 0.92533803 1.05213726 1.34132695 0.996119916 1.59443748
    1.17594278 1.00193 1.1786499 0.934539258 0.775328815 0.849951804
    1.10167766 1.42252612 0.919426143 0.718185663 0.829108059 1.26225042
    1.15275133 0.725765646 1.33382964 0.76721102 1.3444047 0.750124276
    1.2654599 1.22681749 1.41416276 0.817579627 1.38389719 0.839220405
    1.55004489 1.01486087 0.887215555 1.44931126 1.40671635 0.623375058
    1.34533668 0.765964329 1.56764722 1.03496552 1.53981817 0.798488975
    1.58241153 0.938761353 0.742690384 1.31618738 1.26042831 1.54706728
    0.664962828 1.0711782 0.790382683 1.63838279 0.689786613 1.10780644
    1.22606301 1.38962245 1.46114528 1.7176193 1.34191179 1.72982788
    1.25773883 1.02899706 0.729198456 1.15088153 1.07278967 0.801386178
    1.06664503 1.3239063 1.28569674 0.789485037 1.12642896 1.35781813
    1.20431149 1.07116199 0.761930346 0.974653304 0.756695628 1.27547574
    0.822986186 0.714866459 0.77427572 0.802312851 0.72556591 1.37147415
    0.882487416 0.710250437 1.20018399 1.49318171 0.658491254 1.42775893
    0.725279927 1.61165249 1.27944863 1.6632129 0.866747379 1.65644395
    1.43733776 1.66838479 1.44149089 1.40813243 0.961564422 1.00283909
    1.30117691 1.19311023 1.10857952 1.35706997 0.885197699 1.05953848
    1.13679492 1.02438152 1.08431172 1.47653794 1.46178889 1.05021501
    0.961933911 1.04862702 0.949023128 0.755907476 1.09304643 1.35652614
    1.43250871 1.53957152 1.49018931 1.51447964 1.14893317 1.31780291
    1.64878476 1.06707931 1.6417861 0.795436978 1.52889585 0.990702093
    0.850780189 0.901788294 1.16589797 1.5489465 0.801327884 1.59102952
    0.61713016 0.683658183 1.45904887 1.39354074 1.36213505 0.725650787
    1.01213861 0.679518878 1.37669814 0.667895019 0.842117131
    0.663912177 1.28494442 0.805826426 1.67767239 1.0713557 1.47767746
    1.45124865 1.15677786 0.982854664 0.68286258 1.52236617 1.25783682
    1.16305423 0.932720125 0.815676868 1.28150368 1.70478797 0.821515083
    1.26963174 1.5931859 0.770725071 0.950336099 0.709324837 1.32320631
    1.33409405 0.780528307 1.09582543 0.835577786 0.712037086 0.97777313
    0.779051542 0.833938479 1.46603143 1.18029749 0.929418802 1.32352865
    1.40109193 1.73249853 1.43065512 0.966644466 1.15215886 0.844876707
    1.56102872 0.789097607 0.856750369 0.691096663 0.674899638
    0.729552627 1.26417243 1.25790584 0.661010206 1.64336073 1.3620553
    1.14450777 0.806674182 1.47767532 1.39486265 1.29651916 1.09739673
    1.01878953 0.894351065 1.50362074 0.749671102 1.51415575 1.09755719
    1.01696301 1.12417161 1.65109777 1.08350182 0.718445897 1.43574023
    1.5570122 1.13911676 1.06130719 1.45362794 1.26239014 0.883558691
    0.683579266 1.21591556 1.19969416 1.24719453 0.758575141 0.781561911
    1.48654306 1.15796077 1.48669064 0.963358045 1.60518301 1.03479397
    1.39859843 1.60428178 1.2905668 1.20234525 1.66495383 0.938673496
    0.875119746 1.07265472 1.2167213 1.12716484 1.7093823 1.11387372
    0.877105474 1.40208232 1.71475399 1.2668879 1.19163764 1.53332901
    1.01332593 0.69015795 0.921211958 0.944696546 1.52838051 0.760656297
    1.11637175 1.60172606 1.30210006 1.61442471 0.825458586 1.31943989
    1.53683007 0.554411054 1.43056262 0.708566546 1.0854398 0.805908382
    1.09271812 1.47631204 1.38088584 0.784721434 1.32895565 1.11768258
    1.03747821 1.42211068 0.705807745 1.23300588 1.23880124 0.657369137
    1.30877984 1.12805641 1.5301764 1.3437475 0.72735095 1.26991093
    1.13212097 1.14789808 0.824397802 1.64981771 1.4806695 0.820613921
    1.60305142 1.57726431 0.913032234 1.41837323 0.750280857 1.26741302
    1.09691679 1.37040901 0.778173208 0.778304577 1.04018962 1.00313854
    1.1366868 1.19817472 1.63136804 1.47585189 0.873815477 1.34474158
    0.948437214 0.710602283 0.983147264 0.98761934 1.07508552 1.23949337
    1.09199846 0.990284443 1.50012624 1.08428299 0.96873641 0.706772506
    0.958602965 0.976239622 0.878568113 0.675166309 1.2778132
    0.725823104 0.660554826 0.901459813 1.43007576 1.40559494
    0.813257158 1.20862603 0.894952774 1.63055515 1.47430956 1.11160064
    1.11991274 0.961917877 1.64938629 0.967449188 1.39866114 0.698322713
    1.29319847 1.56855714 1.31136632 0.997055352 0.870571315 1.39373434
    1.46643984 0.84478128 0.863337398 1.00042713 0.894131839 0.86622721
    1.19677043 1.03263128 0.968890488 0.767057598 1.26031756 0.684726715
    1.29763901 1.53654432 1.57752728 0.735480487 0.706204653 0.799629569
    0.708974957 0.776778519 1.274068 0.928499699 1.14308512 1.399441
    1.58264637 0.925943792 1.0836314 0.75873816 1.34961152 0.906038702
    0.925324976 0.820219517 0.656600237 0.917441428 1.28975546
    0.801123202 1.39877057 0.644482613 0.978891015 0.737421274
    1.26272869 1.49574089 1.00615704 0.890884578 1.65070641 1.29613733
    1.26525486 0.888948083 0.676787972 0.681780398 1.30099761 1.56826115
    1.1637634 1.54745388 1.3631413 0.870586395 1.23225284 1.58723009
    1.18002582 0.919095337 0.730249643 1.45122302 1.29511404 0.798425436
    1.71683145 1.55731344 0.801629841 1.65100479 1.52960694 0.798637986
    0.798277497 0.866147995 1.29144609 0.832420409 1.08079743 1.15461528
    1.01127136 1.13336456 1.21709657 1.30717027 1.45663822 1.457335
    0.976540923 1.64430261 1.69060922 1.4969492 1.48761547 0.856951594
    1.33369434 1.30728614 1.24408102 1.0940572 1.25096476 0.739444256
    1.0951761 0.826843023 1.37018979 1.04419637 1.07886243 1.00844395
    1.30301607 0.74990207 0.863021016 1.45453596 1.16217017 1.05787778
    0.86526227 1.36139214 1.27762759 1.68496883 0.977590978 1.65853167
    0.818598151 1.59501874 0.803516567 1.16654146 1.2625041 1.6061759
    1.44873464 1.51545095 0.627315581 1.4566803 1.18702638 1.22040153
    1.40569341 0.671965003 1.61388016 0.954734504 0.642791808 1.49462938
    1.56282067 1.61558676 1.44168234 1.15976417 1.46790099 1.26206303
    1.27088761 0.774145722 1.43190444 1.327618 0.88824743 1.78171587
    1.10505342 1.44947875 1.69432819 0.990251601 1.19093513 0.789032638
    1.57026613 1.6240958 1.70822036 1.73952758 1.6319015 0.989050627
    1.60859525 1.60808766 1.3275429 0.913443327 1.64649498 1.12882257
    1.31494975 0.921765089 1.49510169 1.62835932 0.73716867 1.65556335
    1.01217926 1.30836666 1.36343503 1.40264797 1.1060946 0.975079477
    0.607619405 1.15911841 0.88114208 0.97238493 0.974043429 0.74307251
    1.35153258 0.656941593 0.832160771 1.16141593 0.769683599 0.94119519
    1.20148182 1.15576982 0.972105324 0.897960365 1.59929514 1.29761899
    1.623016 1.05973196 0.706181884 0.828010976 1.34449863 1.14909887
    1.37181187 1.40249014 1.55780149 1.50032914 0.830160379 1.48427987
    1.36765027 0.614558756 0.918395281 0.801864564 0.77010119 1.20035625
    1.48091865 0.849953651 0.898766398 1.46221602 1.5151521 0.819865763
    1.58997321 1.17135429 1.09280682 0.907499611 0.881896377 1.64852822
    1.15848851 1.06415021 1.64951646 1.39396119 0.726121187 0.69789952
    1.50544643 0.933654606 1.06243825 1.50799811 1.1736877 1.58275414
    1.57035506 1.37495649 1.4660362 1.57494295 0.643402636 1.51741397
    0.963679075 1.07186472 1.01544809 0.832964063 0.890139043 1.19729495
    1.22354364 1.0465945 1.0685606 1.41318846 1.43146682 1.14962983
    1.48871219 1.33827209 0.951797605 1.24041402 1.42786431 1.60805404
    1.0039525 1.38387465 0.941542566 0.760335267 0.703594804 1.22858834
    0.862112522 1.08387613 1.16086137 0.754924297 1.62288368 1.51652515
    1.12542319 1.27842045 0.898729146 0.767297804 0.699409127 1.53531516
    1.56468821 1.19550014 1.32898784 1.21218371 1.67089963 1.66228569
    1.25031018 1.49461818 0.757760823 0.720070124 1.08664894 1.20169437
    0.764406502 0.958284318 1.62541795 1.06488013 1.59729743 0.662668824
    1.37630534 0.834707916 0.978805423 1.35805655 0.648379147 1.25051391
    1.04346824 1.03467202 1.19874382 1.48799264 1.45001721 1.04286551
    1.36643398 1.47887623 1.33098209 0.920477808 0.742817461 1.48146081
    1.2993679 1.0707773 0.974340439 1.48849297 0.606810689 1.38162601
    1.21119022 1.01731718 1.41998994 1.61406398 1.64946079 1.61745334
    1.72047746 1.47569382 1.56454158 0.784003198 1.66048801 1.04473484
    1.36461246 1.07630181 1.11519873 0.803824902 0.782966852 0.708467901
    1.27218401 1.52283716 1.18521547 1.52135909 1.51930439 1.48853636
    1.58441234 1.55437589 1.66760886 1.36363173 1.57051957 1.38749444
    1.56845725 1.22341847 1.14118385 1.48552299 1.55754244 0.836695433
    0.832287729 1.51317692 0.961712837 0.854401469 1.63946009
    0.930149972 1.0807488 1.57569003 0.763138652 0.892305374 1.6091454
    1.23396659 1.72108412 1.34893751 1.01410294 1.57046425 1.65912366
    1.48681033 1.35059834 1.58245301 1.26455891 0.801825941 1.68874407
    0.928288937 1.47223818 1.20180976 0.769617736 0.839729488
    0.709646463 0.719969273 1.42434418 1.58330512 0.668452442
    0.880055428 0.803866088 1.03022432 1.0142411 1.16325486 0.915739417
    0.756624937 0.922552288 0.882438779 1.37182474 1.39280593 1.29106259
    1.30312264 0.785825551 1.67453396 1.27195108 1.27064908 0.857670426
    1.60101485 1.44519091 1.49154937 1.43729722 1.47577298 0.763844669
    1.21983898 1.08557594 0.848330915 1.14352095 1.65429556 1.13601673
    0.716225743 1.64823604 1.18283737 1.70460856 1.5552386 1.64075899
    1.12455928 0.819118977 1.29031479 0.900813997 0.782930017 1.22838914
    0.626755476 0.603995562 1.42820525 1.33256221 0.895743191
    0.885899365 1.35380781 0.724613428 1.2346499 0.970139921 0.611565292
    1.35994935 0.844873488 0.881623626 1.5996356 0.851365089 1.66897917
    1.15179646 1.67061329 1.64130211 0.734469175 1.57070029 1.32890773
    0.720733225 0.80209744 1.61299062 1.58257782 0.772659719 1.39824665
    1.08462083 0.971690536 1.51183438 0.754543006 1.61383522 1.43385386
    0.825133562 1.50154245 1.4206326 1.18771887 1.13701069 0.957142353
    1.10361826 1.65969455 1.35338366 1.17945611 0.962179244 1.24184859
    1.48095036 0.640910029 0.905785024 0.902857244 0.737311125
    1.42703485 1.61705256 1.3386302 0.935588837 0.854444087 0.900141478
    1.43893099 0.881741822 0.805633664 0.911752343 1.19424784
    0.691482067 1.51557446 0.8242293 1.05321991 0.893489063 1.57146156
    1.04163718 1.45977151 1.18092549 1.62509251 1.58133721 0.97683084
    1.26453543 1.60628521 1.04536736 1.4290905 1.30190361 1.23305893
    1.35620451 1.44142771 0.910674453 0.945038497 1.11497843 0.970333397
    1.13902044 0.740725935 1.38295412 0.740749717 0.67425853 1.10808051
    0.70410049 1.2885884 0.889801264 0.837299466 1.18555176 0.744000673
    1.52734709 1.39378595 1.27745271 1.36248231 1.58777571 0.75493896
    0.979894757 1.48383927 1.05621171 1.15131283 1.27511299 1.49531674
    1.64894307 1.4511323 0.874032855 1.36450922 1.21202481 1.38540232
    1.42662215 0.799059629 1.46826327 0.775047898 1.13918734 1.52061307
    0.834806859 0.755639613 1.08396912 1.11193275 1.51222754 1.33004332
    1.51882792 0.961825371 1.22112238 1.2508781 1.62079906 0.635335922
    1.37352073 0.854372799 0.977327645 1.55514657 0.791716278
    0.984784067 1.66460836 0.804807067 0.775625527 1.35202861
    0.921356142 0.793983221 1.45987415 1.32494247 0.907854438 1.73826253
    1.01618266 1.46080935 1.54658496 0.717969477 1.10959768 0.666815698
    1.1338594 1.14338553 1.11002159 0.711285412 0.749375641 1.46964943
    1.37249291 1.43494642 0.679293334 1.37885821 1.47112131 1.65293312
    1.32027245 0.985372603 1.18203366 1.344715 1.54557228 1.63074291
    1.24335253 0.980274022 0.807673812 1.57846642 1.41710496 1.42514467
    1.04078925 1.01783407 0.915509045 0.653454781 1.40999234 1.60463285
    1.08155191 1.71359491 1.55282104 1.73049223 1.68845117 1.21886194
    1.65174425 1.68726528 1.34309208 1.15187073 0.93200022 1.71401727
    1.68916249 1.62892723 1.425789 0.713389933 1.58227766 0.844271779
    0.917816401 1.04431963 0.714406371 1.08011401 0.695911586
    0.955277145 1.41702116 1.23309731 0.817199707 1.18369067 1.00165701
    0.733181953 1.15998638 1.18995607 1.18421626 1.17090452 1.40456903
    1.65748417 1.12678397 0.827732682 1.51354539 0.894488692 1.63119125
    1.3506211 1.43612289 1.46283209 1.52674484 0.855523646 1.504094
    0.781898081 1.51833987 1.68467331 1.11659193 0.862008512 1.56436884
    0.740463674 1.15323687 0.930503547 1.36767399 0.724944174 1.27158189
    1.38631117 1.17651749 1.1264782 1.44208241 1.35315943 1.35429776
    1.18956363 1.36319506 1.58595288 0.949523449 0.792637587 1.03898609
    1.03527498 1.58575571 1.09617031 1.10605192 0.62561208 0.601836503
    1.1509819 1.18750441 0.555253267 1.44079506 0.650482476 1.09767079
    0.763682127 1.07161522 1.65240717 1.65431786 1.17638052 1.06148243
    1.45178545 0.981813788 1.15911424 1.05772424 1.39788115 1.06717956
    1.35720193 1.5920248 1.08001721 1.44410872 1.12215579 1.04022014
    0.80890584 1.40203404 0.695611358 1.59867549 1.2497946 1.17857647
    1.18222213 1.18879187 0.999966145 1.02124262 1.15820599 1.49344754
    1.37265027 0.793802142 1.51598728 0.995974839 1.05790806 0.939301431
    0.826225996 1.57058835 0.952107966 1.27184141 0.975998998
    0.894708693 0.667687833 0.756584227 0.967826009 1.10530984
    0.909088731 1.1594125 1.10940659 0.969624281 1.34020436 0.729673922
    1.64737892 1.05512977 1.2108072 1.38838184 1.55701959 0.971544623
    1.29334176 1.54270363 1.42529058 1.05068636 0.869005024 1.46033537
    1.39553273 1.25445569 0.793450594 0.834157884 1.33598042 0.937906981
    1.07487822 0.870287716 1.14830399 1.14058018 1.05763745 0.744437039
    1.32505643 1.37315142 1.29389477 0.94650203 0.829208016 0.952745676
    1.08953726 1.60267735 1.02073705 1.04228806 1.11842263 1.61915767
    1.05191004 1.34186709 0.79665041 1.43254316 1.47213089 1.62534392
    1.64280033 1.18734324 1.25224102 1.09462464 0.842536867 0.768016279
    1.13472795 1.55927455 1.71005213 1.57382965 1.17103636 0.824203551
    0.692557633 0.660177708 0.879628778 0.600944698 1.58580506
    1.07690871 1.07253301 1.43310666 1.47356057 1.27773225 1.57528937
    0.879229724 1.52674484 0.917358339 0.996712863 0.857563257
    1.56434715 0.757213771 1.5961194 1.35771966 0.980721056 1.63634288
    1.05569577 0.623479843 0.707098126 1.02125895 0.762504876 1.46704173
    1.17533517 0.814231515 1.11705875 1.4918555 1.4922117 0.763483346
    1.12780786 1.65856099 0.852794111 0.880532384 0.921831608 1.12656486
    1.37410641 1.3021605 1.11151052 1.03128481 1.63771677 0.788168132
    1.03001893 1.02869534 0.789581001 1.60797453 1.0578059 1.2527951
    0.833201706 1.22288406 1.46362364 1.09073544 1.42993474 1.24320996
    1.07458508 1.26447415 1.06543458 0.905422926 1.50554109 1.10061955
    0.76029402 1.06914198 1.07555485 1.64736211 0.772633255 0.986023605
    1.13626826 1.03216314 1.33975124 1.7488755 1.67647016 1.544554
    1.46240747 1.40044653 1.18572891 1.22720957 0.863897681 1.0267756
    0.896129072 1.49434841 0.896220267 1.01061165 1.46585548 1.11101127
    1.099648 1.51793587 1.02056718 1.09317923 1.13833964 1.58973587
    0.833078563 1.48997986 1.14120543 1.50094819 1.01672649 1.05857444
    0.816730142 0.841404736 1.47754252 1.38972688 1.27521408 1.02256584
    1.18104148 1.1864953 1.62848341 1.63012719 0.919876099 0.77898562
    1.10681987 0.982680857 1.33659935 0.898485601 0.971914232
    0.723887503 0.90652138 1.3943522 0.861220837 0.870242059 0.912320971
    1.39134908 1.34554493 1.17168367 1.44417918 0.691082716 0.945025086
    1.42286181 1.14024925 1.36965406 1.7564081 1.56375349 1.41722083
    1.30305016 0.730301738 0.735602319 0.618699968 0.769245625
    1.47438359 0.793388188 0.988233566 0.945045114 0.908810616
    0.680726707 0.641900063 1.24970877 0.849736571 0.74496758 1.35298359
    0.748059154 1.10102963 1.46695936 1.12425447 1.58372915 1.09450758
    1.4420861 1.5512079 0.686174452 0.687793434 1.21472895 1.57444179
    0.703994393 1.55644441 0.978412569 1.09250343 1.09103167 0.728018463
    1.50079978 1.12128997 0.985771894 1.5790391 1.36111295 1.02949929
    0.931138754 1.68137801 0.861668885 1.31373179 1.17469454 0.98589927
    0.867799044 1.64066267 1.62372637 0.844478905 1.6334337 1.42992473
    1.55940783 1.41868746 1.28064501 1.65016127 1.11278021 0.717429638
    1.62466979 1.55656219 1.17633164 1.48043859 1.51030254 0.804667711
    1.22530127 1.60670638 1.39602315 0.88000083 1.2941184 1.53200245
    1.15741372 0.794934928 0.754189074 0.858779967 0.858449459
    1.36574614 0.955038428 0.672187448 1.19392872 1.49978769 1.31872785
    1.0555861 0.737594724 0.688847244 1.45333612 1.37939405 0.970748782
    1.30322385 0.879188538 0.742157578 1.22751462 1.29004383 1.22879946
    1.27373719 0.789274395 1.55091536 1.49363649 1.22750854 0.914352179
    1.30907452 0.774094939 0.820002615 1.37700975 1.12301934 0.883243501
    0.923790932 1.51165128 1.04948831 1.30104768 1.04114211 0.817089021
    0.732051849 1.3062973 1.0388993 0.724745214 1.29890847 1.37651312
    1.48648512 1.42614293 1.22767544 1.67367029 1.03291786 1.40433061
    0.720852256 1.05149651 0.651717067 0.692785621 0.704206824
    0.791521192 1.55255413 1.27416492 1.64152849 0.975666702 1.60267913
    1.2850306 1.40415597 1.59569252 1.01705992 0.722565234 0.743115723
    1.59695256 1.53258204 1.02996576 0.866438985 1.53187799 0.759987831
    0.812271535 1.06256998 1.45103121 1.4682492 1.23782706 1.4176923
    1.41076767 1.4639653 1.4099946 1.28548503 1.58346879 1.56063008
    0.746563375 0.632772803 1.06744719 1.11403322 1.13748991 0.991567075
    1.61111796 0.764855742 1.72019267 1.05077994 1.01905286 1.60058129
    0.860328496 0.845067561 1.37962806 0.813842595 1.62241852 1.41716361
    1.23907101 1.09330571 1.19282985 1.01740849 1.30383122 0.997930825
    1.06519711 0.752382457 1.02706313 1.56381226 1.14776027 1.67858613
    1.60782516 1.29313719 1.65347874 1.32812905 1.37010217 1.22804618
    1.46548557 0.908184826 1.36385489 1.73882031 1.59368491 1.57801688
    1.14567053 1.39419639 1.4953022 1.25246871 1.44636643 0.888123989
    1.53314412 1.06421375 1.38046789 0.813739538 1.42107773 0.925057232
    0.640723288 1.56995535 1.16584396 1.57202518 1.0583607 0.857505739
    1.56422746 1.38922548 1.43088222 1.12820601 1.36191022 1.00805414
    0.97759819 1.09876156 1.35652161 1.50817299 1.24043536 1.07141399
    0.820434332 1.15069664 1.46605611 1.46110642 0.837531209 0.830589175
    1.33861017 0.827545822 1.04184616 0.802870035 1.01196969 1.40709794
    0.73144412 1.20528853 1.35618603 0.970581293 1.04652548 1.38327277
    0.757430375 0.96657151 1.01458883 1.2604965 1.31339383 1.43730462
    1.12159503 0.920252562 0.825687945 1.40548217 1.28508174 0.724849641
    0.83855617 1.11707258 0.663463771 1.2711271 0.852267981 1.09843206
    0.716967583 1.10443401 1.51641774 0.654214501 0.857154965 1.10118532
    0.693643808 1.16557348 0.811275065 0.815681636 1.25176525 1.0571028
    0.704145133 0.896058381 1.01781046 1.00019085 0.833211124 1.24555993
    1.36831355 1.32370603 1.00946367 0.795954645 0.986746669 1.66184235
    0.994506955 1.58335316 0.835549355 1.10956776 0.937480748
    0.797931552 1.15929317 0.896357417 1.54390728 1.23140883 1.29490781
    1.2961309 1.33163428 0.992357671 1.02684879 1.29903078 1.31610358
    0.824914455 0.981869996 1.04888129 1.01399755 1.57482052 1.28619742
    1.17964518 1.28111708 1.01474214 0.854764104 1.46293914 1.57148242
    0.867168009 0.938673973 1.13936317 1.12292933 1.05166793 1.12185848
    1.68499255 1.28301668 1.0107584 1.36975789 0.994006932 1.07719576
    0.820790172 1.18967295 1.29782403 0.962586224 0.874124825
    0.637030363 0.974092364 1.34468806 0.974070132 1.23589551 1.10474432
    1.14984202 0.868361652 1.14404774 1.00397277 1.5830133 1.37995267
    0.706412137 1.52565551 0.977642179 1.25550902 0.884373367 1.45083058
    0.742354393 1.40174365 1.57574368 0.771429181 0.845809817 1.64362931
    1.07081366 1.47735524 1.41112947 1.04752898 1.4182564 1.48657405
    1.29794204 1.32916725 1.15971959 1.63826013 1.20185256 1.43928981
    1.3148737 0.720498502 1.24231541 1.56365776 1.61605668 1.56592941
    1.41966391 0.668594658 1.04139102 1.28785801 1.60301852 0.917125821
    1.34036982 1.39352715 1.54211628 0.998091638 1.3875103 0.993174732
    1.47851741 1.20713675 0.734859228 0.886140525 1.34435534 1.37781405
    1.61395776 1.13946056 1.12933469 0.848774195 1.37032735 0.826354682
    1.625337 0.850962818 1.63378072 0.808518887 1.51446962 0.884535134
    1.16227877 1.02037549 1.69631493 0.964226782 0.885869384 1.13024509
    0.586116552 0.700877607 0.972158849 1.06093776 0.613691628
    0.633678377 1.22874832 1.17800653 1.2977277 0.773211241 0.945449829
    0.709569931 1.48762178 1.69425035 1.16411555 0.785525441 1.66155982
    1.53693092 1.48945701 1.09752882 1.07202971 1.11601603 1.53312302
    0.894255996 1.39923441 0.711597323 0.856965065 1.37606049 1.01463401
    1.0248574 1.75108993 1.69594014 1.62453485 1.29987586 1.61579514
    1.36486089 0.949349761 1.51792264 1.56348515 1.04602921 1.27093971
    0.799512327 0.96069175 1.07686543 0.845016539 1.03801835 1.31174219
    1.69104648 1.16523516 1.6233536 1.34849501 1.3003366 1.21322954
    1.12568903 0.787635028 1.25806391 0.769811094 1.05215585 1.53632271
    0.870979846 1.49175811 1.20234847 1.64811444 1.59950125 1.37115848
    1.50648832 0.793561995 0.747645974 1.39231884 1.55137193 0.922236502
    1.1827457 1.44684577 1.61359251 1.12657273 1.3385185 1.11303639
    1.28343415 1.02882695 0.735481799 1.60871184 1.40026331 0.79360038
    1.15381312 1.3278048 1.30392122 0.837044656 0.892865241 1.33468807
    0.871112525 1.13912189 1.63221765 1.47733545 1.37007499 1.43884134
    1.35854125 1.33944023 1.48398268 1.52166855 1.48815787 0.938333631
    1.36445332 0.996020019 1.58605587 1.57009959 1.48270249 1.09777474
    0.632760406 0.681676328 0.558752656 1.57348597 1.10302305 1.21354306
    1.06495404 1.29259205 1.65711057 1.14363515 0.842036545 1.56629694
    1.26249063 0.784182727 1.35480356 1.15921748 1.1393261 0.726280868
    1.09767735 1.12746859 1.46454716 1.51897502 1.67650747 1.03255439
    0.850289524 0.909515977 1.079898 0.938055992 1.25155544 1.35242581
    1.4567616 1.05517054 0.978607833 0.797617376 1.63558567 0.963964105
    1.20787919 0.764827132 1.61098087 1.45224595 1.10497868 1.56963062
    0.985865712 1.18327272 0.933734238 0.65355581 1.00366414 1.57944715
    0.863974094 0.768032551 1.14982593 1.414271 1.03361404 0.970416367
    1.60925639 1.26081932 0.900316298 1.19479871 1.54748511 1.07465351
    1.4340601 0.711545348 1.58243406 1.36457789 1.59980035 1.18882847
    1.31307817 1.42592978 0.856748223 1.12516248 0.767941356 0.761757076
    1.40827703 1.03220034 1.46765184 0.896958292 1.32614601 1.08129573
    1.44041848 1.10741961 0.856500864 0.98330152 1.06102335 0.833457172
    0.781673729 0.931586981 0.799446046 1.23428023 1.4606396 1.67337346
    1.12077558 1.00072932 1.64866948 1.04855025 1.61007082 1.47047758
    0.675680876 1.25038993 1.3489778 0.952231526 1.37926483 1.19708955
    1.56112647 1.42995155 1.4999063 1.43217385 1.02402782 1.56353211
    1.28429854 0.89044714 1.15438211 1.06232727 1.45638013 1.4942205
    1.064206 0.623720706 1.08004701 1.56369555 0.793552577 1.08211434
    1.57319987 1.24565911 0.67898941 1.06528604 1.17436838 1.27622211
    1.44868898 1.3129015 1.48524201 1.2921617 0.952764869 1.32131279
    1.58077097 0.683300853 1.42280471 1.43178213 1.55032802 0.865931571
    0.831549108 1.14240444 1.2030549 1.1188755 1.48021746 0.63395077
    1.60793722 1.5682888 1.54288745 1.33973217 0.944476247 0.686423779
    1.14179051 1.24442363 0.834445119 0.704280257 1.44251096 0.967006445
    0.961253345 1.41058755 1.5743717 1.67433655 1.66639435 1.4382019
    0.810710609 0.893709898 1.02615738 1.57888651 1.42124164 1.02853835
    1.08821046 1.40489089 1.1398474 1.42321575 1.10932696 1.08085668
    1.4358139 1.3053261 1.30318058 1.17454302 1.29679406 0.939358175
    1.63171506 1.68601716 1.55312741 1.15830386 1.20930171 1.69257832
    1.11655152 1.50116146 1.30117667 1.14113688 1.32698703 0.868748844
    1.56570327 0.889136553 0.909905851 1.48030984 0.803034425 1.44263124
    1.37247598 1.33335304 0.988839269 1.34850442 0.763426304 1.24530017
    1.63129652 0.934834599 0.735050678 1.66665769 1.32448018 0.86895448
    1.73602605 1.2299546 1.13877356 1.05688047 1.31463671 0.858476102
    1.44430017 0.969819069 1.12560058 1.2721945 0.962652445 1.22151172
    1.42364085 1.67751074 1.24625373 1.58972752 1.1169914 1.3119055
    0.83516711 1.25199783 1.25600219 1.29367101 0.93422395 0.745509923
    1.55785048 0.926512837 1.41278303 0.735830605 1.48724031 0.675911844
    0.778817594 0.881436527 0.87657547 1.42734289 1.3663094 1.08411252
    1.30560815 1.5146668 1.62304878 1.14297712 1.15294552 1.12401164
    0.692663372 1.42441392 0.983268023 0.673255682 0.685382545
    1.17109561 0.638472021 1.40030277 1.46304715 0.946952939 1.56765497
    1.31944978 1.47143853 1.142892 1.24343598 0.707635999 1.09840775
    0.918416321 0.620173693 1.38856256 0.787054539 1.36933076 1.48507571
    1.43420124 1.07083213 0.733242214 1.47968173 1.64794481 1.49798071
    1.61282098 1.4264437 0.789432168 1.11697793 0.868359685 1.3941983
    1.57121015 1.67815721 0.721509039 1.2662276 1.41381955 1.04041028
    0.909412324 1.06004882 1.53175616 1.6203711 1.30126166 1.59207189
    1.25468135 0.971466184 1.56358051 1.21780109 1.37926912 1.51346147
    1.29875219 1.24931264 1.03370321 1.30430663 1.20369804 0.949730337
    0.743766487 0.925084591 1.47066259 1.62304449 0.984049141
    0.698621631 1.00473475 1.21049404 1.21057546 0.947649121 1.08184588
    0.856117487 1.62888348 1.30393505 0.736828446 1.25624263 0.882639885
    1.12253475 1.30040169 1.07673585 1.10271978 0.956289887 1.11336446
    1.60588908 1.59760416 1.09132886 1.65069091 1.50646961 1.03302288
    1.18784058 1.67110503 1.17475855 1.19153655 1.51469815 1.62691295
    1.59790576 1.42117846 0.770287335 1.30425942 0.76894033 0.792336941
    1.09987569 0.714682162 0.725507915 0.868338227 1.14933896 1.18516529
    1.02488577 1.20199072 1.14963245 0.893728554 1.49266088 1.04283631
    0.718097329 0.770209134 1.4803071 0.785428464 1.3556602 0.753784537
    1.14926088 0.807588875 1.03078568 1.13520694 1.1382761 0.940774798
    1.61182499 1.03113973 0.976072311 0.749223411 1.53009117 1.02420747
    1.17003262 1.09929931 1.47207391 1.47455227 1.52570283 1.45015526
    1.32307041 0.695028245 1.68218911 0.768618882 0.963900149 1.60707009
    1.06342435 1.62710905 0.672232151 1.23973584 0.797877014 0.897549212
    0.918728292 1.42110908 0.991111755 1.13218081 1.24027121 0.805683494
    0.649855494 0.682496011 0.985954404 0.74521488 1.1992321 1.06865299
    1.5748353 0.988404453 1.20747471 1.55889952 1.10619617 1.32216883
    1.34831858 1.05791771 1.47331476 0.752518475 1.5131619 0.740633607
    1.2168864 1.58928692 0.70977205 1.48105252 1.6557591 1.56219697
    1.20202541 0.736334264 1.31267917 1.12430429 1.66111875 1.21952951
    1.62628603 1.72001541 1.16284895 1.69972277 0.817937732 1.07765996
    1.3335551 1.718068 1.63644266 1.29702318 0.919570982 0.823165596
    1.19079244 0.77491051 0.748639226 1.51927781 0.954295278 1.53531933
    1.67432535 1.51830375 1.18457484 1.21082783 0.912976623 1.17884934
    1.13113928 1.55537558 1.40237772 1.23735976 1.68565845 0.83425653
    1.25915563 0.769303739 1.01873827 1.63552988 1.333166 1.28065157
    0.983249187 0.738080442 1.48423314 1.06794977 1.41703105 1.52068377
    1.19300091 0.981475234 1.21438086 0.887312472 1.48272061 1.63566005
    1.12193441 1.61995578 1.14960766 1.58479702 1.43436158 1.34942734
    0.8384884 0.756911218 1.31877244 1.62161124 1.5457983 0.744593024
    1.37344337 1.43645167 0.983482957 1.06732702 1.61581624 0.949759007
    1.11622679 0.866959214 0.891567588 1.13735235 1.20503676 1.12121522
    1.11204314 1.24961495 0.738799274 0.918215692 1.57368731 1.08918595
    1.16508794 0.83924067 1.12235713 1.53003049 1.52416587 0.721751153
    1.10337281 1.50288391 1.27015615 1.27382445 1.02541578 1.22225106
    1.43457627 0.683954537 1.11991918 1.73948932 1.47926342 1.45557165
    1.43250942 1.46222103 1.35957658 1.07177901 1.31588817 1.19809103
    0.737260342 1.53800237 1.28093934 0.827986181 1.51496291 1.50652814
    1.55579484 0.914032102 1.47722828 1.56970179 1.36359072 0.849371314
    1.60656357 1.57651961 1.23787177 1.48408377 1.44194591 1.42394209
    0.682266414 1.44649041 1.26581359 0.802987278 1.24867046 1.41498268
    1.23374915 1.21511173 1.33425725 0.981760323 1.06960309 0.811680317
    1.20704925 1.40903056 1.61560118 1.11255229 1.65492785 1.08134723
    0.745343506 1.34158087 1.19136345 1.34901237 1.73668468 0.821423113
    1.13487601 1.5919261 1.22480881 0.758888423 1.08637834 0.978458285
    0.829957724 1.19514644 1.43219638 0.739574552 0.775627494 1.08219421
    0.920454025 0.808966577 0.829897165 0.954309881 0.736493349
    0.93318218 0.757438123 1.65959346 0.784105003 1.09855723 0.732476473
    1.6549176 0.858222723 1.3948915 1.61387718 1.29166448 0.847300053
    0.927215457 0.760047555 0.632484436 0.788807511 0.862980664
    1.21605599 1.1952014 1.24462843 0.73709327 1.11061275 0.954880297
    0.856688917 0.887014091 1.31485367 0.767842531 0.766062617
    0.847241998 1.2483331 1.36239016 1.19179654 1.4237535 1.04220164
    1.38075066 1.21723068 1.16097057 0.700796962 1.28381658 0.705249012
    1.38492143 1.41124415 1.5079087 1.18145132 1.45832956 1.16097999
    0.887820244 0.918039382 1.40609527 1.66122806 1.23789215 1.30422151
    1.12581396 1.6397624 1.33377647 1.23203957 0.983264506 0.682873726
    1.20389986 1.35481858 0.990501463 1.43922997 0.869021356 1.6185801
    0.702728331 1.01822555 1.43001735 0.786856532 0.975647032
    0.719306946 1.11033702 0.901584208 0.7892946 1.35899222 1.28718483
    1.630759 0.838760495 1.78941894 1.41193509 1.73238885 1.22122955
    1.21199071 1.31847322 1.37903297 1.08863962 1.06859446 1.49515426
    1.36886168 1.34164035 1.48662937 1.43115282 1.58615172 1.12543619
    0.857006192 1.35345197 1.5009799 0.80925858 1.16753995 0.939947426
    1.34489691 1.69587731 1.01429689 1.17320704 0.852867305 1.45019794
    1.58634317 1.05320489 0.611611724 0.703395545 1.45194352 1.17343771
    1.5672915 1.70585024 1.577438 0.976497591 0.833211184 1.39891791
    1.0130527 0.991538882 1.05228448 1.23638427 0.955220103 1.3232342
    1.6709739 0.912207723 1.67094433 1.488976 1.31592298 1.7209903
    1.66374087 1.20752287 1.54106915 1.48943973 0.760579467 1.24648786
    1.63649952 0.746360183 1.16347456 1.27312732 1.73073924 1.05131197
    1.58432138 1.32707119 1.48457658 1.56677544 1.31590962 0.836261809
    1.29072261 0.947397113 1.65346897 0.829333425 1.40666783 1.21382833
    1.19907558 1.44265771 1.37290406 1.09097314 0.793953478 0.89572829
    0.966884017 1.02291906 1.00953412 1.71133447 0.75925988 1.2947011
    1.53197181 1.68275845 0.719275117 1.52885962 1.06520236 0.636130095
    1.29726779 1.33969402 1.18357909 0.929600894 1.01633823 1.09040523
    1.33139706 1.2194016 1.59432268 1.03382933 1.68199384 1.00544584
    1.0882566 1.47001183 0.991177559 0.933885455 1.21131217 1.66829455
    1.01690447 1.32557559 1.1955744 0.96601522 0.99441433 1.49766767
    0.945719004 1.20551896 0.759082198 1.52949154 1.29297602 1.61066043
    1.70704663 1.07203865 1.16034675 1.45969117 1.47605681 0.782653809
    0.793110728 1.69929564 0.965305448 0.96841222 1.17394829 1.59729052
    0.830935597 1.30923843 1.30259728 1.52605259 0.79296273 0.841128886
    0.767555356 1.19950819 0.822444081 1.69543374 1.17158461 1.5827837
    0.86015594 1.44571137 1.50050879 0.870669067 1.24025738 0.93128401
    0.714941919 1.23641992 1.45905292 1.55721319 1.7238313 1.12732852
    1.22610903 1.52454913 1.13192999 1.72188246 0.893406332 0.871136487
    1.56353128 0.844076812 1.28921533 0.97573179 1.21105564 0.837324083
    0.736356974 0.626183152 1.2552042 1.53926814 1.20275879 1.58803976
    0.894874096 1.36580443 1.64509678 0.718738079 1.55737507 1.06459153
    1.45832527 0.98515147 1.26231694 0.702427447 1.66552436 1.15256751
    0.925214946 0.957447469 1.04189086 0.746325612 0.893721044
    1.45355856 0.718190193 0.983994782 1.21504307 1.28586197 1.43371594
    0.745939732 1.29074466 1.52525294 1.55010974 0.77668494 0.843347788
    1.66018093 1.11650991 1.18998516 1.12113523 1.26139629 0.997118175
    0.689540923 0.701812983 0.693854451 1.34895205 0.733116329
    1.50122249 0.679641247 1.71536946 0.830785155 1.43606126 1.31638837
    0.840287447 1.04116583 1.08209252 1.04063356 1.46638632 1.39795339
    0.920995593 1.60620534 1.62876081 1.12395227 0.739196181 0.799432576
    1.21405804 0.874261975 1.09931612 1.3427676 0.829779446 1.24113131
    1.4704895 1.14943433 1.36647856 1.20877886 1.52136052 1.22221863
    1.54558527 1.12330127 1.64390004 1.58865154 1.58093119 1.56760085
    1.14702201 1.61611021 1.58771288 1.65707195 1.58833969 1.63384056
    0.965131342 1.22143018 1.60660589 1.60714149 1.06837142 1.30445921
    1.12114501 1.57736862 0.768387973 1.52564692 1.08798146 1.31067526
    1.68009269 1.25835574 1.13558888 0.92825532 1.19551206 1.50467575
    0.883241653 1.13939619 1.44269836 1.07663155 1.177616 1.36490524
    1.57497048 1.01761293 1.28672588 0.856550813 1.43727589 0.826274812
    1.52038527 0.979528666 0.968559563 1.24913883 1.09695899 1.36259806
    1.09705389 1.01644957 1.01042795 1.13514173 1.28789687 1.37705767
    1.63828683 1.5814712 1.47330606 1.5338676 1.46631575 1.01857889
    0.739738107 0.891088128 0.907266259 1.655653 1.15480435 1.5395031
    0.782073736 1.17440546 0.777166724 1.5100261 1.68982291 1.55889761
    1.27042234 1.67390656 1.19741333 1.70722806 0.700151742 1.11382186
    0.856307268 0.656821072 0.946688592 1.06516194 1.43478537
    0.934514165 0.628780365 1.16167903 1.45907807 0.732307911 1.5899713
    0.75510478 0.727867484 1.00560474 1.23752832 1.35086513 1.30105722
    0.983847678 1.63100374 1.30151284 0.866672695 0.910255194 1.44549382
    1.06829917 1.46434128 1.63264954 1.51970482 0.939431667 1.56499839
    1.26342809 0.731513798 1.11760354 1.00114393 1.32620013 1.2614975
    1.3622191 1.16203523 0.962514102 1.25758553 1.04842103 1.43088353
    1.58094609 1.66640782 1.32038188 1.82609642 1.23596358 1.46842396
    1.20452416 1.24576509 1.26215124 1.48597896 1.54502583 1.2347554
    1.46504068 1.43859136 1.35717392 1.62651896 0.783362091 1.28158271
    1.05487859 0.821642339 0.95496726 1.15991044 0.720225036 1.41748679
    0.955906391 1.72609758 1.6692245 1.28649509 1.32572699 0.970400095
    1.1307708 1.40537751 1.61288631 1.49045515 1.60103703 0.74333024
    1.5002104 0.792768657 0.862661123 1.60587275 0.682180882 0.751873076
    1.14056063 0.928745568 1.58847606 0.790118992 1.60888922 1.18591428
    1.59089518 1.52672362 1.37968159 1.02006853 1.28486085 1.16567802
    1.19335794 0.873370111 0.837254763 0.616745293 0.885156095
    0.815138757 0.918858647 0.872026205 1.18419492 1.50335121 1.15866959
    1.0538193 1.53680897 1.39488959 1.39957058 1.23862851 1.54774785
    1.54358411 0.710578918 1.15522873 0.750414193 1.49990582 1.55061078
    1.00119567 0.682780981 1.52013719 0.709929645 1.23361063 0.616360128
    0.722233593 1.11419177 1.40364671 1.02792537 1.57330215 1.04725957
    1.41156447 1.18903136 1.17720771 0.78909111 1.268152 1.46360433
    0.742977142 1.02554643 1.19094133 1.74188924 1.43865263 1.40478647
    1.65777028 1.12118149 0.898817241 0.70896703 0.999098897 1.38447118
    1.63911891 0.762374461 1.19851005 1.1935612 0.923279345 1.14788342
    0.775109351 1.3498702 0.714962602 1.32142401 1.22680283 1.29036105
    1.48918366 1.45097005 1.66697872 1.03322518 0.740889847 0.806535542
    1.4311415 1.06060719 1.62910318 1.72316909 1.59580493 1.17993522
    1.40253842 1.18095815 1.5071528 1.31418383 1.0525775 1.39072025
    0.770113587 1.37256408 1.12267447 0.991661191 1.59355736 1.59286273
    1.768767 1.52668822 1.58635306 1.64476955 1.09914148 1.03418815
    1.33380175 1.32346809 0.718268812 1.32747722 0.708871603 1.47135735
    0.801392317 0.853652954 1.53728294 1.49864602 1.38390779 1.30732489
    0.718518436 1.1020546 0.761455774 1.29021132 1.59152484 1.48052633
    1.37542295 1.13962364 1.11113763 0.956907034 1.47384036 1.66796911
    0.732030749 1.08994591 0.697228372 0.636408091 1.20513999
    0.705259383 1.14966094 1.70252848 1.62475586 1.62615395 1.42732704
    1.26244211 1.59263122 1.20823264 0.772313118 1.49100065 1.12486875
    1.25298691 0.810984194 0.983971119 1.38161409 0.886405349
    0.924651325 0.835407913 1.11977839 1.53068209 1.23718786 1.506657
    0.808973551 0.864437401 1.25251448 1.70022917 0.978948593 1.62434423
    1.1188637 0.881323338 1.72411513 1.48083413 0.783353686 0.903490603
    0.744643867 1.0017333 1.0383234 1.16934299 1.28475082 1.64164746
    1.1831125 1.13701487 0.663813233 0.749089062 1.06261635 0.903265297
    1.41922152 1.31786752 1.24451554 1.52471638 0.671681881 1.20122135
    0.992798626 1.14887488 1.44870627 1.00537586 0.986959577 0.670964181
    0.680526435 1.12710845 1.05889773 1.39792883 0.971877754 0.81780833
    0.71614182 0.724291861 0.694240212 1.632213 0.849246919 1.45796883
    1.64648855 0.858446717 1.70971167 1.27769411 1.10816085 1.78294623
    1.72523487 1.78191936 1.52903831 1.64042616 1.6760987 1.47983909
    1.21254671 0.766120136 0.969112813 1.01398623 1.04725349 1.28105175
    1.50037122 1.62410045 1.03705859 1.30538702 1.1443541 1.2384342
    0.804627359 1.61140645 0.958663762 0.901762009 1.02628779 1.22987258
    1.54101419 0.933214188 1.04433274 1.06846678 0.77825582 1.132586
    1.3850342 1.15989721 0.947656453 1.38907051 1.11501884 1.59735489
    1.58382308 1.65884924 1.19062436 0.997295916 0.781915843 1.56763446
    0.935077727 1.40749168 0.764614642 1.31985724 1.26361251 1.52955675
    1.54849815 0.764568448 1.64814055 1.18384147 1.65539646 1.1721307
    1.1346544 1.25857055 1.56223524 1.51401758 1.47373343 1.46508694
    1.12477064 0.782848954 0.842667818 0.835012615 1.09427392 0.73059833
    0.823800385 0.722153306 0.838502705 1.29629564 1.47832274 1.22037423
    1.49221098 0.842987418 0.869753897 1.40826893 0.92453742 1.15982842
    1.07724845 1.1179024 1.26904571 1.46743202 0.952318788 1.08877468
    1.44139183 0.902891576 1.34742546 1.04327798 1.18379509 1.30684221
    1.13232434 1.00471067 1.07442951 0.685708046 0.751575589 1.03719056
    1.60439563 1.57713163 1.1485498 1.31244957 1.60442877 1.36040735
    1.59213805 0.834832072 1.03181124 1.47242939 0.669959784 1.02080917
    1.03762889 1.08037889 1.26656199 1.6793952 0.741931021 1.60191286
    0.634926796 0.71176964 0.799026012 1.47334778 1.51049018 1.12098551
    1.60534644 0.84766078 1.67454398 1.48617947 1.48066831 0.80866605
    1.53459847 0.763681769 1.25604451 1.80180371 0.778666675 1.11787939
    1.73057377 1.19120383 0.961632192 0.911646485 1.26228487 1.34955513
    1.50693738 1.17492449 1.46570492 0.77109772 1.1919328 1.69330406
    1.26735926 1.07317138 1.38510036 1.14867175 1.29489398 0.926147997
    1.48995888 1.52406931 0.934971511 1.50173581 1.34100866 0.901047945
    1.27891779 1.4019053 1.48926699 1.65065777 1.73052025 1.02665913
    1.696293 1.49271965 0.764668941 0.784697115 1.45898032 1.26894844
    1.52261949 1.08153546 1.61488652 0.832968831 1.58388972 1.51778376
    0.810417473 1.05795205 1.46637523 0.759807885 1.0827502 0.815808773
    1.42719412 0.866782725 1.14280534 1.41896367 0.921584785 0.96467936
    1.04147077 0.689014018 1.46181607 1.63731861 0.714904666 1.13881326
    0.810794115 1.5732249 0.994283497 1.71356785 1.72403944 1.69997096
    1.18402576 1.14155626 0.816781521 0.678219616 1.04184031 1.51961327
    1.33213186 0.819526196 1.14498818 1.08441532 1.33533633 0.920547962
    0.798261225 1.4257791 1.67945564 0.859344184 0.642564952 1.44742
    1.06587029 1.02126706 1.00101781 0.884205103 0.69562453 1.55964935
    1.03130531 1.42150331 0.734075546 1.43806684 1.3105303 1.17357981
    1.3639586 1.168401 1.10708106 1.39386415 1.44734907 1.03152788
    1.01250815 1.28612435 0.669980586 1.51349473 1.26671445 1.20589483
    0.94012785 1.11728144 1.23315609 1.08951283 1.49406803 1.44619012
    0.991125107 0.662824154 1.20112586 0.588819623 1.15196455 1.12641466
    0.906557798 1.50067306 1.37202537 1.7495538 1.37092113 1.62756443
    1.24907935 1.72552562 1.77661657 1.48391449 1.13458943 1.17990899
    0.939468324 1.61736 1.17089236 1.44205165 1.76922059 1.61028349
    1.49410319 1.04234982 1.18194306 1.26163745 1.04748964 1.09639978
    1.05384362 1.55679333 1.55384314 1.36372399 0.920207143 1.33116555
    0.811186314 1.09143639 1.6438868 1.11703444 1.25715244 1.13406825
    1.66253543 1.67755544 1.32026601 1.66124129 1.49202204 0.78448844
    1.20753539 1.56838334 0.946491361 1.07716179 1.53277147 1.06525791
    1.35116553 1.06311762 1.11025405 1.42351508 1.0033648 0.993124127
    1.30480134 1.59655654 1.38269556 1.71167481 1.31236267 1.20425177
    1.31346405 0.903332949 0.714069486 1.43480265 0.980373085
    0.895718813 0.766932368 1.51461005 0.755229414 1.23498189
    0.985983372 1.53117669 1.52814078 1.55305171 0.810299158 0.87112838
    1.05343723 0.73341769 1.67607045 0.960577488 0.910936892 1.64803696
    1.60950589 1.43246889 1.47624326 1.23597884 1.16097724 1.21630085
    0.857350349 1.29184246 1.34662044 0.952977598 1.30224049 1.46402991
    0.779045522 0.932365 1.02790606 1.5559845 1.64342546 0.722474575
    1.52373564 1.23716807 1.58082771 0.827613652 1.71295691 1.67613101
    1.31903315 1.0411557 1.44601035 1.40492165 1.2383244 1.02325618
    1.47842729 0.846960425 1.63241613 0.87817353 1.46229315 1.21545911
    0.929133475 1.03084469 0.947239339 0.771943271 1.4157145 1.59362328
    1.64032781 1.17972982 1.20108211 1.60674572 0.907338023 0.776450634
    1.21449614 1.514974 1.42025495 1.07911098 1.07958043 1.0591743
    1.70636511 1.0878793 1.01314855 1.07795608 1.2956816 1.06140363
    1.43975949 1.52723479 0.74785012 1.06171894 1.39812481 0.818079114
    1.31584311 1.11280382 1.63836169 1.32561338 1.26951241 0.957615793
    0.86244452 1.17943156 1.67500496 0.763273597 1.09502518 1.1803329
    0.950055897 1.12750232 0.824466646 1.39730895 1.16704082 1.00755322
    1.62226331 1.57616758 1.64152467 0.723346472 0.779101193 0.76823312
    1.52496588 1.41046679 1.30901849 0.941507816 0.863177359 0.938565314
    1.64450848 1.19994581 0.861877441 1.42482281 1.00334454 0.80667156
    1.36268926 1.20164323 1.37195981 0.76068294 1.57004166 0.915876925
    0.85231638 1.52424634 1.2827034 1.27063084 1.59282207 0.740647554
    1.04943442 1.37632942 1.24281347 1.70472014 1.66197658 1.33408225
    0.809151947 0.673972726 1.42587376 1.11991358 1.58934081 1.33153248
    1.54124665 0.985420108 1.48092508 1.02902114 1.22298408 1.55493772
    0.991396308 0.825493217 1.62967813 1.27500153 1.30160725 1.32040632
    0.809323192 0.846498609 0.889455914 1.1757673 1.02563298 1.50021493
    0.804778874 0.680822134 0.785854042 0.685380936 1.23097372
    1.52875459 1.21956539 0.925361514 1.55667138 1.46818054 1.36026597
    1.45019567 1.29085875 0.822460234 1.31160069 0.701842248 1.26380682
    1.01944304 1.5504874 0.845814884 1.24265969 1.08208787 1.54783833
    1.53424323 0.665041566 0.776827872 0.693866491 1.5205586 1.31879365
    0.663205624 1.02538741 1.19440114 0.841793239 1.67421818 1.04522979
    1.79735672 1.18150759 1.78795457 1.36379611 1.58541119 1.2728157
    1.17097449 0.809554338 1.24040234 0.871550381 1.62673497 0.976776958
    0.949875355 1.60520363 1.58986938 1.4850049 0.989803195 1.43875682
    1.04339862 0.831753135 0.822876453 0.722034633 0.777433693
    1.34005785 1.40371978 0.909017324 1.05613232 1.08940232 1.27150869
    1.49806356 1.3099494 0.838634253 0.75226146 1.51220822 1.08195853
    1.11279786 1.31070626 1.6259861 1.24188578 1.4580785 1.309237
    0.900622904 0.730284035 1.37847316 1.53382981 0.661091685
    0.875076115 1.64544284 1.29817975 0.88770026 0.878604412 1.61287129
    0.819740415 1.33205581 1.33082318 1.06668293 0.94525677 1.60615933
    0.917757571 0.961997151 1.22493887 1.49531317 1.12715983 0.94820869
    0.670919776 0.741230607 1.27428913 1.36333072 1.05721176 1.43135393
    0.921130359 0.954312801 1.58704746 1.1408155 1.48156595 1.3058989
    1.39898789 0.852872252 1.68659282 1.23966432 0.996588111 0.853752434
    1.18646133 1.23527026 1.44651484 1.42283511 1.52214193 1.12372565
    1.47653234 1.36959541 1.59498847 1.63636827 0.711325765 0.841215014
    1.18622363 0.932323337 0.764032125 0.847038507 1.34982729 1.53129637
    1.69515049 1.74503136 1.19186902 0.751666188 1.43061817 0.849940598
    0.637104869 1.42429519 1.34014833 1.05731905 1.13412297 0.919277072
    1.45725501 1.49781966 1.14731097 1.42545485 0.692863226 1.53317463
    0.873227 1.01330435 1.46445179 1.03583562 1.10842788 1.09614241
    1.69785786 1.12383604 1.25951374 1.70934916 0.900285006 1.59461796
    1.6237452 1.48501897 0.9794451 1.46285379 0.869610548 1.42707217
    0.710460603 0.787562013 1.25610733 0.92249161 1.21099424 1.29558933
    1.31784844 1.09530234 1.12190068 1.69887602 1.12190497 1.14798224
    1.47954178 1.05509162 1.02817822 1.12418389 1.44647419 1.08113837
    0.931139231 1.09026122 0.913178802 0.745533347 0.804776907
    1.29442024 0.847262681 1.06393194 1.40840745 1.18598521 1.28966677
    1.36747396 1.5912025 1.66180348 1.02612412 1.63283288 1.30237794
    1.60008752 0.78326261 1.16882074 0.731740057 1.08834612 1.13214743
    1.24061191 0.732020676 1.52206314 1.07240999 1.37986815 1.05922961
    1.16294217 1.06360769 0.974421263 1.4545325 1.0043658 1.23432434
    1.20428789 0.964614749 1.50991774 1.66048145 1.57620347 1.30779827
    1.13800526 1.65906954 0.946636617 1.47117281 0.657850206 1.0464654
    0.708067894 0.791177392 1.46175706 1.56278658 1.01183045 0.726297379
    1.00932109 1.27408254 1.08148921 1.10420883 1.61618268 0.83794111
    1.49490881 0.757875621 0.636132061 1.34909081 1.01003528 1.38733685
    1.43006122 1.37372398 0.789995015 1.30374789 1.13325763 0.906386316
    1.3198576 1.20823872 1.48073959 0.915882885 0.987636507 1.64989543
    1.48020315 1.18256152 1.47680366 1.07485366 0.896524787 0.941827536
    0.73884815 0.612086713 0.785977542 0.955256224 1.43995178 1.43453753
    0.636427999 0.778606474 1.13475811 0.681488633 1.19911206
    0.984455407 0.778739452 0.690498531 1.6039108 1.18023586 1.5385443
    1.4426657 1.52874196 1.60433364 1.19202971 1.30422747 1.48935342
    1.61638594 1.22551024 1.03393996 0.713122725 0.724025726 1.58529246
    0.844381869 1.37329757 1.64741123 1.52263856 1.57369304 1.52268171
    1.54073668 0.832848728 1.11533535 1.01334655 0.890363157 0.964677095
    1.23568106 0.771934807 0.691675365 1.53976047 1.59887946 1.09944916
    0.787270129 0.975582778 1.51630139 1.36186433 1.60176337 0.889630497
    1.46425474 1.72589636 1.62094903 0.918894708 1.53270352 1.34576571
    0.916486144 1.59980857 0.786479354 1.30839682 1.58687484 0.792758167
    1.64296675 1.05456936 1.49435222 1.67777789 0.772486448 1.35064125
    0.890716374 0.974351227 1.2316848 1.11814761 1.61134005 1.68257761
    1.28981197 1.61377847 1.64036489 0.700007737 1.25607979 1.46122348
    0.699890614 1.18087697 1.09348547 1.44453275 0.911827385 1.26859844
    0.778610051 1.66613531 1.56862199 1.19949377 1.20814729 1.18519485
    1.5010798 1.13579082 1.6865288 1.03802979 1.68866849 1.78344405
    1.43337214 1.34056044 1.6424123 0.939300656 1.17920804 1.01580143
    1.27316725 1.42416739 1.0108285 1.42351019 1.44242549 0.875102878
    1.53992414 0.87969625 0.751702547 1.70834708 1.28959715 1.48935711
    1.37290573 1.62961388 1.63076544 0.899275362 1.40317285 0.848615706
    1.43361461 1.02374482 1.4967078 1.21838689 1.29559684 1.41739893
    1.54080701 1.48700988 1.08405149 1.25250316 0.834151924 0.945408344
    1.53190851 1.04198015 1.57277536 1.07794917 1.48310792 0.756588876
    1.26546538 1.44270337 1.39430165 1.15168524 1.67074156 1.51592827
    1.43480504 1.51720583 0.751785874 1.07433367 1.6364876 0.682510078
    1.31980145 1.18702543 1.10575664 0.766093969 1.24139667 0.62323004
    1.15996337 1.41463053 1.27238822 1.61841977 0.920169055 1.11650288
    1.58714926 1.64187264 1.01208818 1.02349913 1.46402669 1.0740931
    1.14479005 1.60906959 1.20782888 1.32133985 1.66838574 0.88043642
    1.71565878 1.03137767 1.14534402 1.62288475 0.879976928 1.25138772
    0.891623914 1.20156348 0.816074908 1.5479244 1.22191906 1.34443498
    0.802426636 0.758692682 1.15455341 1.34924197 0.880831897 1.34410727
    1.25223148 0.860372603 1.33757675 1.14399421 1.08684945 0.767797828
    1.5351789 1.11203015 1.183025 0.928393483 1.38798392 1.45354724
    1.07948864 1.38274431 1.01576436 1.69626498 1.39379179 0.75581044
    1.19471574 0.896236598 0.817222536 1.42921996 0.618458927 1.22082055
    1.04181445 0.761647701 0.979382992 1.14986908 0.900965452 1.16023791
    1.31517637 1.69864404 1.61617029 1.4576329 0.909183204 0.833850861
    0.949464679 0.749717712 0.704000652 1.01507163 0.939672947 1.2345885
    0.765589058 1.22430348 1.12938797 1.67024827 1.45823324 0.901874185
    1.47544217 0.965198755 1.34827507 1.10042763 0.903883755 1.64376557
    0.865827739 1.42351186 1.71348131 0.886827052 0.78011483 1.0338378
    0.853113353 0.989394546 0.856175482 1.4806689 1.59135866 1.26052856
    1.4071629 0.846842289 0.819834471 0.945533514 0.702421248
    0.596982718 0.773641527 0.677305281 0.97040534 1.37914276 1.19740927
    0.962980926 1.20394123 0.798896611 0.798588216 1.09872925
    0.876376212 0.722173929 0.907961369 0.782219768 0.829143226
    0.917659283 1.49534249 0.70126152 1.54594541 1.10298836 1.27519
    1.2145189 0.758487642 1.40515852 1.01414907 1.6142695 1.5576086
    1.63388073 0.703624308 0.910820723 0.914348066 1.30864179 1.31675315
    1.25221765 1.71832311 1.19333971 1.043643 1.31159914 0.703051269
    0.745707273 1.34741855 1.61338043 1.37508345 0.930318296 1.66733587
    1.0285449 1.03694117 1.36659288 0.831673086 1.29968333 0.951587558
    0.817099988 0.747526169 1.58895373 0.707997262 0.991096616
    1.43349552 1.42090619 0.686846793 0.873127699 1.19132662 1.2303344
    0.979548872 1.38648188 1.5867058 1.64745069 1.21843898 1.14657974
    1.50374508 1.00189948 1.07081604 1.54329264 1.00685179 0.980986118
    1.25025451 0.732264578 1.34394455 1.35427451 1.53008151 1.62364376
    1.46289396 0.916040182 1.47165132 1.11578512 1.31167412 1.21867001
    0.977648139 1.67953873 1.57417452 1.41906691 1.58424747 1.14653933
    1.2965039 1.35713208 0.945106447 1.01112747 0.906991541 1.07689941
    1.27891576 1.17753303 1.55660665 1.13936543 0.693180084 1.19318497
    1.05449402 1.03761053 1.34683275 1.02068901 1.03115439 0.746046782
    0.837994337 1.54990911 1.52417493 0.6486485 0.846616507 0.784812331
    1.71051359 1.63949394 1.49231446 1.64392185 0.974947155 0.828990102
    0.935276389 1.09854758 0.765997946 1.02402866 1.19851017 1.34023881
    0.899681568 0.872076094 1.44146645 0.98528105 0.92520541 1.45114028
    1.37447405 0.925249457 1.35924792 0.815633297 1.19976926 1.58178377
    1.54146516 0.806061864 1.50603426 0.69889468 1.05416644 0.745411217
    1.00658548 0.598432779 1.1672467 1.00751293 1.56795192 1.1097815
    1.08243239 1.10421157 1.08589029 1.22054398 0.819224238 0.980146646
    0.93453908 1.23128569 1.1880461 1.10810268 1.58008695 1.62181735
    0.835874081 0.838336587 1.33746397 1.05827892 0.756598294
    0.826847255 1.61625385 1.34479225 0.802708864 0.790277779
    0.768013418 1.57375991 1.40332353 1.52891338 1.41919005 0.968304038
    1.51632476 1.04241228 1.2036761 1.13080359 1.27326393 0.669374645
    1.31110203 0.76537472 0.907173812 1.0821414 1.30938733 1.09685695
    0.859250724 0.940990388 1.13053119 1.15519464 0.933905005 1.63011813
    0.901530206 1.6285429 0.825452983 1.34615195 0.813671708 1.46334076
    0.907581925 0.901239514 1.09945667 0.845897794 1.46553266
    0.697370946 1.34347832 0.938048959 0.781900764 1.37849391 1.13703227
    1.00021291 1.09545147 1.53006256 1.45776367 1.68724048 1.34265184
    1.15503883 1.02103305 1.362481 1.09440887 1.25994265 0.744734526
    1.45945776 0.974673867 1.4939853 0.937646568 1.37716508 0.722269058
    1.3372376 1.26931572 0.972630382 1.14063013 0.876341403 1.00175595
    1.46039248 1.22826827 1.61126673 1.65084207 1.34477592 1.130476
    1.38801646 1.10436893 1.41982663 1.02053905 1.56982923 0.872687936
    1.30164993 1.30947483 0.901845574 1.0896976 0.799877048 1.34416723
    0.908236384 0.607442617 0.646731079 1.22503269 0.725510418
    1.03255296 0.856373608 1.64765763 1.30425441 0.874718785 1.52699482
    0.584701061 0.663388908 0.594812334 0.61112237 0.921699643
    1.54475224 1.70347309 0.906498253 1.10110354 1.24457455 1.60866272
    1.40680707 0.895225108 0.853488743 1.52476096 1.20590329 0.644307137
    1.57915795 0.805788279 0.704221964 0.822413862 1.52136815 1.50937796
    1.01349807 1.437029 1.24602306 1.33757448 1.66653192 0.8220644
    0.852367163 1.28324676 0.879359782 1.16879284 1.17052567 1.00973928
    1.4546032 0.831943035 1.47697234 0.73476398 1.10566604 0.711416125
    1.54318786 0.871736765 0.75496906 1.20680654 0.936335742 0.907356977
    1.3413322 1.45365584 1.49992788 1.42408121 1.7083807 0.851869285
    1.65535736 1.4767096 1.27260363 1.77176583 1.58318686 0.954358995
    1.28370237 0.970942736 0.765564322 1.37102437 1.6633352 1.24426639
    1.30032837 0.977571905 0.920796931 0.717291176 1.70577705 1.56952834
    1.72959042 1.66925681 1.38404059 1.24889278 0.981160998 0.784133017
    0.986444414 1.47861421 1.39982796 1.66247094 1.4044224 1.58841777
    1.36255646 1.56785762 1.13138092 1.14855886 1.08818161 1.34098613
    1.48729086 0.975375354 0.800558269 1.50106275 0.936819077
    0.805046022 1.00199616 1.49847543 0.707699418 1.09167624 0.619486511
    0.707367241 0.803487897 0.756127 1.18638194 1.63129163 1.72798634
    1.15387166 1.43075299 1.74077678 1.27470696 1.3807776 1.33325243
    1.11423266 0.694243908 1.30278945 1.49116278 1.56837785 1.11986184
    0.975611448 0.654064417 1.27378988 0.694821239 0.969754517
    0.789045215 1.52235878 1.13298702 0.899481595 1.62151074 0.929222524
    0.845553815 1.04179585 1.2780596 1.47077441 0.95577836 1.46574998
    1.36424434 0.652430356 0.920046985 0.812250257 1.33257926 1.69265509
    1.45924532 1.36036336 1.2834239 0.993820548 1.37239897 0.940277934
    0.760772467 1.01838458 0.829681158 1.00535262 1.19575059 1.56633854
    1.28226709 1.42802596 1.28559339 1.59427238 1.11149549 0.910727143
    0.893995762 1.4978478 1.66446126 1.65194643 1.59708571 1.6419189
    1.13047707 0.731339872 1.29189765 1.57869995 1.08695126 1.55162132
    1.04882193 0.821687102 0.65753597 1.4818095 0.63928777 0.723906457
    1.37887061 0.562084854 1.24607015 0.788577199 0.883127272
    0.836715996 0.924515545 1.73107028 1.69053066 1.32001793 0.966908097
    1.18265069 1.37722421 1.01977277 1.46757305 0.926612496 0.664768934
    0.719849527 1.38689613 1.19474137 1.17891133 1.60785496 0.857452273
    1.50883055 1.67906868 1.67039907 1.37682486 1.46101487 1.49987388
    0.955879033 0.983504474 1.46522462 1.22270894 1.62270236 1.33373892
    0.674943328 0.829729855 1.52906787 0.896539807 1.34111309 1.14948821
    1.17528808 0.914600194 1.06335592 1.06928122 1.70204771 1.57586789
    0.733588219 1.03470814 1.13987279 1.35386252 1.01555705 1.56117666
    1.4923743 1.029176 0.699361384 0.863252521 1.03794897 0.795733452
    0.999758482 1.45245624 1.61260557 1.24818265 1.19453955 1.45402014
    1.17157543 0.972652853 1.48611641 1.375368 1.02324831 0.650115073
    1.23801172 1.01136148 1.32598472 1.43789315 0.684357464 0.754124105
    1.25630558 0.796114624 1.06578612 0.616775453 0.726028681 1.09593058
    0.768140018 1.02429426 0.835208058 0.78704077 1.33924818 1.28634834
    0.707501709 1.20398676 1.31985557 0.90865159 0.794087052 1.19002891
    0.9209795 1.49042034 1.4417485 0.827026367 1.6318351 1.05837297
    1.46989155 1.57444429 1.60208714 0.912237883 0.749102056 0.990797281
    1.39598453 0.76479584 1.6161772 1.55443585 0.790841401 0.942287564
    0.762596965 0.671801388 1.53005552 0.920185924 1.46448469
    0.757729292 1.43804562 1.21744442 1.53296185 1.06295514 1.59310687
    0.951615334 1.60853541 1.67084026 1.54950953 1.05460942 1.10621846
    1.60818911 1.34988844 1.71381545 0.86791575 0.82986325 1.47436285
    1.64255726 1.28566456 1.54010046 0.714033127 1.63078105 0.70574528
    1.58751583 1.64379239 1.05010259 1.47643209 1.35125303 1.15397501
    1.67609382 0.962801933 1.35419059 1.71660769 1.0659138 1.44766974
    1.16851521 1.08810854 1.25458372 1.40273046 0.948186398 1.18196142
    1.20302343 1.16021013 1.17713141 0.928199232 1.69629025 0.917826653
    0.887993515 1.61593819 1.07432413 1.36861944 0.897430539 1.04624796
    0.912139118 1.5354948 1.07204461 0.73206985 0.925015271 0.746016204
    1.61966324 0.874299586 0.746718168 0.812136292 1.43383694 1.04369974
    1.62903917 1.21032703 1.35051167 0.89098829 0.948220611 1.37397671
    1.1172843 1.00796485 1.61987233 0.989311874 1.60320485 0.975721002
    1.03005064 1.07894409 0.726460993 1.37484574 1.10937297 0.688645065
    0.718000054 0.638086796 1.43696558 1.4314146 1.52977288 1.21730494
    0.688655019 1.02307558 1.07998919 0.724967957 1.36207306 0.618552804
    1.06846035 0.723017812 1.11409402 0.932324171 0.949973226 1.39241958
    1.28932726 1.45052278 0.95148927 1.65576041 0.847871125 1.39166856
    1.20671153 1.31134272 1.59034562 1.65961111 1.67176497 1.64539111
    1.31875932 1.41331005 0.994979799 1.40420401 1.33259702 1.48300123
    0.909793556 1.55349362 1.45985818 1.14759409 0.693609595 1.44280875
    1.27516448 1.08312142 1.01988411 0.758257866 1.51049161 1.02865446
    0.952411354 0.917514443 1.49897516 0.701043546 1.50433755 1.12848103
    0.773340881 0.663705409 0.629553676 0.884021103 1.28044558
    1.59222865 1.46310961 1.43717182 1.20519698 1.01038814 1.04790235
    1.20238185 0.812414527 1.14795423 1.26629138 1.01725042 0.77553606
    1.13057959 0.638441503 1.50943041 1.031775 0.829477668 0.818550289
    1.21740592 1.69812369 1.2424103 1.42600524 1.51898766 1.2362963
    1.3912251 1.33300149 1.5730865 1.59011281 1.61542499 1.2746588
    1.56592476 0.73535043 1.09096074 1.45636225 1.55800104 1.4154048
    1.53999937 1.5382489 1.34944892 1.53727913 0.934977233 1.15955675
    1.30109704 1.47005451 1.69986308 1.06487882 1.71438396 1.17386568
    1.47473168 0.880484641 1.55619049 1.21719015 1.46301699 1.61410522
    0.776286721 1.6349566 0.826152086 1.49300897 1.2319032 1.49057722
    0.854345918 1.18115294 0.909794569 1.34783113 0.74236846 0.891029
    1.45605183 0.623180211 0.688136816 1.0932759 1.25564873 1.05894589
    1.41566706 0.856892049 0.87574631 1.00419569 0.67791748 1.57736254
    0.660162926 1.44731152 1.33214092 0.842864215 1.43287039 1.39265394
    1.50318944 1.26768541 0.899736404 0.951761723 1.17006409 1.42159379
    1.34963655 0.973784924 0.837786615 1.43603551 1.09051383 1.46158981
    1.69679701 0.896506846 0.926536918 1.0074755 1.13215637 0.874261439
    0.656913579 1.43173945 1.26829064 1.26933897 1.57306504 1.26490939
    1.09542894 1.17603505 0.949472666 0.970210373 0.972865105
    0.806610346 0.878867626 1.416466 0.912015259 1.17107248 0.811357558
    1.37074792 1.48458731 1.10159552 1.01038384 0.813461483 1.33177829
    1.57225943 1.4967252 1.32711518 1.65931737 1.43647695 1.23603487
    1.68774736 1.65265572 1.59977698 0.964616358 0.762965798 1.46283865
    1.47309411 1.65134454 0.765133321 1.73546875 0.884144306 1.59773326
    1.4004637 1.12583053 1.26063943 1.49568355 1.02396595 1.04993629
    1.31291544 0.683375299 0.851516426 1.29828191 1.20422018 1.10989726
    0.73850292 0.929485202 1.30875456 1.40897799 1.3896172 1.1403954
    1.15260613 1.14427853 1.4058702 0.988258183 0.959706724 0.955719888
    0.817513287 1.28081512 1.03772378 1.11325479 1.23415363 0.924669385
    1.31866968 0.607395351 1.2673384 0.953630447 1.34897876 1.22494054
    1.66723394 1.25713634 1.28051114 0.927553177 1.03280413 1.23545599
    0.657974601 0.963405609 1.24258924 1.37962365 1.1797235 0.798263669
    1.20889354 1.16955698 0.829620481 1.28487098 0.938763618 1.00175095
    0.679874063 1.47351885 1.11322165 1.51428521 0.660841525 1.65361106
    1.58016968 0.934131742 1.44663739 0.726825118 1.51901817 1.23320997
    1.14322078 1.54648387 0.64301914 0.815360963 1.5425787 0.792222619
    1.22395217 1.35894465 1.32553232 0.904969394 1.51400054 1.43092036
    1.67475224 1.51773715 1.4532001 0.979065835 1.39907849 0.97231698
    1.43720233 0.958571672 1.47240472 1.51199257 1.1407249 0.685839176
    0.81183064 0.779336691 0.814682543 1.0568856 1.14644825 0.923946261
    1.49534416 1.44768608 0.701663196 1.01186013 0.995509684 0.764460862
    0.996021986 0.666674197 0.658516228 1.49902523 1.40184426 0.62689656
    0.635304868 1.48931491 1.59597087 0.696938574 0.834410369 1.36499691
    1.51632166 0.950896204 1.24130189 1.73416746 1.64492738 1.29433
    1.35035622 0.8855474 0.792676568 0.662483454 1.60549057 0.770096481
    1.09630501 0.923913777 0.739982307 1.49534202 1.10161793 1.60116863
    0.964487016 0.9048087 0.865958512 1.62790346 1.58786416 1.09474158
    1.21556115 0.958987415 0.938767254 1.10135996 0.681137383 1.41356802
    1.30931187 0.995678127 1.54823756 1.68613076 0.877262533 1.12385464
    0.787126899 1.53853309 1.58380449 1.28299916 1.75283849 1.58011162
    1.51447213 1.70022357 0.823633909 1.45110178 1.61192667 1.26157677
    1.42742729 1.34640443 1.70841789 1.27320325 1.41464603 1.71768463
    0.874038517 1.13235259 1.69172335 1.62731147 0.942132413 1.60989404
    0.812557518 0.911885262 0.688932061 1.18200386 1.51825178 1.17138481
    1.12549889 0.654233694 1.23859751 1.2376343 0.730386913 1.37972438
    0.967244864 1.56532812 1.2725271 1.07488847 0.632311106 1.46318877
    0.762272 0.663122416 1.54572845 0.848944128 1.34950054 1.53425562
    0.77512157 1.04366314 0.613761723 0.941840827 0.80502218 0.725274146
    1.29242671 1.49400258 1.40462697 0.937096775 1.54067624 1.72261453
    0.796075583 1.48906839 1.20271206 1.36038625 0.695238888 0.999912202
    1.57297575 1.07335317 0.741337419 0.78748405 1.23417437 1.19416404
    0.680737376 0.901616693 1.46439159 1.10325956 1.27349472 0.946328402
    0.622137308 0.84315002 0.755607307 1.64843976 1.58170533 1.71082592
    1.41990733 0.957408786 1.74550831 1.60142601 0.939239621 1.59728622
    1.48213136 1.22696459 1.55775106 1.47323644 1.226246 1.32825911
    1.00438356 1.25763726 1.12909281 1.05159354 1.72488034 1.26539493
    0.872052252 1.32607138 1.252213 1.19990396 0.916387916 0.695544124
    0.770829439 1.65063477 0.760723412 1.49105251 1.10761666 0.724510312
    1.39565325 1.30431938 1.25152802 0.951404154 0.81074965 0.855316043
    1.23038375 1.46023762 0.862626016 0.876501679 0.996775448 1.38426197
    0.67359823 0.69339323 1.61539233 1.05497468 0.729362547 0.921650887
    1.41419458 1.40859425 0.93576622 0.865949392 1.61051643 1.57135832
    1.40969253 1.22709835 1.03746712 1.0318495 1.45150042 1.57987714
    1.20450342 0.994725168 0.704376757 1.09360993 1.34260726 0.916163743
    1.06594527 1.46950519 0.896444142 1.02193546 1.52162182 0.8857705
    1.4389317 1.28218532 0.991099358 0.916196227 1.25839853 0.77478379
    0.832116306 0.823212981 0.873657525 1.17258537 1.03014791 1.54335189
    1.5712409 0.659012496 0.659062982 0.704300821 1.34062994 1.40246212
    1.60662854 1.35737932 0.950497866 0.895596266 1.60479128 1.53795457
    1.25199473 0.98973304 0.767049491 1.412135 1.29560518 1.6900264
    0.766596675 1.08014667 1.69065356 1.05543184 0.821917772 1.19193077
    1.48956537 1.42240202 0.712803721 1.20505655 1.53864038 0.691360414
    1.67195284 1.61350501 1.34910619 1.25338674 1.02465785 0.797537684
    1.20428371 0.715503752 0.840144932 0.710844159 1.10176897 1.56664753
    0.812551379 1.29885876 0.627979934 0.892431676 1.25509059 1.18527651
    1.22980237 1.60131669 0.915985227 1.42652404 1.61949909 1.67883897
    1.10992193 1.29872847 1.6889205 1.55881047 1.24652696 1.3815006
    1.02292454 1.41257763 0.917916656 1.25894177 0.947571278 1.38285184
    1.28802025 1.55878425 0.973579884 0.843828797 0.963429391
    0.861782074 1.67649472 1.45850706 1.59113336 1.12244153 1.0854677
    1.21313012 1.40313745 0.735353589 1.14756882 1.03051877 1.65670836
    1.08447731 0.932310283 1.55125773 1.17486012 1.10929477 1.38344193
    1.63712597 1.21864367 0.897789001 1.68216395 0.883457899 1.29522526
    1.72384357 0.76234293 1.38744247 0.99406296 0.810305595 1.16032994
    1.34792984 1.47614574 0.769655764 1.56952214 1.40333164 0.870472789
    1.50792432 1.57409048 1.00413525 1.34128833 1.70059276 1.74066532
    1.17634535 1.20000446 1.39224052 1.18547332 0.698228955 1.60366476
    0.854290426 0.934016287 1.40556729 1.25364959 1.18895662 0.87044692
    0.718919516 1.44745588 0.789920092 0.959611595 1.02154016 1.46545362
    0.757399678 1.0405097 0.860621274 0.753673851 1.00514221 0.821448565
    0.846546113 0.993034959 0.853900611 1.1308862 0.632909596
    0.861968875 0.668619633 0.928534806 0.864174783 1.50801694
    1.43933141 1.39952672 0.873744071 1.4491787 0.631612003 0.72366029
    1.08248007 1.40179396 1.5448699 1.13183594 0.91620177 0.935877264
    1.28642571 1.23042238 0.72940433 1.05594611 1.60601151 0.667582035
    1.1809361 0.733843863 0.714367092 0.801473558 1.47268832 1.15555668
    1.18845427 1.53431273 1.11389625 1.60579669 1.66155398 0.825898111
    1.56140387 0.92635721 1.33448315 1.43479443 0.896084547 0.716633201
    1.0288496 0.987964034 1.44732571 1.20546293 1.64714229 0.742587566
    1.62803626 1.20434999 1.40864301 1.42989397 0.810220063 1.23687696
    1.49827313 0.658877552 1.52342439 0.922012269 1.21581054 1.25578606
    1.08436859 0.976944447 1.27638686 1.03627884 1.65329838 1.44581747
    1.1836319 1.58989131 0.77231425 1.56404078 1.29021692 0.936279893
    1.32216883 1.42295194 0.939644992 0.642552614 0.943615854
    0.677718818 0.834824383 0.746540308 1.29254448 1.06415725 1.17885506
    1.20366824 1.5971719 1.60867453 1.07532644 0.955398023 1.4484247
    0.811553359 1.09322929 1.54082036 1.23543847 1.48153687 0.62550801
    0.911131024 0.668191791 0.90758431 1.12815928 1.46452153 0.828904986
    1.65119302 1.42383921 0.712409794 0.902955234 0.661512077 1.10639024
    1.31570351 0.659591973 1.16963863 1.30275166 1.10886157 1.55510843
    1.05288279 0.901396394 1.31804979 0.998349249 0.656315267
    0.687584817 0.644355178 0.89296186 0.710035324 1.15595305
    0.900193095 1.63839459 0.94107765 1.43286979 0.97486949 1.48370171
    1.06333065 1.37361491 1.42400599 0.949635744 1.15152955 1.54757798
    1.34914696 1.3404057 0.944722235 1.7105397 0.728340626 1.27996635
    0.996365488 1.15792131 1.53237545 1.10271037 1.0393796 1.48654127
    1.19442225 1.09779739 1.14587069 0.870803177 1.10096288 1.18011868
    0.739091098 1.29331493 0.642870188 1.51633465 1.43074882 1.36408758
    1.22259796 1.32328308 0.886498511 1.24840307 1.31536829 0.961969256
    0.833764732 1.71537447 1.27345419 1.5686512 1.40141702 1.44571924
    1.62410307 1.07315803 1.34844851 1.13297844 1.08648145 1.19103539
    0.741056919 1.29201484 1.49160194 1.17352259 1.1288712 0.881522834
    1.50758421 1.2333672 0.987248123 1.27307367 1.52208161 0.853397369
    1.45135868 1.26383972 1.27565968 0.866386175 1.17771232 1.09193516
    0.991438448 1.19059217 1.07788908 1.47341073 1.13301671 1.38651657
    1.33537471 1.36937726 1.19242573 1.70211518 1.72476995 1.30091715
    1.41269624 1.56267142 1.32015502 1.43667853 0.738932431 0.944303632
    1.15702868 0.696895421 1.40017962 1.45277107 1.61449635 1.20685136
    1.61785603 1.33389831 1.08633733 1.20216441 0.899095476 1.12881184
    0.722953916 1.18188727 0.885592043 1.34396327 1.53721666 1.50191104
    1.32841635 1.24363101 1.45796275 1.36509824 0.896845222 0.757854044
    1.39901876 0.834718406 0.657219946 1.00668895 1.16170859 1.2591188
    1.26983213 1.44042194 1.56279945 1.5480721 0.81800139 0.740005791
    1.63534093 1.58292425 0.846178234 1.61601567 1.1018666 1.11587989
    1.43467867 0.739811361 1.30198514 1.52964377 1.37428248 1.06627321
    0.707744122 1.62461364 1.18565583 0.750494599 1.46846175 1.23035192
    0.847318411 0.723748028 1.18089557 1.27696729 1.19039369 1.21061218
    1.11276817 0.887237847 1.15816522 1.58099961 1.06568062 1.44825208
    1.26507735 0.913019061 1.08199215 0.740755022 1.06737053 1.08875358
    0.833579779 1.64955986 1.06695855 1.68578458 1.33044469 1.39406025
    0.790767729 0.880634904 1.01611412 0.739436805 1.38306153
    0.808679521 1.29004562 1.50910664 0.82057333 0.77731055 1.68034816
    1.0335511 1.47221673 0.789283216 1.19222367 1.2652142 0.82795161
    0.690287769 1.57594097 0.831386268 1.20261979 1.4935298 0.636746645
    1.21321619 0.988559723 1.48642552 1.2388804 1.10135138 1.52137804
    1.48217189 0.77065748 1.22408915 0.867490292 1.17903662 1.09714532
    1.0624764 0.943280995 1.6020577 1.27970541 0.879585266 1.16943812
    0.9317379 1.1999222 1.54224038 0.917918086 0.750008225 0.910157382
    1.41777992 1.10627639 1.37239146 1.52839494 1.12506771 1.48949921
    1.33528578 0.758767724 1.20599079 0.84662509 1.26455009 1.53335238
    1.0342437 1.54925942 1.32488847 1.29409301 1.09161508 1.56336522
    1.14442468 1.37581086 0.95034039 1.5222857 0.748107553 1.44243085
    0.703979671 1.19735527 0.61393559 1.65121019 0.708152235 1.03511226
    1.14179456 1.20676446 0.792792499 1.22608638 0.862881184 0.697810531
    1.38580108 1.13340795 0.86071682 0.697379053 1.59914505 1.11745381
    0.665166438 1.36175406 1.54695356 0.786409378 1.14813769 1.66938329
    1.43073952 1.6228317 0.921750307 1.23487961 1.18841708 0.885993361
    1.16770065 1.33527863 1.14107668 1.35938823 0.852882624 0.685299575
    1.30198812 1.50272548 0.877002954 1.07720697 1.47755253 0.677900374
    1.54505694 0.693080246 0.883144736 1.26252091 0.975357354 0.74683398
    1.42588139 0.894855976 0.682785034 0.970162809 0.627164841
    1.43604636 1.33289993 1.03502882 1.17717433 1.2771734 1.33738267
    1.45635998 1.42660618 1.01840627 1.64205873 1.18633413 1.37028217
    1.61835647 1.20768523 1.2631526 0.938691556 1.12717092 1.31427157
    1.6436913 0.726587772 1.10018325 1.01511168 0.727972865 1.5312767
    0.979533553 1.25818956 1.41549766 0.931004703 0.764173925 1.29230988
    1.34498298 1.57935905 1.14640582 1.67101943 0.69568634 1.01815784
    1.31771767 0.904371321 1.26862216 1.339131 1.12944269 1.60474551
    1.54293883 1.7514919 1.41075933 1.23378909 0.785402417 0.938020766
    0.962104559 1.74789882 1.34161842 1.27525842 1.33482933 1.31906796
    0.947732389 1.1895262 0.919123411 0.942393959 1.61469126 1.23819804
    1.40277231 1.09877145 0.951128304 0.941173494 0.677640915 1.29025304
    0.760882497 1.45304835 0.842614233 1.50447953 1.67468488 1.36759448
    0.796104729 1.47072208 1.05328965 1.46563423 0.666871548 0.767514229
    0.644640267 1.18356037 1.33375728 1.24410522 1.48156178 1.42806554
    0.943279862 0.968259871 0.654213488 1.38652956 1.42373407 1.54189551
    1.62769902 1.29527521 1.48160636 1.44288099 1.06232965 0.913127422
    1.19333112 0.778091431 0.744154394 0.689426184 1.3546356 1.42563689
    1.52368343 1.52285373 0.793857515 0.864071965 1.44065344 1.24592412
    0.964383006 1.60918975 0.709943533 1.59197843 1.66817796 1.56310952
    1.60221195 0.909709394 0.800688922 1.55794716 0.694001079 1.3286221
    0.819847643 0.985880911 0.755526364 0.754696667 1.40291297
    0.977376997 1.25694466 1.13412738 1.78826892 0.944945514 1.3253268
    1.44560182 0.800036371 0.850520968 1.2882359 0.75665313 0.862769544
    1.56367922 0.670259297 0.95475328 0.87953949 1.02827156 0.979796767
    1.68452227 1.6141597 1.38473988 0.82518065 1.39895165 0.991243005
    0.62410605 1.23437548 1.47763407 1.34960425 0.705670655 0.671425939
    1.48419297 1.34145272 1.1759156 0.729548514 1.0797379 1.12680507
    0.739744723 0.738295555 1.29689455 1.0279243 1.35831559 1.16768038
    1.15326595 0.833862841 1.04944265 1.0837934 1.03882325 1.28434765
    1.025002 0.76980108 1.20117807 1.38597155 1.36186445 0.891233563
    1.09895563 1.05306673 1.1719538 1.43091214 1.17498314 1.11402261
    0.696688592 0.949025095 1.26745558 0.987432063 1.55268407
    0.970729172 1.00610948 1.05022299 1.1564666 0.627835095 1.63838255
    1.07664251 1.51292694 1.19638026 0.873829782 1.01632595 1.64099932
    0.981619298 1.54386449 1.02129614 0.755684853 0.894980371
    0.739940047 1.6234436 1.29536879 0.89706856 0.728283405 1.5024159
    0.874168754 0.841115236 1.38461363 1.38330352 1.55932462 1.18411899
    1.13231695 1.15294445 1.35039735 1.19208586 1.12012136 0.839987338
    1.45312059 1.43103564 1.01725292 0.650985181 1.30129147 1.14527917
    1.24427998 1.36120665 1.22461677 1.01626825 0.750728071 0.741074383
    1.46456254 0.817966163 1.35886765 1.21618211 0.68350929 1.03697097
    1.52314425 1.25866449 1.59249043 1.46118069 0.84537828 0.906327188
    0.826827049 0.651922345 1.51028728 1.55605388 1.00997221 1.21081543
    1.26870418 0.880082488 0.846808136 1.07227826 1.63902783 1.55000293
    1.5712105 1.73213863 1.08329618 1.71671128 1.34849393 1.01317513
    1.24167991 0.954946041 1.37285995 0.771934927 1.25580823 1.46856213
    1.20682836 0.946318686 1.68423021 1.34750795 1.02195704 1.22990489
    0.717630327 0.773768008 1.54121268 1.6379087 1.38617504 0.910925686
    1.53232408 1.63470566 1.07606304 1.41938531 0.982106447 1.61315846
    1.14634371 0.797764778 1.38384926 1.58006155 0.8770504 1.4022342
    1.65378642 1.68210995 1.73118186 1.28576791 0.829007268 1.63664746
    1.23302996 1.08174539 1.13362515 0.78403312 1.23078215 1.28801584
    0.997332513 1.53390324 0.876768589 1.01063776 1.376297 1.44820619
    1.62864292 0.893113852 1.25849116 0.748585701 0.912299395 1.2003659
    1.50661266 1.09852469 1.64045751 1.32849336 1.67415881 1.02100706
    0.736955643 1.54825187 0.931130826 1.55828953 1.51611793 1.5817132
    1.27276289 1.11777651 0.730225384 1.38078797 0.704983056 0.752195358
    0.663301229 0.892340779 1.26453173 1.12963259 1.15758574 1.60864019
    1.6966002 1.70960903 1.76248062 1.62059212 1.61008584 1.38783765
    0.678682268 0.93825537 0.900576413 0.829605103 0.586758137
    0.754411697 0.91177696 0.86746192 1.43568933 1.27666998 0.67914927
    0.910314381 1.10115087 0.797046423 1.03677511 1.31762123 1.55368769
    0.942595184 1.0034318 0.982902884 0.680006802 1.05986953 1.18098271
    1.46773028 0.828184128 0.837943077 0.859990597 1.4273572 1.07682884
    1.28343546 1.01602197 0.755301893 1.07207632 1.0330925 1.53964746
    1.41252446 1.05771589 0.680741906 0.602357268 1.42161489 0.899409354
    0.768546283 1.23191047 1.17565942 0.920432925 0.991585433 1.57700801
    1.28604019 0.871011198 0.869059443 1.03176105 0.705651104
    0.840434849 1.60779953 0.817357838 1.19192052 0.975309193 1.25653577
    0.966910481 1.39152825 0.656932831 0.829843581 1.13316882 1.59484208
    1.49245572 1.3141129 1.13084519 1.36001003 1.55082762 1.46499062
    1.31421089 1.44710588 1.67410219 1.00412977 0.853737593 1.52553368
    0.678714633 1.47982216 0.723447084 0.944650888 0.914607346
    0.900140464 1.25866115 0.765289962 0.704072714 0.775456488
    1.51326025 0.800802886 0.981713772 1.63132393 1.63818562 0.678943992
    0.840145767 0.693060994 1.34457517 1.36862767 0.980657935 1.6317296
    0.690874457 1.07809079 0.809644461 0.912985384 0.906659722
    1.52156746 1.47727823 1.55489016 1.60310102 0.657877564 0.795554459
    1.45758545 1.37966406 1.36209917 1.4626478 1.64878201 1.07106662
    1.23771501 1.3457036 1.51234984 1.21125948 1.33854234 0.925241947
    0.632170081 0.983062863 1.11725438 1.50841749 0.714397609
    0.991738439 1.3723222 1.10264194 1.50405371 0.728516638 1.29074621
    0.746839106 0.732756793 0.78391844 0.651598811 0.896179378
    1.48884988 1.51948118 1.47709918 0.908886075 1.62906075 1.19714761
    0.764489174 0.783197284 0.953288019 1.3550843 1.35360038 0.748690486
    0.779999018 1.42478657 1.04411149 1.37828696 1.07779562 1.04748416
    1.43289399 1.4710592 1.0922997 1.14959669 0.971976042 1.14325571
    1.25566328 1.00861394 1.56154394 1.15977228 0.747515678 0.775204301
    1.08759606 1.48194039 1.03160691 0.895042002 1.56802392 1.55944669
    1.6023562 1.69981647 1.23710155 0.777038634 1.1294769 1.67446351
    1.6337465 0.824429929 0.994184494 1.36497056 1.02795815 0.786220968
    1.24214971 0.837094367 1.60297155 0.910679519 1.5644927 1.12350714
    1.37380171 1.51266563 1.40327811 1.49430668 0.837149203 1.44143045
    1.1128701 1.37996733 1.59924567 1.09779954 0.944453299 1.42409801
    1.66624665 1.31452441 0.850457668 1.09901416 1.37809503 1.22533846
    1.69900751 1.43816161 1.41015518 1.27671063 1.00507891 1.37771702
    1.0211165 0.894713342 1.67333746 0.719911277 0.709563792 0.864346266
    1.05158234 0.843916416 1.26863873 1.23998666 1.33177006 0.882131636
    0.636867166 0.813903272 1.16782534 1.49302256 1.1971544 1.49056697
    1.12328529 0.846989751 1.42546439 0.983827651 1.45868862 0.821180284
    1.14965379 1.1104939 0.842497706 1.47740924 0.954251409 0.935785532
    0.783162594 1.54639697 0.740627229 1.56683171 1.0778687 1.21244001
    0.855294406 1.35559738 1.36548805 0.921312332 1.46710992 1.62444997
    1.11555457 0.612246633 1.07952654 1.40093124 0.94067961 1.24544466
    1.34343994 0.660847723 1.08568978 1.59320092 1.10573506 1.59947193
    1.0777204 1.16139317 0.953805149 1.62718546 1.6330868 0.856623113
    1.64219081 0.859826922 1.05612385 0.918540657 0.872772634 1.46154416
    1.61462057 1.25540185 1.07117212 1.58227229 0.808076918 1.62306988
    1.19900346 1.11049891 1.63581848 1.38292539 1.21188927 1.19203162
    1.24698913 0.887258768 1.37408578 0.680946648 0.75142014 1.58900785
    1.38386381 0.934453547 1.53428555 1.49548781 1.53885376 1.39427233
    0.893611491 1.65789044 1.20743215 0.977616847 1.15623474 1.64582217
    1.68336833 1.14108801 0.915314674 1.2488296 1.32347846 1.32194424
    0.69807148 1.18926263 1.34829903 0.989116848 1.50377142 1.35969794
    1.46189368 0.814975083 1.54133964 0.683947623 0.760258794 1.23614275
    0.725581646 1.46369386 0.809827268 0.821815431 1.23613477 0.87989223
    1.33898127 1.48722947 0.923552871 1.56783617 0.886747241 0.907359004
    0.652592838 0.999931395 1.31656492 0.965988815 1.38366234 1.43545651
    0.789153337 1.01372743 1.35082173 1.49917972 0.981974602 1.66113067
    0.934322774 1.3018229 1.0357157 1.58113313 1.35632169 0.83039093
    1.14186287 1.18600535 1.60589635 1.29851246 0.715211809 0.961895049
    1.18263113 1.0640775 1.1617347 0.949094832 1.35066342 1.41093791
    1.10839117 1.49675477 1.54070306 0.703483105 1.38376689 0.846224308
    1.19491863 1.3993932 0.767803013 1.10823095 0.927842557 0.881659985
    1.64738011 1.67391765 1.00197184 0.749958932 0.769524038 1.19394863
    1.30637538 0.954497099 1.39565039 0.798570812 0.680385411 1.36790645
    1.27514982 1.40146935 0.740844309 0.963328004 0.746515095 1.12175572
    1.57702267 0.945725381 0.86263448 1.58395255 1.08497798 1.25244129
    0.764214814 0.968000114 0.983059049 0.826873004 1.32825613
    0.732443213 1.37339866 1.35702705 0.968842804 0.958456099
    0.896421015 1.41332507 1.03145599 1.36063707 1.68130684 1.45683956
    1.71365273 0.763892055 1.45747113 1.70064223 1.60694551 1.5167799
    1.66716015 0.945064485 1.07748151 1.39694941 1.55120957 1.16850829
    1.49560654 0.864486039 1.08743954 0.691956639 1.09122455 0.612967491
    1.10920262 0.93917501 1.08368838 0.996999204 1.48062086 1.28960598
    1.42868197 0.937208772 1.6158582 1.22670627 1.03693378 1.6231029
    1.55192327 1.5107491 0.786654055 1.52940106 1.32591558 1.61779523
    0.989768684 0.954694271 1.29774392 1.24743617 1.70241201 1.11651957
    1.46189475 1.51992762 1.52067637 1.52667201 0.742257178 0.786188602
    1.40539384 1.42470372 1.33151066 0.934314191 1.54100621 1.51289141
    1.15048075 0.828184247 1.34549654 1.12043417 1.047086 1.39563239
    0.787138581 1.44306195 1.17845213 0.94314903 0.936553061 0.619691491
    1.28420186 0.786265612 0.80149442 1.38142574 0.88259697 0.861153126
    1.67514157 1.57961452 0.948798358 1.54253864 1.23412073 1.2250551
    1.11439323 1.20753002 1.13271475 1.26115215 1.13302433 1.49749422
    1.57358623 1.82656288 1.80213845 1.18730557 1.64525425 1.46477294
    1.14658165 0.989013255 1.16891432 0.81571418 0.986964583 0.818294227
    1.08240557 1.38648617 1.01545584 1.49487388 1.01043868 0.647280812
    1.52260208 0.935851514 1.65954506 1.58658063 1.22583044 0.962344885
    1.71404982 1.25813425 1.58699894 1.53402495 1.18064475 0.895345032
    1.37210989 0.866827905 0.757914722 1.48783648 0.901366889 1.36130428
    1.51493454 0.874318898 1.21451044 1.13902652 1.38613832 0.995320082
    1.37601435 1.02073371 1.05171788 1.08741081 1.33645308 0.716588557
    0.877307415 1.70440471 1.60114861 1.41571188 1.55271828 1.30360401
    1.63743436 0.742403865 1.35914981 1.06177223 1.41928399 1.4206121
    1.16231167 0.75514102 0.904347718 1.06735575 1.24934936 1.1033051
    0.867579579 0.982909381 1.22758603 1.08332384 0.872395158 1.2911917
    0.851340473 1.26908684 1.59731925 1.57454026 1.21361876 1.6556524
    1.20856774 1.4957509 1.47324634 1.47878528 1.52748525 1.55986691
    1.476017 1.48546469 1.6106528 0.851513565 1.11216581 1.38866675
    1.0915525 0.966359675 1.30066323 1.54338038 1.4060992 0.791388214
    1.35151601 0.764514267 1.16004288 0.770116389 1.57786012 1.59090269
    1.27410507 0.718846083 0.871846676 1.11898971 0.990074396 1.05632675
    0.875369787 0.729494214 0.706674337 0.624679148 0.924531639
    0.792287052 1.35399747 1.37131238 1.22124505 1.17464721 1.59975958
    1.52424574 1.26291656 0.92612797 0.983186245 1.59789801 0.99436903
    1.26170647 1.61739266 1.47568882 1.64998853 0.958082616 1.47193897
    1.01461911 1.63334 1.6153537 1.28472078 1.49985087 1.1840024
    1.15272439 1.04678547 1.09995353 0.686282635 1.1412127 0.605263233
    1.01636803 0.621600389 0.960021377 1.42025578 0.76159817 1.40619278
    1.08273852 1.06425989 1.56487679 1.31290543 1.53839111 1.38075626
    0.798287511 0.947448015 1.17163658 1.37123442 1.38209629 1.48311663
    0.797859728 1.57140887 1.13019013 1.21156764 1.0359937 1.57833207
    1.15760016 1.51611221 1.55175197 1.33250439 1.67065167 0.896439135
    1.05376124 1.46859491 0.766152143 1.32062757 1.12913263 0.779089987
    1.47860682 1.11054909 1.55973899 1.10361862 0.989149153 1.67303634
    1.62078941 0.760409653 1.13538074 1.55622387 0.687453985 1.21283221
    1.45912993 0.666423738 1.29128063 1.17193627 1.12866569 0.806212723
    1.1959393 1.39679432 1.32013571 1.08292329 1.46528101 1.58966374
    1.20792103 1.48907721 1.54589927 1.74650013 1.35878193 1.46426308
    1.20929074 1.61067176 1.17581034 1.43034172 1.68740964 1.64465153
    0.961961806 0.729577482 1.5653199 1.00177264 0.864911497 1.55607915
    1.13666105 1.15140879 0.80980736 0.707468927 1.10174227 1.06046891
    0.762833476 0.995056152 0.975230277 0.677867591 1.38744414
    1.46785831 1.43422246 0.808973253 0.757852733 0.807677984
    0.835845828 1.02556324 0.701802671 1.25753558 0.713248968
    0.897828341 1.50071013 1.48577058 0.887151599 1.04704607 1.6210053
    1.55552566 0.926951349 1.43466866 1.48737371 0.886507034 0.873601615
    1.56462967 1.37384999 1.80031407 1.04405594 1.50471377 1.32745492
    1.20146823 1.58333349 0.815003991 1.3723768 0.752204657 0.743690968
    1.16857362 0.835365951 1.35097611 1.14025509 0.941573024 1.56327713
    1.26266038 0.808871269 0.992500782 1.59783554 1.34222496 1.52827883
    1.42796707 1.62782478 1.21209311 1.19678903 1.16598499 1.14470506
    0.774634123 1.59435749 1.38412905 1.1568023 0.888248265 1.53634036
    1.22346222 1.1420424 1.53621483 1.18273807 1.27279711 1.42971694
    0.838436127 1.08111835 1.08451295 1.27146852 1.44958699 0.713784933
    0.917872906 1.21974695 1.28542447 0.861623824 1.71410787 1.60704935
    0.794962883 1.3417536 1.15410721 1.15961123 1.72012281 1.74889743
    1.73450255 1.58978164 1.22680831 0.841927171 1.17902946 1.0541501
    1.48299897 1.2966764 0.759771407 0.804788351 0.712132037 1.222031
    0.932263434 1.49340689 1.22560728 0.833037138 1.32464015 0.927767158
    1.02594829 1.077443 0.798383057 1.37336397 0.849817336 0.983999848
    0.709772706 1.37274253 1.33955956 0.780618548 1.14338994 1.56464338
    0.759209156 1.215536 1.53353906 0.708230734 1.61000156 1.22406042
    0.984501421 1.5199151 0.780783951 1.22046328 0.687739789 1.5079751
    1.58457255 0.875124574 0.747387588 0.836097956 1.36520588 1.43830061
    1.42958128 0.729587674 1.09941077 0.948810399 1.22735679 1.39024365
    1.53310609 1.37684691 1.00952065 0.754558802 0.861471713 1.2863493
    1.44469607 1.13380706 1.62783718 1.50011599 1.63605928 0.855435669
    1.48499 1.66685581 1.41807103 0.905258894 1.53357756 1.58959925
    1.67471182 1.19344342 0.902861953 0.778772712 1.56318128 1.40524089
    0.877937019 0.595644891 0.735640228 1.49623096 0.68826896
    0.642382145 1.23121774 1.51347923 0.97091186 0.652289987 1.16562283
    1.22308397 1.52807999 1.20677042 0.909071982 1.58728087 1.16698289
    0.875849903 1.17472935 1.63074934 1.10323191 1.06949759 0.805387318
    0.967394531 1.71887219 1.70000446 1.39235425 1.39767373 1.17483675
    1.50676119 1.07264531 1.52870119 1.3516537 0.977488697 0.803727388
    1.24756444 1.52488852 1.10010123 1.50960243 1.06223953 1.24394917
    0.860488296 1.18608081 1.70485878 1.28984714 1.1721642 1.32267761
    1.02055216 0.665867388 0.705460072 1.40586329 1.1271323 0.90185529
    1.05173004 0.655717075 0.831519544 1.15039492 1.11954713 1.06098938
    1.41395319 1.35091329 1.26860666 1.22994184 0.824741304 1.26379812
    1.4748354 1.57546628 0.80028528 0.939229369 1.28142798 1.04863107
    0.753789961 0.989773989 0.736642003 1.50650632 1.19044852
    0.797912598 0.906483829 1.62589014 1.26166081 1.30365205 0.731271148
    1.16819394 1.18011117 1.31388092 0.879003286 1.06628287 0.874425888
    1.5247792 1.33490622 1.25212443 0.73131907 0.900862217 0.684898973
    1.03568268 1.52013052 1.11412728 1.4534328 1.09975672 0.916515291
    1.52923369 1.3047533 0.682283103 1.05358398 1.07522285 1.17389929
    0.939101756 1.29264081 1.25612628 1.28299308 1.29872167 1.59149885
    0.717660844 1.09209001 0.798864484 0.883181393 0.803079486
    1.49687946 1.54445457 1.45172083 1.07239449 1.54268944 1.50938773
    1.27818704 1.46623802 1.19818282 0.965147376 0.666016638 0.717344701
    0.915350556 0.847160757 0.791856885 1.01991284 0.832675576 1.2504915
    1.44440353 1.02961624 1.02582037 0.920382559 0.889000595 0.725350976
    1.66843176 1.07155168 1.08340085 1.17874944 1.55213809 1.03861248
    1.29243457 1.47776854 0.815864444 0.83853066 1.26499152 0.932286143
    1.66204584 1.38600302 1.32149684 1.55281651 1.49151683 1.16428757
    1.43032396 1.0306505 1.37606442 1.45789325 1.64618933 1.16444862
    1.35392869 0.662332892 1.33515739 1.46210945 1.72354114 1.7539463
    1.46593738 1.21468985 1.08176327 1.22489452 0.971547961 1.59121585
    1.65945625 1.03630054 1.34415209 1.58384991 1.66810822 1.3841269
    0.937546253 0.745249569 1.10231864 1.63664794 1.54264426 1.25288391
    0.709229589 1.55555367 0.730756402 0.797665119 1.55118895 1.0163852
    1.30787671 1.67513084 1.30607963 1.04788554 0.730136216 0.905818701
    0.672289729 1.32379389 1.54134417 0.711091757 1.01504505 1.36859071
    0.722668529 0.976590037 1.09147799 0.778033853 1.69065619 1.58094358
    0.894961536 1.58036399 0.655800641 0.678272843 0.754407465
    1.18742228 0.960331142 1.51984704 0.723422468 1.1808604 1.64735854
    1.49870825 1.40986037 1.03278506 1.55909634 0.708284557 0.900494456
    0.788410246 0.65654707 0.992512882 1.02130258 1.11225414 1.23310769
    1.22736037 1.71795666 1.72076869 0.865834475 1.37108171 1.5091908
    0.892533422 1.74304628 0.906069398 1.46390152 1.50837052 1.7528851
    1.48898137 0.820526659 1.58983588 0.906062901 1.13168478 1.15777957
    1.52224779 0.951126993 1.66439378 1.61254144 1.33097529 1.1090318
    1.60719335 0.69694972 1.23538876 1.17485094 0.726188719 0.598840594
    1.46421659 0.991609931 0.849869132 1.21457601 1.06569529 1.18994784
    1.53865242 1.26960671 1.50750422 1.2379725 1.0225569 0.743323743
    1.4455471 1.18120158 0.95893681 0.995500624 1.11503398 1.39510119
    1.13028181 0.788792193 1.3098594 1.49775577 1.27287793 1.44445527
    1.12515974 1.67735684 1.25767958 1.4078877 1.597754 1.45558238
    0.940533817 1.61551797 1.15152156 0.756786883 1.32206142 1.59774888
    0.788816094 1.23698628 1.16696572 1.1109786 0.832245767 0.656279087
    1.25841689 1.4371115 0.59645766 0.684662044 1.31500208 0.962729394
    0.958335936 0.728532791 1.06646264 0.694780648 1.70170212 1.5226059
    1.67743516 0.920586944 1.28411794 1.58500826 0.952176213 1.58471215
    1.60084653 1.2642653 1.22097325 0.698257267 0.69274652 1.6122874
    0.762236297 1.22001982 1.28113258 1.35641432 1.01824093 1.56144893
    0.992723882 0.732673466 1.12641418 1.46895647 0.737315476
    0.976996362 1.21804821 1.64953983 1.11442602 0.861315191 1.36581659
    0.852577746 1.3526907 1.62170601 1.29346907 1.29330385 0.677010059
    0.723009646 0.923702121 0.859301627 0.880424738 1.43299377
    1.57425261 0.656042159 1.0331341 0.810751438 1.38596106 0.914696634
    1.3037827 1.31498766 1.36900115 0.733886898 1.24827671 1.60622275
    1.103441 1.39736521 1.41871822 1.26754177 1.15567601 1.69349313
    1.53911984 1.42138863 0.903098226 1.32025731 0.64608264 1.53019488
    1.01346767 0.992526531 1.49533987 1.14138627 1.5521282 1.43456638
    1.02361107 1.02901554 1.21798909 1.11693621 0.83440882 1.31630898
    1.16231847 1.31664121 1.47721982 1.18134391 1.38573074 0.941829264
    1.70587504 1.51537049 1.16527295 1.39509141 1.64811909 1.47952533
    0.765465021 1.16587245 1.58103776 0.860093713 1.0769949 0.874087691
    0.904012024 0.896840394 1.59408498 1.24110413 1.23783946 1.07788575
    1.47912371 1.57975447 0.78379035 0.920844436 1.51307917 1.12445319
    1.71049082 1.60446596 1.50690901 0.916437209 1.45403814 1.48112059
    1.34601808 0.795341134 0.850194216 1.18300295 0.742449939 1.58644783
    1.37176251 1.39621854 1.69972003 1.37237799 1.4729439 1.54612517
    1.15555334 0.868508339 1.04938853 1.01029944 0.754254818 1.11372328
    1.56412864 1.52836442 0.879369736 0.971531868 1.07470441 1.16241753
    1.36136651 0.919125021 1.04157329 0.79363358 1.03751481 0.713265657
    1.5012939 1.39340842 1.20103073 1.32546103 1.46114111 1.24587893
    1.54967237 0.903565049 1.21666038 1.12281024 0.906195998 0.862054765
    1.46715045 1.1817596 1.49658716 1.44294035 0.910567522 0.783996403
    0.896529973 1.02928889 1.37230623 1.44116056 0.65722692 0.672935724
    0.567312062 0.937000871 0.798768044 0.896674871 1.01032317
    0.78046459 1.10940289 1.5495069 1.25068367 1.72591507 1.14758992
    1.47955763 0.864166975 0.821409047 1.686975 1.45926821 1.14449263
    1.73059177 1.25816178 1.38378048 1.75205421 1.49853277 0.759709895
    1.14454556 0.844831467 1.0002166 0.89688468 0.738786519 1.24220693
    0.700264573 0.649892509 0.987824261 1.23418915 0.947927296
    0.638743579 1.04363954 1.29404378 0.685344875 1.49260747 1.62267983
    1.3072021 1.55442679 1.74195397 1.00155425 1.36475122 1.14412391
    0.932603061 1.0768038 1.3721875 1.03288555 1.54926491 1.06583977
    1.2971282 1.01878405 1.03265643 1.37082386 1.31987965 1.72192597
    1.62709129 1.5820384 1.2692225 0.82301122 1.50507987 1.58957028
    1.3926177 1.15193522 1.35386693 0.886832416 0.939508796 1.20622158
    0.958131075 0.961547077 1.45130479 1.30333698 1.01366675 1.59280908
    1.45693219 0.764199078 1.44846523 1.61948025 0.62389195 1.17839873
    0.902575195 1.1743505 1.08782518 1.28275836 0.97893101 1.42437065
    1.53915727 0.853916585 1.56039488 1.36357498 0.893265665 1.63933933
    1.23695767 1.5687393 1.28073287 0.882589221 1.68800735 1.09123087
    0.628397584 1.01660311 1.17949569 1.40940332 1.01510012 0.874822319
    0.933775425 0.753256619 1.64427996 1.00980055 0.905487955 1.09442401
    1.12631226 1.39548385 0.741140068 1.07847285 1.43726826 1.141366
    0.776425779 1.08087635 0.953717947 1.03181803 1.51778054 0.872619331
    0.693922579 1.48097515 0.679510772 1.57307172 1.39225495 0.810624123
    0.856714725 1.21398175 0.678899884 0.86736995 1.18357635 1.35633492
    1.52525282 1.16723454 1.06140673 1.46756434 0.861262679 1.03181088
    1.60757041 1.12416863 1.39433837 1.17564762 1.36401367 1.3224076
    1.6991154 0.719636083 0.756575406 0.682879984 1.32703185 1.41465819
    0.795686662 0.737616658 1.59938264 1.6145941 1.07490313 1.05647111
    0.720602512 1.503443 1.21557176 1.38936329 1.30453134 1.3116374
    1.1565156 0.739616334 0.917195916 1.18432677 1.31031013 0.830642164
    1.00215173 1.63703489 0.924475729 0.974192977 0.824815094
    0.713907778 1.09933782 0.75984937 1.45369756 1.13907862 1.29132593
    1.56258512 1.01764464 1.38914299 1.05433202 1.15738082 1.50894928
    1.10416579 1.36637294 1.00452697 0.839639723 1.08898163 0.769884169
    0.781294107 0.980190694 1.490996 1.30663788 1.77337539 1.62106061
    1.6248337 1.38527501 0.847132921 1.42161548 1.49496245 1.10121715
    1.34138775 1.00397539 1.14578402 0.962416112 0.926572621 1.41138697
    1.0435493 0.833755791 1.54001772 0.628149867 1.15976024 1.13634384
    1.09007239 1.61876857 0.939745188 1.43068278 1.35549641 1.14423871
    0.805886924 0.971973896 1.38221908 1.02920532 1.31109762 1.45240092
    1.02879488 1.64405489 0.730005026 1.26848006 1.41547346 1.31271493
    1.43814576 1.32089603 0.813216388 1.43914449 0.731088161 1.23126662
    1.47943187 1.03642929 1.58372808 1.37853277 0.819101095 1.03463054
    0.926574588 0.74229455 0.765860796 1.06692433 0.859490633 1.62943912
    0.824280024 1.13958371 0.866407156 1.42437029 0.94201839 1.21462798
    1.6467216 1.61292255 0.995488465 1.24396217 1.75723994 1.36066008
    1.54244351 0.846785486 1.67263353 0.962745011 1.61531365 1.66879416
    1.6860379 1.48996496 1.35651112 1.11359501 1.65689027 1.35520041
    1.13652873 1.3137145 0.920520723 0.878686011 1.11277699 0.833279729
    1.1149354 0.850469112 1.48637342 0.742334187 0.944961071 0.744729936
    1.22760844 1.02692139 1.21697223 1.44374323 1.6274631 1.19113946
    1.67872572 1.60711718 1.15523779 1.59024632 1.39480484 0.764237225
    1.44404888 1.11176026 1.61028361 1.59986079 1.51421523 0.910842061
    1.35929394 1.25008583 1.52913284 0.975231409 1.3759836 1.63320959
    1.38356304 1.56531799 0.979467809 1.2765913 1.47497785 0.954200387
    1.40652609 1.48345137 0.747409463 1.23579264 1.29187453 1.41512465
    1.21712327 0.998253345 1.16546369 0.773184836 1.01376462 1.36300206
    0.660756588 1.55220318 1.31553257 1.52021027 0.903246164 1.12482572
    1.32129395 1.38038838 1.26895654 1.45695817 1.5491122 1.34577358
    1.59306741 0.953836024 1.5115329 1.40105617 1.03755963 1.11029327
    1.36271012 1.51591468 0.763378441 0.659306824 0.941667676 1.22030342
    1.05709147 0.872025847 0.852009773 1.47837412 1.54580307 0.722751319
    1.63234627 0.84430176 0.895692766 1.25150704 1.43188643 1.61866379
    1.17565727 1.23992991 1.49169254 1.08503556 0.674063921 0.81788075
    0.93345952 1.41036224 0.717837214 1.43939018 1.58573854 1.55533695
    1.07022715 0.876669645 1.59029913 1.50888193 1.24804974 0.636529803
    1.14968801 0.895370364 0.945907593 0.652691305 0.882739723
    1.46005392 1.52169061 1.23376584 1.58259189 1.24333119 0.800962448
    0.738916337 1.15115404 1.52286601 1.27011144 1.45449352 1.49608779
    1.43084574 1.28257954 0.853744268 1.04816091 0.990516901 1.20066905
    1.63937879 1.09866345 1.2196095 1.36694455 0.883928537 1.55029452
    1.03797603 1.35936534 1.16972601 1.43595624 1.4185487 0.849966168
    1.19583225 0.788769186 0.929869652 1.21283329 1.62177575 0.856919944
    1.33382416 1.41727865 1.63719392 1.09403527 1.62467062 1.42178559
    0.707289815 0.917168438 1.61768734 0.819422841 1.63159919 1.43226039
    0.720496237 1.39908671 0.993437409 0.896302342 1.41557944
    0.699593246 0.959398329 0.963854611 1.58096266 0.816438735
    1.22215188 1.61082947 1.59335661 1.3044039 0.86814326 1.66357994
    0.730710566 1.24273789 1.0720911 0.820366085 0.854869843 1.39396393
    0.881774545 0.903596997 1.1432656 0.873336732 1.63915646 0.961896122
    1.70007241 1.6830827 0.900561512 0.864406288 0.985490501 1.00197244
    0.795813859 1.0750953 1.15811443 1.35204113 1.54381847 0.713658929
    0.81311965 1.5165602 0.754730999 1.1719842 0.786871135 1.29240632
    1.36088085 1.39695835 1.0027442 1.12790346 1.33088136 1.55943215
    1.47652829 1.64869285 1.421193 1.55466938 1.0637933 1.43484306
    0.743788421 0.855922997 0.809989274 1.436463 1.52191174 1.16328871
    1.24879253 1.51451361 0.8734321 0.999080062 1.5037365 1.55375957
    0.91016376 0.9981637 1.32233679 1.01900184 1.24240375 0.646360397
    1.47637594 1.37878668 0.824715972 1.62509465 1.18189776 0.873197317
    1.59212935 1.6625843 0.854314446 1.65080786 0.943816006 1.31524467
    1.09647918 0.750371635 1.3213203 0.870592117 1.21199477 1.57016456
    1.3549906 1.02280557 1.12918615 1.6907357 1.37207377 1.49819183
    1.29680681 0.6982373 0.797245204 1.37443876 1.44910467 1.12543595
    0.880929589 1.44872069 1.60576046 0.944626033 0.752692461 1.34316087
    1.2255367 1.04096448 0.824783325 1.22576308 1.65603876 1.3485018
    1.65634072 0.823698521 1.17550588 1.54591346 1.36035883 1.16936076
    0.842561603 1.59952927 1.35528803 1.21587968 1.35186088 1.44428754
    1.12355042 1.34667039 0.983805835 0.971944988 0.796715021 1.06210375
    1.00292301 1.55734766 0.991401672 1.4537189 1.36344635 0.660548151
    0.822939992 1.1649574 1.63571537 1.32193196 1.0594064 0.900757313
    1.65684259 0.753330708 0.955927968 0.982454181 0.64116931 1.19548023
    1.11829805 1.4296422 0.991600096 0.770502865 0.96472466 1.44761086
    1.58811975 1.11832821 1.03726983 1.45558143 1.71862483 1.02681077
    0.826067448 1.22977877 1.25029242 1.32465434 1.62139809 1.12473989
    0.814165592 0.853769779 0.948183537 0.84508121 1.47602141 1.65564823
    0.960745156 0.954913974 1.33265162 1.46351242 1.35849392 1.08946979
    1.37623036 1.46025479 1.0494473 1.43753564 1.57733786 1.67211258
    1.08176649 1.25922847 1.59888995 1.31379724 0.984533072 1.2679671
    0.973769605 1.07423007 1.51208663 0.720975876 1.39320552 1.39314318
    0.784766555 0.9536888 1.51786232 0.991584718 0.860634744 1.25228631
    1.36307251 0.861525774 1.26359558 1.11367083 1.43101585 1.37094843
    1.08724725 0.925404251 1.14915431 1.67536545 1.04397106 1.43673933
    1.34206057 1.43151772 0.916524827 0.820490539 0.827652633
    0.750366509 1.04859233 1.27024591 1.31235504 0.959498525 1.2443831
    1.37415755 0.956843197 0.75808233 0.987868667 1.51744866 1.61055756
    1.45012534 0.898717821 1.35385346 1.22205865 1.06124258 1.07398033
    1.46314633 0.986305118 0.737106502 1.54267859 1.26450169 1.16448915
    1.44223619 0.971884668 0.726261139 0.856064558 1.58541226
    0.711742401 1.28603697 1.51855278 1.32814789 1.00943184 0.834389389
    1.46972251 0.936184347 1.06840861 0.799033284 0.831190765 0.81229049
    0.950306952 1.60738242 1.65764081 0.996035933 1.43789542 1.70982838
    1.53551543 0.681622982 0.920142591 0.758398592 0.965629339
    1.28745198 1.06072593 1.06450796 1.32509673 1.15237176 1.68733382
    1.52603364 1.43225706 1.57440007 0.91541791 1.34787071 1.50614727
    0.900979042 1.39208817 1.00660169 1.16328311 1.24998224 1.21075714
    0.763851225 1.2147541 0.945690095 0.897148311 0.941961527 1.10599804
    1.32492375 1.02881014 0.847667992 1.02795315 1.56895244 0.807550728
    1.53564143 0.807163477 1.09930277 1.01151776 1.09744108 1.14291334
    1.50354576 1.60704947 1.37807631 1.13722622 1.07568073 1.20827103
    0.857314706 0.734038889 1.64513814 0.863197684 1.32557094 1.10997832
    1.21092224 0.834743083 1.38119507 1.26299131 0.779755056 1.0982523
    1.09000862 0.832832336 1.01274812 1.14403832 1.55847347 1.20013666
    1.08728588 1.00137639 1.22028315 1.06118882 0.898660839 0.837491512
    1.25354826 1.59698653 0.931698561 1.74442387 1.36739385 1.31697237
    1.33974779 1.46203101 1.20246506 1.32285893 1.14677739 1.23853028
    1.03251946 0.923312068 1.0860076 0.656982362 1.38202643 0.735545754
    1.49108994 1.06362963 1.38852215 1.62555182 1.27629495 1.28045201
    1.14246511 0.94638294 1.26654029 1.25614297 1.392097 1.00387228
    1.03676093 1.70850849 0.785459936 0.710625827 1.00552833 0.735239267
    0.899932981 1.00386298 1.68479252 1.20455182 0.958583236 1.24919271
    1.63524914 0.881829441 1.42596138 1.34787595 0.988594413 1.07266092
    1.20008218 1.18034339 0.842374206 1.27359951 1.37954223 0.803270817
    1.52793407 1.2587111 1.18940854 1.1566546 1.32015932 1.02461243
    1.00016665 1.58493698 1.56194007 0.970514417 1.55415523 0.771721661
    0.814277828 0.93387872 0.85332936 1.11671555 1.51825666 1.6698215
    1.26263285 1.01686347 1.36300933 1.51633155 1.56191146 0.935655892
    1.54960275 0.970656276 1.17394626 1.52240968 0.849603593 0.8973158
    1.02688181 1.06501067 1.42308271 0.760163069 1.0283891 0.768375754
    0.96789217 1.46051824 1.28041267 1.66262519 1.05775034 1.60393381
    1.04176092 1.37369096 0.922265053 0.909752131 1.56618607 0.84715724
    1.1894511 1.10502446 0.805296659 0.730133712 0.934451759 0.713285029
    1.13819122 1.21598411 0.80305618 1.22503436 0.707795978 0.786591589
    1.08011699 1.58536768 1.33037782 1.19507837 1.33327806 1.1057086
    1.22279274 1.08502686 0.781138718 1.02490985 1.64369595 1.07376528
    1.42007029 0.965007246 0.844160736 1.51641595 1.23821175 1.69437957
    1.07711947 1.02599502 1.50190318 1.1952883 1.18224907 1.176139
    1.25328016 1.60646808 1.27551103 1.02390409 1.48081326 1.26955354
    1.00361192 0.742909372 0.82767731 0.899704158 0.948671818 1.4665333
    1.22831607 1.37042677 1.24799013 1.18510425 1.12401056 1.36948204
    0.912952483 0.917578578 1.13375807 0.852730572 1.39244735
    0.699222624 0.94270736 1.647205 1.23441911 1.59228039 1.51778674
    1.34403014 1.65855026 1.47358823 1.60082424 1.56447995 0.816707671
    1.1864115 1.2442528 1.59931564 1.39002919 1.10763311 0.770395041
    0.842579544 1.5715977 1.34604752 1.36516631 1.51419723 1.20016551
    1.57640731 0.65241462 1.47896278 1.03736377 1.28798342 1.06769824
    0.823630929 1.13953781 1.17426169 1.31581032 0.91214627 1.0108031
    1.52807462 0.952323437 1.2162993 1.04673028 1.22477686 1.26980448
    0.920309901 1.44169402 1.0089165 1.19125879 1.20145631 0.733899176
    1.29375362 0.80940932 1.15437961 0.970431387 1.50235009 1.3793925
    1.52857268 1.66300035 0.736712456 1.2785908 1.55432904 0.776784003
    0.718069613 0.923137009 0.856406152 1.45977867 1.47468042 1.44372571
    0.817416131 1.30883491 1.54393494 0.912755251 1.02107918 1.37482631
    0.980956972 1.38993025 1.25957835 1.35683644 1.3870821 0.861502707
    0.939196825 1.52198875 1.1855551 1.49152589 1.66634655 1.37797391
    1.0260421 1.28999186 1.39603186 1.46418011 1.6773411 1.56324482
    0.963893533 1.29074717 1.32269013 0.68513304 1.11103392 0.923924088
    1.12429798 1.62502158 1.51664793 1.47374105 1.39004385 1.66696739
    1.55199456 1.37476766 0.842175364 0.997970045 0.902607679
    0.818976462 1.53095865 0.741450727 1.17966628 1.17489719 0.945346177
    1.45393205 1.13171875 1.1564765 1.55573118 1.69249809 1.10831404
    1.12525642 0.966157496 1.21957874 1.14051914 0.867182016 0.962217987
    1.63201582 1.32972324 1.0548265 1.4710232 1.03510189 0.885069966
    1.10911644 0.850175619 1.03011358 1.33308852 1.62232733 1.38830757
    0.919343293 0.889209807 1.66986656 0.835277677 0.848034859
    0.794358969 1.68535161 1.50421512 1.17417753 1.74469662 0.972640872
    0.922490478 1.25547874 1.60860825 1.30935729 0.90034163 1.71949279
    1.33449984 1.66922176 0.853093624 1.36529112 0.812634408 1.40741169
    0.976399899 1.0782423 1.56215012 1.32617009 0.808474064 1.01031399
    0.978516281 0.943957686 1.20729899 1.1465044 1.28828967 1.12698483
    1.37587392 1.64367115 1.5149467 0.906249285 1.07958972 0.692153573
    1.44318151 0.924251735 0.92300415 1.48526168 1.49992979 1.25835073
    0.794782877 1.36366248 0.748852789 1.63309777 1.76776457 1.64062202
    0.918111801 1.02212512 0.800253451 0.881702065 1.06727207 1.55598235
    0.89870733 0.822228253 1.21654975 1.0640291 0.999082148 0.926289856
    1.61161566 0.773079813 0.856510222 1.07941532 1.69048548 1.0129956
    1.20510948 0.858433127 1.1397202 0.956936657 0.973574102 0.837665379
    1.13212907 1.34604824 1.06407034 1.1632278 1.48272836 1.31621027
    0.646927357 1.4889704 0.941810846 0.799024761 1.01558745 1.05221736
    1.10290444 1.49498856 1.74299324 1.50824559 1.54327905 1.68111765
    0.954159796 1.49256361 0.825029731 0.769380033 1.60170257 1.1519469
    1.38205492 1.08030427 1.35819077 1.68223763 0.724624097 0.787788212
    1.68509305 1.36909771 1.72540331 0.993513763 0.787086606 0.970686018
    1.25986135 0.852679133 1.69588101 1.48935759 1.60687101 0.901476979
    1.47163641 0.761692703 1.09694636 1.19932878 1.46394253 1.03774464
    1.53869998 1.44000876 1.10850108 0.806077003 1.19255435 1.5974499
    1.6001544 1.24822986 0.739045322 0.848658144 0.99437815 0.9815045
    1.01403713 0.737556696 1.54755819 0.739397287 1.48050666 0.749662459
    1.50158477 1.10772276 0.681553125 0.656702936 1.19218302 0.977391124
    0.857332587 1.2504226 1.60520577 1.12992144 1.46200478 1.52508581
    0.829949677 1.6510905 1.020316 1.41684449 1.539832 1.5476141
    1.62643135 1.43414736 0.849754333 1.15718436 1.42117381 1.51021087
    0.876994669 0.700496197 0.779078543 0.830567956 0.748727322
    0.729372621 1.11946392 1.00184524 1.25770164 1.16046727 0.943970144
    1.64982259 1.25118089 1.68801212 1.55400026 0.87052834 1.26970625
    0.67987746 0.818861067 0.761733472 1.23385227 1.36017609 1.70042551
    1.56410837 1.00757968 1.58094943 1.79360938 1.64519966 1.69456685
    1.73197985 1.38803279 1.16565859 1.56793654 1.1158489 1.20811498
    1.39417779 0.840159476 1.13163376 1.10766304 0.697957397 1.59095645
    1.19295812 1.38999724 1.57285011 1.52642441 0.829941869 0.921516776
    1.18491888 0.811997175 1.02427566 0.775840759 1.24555087 0.700135231
    1.30294025 1.34014964 1.39736283 0.955106556 1.06733441 1.3739742
    0.859373629 1.30532563 0.714882314 1.25453734 1.56552982 1.286906
    1.71838093 1.77778208 1.70532727 1.42432904 1.34147811 0.771125674
    0.800959229 1.04081583 1.50249374 1.14289594 1.28093112 1.65892768
    0.94953233 1.00355935 0.949519932 1.30260611 1.20237172 0.78695488
    1.42650485 1.36553609 1.13921249 1.67015421 0.795020163 1.58817756
    1.17565536 0.987609744 0.842840612 1.08251715 1.31050873 1.52005243
    1.07171631 1.55879068 1.25033677 1.26043546 0.839360297 1.629233
    0.821663678 1.17980552 1.2697047 1.28532922 1.37951744 1.07017791
    1.03442085 0.872188807 0.830911338 0.661445558 1.05450356
    0.924537778 1.36139643 0.95760262 1.0898397 1.38568962 0.929841638
    1.31855667 1.577443 1.21446466 0.932945609 1.08975267 1.25811565
    1.12631106 1.18342149 1.39854991 1.61962485 0.744260788 1.18676388
    0.7993415 0.890536308 0.686908662 1.42005527 1.34588289 1.33303404
    0.791635096 1.34700477 1.43242002 1.24207735 1.69393265 1.60293341
    1.00158167 1.29999673 1.4668442 1.31410074 1.33586085 1.0503844
    1.69940066 1.68450451 0.745971262 1.64348447 1.35462463 0.826308608
    1.1861825 0.869616628 1.12375677 0.951017678 0.936738789 1.57949281
    1.29661286 1.72990358 1.25806201 1.35667729 1.33978665 1.38897479
    1.52045381 0.861731052 1.32550764 1.60097635 0.946487486 0.895064175
    1.41232789 1.63957763 1.09944379 1.10518861 0.831472993 1.36460507
    0.959156752 1.57109499 1.52598357 0.955582619 1.43680775 1.10785437
    1.56112731 1.0375998 0.662065506 1.25958133 0.9178406 1.28530252
    1.57478297 1.24105024 1.2284261 0.878967166 1.3603524 0.931480765
    1.68643868 1.24880373 1.57587337 0.899016201 0.71764189 1.45469332
    0.796290338 0.931563318 0.863105357 1.59673715 0.767248333
    1.54949963 1.51785815 1.48287964 1.11051655 1.53961015 0.905304432
    1.04014277 1.19363129 1.34627235 1.68705976 1.05580199 1.52093184
    1.22653127 1.6264472 0.67799139 1.46526217 0.697351992 1.57037747
    0.829839289 0.646577299 1.44571996 1.2251035 1.17357564 1.00424433
    1.29284513 1.16759288 0.864358187 0.637288928 1.53654027 0.550499856
    1.14077485 1.62470448 0.734921038 1.12065959 1.41181207 0.982241988
    1.35581267 1.33120358 1.55895555 1.23669398 0.979982376 1.29879451
    1.46282113 1.55883157 0.722359776 1.40101111 1.07565832 1.35912406
    1.35420799 1.00014365 1.53743029 0.983483791 1.45080268 1.35137045
    0.816222727 1.09963548 0.65764612 1.11936057 1.42078948 0.896407783
    1.56402123 0.981738508 1.49684978 0.986138463 1.04470372 1.63387668
    0.690049469 0.854353905 0.892923415 1.05010033 0.967607558
    1.07383883 1.33895743 1.46581733 1.23610699 1.18110263 1.74209297
    1.57465053 1.68475759 1.65183973 1.13570309 1.68151975 1.37343848
    0.836294889 1.62129605 1.25403953 1.59796524 0.72542727 1.44143784
    0.857758224 1.01625896 0.810244083 1.55165362 0.947907865
    0.942738473 0.815150261 0.953568816 1.5191462 0.910221577 1.62237763
    1.42420006 1.36168849 1.40167606 1.34803319 0.802676618 0.951644659
    0.804825425 1.11736465 1.28202116 1.49916744 0.897062659 0.981754959
    0.816086352 1.1569258 1.37692595 1.74007821 1.61987543 1.16752815
    1.68848848 0.986509681 1.06627822 0.735651314 1.41058338 0.73103416
    1.61835444 1.34187973 1.48048759 1.36804307 1.25745368 0.800296366
    1.21358454 0.750879169 1.12809098 1.34343481 1.28512967 1.05831182
    1.66690111 1.6148802 1.52365434 1.15375078 0.762733996 1.71613073
    0.922523081 1.64709246 1.48858666 1.0168407 1.47046244 1.13713193
    1.5911957 1.10857821 1.63879156 1.10933423 1.70909202 1.69764638
    1.15463912 1.69185185 1.30450332 1.57123816 0.972016454 1.43410575
    1.49820113 0.706680596 0.98178196 0.675893307 0.656485379 1.25534499
    1.02877665 0.960605621 1.24315405 1.29033101 1.58053863 1.62236333
    0.830627739 0.952800035 1.36869812 1.03627777 1.60775089 1.39084136
    0.800542653 1.37333071 1.20700574 1.44549108 1.49104667 1.39796376
    0.852116048 1.17435455 1.38017249 0.719238102 0.963106871 1.66108549
    0.777613044 1.53014612 1.22027528 1.50764215 1.017977 1.2923429
    0.983865082 1.61861479 1.33308172 1.04346764 1.43905759 0.784957707
    1.11764455 0.805886924 0.89563328 1.34324384 1.43238926 1.41027856
    1.70914233 1.17649233 0.847556829 0.866319776 1.49995255 1.57679999
    1.38876772 1.06274688 1.12201512 1.10599875 0.785009861 1.63464439
    0.889263451 0.668852806 1.07205021 0.647550523 0.954877138 1.4685508
    1.42058015 1.30046034 1.31782031 1.37646151 1.48630178 0.914084554
    1.00078499 1.48517871 1.67054856 1.52493465 1.4844662 1.24696815
    1.26900184 0.674002349 0.831536472 0.796502173 1.40606153
    0.870069206 1.57310987 1.61583602 1.29646266 0.992011607 0.860097408
    1.19447041 0.752032995 0.841871083 1.40208721 1.53176701 1.62736189
    1.38234603 1.10117304 1.30357969 0.796217442 1.48893511 1.74315512
    0.950259507 1.39331329 1.32930923 1.05026519 0.875602484 1.25343454
    1.23394728 1.04858887 1.34872913 1.52616763 1.26805568 1.44977856
    0.700858414 1.05607796 1.13933563 0.639571667 0.912625551
    0.784006238 0.880357802 0.9552297 0.72989279 1.38881874 0.672676206
    0.770744801 1.10923862 0.650622189 1.2074306 1.59988725 1.16041088
    1.39263976 1.11377943 1.01932478 0.864637077 1.38865614 1.51914001
    0.83603549 0.868425012 0.999672472 0.756498456 1.39040089 1.09389651
    0.927810371 0.732228458 1.6080476 0.676282823 0.899350584 1.50229001
    1.23631692 1.53193927 0.86132443 1.04603589 1.19277835 1.02348745
    0.876394212 1.47340584 0.874479294 0.949501693 1.58649325
    0.786657572 1.22954321 1.56825793 0.887659788 0.92164737 1.08752751
    1.32718611 1.29110479 0.767908812 1.65682781 1.72955155 1.23247683
    1.12470627 1.13835168 1.74628282 1.43167031 1.55824697 0.906693161
    1.30285943 1.22600567 1.06454265 0.820960343 1.60207927 1.11504221
    0.844660163 1.41115999 0.997476935 1.14380193 0.992282391 1.41648328
    1.15078211 1.61430693 0.93326205 0.780365765 1.42098904 1.25548911
    1.39652872 0.917267501 1.01391459 0.979052007 0.87772274 0.994790256
    1.05237162 1.15850139 1.04543853 0.796695232 0.916711211 0.73170948
    1.61152542 1.28347003 1.50268257 1.50773144 1.7681582 0.816691279
    0.92086333 1.33794308 0.877212465 1.51430511 1.34829187 1.51936936
    1.34501803 1.68601704 1.20858705 1.659096 1.03034329 1.20678318
    1.30914545 0.848221719 1.43696678 1.31842279 1.36414433 1.58989763
    0.77638495 1.44721997 1.15528572 1.27805114 1.64139867 1.01361775
    1.44280648 1.53999817 0.917310357 1.27549541 1.60820997 1.50697577
    0.770755231 1.68973219 1.4376595 1.25250888 1.47278965 1.42781544
    1.3101306 1.24599099 1.6727438 1.66445148 1.13108373 0.879682183
    1.19745433 0.665883541 0.816392064 1.34735656 1.35098982 1.31462109
    1.08016694 0.710479975 0.973086059 1.52487469 1.27559102 1.01109552
    1.17586827 1.061041 1.62755764 1.73858595 1.41172922 1.40060925
    0.800985634 1.17460799 0.847189903 1.56646562 1.35657501 0.966757357
    1.41217256 1.1807344 0.968005478 1.53758311 1.66292179 1.60858405
    0.797458529 1.25785494 1.37047935 1.43112934 1.06401622 1.52383494
    1.51671183 1.52871323 1.09976304 1.16038013 1.00504768 0.924446523
    1.32298791 0.955455244 1.53430092 1.68734765 1.52006423 1.40692401
    0.827142179 0.852611721 1.70365369 1.73073804 1.53484583 1.36299336
    1.38700783 1.44579184 1.15618467 1.57666063 1.10399067 1.47326016
    1.11157727 0.738122761 1.46890128 0.939215302 1.57565629 1.13046479
    1.47978961 1.13184619 1.65403497 1.28772724 1.49545586 1.38151658
    1.69521582 1.5046438 0.833576679 1.12612224 0.746740878 0.767175853
    1.26082826 1.48552895 1.02537131 1.57480371 1.17763603 1.59392452
    1.14307141 1.13250887 0.963700294 1.02462006 1.6582824 1.63398421
    1.31210256 1.41284585 1.61980319 0.967546761 0.794671416 1.21471584
    0.715947628 1.23753679 1.09132719 0.985286653 1.37856793 1.67264044
    1.67506349 1.55775189 1.62661803 1.26704073 1.12174249 1.54727519
    0.83402884 1.43923712 1.13763654 0.972371638 1.12417626 1.03122449
    0.878718615 1.34249985 0.914705992 1.01171553 0.887860537
    0.575428903 1.37934017 1.23220766 0.727321208 0.680101573 1.52298343
    0.718127787 1.19925523 0.878982246 1.14841712 1.52567267 1.38696885
    0.967142761 1.3661617 1.69238567 1.0200156 1.0488764 1.02844477
    0.784000218 1.69921923 1.70976412 1.14146483 1.19211411 1.5485543
    0.95028609 0.915688396 1.0169698 1.25688672 1.42178631 1.12305176
    0.701035142 0.75414747 1.20094705 1.20003593 0.701261044 1.12463737
    1.17414367 1.37349081 1.46999288 1.32547283 0.83506453 1.50341344
    0.869602561 1.29980254 0.962592006 1.40280044 1.39805007 1.29055274
    1.50200462 0.957546473 0.765491784 1.52139938 1.28908098 1.51272559
    1.7068212 1.09404337 0.892883122 0.815107942 0.727304041 1.06286323
    1.4168576 0.961088479 0.820571601 0.94974041 1.44385576 0.936934292
    0.980601728 0.683090508 0.702821672 1.56185484 1.51436746 1.30027199
    1.67089796 1.62996268 1.57975614 1.40947855 0.999372184 1.22277009
    0.809571803 0.78050977 1.3886565 0.57327503 0.679028392 0.900199711
    0.900670588 0.907522917 0.757589877 0.845042586 1.17945254
    0.762340307 1.17519164 1.39204431 0.976627409 1.04888296 1.51063299
    1.62106442 1.24502599 1.58268046 1.12615645 1.70933378 1.44394135
    1.11160946 1.5257256 1.02285457 0.798684418 1.2798754 0.853768766
    1.27178395 0.943503022 1.32390034 1.13764393 0.763529241 1.5421077
    0.841229796 0.758100629 1.40457153 1.71177578 1.54977143 1.21224177
    1.60147858 0.977611244 1.31126857 1.68854427 0.960610032 1.22195661
    0.99878341 1.27331746 1.11181462 1.15508842 1.22092187 0.803540707
    0.711859643 1.23929441 1.19391465 1.59295928 1.55853033 1.25898719
    0.962321758 1.45366669 1.3047055 1.30988729 1.11627674 1.4432503
    1.48411989 1.59986329 1.24989164 1.1453836 1.19873941 0.766023219
    1.61414742 1.3069309 1.35465038 1.35252869 1.10064745 1.48066235
    1.55585253 1.09958255 0.992500305 1.11958289 1.10022271 1.13499248
    1.03999341 1.53669846 1.00002003 1.6266675 0.708500206 0.828506351
    1.04980409 0.862790167 0.934140563 1.40618598 0.905445576 0.90414834
    1.08911848 1.45203424 1.37043309 1.06284201 1.6714282 1.34783173
    0.86048466 1.4247874 1.10029709 0.986706734 1.40426362 0.851683497
    1.64187765 1.76858902 1.18931746 1.1919173 1.37538481 0.871966243
    1.65576494 1.03802526 1.60178602 1.18112063 1.42657983 1.46188128
    1.30565906 1.59119916 0.846097887 0.854806006 1.52219558 1.27713203
    1.01776719 0.747042894 1.38827407 0.898091018 0.724010885 1.17804253
    0.981551707 0.818345308 1.19324064 1.21047986 1.02938867 0.869465113
    0.681091547 1.13512337 0.91574192 0.715954483 0.847797751
    0.864799798 0.938661873 1.37742484 0.798643708 1.45753157 1.08208871
    1.195683 1.01531327 0.620454133 1.10578883 0.753776014 1.43385184
    1.23432755 1.29974771 0.914743602 1.13494384 1.50448143 1.35184062
    0.964943588 1.25237477 1.28967774 0.811177552 1.598786 0.675393462
    0.992542982 0.734144986 1.23367715 1.57194686 1.48145711 1.55900741
    0.680826783 0.777500093 0.816235125 1.03947735 0.634346366
    0.773052514 0.768408477 1.1443392 0.727973223 1.04917252 0.748547554
    0.799304426 0.638419986 1.27695155 1.01341498 0.875002682 1.10204446
    0.926886201 1.29506505 0.921086133 1.08454633 1.61489654 1.14628613
    0.927078962 1.51603508 1.22614694 1.30977845 1.07254624 0.8313393
    1.58515048 0.941500425 1.25347233 1.38837337 1.52584434 1.6345979
    1.59808147 1.37955439 1.46395957 1.12250388 1.19844842 0.72639817
    1.1325866 0.848007739 1.56487107 1.48224652 1.62216353 1.55644619
    0.773123205 1.67530072 1.05092263 1.08185959 1.58167076 0.828713059
    1.02531433 1.47843611 0.785886586 0.868107438 0.713296115 1.57796204
    1.50043809 0.877164423 1.46744442 1.10353506 1.59025407 0.915772259
    0.953528583 1.10859191 1.41066599 1.09377313 0.98345083 1.13509917
    0.81045109 1.50565457 0.928647459 0.894716382 1.5099988 1.29415977
    0.878466487 1.14994514 0.81886977 1.18101406 1.64354527 0.932928085
    1.59137428 1.16481876 0.85247159 1.07973838 0.795192838 1.13293338
    1.33510149 0.926648855 1.00335979 0.854239285 0.875888288 1.44761145
    1.46133888 0.692035377 0.708694279 1.65297008 1.16135466 1.30759954
    0.971620619 1.37777591 1.43182778 0.79888618 0.797279298 1.5911535
    1.30694437 0.807458162 1.15789664 1.29984224 1.43247294 0.925585687
    1.38366663 1.64137769 1.48924863 1.6396178 1.45255053 0.891387582
    1.17723334 0.790472627 1.61221826 1.00090623 1.76497173 1.68893814
    1.10573769 1.20813525 1.58679628 1.30730748 0.845685542 1.31648088
    0.835198402 0.720109463 1.3404963 0.985134721 0.798329532 1.18100572
    0.847331166 1.66081381 1.2872529 1.53159761 1.43502164 1.68169343
    1.64316452 1.14674735 0.817335904 1.02884781 0.994971156 0.70904845
    1.36365879 1.12332773 0.985012412 0.842050076 0.921972573
    0.950776577 1.66229022 1.18017066 1.50829542 1.13835526 1.27941942
    1.69659674 0.92478931 0.910669684 1.06502461 1.5252341 1.22901285
    0.748424888 1.22736502 1.40204751 1.34704006 1.67488968 0.685880899
    1.50211394 1.05693388 1.19668043 0.666192591 1.13000751 0.715834022
    1.40819108 1.00451171 1.39512193 1.42352509 1.271855 0.835224211
    1.64309478 1.33655822 1.19996238 1.14248741 1.33443117 1.4630003
    1.25272202 0.832370818 1.50333822 1.63849509 1.66164052 1.19826341
    1.04636562 1.1504364 1.47944129 0.710099638 1.45934272 1.2004106
    1.28034127 0.928866029 1.33762741 0.891925931 1.27687156 0.791088939
    0.929677546 1.44206524 0.811027646 0.833748996 1.25547266
    0.726467907 1.45580232 1.27041841 0.906410575 0.675487518 1.37287879
    1.35295391 1.0112623 1.35995424 0.850612462 1.05625224 1.35872149
    0.694674015 1.16856003 1.38960505 1.15821242 1.26339507 1.685969
    1.03982568 1.41034341 0.921194971 1.33125627 0.94144547 1.45698285
    0.808407128 1.47355676 1.03021371 1.39135122 1.66554964 1.28554761
    1.51519024 1.5266118 1.32095718 1.64335954 0.896891773 1.36996031
    1.12779236 1.563586 1.06183255 0.859806597 1.4532367 1.20062077
    0.985956669 1.69364882 1.41478038 1.24019277 0.859488428 1.520311
    1.30580163 0.949383676 0.854572952 0.745347798 0.622693837
    1.03103054 0.57170558 0.867500424 1.5476867 1.3003881 1.49325359
    0.985743523 1.28606153 1.39800954 0.882717311 1.32882261 0.904791594
    0.947574377 1.52128243 0.966159284 1.39239621 1.11801851 1.13950515
    1.18466151 1.25285804 1.36994958 1.5593282 0.862600148 1.17053688
    1.19970357 1.59068179 1.49858892 0.737471819 1.2878691 1.22017121
    0.858240724 1.02159846 1.37415373 1.09175301 0.80688417 1.45088804
    1.13230729 0.810424089 1.62059331 0.753501952 1.51076508 0.946854115
    0.74962157 0.862285972 1.45226574 1.40892911 1.66612184 0.720474422
    1.09741843 1.41027546 0.714894652 1.13007271 1.29379451 1.25197232
    1.12074995 1.09172833 0.884947836 1.55683136 1.38348281 1.42756987
    0.796032429 1.21531105 1.49986339 1.08403504 0.983845115 0.992927313
    0.932037771 0.724379063 1.5082792 1.22325647 1.66421521 0.848812282
    0.796198964 0.943412602 0.609600902 0.71635294 1.15289795 1.31986618
    0.685799778 0.907600284 0.623715401 0.811541557 0.926737726
    0.985966027 1.28080666 0.818408787 0.98205471 0.946961939
    0.774111867 1.64023006 1.70637333 1.51003063 1.6244396 1.63277686
    1.27873719 1.69211078 0.823735654 1.07310486 0.985981345 1.37478876
    1.46108925 1.24912131 1.07059753 0.719298124 1.2500186 1.04709554
    1.7029593 1.67390311 1.44577909 1.30163443 1.25734305 1.10481238
    0.935180724 0.901753247 1.70459569 1.62978899 1.22129393 1.44617748
    0.861948788 1.17071462 1.16742265 1.24514568 1.0447824 1.29136038
    1.16345346 1.35509074 1.26145899 0.764284968 1.04810917 1.63433409
    1.2095058 1.01300526 0.805770874 1.08938062 0.920454323 0.941514909
    0.624119222 1.63412821 0.781206608 0.862929165 1.58220172 1.44202769
    1.14661562 0.919597387 0.723862052 1.59385872 1.27118623 1.33034933
    1.14303148 1.65212929 0.968895137 1.20533979 1.3287034 1.49141908
    1.2060914 1.54983222 1.08106041 1.43651092 1.12965715 1.31648946
    0.776409745 1.27534652 1.56611204 0.937893987 0.677770436 1.55874646
    0.614123702 0.67991662 0.738251626 0.900006831 1.39374042 1.25957775
    1.49639702 0.827608764 1.07749557 1.58335114 0.910985768 1.5078671
    1.33314002 1.56707108 1.20541382 1.74416351 0.886858225 1.28899729
    1.24730837 0.859460413 0.902615368 1.05012465 0.933723629
    0.666928351 0.712525487 1.52213562 0.730526388 1.28223729
    0.915992081 1.00949967 1.31039727 1.35009384 1.7397958 1.38122141
    1.32093215 1.39229643 1.47466958 0.755573452 1.25031877 0.966828167
    0.869213402 0.972260535 1.3814646 0.9996593 1.46116161 1.30668628
    1.03671336 0.670787632 0.888394594 1.16677439 1.17570233 1.13039577
    0.956406951 1.15721679 1.56136525 0.848543048 1.61823845 0.942872345
    0.73061347 1.50488186 0.656781256 0.836250961 1.04441977 1.0648073
    1.4480536 0.802624822 0.718994617 1.54602563 1.61131907 0.728183568
    1.14828229 0.957663417 1.5496937 0.889733374 1.15180063 1.27652252
    0.71653074 1.40803456 1.32294941 1.00148976 1.34781218 1.65286303
    1.44504344 0.729363859 0.781459272 0.881650507 1.27982247 1.29080343
    1.54267442 0.607070565 0.897928059 1.48065376 1.13356698 0.89136219
    1.03785872 0.986744106 1.17035997 1.707219 1.58658051 1.11150324
    1.53530574 0.712400198 1.43939209 0.953559637 1.63639295 1.51072085
    1.39603901 1.10869157 1.02651823 1.09574485 1.64499867 1.35871899
    1.47950268 1.66553485 1.2226882 0.909948945 1.66437149 1.28504264
    0.946804881 1.59797382 1.34275186 1.14427805 0.881569684 1.14887345
    1.36962938 1.41129327 1.34939647 0.980882406 0.923273265 1.03595579
    1.36773431 1.10879982 1.08197951 0.735772908 1.63886189 1.45185065
    0.819799483 0.750847459 1.36141455 1.00869429 1.18956387 0.826278985
    0.872799993 0.7760095 1.3621465 1.56266797 0.791053951 0.899441302
    1.49428535 1.38475013 1.45192552 1.35511398 1.58292246 1.32722473
    0.725505531 1.25325131 1.09928918 1.44661033 0.789515197 0.673493564
    1.19053829 1.1057198 0.656035483 1.51788473 1.25277364 1.27460003
    0.927319229 0.69261986 1.55870676 1.37136579 0.88870281 1.394346
    1.62799037 1.52427208 1.1613251 0.750177503 0.992417753 0.998584211
    0.764248013 1.13380599 1.32466364 1.10029316 1.44636953 1.45133626
    0.949506223 1.43408692 1.60748601 0.658996522 0.971519291 0.82677871
    0.913470924 1.21694219 1.59287143 0.701193035 1.29544377 1.65020275
    1.6394558 1.61715806 0.82804811 1.3468821 1.64881313 1.42823946
    0.760101736 0.756127954 1.69522285 1.12483048 1.12003458 1.37859464
    0.852308929 0.699730992 1.43143594 1.32887518 0.663645029 1.53725636
    0.657981455 1.10620856 1.11482537 1.5769521 0.753829718 0.750102997
    0.932017565 1.61266696 1.29185987 0.802165031 1.62687159 1.4538101
    0.721414745 0.984117687 1.19035137 0.774761379 1.2440356 1.61889613
    1.50385606 0.992649615 1.54700017 1.23993313 0.777668595 1.20483923
    1.68970251 1.44678712 1.66435802 1.65751529 0.976216197 1.45545197
    1.05125332 1.19536245 1.65267944 1.58832562 1.14541852 1.46595442
    1.02650702 1.38203692 1.21115029 0.919839799 0.698227525 0.679519594
    1.08007526 1.32951796 1.45190024 1.09684169 1.44927335 1.65700483
    1.64107931 1.52085102 1.57379007 1.06155801 1.02422655 1.30330789
    1.60708141 1.24919641 0.84456557 1.02664435 1.3045944 1.5805949
    0.789346993 1.62215841 1.22158754 1.56003356 0.682115257 1.01634848
    1.01452351 1.64446378 0.90365082 1.50303233 1.62581098 1.48919702
    1.03479004 1.64750087 1.58612013 1.49074304 1.03947341 1.35957813
    1.33453262 0.65031141 0.609356165 0.795952201 1.12312424 1.07687926
    1.34480286 1.08218074 0.748684406 1.07764292 0.904145956 0.79144603
    0.721487641 1.43846512 1.46610868 1.51119041 1.30586004 1.50505745
    1.65037978 1.22124898 0.907398582 1.55745304 1.261989 0.819887042
    1.31149387 1.11492896 1.45472968 0.802369595 1.25716507 1.24958313
    0.683876216 1.33236372 1.09279764 1.31626832 1.25719774 0.728442609
    0.658874214 0.733445704 1.26048386 1.2155261 1.40609145 0.974244952
    0.787119329 1.57243955 0.916267991 1.11866641 1.29152071 1.13328993
    0.928162932 0.977323055 1.52632427 0.920535982 1.4224931 1.07549334
    1.3737005 0.701947749 0.719851732 0.747813165 0.957727849 1.69012105
    1.37995911 1.7346791 1.38262069 1.54064476 1.44277871 1.69271052
    0.879192531 0.909438312 1.42831528 1.55237663 1.55822539 1.24024594
    0.766691089 0.928830862 1.52308941 1.55957878 1.14713168 1.74048865
    1.06219804 1.42066979 1.44304788 1.44233179 0.886372924 1.14445627
    1.31444097 1.18411624 1.10977805 0.91256541 0.841154575 0.876280069
    1.16610861 1.40950096 1.64212692 1.40912914 1.31719148 1.67210078
    1.12239218 1.64532161 1.08591247 1.31721723 0.975629866 1.59720194
    1.55970526 0.700791121 0.731372535 0.660971344 1.3368361 1.11042404
    1.02660155 0.716243982 0.68447125 1.41271961 0.791812599 1.25289094
    1.45833087 1.17443848 1.31471574 1.2407707 1.55396748 1.44453073
    1.41558659 0.789604723 1.05793011 1.012079 1.23336565 0.83548218
    1.20431304 0.630832493 0.760501981 1.45901537 1.24553597 0.905086279
    0.805696845 1.53301537 0.863199592 0.874334931 1.25679708 1.63176441
    1.15547764 1.22963798 1.07514131 1.63594341 1.44804668 0.818280578
    1.51733959 0.753137827 1.21135068 1.67294776 1.27333617 1.28791797
    1.43690145 1.49696004 1.13079739 1.29498827 0.831153274 1.04895353
    1.46566749 0.851997554 1.57724738 1.4367677 0.829019427 1.55023623
    0.871236384 1.58553696 1.04298556 0.968036354 0.876537323 1.608886
    1.10294116 1.4181093 1.49598598 0.916129172 1.37568533 0.687627614
    0.775704145 0.939885259 1.17678535 1.20389891 1.25193202 1.30810952
    0.667354703 1.6826458 1.0555855 1.15472794 1.5133214 0.780051768
    1.56490922 0.909880519 0.893634915 1.57434464 1.33754575 1.02538621
    0.790441871 0.874957681 1.13777816 0.858186305 1.13102055 1.35953605
    0.733358502 0.861544251 1.31339884 1.43826151 1.40423048 0.765562236
    1.36216414 1.1741401 1.02447546 0.934957564 1.36624694 1.4899447
    0.869722247 1.07659113 0.9982059 1.04269218 1.65589726 0.880641341
    0.98705411 1.34613287 0.698683441 0.80165565 0.839714706 1.03590965
    1.37417412 0.785945833 1.14471197 0.737202942 1.41577137 0.866717756
    0.973085523 1.23583353 1.41742933 0.869562387 0.941701591
    0.666287363 1.11068261 1.64857674 1.2248615 1.56758499 1.47383463
    1.44111812 0.82977289 1.15089238 1.53675044 0.919598877 1.47539389
    0.81135875 0.827385187 0.803813517 1.29921222 0.865187526 1.51155424
    1.18517554 1.524822 1.13541496 1.57588804 1.18047678 1.47746086
    1.55920374 1.26562023 0.784158468 1.521842 1.56736612 1.24677551
    0.728844762 0.720099449 0.97513634 0.843195438 1.45074296
    0.869668424 1.41802633 1.6927979 1.55791533 1.30556417 1.72246301
    1.07422376 1.27933729 1.13424146 1.61841989 1.44370973 1.17464185
    1.36528301 1.20696115 0.884851813 1.06600094 0.728543699 1.34760177
    1.15337896 1.37656832 0.965937197 0.691070378 0.778642297 1.57963586
    0.681660712 0.859672725 1.29673493 1.15486979 1.15110648 0.90467757
    1.17902672 1.58037567 1.47669148 1.62002778 1.05658531 1.25035095
    1.31811476 1.28676045 1.37968397 0.59367162 0.702355444 0.641730964
    1.39773345 1.06503844 0.708005607 0.982073665 1.71558344 1.64657426
    1.21655917 1.53286994 1.43637824 1.56909788 1.29112482 1.1184324
    1.42924368 1.00057864 1.61902893 0.692561924 0.705913544 1.03465748
    1.13625288 1.29402101 1.08159125 1.27123868 1.11246252 1.53810275
    0.845441818 0.965553343 1.58531988 1.5695014 0.932752371 1.44257128
    0.921561539 1.59592581 1.60127592 0.867275 0.691011906 1.44590497
    1.5540036 1.43681192 0.761865377 1.63711834 0.794972718 1.34253263
    1.49945521 1.41665685 1.10515678 1.51315594 1.23878479 1.68626142
    1.2441361 1.16170537 0.944515526 1.47262621 1.16461909 1.25434732
    1.37824142 1.05913055 0.916952968 1.07658875 1.15073729 1.58046818
    1.51131463 1.27407396 1.00295639 0.72486949 0.693894088 1.35285234
    1.55213451 1.07172918 0.984601021 0.810537875 1.47908413 1.10022819
    0.63619417 1.4518193 0.87925446 1.20602703 0.686491609 1.30346298
    1.10096347 1.51587415 1.67602313 1.41336441 1.06855059 1.56299686
    0.67886585 1.32661831 1.50687969 1.31346607 1.61708009 1.37642956
    1.29733074 0.94526428 0.799823403 1.64839697 0.973597944 1.20391536
    1.4663049 0.972063541 1.06707776 1.07653522 0.758057654 0.771307349
    0.684942484 1.26423299 1.31693983 0.969326079 1.62276495 1.32303548
    1.52586186 0.738481581 0.977059245 0.763000906 1.65153658
    0.895231068 1.32745349 0.820079327 0.956458449 1.62537169 1.43077564
    0.711973965 0.758133531 1.25508964 0.796582699 1.21632886 1.1666162
    1.61971629 1.53415859 1.24906993 0.915441334 1.02321684 1.66701257
    0.709249854 1.37189198 1.43941391 1.38225353 0.90133667 1.32064164
    1.1045382 0.999398232 0.826339662 1.09166837 1.47720611 0.901003957
    1.55839694 0.778741598 1.09135675 1.13925302 1.45327497 0.95747298
    1.55243587 1.63125873 1.72172058 1.00554967 1.30637801 1.03584039
    1.41591084 1.61571479 1.13325441 0.819174469 1.3380326 0.774869561
    1.60028493 1.47378266 0.809422731 1.53160095 1.45520234 1.11583376
    0.842462838 1.49696302 1.00879252 1.56138742 1.38852417 1.63032043
    0.800541401 1.15581322 1.06048274 0.723849475 1.25608802 1.52119565
    0.652073622 0.798508167 1.15992737 1.25722444 0.836537778 1.13930786
    0.774492145 0.944418967 0.667426348 1.01209986 0.737796664
    0.615109086 1.07911849 0.712782383 0.741738498 1.50153983 1.56658232
    1.61032248 1.22958684 1.156883 1.6394366 1.46605313 1.38653064
    1.44024527 1.47381878 1.48948014 1.2155776 1.14115036 0.642291009
    1.4320637 1.48536837 0.635383666 1.24029934 0.645004332 1.00214171
    1.34472144 1.46019733 1.44613469 1.00660396 1.67126811 1.75923622
    1.57159114 1.45433187 1.21112823 0.78288883 0.765956759 1.16174257
    0.912272751 1.30797076 0.933989346 1.16878819 1.38832283 0.874849558
    1.39571977 0.881585538 0.82984972 0.964946508 0.617772698
    0.849045455 1.32814479 0.696770668 0.797212481 0.70028007 1.51825666
    1.46088266 1.09117532 1.18303728 1.31477714 1.22805882 1.1002394
    1.09572315 1.38343418 0.809930801 0.728295028 1.26030517 1.45579422
    0.81145674 0.771673679 1.35593462 0.690932393 1.72005188 1.44148207
    1.64116561 1.00753081 1.300547 1.18546081 0.755966842 1.4765116
    1.05565965 0.813144982 1.32562959 1.49219203 1.36117554 1.48896861
    1.29867268 1.61003292 1.15262365 0.978736281 1.11460257 1.42978823
    1.20883536 1.70264506 1.29585445 1.19638443 0.828531682 0.993116856
    1.46952546 0.991168559 0.681432724 0.834709883 1.37238955 1.17391443
    0.718756616 0.869975328 0.955240369 0.766318321 1.63704157
    1.34829724 1.7085284 1.04769075 0.701007664 0.870124876 0.747125745
    1.43634629 1.61733425 1.11693299 1.50258827 0.98416543 0.73005867
    1.25489938 0.682067275 1.01885033 0.90376389 1.43682015 1.30476749
    1.03966427 0.78965205 0.789091825 1.47870231 1.35615802 1.04997742
    1.68370211 1.48370731 1.1488663 1.07882988 1.11758864 0.970993519
    0.620864511 0.689805925 0.8327052 0.835763931 1.27830303 0.673715532
    1.15800846 1.54284906 1.00774705 1.54876065 0.922069967 1.04534602
    1.14176476 1.47804701 0.874667287 1.46546292 0.803251743 1.51956487
    1.61251688 0.888188481 0.867529333 1.29661596 1.12392473 1.04418278
    0.895370722 1.33795393 0.758894682 0.659681976 1.18264902 1.22134709
    0.834686875 1.61443686 1.17278087 1.32204306 1.21559572 1.40836501
    0.794597745 1.26003718 1.00490427 1.37332547 1.58280039 0.989918172
    0.901297867 0.672872126 1.12209046 1.02410138 0.702153027 1.0730232
    1.62272096 0.645103514 0.713077307 1.59792948 1.57953393 1.29438376
    1.4643327 1.22197902 0.909518063 0.797283113 1.10530233 0.890018582
    1.58758163 0.737575591 1.00663912 1.55672562 1.1689043 1.59647775
    0.881777644 1.4467448 0.799157381 1.49614322 1.24409568 0.903920531
    1.67266774 1.44580567 1.5464958 0.858366728 1.04675484 0.792171299
    1.40802205 1.12818277 1.42699039 1.27218652 1.04914498 1.48400462
    1.60168445 1.07947969 0.931859016 1.18519962 1.34793043 1.04552138
    1.74211013 1.42348671 1.42274249 1.30883813 0.714492619 0.793767333
    0.849145532 0.66916436 1.14758861 1.16646087 1.41598666 1.62707186
    1.55387032 1.41682255 1.45141351 1.40160131 0.871969402 1.35226512
    0.855230033 0.802303374 0.85657984 1.38084662 0.791895747 1.08037913
    1.70932305 0.963989317 0.808825254 1.19523978 1.47049987 1.22240555
    1.04696906 1.38597417 0.813731194 0.83860743 1.48123956 1.14196265
    1.0666194 0.96395421 1.00435066 1.76870525 0.97470057 1.73486257
    0.785226047 1.04450238 0.852447331 1.51068056 0.7874825 0.914819658
    0.822010458 0.748500645 1.25388551 1.19514489 1.01309061 0.928190649
    1.6505996 0.91358459 0.947209716 1.4614228 1.36723101 0.970396638
    1.64071977 1.10600591 1.12763238 0.77642107 0.852491736 1.20696795
    1.36699378 0.865925074 0.715760946 0.911952794 1.19519377 1.52848244
    1.34374583 1.47255886 0.756187141 1.22097743 0.580951095 0.986183405
    1.48726404 1.30340672 1.34425247 1.33651912 1.25202417 1.635378
    0.920264721 1.35103011 0.993836403 1.5065937 0.911148667 0.774822414
    1.1558547 1.34951186 0.669680834 0.949476659 1.11936545 0.665852845
    0.985204399 0.895723283 1.15784883 1.76152802 1.71329153 1.60429966
    1.24123478 1.23839998 0.90985769 1.51409686 1.48323154 0.908910275
    1.02747631 1.32053709 0.798801184 1.05745506 1.69914269 1.43470335
    1.55750692 1.29334152 1.18178105 1.21160316 1.37920141 1.64246976
    1.33346248 1.14221108 1.1257863 1.20386922 1.31118751 1.61221933
    1.12582397 1.24370635 0.876958847 0.844759464 1.17459285 1.43438303
    0.768302739 1.52078581 1.24996269 1.54113066 1.26854849 0.991284549
    1.3944062 1.65078855 1.10065293 1.67312789 1.67815006 1.02315199
    1.05588317 1.65937757 0.979585648 1.56212986 1.60540426 1.23419297
    0.679059446 1.34423625 0.772244215 1.0421561 1.14572763 1.0134362
    0.708117962 0.793224812 0.747073591 1.14792264 1.34465206
    0.990945637 1.35502851 0.843872428 1.54004812 1.28520405 1.20967472
    1.08459651 1.03362179 1.0549593 1.03918624 0.82027328 0.869247139
    0.917245388 0.800689161 1.01712191 0.925089836 0.78202194 1.40605354
    1.28173769 0.924721539 1.48805106 1.45644712 1.14576685 1.05984735
    1.26247776 0.957155466 1.36271024 1.16060877 0.996925354 0.730634212
    1.2904439 1.18516445 1.45713627 1.43888485 1.40157223 1.41087747
    1.56024373 1.29413581 1.36115992 0.720257521 1.27075791 1.5542767
    1.12577415 1.60916817 1.28900087 1.22435379 1.12384737 1.54389298
    1.12897456 1.04158831 1.43547904 1.61093175 1.17363548 1.57371843
    1.56654513 1.41056216 1.34387803 1.37378609 1.00580025 0.704975247
    0.763939142 1.49083376 1.12726533 1.37190807 1.51235521 1.66969407
    1.09505153 1.42022491 1.4347415 1.54920399 1.6157943 1.09743476
    1.44927204 0.869112194 0.96549356 1.45503449 1.21958423 1.2701726
    0.835919917 1.09860873 1.34871948 0.840358257 1.06817377 1.34174728
    0.783315003 0.746400535 1.62237322 1.56205094 1.63358796 1.02488458
    1.4901737 1.13674605 0.747912228 1.20659304 1.20702827 1.70972562
    1.26593053 1.67025697 1.11072326 1.56186533 0.746944249 1.29726613
    0.72828871 0.927939713 0.798943162 0.787448645 1.02873671 1.24386561
    1.221807 0.75537014 1.45679879 1.16465902 0.634483218 0.853378654
    1.46896815 1.62919939 1.46579444 1.19193184 1.60039175 1.65469635
    1.0158453 1.49596035 1.11328983 0.722046912 0.966962695 1.37388897
    1.58255851 1.18098891 1.15427518 1.28341961 1.18917847 1.03599763
    1.53588355 1.24644339 1.76848423 1.61314845 1.4183296 1.10579324
    1.11477888 0.882094741 1.49120235 1.58057189 0.653725743 1.34844589
    1.02358258 1.04873133 0.661302984 0.71472466 1.54663229 1.14772344
    1.45754039 1.42816222 1.0429517 1.65542126 1.01076353 1.6043123
    1.43188131 1.06214046 1.23811483 1.00200176 0.792655051 1.25048208
    0.736974537 1.24780786 0.78140372 1.10169888 1.29953527 1.35467947
    0.948804975 1.47801375 0.645510495 1.24376786 1.30684662 0.610388339
    0.648632944 1.18070817 1.53381646 0.758116961 1.68417561 1.04273522
    1.30885768 0.868013799 0.75040549 1.52974355 1.64000845 1.45012558
    0.714472473 1.00280225 0.714672327 0.641609073 1.12639976
    0.958871365 1.44994593 1.19578981 1.57716191 1.23513269 1.33146775
    1.44467211 1.36350739 0.9057616 0.840681136 1.58216274 1.0219394
    1.30317152 0.722310126 1.18953454 0.749563694 0.972156703 1.29269063
    1.44125414 1.02910244 1.68364072 0.99555248 0.859287739 0.776633024
    0.876458645 0.853880703 1.32895708 1.64308131 1.44464087 1.59675598
    1.09274626 1.2399869 1.2752099 0.765650034 0.813990474 1.10727346
    0.741370738 0.718447328 1.35825551 1.34315741 0.92485851 1.2075479
    1.63692462 1.02634633 1.04909194 1.12818611 0.995179951 1.68421495
    1.55513227 1.32959831 1.13330638 1.72454226 0.86085552 1.57256532
    1.53596389 1.35367584 0.945988178 0.806561112 0.704866767 1.52498317
    1.42559445 0.948460162 1.24204552 1.36960685 1.11591721 1.31876183
    1.1321187 1.27923787 1.1882019 1.61356497 0.929708004 0.726038873
    0.75769788 1.43072367 1.14492536 1.36863184 0.864692032 1.62677765
    0.709094048 1.0115844 1.5250926 1.12329948 0.773825824 0.678478062
    1.18292868 0.748933971 0.866338313 1.00174713 0.963989258
    0.998941839 0.823375702 1.52508008 0.948612094 1.0763638 1.48452055
    1.61419094 1.29306805 1.37264621 1.27167535 0.992047787 1.29478884
    0.915937603 1.1432215 1.5716939 1.65795064 0.721822917 1.49987388
    1.47672343 0.743403137 1.48921251 1.03245044 0.677462161 0.886952579
    1.01135623 0.973347723 1.59646642 0.943253934 1.23170626 1.56108785
    0.990904808 1.25563979 0.768516958 1.12250507 1.57340837 1.505463
    1.05155551 0.731403947 1.21818113 0.738372087 1.39625084 1.44004583
    1.45549464 1.75669897 0.977665961 1.15748477 1.69705522 1.37543666
    1.02403593 1.00485265 1.39752257 0.737547755 0.849958062 1.19995975
    1.11763358 1.5359019 1.62224793 1.30357528 1.2801168 1.40142274
    0.873838186 1.4088459 1.38884842 0.805505693 1.10113859 1.65461373
    1.19913518 1.62325966 1.29444242 1.45115244 1.73373485 1.1926893
    1.1526885 1.09637141 1.46615064 0.9934358 1.49614441 0.579820216
    1.25504136 0.734810352 1.50903416 1.17679536 0.744828224 1.68687689
    1.15821278 1.54034865 1.50663459 0.704848647 0.748945773 1.09119618
    1.48584461 0.931007564 1.58206391 1.45694625 1.3074553 1.64415419
    0.89459908 0.736400068 1.61521196 1.24785388 1.12202823 0.956241369
    1.13259482 1.08991122 1.62017047 1.59855592 1.23303783 1.37018108
    1.04760969 1.27619338 1.03213739 1.39117074 1.65203714 1.16313088
    1.70387101 0.835551739 0.91040796 1.59079075 1.54273641 0.686230123
    1.19529736 1.3844887 0.676802099 1.45676529 0.743254185 1.1310854
    1.52110541 1.68211329 1.40007579 1.4138552 0.945200264 0.923555434
    1.05916584 0.671516418 0.744306982 0.549574494 0.603547692
    0.97858125 1.46988213 1.62130129 0.746098578 0.799118876 1.35248697
    0.850242436 0.869208515 1.16297448 1.24146879 1.25175905 0.711871445
    1.50783598 0.683608234 1.50482607 0.810087204 1.41281152 1.46091545
    1.58129001 1.39079285 1.3525914 1.01853132 0.719942153 1.49532366
    1.36669517 0.729117095 1.6057539 1.60620022 1.01592886 0.6324054
    0.868205667 0.857507765 1.73916686 1.59077477 1.5604533 1.69746816
    1.28516126 0.841393292 1.34690118 0.934173048 1.16655385 1.48113656
    0.830626726 1.64839935 1.53084016 0.794642329 1.45591211 1.75214028
    0.971838653 1.20410025 1.62962997 0.950129688 1.58285892 1.15254164
    0.682812095 1.33952534 1.30874538 0.725530207 1.0348115 1.26634324
    0.915338635 1.37289846 1.00625479 1.04683912 1.35636032 0.967439175
    0.686916709 0.947336912 0.890820205 1.45766103 1.60843813
    0.704848707 1.25853026 1.30721045 0.895616293 1.62684655 0.75704819
    1.28408313 1.73381948 1.71762681 1.44522214 1.2464422 0.852591455
    1.34227097 1.18125045 0.622912467 0.781617403 1.12191474 1.61055779
    0.744068921 1.03722608 1.23406136 1.08275855 1.31391168 0.908638358
    0.868381441 1.25406969 0.600413859 1.0263114 1.39792371 1.38902473
    1.17282712 1.57779551 0.931639075 1.25291777 1.46493828 1.58511627
    0.780069768 0.800803602 1.10322857 0.890981197 1.54661238
    0.884422362 1.44673419 0.873364389 1.45859671 0.995814383 1.13041317
    1.65283871 1.24368119 1.63123631 1.01444066 1.20198798 0.861403346
    1.26680052 0.948765516 0.764327824 1.26205766 0.98795867 1.06414449
    1.61051774 1.1641674 1.12046278 1.2852391 0.861320019 1.26569879
    0.86768806 1.56877255 0.781037569 0.8385427 1.2596873 0.870937824
    1.10903156 0.811321139 0.66578424 1.52395403 1.11176229 1.66968918
    0.89932853 0.765290976 1.51554608 0.892569244 0.782626569
    0.881416321 0.997176468 0.743928075 1.2630986 0.93020159 1.04827321
    0.952866673 1.05627394 1.38038647 1.55724418 1.25916624 1.09377444
    0.994631946 1.16042376 1.4044081 1.1435231 1.70361745 1.35133946
    1.19989955 1.41741252 1.17362523 0.840094507 1.28944707 0.69884342
    1.4086622 1.16773665 1.43061316 0.727289081 0.777956784 1.27299058
    1.12877083 1.6440804 0.746317446 1.46021295 1.75341058 0.748296678
    1.47881448 1.64275086 1.60641074 1.66236067 1.07147694 1.04941618
    0.610664368 0.962948859 1.48734844 0.908194363 1.02169526 1.46710253
    1.27843809 0.813204169 1.28323841 0.708545327 1.51881135 0.734607339
    1.12254941 1.00972712 1.35344803 1.56378937 1.35379028 0.94813329
    1.51554191 1.49563479 1.467044 1.49302983 0.873267949 1.1480248
    1.35345042 1.19691586 0.97775054 1.26870418 0.796553314 1.59070396
    1.13372433 1.07178938 1.23578537 1.42409492 1.60809565 1.22800004
    1.18545222 1.17438602 1.67870295 1.3849715 0.866066933 1.02051806
    1.68891239 0.742016196 1.33402562 1.01456416 1.46431625 1.25864518
    0.846182466 1.05929184 1.20949352 0.844473958 0.816046059 1.2990979
    1.22820914 1.38518071 0.779029727 1.28967631 0.804501772 1.21886182
    0.750875235 0.922934711 1.23055649 1.47312176 1.5397228 1.17154348
    1.50290918 1.10178173 1.297207 1.6045804 1.64809263 0.921029031
    0.741832137 1.54865003 1.14610648 1.25568807 0.816726685 1.05555224
    0.913468301 1.38277817 1.49989331 1.16723859 1.07971787 0.837899089
    1.22198749 0.685282767 1.22826254 1.3322823 1.17718351 0.71783638
    1.54692101 1.6715138 1.61124432 1.00997734 1.27012777 1.42073572
    1.21012866 1.01835322 0.714916706 1.64378214 0.730160654 0.999950767
    1.03213036 1.63465548 0.945413828 1.54890692 1.15617955 1.53572643
    1.07214022 1.56628799 1.66615331 1.49605882 1.67419052 0.659734905
    1.01824045 0.792676568 1.15354502 1.43567538 0.761202157 1.19299912
    0.937535882 1.52222073 1.08447623 0.750335217 0.884453058 1.54587281
    0.842604339 1.00250685 1.53910637 0.759037614 1.15992677 1.44737387
    0.828462601 0.69446528 1.49319315 1.26715708 0.807971418 1.01225924
    1.48110569 1.38297069 1.23733103 1.63185656 1.14184928 0.817814887
    1.21825099 0.698554516 1.17196548 1.04313374 1.01359344 1.44097829
    0.910355926 0.996823907 1.48857272 0.839372635 1.31765366
    0.854968131 1.29418683 0.813154519 1.26801503 0.615647674 1.02093565
    0.928809643 1.36967874 1.36589003 0.829550326 0.673588276 1.06035709
    1.43248856 1.12754703 1.46493709 1.37831318 1.48394394 0.794129968
    0.996947229 0.666606843 0.833827555 0.765328825 1.36130774
    1.22744799 1.53383589 1.64092743 1.18148971 1.09301829 1.27127314
    0.984849513 1.39820409 1.25295544 0.898837328 0.803814411 1.63432813
    1.61499143 1.67744589 0.771585047 1.22022283 1.54209077 1.46493614
    1.22647822 0.777533114 1.65701282 1.47509646 1.00039577 1.12276018
    0.761333346 1.30789316 1.69011736 1.56113303 1.20920467 1.66617179
    0.944725811 1.32031024 1.10655665 1.13834572 1.65455699 0.767661691
    1.65308106 0.765214443 1.25378025 1.64401472 1.42852247 0.915269494
    1.01125586 0.711694479 1.61432981 1.15121341 1.54244053 1.65957868
    1.59811985 0.977292717 1.71792912 0.870555818 1.56311357 1.33110225
    1.18741727 0.970504761 1.59158492 1.15625024 1.49848926 1.46194363
    0.824454546 0.891690969 1.38240123 1.65404248 1.0832293 1.32696223
    1.4437772 1.58302605 1.71641314 1.59606719 1.34322536 0.811659575
    0.823804259 0.887949824 1.71838784 0.907770693 1.36350524 1.3679347
    0.860395193 1.25786436 0.974478483 1.17507923 0.718379617 1.4826839
    1.03254414 1.24725866 1.13310587 1.16066194 0.632467389 1.49110389
    1.45445907 0.753610492 1.39680624 1.52467489 0.971393347 1.07591081
    1.66974795 1.03863907 0.973870337 1.11799145 1.19373024 1.04999793
    1.18795037 1.4081496 1.40649116 1.25386882 1.49654412 1.16920984
    1.27239048 1.46550286 1.69127393 1.67751336 1.43629003 0.842670083
    1.60646451 1.27281666 0.900547743 1.22718287 1.682567 0.784064114
    0.900208533 0.91351068 1.5279187 1.4337101 1.55342591 1.17494917
    1.39221239 1.45939398 1.35462809 0.824049115 0.898753405 1.66026914
    1.61402225 1.14061046 1.33149731 0.730951726 0.60917896 0.502917707
    1.37381804 0.532721162 0.611642182 1.35381567 0.718472481 1.22391152
    1.05406928 0.840128243 1.12940991 1.5303719 1.63206279 0.956159174
    0.990715206 0.675013006 0.702020884 1.02130604 1.06338859
    0.777793109 0.900456905 0.866380036 1.26572299 1.4892956 1.43871415
    1.39729106 1.62282717 0.785875022 0.850621283 1.31287992 1.0135293
    1.33402967 1.6012944 1.56227207 0.970486283 0.963278234 1.39907312
    1.30820417 1.0254575 1.48138535 0.965949595 0.89174068 0.872089028
    1.55067158 1.33317804 1.39937794 1.40262783 1.21691537 1.17208385
    1.32929099 1.35248995 1.5046792 0.946966052 1.71733439 0.881437123
    0.822722614 0.912721038 0.944816351 0.810833871 1.1829325
    0.862984478 1.32653379 1.49947584 1.02693284 1.50335205 1.51197779
    1.50747871 0.632693946 1.50783181 1.53817117 1.09947884 1.08260429
    1.58384132 1.26586127 0.656973898 1.08681667 1.27261138 1.16005218
    0.962756455 1.56049001 0.705254614 1.31713831 1.59710741 1.16229212
    1.45329189 0.799593925 0.796482921 0.896183312 1.22378731 0.78420639
    1.59144175 1.246207 0.681141496 1.67480791 0.795303345 1.35450315
    0.640592277 0.966060758 1.1446476 1.45100963 0.832986295 0.836997926
    0.750266612 0.682245493 1.4846493 0.98148793 1.04783142 0.734062195
    1.48762226 0.937648296 1.63374805 1.41820657 0.809161901 0.853352129
    1.07639349 1.08367419 0.877266228 1.27618361 1.28177917 1.37841761
    1.49254727 1.59802556 1.63395011 1.40553856 0.80236119 1.59368491
    1.05106866 1.56243634 0.997770607 1.45925152 0.974318147 1.62025607
    1.46427512 1.02522671 1.11830997 0.861317337 0.835255384 1.1321435
    1.22886574 1.31299424 1.58219206 0.724655211 1.03467715 1.55054414
    0.639232397 1.069677 1.24113119 0.831853747 1.20465589 1.2591027
    1.29982889 1.08067238 1.28112257 1.56960833 1.37090194 1.09058881
    1.18676579 0.803002775 1.31104517 0.910768569 1.32102382 0.822872639
    1.01820016 0.910105109 0.879325747 1.52818954 0.990317225 1.14871168
    1.42861235 1.50091028 1.70523047 1.70337439 1.44302368 1.65184438
    0.794669569 1.05114305 1.16528046 1.54611933 1.65418196 1.17774749
    1.22526681 1.23758543 1.25458574 1.50235891 1.43553972 1.24051642
    0.76576966 1.05533147 0.707572818 1.10038126 1.15215218 1.23553026
    1.35443854 1.27358806 1.05944729 1.33475971 0.952996731 0.924304426
    0.89929682 0.944759548 0.687775433 0.721298754 0.852339149
    1.28165889 1.09545326 1.47771859 0.790090621 1.3760761 1.63830137
    1.13774657 0.984348059 0.992922902 1.03667307 1.41173279 1.51665056
    1.6705184 0.708454907 1.6444881 1.02746868 1.55380297 1.06573713
    0.859881043 1.01989138 1.52171159 1.34785688 1.46647441 1.50774348
    1.49252796 0.780020773 1.28346479 1.70686078 1.45414734 1.34592724
    1.27598107 0.777171195 1.06512642 1.21552455 1.68413126 1.52759826
    1.08104432 1.24048233 0.849166334 1.04043138 0.741103888 0.739716887
    0.766926646 0.663255692 1.09283769 1.37982368 0.621699393
    0.677626908 0.764180422 1.04532754 0.984924972 0.863251448
    0.778189778 1.0097506 0.521560609 1.34945178 1.07211494 0.971722424
    1.62820327 0.820504069 1.5337441 0.725530922 1.17975199 0.761809409
    1.31534886 1.44084466 1.30259597 1.28477478 0.673514783 1.05075395
    0.574466228 1.32114697 0.8639853 0.903458714 1.15937495 0.770174861
    0.812366307 1.46581316 1.46532774 1.60798573 1.63750792 0.754802048
    1.26261938 1.2508539 1.662045 0.837193429 1.20239151 0.808953702
    1.12165844 1.50700629 0.791185677 1.66374862 0.821465611 0.81493032
    0.990756929 0.916398883 1.58964455 0.914044261 0.863321841
    1.56061459 1.3813839 1.29818356 1.25425124 1.55165982 1.76727998
    1.09310436 0.757556975 0.872263253 0.912663937 1.36037207
    0.820477068 0.866275728 1.28089726 0.844380379 1.2499764 0.693122745
    1.40616882 0.722112834 0.799858928 1.06085944 0.725307345 1.05746675
    0.920956492 1.27276897 0.780559003 1.02380049 1.32053375 1.39869857
    1.53721702 0.867955446 0.822460592 1.21324754 1.2816546 0.983303487
    0.803013206 0.900449634 1.57314146 1.18976271 1.08677435 0.848034918
    0.803073764 0.935415983 0.8496539 1.01024103 1.55186081 1.27802932
    1.5567013 1.39611387 0.701172888 1.17601645 0.92151469 0.755335867
    0.738465607 0.540443957 1.10047996 0.6203897 0.759804666 0.80641675
    1.20851278 1.60885179 1.41608727 0.959911764 1.37531972 0.822062433
    1.51191223 1.51794744 1.29631114 1.43935883 1.27442431 1.51080668
    1.59484911 1.51403606 1.60184968 1.09235883 1.72966433 1.18459737
    1.62700498 1.71042657 1.35246253 1.04930472 1.26595974 1.59357893
    1.36086845 1.46221113 1.13849878 1.21019101 1.12890077 1.49050951
    1.46752727 1.3810153 1.13669121 1.31636763 0.935791612 1.38249373
    0.838949561 0.627778351 1.0546658 0.672757268 0.772048831 1.01562798
    1.52985418 1.42717838 1.18602598 1.03454483 1.25538743 1.04516077
    1.18996155 1.08724666 1.63973796 1.60766447 1.37939429 0.711194277
    0.632143617 1.05375051 1.22667289 0.735160112 1.09543025 0.66959846
    0.831412196 0.791500032 0.973687589 1.39068687 1.13660181 1.27958679
    1.69306409 1.17092955 1.36810291 1.14642549 1.57294643 1.00441051
    0.887009203 1.42885709 0.888255715 0.966826379 0.695147514
    1.30314255 1.31588447 1.03895628 1.12800908 0.876945972 1.4334296
    1.63924921 1.07957506 1.36887634 1.18037772 1.35668957 1.28421819
    1.10005999 1.18635213 1.17181122 1.24646747 1.57623172 1.36179888
    1.68619537 1.52304256 1.60234141 1.3368659 0.62348038 0.720565617
    0.772604704 1.31661952 0.869851649 0.995403588 1.28347921
    0.939034581 1.16010952 0.891634166 1.71455145 0.794354737 1.51763487
    1.46717012 0.938423097 0.67133528 1.44533122 1.41327953 0.723924279
    1.32191837 0.952120125 0.711332083 1.34097624 1.54540002 1.46899736
    1.34712839 1.37816632 1.19001341 1.03161383 1.09202933 1.47041845
    1.22883308 1.37799799 1.67520559 1.37940705 1.26252162 1.38105893
    1.57696271 1.52925098 1.51999128 0.901452899 0.806043208 0.807840943
    0.731143653 1.01123512 1.16576338 1.28818119 0.696155727 1.04314172
    1.48958015 0.725826681 1.58413732 0.696947217 0.861917853 1.19908011
    1.0119319 0.894235134 0.790083051 0.877026439 1.38353097 1.15182507
    1.25072265 0.988478661 1.12041247 1.41555369 0.901837885 1.38330114
    1.16012251 1.20159054 0.640866578 0.644976974 1.39453077 0.947643638
    1.07665801 0.870263934 1.32324624 1.15934551 1.40564907 0.856373489
    1.51790011 0.862515509 0.913540483 1.3712908 0.864183009 1.5768584
    1.63597715 0.992496908 1.24995422 1.66234577 1.43917167 1.43888044
    0.890563548 1.66845798 0.880141437 0.656642735 1.47680104
    0.722018421 1.54485047 0.775157332 0.96103549 1.56769967 0.977701902
    1.02849162 1.63871479 1.20876551 1.71638465 1.55618942 1.12473309
    0.966038406 1.08851147 0.760145366 1.26226962 1.24376297 1.45403671
    1.11539841 0.863469899 1.09079826 1.00963473 1.0954293 0.696459353
    1.34006476 1.15216124 0.700995862 1.29733479 0.719851732 1.22248065
    0.860681057 0.849269927 0.96313411 0.961146474 0.707080364
    0.842130721 0.735933185 1.04098439 1.06128991 0.88943398 1.43603241
    1.2485528 1.30260897 0.812249184 0.854972184 0.997168839 1.36601663
    1.62721717 0.87082696 1.27428937 1.42719889 1.22579229 0.836510479
    0.784677088 0.611561 1.02232468 1.10605443 1.52462018 0.673800707
    1.04257774 1.35539353 1.16215396 1.14107203 1.62430942 0.86626631
    0.918225288 1.38145387 0.910463691 1.61654592 0.682688177 1.00192785
    0.852628648 1.1171546 1.29794657 1.5701015 0.903359592 0.899125814
    1.58983254 1.61431646 1.03139424 0.87349844 1.64060926 1.50535309
    1.33807254 1.47935331 1.33365273 0.804087281 0.789775372 1.41893971
    1.08978951 1.42211938 1.61362541 1.49433231 1.34922791 0.986100256
    1.01068592 1.39888382 1.36462212 1.29575515 1.38701677 1.16021585
    1.36843824 1.24415958 0.706703067 1.44776726 1.29099023 1.52902424
    1.0955745 1.54209042 0.761789024 1.59579515 1.67511439 1.42243481
    1.07679749 1.45139229 1.42297494 0.972296596 1.11128676 1.61197364
    0.892389059 1.14003694 1.17047608 1.28513718 1.02844334 1.11735213
    1.6200664 1.31646061 0.780853212 0.982416809 0.759672523 1.39997685
    0.94298476 1.3789953 0.983811557 1.0681386 1.27101803 1.17129982
    1.01971269 1.56742954 1.1080128 1.42331064 1.34883034 1.63749766
    1.37655699 1.11439478 1.33512366 1.36202025 0.900086939 1.64523041
    0.747211993 1.51239002 1.54929268 1.12557483 1.49606466 1.56297386
    0.827672064 1.70472181 1.63749242 0.652686119 1.18508112 0.719903648
    0.627987623 0.691115856 1.57436705 1.25738633 1.14055455 1.73561347
    1.4060837 1.4633199 1.5950464 1.10143793 1.68007708 1.15388083
    0.736363232 0.924175441 0.57204318 1.05207765 0.641514122
    0.889941633 1.23121345 1.11295223 1.11692715 0.857415676 0.831980526
    1.46730387 1.64571512 1.35706258 1.49028742 1.69539177 0.863204062
    1.62894654 1.15505207 1.09220886 1.43596482 1.02748156 0.940957606
    1.24810255 1.27892983 1.35829711 0.680265486 1.07527673 0.829894125
    1.21509981 0.666334748 1.4006871 1.36763239 1.49998605 0.684819162
    1.15107107 0.853073359 0.786318541 0.639453948 0.802132368
    0.584533393 0.618372679 1.11165082 0.834210932 0.901978195
    0.81623733 0.891210854 1.60565841 0.933662891 1.34993219 0.804963768
    1.24941814 1.23667455 1.02662468 1.3802923 0.795298219 1.0471034
    0.624383807 0.600012183 0.960369587 1.46317554 0.884393573 1.5024637
    1.28918624 0.69971782 1.01548147 1.46166539 1.14063203 1.34156775
    0.769132376 1.06019294 0.737922013 1.62476468 0.953327537
    0.926231563 1.63027561 0.953159332 0.843485713 1.59678853 1.16388166
    1.30242038 0.842629492 1.29197478 1.07593822 0.919656038 1.08180571
    1.12183368 1.53692269 1.39159775 1.67544127 1.47436416 1.26736712
    1.506181 1.21508253 1.64141917 1.42736316 1.3639636 1.28218555
    1.55991268 1.23687363 1.02193224 0.699247539 1.4721123 1.52949762
    0.78574872 1.58691144 0.777111053 0.931222737 0.812940598
    0.894824445 1.58569789 1.32319093 1.2453357 0.846996427 0.900416672
    0.859980226 1.38203692 1.09266341 1.30095565 1.23194861 1.58107173
    0.762944281 1.15007818 0.831121266 1.38866699 1.01385689 0.791826189
    0.70749855 0.963264167 1.05136991 0.939138234 1.52775288 0.692604959
    0.816355228 0.89694351 1.39554715 1.12346256 1.21783519 0.5847224
    0.979838967 0.799539387 0.798784614 0.805854023 1.01951265
    1.55783021 0.968891442 1.30862439 1.4192903 0.977835774 1.47215378
    1.31593859 1.23617983 1.15450716 0.814678848 1.57660425 0.897630036
    1.02910125 1.55970848 1.29443264 1.00987279 0.965575576 0.992203116
    1.62285948 1.0589931 1.18685901 1.39244139 1.429003 1.26137865
    1.5881573 0.904462516 1.32248437 1.18883169 1.3330518 1.0789839
    1.56826699 1.3498553 1.05577099 0.972994685 1.0359993 0.832442105
    0.989884079 1.14546871 0.76668936 1.54833901 0.756577373 0.683985531
    1.29584229 1.44857609 1.22644365 1.2598716 0.749966085 1.21872461
    1.0427624 0.721482933 1.42356801 0.910755873 0.945964992 0.89450258
    1.05343127 0.774550736 1.20288897 0.715614498 0.872321844 1.25835288
    0.963139594 1.19186831 1.2846837 1.55366957 1.1242522 1.17093503
    1.35279012 0.920455992 1.39869618 1.19276202 1.24317718 1.32722628
    0.92838335 1.10552442 1.51986384 1.27917767 1.23372841 0.711137891
    1.55614829 1.06586063 1.00860023 1.45850766 0.966507375 1.18606031
    0.846831262 1.01473749 1.26916885 1.43452954 1.60520196 1.22748804
    1.67274642 0.86474371 1.18470585 1.66995132 1.37630701 0.783477426
    0.996254385 0.880819142 1.28689718 0.721481204 1.17766464
    0.912212253 1.48312974 0.956786752 1.655635 1.68153811 1.63146949
    1.42430174 1.42568696 0.976061046 1.59870696 1.09682512 0.783926666
    0.613580108 0.687249243 1.03214991 0.656192064 1.56015027 1.34582317
    0.71459955 1.00501895 1.39165044 0.904309571 1.21406293 1.44626737
    1.45043206 0.721725702 1.48245084 1.42728424 0.997757733 0.749987781
    1.42951381 1.18501282 1.14361894 0.908456802 1.52754545 0.794664085
    0.699788094 1.21305716 0.670572579 1.21105635 0.998130262 1.29614174
    0.674099505 1.12372994 0.903286576 1.13827848 0.68060416 1.52872193
    0.777196646 1.49537838 0.817563713 1.42452133 1.09206462 1.06622076
    1.14909542 1.10926068 1.42898893 0.810694516 0.905696869 0.859755933
    1.16140401 0.987056196 1.09973204 1.47661495 1.18326712 1.39760876
    1.49318218 0.743632972 1.29974496 1.19773889 0.618528962 1.0222404
    1.10866749 1.16434824 1.23807263 0.70476681 1.22353101 1.33962631
    1.50333381 1.1965692 0.724181831 1.42889214 1.11230731 1.58804893
    0.752191246 1.70219314 1.26340818 1.36097252 0.840256155 1.5864284
    1.630023 1.55787039 1.50960457 1.44215953 1.30117261 0.954240263
    1.42400205 0.688019097 1.55469751 1.2162379 0.761636972 1.00526452
    1.34483194 1.73449445 1.00199521 0.805237889 1.27970636 1.64030623
    1.72321367 1.46861398 1.17486084 1.59880519 1.32680166 1.06918156
    0.84336549 1.52927494 0.744516909 1.59460413 1.27734959 1.04922593
    1.54152906 1.11174297 0.981018424 0.740070224 1.29943991 1.46125364
    1.36373675 0.898728669 1.65984464 1.19746518 1.54035234 1.03525651
    0.718112767 1.05997109 1.1892879 0.713200986 1.63061631 0.752401292
    0.806343913 1.12820959 0.777549922 1.32238472 1.00990808 0.998098373
    1.27219892 1.55736315 0.868838906 1.16724098 1.48182023 1.54215562
    1.04924548 1.30760634 0.929143429 0.992200673 0.783425808 1.10627544
    1.21924555 1.55497444 1.5534569 1.02790952 1.38179076 1.6611414
    1.58238602 0.926481545 0.978696883 0.807240009 0.857724011
    1.60801327 0.950101256 0.878386557 1.27113295 1.18414164 1.23064244
    0.80081439 0.996560931 1.30332041 1.65002072 1.13139689 1.25305867
    1.66625774 1.19296515 1.08921003 1.11772299 1.21502328 0.768976808
    1.4517113 0.738069057 1.41796231 1.07084477 1.31263733 1.33753908
    1.08935785 0.627702951 0.794772387 0.709156811 0.664509833
    1.04587018 1.33967626 0.699108422 1.49478471 0.705592513 1.61976504
    0.742051303 1.45736158 1.29399967 1.36974275 0.997743309 1.18494487
    1.638605 0.885012627 0.828278422 0.716408849 0.802953422 1.44556844
    1.35053611 0.854205191 0.774905682 1.51792383 1.60194397 1.14148021
    1.1796819 1.0997442 1.04423416 0.958205521 1.02202988 0.741928101
    1.15379 0.82622081 0.986382425 0.753278017 1.58713412 1.3068769
    1.46203279 0.81062448 1.37742496 1.7216686 1.08266687 1.3375144
    1.34460795 1.10779512 0.850415409 1.49841273 1.26834011 1.13866305
    0.919148445 1.2675631 1.29907811 1.47564137 1.59136236 1.13578987
    1.81971145 1.51927638 1.27608013 1.02909625 1.08585548 0.883165061
    0.808797657 0.883728743 0.821602702 1.4596498 1.21958709 1.19341576
    1.52789783 0.894867897 0.869027793 1.47954881 0.86228478 0.855979025
    1.45537055 1.09077203 1.46558809 0.684931278 0.812217832 0.722512126
    1.4945761 0.801894605 1.31132579 1.56201255 0.747894168 0.98838681
    0.820490658 1.05222619 1.10939467 0.956264675 1.60194325 1.01540875
    0.768337905 0.930426657 1.13519144 1.0616852 0.859187186 1.56297791
    1.03995991 0.888812959 0.807321906 1.47337341 1.01008439 0.891907036
    1.10625803 1.44930482 1.19912636 1.25358927 1.30609751 0.927920341
    0.65217644 1.19219828 1.38738084 1.17768848 1.02287161 1.58913743
    0.803062141 1.66597402 1.45092213 1.2850498 1.54071605 1.17913556
    1.61619115 0.909978569 0.822385073 1.42163217 1.30789196 0.744043887
    1.33384955 0.943718433 1.05074036 1.23657942 1.05054688 1.17825747
    0.719129622 0.663245618 0.743105114 1.21144485 1.48667121
    0.680541098 0.658738434 1.63719249 1.25914073 0.96188879 0.874084353
    1.45429492 1.23194325 0.902222335 1.69759047 1.18794084 1.58836162
    1.08885503 0.873391986 1.07589209 1.25992978 0.988922715 0.851343095
    0.7718364 1.06724381 0.829160035 1.24488056 1.06125736 1.70815337
    1.08969975 1.34494567 1.65724409 1.73920536 1.13238049 1.82894015
    1.47749531 1.77694952 1.51795745 1.20626903 1.21268475 1.48789215
    0.798184335 0.969164968 1.4157933 1.52930737 1.13756871 0.922721565
    1.24555171 1.11608636 1.40399635 0.920328021 0.735696435 1.49206436
    1.04567373 1.24253035 0.876752675 1.71684635 1.59580147 1.30527675
    1.3073225 1.1066072 1.64663851 0.879077435 0.850291848 0.874508739
    0.994942844 0.866379321 1.130723 1.15309346 1.25762534 0.865925789
    1.55521548 1.20501912 1.35165501 1.16476476 0.914099813 0.945781529
    0.9711532 0.794837475 0.780418813 1.58025396 1.24784327 1.3240881
    1.42817307 1.08178377 1.56409597 1.55666399 1.21727598 1.69463682
    1.11638796 1.22366548 1.08816361 1.25846171 0.802939296 0.899693608
    0.821150601 0.719034672 1.50227273 1.245103 0.944757283 1.49583721
    0.797361851 1.22707427 1.66194034 0.961368024 1.08251822 1.1212101
    0.962490439 0.751601994 0.850111187 1.18007994 1.1026448 1.38466358
    1.17620039 0.895252824 1.44102168 0.883630872 1.09492922 1.41818404
    1.53638768 1.15759218 0.643746376 0.623880327 1.33737969 1.12144196
    1.68063819 1.45460129 0.969854057 0.937840044 1.43068218 0.890557766
    0.879030168 0.975579143 1.45554268 1.56094348 0.768893838
    0.874196589 1.5805397 1.31560588 1.66721201 0.884485662 1.23046732
    1.10863435 1.2106967 1.63412106 1.06344426 1.38678813 1.6019603
    0.811964512 0.710540891 0.625883341 1.18458426 0.906221509
    1.42421329 1.22102857 1.55073786 1.4799881 1.48942423 1.63055205
    0.884048641 1.16048682 1.42978346 0.813847959 0.786310732 0.76800561
    1.14840186 1.54309726 1.49389768 1.12503815 1.64360559 1.05374086
    1.22369969 1.56499732 1.78153098 0.936070561 1.12882042 1.49143875
    0.879198134 1.2828424 1.00974977 1.40767848 1.55849898 1.09455609
    1.61663318 1.54755306 0.967049539 1.08564436 0.84006238 1.65242529
    1.18437207 1.50416088 1.67137647 1.51715994 1.14827359 0.809401035
    1.2719866 0.840316951 0.634947896 1.15999544 0.917817593 1.21053326
    0.950334728 1.12712812 0.77136308 1.06389666 1.5535171 1.03490961
    1.45407975 1.01712632 0.720553041 1.63459933 0.731136084 0.884232044
    1.54021335 0.881901324 1.67443407 0.895743668 1.54352236 1.58394718
    1.04368234 1.17045069 0.960713625 1.57361591 0.992722273 1.26066661
    1.61321688 0.858465195 0.97022891 1.24570358 1.11371124 1.05121684
    1.41347396 0.854570746 1.37560523 1.00847089 0.960237563 1.26608121
    0.889577329 1.11529875 1.00480342 1.57730103 1.0268929 0.959940612
    1.245139 1.09635496 1.14240384 0.876889825 1.10004854 0.861088812
    1.1582005 1.33785999 1.43014276 1.15193045 1.33829212 0.614974558
    1.56879091 1.06146765 0.627422035 1.51227498 0.824990213 1.03044081
    1.46762204 0.84079802 1.21104598 0.823847592 1.52820146 1.52910638
    0.684032917 1.58845568 1.18236232 0.691603184 1.51949978 1.29036474
    1.29682338 1.30309188 1.35806453 1.44755185 1.29530752 1.06243789
    0.798567295 1.47532451 1.11734688 1.6218245 1.34582913 1.11307585
    1.49721432 1.40331554 1.3454845 1.39226425 1.61136258 1.84987116
    1.62987912 1.73897755 1.56642568 1.72347927 0.981604815 1.7550422
    0.797709227 0.751850724 1.51609659 1.26300263 1.04660892 1.67797267
    1.44212174 1.63739073 0.730873883 1.19707906 0.74698168 0.802665293
    1.38435483 1.25131595 1.73389482 1.59316432 1.09634137 1.38671494
    1.03347576 0.879825234 1.47315907 1.13494444 1.25018537 0.949023902
    0.759997725 1.34727097 1.52050459 1.24376309 1.31864905 0.785093129
    1.0928607 0.710724473 1.45557046 1.15777981 1.60611069 1.51484561
    1.07046998 1.09003389 1.64507771 1.58541846 0.906200826 1.26538801
    1.23305845 1.44496274 1.58506715 1.80419207 1.59246647 0.95910573
    1.3848803 1.38912761 0.929175317 0.874571741 1.18922985 1.02027893
    1.02924383 1.10000658 0.766272902 1.53759813 1.10168874 1.24688351
    1.69523728 1.2319181 1.24258065 1.50154817 1.64783859 1.62383628
    0.760236323 0.881036043 1.00694573 1.14981949 0.790754139 1.36691809
    0.995551527 1.05521631 1.09488261 1.12535429 1.17283225 1.37321568
    1.1962148 0.829349637 0.944535673 1.37145758 1.18649518 1.20796454
    1.19849813 1.58169067 1.34265471 1.21864724 0.87019068 0.770786166
    0.631542146 0.934882998 1.37244236 0.968358159 1.1507647 1.1484766
    1.58689547 1.50678062 1.02787554 0.785393476 0.887423277 1.26256979
    1.357198 1.44566011 1.7269901 0.83112669 1.6323694 1.336061
    0.671989739 1.16228616 0.900512934 1.17159224 1.27219331 0.982307136
    1.22423041 1.5929091 1.10639083 1.25000036 1.36184096 1.67086673
    1.68162394 0.720318973 1.60142577 1.41772139 0.710809946 1.55935383
    1.4444356 1.68819332 1.53198874 1.28922236 0.937389612 1.59259069
    0.900276661 1.07345164 1.58531427 1.58500051 1.21949351 1.66246009
    1.34787774 1.55522788 1.27437222 0.895041883 1.26189053 1.44243789
    0.984226286 1.41867459 0.716101944 1.52528 0.683797777 1.21522212
    1.13378918 1.07239532 0.94316709 1.63536406 0.668974638 0.657477558
    1.4768312 0.611961901 0.836829424 0.634155154 0.862601221 1.43254507
    0.868011594 1.47254658 1.59936941 0.921676815 0.906446755 1.06792271
    1.43102098 1.36259711 1.38429523 1.4624542 1.02434945 0.992183745
    1.02228522 0.860520899 1.66645885 1.57228422 1.47547448 0.719504893
    1.44283783 0.705531538 1.05413163 0.867493451 1.47097683 0.705755174
    0.88133055 1.1057806 1.32665098 0.86706084 1.13658118 0.724373102
    1.39495695 1.65820873 0.807356775 1.410815 1.56951404 1.12003565
    1.2008357 1.00216067 1.62705779 1.62339342 0.788642943 0.827409148
    1.38092756 0.905259192 1.55819297 1.32554245 1.24172449 1.63843071
    1.01537013 1.61469197 1.05542302 0.953891218 0.755260348 1.06194723
    1.01317108 0.920356631 0.926169872 1.56850553 1.20311439 1.11326957
    0.965210378 1.54115474 1.12680876 1.11049473 1.64267755 1.33850026
    1.15904593 0.732889116 1.02079237 1.23446929 1.56436074 1.07494998
    0.887484848 1.42897153 0.78826946 1.46686876 1.36077332 1.17998004
    0.907975316 1.04297662 1.07048464 0.998814344 1.51566601 1.58182549
    1.29765928 1.31045008 1.09738612 1.75054741 1.30081117 1.71925426
    1.58294487 1.03987491 1.26344371 1.31249774 1.61018848 1.08004391
    0.85522145 1.37397897 1.73671627 1.30715692 0.874916852 0.915676951
    0.8791219 1.07341599 0.834913313 0.965987742 1.44381797 0.888151526
    1.3490721 1.68363667 1.52053392 1.71179247 1.31494939 0.928526402
    0.918410838 0.882017493 1.52289534 1.60757101 1.69432926 1.50415182
    1.64415956 1.18858874 1.53629518 1.44122052 1.13102329 0.751804471
    0.960241854 1.64444995 0.679962337 1.11767781 1.35310495 1.67560434
    1.47629106 1.59226739 1.67775047 1.07241213 1.57678187 0.995652676
    0.850868285 1.17105305 1.18145847 1.18536234 1.26097441 1.71289682
    1.23364472 1.59036005 1.08624983 1.46231782 1.30147195 1.24217367
    1.65122473 1.12623775 1.42036915 1.05317199 1.29692054 1.28243947
    1.3993504 1.17220879 1.03771126 1.07937098 1.39642692 0.780871928
    0.850046217 0.795564234 1.55530703 1.29907644 1.63518035 0.722931504
    1.37270212 1.17486382 1.24890232 1.31019545 0.688646138 1.27749848
    0.571305037 0.864674866 1.15856779 0.635406613 1.12563527 1.42846811
    0.914325476 1.48168015 0.758370638 1.634835 1.24908936 1.15576351
    1.42072415 0.903800368 1.24366343 1.42516959 1.16958594 0.851104558
    1.07957685 1.10141718 1.62514222 1.57999706 1.70726824 1.26111162
    1.19076502 1.27902317 0.836582065 0.822619319 0.858560503 1.60565174
    1.50473094 0.633632123 0.760008991 1.13566577 1.24843168 1.5377152
    1.59577048 1.7235651 1.72255695 1.12087059 0.882477939 1.45463979
    1.36282241 1.52731001 1.18342483 1.03381896 0.908745885 1.23627174
    0.926647305 1.16282642 0.892359793 1.73943949 1.65174484 1.63915598
    1.62099826 1.29737926 1.42619824 1.49564648 1.00791907 1.42258167
    1.32045007 0.933190703 1.62941384 1.28405297 0.689076483 1.35165095
    1.5117712 0.860673368 0.63073796 0.844843507 1.37937486 0.83858794
    1.62399662 0.681546211 1.0286206 0.7499246 1.32908475 1.29443979
    1.3183912 1.35454524 0.866281927 0.969943464 1.3190608 1.21653438
    1.62711859 0.986423016 1.61338401 1.56155396 1.10920715 1.61803281
    1.13113749 1.09978139 1.47710252 1.17514205 1.1332792 1.72010159
    1.08914566 0.884954035 1.49340796 1.12237954 0.734465599 1.39015412
    0.668629587 1.55690634 0.785854936 1.31843436 1.0306046 1.3470304
    1.01517642 0.888561964 0.727655232 1.48578191 0.894914269 1.4629066
    1.61687076 0.73225534 1.61050475 1.56760895 1.51703954 0.822005391
    1.60337281 1.31153691 1.53613091 1.05664563 1.18415773 1.15676093
    1.02698433 0.783123672 0.963471234 1.56531894 1.11158419 0.878628075
    1.36139631 1.12271547 1.3593322 0.93691808 1.49992216 1.59910643
    0.851462007 0.778015375 0.875430226 1.29514611 1.49516594 1.43885875
    1.2637198 1.54551327 0.782642722 0.740763247 1.03203762 0.974436998
    1.21133959 1.00613248 1.56333566 0.802011132 1.03009367 1.19608903
    1.33477533 0.836963534 0.937250197 0.744637072 1.71108794 1.69859612
    1.05368829 1.58854723 1.37921894 1.36172712 1.40665913 1.15297937
    1.51612175 1.24673033 0.892066658 1.52573967 1.71765053 1.21422112
    0.844613969 1.04018915 1.03124297 1.61248207 1.00584054 1.63299716
    1.06965315 1.57288706 1.65039074 1.25292861 1.51338625 0.814159572
    0.852691352 1.02074873 1.24519086 1.29688799 1.50384235 0.939138174
    1.07170498 1.28656173 1.58486211 1.26330185 1.0668 1.39156854
    1.64804506 1.7418164 1.31071842 1.15198445 1.49142468 0.778294027
    1.16082335 0.821870863 1.44011641 0.928136766 0.700350702 1.04867649
    0.626427591 1.32615995 1.5586741 0.898336887 1.35756874 1.22614598
    1.39743984 1.12905526 1.71853745 1.43682075 0.862475574 1.67156672
    1.31827593 1.43840122 1.50832248 1.67709816 1.51517797 0.821794569
    1.55169857 1.33885729 1.53225327 1.49140406 0.846027493 0.654774606
    1.65272057 1.30450583 0.96763438 0.870638609 1.12719405 1.46825159
    0.963230968 0.991745293 0.821811259 1.08255804 1.53199279
    0.885752678 1.04577005 0.711251318 1.64852452 1.41673756 1.40910971
    1.20539331 1.43517232 0.833091021 1.19603717 1.28931487 0.715884924
    1.38362861 0.847368717 0.945754588 1.1889236 0.936307073 1.47259712
    1.00444543 1.34911489 1.34599817 0.968228638 0.835328043 1.44962239
    1.08606398 0.923905134 1.43565297 1.61912632 0.954521239 1.42218733
    1.24312556 1.19586611 1.17686558 1.178545 1.68172991 1.59167898
    1.10653389 1.51412308 0.956564367 0.720555186 0.947424054 1.40897191
    1.43968225 0.985367179 1.28573227 1.5167563 1.19880986 1.53417647
    1.75491083 1.68568432 1.41059804 1.14997613 1.23949075 1.06959689
    1.40499258 1.10218489 1.06175971 1.61534607 1.01009178 1.30423582
    1.27191257 1.34924865 1.48977208 1.65211225 1.39363432 1.76217937
    1.558267 1.26425219 1.5926795 0.963506579 1.37985611 1.59808862
    0.798527539 1.28966439 1.52930415 1.60497069 0.989799857 0.890930951
    1.17891777 0.893409789 1.54959834 1.07494688 1.20363593 1.51795542
    0.754610062 0.955363989 1.64753127 1.37225521 0.851139724 1.15956545
    1.05939269 1.12345123 0.78109473 1.47745037 1.18408132 0.790538549
    0.808134556 1.28106904 1.03593147 1.24726295 0.934664726 0.920494854
    1.54712236 1.15279889 1.49247158 1.7824688 1.68286741 0.851615429
    1.20172215 1.06649339 1.08004606 1.24019945 1.31279838 1.51545942
    1.1550926 1.39490891 1.53711438 1.25717258 1.06917918 1.01112199
    1.32159162 1.55557644 0.925251186 1.15040088 0.657073081 1.38521743
    0.926185966 1.11628747 0.871985674 0.932476044 1.53701627 1.32316411
    1.04686117 1.36982834 1.54428256 1.50410581 1.23816788 0.893178463
    0.71062988 0.840779483 0.875735223 0.690157473 0.689987421
    1.39372408 1.1726346 1.6026727 1.02615082 1.55614269 1.5804143
    1.09512079 0.728283882 1.0888257 1.63269675 1.59718513 1.49637985
    1.22662532 1.05013609 0.733368397 1.17753232 1.15331078 1.07204044
    1.27878666 0.810142934 0.795435965 1.4307003 0.756515324 0.981246471
    1.4725306 1.70262647 1.16773069 1.18396962 1.65684378 1.19186091
    0.924414158 1.21971858 0.7893731 1.21511734 1.71255028 0.903657973
    1.47236919 1.54105139 1.56583154 0.773714066 1.64961624 1.45908988
    1.68388557 1.69353795 1.45132291 1.40036488 1.45211005 0.877190948
    1.25615168 1.30973375 1.07247722 1.64344001 1.12641525 1.58457756
    1.50023699 1.45754886 0.891475022 1.66421199 1.67738116 0.928300321
    1.67669618 1.48214245 1.06016779 1.56066859 0.794838905 1.51651967
    1.47730303 1.55436194 1.30397308 1.13368917 1.27735233 0.837676942
    1.67222559 1.35948443 1.26455736 1.17785668 0.63745743 1.03681636
    1.59678209 1.63455868 1.7191931 0.90475136 1.3976469 1.6029532
    1.64051843 1.56681502 1.76774406 1.58908737 1.7445035 1.78534412
    0.950570524 1.21605933 1.69437635 1.25565135 0.943390548 1.02985919
    1.5633738 1.59620464 1.03786409 0.775626779 1.62471378 0.918006241
    1.36921465 0.831575632 1.15675199 1.3485266 1.65818989 1.51448679
    0.964889407 1.08149922 1.29938376 1.14265752 1.06483805 1.2172513
    1.33467948 1.55230713 1.0896492 0.854734957 1.33503616 0.892224312
    1.08365834 1.50924587 0.732380748 1.55364084 0.771196067 0.753652751
    0.599574387 0.961720347 1.16457772 1.49842715 1.36299872 1.10578692
    0.942518234 0.895895422 1.22545052 0.643749714 1.32874584 1.38088965
    0.719084859 0.710961103 1.59645331 0.930390477 1.45319247 1.24936748
    1.13109791 1.2883271 0.791463196 0.788089514 1.09383309 0.787906528
    1.26335955 1.46452427 1.0837332 1.39731526 1.37700224 1.2806797
    1.48768306 0.942634046 0.732442141 1.1864233 0.891732037 1.45010018
    1.22561514 1.77111495 1.13296425 1.15489256 1.09055209 1.19269419
    1.68473756 1.11793292 0.89618212 1.39953291 1.39396906 1.51989818
    1.30203342 1.22833705 1.2294277 1.2628808 1.14887011 1.7005657
    1.32087243 1.08504689 0.841120422 1.22871864 1.61579263 0.791313052
    0.947155356 1.33980727 0.744751215 1.22917581 1.5022068 1.05230963
    0.733604968 0.77302289 0.660868466 0.981129944 1.40936208 1.30752838
    1.57292414 1.30190432 0.865502596 1.23868835 0.80451566 0.997985065
    1.07936382 0.860417902 0.660265386 0.678878963 1.06291211 1.17385912
    1.24402702 1.48949528 1.26587808 1.079 1.53263915 1.42577195
    1.3995235 1.14601433 1.7035048 1.46058488 0.911566794 1.60704112
    1.2229991 1.07110763 1.2302959 1.16931105 1.29959023 1.09404016
    0.677782357 0.861006558 1.34387577 0.816897452 1.55021596 1.00633454
    0.958261549 1.08353209 0.896366537 0.668106198 1.51244724
    0.694304049 1.62408614 1.4402554 0.766422868 1.56887662 1.32493198
    0.982192397 1.48096037 1.06186426 0.759259105 1.13038611 1.56921303
    1.34528112 1.46470749 1.57618773 1.59620428 0.711847842 1.13611317
    1.04838002 1.01941228 1.15874279 1.32783222 0.752816677 0.723302543
    0.849839628 1.42243993 1.55262089 1.1822859 1.22755527 1.31575501
    0.711619377 1.11995637 0.913338959 1.09465396 1.00236595 1.39169645
    0.947015226 1.19604492 1.10755742 1.65304232 1.50240374 0.958320677
    1.4296118 1.55843997 1.20855236 0.743642032 1.60159755 1.28361213
    1.08448589 0.912380099 1.31380379 1.18051684 1.09916675 1.46892917
    1.31292915 1.10349762 0.93920356 0.92520386 0.749343097 0.836912215
    1.06235683 1.40465176 1.36172819 1.35234332 1.46818984 1.09432662
    1.52514052 1.43490267 1.60277927 1.47474837 1.65501606 1.05774903
    0.953878284 1.15168703 0.807244897 1.63852775 1.20643699 1.26652825
    1.09625578 0.928688765 1.27453685 1.15049076 0.862784505 1.42862141
    1.66556227 1.00330174 1.6737479 1.6103332 1.44614351 0.754810035
    0.914835095 1.05248749 1.47730315 0.777062833 0.901830256 1.04843974
    0.799282253 0.987436533 1.57146692 1.4929204 1.18275523 1.69221389
    0.786224365 1.29346538 1.42285836 1.3110044 1.52175522 1.20243657
    1.73229432 0.714423418 1.01283824 1.1841898 1.31328201 1.6986469
    0.971533418 1.20654881 1.01004076 1.42354965 1.65095735 0.842655778
    0.759970307 1.53968012 1.47274971 1.2627207 1.02167511 1.30394065
    1.37517476 1.11751366 0.702710927 1.27012384 1.43238974 0.93184948
    1.48167229 1.33806419 1.13939464 0.943544507 1.00190222 0.764270425
    1.22307622 1.4797653 0.680906713 0.968921721 0.815088987 0.6868397
    0.636322737 1.09934461 0.83626914 1.55758417 1.18363464 1.27142131
    1.27884102 1.50377667 0.638293505 0.806971788 0.743964016 1.02408957
    0.698374569 0.725953758 1.18497229 0.984331012 1.49461341 1.50666058
    0.9198125 1.15785146 1.1012342 1.55569196 1.20323765 1.28694439
    1.13251936 0.902118921 1.32469738 0.872086167 1.18989563 1.37284064
    0.99917835 1.25330603 1.66170442 1.37176287 1.57296681 1.47371948
    0.965078115 1.66196585 1.03190911 1.0670979 0.741195679 1.52292764
    1.54151285 0.79619801 0.876343012 0.697565258 1.1408577 1.63601017
    0.930822611 1.11535752 1.73797905 1.79310715 1.71411657 1.2395041
    1.35710812 1.18453014 1.45143521 1.0388329 1.48682523 1.44729245
    1.49186766 1.46631706 1.40055621 0.633407176 0.694409847 0.974500954
    0.618157268 0.971901119 1.50601399 0.898286402 1.23884487 1.06088769
    0.85460788 1.0081718 1.56474185 1.27187383 1.51155996 1.47319841
    0.703044653 1.62529612 0.933610857 1.3597374 1.34828675 1.5027113
    0.931550503 1.19834411 0.877596378 1.66299486 1.29323888 1.12674189
    1.78226137 1.64473557 1.20200539 1.03877378 1.63355279 1.33702385
    0.735148728 0.842580676 0.759890854 1.45210099 1.03632855
    0.813048899 1.64094079 0.921622217 1.39409375 1.59422827 1.09219706
    1.21384501 1.60429621 1.50889957 1.56583786 0.808255553 0.669268429
    1.40068591 1.34662831 1.19529998 1.02675176 1.33534527 1.62308145
    0.988672435 0.740816355 0.724961638 1.56366265 0.963204861
    1.47116137 1.30968058 1.46797872 0.756004751 0.880745769 0.906624973
    1.66038835 1.70326519 1.58702004 0.812854588 1.10399866 1.22374773
    1.21127415 1.10599661 1.51644969 1.59787607 0.84591198 1.72923064
    1.65837967 0.858237028 0.842873693 1.48578286 1.46535325 0.945114434
    1.53735673 1.03794515 1.45533276 1.14241219 1.16892493 1.39026999
    1.10522246 1.14932954 1.67623425 1.16836202 1.5280689 1.47880745
    1.56534529 1.59661496 0.681760788 0.89030093 1.30697227 1.45917618
    1.34920049 0.819257081 0.846682191 0.871521175 1.56118047 1.34074938
    1.11011338 1.10051394 1.25645769 1.2994833 1.72000861 1.38236785
    0.931607485 1.22700226 1.46906698 0.837063551 1.07427967 1.16475213
    1.53763056 1.50547123 1.49221647 1.02660072 1.25346529 0.886234581
    0.715483129 1.59048343 1.55999446 0.75918138 1.33110023 1.70822406
    0.790130019 1.70666981 1.55626798 1.2941457 1.09174883 1.08662486
    0.691066146 1.5330193 0.710103452 0.960858107 0.670767665
    0.687461913 1.35851598 1.14560509 0.792921603 1.19729865 0.981135428
    1.26161897 1.14146399 1.58191311 1.31508124 1.61609924 1.39649117
    1.64259982 0.778626621 1.35263014 1.32958746 0.892002702 0.822869241
    1.20158052 0.905342281 0.952276051 0.966726124 0.854381621
    1.43111563 1.17808521 0.684440792 0.672820866 1.07012606 1.42521954
    0.708523691 1.19342458 0.857081532 1.39143884 1.33023083 1.2307117
    1.38523805 1.23419666 1.54380977 0.735335767 1.41470754 1.32527208
    1.24479783 0.988923311 1.06321466 1.42779303 0.921203434 0.813482583
    0.770845532 1.15317237 0.940489352 0.717515469 1.53318727
    0.771822095 1.55053914 0.992316902 1.3544488 1.06842458 0.69387418
    0.655460417 1.57481277 1.38691735 1.37083066 1.43292367 1.27637231
    1.20959961 1.13620377 1.48736548 1.5015409 1.10070741 0.809716523
    0.839262486 1.14592302 1.56119704 1.20623302 1.52653956 1.06319582
    1.46409535 0.718298256 1.10984039 1.17484415 1.4495275 0.807896078
    1.03918445 1.58188581 1.08856273 1.42138469 1.68436098 1.12987602
    1.64026356 1.12098563 1.22772634 1.1622529 1.4807092 1.37413239
    1.21054566 0.738399446 1.43178701 1.56331038 1.57500851 1.54615557
    1.26822579 1.44280565 1.42988777 0.853731275 1.53216326 0.822850883
    0.756529391 1.3518858 1.09870696 0.778605938 0.692002237 0.897732079
    0.982999444 0.73633498 1.38530529 0.947048128 1.01193762 0.90187186
    1.11897635 1.48587894 1.04417419 0.926962018 1.34333277 1.2957015
    1.55654299 1.05962706 1.03563154 0.961234868 0.806722105 0.822410166
    0.661056161 1.12262201 0.744900882 0.723682702 0.725558221
    0.756278038 0.777803242 1.70488 1.71795762 1.55259216 1.71570206
    0.850602686 1.10086608 0.948895812 1.57981133 1.40262616 0.780041695
    1.60052454 0.958576024 0.936687946 1.34917748 0.890528202 1.26852405
    1.61819732 0.936897159 1.43937778 1.37628663 1.13291538 0.826728523
    0.656679928 0.769752741 1.1158998 0.757063746 1.40860426 0.797267318
    1.66377044 0.973043084 1.34498274 1.38674545 1.11044765 1.61086762
    1.4697845 0.739559472 0.77800107 0.793025494 1.06428194 0.935151041
    1.15422034 1.44961643 0.81510967 0.884361386 1.12382805 1.09824359
    0.918568075 1.36990142 1.18658245 0.787733912 1.69453073 1.29989183
    1.1705879 1.23787963 1.00337696 1.01509511 1.418944 1.19637144
    1.51133204 1.41297805 1.0405699 1.49568951 1.06074297 1.41336346
    1.19930196 1.61325562 1.49948716 0.812667847 1.40736449 1.66840518
    0.774618924 0.690004528 0.9073928 1.61867261 1.12469876 1.0277313
    1.05122471 1.51173604 1.13010943 1.24365377 1.56548333 0.820839643
    0.810624361 1.58823729 1.15943217 1.62076473 0.961395502 1.35720229
    1.40282512 1.47306895 1.72738242 0.764517725 1.48275387 1.25881195
    1.62913847 0.826924801 0.999912024 1.53114271 1.08384359 1.16776478
    1.02195787 1.51381063 1.01532948 0.967744827 1.2931397 1.62667763
    1.01612771 1.67386866 1.31895649 0.834754288 1.0317508 1.44952846
    0.937555552 1.5831486 0.728874147 1.4753716 1.22692692 0.995177984
    1.38600373 1.38238358 0.970034361 1.51050425 0.770697236 1.43798256
    0.700460255 1.18699622 1.50694644 1.607054 1.15982974 1.07850897
    1.06853628 0.847754359 1.33368433 1.41183555 0.991217017 1.5896064
    0.716373622 1.16808045 1.53167343 0.999911845 1.63344288 0.791335881
    1.11279213 0.989312708 1.52532899 1.65734208 0.713915646 0.699159145
    0.69068706 1.30713212 1.1074599 1.24753857 1.01908731 1.09593999
    1.11903512 1.52850354 1.09761167 1.55704546 0.690596759 1.55035043
    0.728144586 0.684022069 1.42971456 1.51723528 1.33189154 1.43246722
    1.46846831 0.904046118 0.975499034 0.586313307 0.871293664
    1.27049279 1.51459205 1.38151884 0.959923685 1.53459275 1.098979
    0.97524941 1.46482182 1.12477791 0.82150048 1.53246653 1.51413679
    1.59968746 1.47985065 1.5613873 1.39223707 0.723672092 1.26175725
    0.98366195 0.793621302 1.25287914 0.87686944 0.939880967 1.17199397
    1.50341547 1.67649961 1.59664619 1.31738544 0.838101983 1.04858541
    1.37507415 1.00652087 1.04569101 1.3734982 1.21505105 1.60453653
    0.911825776 1.26935256 1.49908614 0.882427454 1.04264665 1.36340559
    1.16988111 1.61185026 1.36896396 1.01896811 0.919874012 1.51068628
    1.69937062 1.70995283 1.43477333 1.32452691 1.12991059 1.66269588
    1.66418064 0.946065426 1.16436315 0.72540617 1.04083228 0.84942174
    0.793772101 0.691031992 0.768257499 1.48747468 0.778028786
    0.92579776 0.7219432 1.61162043 0.955224097 1.15241313 1.30918241
    1.13854396 0.930590272 1.42985284 1.61638701 0.871070147 1.59853709
    0.772943258 1.43564725 1.06525505 0.801235139 1.02522457 0.858953238
    1.35197473 1.53297663 0.990878344 1.29321146 1.5798192 1.24626601
    1.6581769 1.18747079 1.50441384 0.691344976 1.47405136 1.28984118
    1.37470436 1.29340065 1.35833418 1.33846116 0.998385847 0.656806469
    0.857284248 0.880166352 0.941194177 0.779283643 0.824223936
    0.884607971 1.39493334 1.56906426 1.63587415 0.912050962 0.726321757
    1.59309018 1.51970053 1.33860791 0.980146289 1.33019066 0.887375593
    1.13544774 1.08063447 1.55304897 1.36776471 0.769203067 1.33693433
    1.05891788 1.64560938 1.73572791 1.66828656 0.873318195 1.16245794
    1.63029432 0.769479275 0.76526618 0.943317592 1.48715854 1.31723773
    1.61857831 1.12239408 1.41171873 1.21873307 0.715459347 1.64269245
    1.42068624 1.49187148 0.805694044 1.21582139 0.950513482 1.57493961
    1.35029769 1.09892523 1.15068352 1.60559201 0.803865135 0.936135948
    1.32460093 1.61629725 1.52769482 1.29296815 0.785189152 0.827130556
    1.57562268 1.43056333 0.646028578 1.20292318 1.24753892 1.14439762
    0.996690154 1.33678377 0.945168316 1.45260084 1.42216468 0.994986534
    1.11792636 0.972699404 1.46798086 1.51733911 1.49422395 1.0021652
    0.826456726 0.766939759 0.771331489 0.733863831 1.51863492
    1.44498205 1.19057906 1.1067462 0.703615606 1.60719216 0.926314414
    1.34890187 1.66718888 0.804918647 1.44015646 1.17038155 1.44677484
    0.92137897 0.743646443 0.895156562 1.18020403 0.659815371 0.68165791
    1.51990187 1.45082951 1.59896111 1.29203439 1.20268357 0.939689577
    1.42246175 1.3796308 0.930248022 0.726338804 0.924411774 0.831521094
    0.749562919 1.69909918 1.56595671 1.06419373 1.5473218 1.27146196
    0.810778618 0.801404297 1.1173743 0.846817195 1.31553483 1.4354825
    1.03480673 1.16686928 1.16814828 1.49345231 1.22417629 0.767444491
    1.55875492 1.51592422 1.08518541 1.05777001 1.34482968 1.08412707
    1.63064492 1.00092626 1.14382076 1.52795064 0.84405905 0.918978512
    1.16650772 0.700269759 1.52379453 0.787871361 0.701440036 0.68595928
    1.4248296 1.24221146 0.826654375 0.965599239 1.13242006 0.769886911
    1.55683756 1.10732234 1.02593291 0.942234039 1.43631279 0.838683605
    0.681789041 1.53953373 1.30094266 0.690793514 1.33308995 0.760320127
    1.42243767 0.977973104 1.55266654 0.761863351 1.33265758 1.32905006
    1.11869729 0.708166838 1.12624729 1.13461697 1.52534604 1.37136519
    0.946762025 1.04500592 1.13406801 1.44882309 1.38398993 1.45883822
    1.29524362 1.54040194 1.28395689 1.1802814 0.986203372 1.69424379
    1.4066304 1.34144676 1.80305314 1.54049039 0.85072875 1.13462043
    1.67079091 1.03348684 1.51032627 1.55051529 1.30811965 0.806261718
    1.45425034 1.33964062 1.53601563 0.848893642 1.58966374 1.2411834
    1.31073189 1.5651381 1.60794508 1.56144822 1.61512315 0.896069765
    1.32989192 1.58761299 1.60348511 0.677696705 0.759332538 1.18964922
    0.709842443 1.55500698 0.683168352 1.51199269 1.34809208 1.16085649
    0.900675178 1.04540181 0.90555191 1.22536838 1.39307129 1.08617139
    1.62481475 1.46987236 0.942857683 1.23397124 1.4151808 0.816537082
    1.44044685 1.58752131 1.71518683 1.08787608 1.3484143 1.52029407
    1.50213671 1.11751485 1.11979103 0.949381769 1.58627844 0.849015832
    1.21004808 1.67153001 0.702064812 0.845059276 1.14723969 1.45029724
    1.50079823 1.64741027 1.66609919 1.56123817 1.29369569 1.26744902
    1.37587249 0.980808496 1.31247056 1.24595547 0.897768676 1.04291642
    0.778695166 1.07188785 1.27886474 0.881054699 0.904190898 1.60106492
    1.51735115 1.37899351 1.27014577 1.54889297 1.40499222 1.40032089
    1.38813543 1.44413555 1.2631892 1.31617785 1.4450649 1.57833135
    0.683227718 0.94270128 1.66779506 0.774380624 1.30405688 1.22025549
    1.41390991 1.46296299 1.35805953 0.943494618 1.35339797 1.64096415
    0.851071477 1.51690567 0.893023372 1.71802628 1.61982775 1.0411917
    1.45481718 0.931564331 0.991199553 0.681821227 1.01629174 0.98499018
    1.32441556 0.887327433 1.34605622 0.824605227 1.52579749 1.31071889
    0.626612961 1.24692857 1.43372798 1.51940727 1.34289038 0.985986054
    1.51287556 0.965077519 1.11230266 1.51407206 0.761051059 1.62272692
    1.31377327 0.725925207 1.22240841 1.40840006 1.3874557 1.09952652
    0.717150271 1.14958525 1.62258959 1.04070699 1.50739658 1.02348828
    1.47638428 1.64891326 1.20961154 1.60050011 0.845701635 0.791813552
    0.916906416 1.21015096 0.690171719 1.53636849 1.37179232 1.28186393
    1.60309446 0.714451909 1.45369816 0.865729988 1.02381539 0.853140175
    1.33970857 1.2080307 0.742610931 0.658545852 0.882689834 0.73220402
    0.964935839 0.795839131 0.768909395 1.53503835 0.8426525 1.16767192
    1.58046222 1.26164675 1.68968642 1.27295423 1.25504422 1.06731999
    0.944995821 0.800253153 1.3021934 1.006073 0.866941869 1.10520196
    1.02328098 0.787613451 1.62787557 0.885981619 1.39396608 0.794672489
    1.50991344 1.02083433 0.755893826 1.15448439 1.11642468 1.6437875
    0.907415986 0.709765613 0.88450402 0.952887416 1.52794576 1.43871045
    1.24606025 1.23365009 1.58238363 1.31372952 0.814259171 1.63053298
    0.842603803 1.16016948 1.13024664 0.889769137 1.36510897 0.672223747
    0.875002742 1.16884911 1.16758156 1.21867371 1.41125894 1.63944519
    1.09359241 1.46870875 1.66404772 1.24510825 0.912734151 1.4016912
    1.28250968 1.26446092 1.13013291 1.58505607 1.06081676 0.815139771
    1.39972043 0.903053343 1.56169271 0.852208436 1.70537043 0.977484286
    0.907388687 1.40718853 1.5812825 1.29013228 1.31119323 0.929242551
    0.862339914 1.4964366 1.54863954 1.57155097 1.15688264 1.61384964
    1.73695934 1.49516714 1.68708205 0.813929737 1.02941716 1.1933502
    1.46478522 1.42551148 1.01686358 1.42940831 1.52337468 0.798675954
    1.12416768 1.37948883 0.904482067 1.26461613 0.728903234 0.824951351
    1.14574122 0.993360281 1.14332294 1.23853481 0.956075072 0.946349263
    0.756563604 1.59735143 1.34619844 1.66025424 0.805500865 1.05036533
    0.831183791 1.34430552 1.15392041 0.983089209 0.802663565 1.04243791
    1.64282811 1.30081403 1.45291555 1.66746724 1.40917742 1.42649651
    1.40567148 0.931605577 1.62526333 1.56264639 1.54432547 1.6038574
    1.58520842 1.12807608 0.926078498 0.85632664 1.1471523 0.879105508
    1.18822432 1.12570429 1.68744695 1.28066945 1.40565205 1.40857601
    0.962304473 1.3782059 1.15585291 1.53919494 0.823234797 1.62117875
    0.78230983 0.915191114 1.53253889 0.932893753 0.939803302 1.09965038
    1.25748277 0.759769857 1.43142426 0.966671884 1.36603034 1.63398552
    1.46940517 0.908930361 1.25547326 1.22811711 1.22985065 1.5869559
    0.756157219 1.11433685 1.71545756 1.05863726 1.64631963 1.69682002
    1.71082413 1.27949023 1.11423934 1.50024784 0.852811098 1.37813509
    1.04253614 1.30989313 1.15047443 1.44028878 1.57891166 1.06657147
    0.793631077 1.1284045 1.24078238 0.879477024 1.02235091 1.13382304
    1.65714538 1.40288806 0.817448497 1.62493157 1.66360188 1.67172444
    1.18140757 1.29041207 0.799371719 1.14991057 1.29786253 1.07289815
    1.57466519 0.726817012 0.638057768 0.733425915 1.26187038 1.02096367
    1.4351989 1.01841176 1.35344112 0.914809883 1.02107394 1.50098121
    1.49183071 1.04521477 0.864038825 1.55050933 0.755884886 1.25582671
    0.877656639 1.41688693 0.588673949 0.625029981 1.14986563
    0.879000545 1.13358641 1.2490958 1.7154181 1.27607036 1.18834281
    0.891833842 1.45677066 1.58302987 1.22593606 1.61537957 1.2444396
    1.11743164 0.841399252 0.925534368 0.72500968 1.31789804 0.864770353
    1.64891171 1.17504764 1.03636634 1.59373176 0.713755906 1.0430994
    0.955532551 1.19783235 1.27258003 1.15740526 1.44078779 0.790113509
    1.51057279 1.31808841 1.07492232 1.30824506 1.22521913 1.65875709
    1.68783522 0.867790103 1.66885877 1.38319468 1.41187441 0.930902123
    1.27943397 0.979946971 1.28526998 1.12475801 1.53012693 1.56880832
    1.54580915 1.20296955 0.774132311 0.737118483 1.401649 0.840517819
    1.60848892 1.14088738 1.46077442 1.44659722 1.03538835 1.1841563
    1.04833341 1.48729193 1.46067595 1.02714264 0.72235471 1.08472633
    0.836781979 1.22358978 1.66466761 1.66774857 1.70337999 0.947453976
    1.69861972 0.825262189 1.03354573 1.52535212 1.0201391 1.05944169
    0.784368396 1.61050642 1.15787506 1.56096256 1.10008156 0.758705556
    1.27153373 1.04576695 1.23890686 1.42068744 1.64083529 1.26240075
    1.57552218 1.11666977 1.22163212 1.53047132 1.11716545 1.58732176
    1.12085259 0.786620975 1.27517843 1.61173582 1.5345571 1.23834872
    0.685396314 1.40830863 1.00646484 1.41002965 0.895485699 1.07715237
    0.848613203 0.784393549 1.2528578 1.29740942 1.73097658 1.71542239
    1.66659951 1.39238918 1.28776956 1.21418214 1.09561265 0.670438051
    1.30366075 1.01918995 1.08432865 1.54810572 1.1262908 0.797819853
    1.21468639 1.0050348 1.37780559 1.65534067 1.60860658 1.07904804
    0.685725033 0.72789216 0.706592441 1.60726714 1.17702353 0.905268252
    1.09284627 1.33055532 1.09966826 1.08117688 1.34435904 1.41169393
    1.19083869 0.787692726 1.37082779 1.30156982 1.0193398 1.05826211
    0.991967261 1.41714036 0.755317986 0.905621529 0.857780337
    1.05983222 1.68975961 1.11389065 1.65644658 0.883613944 0.778075635
    1.43092167 0.948664367 1.2511965 1.13964522 1.01211977 1.18876445
    0.776222944 1.75874925 1.41486681 1.21319568 1.3194865 1.31134713
    1.55385888 1.18174338 0.956846118 1.49021959 1.24415851 0.676714599
    0.796916962 1.49391377 0.739377081 1.44367099 1.16336095 1.51305485
    1.29407895 1.69601762 1.40803134 1.39056098 0.755576968 0.990258336
    1.00226724 1.3879621 1.29347384 1.15632987 1.47433281 0.827450454
    1.58835781 1.63973987 1.20017982 0.902715623 1.0434407 1.56641793
    1.57657874 0.850149512 1.17038012 0.961300969 1.4351511 0.704412401
    1.02034473 0.7762658 1.63945389 1.6875037 1.45419097 1.07151091
    1.38253272 1.27704763 1.00686538 1.25563097 1.11273599 0.727663517
    0.960063994 0.815365434 1.30302107 1.08780098 1.4641403 0.80886519
    0.990032375 0.866499364 1.210724 1.45592165 0.709393322 1.37736893
    1.08423233 0.988835514 1.17429328 0.619424164 0.799788415
    0.801098228 1.17388189 1.10917962 0.808176339 1.50199711 1.3426348
    0.824232996 1.01563573 1.49497592 1.15920758 1.65443873 1.66338217
    0.795848191 0.795219302 0.918858826 0.778213739 0.831844568
    1.13729012 1.05090463 1.66855896 1.60074294 1.48315597 1.18735278
    0.9811939 1.4776603 1.13639033 1.39759982 1.05866754 1.53799391
    0.970148504 1.24544585 1.47608817 1.01820862 1.01577926 1.60817826
    1.4315021 0.971147895 1.19703412 0.884897888 0.925886154 1.47073555
    1.47825277 0.893101513 1.11338305 1.36270571 0.694801569 0.906426072
    0.836605668 1.68632817 1.1241312 1.2397306 1.03515387 1.68610001
    0.874757767 1.37204039 1.05806625 0.858094692 1.55857062 1.17134714
    0.99563235 1.558972 1.58357799 0.79780829 1.29427898 1.20464933
    1.0910145 1.44312382 0.701875746 1.16773915 1.45581174 0.760925829
    0.886621118 1.28802574 1.43939936 1.60713422 1.2746675 0.798106074
    0.857802093 0.952305436 1.01703572 1.18721533 0.954241633 1.63042164
    1.26706314 0.854242384 1.28245592 1.30463469 1.20983255 1.25297403
    1.51216102 1.31794798 1.16583312 1.38301921 1.58786786 0.720395207
    1.42034948 1.30324543 0.655905604 1.21153545 0.993728101 1.56999314
    1.01162386 0.858120561 1.12197268 1.16776335 1.5557878 1.32897079
    0.763805568 1.21195185 1.63600147 0.819373071 1.48000717 1.41601312
    1.01834869 1.15925109 1.44806552 1.57263017 1.10651648 1.17671394
    0.764547646 1.23282635 0.912649751 1.58514953 1.50918806 1.51435173
    1.33658624 1.01521111 1.56794262 1.64047527 1.47445476 1.66000473
    0.906133056 1.63568032 1.53247356 1.09634984 1.15114391 0.921450019
    1.51311278 0.979547441 1.4687866 1.0522846 1.06240273 1.52815783
    1.43947327 0.955354393 1.16941702 0.880431414 1.40564501 1.0251534
    0.85463959 1.13493359 0.996724546 1.04068041 0.755239427 1.50348282
    1.57818353 1.65434754 1.23750591 1.15331268 0.847592592 0.94707042
    1.25275564 0.854238927 0.745547771 1.21214175 1.03016055 1.39534211
    1.15376961 1.16251504 1.56408978 1.29231966 0.972889781 1.71220613
    1.47094083 1.49982417 1.40011537 1.32486761 1.57740545 1.3234601
    0.828204632 0.963771582 1.55611432 1.33522511 0.649490654 1.52846253
    0.906646729 1.05733514 1.60211682 1.56505179 1.463727 1.54889977
    1.41372621 0.789193571 1.07577384 1.54362118 0.840196252 1.71875596
    1.5098294 1.56918466 0.97571224 1.41806662 0.752526283 0.790226877
    0.997103512 1.33242822 0.897680938 1.3256098 1.5071131 1.5929271
    1.62546802 0.820191205 0.79886508 1.61158264 0.78192389 1.38437855
    1.60447752 1.7375195 0.931713581 1.31543922 1.11790109 1.05581474
    1.15957117 0.774651825 1.43310165 1.66107321 1.05997682 1.03347075
    1.4328326 1.12398756 0.926316202 1.24957108 0.856593311 1.03353882
    0.957163453 1.02509248 1.14956212 1.16106045 1.52861404 1.36489451
    1.06970692 0.917734146 1.34133065 1.71531129 0.788912892 0.703838706
    1.63322151 1.36265588 1.2120415 1.05202937 1.10512888 1.58553851
    1.04793465 1.06291413 1.4894408 1.39093697 0.754931927 1.19429779
    0.92664665 1.05379832 1.11254489 1.31699932 1.62374568 0.987572074
    1.55510235 1.37131941 1.52833831 0.736413419 1.11362183 1.18033445
    1.26146722 0.887321413 0.636241019 1.23616612 0.637265027 1.43797219
    1.47578561 1.32505035 1.36955202 1.67825127 0.876304626 1.63747358
    0.82989198 1.50430131 1.45199168 1.11541605 1.38241255 1.20922542
    0.798206151 1.06680131 0.77042681 1.32762909 1.31128907 1.49920869
    1.07839668 0.97794795 1.58079576 1.00008821 1.52915812 0.688109159
    1.2607199 1.3783226 1.25273538 1.51901317 1.24518597 1.14399922
    1.66450822 1.41803098 1.28174555 0.997615993 1.64721894 1.42225373
    1.66058505 1.09499633 0.794719696 0.904094458 0.726798117 1.2563895
    1.00340903 1.17336333 1.5844326 1.01415658 1.43755352 1.36090672
    1.52498627 1.1837213 0.642766774 1.3196969 1.04763198 0.668907821
    1.58963645 1.33030713 0.838985741 0.991719127 0.708343983 1.17728615
    1.16673303 0.811781943 1.43144488 1.12166178 1.19002128 0.772098958
    0.873739541 1.5239538 1.02791774 0.905369818 1.66172636 1.32290304
    1.6495868 0.875126243 1.15771592 0.661792696 1.48578668 0.793021739
    1.02377498 1.11202621 1.31344092 1.38640022 1.51218212 1.0038923
    1.48454189 1.32281554 1.22948718 0.941134036 1.21268094 1.53343403
    1.17536175 1.33836663 1.62475467 1.33556831 1.15338147 1.38250589
    1.61497343 1.00582063 0.877457976 0.865927517 1.40195048 0.788482964
    0.6904217 0.672364831 1.15998876 1.12420404 1.27414346 1.08696711
    1.71728098 0.965609789 0.778294325 1.49301362 1.30690944 1.32044256
    1.29514432 0.954816282 1.08289015 0.905284464 0.794413865
    0.621407747 1.53777158 0.855681777 1.39599049 0.9017272 1.07605028
    1.21474397 0.986223936 0.862981558 0.713433683 1.08907497 1.36224163
    0.726799786 1.16538739 1.26629567 1.01057327 1.05077016 1.55975473
    1.34992397 1.20478213 1.19328916 1.12198389 1.13666546 1.45801377
    0.869446158 1.18593669 1.18516541 1.27985191 0.997361302 0.764121175
    1.21983254 1.58563256 1.34294236 0.878342867 1.16437149 1.11437619
    0.838863432 1.08051336 1.14041841 0.733042836 1.3161881 0.794461608
    1.06971014 1.16098499 0.830709338 1.59911978 1.58887863 0.795219839
    0.832319379 1.07136595 1.55097234 1.67602193 1.23627448 1.27307439
    1.52697158 1.38858795 0.686199546 1.31043589 1.29940546 0.866793156
    0.884662271 1.35152471 1.54394281 1.49656975 1.46237087 1.37169254
    1.12149823 1.18388128 0.779954135 1.5976696 1.11432767 1.26998055
    1.46188211 1.70567036 0.774515927 1.16746819 0.924030006 1.59434068
    1.30867958 1.15187085 1.21660209 1.53418803 0.697852373 1.53670931
    1.08067763 0.911768854 1.12002695 1.11522055 0.887775481 1.34383857
    0.713274181 1.40995455 1.18591249 1.05470371 1.43640149 0.741514623
    1.09218001 1.5485239 0.879720747 0.783178389 1.06048548 1.52218533
    1.47388005 1.05721116 1.46753967 1.29511178 0.781522274 1.20907331
    1.32241833 1.66477311 1.43839645 1.19455254 1.67554665 1.22489977
    0.927635849 1.30316186 0.887360394 0.901453137 0.842441976
    1.11267424 1.16276622 1.47663379 1.3916198 0.837346375 0.792548358
    1.12504232 0.849508286 1.49236751 1.34951627 1.52610493 0.693446755
    0.701868892 0.692502916 1.09822702 1.37154055 1.53685117 1.14450967
    1.22649646 0.820598066 1.32778716 1.70702493 1.26866221 1.55474758
    1.38535571 0.819537163 1.67937982 0.75323385 1.58688903 1.17395175
    0.670549989 1.18944609 1.27293205 0.873799503 1.69299281 1.64731324
    1.39796948 1.47021925 1.19550562 1.09427714 1.47550249 1.20985103
    1.34529305 1.58298564 1.31193888 1.6474911 1.10734653 1.12335289
    1.60122991 1.56168044 1.16365373 1.08489549 1.02252579 1.46329594
    1.06642711 1.77132368 1.43052793 1.07329047 1.41043055 1.68492317
    1.07715881 1.19916093 0.956885755 1.31891191 0.774339497 1.11072993
    1.2030158 0.870473027 1.21391976 1.20332611 0.978837132 0.658428073
    0.735186398 1.11309981 0.690653145 1.25957572 1.29135299 0.687033415
    0.991728723 1.10865593 1.27009976 1.59142566 1.59299207 1.57906497
    1.42922115 1.30715537 1.30234623 1.40154827 0.808943272 0.767898023
    1.50854683 1.42060161 0.736266136 1.54859197 1.3249805 1.30438483
    0.791945696 1.03396893 1.00735605 1.64473867 1.56906247 1.33160746
    1.61875582 1.47305906 0.850077033 1.68911111 1.29438639 1.18091762
    1.08149719 1.55236828 1.1357317 0.871859074 0.740268111 1.38244712
    1.07378364 1.42924273 0.845059931 0.813050091 0.698967755
    0.926885247 1.27299321 0.763470888 1.25222421 0.791533649 1.53111422
    1.50759423 1.30623913 1.11334109 1.59960675 1.2636025 0.886821866
    0.944252789 1.40755546 1.55026174 1.54925215 0.699989676 1.10437667
    0.808864832 0.860016584 0.655814588 0.899327815 1.19185162
    0.866816521 1.22982752 1.31555283 1.40724277 0.677168012 1.32167435
    1.59457254 1.10915267 1.0027554 1.32687902 1.38029182 0.959240019
    1.41230869 1.68199122 0.806497157 0.900474012 0.882759631 0.65728265
    1.18410981 0.771008253 1.39224577 1.29997134 1.54140687 1.17676604
    0.709174633 1.08841562 1.01460016 1.08657205 0.724953294 1.04665005
    1.61376297 1.4041276 1.20177317 0.852884829 1.59588218 1.56169915
    1.40522015 1.40537679 1.24742591 1.3172214 1.58874595 1.21491611
    1.55599439 1.66401649 1.2624954 1.65124738 1.30229115 1.1492244
    0.7602337 0.747983217 1.16607571 0.996948838 1.36969566 0.811469674
    1.30469227 1.52218711 0.823672831 1.013551 0.765154064 1.25968528
    1.14173639 1.53378642 1.65802217 1.65676236 1.62846339 1.19072056
    1.73788404 1.73307073 1.18640196 1.18358946 1.05819809 0.945307851
    0.974273682 0.78226459 1.05098379 1.26762104 1.16130233 1.13271868
    1.38684726 1.63832116 1.21504509 1.38388455 1.53142011 0.715838909
    0.887374282 1.2667017 0.748746872 1.17683482 1.04567778 1.6653893
    1.42296886 1.60481751 1.50391853 1.14172769 1.14558506 1.14379144
    1.38906562 1.52348959 1.21010303 1.06258547 0.878666162 0.887088716
    1.49803042 0.733617246 1.21850681 1.68861222 1.05445051 1.59143841
    0.808438063 1.30927682 1.66846943 0.952257812 0.751514316 1.27758789
    1.33281088 1.56990159 1.4142046 1.09859037 0.975149155 0.965102375
    1.07384443 1.3412925 1.41131067 1.17222309 0.9943133 1.16442716
    1.02155447 1.0764786 0.869698882 1.12189221 1.53425431 0.773602903
    1.26063049 1.00012815 0.967256963 0.92103529 0.980623722 1.01064539
    1.62223566 0.870635092 1.51822364 1.33615863 1.40981376 0.957983971
    1.29996145 1.44155371 0.704409838 1.48261714 1.64233971 0.981968224
    1.12568295 1.50807393 1.16160214 0.86342746 1.63754594 1.40474558
    0.816687584 0.861575186 1.56690073 1.71968627 1.66157055 1.66216373
    1.53937376 1.68533397 1.45661116 1.21263719 1.40745056 1.54696381
    1.33891129 1.62598979 1.65154386 0.904931247 1.60951257 1.45568562
    1.46424663 0.853673875 1.01284742 0.99707675 1.21277547 0.73539871
    1.29565609 1.34526491 0.806198716 1.22950542 0.665500641 1.2449584
    0.89352417 1.3468703 0.907360315 1.65028262 1.22118497 1.2422657
    1.11832118 1.13124299 1.35285151 1.31913757 0.890673339 1.35730326
    1.27245593 1.23270524 0.806132495 1.34667039 1.16008818 0.855881333
    0.805855155 1.64125121 1.4805392 1.11878562 1.34302342 0.676069975
    0.720047534 1.28219378 1.01255226 1.64761674 1.53008235 1.65178585
    1.12784815 1.02956927 0.831236362 1.58202779 0.858644485 1.00084651
    1.74151695 1.50912368 1.50218534 0.99319458 0.685170829 1.37072563
    1.09480393 1.03536677 0.956908524 1.29771602 1.16910958 0.968485653
    1.32691586 1.60988057 1.10971153 0.907538533 1.60611022 1.20427799
    1.49278533 1.65242648 1.23513746 1.29935014 1.43653667 0.720024943
    1.4282409 0.712807715 0.784533918 1.36655653 0.645867705 1.34973979
    1.48008072 0.782396555 1.29727304 1.07629073 1.39423132 1.4494375
    1.32519686 1.43059063 1.1603241 0.953288615 1.20123279 0.713090897
    1.30545557 0.747620285 0.973560512 1.60140562 1.44039905 1.46472073
    0.782442391 1.67160666 0.882913232 0.998602629 1.37835062 1.02958715
    0.735564947 0.839338601 1.41959059 0.78330189 0.841079116 1.28698635
    1.19958341 1.20981884 1.4890095 1.09096158 1.55098665 1.17624843
    0.955518901 1.00241375 1.27684534 0.992406726 1.18517435 1.07574892
    0.728857696 0.729916394 1.43153179 0.988170147 1.64311707 1.57826412
    1.66140342 1.31773412 1.36456549 1.22082198 0.791969419 0.78859973
    0.81939894 1.65999746 1.16437042 0.845861316 1.17829561 1.14919484
    1.63061059 1.54640412 0.672522426 0.956524372 0.737980366
    0.753806591 1.58428204 1.55567026 1.7781316 1.63900232 0.956978679
    1.1776334 1.58341432 1.47183299 1.51156259 1.38892269 1.5262351
    1.03930748 1.26128185 1.45447159 0.886400282 0.995287359 0.800643682
    0.980056822 1.41408324 1.48105741 1.43411458 1.29934645 0.807012081
    1.05241024 0.817008197 1.06195319 1.42291832 0.760761738 0.971524239
    1.62129045 1.43952286 1.66013241 0.804538548 1.68699121 1.38578999
    0.798273921 1.51498592 1.17280436 0.897925138 1.48028839 1.56792414
    1.54399908 1.46803784 0.869769812 1.05806696 1.12048674 1.68722773
    1.00536227 1.26852465 1.15050828 1.16891778 1.64962888 0.94170326
    0.873699665 1.35428822 1.61166108 1.35256016 1.5933075 0.828558683
    1.25061619 0.912505925 1.20939445 0.817690074 1.35096598 1.51206923
    0.720759869 0.735069752 0.968522727 0.851846099 1.28708982 1.248891
    1.23121929 1.52254951 1.26968074 0.813264728 1.12541771 1.51269209
    0.92037642 1.3976202 1.14326704 1.53571808 1.08239627 0.949970663
    1.02981603 1.14352429 1.67083907 1.12511921 1.59428751 1.00762534
    1.68897271 1.28664708 1.21538031 1.34911513 0.747352779 0.783169329
    0.822571337 0.936805248 1.71718407 1.35716617 1.1086911 1.32765448
    0.949787438 1.3349421 1.01317132 1.74170685 1.54845023 1.31944871
    1.58099568 0.919317126 1.47429907 1.54048073 1.4694562 1.1175611
    1.39088821 1.24553466 0.946788609 0.734168351 0.809706569 1.50113463
    0.660579205 1.38420618 1.10767615 0.64165473 1.34356987 1.10852098
    1.3353523 1.20384645 0.934685111 0.684028625 1.42912793 1.43543124
    1.47007334 1.34706259 1.67352664 0.931254745 1.72366846 1.39741695
    1.3755666 1.02455878 0.69546473 1.04773927 1.14524555 0.972674251
    0.908065498 1.28420413 0.75880003 1.34687746 0.797522604 0.952126145
    1.48712015 1.11953616 1.62038982 1.44316125 1.04576731 1.71001816
    1.20915151 0.885337114 1.53667319 1.46014047 0.892101407 0.991876602
    1.26732445 0.99616015 1.10075378 1.3846451 0.930004478 0.892799675
    0.620829642 0.852284908 0.922925234 1.17702579 0.601222098
    1.44064009 1.2163204 0.680700123 1.51363492 1.41095853 0.930624008
    0.739491403 1.62941158 0.820062518 1.56392109 0.798029065 1.54325402
    0.842728496 1.11193001 0.779025376 1.39681959 1.19279623 1.17702937
    0.814441979 0.952471077 0.754893541 1.27901828 1.21998978
    0.788893163 0.858888209 1.41149569 0.679232121 1.08611834
    0.800066173 1.20999789 1.64048171 1.51084507 1.14284658 1.71046364
    1.12528372 0.750124335 0.791077197 1.09361994 1.12231255 0.793440759
    1.08621788 0.782107055 0.891832829 1.25359321 0.893386364
    0.649913192 0.701206505 1.01220024 1.37739706 1.3302623 0.834210396
    1.26921809 1.07781518 1.00757384 1.31828094 1.29664958 1.47943974
    0.914309859 0.914863288 1.5223279 1.51781464 1.03689075 1.10184813
    0.845868886 0.938552916 1.70793176 0.932199717 1.53882325
    0.843641877 1.59469116 1.33255494 1.07622755 1.04615378 1.59463871
    1.55856144 1.01103318 1.33160698 1.07991207 1.01268291 0.788003206
    1.06714368 0.769574344 1.01072633 0.970763564 1.49915838 1.19142509
    1.51277661 1.68233418 1.30340838 1.6963805 1.49977458 0.75331229
    1.13500357 0.918230355 1.61436236 1.34446406 1.06535351 0.748534381
    0.83007133 0.663920581 0.793220103 0.866455734 0.710991979
    1.45840907 0.660486758 1.18190455 1.4540621 1.14426243 0.791216254
    1.44857478 1.35169566 0.956464946 1.14925861 1.72174168 1.36780727
    1.43870139 1.47597682 1.23220646 1.38502944 0.887050748 1.05493641
    0.971831262 1.59520102 1.29035294 0.904857278 1.62697613 1.16022229
    0.957515895 0.873479784 1.70914149 1.34557331 1.11119807 1.43864644
    1.40654767 1.59775138 1.14835608 0.778860807 0.793978691 0.875241995
    0.616987944 1.06667113 0.801137924 0.851316512 1.0247885 1.20218146
    1.3163501 1.18941069 1.41873562 1.0978893 0.82717669 0.678737998
    0.847221613 1.12007964 1.30029416 0.880414069 1.64764071 1.42780471
    1.62700748 1.62871313 1.26369262 0.731237948 1.09521937 1.63388157
    1.50018656 0.994492829 0.874586821 0.79969877 0.950065672 1.17407262
    0.891473949 1.647385 1.39986968 1.41544485 1.04615617 0.864830077
    1.2793467 1.05325603 1.33005905 1.5527674 1.45667827 0.949629843
    0.985783935 1.230147 1.46562517 1.52213609 0.817787766 1.28482759
    1.57585514 1.6938175 0.739422917 1.18255043 1.7175014 1.63251197
    1.39476085 1.49657845 1.27626169 1.47248888 1.25328362 1.13537192
    1.61513793 1.23236251 1.19493532 0.75249505 0.864110768 1.07420599
    1.01083457 0.823445916 0.676436067 0.802637756 1.03000784 1.24757373
    1.37586665 0.685903907 1.03134441 1.36811078 1.50421667 1.01737654
    1.43751824 1.63195467 1.17896998 1.73917472 1.45287716 1.12885392
    1.60168839 1.25705576 0.681436062 1.40859199 1.71007371 1.2970258
    1.3888613 1.44048488 1.08691108 0.964378893 1.38288116 1.28718781
    1.52713108 1.27084315 1.24795794 0.923124909 0.921400905 0.94882077
    1.47450471 1.11016595 1.23345268 1.45847785 0.811998665 1.35200524
    1.24590504 1.08619547 0.917515695 0.809538364 1.45498562 0.834044933
    0.826770961 1.04867506 1.2722404 0.902213275 0.975605845 1.27033126
    0.910713971 0.831850708 0.912832677 1.36984766 1.44567537
    0.960365057 1.1377672 1.20419443 0.697130561 1.06237698 1.17340875
    1.03560328 1.16770983 1.33939934 1.55229986 0.929844558 0.990289509
    1.58467054 1.54314005 0.883408189 1.00434244 1.35155416 0.924470723
    1.1176101 0.877323031 1.0968405 1.11027277 1.00809526 0.862523019
    1.11819685 1.2360723 1.45742142 1.67169452 0.925288677 0.930739224
    1.30645716 1.27007544 0.720889747 1.48072135 1.32380259 0.646758437
    0.872938633 1.17243135 0.927837908 0.823648274 1.04040802
    0.931404531 0.74875921 1.40431297 0.942406297 0.809502125 1.17425251
    1.48520768 1.06368458 0.75867337 1.29803491 1.56670082 0.986170471
    1.67816031 1.44988966 1.57594168 1.75992918 1.53829145 0.900737345
    1.02815831 1.1162467 0.963748515 1.51173115 1.18077815 0.772146523
    1.65360832 1.65078926 1.0348568 1.39889967 0.87681967 1.2154932
    0.944244862 1.59866929 1.40894306 0.935394585 1.2833147 1.70737529
    1.27314293 1.64847469 1.37730801 1.41264617 0.95929879 0.969819069
    1.17008007 1.46391654 0.990013599 1.59698999 0.904200792 1.65526116
    0.796390355 1.34847629 1.4944731 1.12520373 0.908020616 1.60948741
    1.57399523 0.922263086 0.782673836 1.05199254 1.15752411 0.845858812
    1.44855964 1.16799355 1.47147727 1.37784946 1.35265887 1.50329804
    0.890719414 1.19744956 0.875161707 1.41125488 0.922611773
    0.928826928 1.52366877 0.897439957 0.978570402 0.924388349
    1.51417625 1.52081156 1.10759544 1.21387064 1.5598805 1.63846445
    1.1177758 1.38585293 1.39107502 0.97675097 1.29212642 1.51149344
    1.30043888 0.670894802 1.09980834 1.43093455 1.01585519 1.52283764
    1.63292491 1.44320321 1.02264297 1.63845062 1.69880188 0.8924371
    1.3997339 1.58058524 1.24829137 1.31579769 1.34128189 0.745832682
    1.6532371 1.38720751 1.26614904 0.992156029 1.01285589 1.61205781
    0.780115604 1.11310017 0.79409039 1.53633392 1.0064249 1.30567765
    1.37927103 1.36791873 1.06672418 1.38532031 1.42169964 1.65824652
    1.09645224 1.11008596 1.65022039 1.14635909 1.56136739 1.40371668
    1.14119875 0.917721868 1.25218308 1.39795363 1.22345066 1.37193131
    1.45365369 1.49375653 1.48637259 1.59548461 1.31164217 1.34810507
    1.0187639 1.6532768 1.09814966 0.950001001 1.39350319 1.61020577
    1.38119662 1.359496 0.729002059 1.19831467 1.34065545 1.37194932
    1.25132167 0.858851194 1.55940652 0.617606282 1.34406114 1.43455815
    1.04062521 1.12655294 1.27769935 1.69647956 1.23989463 0.963749886
    1.14949894 0.835804939 0.963475466 1.71711731 0.965090215
    0.830418766 1.51383138 1.2951926 1.22245884 1.2117573 0.782616854
    0.824583828 0.954855621 0.980924606 1.35369909 1.03236187 1.18393993
    0.896185935 1.26495683 1.14671779 1.5157696 0.844208062 0.821398854
    0.753642917 1.2223345 0.723947346 1.51831579 1.2230525 1.47803974
    1.15615737 0.728288233 0.728908539 1.59868789 1.30906236 1.00606239
    0.759587944 0.766648591 1.0910852 1.38375986 1.05556333 0.880347371
    1.27675235 1.47559714 1.38710308 1.66476357 0.86285007 1.48899651
    1.50820839 1.5574373 1.02122927 1.21140242 0.829834044 1.36082172
    0.815460503 0.765405774 0.988990307 0.790350676 1.4540422 1.22607553
    1.520069 1.54685199 0.725535452 1.11090291 0.943074763 1.15445685
    0.701265216 1.48996758 1.1880362 0.794894338 0.96096164 1.05326617
    1.01129985 1.58384871 1.38435233 1.10194623 0.926411808 1.68979836
    1.7527951 1.04461133 0.852681637 1.49668944 1.56624436 1.59754455
    0.827250302 0.777782559 0.775146604 1.03861976 1.56622565
    0.687440515 0.839835584 1.28432024 1.24649453 0.705660403
    0.826005161 1.50245953 0.895676076 1.38084519 0.722232282 1.55200183
    1.11396217 0.913011491 0.857372463 1.55642605 0.859399855 1.32125485
    0.905241311 1.61677027 1.33677244 1.33915663 1.65412557 1.06651998
    1.02300727 1.66796362 1.059811 1.42044628 1.54007828 1.62127435
    1.21311867 0.918540776 0.885857165 1.02220726 1.14481187 1.38277471
    1.26321173 1.39604616 1.03809309 0.83773762 0.98016423 1.31799388
    1.27329993 1.48650837 1.0960964 1.48533189 1.02051401 1.4221437
    0.943779349 1.63408768 0.82153213 1.23732781 0.933637381 1.09997904
    1.5414046 1.31871974 1.22790551 0.982626677 0.940187037 0.917051971
    1.5013932 0.865482688 0.721228421 0.674087524 0.783528149
    0.962865591 1.703619 1.12856889 1.28370869 1.23213172 1.56620097
    1.57434583 1.21399701 1.70304334 1.51420736 1.29758859 1.72349966
    1.05973852 1.52876878 0.742015183 1.30165088 0.90033555 1.25375366
    0.683559358 1.37523615 1.30096185 1.32562387 1.7319628 1.34347725
    1.47424662 1.37050092 0.983758271 0.951748967 0.92937541 1.43771672
    0.650106311 1.39004123 0.863215029 1.30499661 1.13506591 1.61056602
    1.6945039 0.818625808 0.716489077 0.716370463 0.631810308 1.59165108
    0.952416778 1.2305094 0.836443126 1.41019928 1.26244676 1.3609091
    0.965516865 1.24131298 1.47715032 1.1349256 1.0263294 1.64623451
    0.942702889 1.17948306 1.52787101 0.859965146 1.7433753 0.916970968
    1.02616978 1.17227316 1.21429181 1.31254566 1.59053862 1.15158987
    0.651873469 1.19969428 1.53777266 1.21449482 0.730475008 0.775665343
    1.51436281 1.37242603 1.08154988 0.732358575 1.18983722 0.953545451
    1.3157444 1.69618595 1.20484543 1.15467048 1.64267004 1.52145183
    1.35480082 1.02804732 1.05448282 0.786245763 1.28680658 1.44734275
    1.47740197 1.03755903 0.894406796 0.687006712 1.27437258 1.00973177
    1.59955084 0.921963692 0.846828759 1.281744 1.16750932 1.08412731
    0.69909966 1.28758562 1.43992007 1.44126844 1.71456826 0.736974955
    1.02529168 1.21330893 1.05118215 1.00539672 0.884703815 1.02502167
    1.59227765 1.51238561 1.67609584 1.24200463 1.59783709 1.57871342
    1.0145756 1.2295686 0.833935976 1.37521088 1.11777461 1.02978361
    1.07801771 1.0206368 0.962659955 1.45643091 1.3076067 1.14280045
    0.738070965 0.991634607 1.15354812 1.0365293 1.55438697 0.618560731
    0.859565437 1.13306975 1.23656452 1.1770469 0.663057745 0.653155923
    1.56283796 0.707653761 1.17733145 1.46766448 0.791898787 1.44678569
    1.54683805 1.660748 0.86854881 1.28568053 1.37314343 0.795712233
    1.51419461 1.61329806 1.46714497 1.2269305 1.46532142 1.3653779
    1.02114236 1.18944132 1.27967906 0.831253529 0.957096219 1.2756151
    0.68499428 0.694687843 1.02971315 0.970912516 1.00940323 0.823504746
    0.970316529 1.2892921 1.42217863 1.0837419 1.2953105 1.04103935
    1.69502389 1.16930008 1.35505629 1.70401907 1.48572445 0.955316663
    1.37127173 1.16570759 1.20078623 0.880830526 1.0221163 1.26577222
    0.924678862 0.819967508 0.991907597 1.51235282 1.47347188
    0.899772644 1.5553602 1.36679459 1.33711886 1.57652748 1.403916
    1.37342465 1.66925585 1.22935486 1.13207328 1.1718173 1.24167109
    1.20695281 1.18456209 1.31061411 0.831467867 1.59974146 1.31723464
    1.3288362 1.40191877 1.5050559 1.70520902 1.28005302 1.51355422
    1.45108104 1.45998144 0.926151335 0.826603889 1.02328658 1.65873861
    1.59597874 0.794093847 1.46489978 1.10821855 1.37974215 0.896733463
    0.837798357 1.50376749 1.58957171 1.45903659 0.837384164 0.69413799
    1.62803233 1.32295132 1.17969644 1.16382647 0.707573414 1.22658014
    1.47232687 0.64458257 1.15368354 0.801997244 0.885772586 1.51661408
    0.72334832 0.656506479 1.15560305 1.44645798 1.03923225 1.34585822
    1.47405457 1.01676261 1.09618509 1.44490194 1.46749294 0.835855305
    1.20030499 1.25726938 1.62498331 0.945924222 1.11867607 1.29375219
    1.5308013 1.03082955 1.1722194 0.935890675 1.05592132 1.42613494
    1.41029632 0.951826572 1.06573915 0.902544618 1.67441344 1.06027544
    0.805840254 0.800493062 1.44094443 1.01543272 0.871600986 1.05211568
    0.686769307 1.63355958 1.23357558 1.71509898 1.34093189 1.43727934
    1.51229656 1.37104475 1.66375673 1.2972002 0.762472272 1.14969409
    0.920473695 1.70555651 1.70607245 1.0200969 1.52455342 1.0582999
    1.21213222 1.23872113 0.812736869 0.836190164 1.1236372 1.01989305
    1.38176847 1.50535071 1.13421488 1.10484195 1.55844867 1.09863222
    1.1645993 1.51323259 1.13122034 0.824672401 1.52103722 0.83785522
    1.33559597 1.23042071 1.54678011 1.30006945 1.62975764 1.00298679
    1.07598877 1.58614898 0.800334752 1.09926021 1.20566511 0.750654519
    0.901058376 0.807530522 1.34048581 1.61042738 1.07050228 1.32979572
    0.773176849 0.973633766 1.25076747 0.972783625 1.11287427
    0.833922625 1.52904844 0.90086633 0.941286981 1.24406254 0.679811835
    0.794101655 0.751100123 1.50648665 1.02148819 0.841926992 0.80664438
    1.14328468 0.873315215 1.3854295 1.05242944 1.60689366 0.844505787
    0.900043011 0.945770323 1.31510067 1.4300648 1.01166749 1.52326882
    0.973236263 1.56237411 1.30821657 1.10834694 1.52750993 1.38742542
    1.16886616 0.775765359 0.837984085 0.747594893 1.46086526
    0.695306957 1.56489646 1.17817974 1.3333596 1.58262444 0.756818652
    1.58509946 0.904500365 0.874985397 1.08668292 1.49088883 1.49146318
    1.45426571 1.52528644 0.755401433 1.19143414 0.847555816 1.52285731
    0.938564062 1.23500729 1.40158296 0.827292919 1.14693892 1.62276363
    1.24339545 1.28442156 1.1630497 0.851968408 1.30202031 1.20337284
    1.19850791 1.53690481 1.19624889 1.14174926 0.764064372 1.27232397
    0.887435019 1.51955032 1.42571664 1.3826921 0.839562058 1.48088396
    1.01275229 0.695340514 1.24862266 0.776932478 0.583871007 1.11495864
    0.83041656 0.746643901 1.19800198 1.49946558 1.48149765 1.24408829
    1.60347736 1.37355363 1.30991817 1.74679995 1.64957738 0.865092099
    1.17178261 0.831918478 1.31137991 0.814486146 1.44944406 1.29389358
    1.25925446 0.935944498 0.856559336 0.994157016 0.647399664
    1.37603784 0.817988694 0.873522818 1.15891063 0.827899098
    0.787272453 0.673409283 1.02834475 1.18403721 1.41847038 1.11685169
    1.37097454 1.54743075 1.55571294 1.30717194 1.09553909 1.33210015
    0.815664589 1.53981829 1.73746312 1.67651093 1.60785282 1.06739616
    1.20942688 1.53252161 1.10045552 1.44106531 1.54634726 1.63518143
    1.38860059 0.816161692 1.17774081 1.46232736 1.08150637 1.64689112
    1.34315312 0.78551209 0.933819234 1.24794459 0.873413444 1.49738157
    0.985633433 1.35113704 1.14505291 0.90298599 1.1857425 1.55431223
    0.936674356 1.304039 0.81114012 0.975133538 1.55416477 1.10002255
    0.87792784 1.32682562 1.13568389 0.691385925 1.03504026 0.75098753
    1.39330471 1.42390454 1.16798556 1.53565061 0.800213456 1.12516093
    1.17799044 1.51368022 1.22802353 1.55790234 1.5787338 1.28629792
    1.30706286 1.05082548 1.43591464 0.841589451 0.923805237 1.56909919
    0.729861677 1.14300203 1.39889884 1.03143585 0.739559412 0.855832517
    1.50371456 1.22702456 1.50037265 0.878594518 0.89262408 0.749637961
    0.730684817 1.39732039 1.1643703 1.02578545 1.004035 1.27992928
    1.53632593 0.995429337 1.5623672 1.52670801 1.0347482 1.11341143
    0.974834681 0.740611196 0.884543955 1.06172395 0.678761721
    0.701649845 1.43573809 1.66250455 0.984816432 1.37006128 1.56074691
    1.4837023 1.05641854 1.48214841 1.65940189 0.941710353 1.64816928
    1.1656239 1.05386734 1.61963046 1.36810434 0.914434552 0.850631714
    1.07461524 0.878153384 1.27283168 0.868440628 1.06164002 0.769003451
    0.992613614 0.706002712 0.811230242 0.776546478 1.04188514
    1.29302979 1.03075969 1.65403318 0.814925134 1.61079705 0.902297974
    1.44985414 1.29891849 0.831498027 1.59208488 1.25337398 1.66725171
    1.29686034 1.33456957 0.892237961 1.48439276 1.38114166 1.56063008
    0.741721392 1.62719584 0.835848331 1.70233393 1.19450033 1.65247476
    0.897876978 1.51840556 1.30465281 1.37360227 1.39654207 1.08638084
    0.747058928 1.29465568 1.52111173 1.49866545 0.948642731 0.799459159
    1.58713496 1.46194446 1.63367033 1.30977714 1.39865625 1.24444878
    0.911016941 0.777183652 0.720133603 0.919314742 0.939483464
    1.49986267 1.21310008 0.992121816 1.12083602 1.16951311 1.30598187
    1.06872296 1.44813395 1.14056253 1.62354851 1.69481146 1.49891949
    0.761674583 0.793732524 1.11969411 1.53859329 1.30035853 0.973435581
    1.23336649 1.56286788 0.769652843 1.18718255 1.35696197 1.24464488
    1.50123155 0.917387962 1.23482442 1.24646413 1.49035168 0.952255487
    1.53641653 1.04228926 1.40956914 1.52807832 1.54535282 1.56523812
    1.12334585 0.778357267 1.07242 1.54239869 1.39069009 1.65160739
    1.22457147 1.19803977 1.579427 0.988955677 0.71905762 0.624871075
    0.807624936 1.29255414 1.27941108 1.09776342 1.13758826 0.654831648
    1.14147091 1.01684141 1.60073054 1.52358365 1.03461277 1.13612342
    1.31160438 1.31318879 1.13340878 1.54037452 1.36623299 1.19471312
    1.09668791 1.32214165 1.51141918 1.49592841 0.754128277 1.14157295
    0.87842834 1.38183081 1.62436795 0.972917497 1.66094756 1.44964337
    0.715477407 1.50726712 1.24990666 1.35009658 1.62049508 1.48422408
    1.54235041 1.65706861 1.36113977 1.21551967 0.894393802 0.754080117
    1.40145099 1.63338065 1.35553467 1.5043602 1.25357699 1.25034261
    1.52724218 1.17174065 0.810073614 1.45975709 1.17637908 1.01047635
    1.48663306 1.51833165 1.59637475 1.29650104 1.38511884 1.47511816
    1.15746355 1.440014 0.99804014 1.64843345 1.37809086 0.783643246
    0.738245845 0.732305467 1.05390775 0.893254697 0.988214672
    1.29175782 0.714316368 1.02120137 0.81430608 1.24779272 1.55659413
    0.816206276 1.19829416 0.903757632 1.15369737 1.27948034 0.692094088
    0.811292231 1.30185819 0.935037792 1.08583486 0.771656752 1.04697049
    1.63066709 1.56545079 1.3213172 1.03878736 1.10701823 1.42917228
    1.52158988 1.32061267 1.16366196 1.25221276 0.792577684 1.50889707
    1.35609472 1.20382333 0.794592857 1.08442676 1.18781924 1.62165844
    1.01050675 1.65081131 1.14560783 1.18654025 1.10948825 1.08877957
    0.617785454 0.810753047 1.54948914 0.99918294 0.862370849 1.21505499
    1.42586243 1.24696553 1.28434896 0.725721717 1.20813406 1.56670213
    0.690946698 1.10740054 1.39113677 1.41652858 1.22038794 1.1723752
    1.45495212 1.45273209 1.40571165 1.00611317 1.44704986 1.30827415
    1.49097776 1.59336734 1.38908839 0.739471436 1.28564644 0.750942111
    1.61726892 1.32404184 1.42396688 1.45464253 0.942558646 0.837493837
    0.789885938 1.28659153 1.35021281 1.06029069 1.28767288 1.17335677
    0.704683721 1.16165042 0.645581365 1.5644052 1.33039153 1.58338296
    1.09086716 1.63187611 1.29351652 1.22072017 1.13958502 1.08637953
    0.908498108 0.967613101 0.796172142 1.3614049 1.31738281 1.4466418
    1.60551763 0.749507129 1.28030872 1.36271334 0.710778534 0.676234543
    1.38269711 1.34627593 1.30650115 1.2812264 0.817486346 1.5946579
    0.898468673 1.27667689 1.70218194 1.24130678 1.58141828 1.11450255
    0.804286063 1.61916721 1.66776204 1.01754999 1.4661727 0.703339577
    1.41263616 0.734377742 1.31628096 1.09710121 0.684775472 1.57996595
    1.51588011 0.967183173 0.885592699 0.778982162 1.61578906
    0.710903347 0.800032616 1.39380312 1.33085215 1.04208851 0.973494709
    1.23364353 1.08533692 1.42252886 1.41269743 1.23815346 1.42912889
    1.61373401 0.732768476 1.36365223 1.08980668 1.0793314 1.18636549
    0.85419476 0.715731084 1.5804857 1.135445 0.924776673 1.0810287
    0.724402845 0.792083383 1.18604743 1.13834989 1.5920285 1.04730952
    1.09548736 1.52367806 1.23677492 1.08962178 0.75528264 1.17730284
    1.6737566 1.04345334 0.978716493 0.952175021 1.09791136 1.29689515
    1.04996181 1.32841265 1.39092684 1.19158566 0.72077179 0.719507217
    0.781357646 1.22024536 0.628089786 0.844837368 0.898895442
    1.31153035 0.899816275 1.3812921 1.33396709 1.69069016 1.48199272
    0.804931343 0.825250685 1.20782936 1.34807241 0.735829532 1.3777262
    1.11913121 1.30762434 1.17171812 0.892861128 0.901016831 1.25900257
    1.19388866 0.917258561 1.5674901 0.804026604 0.696277559 1.67672849
    1.57596302 0.852714062 1.63976252 1.71023035 0.893733978 0.984221041
    1.39719498 0.802115917 1.36171305 0.760263503 1.03111362 0.973138273
    1.19078505 1.43562603 1.4682914 1.52206612 1.12882376 1.33442163
    1.00063562 1.60024977 1.48131835 0.829922438 1.38944948 0.740527511
    1.36164236 0.876971662 0.812612295 0.699570656 0.906310201
    1.09200096 0.903829694 0.980300844 1.61010516 1.17049658 0.900906146
    1.19771123 1.45955884 1.08191538 1.60793602 1.29258442 1.39018297
    0.878471255 0.9674353 1.37570703 1.22417772 1.38833928 0.713113427
    1.59081435 1.55666459 1.63576365 1.38915718 1.56051791 1.12501538
    1.38047552 0.863848805 0.702512503 1.3157382 0.893791318 1.30707192
    0.715314031 0.800238967 1.16646755 1.31670308 0.892591774 1.1125139
    1.31957102 0.756233037 1.36450529 1.65416789 1.22653389 1.14713001
    1.58473361 1.46828282 0.772780299 1.01564646 1.42202008 0.878814936
    1.49228036 1.52011621 0.896000445 1.24559772 1.41833127 0.814115167
    1.26900339 1.09973764 1.27592802 1.10926557 1.16230738 1.1715399
    1.35404956 0.794310212 1.02054584 1.26735818 0.806106627 1.53501534
    0.743935287 0.744260371 1.48204827 0.727949321 1.47857702 1.08231449
    1.17775834 0.915590942 1.20453584 0.816306233 1.2742188 1.28061855
    0.811991274 1.44475865 1.394997 0.775515139 1.44839823 0.879983068
    0.703727126 0.92919296 1.56625056 0.791017473 1.05328918 1.11019766
    1.17747188 1.17585516 0.994184494 0.949930072 1.21032393 1.23804355
    0.723382592 1.01260495 0.823224664 1.31802714 1.26442647 1.52210248
    1.06155658 1.63294697 1.31556785 1.55347657 1.11763 0.864848256
    1.27382624 1.11364746 0.99339354 1.60027325 0.970443845 1.28017163
    1.4922322 1.29381788 1.48925614 1.23007631 1.45711207 0.889740646
    0.83672291 1.67204666 1.3826313 1.12099493 1.42534387 1.31001735
    1.4591037 1.34938288 1.11207271 0.970953405 0.855032921 1.3806411
    1.28634536 0.96702075 1.37308121 1.49609554 1.60499918 0.848359585
    0.772770345 1.20283723 0.942255557 0.942452013 1.33041596
    0.841234446 0.874949217 1.21044028 0.827339768 0.836424947
    1.55326104 1.41506076 1.44898891 1.51019096 1.21266723 0.822249174
    0.90876466 0.789870203 1.64500189 1.76226139 1.74431551 1.31063151
    1.32508039 1.16239572 1.12300551 1.07675815 1.26885188 0.762073159
    1.01026118 1.66965127 0.967843711 1.08683622 1.4999218 1.50634146
    1.41866469 1.16892862 0.820182443 1.48154902 1.14014339 1.22336757
    0.794668317 1.34344101 1.04760897 0.88960886 1.40233111 1.70804119
    1.63897681 1.53817058 1.58740771 0.763744891 1.06025493 1.14808869
    1.23842168 1.20988488 1.39452004 1.0770216 1.37659931 1.09527576
    1.32066977 1.16964805 0.810999274 0.641033769 0.663866878 1.36698246
    1.07768857 1.49361336 1.61001706 1.56203187 1.17755187 0.734210372
    1.60284305 1.0033375 1.41248071 1.28391445 1.28145027 1.17942309
    1.01488924 0.875684738 1.28152668 0.816163123 1.65536857 0.937947631
    1.49188697 0.887806237 1.54791927 0.683117449 1.3221823 1.40253282
    1.56132722 0.721196473 1.07246518 0.987882674 1.0096699 0.797471583
    1.23359382 0.972606421 1.03452826 0.951898396 0.786411524
    0.670507252 1.17662835 1.06564569 1.59136486 0.714401186 1.50908482
    1.40956163 0.881182253 1.22948587 0.911133707 1.26470518 1.09731352
    1.0273217 0.838443696 0.794153452 1.3385253 0.71668011 1.47056067
    1.57352722 1.4101193 1.20125103 1.07994926 1.19998837 1.01568544
    1.06239295 1.05323899 0.750892162 0.781301737 0.877559483
    0.944315553 1.42173183 0.80595696 1.19397056 1.59878004 0.941447377
    1.13314521 0.848745346 1.6356591 1.49216461 1.39065933 1.51037467
    1.57155299 1.2078861 1.0515548 0.782396317 0.952129245 0.931322992
    0.69803983 0.762578785 1.55547905 1.45338666 1.36343694 1.18720472
    1.49613285 0.862479985 1.45029926 1.12409353 1.53210139 0.954313636
    1.69207108 1.04342175 0.85297209 1.5331099 1.67009687 1.0321207
    0.720446467 0.95592922 0.720741987 1.10307848 1.27494073 0.830815315
    1.03655195 1.36086309 0.906570435 1.57881021 1.07896984 0.951943278
    1.02319407 1.40157187 0.793901086 1.59360635 0.968970358 1.17368424
    0.663455784 1.41352582 1.09688413 0.998003185 1.15187132 0.844455242
    0.734558403 1.00298584 0.630104363 0.880970061 1.24032819 1.0444392
    1.04063344 1.67682374 1.37372804 1.20240271 1.24549496 1.01405597
    1.49394131 1.56430197 1.35938871 0.950085938 0.712870121 1.44007802
    0.852629364 0.905461669 1.42589402 0.70166254 1.33844984 0.69647938
    1.03295982 0.996472359 1.46459782 0.904570878 1.01206589 1.08100641
    1.13244355 0.825288534 1.24533927 1.56053329 1.3041873 1.39819908
    0.94469732 0.910279453 1.58574378 1.01296329 1.25462973 1.004987
    0.780124128 0.974803925 1.76868832 0.935223579 0.954897881
    1.45900631 0.842113912 1.13252544 0.939129591 1.41085041 1.06967771
    1.03787065 1.4207778 1.5711236 1.36523271 1.39331388 1.64490545
    1.67393064 1.44364762 1.23268425 1.76896954 1.72376776 1.69019091
    0.906872392 0.844364762 0.991520166 1.62158728 1.6107074 0.807705641
    0.719862163 0.9100613 1.03739917 1.19421971 1.5451597 1.57914424
    1.55475569 1.59207034 1.17489517 0.77618587 1.15577483 1.0522449
    0.912164271 1.18610394 1.31987369 1.32445788 1.1389389 1.72543061
    1.05959094 1.73768139 1.48272693 1.69576466 0.96943742 1.55056226
    1.58658791 1.35286355 1.17470062 1.25326812 0.841764033 1.18166363
    1.20036399 1.05599058 0.761167884 1.39926422 1.04548371 0.712274075
    0.836183071 1.06826258 1.35179961 1.45581079 1.55654776 0.923320889
    1.13558006 0.86204648 0.894572139 0.667115033 1.21768606 1.50588191
    1.4963733 1.19909251 1.51478434 1.13632882 1.58842289 1.33255351
    1.60391796 1.30006754 1.21860969 0.696861744 0.784867227 0.631005168
    0.855008602 1.20634794 1.36357844 1.12273884 0.92357713 1.70348966
    1.1416049 0.869071901 1.14965439 0.827425241 0.823409915 1.21350765
    1.4181602 1.60668731 1.31708336 1.63839507 1.44319534 0.748234868
    1.66746736 0.832623363 0.999672472 1.23935425 1.21208775 0.901342094
    1.06462014 1.6818037 1.11315179 1.43950021 1.33895373 0.862942815
    1.23050857 1.0381192 1.63183117 1.33345437 0.880713761 0.901861608
    0.960094154 1.12224889 0.884714305 0.675586164 1.15187407 1.32680392
    1.38129497 0.862953603 1.34239471 0.921728969 1.24837148 1.16347814
    1.16979802 0.965904355 1.4283061 1.56979942 0.682623506 1.41624033
    0.998366654 0.948460817 1.04864228 0.940944672 1.21847916 1.64137137
    1.62153876 0.916323066 1.31853247 0.935011983 1.41100311 1.22646189
    0.725376666 1.12883234 0.925031126 1.07884407 1.6371721 0.80397141
    1.4694891 1.40155828 1.46538866 1.33338141 1.39068604 1.1699152
    1.38063359 1.44844186 1.08938456 0.725769281 1.42818356 0.914612949
    0.844134867 0.752275884 0.991155505 0.930044472 0.957712948
    1.58393812 1.55846632 1.58909726 1.02414334 1.58319318 0.700676918
    1.33539891 1.09180677 1.60855424 0.77181685 1.46998823 1.31062627
    1.06750441 1.24679697 0.638502836 0.904595733 1.11640167 1.01725793
    1.6337707 1.24858999 1.02002323 0.949157953 0.729648829 0.670565009
    1.0998975 1.01976776 0.977647781 1.21721601 1.19337332 1.03790259
    0.857889533 0.963213563 0.984280527 0.796093345 1.36541402
    1.17470229 1.05160284 0.762492478 1.15369856 1.15893781 1.51429617
    1.40153217 1.18971527 1.56952906 0.783845484 0.737257719 1.47159278
    1.05619359 1.48826218 0.657985389 1.09019053 0.978199482 0.729814887
    1.05610168 1.30698609 1.21836424 1.09753788 1.27816069 1.26428437
    0.909746885 1.41913891 1.36908054 0.966266692 1.09113586 0.660067439
    0.940802038 1.14574063 0.782909393 1.43682897 1.21019697 1.11237991
    1.09207809 1.52781141 1.17715585 1.29553187 0.894394696 0.814062774
    1.69955444 0.892080903 1.43515754 0.892069936 0.991948783 1.29986668
    1.63924944 1.28590763 1.27274203 1.67141938 0.808949113 1.16291642
    1.00769329 1.04120147 1.49489462 1.07036817 1.0571326 1.07814395
    1.76865089 1.63663673 1.25016296 0.991709113 1.77314866 1.36373484
    1.63792515 1.73504746 1.46049023 1.62555826 1.58551109 0.742202103
    1.12876821 0.976432741 0.923735857 1.49865472 0.96208173 0.735993028
    1.29136121 1.26602519 1.31054437 1.57937121 1.46277034 0.65744561
    1.18689907 0.916554987 1.171875 0.844701231 0.972287834 1.5874449
    1.09267092 1.21761632 1.59520662 0.748051763 1.63251615 0.959171474
    1.24317694 1.36455202 1.31002569 1.1157887 0.909108281 1.23114073
    1.32273149 0.834534943 1.08906925 1.28850031 0.79330647 1.36054063
    1.16965127 1.43198228 0.719115853 1.44400489 1.04609966 0.758415997
    0.972397387 1.21372795 1.35222101 1.16442752 1.48422408 1.35622203
    0.770965219 1.24865162 0.977002859 1.13418639 1.10952735 1.06677234
    1.26793504 1.11382902 1.04693663 1.2363379 1.42520177 1.2023319
    1.42054939 1.28376722 0.881752253 1.25602663 1.04111409 1.2617507
    1.47686195 0.953256249 1.12088943 0.775246859 1.22585297 1.17286634
    1.68236208 0.895503938 0.943802059 1.00414038 1.47133636 1.60925674
    1.57520318 1.0118959 1.58520961 0.80889523 1.4043504 1.18203497
    1.58389235 0.696559966 0.856643856 0.757263243 1.66965687 1.14945006
    1.15635896 1.5460335 1.58704662 0.650335133 1.34548593 0.697233617
    1.02430415 0.940831721 1.16468823 0.657467961 0.928215742 1.01369429
    0.733522058 0.688143194 1.65181327 1.48357642 0.768910468 1.0971626
    1.57826388 0.670633495 1.20027637 0.926444709 0.855402708
    0.778955162 1.25724959 1.49891186 1.29596567 1.41262007 1.26833773
    0.850792289 1.17957127 1.67127883 1.71586823 1.18897879 1.3290751
    0.87833935 1.23864412 1.22810721 1.403404 1.54352474 1.21878099
    1.4979279 0.789016306 1.34427679 1.31006408 1.6942203 1.57649684
    1.03811085 1.36932278 1.24327159 0.751587272 1.2973882 0.744973719
    0.847623289 1.61277401 0.957483649 1.55368924 1.16094375 1.2095921
    1.06061554 0.792137265 1.43298781 1.18099177 1.35125387 1.55660033
    1.27975726 0.807273686 1.06021941 1.20600736 1.44389212 1.41162419
    1.31396675 1.49959755 1.04130685 0.806976795 0.749611676 1.61933327
    1.11569417 1.53808403 1.35934663 1.44935834 1.13920963 0.70704186
    0.963452935 1.41417563 1.3006686 1.4649173 1.50019109 1.0935117
    1.50242507 1.64746952 1.06582379 1.27908051 1.63431382 1.41624796
    0.7780931 0.731092751 0.925747514 0.612796187 0.817245305 1.39976251
    0.81322825 1.15923738 0.768728018 1.45155382 1.44366801 0.758147359
    1.24276948 0.921412647 1.20950377 1.46117032 1.02738547 0.945701063
    1.39907098 0.977173805 1.46151149 1.000301 0.897879541 1.28372109
    1.08524323 0.628778994 1.452209 1.24459565 1.01441407 1.56067109
    0.880814016 1.17559922 1.05338871 1.65485227 1.03337526 1.33157063
    0.921779335 0.793567836 1.28509772 0.81796068 1.60592532 1.3329798
    1.28098798 0.822479784 1.73163021 1.53753304 1.46119487 1.17218971
    0.96638459 1.41453862 1.57050741 1.03030896 1.15134943 1.50147247
    1.09967995 0.929376662 1.2382158 1.5667026 1.16159403 1.05908442
    1.695925 0.872268975 1.03983235 1.36670971 0.951318085 1.23779559
    1.16743374 1.46437216 1.3911128 1.17258 0.710489154 1.59694314
    1.3529532 0.870129108 1.66827238 1.21393919 1.60290706 1.20180523
    1.05202901 1.62502563 1.28479695 1.06003726 0.904484034 0.725127578
    1.03213394 0.705809653 1.57368159 1.46662164 1.59694338 1.67868567
    0.850339055 0.798104167 1.30128515 1.3539418 1.36095381 0.965459049
    1.01291442 1.17804337 1.38791382 1.08274019 1.48762536 1.13550913
    1.04909253 1.05736423 1.53637421 0.975079536 0.818441749 1.54342997
    0.933378756 0.752570331 1.58008385 1.07091856 1.56346548 0.750409544
    0.756772995 0.83398217 1.61993802 1.01216602 0.782513499 0.835314631
    0.748950779 1.57356191 1.67426193 1.31807423 1.13782275 1.33308101
    1.470227 1.4164629 0.872954607 1.08714509 0.927725673 1.59699774
    1.23920858 0.93677026 1.22171462 0.831299543 1.49674404 1.58510828
    1.49993932 1.68763006 1.20244193 1.42833066 1.41193438 1.21518528
    1.53118622 0.937228858 1.12185562 1.54224646 1.32113361 1.70825922
    0.782740295 1.28371322 1.55135179 1.23196149 1.60139906 0.893204689
    0.855885386 1.45517445 1.53728104 1.6016475 1.61466515 0.755376577
    0.974671721 1.20450187 1.19526494 0.819429934 1.14681184 0.695916772
    1.34294569 1.49414575 1.03080988 1.04530203 1.10661185 0.951642156
    1.48303235 1.64434612 0.78174001 1.0870589 1.17580163 1.21342754
    0.854230285 1.06791258 1.50390792 0.963922918 1.43818974 1.5921303
    1.45056546 0.845795453 1.09213769 1.29407418 1.6000309 1.09168196
    1.41796601 0.910391569 1.13772249 0.726449966 1.31369042 1.30952299
    1.05544543 1.56849265 1.0134176 1.32620859 1.56630862 1.11311996
    0.916593492 0.771586359 0.949631095 1.61104715 1.5488956 1.66304243
    0.818861485 0.982599199 1.43354988 0.703539073 1.44846499 1.61942804
    1.62763536 1.61326683 1.38144767 1.36182928 0.976897836 1.16963899
    1.17315435 0.855932832 1.21254349 0.982671797 0.721577644 1.4268018
    1.49516129 1.06583595 0.873672128 1.23934984 0.751001298 1.05640745
    0.895807445 1.16588366 1.00218093 1.14104235 0.801990628 0.857993126
    1.61803925 0.924829185 0.839717865 0.78963834 0.889114618 1.49721181
    1.47159541 1.66580558 1.71990347 1.49137676 0.995207369 1.23435855
    0.708073139 1.12064588 1.54233968 0.779952228 1.08882356 1.55543387
    0.975092649 0.65924716 1.59472132 0.719780326 1.23631179 1.20580387
    0.779367149 0.693468034 1.28410161 1.35524416 0.748429179 1.13203061
    0.687752485 1.52334166 1.17542684 1.1713717 1.51499331 0.847975612
    1.24823833 1.62062383 1.25325286 0.673561275 0.889655411 1.17560899
    0.730196774 0.964056969 1.45797908 0.614394903 1.21124136 1.13576746
    0.671319306 1.57703662 0.97489351 0.712494612 0.780548811
    0.800362468 1.65029883 1.28447044 1.47964776 1.55823576 1.56941926
    1.60343349 0.916092277 1.63153088 1.51499391 1.47110593 1.48539197
    1.31445396 0.668547392 0.655708015 1.15573478 1.62902546 0.80517292
    0.726983011 1.27310956 1.53203082 0.926616967 0.868540823 1.58644259
    1.61795688 1.62549424 1.11453438 1.01614749 0.872234881 0.880296171
    1.22889185 1.41557109 0.825502574 0.775013804 1.22054565 1.07400441
    1.15253425 1.50847769 1.23877168 1.26201963 0.949463665 0.846366704
    0.745710135 1.56011415 0.683461785 1.15106416 1.50448632 0.910298228
    1.23247015 0.820830941 0.955619395 0.683226585 1.53731835 1.10531247
    0.916386545 1.28088474 0.783159137 1.24712336 1.51416767 1.4407438
    1.16145086 0.762919903 1.44312108 1.07604241 1.49980199 1.51180208
    1.44260252 1.35376561 1.3446604 1.25239229 0.638844609 0.709807694
    1.0323832 0.992934465 0.886472404 1.53677309 1.70830917 1.67663741
    1.73739433 0.789949179 1.02190852 1.07678735 1.6110009 1.75554085
    1.26593304 1.3762145 1.68651676 1.31631231 1.33448541 1.1984874
    1.19126904 1.1653266 0.907849789 1.67427766 1.68522036 0.703174412
    1.54097807 1.51666486 1.3627497 1.08067131 1.03661454 1.3629986
    1.34150076 0.748935938 1.26034617 0.727661729 1.5118947 1.75171685
    1.70172524 0.973957539 0.946278453 1.13940585 1.75442767 1.01871872
    0.839046359 1.68256378 1.41594374 1.58427441 0.972962797 1.3755722
    1.14983284 0.921220005 1.04486716 1.54046357 1.39129317 1.21144748
    0.86448878 0.707778454 0.69560957 1.52322841 0.966236413 1.02469337
    0.950452983 0.745671988 0.672807336 0.881352663 0.936015248
    0.794435799 1.32446373 1.33744311 1.55511367 1.48207033 0.784203589
    1.36710334 0.836426735 0.952839315 0.697735965 1.66536236
    0.846209884 1.59267116 1.12582517 1.17768836 1.48060238 1.17255223
    1.70874763 1.52823842 1.39739382 0.793785036 1.39935195 1.49488544
    1.63861263 0.758754909 1.19009161 0.872060955 0.915006042
    0.735727727 1.5524503 1.5451231 1.69265068 1.59903693 1.30357337
    1.35733068 1.41097188 1.598979 1.62728977 1.3605938 0.738287032
    1.67862666 1.32933426 1.38490677 1.5255276 1.16009116 1.58237135
    1.28280616 0.999614775 0.770000219 0.694526196 1.378613 1.11381936
    1.57179415 1.50690687 0.718616009 1.42052066 1.51888752 1.02100098
    0.978048086 0.874159634 1.55809939 0.887224495 0.835035622
    1.24844742 0.785073519 0.666835606 1.60607457 1.00449502 0.942242622
    1.40561104 1.10710573 1.03210676 1.60871768 1.22482777 1.45032096
    1.05969 1.67385864 1.48444295 1.64539874 1.11441088 1.55644286
    1.38439214 1.04816568 1.59414351 0.84297955 1.34363675 1.10198951
    1.00515747 1.21573901 0.870535254 1.48935652 0.981807292 1.11274171
    1.44970572 1.01029491 0.93240869 0.71976465 1.17153609 1.28765357
    1.44505799 1.60828245 1.46488774 1.37416708 1.18284237 1.27875865
    1.22045422 0.753466845 0.925990045 0.882437766 1.02461267 1.58763754
    1.58279788 1.54755008 1.04931068 0.860071838 0.920401156 1.1886493
    1.48410583 1.22304475 1.29914188 1.46440005 1.33304965 1.30316591
    0.967673719 1.42404866 1.54721737 1.50899148 1.47672045 1.35774815
    1.19716096 0.816850662 0.934642613 1.13492513 1.54643559 0.792727292
    1.56379676 1.4147402 1.17098331 1.34266376 1.41718769 0.983636379
    1.11846423 1.42035103 1.27255559 1.5874362 0.842719495 1.50128722
    1.68289506 1.48321021 0.911110878 1.1818409 1.35164547 1.56765234
    1.29927921 0.729904532 1.31538773 1.13166106 1.54419339 1.17070317
    1.33348489 1.39754498 1.33462358 0.901207924 0.848371744 0.759035707
    0.828751326 0.675423801 0.71868974 1.00241148 1.57934797 1.01512182
    0.739104986 0.796517611 1.49547839 1.1372757 1.34548175 1.26541305
    1.02954555 0.895765722 1.64441705 1.40598965 1.27278578 0.838459671
    1.15310812 0.804091275 0.883148909 1.31957448 0.841156542 0.95273
    1.336568 1.20573556 1.15845776 1.43165278 1.14746237 1.57840681
    1.69166768 1.04938626 1.15679216 1.47947335 1.23765218 1.59033656
    0.99932462 1.26414382 0.67816776 1.62173259 1.25312841 0.735284328
    0.962837458 1.14400828 1.24031711 1.32890654 1.0356648 1.62874568
    0.9579072 0.997430921 1.48132443 1.28501129 0.741135657 1.60247624
    0.697197437 1.06749713 1.4883368 1.44522107 1.48504889 1.14767873
    1.4522438 1.0051316 0.80763483 1.74213433 1.7399559 1.01216471
    1.74085522 1.27091098 1.50883245 1.00076401 0.689773619 1.24273705
    0.907136798 1.21053123 0.801975429 0.721578717 1.29519367 1.40319705
    1.23435068 1.25132394 0.75868988 1.33081985 0.707811594 1.29853261
    1.37093747 1.26937473 1.3909111 1.04127359 0.664712489 1.40344751
    1.41414523 1.10513091 1.33401477 1.22415173 1.35742438 1.51477873
    0.937220335 0.963148534 1.00742126 0.839217067 1.10914457 1.03795743
    1.40789735 1.13087523 1.43912244 1.26797867 1.2592777 1.59111869
    1.45329189 1.27326858 1.23567379 1.42408323 1.34180391 1.60543633
    1.42472637 1.46367741 1.03865695 1.10378921 0.718353987 1.50482893
    0.678326905 1.64458239 1.40617418 1.53897953 0.997937739 1.62379658
    1.03581965 1.68387091 0.910601735 1.20123637 1.04162407 1.42678201
    1.34480262 1.69159782 1.24583483 1.56131351 1.21123898 1.17181778
    1.14108706 0.891068816 1.44841766 1.53691959 0.737102389 1.24069548
    0.965184152 1.03583801 1.44288874 0.933268249 0.965172112
    0.819730341 0.765945137 0.883789539 1.23681569 1.20643532 1.55980623
    0.676002204 0.898029208 1.52863932 1.20916796 0.817427993 1.10103083
    1.53141618 0.987142205 1.05749691 0.894512475 1.32155395 1.4504149
    1.04824781 0.848133028 1.37629497 0.782569945 0.941857517 1.37277091
    1.20855057 1.19936216 1.19166493 0.801809371 1.533517 1.3581953
    0.895819128 1.39499021 0.863050044 1.48399162 0.93196106 1.48744142
    1.03581822 1.60230005 1.18220127 1.26360047 1.37248921 1.5252763
    0.775492072 1.13773286 1.46159148 1.25457764 1.33460295 1.28719819
    1.50612724 0.983582079 0.935986698 1.19387567 1.25120175 1.61172462
    1.04934382 1.65320444 0.902053177 0.970160842 1.35317409 1.33618438
    1.68562198 1.5883925 1.04773462 1.56208718 0.901490927 1.09722376
    1.01527214 0.9005633 1.57131398 1.53746712 1.17255795 0.945092201
    0.669980407 0.768318594 1.33730149 1.03881526 1.09222317 0.748193562
    1.18249595 1.63403594 1.54882872 0.866081595 0.78870225 1.48121274
    1.58009887 1.45319533 0.92173779 1.38466513 0.825529158 1.67366612
    1.40649247 0.927553356 1.53773153 1.48157144 0.846155047 1.64830887
    1.1807431 1.29048884 0.965736568 1.51665688 1.40857744 0.798928142
    0.842486441 1.21125698 1.1461401 0.965393662 0.668990612 1.24617207
    0.827195764 1.57777059 0.72309792 1.02951944 0.718956113 1.04133511
    1.48421431 0.811972857 0.860468805 1.24208152 1.59330344 1.5203048
    0.91156894 0.870500505 1.29842198 0.994302511 1.04017699 1.48024905
    1.51850033 1.20768356 0.678293109 0.907709479 0.627380431 0.78777498
    1.1120739 1.13831413 0.800126791 0.914769471 1.48686194 1.22350216
    1.23041022 1.49682295 1.59930372 1.54936588 1.56873381 1.52372885
    1.35669816 1.3104564 1.0728426 0.806298196 0.789409935 1.73962486
    1.63465559 1.7255249 1.70253479 1.12643516 1.38957977 1.30990851
    0.864833713 0.949645042 1.15441787 1.13618672 0.960216343 1.40623021
    0.933603287 0.915761232 1.06143296 1.19892025 1.34805715 0.906024516
    1.00955331 1.08038771 1.17246151 1.46444845 1.00783503 1.07977843
    1.35808933 1.47562504 0.733136237 0.885860503 0.741913021 1.1357255
    1.09889066 0.819420516 1.024189 1.64641356 1.55107653 1.36281538
    1.01862025 0.666879773 1.53557658 1.54185712 1.42334378 1.23579395
    1.2981528 1.41789961 0.769289017 1.22071493 1.27626383 0.686496913
    1.18549621 0.809124708 1.38416874 0.9396981 1.69684303 1.63482809
    1.13309801 1.61997437 1.28955567 0.975907981 1.33052242 0.972672105
    0.70638454 1.52154732 1.57925439 1.57663739 0.946925402 1.22357965
    1.69470072 1.39628935 1.4959681 1.14932287 0.940013707 0.932645023
    1.15928197 0.90047729 0.704491198 1.46753538 0.707118213 0.695192218
    1.12375283 1.08486891 1.59174168 1.40318906 1.73163128 1.5815351
    0.771526396 1.76685452 1.72602987 1.46935272 1.41710305 1.48264456
    1.22466016 1.16124594 1.70589542 1.76390994 1.63521278 1.4346267
    1.05114985 0.946662664 1.58535218 0.830476403 1.11254966 1.68529177
    1.01007128 1.61166859 1.51719081 1.5072875 0.809529722 1.10585308
    1.1129142 0.780984282 1.02747488 1.50885618 1.36318541 1.35745335
    0.872763574 1.58105016 1.23038173 1.25747609 1.56571007 1.00994217
    1.46766365 1.79268229 1.04175949 1.3088882 1.58467722 1.27399123
    1.63127351 1.64366508 1.16075206 0.884917796 1.20549369 1.47741139
    0.856272876 1.45606172 1.34970558 0.898877561 1.48379695 1.23379028
    1.63282919 1.38173997 1.21580207 1.30658162 0.702553988 1.34677219
    1.31352913 0.906502783 0.900240242 1.57112026 1.05510867 0.735446453
    0.876126766 1.63258886 1.47664142 1.20614994 1.32427526 0.693232656
    0.92650193 1.21977723 1.27979708 1.24602592 1.19369054 0.729044914
    0.818366528 0.705141127 1.5344907 0.950532556 1.00713384 0.745060802
    0.889558077 1.49811363 1.71350956 1.14215124 0.841936886 1.00341249
    1.16910088 1.40678966 1.45499206 1.33952737 1.21876025 0.649944127
    0.953757346 0.709799528 1.28228545 0.992228925 1.67464352
    0.842321336 1.00155592 0.741481364 1.6499145 1.4706012 1.23343039
    1.21254528 1.68509281 1.12137032 1.66915691 1.61344242 1.21018887
    1.38107896 0.935245216 1.25124288 0.809363127 1.33439982 1.42173529
    1.35322249 0.937822878 0.65312475 1.35888517 0.645183265 0.891085088
    0.86758256 0.662007749 0.960007131 1.12444866 1.51831269 0.997683525
    0.66878432 0.810468793 1.10302746 0.968161941 1.40558827 1.19828415
    1.51718342 1.70629811 0.960785925 1.15745509 0.74065119 1.24477112
    1.69565856 0.947091997 1.13944018 1.0592854 1.3295275 1.60768878
    0.835372388 0.698115408 0.849303842 0.949706376 0.790570855
    1.35812247 1.10498691 1.66543925 0.873817801 1.15907514 1.15893257
    1.5135622 1.7018472 1.45458841 1.78769219 1.29130948 1.46222889
    1.65924704 0.96005559 0.991721094 1.66229475 0.784519494 1.1920166
    0.918830872 1.75118172 1.62031341 1.46434224 1.6673944 1.64045453
    1.69195521 0.944111288 1.53015244 1.6386317 0.802736998 1.56412435
    0.890130281 1.22931945 0.690858305 1.31006229 0.720012307 1.20980287
    1.03018916 0.839114249 1.68529022 1.60482001 1.50323105 1.38940144
    1.63094437 0.86006093 1.46509731 1.20658469 1.32547021 1.54593408
    0.9531883 1.30803037 1.59669757 0.74720794 1.29806948 0.912921429
    1.38231456 1.0601145 1.16252542 0.741959333 1.02744651 1.08630288
    0.709484875 1.01427436 0.728286743 1.29746938 0.774183691 1.24324489
    1.33211422 1.57512283 1.05640996 1.34553754 1.52474308 0.93601048
    0.817111075 1.42208588 0.943419218 0.882855713 1.3391304 1.48603237
    1.47604692 1.1751188 1.56931019 0.94425869 1.10990357 0.763949335
    0.790642917 0.921306729 1.67286336 1.65592015 1.02549195 0.663808823
    0.885697901 1.42337024 1.29012918 1.14335275 0.645387411 1.56952417
    0.759321749 1.06872094 0.923723638 0.791109443 0.81946367
    0.787139535 1.40395033 1.62666941 1.364048 1.55332828 1.01246309
    0.971231341 1.13648307 1.62257206 1.55042279 1.21979845 1.29549384
    1.1519506 0.999908686 1.57009709 1.61396515 1.15286672 0.924870133
    1.03853667 1.50220573 1.29825044 1.59602892 1.05668414 1.11357296
    1.19643211 1.20414698 0.701864481 1.18287289 0.833801806 1.02818739
    1.46314228 0.834278703 1.29992199 1.13230217 1.44883382 1.55929887
    1.44585276 1.68264449 1.10745466 1.69886982 1.03876162 1.34926271
    1.22733104 1.50704885 1.20499015 1.33436835 1.52399623 0.820828795
    1.22974467 1.62765133 0.831184626 1.64807105 1.13981676 1.66707909
    1.43547928 1.31703365 0.852406144 1.63213038 0.836504638 1.61196268
    0.944455564 0.723774493 1.47846937 0.701826274 1.40784764
    0.791624784 1.64817238 1.39061368 0.789959311 1.23860466 1.55126393
    0.930770814 1.25547242 1.43159068 1.54381597 1.5918417 1.53908563
    1.60357356 1.64221621 1.37924886 1.06708515 0.747208953 1.0294596
    1.00693524 1.62040532 1.70980859 1.55478597 1.24230194 1.24471211
    1.68057287 1.58379924 1.60909247 1.60952985 1.0713923 0.722679496
    1.07418883 1.19288051 0.683725178 1.44672203 1.24963927 1.64092636
    1.14458883 0.910417676 1.01732314 1.45692277 0.936207712 1.40377164
    1.00615823 1.51785088 1.19189692 0.907376468 0.76932925 1.47527885
    1.41262627 1.14435184 1.20651698 1.59250557 1.12502611 1.11028373
    1.42570043 1.27026284 1.30554605 1.40360522 0.882000566 1.15062642
    0.869972229 1.24476206 0.971765161 1.07047606 0.634419858 1.2592895
    1.19770145 1.51472163 1.25321269 1.36378491 1.45385039 1.50614119
    1.05985558 1.67095983 1.07529593 1.48671627 1.56215167 0.988212049
    1.44666922 1.14646316 1.1848805 1.61631358 1.01146889 1.00015068
    0.709697425 0.656108618 0.969103456 1.10983467 1.06674874 1.53147924
    0.884047151 1.21536744 1.06359363 1.60805452 1.31585813 0.749033213
    1.20641255 1.13277948 0.890250802 1.59909046 1.02731812 0.903071225
    0.952775061 1.54484212 1.64503562 0.793198228 1.21310055 1.17821229
    1.47066653 1.67252302 1.78187442 1.74685371 1.28504038 1.38988566
    1.45622599 1.1521548 1.28506339 1.08049369 0.86093241 1.32387495
    1.10383892 0.766378284 1.06063557 1.39727366 0.616989732 0.583269894
    1.14012003 0.633815646 1.11706018 1.05038166 1.16378677 1.39269543
    1.63176119 0.994403481 1.52265573 1.44274104 0.948298454 0.873394072
    1.17689502 1.16949344 0.866361737 0.720517755 1.13005555 1.66140056
    0.810020924 1.0208478 0.931567013 0.686618209 1.11300921 1.26712883
    0.750539482 1.46615934 1.20533907 0.847238243 0.845565736
    0.689652026 1.36396146 1.39939559 1.69276667 1.29347897 1.58900774
    1.57983565 1.19267046 0.960641325 1.22078216 0.73553437 1.31268525
    0.757041454 0.85099721 0.967802405 0.693808913 1.34526145 1.27739465
    1.40629315 1.22518396 0.931072354 1.45366013 0.793624759 1.51987565
    1.10265326 1.28808379 1.60516155 0.750833452 0.927105904 0.999846101
    0.609496891 1.2340107 1.58488798 1.55360782 1.11255884 1.08212125
    1.59707499 1.26451135 1.51621306 0.753804743 1.38128686 1.31728101
    1.05953157 1.51948094 1.53248775 1.60518527 1.18804586 1.45300949
    1.47907877 1.26649129 1.06281769 0.739201665 1.01581717 1.38386583
    1.50999248 0.685811937 0.766364634 0.986069024 0.806583107
    1.29230058 0.65690583 1.43609309 1.5090729 1.05124795 0.719848156
    0.928054273 1.6324271 1.36750591 0.907557547 0.838467121 1.06702447
    1.33062243 1.20171821 1.46719921 1.71078706 1.43840873 1.03745377
    1.63585806 1.53857946 1.22990441 1.20355105 0.808376312 0.87929368
    0.711051762 0.990775824 0.715258896 0.836499214 0.967358291
    0.874418259 1.6966145 1.2764591 0.774843216 1.57450628 1.71419299
    1.13807833 1.31985605 1.57594419 1.26889801 0.86797446 1.39153111
    1.39488745 1.09671426 1.28955972 1.48158097 0.813821614 0.974832773
    1.05726552 1.06042063 0.875752747 0.744230986 1.23453391 1.69980359
    0.761942327 0.77508992 1.16738224 1.22770464 1.52295029 0.934406817
    1.15552151 1.38540006 1.21741879 0.75544101 1.21245873 1.47172797
    0.841843426 1.29513443 1.40508068 0.730600953 1.11386228 1.26501048
    0.627310932 1.18972337 1.30960035 1.10819566 0.993013263 1.38151622
    1.46113968 1.46970665 1.20684302 0.918434858 1.56610477 0.748280108
    1.52148235 1.20042336 1.35794675 0.97511512 1.14886677 1.1640954
    0.959095418 1.67841196 1.45417273 1.05038965 1.27285194 1.43849015
    1.18094349 0.946963608 1.41686523 1.13762581 1.20604634 0.693912446
    1.12060213 1.13140106 0.687707305 1.33146191 1.4691155 1.43625498
    1.01835763 1.11338627 0.95006907 0.745145082 0.754947484 1.16299736
    1.51203597 1.6678592 1.00821877 1.47026646 1.40211749 1.17410171
    1.32769775 1.75342643 1.49335122 1.63186002 1.33420002 0.722544909
    1.22068262 1.18677199 0.951981664 1.29607344 0.981551707 1.04288733
    0.80995512 1.24363196 1.28292847 1.16467285 1.16209483 1.57856286
    0.716845751 1.44140911 1.10246181 1.31194043 0.752042413 1.03672922
    1.47071123 1.30565596 1.49851584 1.46971869 1.6549499 1.69049299
    1.63511634 0.936494052 1.04978561 1.54990482 1.37714505 1.65061164
    1.35269928 1.36572611 1.61393476 1.31563175 1.50982738 1.52748358
    1.33811665 1.16807866 0.575258553 0.79870671 0.647799313 0.939608037
    1.36896455 0.71471864 0.798862338 0.836638808 0.976411879 1.08347905
    1.66769862 0.897460401 1.17577219 1.21686947 1.04585397 0.698452592
    1.33038509 1.31589544 1.55103242 1.15170574 1.08983648 1.41448152
    0.904174685 1.01400268 1.1527344 0.715254903 1.04125297 1.20538545
    0.895990849 1.60498559 0.706503391 0.763633907 1.26704884 1.3744477
    1.46346974 1.09573829 0.989977896 0.820867598 1.58372915 0.951635003
    1.73975682 1.06272852 0.921953678 1.33240032 1.201756 1.37447739
    1.05698729 1.03970122 0.77850014 0.939717352 0.890182078 0.736872196
    1.60831809 1.29072785 1.06759059 0.808823645 1.54810345 1.61473954
    0.704046249 1.0358125 0.791268528 1.160025 0.878630757 1.03510785
    0.905599535 0.659068167 0.730371892 0.997741461 1.01688254
    1.30288434 1.42982304 1.45598304 1.3150928 1.21232057 1.47414267
    0.82107538 1.15263534 1.23983788 1.11958647 1.10300601 1.66562068
    1.03282762 1.03526115 1.65531838 1.45008385 1.33319044 1.68015921
    1.27976513 1.57727456 1.20518124 1.11875021 0.825864792 1.22834265
    1.34913373 0.953102529 1.18378925 0.909282625 1.65143025 1.17032874
    0.918930113 0.806295455 1.10485685 0.846069694 1.31489992 1.27569687
    1.44173539 1.57755852 1.4885515 1.58456433 1.84056377 1.25535107
    1.79538524 1.75781846 0.915670633 0.884346426 1.40064001 1.62143302
    1.50817692 1.47616303 0.894724369 1.15831029 1.22433102 1.67378795
    1.29331648 0.956300676 1.19920766 1.02364087 0.845623195 0.953757346
    0.886043489 1.54238009 0.950338781 1.05201328 0.686261892
    0.762496829 0.824058771 1.24446118 1.66824973 0.991969526 0.72011131
    0.985365033 1.24804997 1.65947545 1.3646543 1.59805357 1.40990615
    1.42945802 0.823563516 1.62991285 0.820871472 1.52168131 1.05700171
    0.662178636 1.44883955 1.29639018 1.03540421 0.987827778 1.3939054
    1.44406796 0.715542376 1.5116756 0.893123627 1.55120802 1.16968286
    1.17285073 1.47469246 1.31444442 0.821810484 1.53886127 1.45634055
    0.940452933 0.839868069 0.935577691 1.62472701 0.7301898 0.737799823
    0.885652542 1.18158448 1.33236217 1.67053437 1.41069341 0.956685007
    1.27802157 1.18996596 0.725561261 1.33220232 1.19862378 0.714624822
    0.870456755 0.986534774 0.722386479 0.713470757 0.664726675
    1.00244248 1.5482012 0.935055017 0.785727143 1.27308595 1.5574888
    0.686486781 1.14858305 0.701295137 1.49681997 1.20591927 0.957163155
    1.31949365 1.26886082 0.965795159 1.48720348 1.08494997 1.12488222
    1.58190036 1.26729453 1.39875293 1.19114435 1.42661953 1.23021257
    1.18513715 0.839791059 0.653471351 0.885481775 1.25125384 1.54840767
    1.50592709 0.768131673 1.4545846 0.813318849 0.991246104 0.994743943
    1.09362459 1.40689981 1.18850923 0.918131828 1.48739517 1.02755022
    1.59656572 1.31393099 1.36027372 1.22965217 0.94186461 0.944229245
    0.952848911 1.45784485 1.1145575 1.32961321 1.76575255 1.63402748
    1.00855196 1.47672796 1.54826736 1.44539011 1.22491491 0.773064852
    1.46020114 1.29235327 1.58976221 1.18267119 1.43086898 0.678462267
    0.650966585 0.758635581 0.654779136 0.742791891 1.11441088
    1.57581234 0.813883364 1.25710404 1.45185649 0.739754915 1.20214808
    1.66964233 1.63693023 1.65170133 1.39354146 1.52804136 1.58539557
    1.40066528 0.897411823 0.680714488 1.58418322 1.06043744 1.6113255
    1.29023242 1.0451684 0.655269682 0.598938048 1.05384946 1.25633276
    0.648163259 1.34404421 1.28797972 1.32012033 1.19334269 1.19786823
    0.772637725 1.07234693 0.730593622 0.816362917 1.29666913 1.01918221
    0.783756673 0.662543893 1.02486694 1.56286776 1.3501122 1.39100838
    1.35973549 0.924675286 0.701461077 1.58970654 1.55687237 1.03444517
    0.955646694 1.3907423 0.993958771 0.764466107 1.06324852 0.722692609
    0.746091306 1.19584012 0.955000401 0.939192355 1.46180713
    0.635479927 0.922432065 0.986022472 0.854857564 1.07801163
    1.44864023 0.746767104 1.40541363 1.68196011 1.10049045 0.830492139
    1.48430061 0.744411469 1.24127364 1.70265853 0.981588244 1.17198217
    1.57330465 1.22148633 0.893318772 1.64798069 0.678459227 0.843938529
    1.60464025 1.60484183 0.917765975 1.04880285 0.690474331 1.27488482
    1.30380392 0.848752141 1.63005531 1.06330132 1.49340165 1.17425346
    1.10322011 1.3091687 0.886218309 1.20460367 1.4166044 0.808254123
    1.29991937 1.595397 0.879905701 1.51061022 1.66590667 1.47816026
    0.866599023 0.875627756 1.22196317 0.866241992 0.79871279 0.94021064
    1.40459752 1.57472706 1.2455374 1.68198478 1.41464591 1.53328156
    1.27349055 1.29185629 1.06936502 1.21031237 0.980969012 1.17960167
    1.65298152 1.47853351 0.857074738 1.29167342 0.752343476 0.77834481
    1.42729783 1.15418994 1.22634637 1.41073394 1.37631559 1.28978908
    1.28201723 1.51284564 0.772510469 1.17495632 1.62703991 1.35533679
    1.42981112 0.883811235 1.15452671 1.16082931 0.963625669 1.32643092
    1.50368321 1.31237614 1.01766336 0.906947494 1.15053535 0.706521392
    0.838829577 1.25704634 1.05668819 1.45222449 1.5945344 0.972382188
    1.10850823 1.15460932 1.6166451 1.56150377 1.33138692 0.702493429
    1.40607071 0.73260498 0.794778585 0.760863483 1.44803882 0.916146994
    0.746591866 0.764234722 1.54872417 1.58830059 0.911156654 1.631971
    0.981704593 0.851965845 1.10101628 1.1847918 1.24176121 0.768839598
    1.1890527 1.19152296 1.49121487 1.11712742 0.952708006 1.02014923
    1.5663687 1.58191884 0.724842906 0.762398839 1.35575294 0.754678309
    0.955932856 1.351825 0.785289109 1.12688577 1.10834551 1.46083724
    1.72090888 0.793630719 1.50498712 0.857798219 1.43397808 1.55070806
    1.41738355 0.746872663 0.894360721 0.698663175 1.48579168 1.22277105
    1.56796479 0.991758347 1.45895052 0.677316248 0.929233193 1.13190293
    1.33621073 1.20596766 1.24253321 1.15778959 0.663181305 0.916365623
    0.775877059 0.784861743 1.5519135 0.697517812 1.58189929 1.58268023
    1.20646095 0.962766111 1.70163321 1.71829748 1.76664841 1.76391542
    0.845644772 1.14598739 1.11780584 1.73411012 0.723757446 1.16562784
    0.662348151 0.65491581 1.34629405 0.572335541 0.694376469
    0.981918931 1.01670206 1.09018624 0.786363184 0.570723593 1.19527471
    1.26933956 0.615295708 1.1839062 0.722918391 0.851202428 0.825529814
    1.60905194 1.52514732 1.36389625 0.777274847 1.01258719 1.39170313
    1.23718071 0.907952309 0.999949217 1.29105628 0.780523837 1.56345487
    1.18133461 0.788202703 1.6165055 0.709074318 1.58415234 0.685562909
    0.714588165 1.61507714 1.34548938 1.57991505 1.0811646 1.54737747
    1.69733071 1.58343685 0.829875171 1.50738657 0.888630331 1.52362084
    1.35071862 0.668679893 1.12196982 0.92690587 1.36225629 0.698800802
    1.14411843 1.07571864 1.53793013 0.753007233 0.820581436 0.876299381
    1.35598886 1.59660816 1.55122757 1.71233952 1.73625684 0.918577254
    1.20242727 0.862389326 0.992136717 0.897855401 1.28194976 1.34364462
    1.07449472 0.615699351 0.677661002 0.715993404 0.889775574 1.2827487
    1.43052506 1.58612573 0.751001775 0.794217169 1.23789847 0.797023058
    0.632660925 0.916635036 0.975768924 1.35515475 1.59507298 1.23780799
    0.933856428 0.717656434 0.956067502 1.29061842 0.943470895
    1.58285153 1.01770175 1.28351879 1.00730586 1.16292596 1.23792922
    1.53633368 1.31786311 1.53844655 0.852381408 1.47493613 1.11460686
    1.06603003 0.770215154 1.60940552 0.797423184 1.10895073 1.18989384
    0.956556678 1.5421325 1.81535983 1.58150136 1.6094023 1.48567903
    0.928035796 0.912572324 0.929474056 1.1905067 1.63482654 1.01242328
    1.28546906 1.29502571 0.797623754 1.01838803 0.963296056 1.65246964
    0.931822419 1.59443617 1.18843925 0.994972765 0.800239742
    0.907228053 0.843696833 1.10342264 1.35931742 1.27705872 1.05283678
    0.920662761 1.34816575 1.51919615 1.54555357 0.922256649 1.24944961
    0.797675312 1.10182631 1.32509708 1.54604447 0.954635084 1.03330791
    1.45197856 1.27895772 1.46543419 1.56094658 1.13133705 1.55019605
    0.848493218 0.928183854 1.29020047 0.814986289 1.30152714 1.34143984
    1.26764691 0.945187211 0.800200045 1.36928856 0.923431993
    0.841045499 0.971786857 1.24084878 1.31953526 1.08974802 0.990652561
    0.735880792 1.1181277 1.37798214 1.25742924 1.62847173 0.926197469
    0.902210891 1.00863767 1.10874581 0.918450475 1.52246833 1.59792924
    0.966276467 0.996624172 1.50487578 0.992205024 0.982386589
    0.955898643 1.22699773 1.49317431 1.36208463 1.4287008 1.3708564
    1.40764618 0.932446241 0.749404013 1.49214065 1.42697978 0.947171926
    1.68662429 0.770536542 1.26438046 0.879007638 1.32812703 1.62481642
    1.40592813 1.60996985 1.05225885 1.47730994 0.772043109 1.55603373
    1.06856525 1.50059342 1.47991192 1.32380223 1.44914198 1.46965361
    1.13579333 0.952067256 1.57638454 1.1143887 1.52266979 0.786408484
    1.21299481 0.877975404 0.898601949 0.876187086 0.91313225 1.10318708
    0.704807162 1.17703855 0.96856457 1.16038728 1.25627387 1.54370165
    0.772003829 1.05755246 1.00872624 1.56469703 1.21303785 1.73973143
    1.46109974 1.48238814 1.09630954 1.68056023 1.27005768 1.55489695
    1.3291806 0.695074618 1.03900933 1.3044349 0.703292847 0.863504112
    0.549885154 0.918316483 0.934891045 1.37560284 0.567520916
    0.729464591 1.27771974 1.21217072 1.17703879 1.07783461 0.98470062
    0.655111969 1.37677515 0.778484046 0.998666048 0.893986344
    1.60581899 1.43375456 0.712723315 1.00567293 1.67507029 0.933954716
    0.842281401 1.44011712 1.60966015 1.5431596 0.965815425 1.43349934
    1.45728433 1.15610635 1.3001157 1.04905283 0.936103165 1.045331
    1.29593086 1.30565369 1.73738611 1.5975095 1.70102155 1.71867633
    1.22517264 0.981250346 1.24431694 1.24005675 0.943608642 1.35047734
    1.55773389 1.4617672 0.943639517 1.16916215 0.893058836 0.918605685
    1.04506826 1.52704346 0.809216261 0.793219924 1.29398203 1.73723853
    1.26237273 0.953386903 1.25689983 1.49370182 1.17007589 1.25376952
    0.795317054 1.10861719 0.884387851 0.892263412 0.995782554
    1.37536359 0.680345654 1.29142272 0.993336082 1.36825156 1.2630415
    0.868717849 1.02521408 0.940220833 0.73652631 1.54588437 1.07397187
    0.991914749 1.18863678 1.49546158 1.58149636 1.22567058 0.847044945
    1.1399672 0.755702078 1.33331525 1.61353695 1.22752178 1.12143409
    1.00806975 1.12922931 1.26804721 1.18668139 1.37355447 0.840233088
    1.63267505 0.879194617 1.14707482 0.718364775 1.34277785 1.62104774
    1.19987953 0.774053514 0.993796468 1.49464273 1.48900092 1.52841449
    1.21947145 1.32294297 1.72004974 1.58565593 1.50545347 1.19441223
    1.41930807 1.12127197 1.42187154 1.59467602 1.49998331 1.56901395
    1.09401667 0.945483148 0.781438351 1.17320681 1.60211766 0.799431622
    1.27705789 1.22130013 1.22586703 1.34120095 1.6279664 1.40113258
    1.62798274 1.45660782 1.52980542 0.975509703 0.972230017 1.65268099
    1.5340873 1.42810774 1.10911953 1.5426898 0.908616006 1.5774591
    1.32841599 1.39982903 1.16292739 0.781350434 0.819521606 0.798449218
    1.2214818 1.4074837 1.54220152 1.31731236 1.04925656 1.22808802
    0.691995859 1.41989243 0.917143166 1.25651205 0.626355827 1.58859491
    0.759755135 1.3701998 1.02933347 1.53394556 1.50263584 1.18586338
    0.665242791 0.768149257 0.721376479 1.24454951 1.25321746
    0.647791505 1.37168121 1.36443293 1.41602707 1.71798718 1.24302804
    1.13653517 1.71168792 1.74149191 1.39465773 0.798262656 1.53530157
    1.21836591 0.753677487 0.772755384 1.04940426 0.766691864 1.29941487
    0.93434155 1.28225148 1.14782846 0.884683251 0.931368947 1.57844639
    1.05274034 0.941824257 1.33957577 1.62945807 1.52679121 1.6565069
    1.65963328 1.19680369 1.28176212 1.29537368 1.66805863 0.811278105
    0.902998626 1.19653726 1.44068003 1.57483673 1.57024229 1.59129179
    0.816561639 1.37179542 0.798356473 0.99081248 1.29696953 0.795146286
    1.29202318 1.08133066 0.979303777 1.40579271 1.5472151 1.17953777
    1.27524149 1.56922543 1.23712623 0.85667038 0.713249505 0.810944021
    0.948748887 1.14960182 1.6389581 1.18140447 1.44449735 1.61804557
    1.34831107 1.42988455 0.981162369 1.10744071 1.10632503 1.72788513
    1.05616331 1.524575 1.50664294 1.12690723 1.42877018 0.86869204
    0.931391835 0.707963407 0.553105652 0.905213475 1.33547556
    0.954027951 0.64015764 0.7330212 1.58415461 0.655308783 0.570584476
    0.664975464 1.30210245 1.57992077 1.27094674 0.714823484 1.44837415
    0.711350024 1.03940976 1.6472863 1.32757652 1.06138945 0.663723588
    0.885926902 0.787726223 0.919388592 1.6151011 1.55724907 0.870749772
    0.974135578 1.29023337 1.30734062 1.00011873 0.995648742 0.757859766
    1.33985484 1.24359357 0.78566891 1.37847936 1.66558349 1.40440273
    1.30264843 1.39025033 1.3018117 0.965120077 0.982302785 0.903967321
    1.19907868 0.934715152 0.989896476 0.952739596 1.53493702
    0.640531957 1.42436409 1.55558038 1.22779739 1.14460599 1.60563862
    0.784300923 0.792864621 1.56659746 1.70147765 1.54748046 1.64806139
    1.66149437 1.42760253 1.03200662 0.778880894 1.25716496 1.40016615
    0.910364151 1.14785349 0.861217976 1.33249092 0.983693004 1.4013027
    0.912156284 0.971185565 1.03564394 0.710312366 0.936121285
    1.47089326 1.26339889 0.959614098 1.41405988 1.04332507 1.07457137
    1.57808125 1.0792532 0.953636229 0.997933626 1.46799636 1.07710755
    0.796410799 1.37849557 1.59064519 1.26643527 1.25868309 1.56260335
    1.22738969 0.980090976 0.91328305 0.921799779 1.17360377 0.846671283
    0.865503609 1.38292027 1.17089593 0.97991544 1.43780828 1.57604098
    0.806119263 1.2576257 1.54621792 1.5970664 1.08202875 0.964896202
    1.16511118 0.802433193 1.54304993 0.67720145 1.57651091 1.34600091
    1.65632868 1.06940687 1.0717063 1.46428204 1.58435452 1.15197766
    1.17592371 0.801196039 1.32092977 0.756283343 0.930722296 1.22284913
    1.5830791 0.916470349 0.734399796 1.22896099 1.34953749 1.23997808
    1.54676676 1.26285076 1.58546698 1.4587357 1.4649986 1.30401552
    1.26922619 1.39198112 1.50891018 0.957305133 0.871308625 1.66208768
    0.981125355 1.28973103 1.2990917 1.14355373 1.73402441 1.29846334
    1.41344857 1.41519868 1.46449244 0.735350966 1.21222699 0.649512351
    0.668964982 1.21954191 0.917065203 0.70789659 1.64766359 1.12654543
    1.51684487 0.790229619 0.88206321 1.36234796 1.12743402 1.00037563
    1.58346188 1.55492604 0.720420897 1.18730068 1.59666359 1.55415714
    1.00869715 1.69403005 0.801559925 1.17055845 0.970157266 1.64365435
    1.67953968 0.690316319 1.5731039 1.56863248 1.25481713 1.71505618
    1.2322892 1.12429559 1.30028963 0.783395231 1.14724374 0.988794923
    1.13820136 1.03875399 0.965193093 1.68580019 0.709085882 1.05994141
    1.61943579 1.09283185 1.56361043 1.36114359 1.50777531 1.07784557
    1.12649584 1.49568009 1.08357894 1.43383038 1.28883445 1.3190062
    1.03841388 1.61705542 1.12228394 1.13056505 1.69528043 1.16103733
    1.20187187 1.29949832 1.00226498 1.03676486 1.16233385 1.18852353
    1.39667976 0.753153741 1.0079689 1.11122513 0.759511232 1.4128294
    1.06502283 0.759526491 0.783135295 1.15934408 1.18365145 1.47796416
    0.97090596 1.66364586 1.58423293 1.11857581 1.49686205 1.14118338
    1.5747087 0.670443416 1.15517402 1.12609279 0.959435284 1.08079994
    0.835422635 0.664906502 0.868693829 1.2971679 1.33187747 0.598528028
    0.909212708 1.59547341 1.58080852 1.00085783 0.872667015 1.5440253
    1.01589537 0.633518577 0.674451649 0.654145181 1.03828216
    0.905106366 0.739111304 1.17681503 1.50504291 1.18065643 1.59809315
    1.1247021 1.30483353 1.64204597 1.12109029 0.974736512 1.16697395
    1.38316393 0.919232905 1.15767407 1.50376773 1.04146469 0.837933421
    0.794270515 1.12580717 0.918610871 1.38428712 1.06353021 1.43433416
    1.63586044 1.08169734 1.37610543 1.41793609 1.71769118 1.08070445
    0.982921839 1.1568054 0.966474831 1.02584302 0.686801314 0.812783182
    0.808622539 1.34745276 0.659058511 1.39636374 0.76988858 1.47918987
    1.6012671 1.45043814 1.73067951 1.64646196 1.69751894 1.06914103
    1.58364868 1.5261749 0.971961975 1.6530323 0.847710013 1.62788141
    0.715334713 1.24612796 0.835009158 0.829272807 1.03005373 1.41311371
    1.28287339 1.63224876 1.09378064 1.23427331 1.11668372 1.03233016
    0.736669481 1.36797345 0.740698576 1.17478347 1.09704077 1.5427767
    0.877998471 1.35988665 1.47517979 1.13361144 1.3898474 1.69627869
    0.883612275 1.5674088 1.00041389 0.923555255 1.33981013 1.65632021
    1.07650137 0.849601865 1.31694233 0.985545278 1.43169451 1.52123177
    0.767703056 1.12503994 0.660851598 1.63712215 1.56874895 0.73252809
    1.20593095 1.00166357 0.678800404 1.04187441 1.36688864 0.707939863
    0.797632992 1.45748663 1.16651392 1.68056524 0.992149949 1.19855142
    0.981770456 1.36305976 1.52044582 0.905341625 1.39487875 0.886794865
    0.964752913 0.828606963 1.44589245 0.860950053 1.07483411
    0.691190064 1.36026955 1.37033427 0.809965491 1.40780365 1.72270155
    1.55775285 1.45354927 1.57899952 1.26338589 1.26718283 1.42976665
    0.815560997 1.25991857 1.4664501 0.987602055 1.44482052 1.51747429
    1.19436967 1.60077691 0.981456935 1.50180447 1.09446037 1.39635777
    1.20402658 1.08668947 0.873177528 0.746330142 1.37586904 1.35086024
    0.957207143 1.51000261 0.636497676 1.10007858 1.25300372 0.592366934
    1.19037306 0.626358867 0.98591733 1.40282774 0.826626301 0.854790151
    1.08718252 1.1718663 1.39876401 1.45353043 1.16280282 1.58513486
    1.67336583 1.6997112 1.49678552 1.51543665 1.00411332 0.86209321
    1.30487931 0.750806272 1.4013412 1.40349436 1.35992634 0.906674266
    1.20977426 1.58551896 1.53818369 1.43610668 1.58920503 1.65402234
    0.822535872 1.09595335 1.64793503 1.69606376 1.06984556 1.24610329
    1.24226511 1.19946599 1.42023218 1.42897308 1.44443202 0.747006238
    1.59232295 0.821917713 1.57853258 0.933028877 0.862204611 1.12370205
    1.36354411 1.51125407 0.978649199 1.06321657 1.13162041 0.901009977
    1.30981481 1.30622172 1.15143955 1.47936237 1.03922462 1.18686199
    1.11412561 1.436993 1.2612009 1.19272423 0.641711652 1.45320511
    0.769144118 1.65719914 1.58473361 1.59671998 1.40674746 1.0544579
    1.24550855 1.60695374 1.612571 1.39839351 1.68346465 1.17385781
    0.807433486 0.750896394 1.41109431 0.743470848 0.674091876
    1.29319179 0.995998144 1.36011863 0.697340429 0.87064451 0.736418903
    0.705788612 1.0275259 1.45914245 0.866650939 1.16637874 1.19662523
    1.18098688 1.40777075 0.989356101 0.76071763 0.707980871 0.804707766
    1.51097655 0.996481717 1.18462706 1.12200475 1.20195496 1.04275668
    0.899002016 1.57478476 1.45991433 1.68680167 0.85389775 1.10379994
    0.752139449 0.996091723 1.47133255 0.671751738 1.4303813 1.42892992
    1.1235044 0.896753371 1.083606 0.77127713 1.15198696 1.69094896
    1.38077557 1.79045022 1.63647366 1.28361928 1.66100371 0.761379898
    1.60589325 0.712922096 0.812928855 0.817360878 0.885128498
    0.684765995 0.931046128 0.781332612 1.01977241 0.975791812
    1.13323736 0.781989813 0.847931743 1.60805511 1.61609519 1.48694098
    1.62261879 1.70858932 0.7911762 1.0701052 1.59494102 0.923913002
    1.6631875 1.60084629 1.62068462 1.27353597 1.06082273 1.35092771
    1.21280468 1.07412291 1.10831249 1.29295957 0.921056569 0.712377906
    1.45170248 1.11062336 1.60032082 1.33148205 1.64284956 1.53062844
    0.882878482 1.01104379 1.48923099 1.66077411 1.72793484 1.33549726
    1.32242417 1.75391877 0.821042359 1.05917037 0.81457895 1.38870704
    1.52422702 1.68666446 0.748052359 1.53013599 0.883203506 1.64459836
    1.42098546 1.64073443 1.33073926 1.25268948 1.23108721 0.773368359
    1.38717127 1.18525147 1.03460658 0.965665698 1.29038382 1.54168737
    1.24740839 0.9290061 1.33395362 1.36072242 0.717642963 1.14953506
    1.03907132 1.03176069 1.51962173 1.5816915 0.854564905 0.731347144
    0.654647231 1.0527972 1.56244361 0.644399881 1.56183839 0.957043231
    1.20310938 1.12776589 1.55935657 0.817889631 1.49046409 1.00554109
    1.32620561 1.21167767 1.36183131 1.40988171 1.51445019 1.76870143
    1.17988193 1.19880533 1.71158874 1.66064858 0.737952828 1.13888371
    1.34098101 0.935419679 0.931989849 1.17063761 0.85552913 1.61952925
    1.42627013 1.63027811 1.32963073 1.21703529 1.50369561 1.52581716
    0.821704626 0.709753335 1.33997238 0.984191358 1.01518095
    0.846071601 1.04702401 1.11868274 0.678709447 1.17067957 0.933705032
    1.0181551 1.07360601 1.49434221 1.30517638 0.910615921 0.838286102
    1.51061547 1.72315657 1.35672235 1.30105281 1.77684546 1.76864839
    1.50709486 0.943475306 1.45811367 0.944085956 1.39616787 1.64812982
    1.56086051 0.981782496 1.46265781 1.35905242 0.862249136 1.18442738
    0.794267714 0.690478504 0.733723521 1.48447263 0.812817991
    1.66709769 0.751183331 1.69130123 0.863875389 1.14538133 0.898496389
    1.21184564 1.12135088 1.07789195 0.973489761 1.23591185 1.43106246
    1.1292671 0.955868721 0.765700817 1.03540123 1.58713853 1.14874291
    1.15091813 1.24051094 1.49126673 0.979070783 1.59628439 1.25059044
    1.1552881 1.55902231 1.476511 1.16949224 1.2366178 1.44943213
    0.953782558 1.4361496 1.11407185 1.43545651 0.767399311 1.0163579
    1.61440718 1.27435851 1.25208986 0.984709144 0.894116879 1.11072445
    0.945458233 1.24548209 1.26702905 1.57466722 0.852751434 1.20535183
    0.923345089 0.723961413 1.5110178 1.20260322 0.707262933 0.790605068
    1.05985069 1.57165861 1.24901485 0.7446509 1.47125494 1.18068922
    0.99323231 1.37936401 1.20710731 0.852994502 1.38368726 0.763492465
    1.52795887 1.53351068 0.995006382 1.32310116 1.62178791 1.04712582
    1.12217474 1.41088223 1.5334264 0.719872594 0.843196273 0.702436566
    1.32452202 1.32907724 0.824922681 1.58376217 1.21240592 1.05760634
    0.981712699 1.29181921 1.13006997 1.16118014 1.3430649 1.58115304
    0.924580216 1.10839391 1.48011339 1.37470138 0.858669817 1.58218133
    1.47487736 1.12149107 1.60410726 0.931575656 0.946634054 1.57503164
    0.83780545 0.573251009 1.28036928 0.736575425 0.885501325 1.5995729
    1.58607578 1.27359259 1.40941894 1.04178941 0.935807467 1.52817392
    1.71256769 1.49137414 1.54636014 0.975191832 0.981582642 1.68857157
    0.913984299 1.60904825 0.907965302 1.41407955 1.47154057 0.987812877
    1.65056062 1.50826967 1.12469494 1.57965481 1.08433974 1.06362498
    1.1114316 1.2181102 1.2695055 1.35007024 1.40480387 0.988033772
    1.23327971 1.36397254 1.39211309 1.21064699 1.18548679 0.861731172
    1.68333828 0.863509297 1.3914398 1.49577844 1.75791252 1.72581136
    1.08034074 1.12560594 0.840774655 1.39644229 1.57878518 1.05817556
    1.72131395 1.07254362 1.18645942 1.36541855 0.814576983 1.15412688
    0.717644751 0.99224174 1.37822354 1.04393423 0.744168282 0.609580636
    0.634888947 0.600034952 1.4031626 0.988273621 0.693483591 1.41697109
    1.67089605 1.39140701 1.48602402 1.54418802 1.52959073 1.29643381
    1.07079005 1.01569092 0.641070366 1.52759671 1.60652637 0.753563464
    1.02782965 0.891567349 0.882680595 0.719670355 0.978879035
    0.856605172 1.36226869 1.18550491 1.67877102 1.21424723 1.4112134
    1.71490967 1.44941306 0.916097939 0.801159322 0.782553673 1.39393616
    1.32582724 1.53807783 0.998809218 1.5710454 1.63173831 1.33538938
    1.37218285 1.17976725 1.20616329 1.07767856 1.14813864 0.816934764
    0.801282287 1.06339037 1.42114556 1.46586955 0.940130353 1.6198293
    0.952937186 1.36687887 1.48027039 0.733815551 0.884812713
    0.904946804 1.35233963 1.30887318 0.863236368 1.16074908 1.20890296
    1.36756182 1.12623489 1.67388904 1.200773 1.20647502 1.57731342
    0.915207565 1.05751204 1.44969058 1.47837567 0.818706214 0.985259175
    0.978444278 1.56322968 1.18088341 1.14215147 1.091833 1.69276953
    1.540676 1.35461867 1.60230768 1.71087587 1.12343347 0.790374517
    1.5983386 1.51583862 1.11275637 1.21448398 0.845228195 1.56755364
    1.6238929 1.14421463 1.21702063 0.90238589 1.03393686 1.04460132
    0.880875468 1.64106572 1.50953448 1.15105391 1.46203911 0.771203637
    1.05032516 1.70733762 1.18526375 0.87870425 1.58814275 1.59558868
    1.56188691 1.08238792 1.52181947 1.68818593 0.715796053 0.810608745
    0.713865638 1.28218484 1.07706869 1.63010919 0.817824364 1.04540253
    1.38393009 1.4029175 1.36428249 1.15600944 0.839552581 1.6200583
    1.05929041 1.17755616 1.43380129 1.14124799 0.771832526 1.03135884
    1.13488162 0.969556451 1.15463245 1.61337376 1.63440478 1.30145395
    1.39310968 0.764039814 1.16250062 0.716638327 1.49254227 1.29394579
    1.18474507 1.47478735 1.6076622 1.333722 1.17016709 1.44516432
    1.24711001 0.986309767 1.08547068 1.42770183 1.4673624 1.4330231
    1.06371748 1.36737812 1.59350371 0.943697274 1.70891058 1.72346246
    1.47860098 1.63823318 1.0346787 1.36216068 1.64433229 1.67119908
    0.894300997 0.737510443 0.9913643 0.712017119 1.17859221 0.85057193
    1.34230602 0.903589547 0.828326046 1.69127095 0.871889472 1.10259271
    1.29165387 1.66833746 0.953541398 1.43188715 1.22938883 1.11772108
    1.51730812 0.727256954 1.5443548 0.639829755 0.828423679 1.24456429
    0.90090698 1.06115389 1.67648625 1.49049449 1.56101763 1.74347973
    0.966409504 1.1568675 1.47475481 0.794798374 1.29506433 1.3665421
    1.12808204 1.67015171 0.967720628 1.59016073 0.922272801 0.87444514
    1.51296234 1.068501 1.02807796 1.18116903 1.67374003 0.802873373
    0.699335337 0.880972743 1.1590544 0.920058429 1.60824955 0.824383616
    0.995753884 0.944004953 1.20329034 1.53079975 1.7252562 1.66669548
    1.74215496 1.29894197 1.7436583 1.59319293 1.28926909 1.57102036
    1.13177633 1.35033548 1.53711712 1.37355053 1.75035071 0.812811196
    1.19241738 0.973242283 0.794330597 1.32696199 1.62046492 1.60755813
    0.853729963 0.742841303 0.914642453 0.55223459 1.46764255
    0.598839104 1.01267183 0.767365873 0.745233417 1.00773144
    0.874353945 1.3020823 0.873743713 1.59721661 1.24429202 1.62026584
    0.9347592 1.03362393 0.708197296 0.703879416 0.96038276 1.0018301
    1.11556923 1.31986082 1.56749773 1.244941 1.22781587 1.34928477
    1.21598291 1.41126263 0.697661638 0.876220047 0.862768769 1.48632503
    0.752195537 0.757205188 1.31239986 1.62389588 1.49034345 1.21049237
    1.4265213 1.61447728 1.32526994 1.65762973 0.972544968 1.55032504
    1.36355543 1.36288714 1.0486809 1.02662098 1.60804403 0.800682962
    1.42266989 0.787656605 1.55557668 1.39343095 0.79505986 0.712160647
    0.92162776 1.47356176 1.37250412 0.843577862 1.21650422 0.923665702
    0.717038214 0.968346894 0.776959479 0.790872157 1.36628449
    1.19202793 1.1214906 1.10075855 1.29260314 1.71006262 0.849658012
    1.31464171 1.28490603 1.19175851 0.885458112 1.5170511 0.939236045
    1.58109093 0.691292524 0.67846483 0.676616013 0.729333282 1.24208415
    1.5023396 1.5718255 1.23238611 0.939958334 0.979789495 1.54593241
    0.832633018 0.748370171 1.64093542 1.4434011 1.22393429 0.762883425
    0.814782798 1.34149623 0.682414532 1.41013336 1.14704216 0.856656492
    1.40337002 1.61723149 1.64979184 1.42876089 0.682002366 0.861209989
    1.39488649 1.10902762 1.08913386 1.50815785 1.54992223 1.70591211
    1.04127967 0.861106634 0.81936717 0.723131776 0.875416875 1.23073447
    1.60446429 1.40349746 0.763022482 0.944580376 1.28091753 1.32953799
    0.811270356 1.4912852 1.54819047 0.795192599 1.40257478 1.68239403
    0.810947597 1.51775956 1.59657991 1.08501506 1.42333448 1.62432325
    1.11716855 1.64333606 0.731314898 1.14674723 1.01822126 1.19423878
    1.47182715 1.06368697 0.918865442 0.859443069 1.00342798 1.39856541
    1.06917679 1.05038297 1.03175747 1.65965152 1.52090275 0.927816808
    1.28057206 1.3400929 0.763176978 1.06890559 1.15209305 0.918851197
    1.48712921 1.52038741 1.75460708 1.59304225 1.59438312 1.49686325
    1.06395054 1.51093745 1.22411048 1.02002716 1.38355958 0.823769629
    1.39740276 1.03592193 1.48926759 1.34849691 1.27634144 0.89864701
    1.32574415 0.903614342 1.1502732 1.33295369 1.21092749 1.34823108
    1.13293862 1.02009034 0.733429849 1.09831464 1.22868896 1.37863171
    1.00111485 0.826638639 1.20845544 1.19013667 0.770311773 1.38339543
    0.811495841 1.61263359 1.05602801 0.898899913 0.758975387 1.61865747
    1.01182628 1.25215685 1.32759082 0.825099289 1.31894231 1.39369845
    0.750056386 1.72317529 1.40470779 1.05788112 1.25941801 1.05390716
    1.55295527 1.53976929 1.41575384 1.1869787 1.5342195 1.09620142
    0.683254898 1.45965922 0.926760912 0.734456122 1.00926745 1.16411829
    1.22913694 1.1291281 1.15559816 1.28114974 0.985999286 1.46528518
    1.27419055 1.03976512 1.28787255 1.56994259 1.69569778 1.47659516
    1.1440208 1.60473144 1.37778592 1.12592328 1.74164283 1.48928714
    1.6491307 1.76509452 0.925155878 1.04847574 0.947713673 0.774453104
    1.4182235 0.809847295 1.35627389 0.62001878 1.54778445 0.932962239
    0.734691918 1.13372219 1.05899191 1.60625219 1.57735026 0.75280863
    1.13761413 1.1435951 1.53747392 0.955856383 0.814229786 1.25969684
    0.878279567 1.52084112 1.12252402 1.28368723 0.76361382 1.41478682
    1.2209003 1.64043832 1.55786562 1.1965363 0.988638878 1.14247692
    1.24539256 1.07027674 1.2540468 1.20430768 1.64452279 0.789267361
    1.50836229 1.6589514 0.690287054 1.1934216 0.94995898 1.55120778
    1.32133353 1.64276242 1.49891293 1.55101514 1.66520584 0.966450095
    1.43839383 1.71729982 1.62523544 1.59647906 1.53627074 0.932107389
    1.06757307 1.2131511 1.66628981 0.731929302 1.39939439 1.19525266
    1.34844255 0.974023998 0.980696321 1.31370425 0.959637105
    0.669256032 0.761598229 0.871852815 0.673412502 1.5112319 1.48415697
    1.61348999 1.25709617 1.37896764 1.63266146 0.929844141 1.45659268
    1.2887094 0.75722152 0.920479119 1.46478546 1.53385866 0.872524321
    1.44541883 1.38958335 1.29827106 1.51711142 0.826037169 0.877272367
    0.744137585 1.32695818 1.34608984 1.03671527 1.64447665 1.21273518
    1.49649251 1.22008288 0.84528923 0.854399025 1.40792358 1.22351074
    1.51854146 0.825154781 0.796682894 1.2144084 1.56958747 0.724522352
    1.29377949 0.924951792 1.04292285 1.43379462 0.882864773 1.03524685
    0.709496319 1.12846363 1.4981848 1.61195695 1.18500566 0.811234295
    1.08105659 1.3841157 1.18267906 1.62855482 1.1001662 1.01570451
    1.32551503 0.89517206 1.27696455 1.63829625 1.23374271 1.19521117
    0.844518721 1.40253282 0.766648233 0.971735716 0.959639192
    1.30055702 1.12026584 1.44707382 1.34427834 1.08231115 1.61665809
    1.53393328 1.18344116 0.886579394 1.16365159 1.33380437 1.34053206
    1.63622642 1.43101001 1.18737793 0.634872794 0.756391704 1.08690178
    0.747684181 0.843164921 1.68798435 1.56482756 1.02652693 1.39958823
    0.85557586 0.812147439 1.13778532 1.49179423 0.789533496 1.75582528
    1.69353902 0.851080656 1.58220971 1.24391866 0.734110415 1.21245801
    1.32339752 1.30434406 1.47087574 1.73604488 1.36054134 0.796387672
    1.62496531 1.57555759 1.44667208 1.17225277 1.38515377 1.56299627
    1.47818637 1.64062214 1.55953789 0.756249785 0.917769134 0.76597929
    0.752075315 1.07429993 0.840810776 1.61733043 1.20597327 1.19587708
    1.1649946 0.840392292 1.47606325 0.611611366 1.11628139 0.964998662
    1.61993444 1.51651585 1.2180419 1.66404128 1.66458845 1.47657597
    1.11319125 1.25934792 1.09984517 0.739606619 0.9087708 1.62769985
    1.0921787 1.67040896 1.19751775 1.45682275 1.7688843 1.14467251
    1.28406453 1.69145417 1.65687287 1.72815025 1.37779474 1.60309792
    0.648017287 1.38857031 1.39672506 0.656286299 1.07584262 0.859924972
    0.963352501 1.39274418 1.00479126 0.675023854 1.28023779 0.91905123
    0.805101097 1.48630643 0.968499124 1.07239568 0.958149493 1.55805266
    1.2282896 1.68162978 1.09564984 0.820311487 1.43556714 1.4992578
    1.63371217 1.52781165 0.827004135 1.35786116 1.08381057 1.4758302
    1.14502966 1.00178146 0.846151769 1.49307466 0.645830154 0.75330776
    0.565464377 1.16490602 1.16823614 1.05920887 1.59857976 1.48362994
    1.59313571 0.75016737 1.60700583 1.27478397 0.948646545 1.36623454
    1.36646235 0.842639983 1.7054013 1.62210441 1.52847946 0.830522537
    1.05148804 1.63658392 1.01105404 0.749028325 0.853256643 0.924603999
    1.48510826 1.4926703 1.24133039 1.233055 0.755797744 0.866181076
    1.2753551 0.888310671 0.696999252 1.51058853 1.00110626 1.00120938
    1.65636957 1.24876451 1.47988164 0.809114456 1.26471031 1.55333638
    0.905850172 1.12213671 0.810634494 1.11746049 0.95598644 1.46418047
    1.61241925 1.34198475 1.472911 1.63167369 0.741104722 0.959630728
    0.808518112 1.59771478 1.05313241 1.57721043 0.957518101 1.58801639
    1.21721935 0.650266886 1.24641728 1.12559974 1.25007212 0.727144599
    1.44249845 0.743925631 0.829787374 0.864179373 0.932391524
    1.15468681 0.97577709 1.19704676 1.11761367 1.48678792 0.908162296
    0.86228925 0.944839358 1.45740628 0.904061139 1.40782964 0.996383607
    0.991438091 1.12977099 1.19832027 1.51800728 1.3821677 1.09976494
    1.08167195 1.55466199 0.925643921 0.93190068 1.60710037 1.38552582
    1.48373568 1.01861751 1.45330274 1.24991727 1.3522433 1.54807985
    1.40415442 0.835251987 0.868045866 0.9554497 1.20253682 0.673763454
    1.44237578 0.905133188 1.4634037 1.54219258 1.3769393 1.30857038
    1.65243542 0.805246115 1.55102181 1.10631585 1.1529206 1.01965451
    1.61917281 1.21655118 0.851018965 0.738880396 1.35056233 1.08780265
    1.56401396 1.05473077 1.29356313 1.23900497 1.21221399 0.82761091
    1.68008411 1.24039578 1.08656371 1.03495371 1.43463874 1.45783699
    1.57493591 1.64890802 1.40037656 0.771794677 0.836253047 0.873711407
    1.21114504 1.41707385 0.828701317 0.647516549 1.05814302 0.902404606
    0.857582688 1.02520752 0.898983896 1.69599545 1.47645855 0.755200505
    0.872667253 0.841458619 1.33381295 0.949690223 0.857441187
    1.57212842 1.22290814 1.53248847 1.68681204 1.45484161 1.33863604
    1.25312793 0.985929072 1.32313275 1.78521872 1.35995138 0.952297747
    1.43979824 1.66848147 1.04547548 1.32691741 0.951100767 0.875629544
    1.06099927 1.32733643 1.44404805 1.49130499 1.27533877 1.59171867
    1.01265121 1.24745739 0.772148311 1.32581353 1.54718435 1.21690166
    0.774516582 0.977244973 1.2590282 1.18543196 1.60068476 0.869789183
    1.33034635 1.33245504 1.34524012 1.59114218 1.3228755 1.37979972
    0.850595832 0.883729756 1.0135833 1.31259942 1.07039082 1.57855141
    1.28624511 1.70835769 1.39008069 0.964937031 1.68496096 0.809541225
    1.54423356 1.31164515 1.42508948 1.01282203 1.19958186 0.674010098
    1.38326478 1.51968205 1.37320018 1.01108301 1.0306828 1.18580878
    1.0801574 1.13551784 0.944128811 0.685770273 1.01432395 0.838825643
    1.16932464 0.928581178 1.41867387 0.980930746 1.72772944 1.0424844
    1.60513079 1.12090957 1.22587168 1.14966929 0.885702431 0.924101293
    1.15700698 0.753217936 1.36767113 1.58326793 1.44816804 0.688705087
    1.13053846 0.778476954 1.53973246 0.868469536 0.901869178
    0.667661369 1.35430741 0.664141953 1.05060673 0.958149791 1.53539431
    1.29020739 0.742755294 1.0009433 1.03751624 1.41440213 0.816195667
    1.05903018 0.935155272 1.49516284 1.52734184 0.987882257 0.985483527
    1.24716473 1.05769587 0.848007023 0.848778367 1.116768 0.858814478
    0.632241726 0.743218124 0.930524468 1.47105718 0.621260703
    1.53893554 1.16132998 0.932288826 1.07966197 0.839501679 1.35285425
    1.31627905 1.27417469 0.919070303 1.73831224 1.75033569 1.6811558
    1.39971614 1.64302909 0.91518569 0.983339071 1.135674 0.952968836
    1.2650553 0.844797552 1.00586057 1.26351416 1.46616042 1.45923543
    0.821120322 0.799060822 0.839561939 1.54264176 1.16708922 1.5542748
    1.38247311 1.47550571 1.21028328 1.34950447 1.26657236 1.56530941
    0.782613695 1.16051543 1.01353157 0.652191758 1.46248567 1.07618046
    0.762649298 1.40833426 1.51500368 0.889007092 1.25980282 1.05437851
    1.18410194 1.13842523 0.706087589 0.986041725 0.802164912
    0.732715011 0.866690278 0.987592876 1.36742508 1.1761328 0.857670307
    0.918872237 0.997970164 0.701431394 1.06722069 0.752118468
    1.62913609 1.16537786 1.15153623 1.24784172 0.814848244 1.14193726
    0.848882437 1.26779783 1.13015449 1.73269439 1.00997591 1.19133437
    1.04787135 1.43659389 1.33584809 1.60236907 1.06080818 1.13893044
    1.49761152 1.15500617 1.30437529 1.02850306 0.775008202 1.42473578
    0.80087775 1.36734784 1.23380625 0.753960907 1.15569353 1.46060038
    0.954408646 1.59654129 1.69035995 0.725253701 1.46209228 1.29607224
    1.3947264 0.893126249 1.65526485 0.992842555 1.69603181 0.993877172
    0.824422717 1.109079 1.01376092 1.08412898 1.37064385 0.83933413
    1.35250604 1.36547565 1.16176224 0.780544221 1.27900636 1.25404286
    0.61084342 0.717903852 0.940681875 0.880790174 1.42612386 1.25386727
    1.05645657 1.50163603 1.64751339 1.24947739 1.31926572 1.44296455
    0.86001277 0.788863003 1.57835233 1.00003684 1.34811711 0.854462206
    1.6654824 1.68412411 1.50556457 0.902796924 1.45132959 0.970592976
    1.52066588 1.18657839 1.54811096 0.717313111 1.38862813 0.959388018
    1.49461567 0.86888659 1.51319492 0.773140967 1.53842723 0.776787341
    1.04522884 0.713003814 0.93846339 0.850276113 1.20768189 1.63415051
    1.31822598 1.33317947 0.920637965 0.944888175 0.686942935 1.12114429
    1.04249406 1.44321585 1.70571411 1.367939 0.991203189 1.65416074
    1.25338793 1.69435573 0.853627324 0.791386485 0.730397403 1.29859388
    1.64707994 1.2472775 0.813973844 1.53577936 1.29675567 1.431849
    1.29953313 1.49616086 1.71994174 1.59535146 1.69340003 0.837026536
    1.00685287 1.22859609 1.57989812 0.819100201 0.751902103 1.46910739
    1.41200757 1.3654176 1.18561959 0.820306897 0.819479942 0.720307469
    1.33759344 0.840251744 1.16342068 1.48226249 1.4357599 0.810611248
    0.820504189 0.753197134 1.60360658 1.44297278 0.877145767
    0.874401331 1.31244802 0.926163018 1.40714574 0.785465598 1.45126808
    1.30629265 1.27480948 1.36191273 0.994456053 0.897882044 1.52772999
    1.27312863 0.731893182 1.01693034 0.921381712 1.57330537 0.879789054
    1.27998507 1.44774783 1.38808894 1.24598277 1.62846541 0.798441529
    1.19626963 1.09759998 1.31986499 1.49048507 0.755790055 1.66482759
    1.38224936 1.6372174 1.30955374 1.45992839 1.12794518 1.33647478
    1.0810554 1.00764441 0.817623973 1.15597808 0.64312911 1.58828187
    1.36186743 1.30583394 1.22505105 0.691710174 1.06803751 1.18008149
    1.43762362 1.50091493 0.820327103 1.37579632 0.922284722 1.16738677
    1.28044486 1.50287497 1.27271855 1.55266941 1.09422553 0.723055959
    1.20224571 1.14459813 1.31128454 1.72676265 1.04075241 1.49386513
    0.854660332 1.6029793 0.892556012 0.835009813 1.6300137 1.19967222
    1.10018539 0.941569746 1.36381471 0.98603642 0.947079003 1.38893044
    1.60866535 0.770238698 1.04444492 1.03322756 1.54207647 0.918110013
    1.36467445 0.693014145 1.440732 0.710913777 1.68256593 0.880102813
    1.52553236 1.14659619 1.51287663 1.15758753 1.16025865 1.52640104
    1.60280609 1.10406637 1.60725832 0.958978176 1.56679511 1.58054698
    0.955114067 1.05818915 1.32631087 1.58568215 1.49255717 1.00760615
    1.5352999 1.27550793 1.00888813 0.924335361 0.808300674 1.23742735
    1.26001489 0.996875048 0.806575596 1.25106335 1.36891544 0.997208357
    1.03442729 1.4399941 1.28574932 0.919737875 1.3532151 0.820143759
    1.64419162 0.913610518 1.12174559 1.03935611 0.894926608 0.855187297
    0.748936713 1.60978699 1.53630316 1.01045012 1.66766739 1.61932766
    1.11345685 1.22116196 0.971170902 0.720125854 1.18826556 0.793970764
    1.54513288 1.26670277 1.2990818 0.997931659 1.32081807 1.62716675
    1.03452909 1.25354421 1.60321212 1.37440336 0.836622357 1.00428104
    1.03796411 1.0993886 1.62064755 1.02626669 1.46793389 1.01583719
    1.20369613 1.04220927 1.14086592 1.22672963 1.16940176 1.18119657
    1.29036582 1.6883328 1.67228067 0.803225875 1.65765023 1.65469468
    1.31449878 1.263641 1.46064496 1.71153867 0.768458843 0.675458908
    0.759299397 0.795740366 0.739572942 1.42892659 1.24138737 1.17135429
    1.11926615 1.6716367 0.98609978 1.4835248 0.723145604 0.793398917
    0.892931283 0.646952569 1.06237924 0.994039059 0.701549113
    1.30491018 1.23856056 1.37412751 1.34184515 0.954330921 1.24927449
    1.48200178 1.25900984 0.838354409 1.27481067 0.815129936 1.46454823
    1.17161512 0.994838655 1.29393971 1.03733993 1.5491271 1.80053449
    1.46306944 1.76770496 1.18933666 1.06688988 1.56602204 0.915959418
    1.55622673 0.994974613 1.29352987 1.64938474 1.03723741 1.63295722
    0.779199183 1.38207746 0.950505793 1.70380187 1.19145977 1.66659188
    1.07159853 1.55187237 0.693765402 0.898594201 0.788943231 1.02517021
    1.67300022 1.33451986 1.06823707 0.83945334 1.33995557 1.14033699
    1.47062898 0.702582657 0.838048339 0.716770828 1.18232012 1.52501571
    0.730654478 0.852991283 0.702976406 0.804843843 1.64293647
    0.929316878 0.894489229 0.838116944 1.02475321 0.920337975
    1.13921642 1.39689493 1.48782063 1.19215477 1.40730715 1.62756932
    0.948671103 1.14242435 0.717089593 1.38358569 1.21891737 0.816289961
    1.60085976 1.53582692 0.843535841 1.45359039 0.998070002 1.64933825
    1.00789571 0.872715235 1.0123812 1.21635234 1.11299956 0.767128408
    1.47069514 1.25314713 1.58207488 1.63532579 1.33185983 1.07239342
    0.815406144 1.31563187 0.569288552 0.707599461 0.759225905
    1.24806941 0.991618037 1.06169415 0.800953686 0.747100294
    0.634508669 1.61114764 1.14868987 0.763418615 1.31242955 0.999612093
    1.72061741 1.44664478 0.877774954 0.966882825 0.678440034
    0.651883543 1.37568498 1.27829409 1.20424712 1.51457143 0.763552368
    1.00623322 1.33119297 1.62294471 1.03697431 0.96361351 1.43480885
    1.36405706 0.791971326 1.64187384 0.89416492 1.3133862 1.6410737
    1.00606 0.988608301 1.24897361 1.33260524 1.08004963 1.1260705
    0.819109201 1.01570332 1.12280846 0.755718231 0.668986559
    0.867977619 0.918024421 1.34002006 1.17318702 1.00948882 1.59030592
    1.47102833 0.701951861 0.810092986 1.51064622 1.18383873 0.79360944
    0.738411605 1.65487015 0.992031038 1.25437796 0.751760304 1.56364131
    0.765436292 1.05000281 0.688215554 1.00009131 1.40838981 1.53874946
    1.6008805 1.06925189 1.24789739 1.46757877 1.5602212 1.61600137
    1.3891809 1.38508904 1.06608498 1.05290163 1.62040937 1.04091513
    0.980948865 0.860396981 0.702223957 1.07121289 1.19922221 1.40306818
    1.1798265 0.810652792 1.4965421 0.75898242 0.700320184 1.0371865
    1.21003342 1.1125977 1.40694988 1.18327427 1.01127815 1.05726182
    0.771015048 1.41853249 1.11784005 0.746270895 1.0067476 0.761192679
    1.59780598 0.937819898 0.882716596 1.52893257 1.51806164 0.980856359
    0.848886132 0.768369973 1.42841733 1.46537399 0.965103924 1.0145396
    1.54893434 1.52611995 0.855404496 1.51934361 1.40682006 1.05268824
    0.712641537 0.843580961 1.20433486 0.913758099 0.925941169
    0.952191293 1.26785278 1.13704443 1.0071646 1.69707835 0.793981314
    1.4363997 1.21548712 0.857850552 1.2371341 1.19923532 1.16375935
    0.772714555 1.50891817 1.58306038 1.51159203 1.19692183 1.63642192
    0.829297483 1.23867941 1.08338022 1.52190709 0.712454379 1.55032408
    0.731381953 1.04541206 1.48941588 1.25648761 1.45234776 1.39005911
    1.36858296 1.68451667 1.46395707 0.820020199 1.41742766 1.26811504
    1.32554221 1.64965105 0.978525698 0.764176965 1.41177344 1.64221668
    0.821023703 1.51650453 1.38966548 1.15565264 1.78849626 0.819926977
    1.5563035 1.4815166 1.38119817 1.10468853 1.36411905 0.706627369
    1.25142705 1.46337104 0.820926607 0.971665502 1.63469291 1.33955526
    1.08293593 1.18523943 0.935796678 1.12364531 0.704996467 1.63297296
    0.830108762 1.04410434 1.13734233 1.42048788 1.57493937 1.14534199
    1.70471072 1.60364282 1.191769 1.51443172 1.06058872 1.33446395
    0.845013082 1.53592432 1.2678107 1.20213485 1.24903536 1.44958854
    0.757323027 1.69856668 1.13733137 0.985756874 1.64580572 0.641108572
    0.99096024 1.08952343 1.24286163 0.981513202 1.24003732 1.51420069
    1.22467804 1.31824219 0.924660206 0.74608773 1.30297041 1.31469297
    1.36469996 1.26283002 0.941129386 1.61388469 1.0900526 1.54060161
    1.53388309 1.19689822 1.06905842 1.47619867 1.31676877 1.5386579
    0.625821292 1.47250152 1.06041682 0.671645761 1.15271878 0.790611029
    1.05308056 1.07800925 1.6225158 0.677268863 0.845786333 0.828797758
    1.15014315 1.51170444 0.654226542 0.56927067 0.628206968 0.682447314
    0.715024233 0.980573535 0.966549873 0.827773988 1.47888815
    1.11779451 1.65401089 0.810556293 1.37058663 1.25889814 1.24415994
    0.731086791 1.60666549 1.35107398 0.828327894 0.677845776
    0.837468088 1.31732833 1.32230461 0.744147778 1.05662739 0.971414149
    1.40345311 1.71325576 0.876071155 1.64212728 1.08771741 1.49350166
    0.672863185 1.28490591 1.25782907 1.013147 1.55178773 0.973497629
    0.807573259 0.777929604 0.640777111 1.11326885 0.678931832
    0.911729813 1.36884427 1.10723889 0.955968976 1.43994033 1.00282145
    1.33106136 1.15623057 0.848946989 0.932736218 1.49493897 1.31634521
    0.855528533 1.53125012 1.16999602 0.807278633 1.53540838 1.55913079
    1.42165363 1.47990334 1.1974957 0.926011384 0.728425026 0.924477041
    0.761690259 1.60940027 1.54106796 0.980521321 1.60476506 1.47957063
    1.65950954 1.49362206 1.11509979 1.01416898 1.25303507 0.993427098
    1.44928133 1.53968763 1.44490957 1.25954449 1.6212796 1.59820294
    1.28699887 1.36307061 0.948515117 1.27622914 1.16137254 1.09829724
    1.22773755 0.762350321 0.998744845 0.944827378 1.44284654 1.43856072
    0.922793746 1.30200505 1.618554 1.3668859 1.67359495 1.35441947
    0.868190646 1.02263701 1.34822571 1.33608055 1.3535502 1.08506441
    1.19171023 1.56259418 1.48430896 1.06375718 1.58580768 1.6459868
    1.50523317 0.892281055 1.25019062 1.52080083 1.12728429 1.26730883
    1.38138342 1.30700624 0.885147333 1.46404815 1.02459967 1.68138111
    1.50093436 1.25005102 1.5425458 1.2215873 1.77079415 1.1345793
    1.62092316 0.782458544 1.56541729 1.53563178 0.896978796 1.67774081
    1.37313724 1.45361841 1.59536278 1.1247983 0.85525012 1.15920961
    0.797166169 0.820760846 1.07437098 1.62811518 0.993410885 1.3820889
    0.806686163 0.929407477 1.46271074 1.13235795 0.765337765 1.22390985
    1.32514155 0.954793572 1.06949437 1.12449086 1.03131044 1.39386117
    1.26300991 1.40154099 1.04335439 1.45258176 1.44099247 1.43353355
    1.17508984 1.10152996 1.43712151 1.5909574 1.6661334 1.65821815
    1.68626106 1.10203755 1.31672823 1.57922935 0.72513181 1.4053607
    0.891581833 0.852626443 0.805991113 0.985793114 1.18583834
    1.07133651 1.11415255 1.68570793 1.25918531 0.974313915 1.17165542
    1.23091912 0.795304 0.906433344 1.36285126 1.14782059 1.32140422
    1.21608198 1.47584879 1.09000099 1.41981554 1.77761865 1.42906475
    1.60784197 1.42722237 1.65387547 1.18767464 1.68399417 0.831373215
    1.59172189 1.15413117 1.35091686 1.57930195 0.778370142 1.45201445
    1.5840534 1.50602508 0.705540478 1.14102244 0.739347637 1.50033522
    0.823026121 1.42171335 1.40029287 1.24665749 0.943404496 1.07806659
    1.58680606 1.11692512 1.63216829 0.747936249 0.795255125 0.908460021
    0.99433732 0.94519645 0.875288725 1.70311463 1.68531406 1.7213552
    0.832298994 1.39856482 0.893657863 0.73404187 0.66192764 1.18989444
    1.1449939 0.951069355 1.19305706 1.42454457 1.39025092 0.858941257
    1.32535493 1.33771658 0.95369041 1.31553602 0.730704367 0.895293891
    0.939101517 0.939651966 1.16760075 0.801678121 0.843025804
    1.41395044 1.30435324 0.830779314 1.58316326 1.30776465 0.97699815
    1.48167336 0.859073997 1.23364162 0.801615179 0.806086898 1.41348445
    1.15324795 0.858237267 1.33740723 1.335307 1.11259437 1.40478575
    1.58652008 1.28362691 1.30415988 1.41613781 0.832496703 1.55034459
    1.56010199 0.676935971 1.1326021 1.0471741 0.675490201 1.49579203
    1.34530783 1.2149663 1.21629131 0.861684978 1.04639006 0.836012363
    1.14572012 1.57100677 1.52691114 1.61073828 1.32138777 1.42005193
    1.51136875 1.42563665 1.20718253 1.13459015 1.14063358 1.29414141
    0.829437733 0.944089234 1.52858758 1.3355093 1.36199188 1.37116838
    1.72974432 1.27966762 1.54390883 1.13137913 1.29321671 0.930603087
    1.01546705 1.26588535 0.685011685 0.855067253 1.06213641 0.785618067
    1.42872953 0.767138779 1.41389096 1.44644654 0.748111546 1.35787225
    1.02065325 0.761947453 0.821245492 1.21403396 1.23275411 1.05891502
    1.4322716 1.16153729 1.48150527 1.31090999 1.35193634 0.787569523
    1.54953361 0.780982852 1.14493656 1.64016438 1.08888423 1.6911025
    0.78607434 1.27207422 1.39792681 1.51163065 1.18143761 1.69165277
    0.801919043 0.914696157 1.02548087 1.02650857 0.934868991 1.69773507
    1.17860234 1.51834798 1.518543 1.25033665 1.63646281 1.29932034
    0.671866179 0.785363734 0.728125393 1.41389322 1.23552334 1.59252286
    1.04656911 1.08210802 1.13151121 1.6308341 1.35396373 1.39789033
    1.5163666 1.43962419 1.74199402 1.35745251 1.02550662 1.26832283
    0.975880504 1.67182016 1.51521921 1.3346976 1.05195856 0.950969756
    1.62047601 1.300529 0.714784443 1.25129461 1.07319021 1.31853831
    0.773598969 1.32825828 1.12659025 1.65899074 0.777861476 1.01390815
    0.960198998 1.20479918 0.770920038 1.25684738 1.37534785 0.754255652
    1.674137 1.47650123 0.909944952 1.33111644 1.6706835 1.51259708
    1.48345065 1.38110995 0.852115631 1.51812601 1.46933007 1.67529917
    1.22891974 1.28514981 1.66387761 1.34019101 0.992799401 1.15030193
    1.16093099 1.73242676 1.5329802 1.6461525 1.16486669 1.14607847
    1.22731137 1.08512926 1.60776484 1.23791993 1.401178 1.54817498
    0.697121263 0.714005351 1.03613603 1.39652586 1.27563596 0.706802428
    0.875658691 1.43357038 1.12475908 1.33151186 1.11431503 0.816507816
    1.41606319 0.862134099 0.796367288 1.23112595 1.52330089 1.4121716
    1.38387382 1.19222665 0.758270681 1.00443578 1.51636541 1.11731756
    0.875931382 1.41343868 1.22729361 1.19451439 0.973712683 1.57324171
    1.32178617 0.653964281 0.703697085 1.0375948 1.35096335 1.19204628
    1.12298143 0.879269302 0.74943924 1.67066526 1.3805542 1.09873927
    0.811845839 1.17396271 0.742444813 0.957056224 0.932158709
    1.46632385 1.40195978 1.5855099 0.788686693 1.71063471 1.37295449
    0.729299128 1.33554256 0.768633187 1.07186413 0.67543608 0.55786097
    1.60372376 1.4653461 1.10104454 1.20533514 0.816863656 1.02203941
    0.887111545 1.28451359 0.615696013 1.1352247 1.03169298 1.11876798
    0.637955368 0.548997819 1.30493748 0.899480402 1.32514906 1.51307249
    1.48562813 1.69541204 1.27773726 1.026173 0.850976765 1.31204891
    1.47713137 1.05412781 1.21255291 1.28881168 0.889836967 1.28397858
    0.673284948 0.783358753 1.25723648 0.77989006 1.35403168 1.60536277
    0.71760112 1.57321727 1.59100187 1.43886578 1.61490786 1.0907172
    0.765017629 1.07491326 0.690683246 1.36708164 1.43014657 1.53737509
    0.638092637 1.54319 0.636302531 0.859053373 0.953276277 1.49928272
    1.54721212 1.4138602 1.35631657 1.49350989 0.804540455 1.66437256
    0.990575314 1.37966132 1.43115926 0.992251873 1.11937761 1.13342166
    1.07266819 1.5860213 1.23735154 0.95237571 1.203758 1.07996631
    1.62143528 1.39305711 1.14948225 1.27330506 0.960216761 0.739563286
    0.923799872 0.895163894 0.778050363 0.879243493 1.60373008
    0.997613549 1.00051033 1.67607164 1.31098282 1.34182715 1.42235339
    1.24915588 0.894656718 0.67644757 0.910695255 0.676293135 1.24548411
    0.687373996 1.27045631 0.707187235 0.725827098 0.994139314
    1.48801219 0.735746861 1.37271869 1.58353126 0.832250178 1.66181529
    1.21205199 0.907412171 0.980026126 1.04097915 1.02115917 1.32882977
    0.881270349 0.915693283 1.40091395 0.861792564 1.51406062 1.19719017
    1.05675662 1.63610768 0.793517172 1.64989698 1.52069128 0.944257319
    0.678481638 1.36534882 1.31425273 1.17712474 0.717590749 0.789406836
    1.23622692 0.753211796 1.50450099 1.1497097 0.783248603 0.855625391
    1.42223454 1.1940465 1.27079594 1.6886375 0.915316582 1.7157414
    1.28823328 1.42226708 1.78467071 1.06072104 1.43174422 1.43515968
    1.72966254 0.912017167 1.58878183 1.10244119 0.80305028 1.59387803
    1.19496691 0.715191007 1.60671461 0.922026277 1.10297954 1.48787367
    1.53645694 1.66407454 1.68628287 0.733277023 1.17786598 0.884566307
    1.43373692 1.69350588 1.698722 1.20100105 1.79510725 1.74124718
    1.5230453 1.19299781 1.75700247 1.84344566 1.29283059 1.51128757
    1.58136594 1.59957862 1.61268604 1.57580435 1.35669208 1.07943547
    0.759226263 1.01221597 0.920916975 1.16240084 0.696178734 1.01120746
    1.35314548 0.654055297 1.48643303 1.45699394 0.764709413 1.21398985
    1.37860692 1.09308267 1.15384233 0.727862597 1.47935343 1.37228882
    0.660938501 1.11836755 1.14440775 0.617820621 1.10270643 1.30358338
    1.23503041 1.7067064 1.1239152 1.39047873 1.1664387 0.783438683
    1.54210734 1.31056643 0.783393979 1.54453862 1.06213307 0.835012674
    1.12458467 1.22046936 1.33676863 0.808938861 1.78593171 1.29435909
    1.64827061 1.35584402 0.939708352 1.25534558 0.696260929 1.00383162
    1.61171067 0.98029089 1.66575897 0.76387763 1.67437434 1.29282951
    1.60096693 1.52066851 1.61470842 1.19420969 0.881106436 1.34637952
    1.00469077 1.30742848 1.40216875 1.30881107 1.17432058 0.860212326
    1.26210845 1.42360067 0.940729499 0.847181797 0.834626436 1.09924436
    0.757667661 1.10563838 0.647556841 1.38632178 1.02737272 1.22391307
    0.784772992 1.12949955 1.33840072 0.573570371 1.17780972 0.696723998
    0.545384407 1.16862512 0.791189194 1.1065222 1.1910851 1.23091614
    1.47556376 1.46315002 0.730422497 1.00393951 0.885056853 1.36829829
    1.69499588 1.63248682 0.95778054 1.49651313 0.815030694 1.53818083
    1.42157638 0.855625987 1.04366338 0.812832892 1.04599452 1.60085905
    0.939554572 1.14404976 1.00579393 1.48839247 0.790278792 1.61711097
    0.828235567 0.937849462 1.18847895 0.843922496 0.952512681 0.9997136
    0.792075217 1.05754745 1.35706222 0.806275725 0.80205828 1.59622419
    1.28138351 1.1856246 1.17611992 1.65809524 1.46875429 1.57254958
    0.950972319 1.26443684 0.936540127 1.49961054 1.31012595 1.30246103
    1.46272326 1.26036656 1.53306532 1.12680793 1.70272303 0.884010732
    1.60265839 0.952879071 1.09955895 1.46084845 1.54893875 0.926705062
    0.905156612 1.10533786 1.31447828 0.880557239 0.883278906 1.35575986
    1.67293489 1.5288285 1.07327664 1.42880821 0.69988817 1.52332044
    0.870583117 0.735460103 1.49258423 0.744322658 0.83623445
    0.860279858 1.12867892 1.00911617 0.728751183 1.62181199 1.305444
    1.28521478 1.20324183 1.24631202 1.0920943 1.53563321 0.955519319
    1.57492948 0.779176772 1.22563517 1.20318627 1.07926726 1.67701662
    1.62128639 1.53754342 1.61330736 0.788784504 0.764008701 1.07444632
    1.51492107 1.19592929 1.07025754 1.67538428 1.41710043 0.938087523
    0.724460542 0.860530138 1.04252899 0.7031973 0.966066003 0.762699425
    1.52007926 0.97858125 0.916267276 1.73838437 1.74531186 1.6283747
    0.822386861 1.2871592 0.780978918 1.01462328 1.51734447 1.097543
    1.513816 1.53174806 1.52000368 1.76354194 1.49596798 0.992622316
    1.69545579 0.898083031 1.69562876 0.910516858 1.19014883 1.43047094
    0.968292296 1.23782027 1.52534866 1.05899596 1.74952149 1.16508126
    1.75340056 1.47863913 1.65395081 1.56829441 1.26292801 0.717862725
    1.49265587 1.19302726 1.19162059 0.979147732 1.23724627 1.4861877
    1.8828721 1.67480564 0.996305764 1.21008813 0.821711957 1.21648479
    1.08088124 1.49170387 1.030249 0.926687837 1.25401413 1.12914598
    0.931019783 0.9460361 1.25149381 1.30925846 1.45077682 0.822422802
    0.729423404 1.38800359 1.12317252 0.59804529 1.09107149 1.15254343
    0.631644964 1.52981198 1.41623318 1.55552459 0.791113138 0.991111875
    1.00734603 0.705766559 1.51801646 0.944894135 1.19065595 0.986062527
    1.67438972 1.00609207 1.4978404 1.74314904 1.30608892 1.49373412
    1.68751895 1.4613924 1.62034547 1.28845918 0.975384831 0.682280719
    1.39144754 1.01257932 0.75446862 1.07227206 0.967085421 1.07747984
    1.24924815 1.45278656 0.830959201 0.671106279 0.687794566 1.5068152
    0.908452272 0.730373383 1.341048 0.900284111 0.900214136 1.18287253
    0.71747005 0.96169126 1.62764478 0.990860879 0.760176361 1.15046966
    1.46215045 1.44902515 1.0068891 1.47105134 1.303092 1.07637727
    0.817657113 1.57521248 0.989208996 0.722383976 0.717209756
    0.943122864 1.22515321 0.80236733 1.4575001 1.32433188 1.44227779
    1.13992858 1.13532138 1.09541094 0.807505965 0.997537196 1.02563083
    1.55097842 0.981925905 1.453807 1.06438792 1.40048099 0.751386464
    1.70843005 1.40896285 1.53935719 1.6424185 0.892526686 1.40618134
    1.32145488 1.71137559 1.54967046 1.05745292 1.23742139 0.875317812
    1.50968647 0.652900875 1.45440209 0.635637641 0.708071291
    0.924878299 1.17527711 0.900671899 1.18173802 1.22677886 1.33545458
    1.44464767 1.12565398 1.02694917 1.01737249 0.830214262 0.741884291
    1.19796872 1.62514734 1.27251482 1.3901149 1.05902469 0.751624107
    1.02211261 1.63064957 1.06550586 1.11009443 1.73072064 0.98153913
    1.28702056 0.686266243 0.946517944 1.24265063 0.884150147
    0.954968512 1.01726174 0.827271521 1.33815753 1.46666884 1.53602993
    1.6098212 1.07659793 1.69817948 0.855937958 0.73821342 0.779967844
    0.820406795 0.933530033 0.774635255 0.846624553 0.808620453
    1.24562252 1.59976447 1.6369493 1.54669261 1.68777049 0.917495251
    0.79719311 0.901452005 1.58967447 0.710478067 1.49665189 0.98800838
    1.28602695 1.45889401 1.44793749 0.790908575 0.814334333 1.15298247
    1.61915731 1.66463757 1.60075104 1.72084594 1.50870442 1.50066483
    1.03340948 1.24052489 1.5145458 0.877797067 1.22885478 1.53793633
    1.30600619 0.830145001 1.37614906 1.29789162 0.671404004 1.04698265
    1.05456698 1.51349473 1.39963746 1.16003823 1.61289036 0.729939699
    1.29788613 0.674861908 0.977834642 0.960043669 0.969759762
    0.734758735 1.4895097 1.26277256 1.61913407 1.45714617 0.915004134
    0.877274036 0.766729236 0.990899384 1.36270356 1.3546766 0.851917326
    1.33240616 1.71518064 0.876518905 1.66190708 1.6878413 1.49520361
    1.67506659 1.7147274 1.70976007 1.58305573 0.914934695 0.936871588
    0.821537793 1.34913599 0.819059372 1.59511054 1.16761875 1.46841085
    1.29916894 1.78575385 1.730932 1.76310396 1.66144991 1.52558863
    1.15566826 0.994983494 0.957976937 1.38700485 1.67946577 0.897462249
    1.62075031 1.83219862 1.6812681 1.89834976 1.86798191 1.14276218
    1.46591926 1.10728514 1.80714142 1.11856091 1.37965083 1.30864668
    1.42653596 1.59263754 1.18385482 1.30858493 0.741822362 1.36018765
    1.33127272 1.57111526 1.22634971 0.786528409 0.752895892 1.15028501
    1.32168055 1.40402615 1.07748175 0.757219613 1.05931652 0.845564723
    0.652555406 1.45665383 1.25698757 1.50463748 0.986583352 0.841662109
    0.91960901 1.00272 1.20083845 1.40012932 1.39237249 0.951875567
    1.09529293 0.75132978 0.975482523 0.949538946 1.56185973 1.05846095
    1.30842268 1.51514971 0.664052129 1.53801346 0.722501755 1.14755166
    1.5512352 1.511549 1.16589117 1.20430541 0.999100864 0.734092414
    1.41672826 1.35598707 0.617146432 1.59569716 1.27795184 0.914860547
    0.866856754 0.827684879 1.4025929 1.24699211 1.21061063 0.742367923
    0.802520454 1.12638998 1.59947824 0.713558257 1.07121003 1.23622108
    0.898777962 0.99840939 1.58609533 1.62839341 0.697335601 1.10620868
    1.47397435 1.44965208 0.988698065 0.787816107 1.0163126 0.730029702
    1.23776245 0.96123749 1.04342377 0.769654214 0.639778554 0.88203001
    0.690310121 1.03056204 1.50149047 1.15632463 1.26990104 0.861696601
    1.56527162 1.1756928 1.31071234 1.34235728 0.979836166 1.1251632
    1.27683592 1.57568204 1.68523836 1.69890928 0.940622866 1.49843228
    1.29211473 1.19901776 1.30219233 1.55740988 1.00626516 1.13699186
    0.685084879 1.11004293 1.60189497 1.54813504 0.754683137 1.10457766
    0.898806095 1.58470964 1.02455401 1.15795648 1.26798368 0.842227161
    0.80783397 1.08642316 1.00399697 0.739029169 1.21172881 1.56248605
    1.50735462 0.883159041 1.10232294 1.56917107 1.44976628 0.80618012
    1.03793621 1.02004743 1.61358356 0.712171674 0.79672277 1.35726798
    0.906544089 0.786061347 1.24232113 1.50003588 0.977932453 1.73589551
    0.862717867 1.06827724 1.37066436 0.95815444 0.710689664 1.5019145
    1.37380087 1.28619969 0.909880936 0.746787369 0.758431792 1.31030154
    1.60716236 0.693196297 1.0566889 0.70316714 1.10806251 1.33854246
    1.64436984 1.20513833 1.14225209 1.18454027 1.33737779 1.23940885
    1.26986015 1.47992682 1.21556294 1.61862075 0.669358909 1.06247211
    1.49903286 0.948316693 1.20056403 1.36858678 1.37307417 1.64206624
    1.4745338 1.30319118 1.66718876 1.61331832 0.76821363 0.852318048
    1.42592144 1.36587477 0.866856575 0.628702641 1.43622088 1.37384784
    0.802827775 1.12131822 1.33253646 0.814034104 0.933975518 1.34064007
    0.628055334 1.25512064 0.615347087 1.43781066 1.55204093 1.5080086
    1.53328192 1.23297095 1.40038443 1.40145183 1.56026006 1.34538543
    1.18029869 1.13026965 1.39092529 0.903680742 1.08919787 1.25198054
    1.27072453 1.4769243 0.970180452 1.48177242 1.50192595 0.858907342
    1.57165825 0.949440539 1.48470604 1.10562551 1.27524674 1.5726825
    1.66471887 1.58137918 1.13526762 1.54333425 1.62834299 1.45259988
    1.55609357 1.21997488 1.08285618 1.58533466 1.19643533 1.59719944
    1.3939606 1.36251736 1.23567176 1.62339413 1.6051296 1.6184262
    1.83725834 1.65493989 1.79658115 1.7542187 1.34820437 1.77013302
    1.23534715 1.4423728 1.2765938 1.34114039 0.931600571 0.725369573
    0.684654534 1.02209258 1.64540994 0.999329865 1.07385397 0.718155384
    0.787031472 0.764604688 1.11871958 0.998514771 1.06774664
    0.746601105 1.48113501 0.801416874 0.710342348 1.56418419 1.17502582
    1.56615996 1.21443927 0.820571244 0.764650524 0.584978104
    0.783970892 0.694799244 1.56642127 0.764885962 0.764532089
    1.33223212 1.43950093 1.12954044 1.04043162 1.41160309 1.56951952
    1.19712198 0.666006207 1.18265712 0.888404131 0.858197927
    0.875908077 1.54762173 1.18956459 1.31741107 1.57551551 1.4859401
    0.77942872 0.889059126 0.782231331 1.14617145 1.16167879 1.61430347
    1.19874096 1.3386308 1.6622932 0.942924738 1.30343795 1.24827027
    1.09233606 0.973764062 1.37347984 1.29431653 0.984594524 0.961722195
    1.29041386 0.739770293 1.55769062 0.778024495 1.12329328 1.62231147
    1.55746484 0.88807714 0.811521053 0.608164072 1.32494271 1.38151729
    1.45893312 1.16882741 0.799780428 1.070629 0.857087016 1.41078484
    0.855593801 0.6442734 1.2181735 1.6028235 1.35535336 0.72161901
    1.39690971 1.00797999 0.75093323 1.32627928 0.731719792 1.66199017
    1.43157041 0.7714656 1.11151481 1.13665164 1.43178928 0.975484312
    1.49327719 1.56373155 1.02534676 1.48910737 0.75982219 1.02511239
    1.11483514 1.17980993 0.943837047 0.714065313 0.727071404 1.48042381
    1.05220401 0.886687815 1.25729406 1.11920345 1.20338988 1.61138558
    1.10706425 1.14208388 1.12451136 1.2838099 1.06444907 0.881708801
    1.33115268 1.52579534 1.19838083 1.20491958 1.03797388 1.23168671
    1.56845188 0.970501304 1.64857602 0.887877524 0.746328771 1.0340873
    0.649474204 1.00986707 1.3872354 1.44257379 1.51498425 0.79764384
    0.902302146 1.6221869 1.57807672 1.21683395 1.6475296 1.22830701
    1.00835943 0.836695254 0.945206344 1.39482486 1.59129024 0.930338919
    1.36131263 0.907793224 0.778635919 1.21902549 1.13011837 1.39066875
    0.736398816 1.09727299 1.413746 1.13894641 1.12411571 1.42315435
    1.01591587 1.54911542 1.4753269 0.876053393 1.05711317 1.46931028
    1.32688797 0.943133056 1.36521709 0.792729378 1.42743552 1.23251581
    1.77101624 1.45510519 1.2325772 1.13720214 1.04511976 1.14011502
    1.20451212 1.35919642 0.73883009 1.1017077 1.04369938 0.867039442
    0.755885065 0.706459224 0.831765592 1.11876142 0.830375016
    0.913132787 0.672856092 0.889172196 1.42166078 0.707402885
    1.17389715 1.52202475 1.45714855 1.57071793 1.1427834 1.15646219
    1.16605783 1.701231 1.47629094 0.726876855 1.60530722 1.41427016
    0.845159054 1.38017499 1.34150314 0.839776933 1.64814341 1.29972994
    0.961354434 1.49559128 1.39146364 1.41810703 0.803304911 0.713866413
    1.15607572 1.1417563 1.16590726 1.00347435 1.46472955 0.817323983
    1.75273907 1.66146469 1.82387328 1.2236551 1.49496496 1.75100982
    1.32540905 1.6459043 0.904745877 0.884805679 1.16102219 1.22669101
    0.837937415 0.978882611 1.78957438 1.73950183 1.29516602 1.11606717
    1.26033568 1.57703125 1.57224023 0.895460486 1.17685962 0.962791741
    1.02599669 1.39157689 1.32907808 0.881293714 1.35105717 1.22346449
    1.24522972 1.4793613 1.62655926 1.61080265 1.6645118 1.51433146
    0.719874024 0.94299835 0.946398318 1.36922157 1.08146465 1.00318587
    1.00051057 0.804588318 0.977541089 1.58290291 1.1138128 1.31331992
    1.4319334 0.847417593 0.687425673 1.3547225 0.800652146 1.33890545
    1.6902914 1.19224989 1.55980003 1.37480068 1.06949782 1.06941068
    1.23532331 1.0929364 0.93429327 0.703987598 1.0213517 1.26404023
    0.598663032 0.969595551 1.62463748 0.795044363 1.53758788
    0.857030451 1.03898847 0.898147702 1.15164638 1.39508581 1.54239321
    1.02361739 1.47413242 0.813249588 1.43366373 0.813449085 1.47366393
    0.818061054 0.885808051 1.09442747 0.736926198 1.33739853 1.27063441
    1.28961003 0.763857007 0.757478774 1.62126756 0.714689493 1.38328099
    1.6037693 1.54388571 0.77039361 1.13073814 1.40119648 1.42215836
    0.943933487 0.839690864 1.3901372 1.1360451 1.21984625 0.610946059
    0.985039711 1.58870471 1.27641118 1.22082722 1.28853512 1.24905658
    1.59475744 1.4953444 0.832714081 1.28016663 1.58179331 1.23149836
    1.51696408 1.38277256 1.44443941 0.933323383 1.04523396 1.38957167
    0.978706002 1.36028767 1.65897727 1.38437879 0.650585711 0.91820097
    1.27841842 1.27329469 1.13226151 1.30730689 1.12486911 0.985318303
    1.58429158 1.06846416 0.985748947 1.57090998 1.27470636 1.17217886
    1.06484866 1.56383073 1.16247809 0.688391924 1.54235065 0.726538301
    0.922571659 1.33304691 1.5298636 1.24317956 1.60554588 1.57703936
    0.830147862 0.904018939 1.17336416 1.51673698 1.02974772 1.33303463
    1.01171744 1.21865964 0.914961517 0.973566413 0.804110944 1.32549524
    0.759478748 1.32494521 0.836889267 1.52616978 1.31499016 1.56192207
    1.47597063 1.02892268 1.64395869 1.57322133 1.25558734 0.735937536
    0.754152298 1.32235003 1.63651025 1.63891137 1.03154445 1.31915653
    0.807992637 0.873504996 1.40638673 1.46907294 1.11917663 1.4956044
    1.3168391 1.73097062 1.0088222 0.833251595 1.61907363 1.17514098
    1.62926626 1.71750534 1.05957794 1.00825763 1.31695998 1.6850512
    1.74182224 1.5789597 1.58618927 1.23896527 0.809801698 0.990580201
    1.04282844 0.976659894 0.74864471 1.08315849 0.6641258 0.928107977
    1.36305451 1.24420619 1.16075659 0.775983512 1.5638423 0.96466279
    1.54305255 1.4542973 1.01191616 0.831209958 1.52487397 0.873796523
    0.966284513 1.32817936 0.763438344 1.5205456 1.24994338 1.66649342
    0.78817153 1.12877488 0.75357753 1.01122236 1.59192371 0.743664801
    1.12377858 1.65402269 0.815570831 1.59620452 1.48673499 1.49305487
    0.959143281 1.6664294 1.62381577 1.47855902 1.13657212 0.995499671
    0.675292492 1.06091392 1.2500931 0.919977427 1.45644975 1.12767887
    1.64334381 1.24368584 1.51587713 1.04181588 1.44195652 1.17407477
    1.36263895 0.727367282 0.966315389 1.30517292 1.66888511 1.33466089
    1.74766564 1.07522762 1.26593494 1.2815727 1.54241681 1.38997269
    1.31868005 1.76371801 1.35719752 1.70062864 1.60157895 1.65469956
    1.2931385 0.805731833 1.08474362 0.69432354 1.26375031 0.677818954
    1.15468407 1.50949836 1.59743154 1.54945803 1.3208127 0.873540044
    1.63996208 1.53151846 1.32099175 1.53575873 0.593243659 1.36722147
    0.633982003 0.731930673 0.907076061 0.726533234 1.54947042
    1.16969132 1.11889505 0.910520136 1.35355842 1.17289507 1.27616501
    1.6730386 0.887959182 1.45439124 0.903974235 1.50358212 0.716050744
    1.39976907 1.05146575 0.920583427 1.38256586 0.905389071 1.26265836
    0.921695888 0.952489734 0.744219422 0.924182057 0.860039771
    0.765565991 1.23815286 0.880724907 1.58246028 1.47693753 0.887533009
    0.839652121 1.44794416 1.59838331 0.818749368 1.48617756 0.597319067
    0.782480299 0.649016976 1.07007194 1.3978126 0.783357322 1.29088032
    1.6600039 0.954794109 1.18621278 1.40738809 1.17155588 0.897111714
    0.961039245 0.956140578 1.41398835 1.10640323 1.33540428 1.1001724
    1.41984415 0.684555054 0.663186073 0.934845328 0.734288514
    1.39438128 0.648855925 1.34789443 0.759095967 1.30807292 0.681061089
    0.886203349 1.49305439 0.823396206 1.53437507 1.10366344 1.01786065
    1.42771733 0.719493687 1.18917942 1.66920316 1.5781225 1.52296114
    0.930522919 1.25836408 1.2187674 1.5555855 0.864734232 1.21695781
    1.3577069 1.04563928 1.00481355 1.19069231 1.2056793 1.62304735
    0.934484303 1.06676984 1.44449651 1.62069893 1.11006165 1.55125642
    1.25165737 1.22941267 0.816465557 0.824600995 0.717131734
    0.825493813 1.49149394 1.36671805 1.48496056 0.851118386 1.10208714
    1.22298861 1.01073694 0.946286619 1.26567221 1.18110371 0.870167971
    1.3738941 0.658140898 1.15353692 1.28226995 1.27431834 0.855739295
    0.836761236 1.42351627 0.816793978 0.898341477 1.22547626
    0.784374118 1.08935618 0.867606282 1.4642694 1.00261271 1.67775071
    0.973888218 1.10113668 0.997388303 1.6752466 1.47712469 1.62442017
    1.24542928 1.20294964 0.748840749 0.677292228 1.21269846 0.894029558
    0.937676549 1.19318748 1.56139553 0.7834391 1.1937747 1.44208956
    1.77881765 1.41465306 1.40210629 1.65550542 0.935086787 0.968337297
    1.49031246 1.52384126 1.2817018 1.01263511 0.817466676 1.06772768
    1.17935395 0.754847169 1.37562656 1.22273755 1.45375371 1.34778023
    1.56269956 1.2043978 1.22274673 1.14022017 1.60543203 0.905560791
    0.618208587 1.29071581 0.848147273 0.861025333 1.10695624 1.49344683
    0.992638588 0.722051859 0.740705013 0.745923638 1.13145125
    0.856659412 1.74526489 1.43116999 1.04943824 1.36447597 0.935392022
    1.59785128 1.52909636 1.45922399 1.24386811 0.96908474 1.45142066
    0.930659354 1.40425789 1.19240415 1.47938871 1.07070649 1.25294995
    0.772467554 0.865618467 1.33119082 1.20321095 1.20505106 1.03788722
    1.10814118 0.742046773 1.62722754 1.38524961 1.4419055 1.29203224
    1.2196244 0.818304062 0.77154547 1.07879364 0.785510361 1.01011109
    1.63894963 1.18832755 0.859647095 1.17284346 1.73866618 1.16422141
    1.65642309 1.19046772 1.25967515 1.17818797 0.865448296 1.47583568
    1.24213076 1.57391846 0.863981485 1.27744448 0.941570282 0.690683663
    0.932685614 1.26974726 0.871988952 1.65136421 1.5192399 1.63243043
    0.801647782 0.790425897 1.28428614 1.5487653 1.54553151 1.20007765
    0.701473415 1.07452631 1.50669682 1.41731215 1.02313519 1.23180938
    0.688658178 1.40197396 0.922281086 0.677707613 0.786071122
    1.51164913 0.81531471 1.01469123 1.19353878 1.44251275 1.48316896
    1.70732498 1.62750006 0.933925152 1.23313737 0.695561111 0.963961363
    0.820816934 1.34970582 0.990688741 0.701595843 1.3686763 0.794464171
    0.772582471 0.637040436 1.47901404 1.00937128 0.661307693 1.10603023
    1.27900755 1.1292187 1.44589984 1.56143558 1.55121207 1.25990546
    1.23213398 1.15827394 1.1037693 1.03411901 0.843557596 0.652585208
    1.07980382 1.46664596 1.32592046 1.43030822 0.836557627 1.17741835
    0.914630055 1.04561532 1.15417254 1.66534019 0.999989808 1.47289705
    0.956871569 1.14114881 0.894533634 1.45518768 1.19217014 1.2484045
    0.836389124 0.890628576 0.770821929 1.14402044 1.50088322 1.2068671
    0.803705096 1.61118007 1.20474207 0.997743845 1.06384027 1.01071954
    0.931227446 1.1453855 1.2647444 1.29230583 1.54172254 0.717342079
    1.28552938 0.707181334 0.90918076 1.39939308 1.45457852 0.828002155
    0.926396787 1.48845232 0.785986722 0.848811984 1.03919888
    0.810502172 1.36601174 1.26558769 0.743026674 0.978130639 1.46152401
    1.49156952 1.61950147 0.744036436 1.57332635 1.28898287 0.839015007
    0.988428056 1.35722661 0.904442549 0.733135581 1.26054204 1.20271814
    1.31176794 0.987916827 0.991523862 1.0100708 1.08913291 1.67007709
    1.54572928 1.65108073 1.36336255 1.32988226 1.561391 1.0104847
    1.10073733 1.06667101 1.4210192 1.33667839 0.64416188 0.860605419
    1.10948527 1.41898 1.26297951 1.53842676 1.57117999 0.979174793
    1.01711094 0.771626174 1.37207615 1.61383665 0.834718943 1.23845768
    1.56342983 0.770778596 1.37867475 0.912342548 0.762212157
    0.972377002 1.04906762 1.32657385 1.35691869 1.4831723 1.16815364
    1.37567055 0.729241669 1.04039896 1.36453819 1.55150533 1.66226876
    1.14304733 1.68516982 0.967816353 1.35269046 1.60801828 1.65367842
    1.59373736 1.02255881 1.40472126 1.64877331 0.881127894 1.02431357
    0.851892829 1.15345967 1.12656498 1.50514817 1.30435526 1.06036758
    1.62587869 0.872219801 1.26291645 0.850627542 0.727489233
    0.738163471 1.37012219 1.12978983 1.01623106 1.11391473 1.50043917
    0.811980665 0.785351276 1.66653931 1.52500725 1.20154476 1.23361731
    1.48793817 0.986914575 1.06567621 1.43568254 0.765179753 1.04165411
    1.01793027 1.06291127 0.991457224 1.07908642 0.798248231 1.41182494
    1.05867219 1.21319258 1.54186404 1.06288326 1.03866553 0.808514059
    1.31048882 0.740200758 1.12223351 1.32866299 1.63610268 0.885726631
    1.46834934 1.57979858 1.23808503 0.840424001 1.3461014 0.850858986
    1.55786288 1.66695178 0.784291685 1.32828617 0.822160721 1.23848367
    1.46419346 0.969741344 1.32086504 0.775901794 1.55814147 0.855263233
    1.63975739 1.57923758 0.873631835 1.0573535 1.66123319 1.35181546
    0.668618023 1.54623604 1.09765804 1.0969696 0.765969813 1.64685524
    1.29362118 1.30312049 0.881669402 1.47772539 1.54435039 1.47212577
    1.58240318 0.758172333 0.910799742 0.918154538 0.836680114
    0.803164184 1.06602454 0.691658139 1.02070916 1.36965835 1.48340738
    0.804997325 1.24057364 1.47306633 1.42786384 1.70253193 1.29745269
    0.943599224 0.939345896 1.33051419 1.16771853 0.789859712
    0.750298262 0.915474713 1.0262723 0.750190198 0.944884717 1.31817293
    1.45633125 0.61780268 1.51976264 0.900927007 0.547939062 1.32532167
    1.43713629 0.986025035 1.12949955 1.21081662 1.53711045 0.922987103
    1.25944853 1.67368007 1.26745272 0.847569585 1.02583516 0.80103761
    1.29012609 0.855294108 0.912435889 0.946151793 1.35950541 1.22025907
    1.39795136 0.843456507 1.70954669 1.47365475 1.51805007 1.43509877
    1.41301644 0.757974982 0.803423822 1.67111659 0.664187193 1.03230691
    1.37435722 1.25281847 0.905036151 1.14175141 1.23320806 0.801427484
    0.689069331 0.721159458 1.5018605 1.34465146 0.897008538 0.752222478
    0.860155582 1.49721706 1.63157248 0.961646378 1.67520392 1.13926685
    1.09596598 1.24374366 0.79637599 1.51647568 1.4773407 1.45347393
    1.00870895 1.41298807 0.782587588 0.708313465 0.939858258
    0.621363997 0.633421659 0.679297447 1.25269914 1.35920739 1.22814798
    0.885995686 1.24346101 1.45302868 1.10962009 0.928667367 1.46389771
    1.65348065 1.3399421 1.19297314 0.606443882 1.33054745 1.2366029
    1.35598946 1.44176722 1.49497223 1.66037071 1.20660436 1.02383935
    1.12278759 1.42451537 1.64782333 1.03584874 1.60100555 1.05293322
    0.708850563 0.806714714 0.612222195 1.50568759 1.25555015 1.3981092
    0.861202776 1.08928442 1.24749792 0.943051577 1.51701438 1.64627254
    0.76398617 1.3540355 1.7173562 1.00480008 0.842123806 1.58032382
    1.43989766 1.62529099 0.844837785 1.06646514 1.21781254 1.16912174
    1.32781112 1.56385851 0.993707478 1.12961841 1.0059098 1.0496217
    0.835004628 1.47409141 1.08776677 1.16150808 1.40962672 1.58110011
    1.57947564 1.3355372 1.09969544 1.25469196 0.978432417 1.34033072
    0.92373383 1.55463827 1.32274473 1.12561643 1.0921402 1.24862206
    1.15657699 1.53105974 1.05383396 1.16361916 1.2626214 1.19362915
    1.5429318 1.52105522 1.03523648 1.39836776 0.948325932 0.78241092
    1.28927016 0.788959384 1.63945758 1.08804917 1.19004416 1.6085155
    0.759691298 0.759496808 1.20459366 1.55603671 1.70072532 1.48354149
    0.867750585 1.68543828 1.5503937 1.26779318 0.754889727 1.2712121
    1.32859576 1.34715939 0.726218045 1.28655326 0.971354604 1.38147008
    1.09947276 1.07084239 0.930593848 1.25253022 1.06545115 1.34449565
    1.13999283 1.46265292 0.733157337 0.921110511 1.07421803 0.719028533
    1.60737514 1.47952509 1.59463239 0.63806808 1.08273757 1.12454879
    0.99341166 0.880183697 1.36664057 1.04195797 1.58505046 1.52048469
    1.07298756 1.18142056 1.28274846 1.0548811 1.33685672 0.708090484
    0.994971037 1.6169703 1.4804374 0.729753435 1.64564598 1.59424973
    1.15502846 0.934897006 1.17171478 0.989713609 0.688811779 1.33493352
    1.27858865 1.48278582 0.744473338 1.06305313 1.5058291 1.14224696
    1.6415695 0.856733024 1.41470969 0.757617176 0.809286594 0.59797132
    0.803880036 1.55671728 0.940101087 1.28663969 0.886986732 1.56292498
    1.13329327 1.27361274 1.07162774 1.28966272 1.51494563 1.0643158
    1.77114332 1.60748291 0.902043402 1.65443683 1.48074746 1.18943715
    0.890618801 0.713238299 0.753728092 1.18289292 0.895713031
    1.28064084 0.669408858 1.40645301 1.42168486 0.597320855 0.960723221
    0.584487677 1.09790027 0.994033873 0.910839021 1.20916617 1.64712608
    1.06440294 1.53742063 0.74650985 1.59852242 1.68567252 0.77088064
    0.737522542 0.720673025 0.964554965 0.938113809 1.62187111
    0.889089584 1.12296832 1.18899035 1.51234877 1.04492092 1.15373564
    1.68169165 1.42604947 1.48204279 1.4671334 1.10227191 1.42387581
    1.297876 1.19695628 0.876569271 1.46917319 1.12268293 1.22509313
    1.12583351 1.00153303 0.688770413 1.34641564 0.708687603 0.641359091
    1.42181301 1.19951403 1.2352283 1.02793217 1.36626625 0.824982584
    1.13822854 1.55522037 1.3467561 0.871580064 0.893773675 1.08160424
    1.20776856 0.946079254 0.988700807 1.4758085 1.45295572 0.688256264
    0.681583166 1.10223699 1.26499546 0.937313914 0.846153915 1.57522392
    0.832092345 1.18490636 1.51966536 1.03022587 1.2438761 1.23869967
    0.777016878 0.64852953 0.846026659 1.093943 1.08267653 1.47746003
    1.00465059 1.07301462 1.63004887 0.788899183 1.6174823 1.28754556
    0.69914794 0.711202443 1.35319829 1.12064373 1.52336562 0.697306514
    0.737844706 1.57569623 0.856469095 1.12477279 0.840553582
    0.792403877 1.09134758 0.955762506 0.613573432 0.973315835
    1.01450157 0.728222013 1.40317011 0.791448593 1.49048841 1.26832807
    1.085549 1.14959693 1.57589817 0.937152624 1.02480817 1.53711891
    1.35874975 1.51957846 1.27664626 0.760657489 1.50244069 1.12381589
    1.40935385 1.50590265 0.911931515 1.15789843 0.670150876 0.728107154
    1.32631207 1.402511 1.59033322 1.1322974 0.939805627 1.51499653
    1.54752219 1.06668198 0.905708492 0.956127822 1.45123327 1.00662255
    1.22261417 1.38175893 1.24438345 0.996230602 0.866518259 1.38711631
    1.36374819 1.27579653 1.42943347 0.79227668 1.29331839 1.57104802
    0.722214162 0.73319298 1.43047273 0.859984815 1.15481782 1.5028491
    1.28354347 0.678262413 1.15731013 1.32514668 1.44475901 0.726405621
    1.08870804 1.6219306 1.0364815 0.845445752 1.69207788 1.00986183
    1.68054867 0.742132664 1.49838483 1.06674063 0.7024405 0.839576721
    0.703156948 0.720700741 1.50454199 0.877629519 1.33236349 0.80264622
    0.708102286 0.845295072 0.998967826 0.708471775 1.22632253
    0.701904237 1.26623058 1.06520724 0.791663051 1.63315582 1.18564045
    0.794948697 1.06096077 1.39599288 0.643427312 1.57379961 0.792051017
    1.60971689 1.21282423 1.44409359 1.66036224 0.771969914 0.80478406
    1.05477965 1.4962517 1.0158534 1.0289557 1.12182009 0.772745371
    1.13887155 0.640328526 0.822830141 1.08425903 0.978191197 0.93169409
    1.0390327 1.08327091 1.32897007 1.49707961 0.849819601 1.55508745
    1.58851612 1.45713019 1.26702917 0.870513618 1.13865888 0.729042768
    0.723740816 0.684997618 0.843501747 1.53369653 1.02043915
    0.885344565 1.63842332 0.811515987 0.654931009 1.35426712 1.15409708
    0.976204753 1.47653794 1.68611681 1.23693967 1.46795487 1.16631472
    1.48784184 0.668906987 1.0676862 1.58741879 1.60183442 0.744343698
    1.60594654 0.986193001 0.92772913 1.59952486 1.39300752 0.908680797
    1.46218336 0.82595253 1.30514812 0.707651794 0.816634893 1.41605163
    1.38885593 1.22541869 1.26563871 1.03802967 1.27803099 1.25401807
    1.66768849 1.55976117 1.08333731 1.25670958 1.660321 1.17441487
    1.06487477 0.879223764 1.49746144 1.60158706 1.14010942 1.3755157
    0.946817875 1.1090678 1.43533945 0.960195601 1.16201282 1.32507539
    0.68777144 1.13753164 0.769374907 0.693746924 0.69597584 0.762645066
    1.59023392 1.01665795 1.10152733 0.740725815 1.16695046 1.11799693
    0.841338575 1.64618206 1.52622485 1.58553326 0.839307666 0.875098169
    1.21420765 1.66577935 1.16499376 1.47888803 1.09834623 1.30441248
    1.03502786 1.26406538 0.912609875 1.16041648 1.55858898 1.21030211
    0.838391542 0.772805274 1.10757589 0.940169573 0.728021562
    1.09290004 0.998648882 0.674834728 1.40143025 1.18778682 1.09178054
    1.55487037 1.40873587 0.841697037 1.08715367 1.27916253 0.70189786
    0.900772393 0.652978837 0.676734388 1.2702769 1.00376034 1.38238275
    1.26738858 1.43531501 1.35954094 0.776957631 0.759844124 0.622686327
    0.69303757 1.56186664 0.82388103 0.813625395 1.23991835 0.790513635
    1.5345633 1.61854053 0.616377711 1.40756726 0.824267209 0.812524855
    0.739272773 1.27693582 1.50774884 1.68065584 1.27691615 1.01823854
    1.56806958 1.05533588 0.678028166 1.06122386 1.093961 1.17197061
    0.937625051 1.30286908 1.3359772 0.755259156 1.03545034 0.748738289
    0.817942023 1.00650799 1.12838721 1.02662301 0.661950171 1.58296633
    0.865303993 0.737864316 0.890412569 0.785556793 1.30003917 1.4921515
    0.84412843 1.12708044 1.18192649 1.35822701 1.01816118 1.69621432
    1.38278508 1.48097134 1.06681204 1.54191196 0.822441697 0.910612524
    1.66078317 1.21711898 1.51839483 1.7071259 1.00242853 1.50041127
    1.16124666 1.23741746 0.717837274 0.686424434 1.54997957 1.1328218
    1.48527849 1.51697338 1.48108053 1.44089174 0.914227664 1.17003584
    1.30794787 1.19443047 1.04842687 1.69540763 1.67341673 0.918709815
    0.894621551 1.15554428 1.28591478 0.764030814 1.13118374 0.60837692
    1.05174673 1.00554645 0.930603564 1.61764026 0.906442165 1.54720736
    0.822519362 0.93456167 1.35644531 1.63506305 1.36884916 1.17000961
    1.19622183 0.765948355 1.0820601 1.36970758 1.05877757 0.912059247
    1.00299895 1.14172268 0.888014853 0.64789921 0.928990364 1.26310968
    1.28045118 1.06768107 1.59319925 1.08607578 1.37626231 1.57336438
    1.62595999 0.925375104 0.726392746 1.2351557 1.19777989 1.5780462
    0.824510336 0.953870296 0.66050899 1.17315137 0.841951787 1.5557102
    1.3278327 1.51813948 0.78857702 1.57791889 0.819922447 1.18138516
    1.21497202 1.27552509 0.812760174 0.919719756 1.44934702 1.54646099
    1.45884335 1.30996954 0.735844374 1.05641782 1.23622453 0.811478972
    1.60526514 0.788943708 1.13231242 0.755871296 0.891728222 1.42109287
    1.44577241 1.05718136 1.71201253 1.01928401 1.29825985 1.17520344
    1.02203238 0.773005784 1.14356411 1.6609211 0.762863278 1.56241977
    0.759878516 0.850231528 1.27883828 0.903347731 1.60089767
    0.843170702 0.961764693 1.53557229 0.948993742 0.933864415
    1.35833764 1.62252605 1.43924487 0.785941601 0.998713791 0.946666956
    1.01736355 0.889249206 1.49355876 0.934684455 1.12796438 1.66648936
    1.33887625 1.28779018 0.966063917 1.62590063 1.65376031 1.73478234
    1.66485977 1.14331675 0.821330607 1.02027261 1.53619587 0.743656039
    0.833368778 0.693925858 1.22534835 0.663941801 1.00355649 1.0479964
    0.777691483 1.26131392 0.892426729 1.03484786 1.12073922 1.12441397
    1.44657469 0.964509428 1.47493899 1.37756836 0.879252553 1.25662196
    1.37023306 1.22777963 1.47155845 1.47795308 1.34787321 1.27259862
    1.44379365 1.25003946 1.43175256 1.46641326 1.50830603 1.08841014
    0.919466734 1.06879747 1.43251932 1.05668247 1.48291588 1.07245994
    0.691278398 1.41294038 1.49339461 1.2934705 0.935163021 1.23203301
    1.2940855 1.68368924 0.917325497 0.719391227 1.43680525 0.790620625
    1.1862371 0.651163936 1.43826795 0.846538424 1.52164471 1.14300692
    0.819365621 1.57502151 1.2772069 0.779427946 0.83489269 0.688059986
    0.871996939 1.19373751 1.13320982 1.22573578 0.934793115 0.66947341
    1.40437055 0.915903389 0.994827211 1.13634324 0.752167225
    0.759032786 0.823354959 0.670789897 1.2140764 1.20569158 1.49569678
    1.04593289 1.18605816 1.08250737 1.14900577 1.37754321 0.951746583
    1.33524394 1.39913785 1.37412012 1.3581239 1.05659139 1.54150212
    0.833510518 1.2951771 0.933988571 0.950571835 1.20748436 1.06280518
    0.853723824 1.00123978 0.912191093 0.660544515 1.38182425
    0.759369433 1.60463119 0.766054273 1.19917774 1.20130444 1.55244255
    1.3284837 1.43742609 1.14944589 1.39274335 1.29384875 0.940075636
    1.61873293 1.08359444 1.37305033 0.984180093 1.39106524 1.38876891
    0.964411736 1.45209384 1.00096285 1.31061971 1.35088217 1.11925089
    1.18101597 1.09728277 1.46063793 1.27918994 1.23189795 0.975310624
    1.68170607 0.939413905 0.949345171 1.34029388 1.31150579 1.27308357
    1.7677449 1.41752577 1.18112803 1.69017506 1.1619848 0.7478019
    1.58351529 0.903362334 1.40608871 1.25505662 1.56812298 1.4498688
    1.60279989 1.35874939 1.19826257 1.22368205 1.09416223 0.814070463
    1.34901524 0.929669857 1.17653036 1.21675587 1.11882651 1.10800779
    1.18070912 0.720417559 1.28195059 1.54024816 1.08816063 0.878949404
    1.44266796 1.10803044 1.27333355 1.2300204 0.702268183 1.66930854
    1.32325602 0.768094361 1.5033772 0.886422992 0.962073147 0.84601146
    1.36179459 0.710515857 0.681086063 0.922979832 1.23418581 1.05843222
    1.010203 0.68633908 1.65347052 1.72934914 1.51058757 1.41539764
    0.89439708 0.765481472 1.15927231 0.94582963 0.983687639 1.50610471
    0.733723462 0.721227586 0.806108713 0.696920455 1.54493225 1.0121417
    1.53860068 1.44727433 1.51262975 0.739091635 0.740095496 1.41721761
    1.61225486 1.07343614 1.6786474 1.5056181 1.69637287 0.885545313
    0.78087461 0.789382935 1.34569466 1.21399009 0.735512018 1.35421455
    1.45633721 1.453426 1.25359297 1.13502848 0.770570099 0.913004518
    1.62762606 1.00767958 1.49473548 1.08678734 1.29236639 1.08600414
    0.686331987 1.04333043 1.62935972 1.07409024 0.716307044 1.6941756
    1.19235051 0.960401475 0.976900399 1.61162949 1.44903898 1.2833091
    0.98112601 1.13977873 0.903943777 0.969230354 0.949834526 1.25582349
    0.879219115 1.15294635 1.61348665 0.805600643 1.30037236 1.00074744
    1.39908862 0.811687231 1.30097353 1.31923008 1.54222047 0.877020299
    0.852353811 1.50321865 0.69393605 1.52527571 0.95710659 1.09478521
    0.715131462 1.0161097 1.65197229 0.791283131 1.3495543 0.892179549
    0.828501046 1.44576764 1.47487199 1.18376052 1.40089011 1.61353374
    0.824903369 1.12229025 1.38282847 1.45864439 1.39743316 1.1358006
    1.10609543 1.03695285 0.705778718 1.26385903 0.907792389 1.28096497
    1.36815524 1.16248775 0.745838523 0.712719798 0.938913226 1.31615913
    1.52248156 1.07486212 0.745196342 1.24335265 0.855540454 0.895831347
    1.01036894 0.689565599 1.44663763 1.01895392 1.24204183 1.56971169
    1.3714608 1.09623003 1.57191265 0.854586065 1.21827781 0.602490604
    0.654832602 0.818294883 0.984079003 0.741502047 0.976410389
    0.701347649 1.20315266 1.0135833 1.54128087 0.598089278 1.48733664
    0.612778127 0.762825072 0.937158227 0.761935711 1.33948088
    1.11213589 0.942053556 1.27226853 0.828198493 0.99198246 0.834269106
    1.64576387 1.68805027 1.45321488 0.908049345 0.7877689 1.24620676
    1.59847641 1.08808613 1.40739679 0.731829226 0.778542161 0.816836953
    0.865809321 0.71978116 0.92668426 1.11853242 1.21613491 0.811263919
    1.26685226 1.62186599 1.33750844 1.50308287 1.45084596 1.29611957
    1.55381835 1.63445413 0.933849335 1.10854614 1.071805 0.786370397
    1.47183239 1.53835034 1.15841126 1.02910137 1.48011565 0.854325056
    0.622475863 0.70038718 1.18122935 0.619824946 0.84617877 0.972096801
    0.845264614 0.749719143 0.678348064 1.37129641 1.10214221 1.0118463
    1.26977909 1.38488185 1.42903876 1.56961095 1.1452347 0.949211836
    1.40295362 1.26312912 1.07745981 1.42313564 1.53818417 0.861604333
    0.952298641 1.22042882 1.50331318 1.62365437 0.684866965 0.7713781
    0.84087342 0.941183925 1.57607961 1.567276 0.87159878 1.46559584
    0.956702828 0.690265954 1.28249109 0.659276128 0.594216585
    1.36499119 1.19773209 1.38981462 1.00126386 0.989463389 0.698947072
    1.18639565 1.40008843 1.35059869 1.15234435 1.17520738 1.47657418
    0.888070226 0.775492013 0.715919971 1.43032289 1.61012685 1.05645514
    1.54117846 1.24722016 1.08482647 1.39202726 1.48874974 0.725326896
    1.14091074 0.83409071 1.61021793 0.756828845 0.882948399 1.12867892
    1.56035745 0.932883084 0.86830467 1.38111258 0.711693585 1.10078669
    0.976330042 1.49966478 0.92962116 0.649735987 1.54313385 0.799433112
    0.893295109 1.21966791 0.956009567 0.97927171 0.887642443 1.58254755
    1.4567889 1.33871925 0.830217659 1.46462142 1.25460422 0.873473704
    1.06564283 1.33358872 1.15853536 1.45590544 0.72842741 0.887901723
    1.18347955 1.57527781 1.55823052 1.05342877 1.08263075 1.49897921
    1.29781318 1.03100383 1.57846582 1.34661901 0.951071739 1.14528108
    1.29428136 0.990726471 0.970616102 1.13928294 1.15330458 1.62380314
    1.24985707 1.13251746 0.817794979 1.57856905 1.10763264 1.70505357
    1.21718574 1.24647677 1.71367168 1.22545922 1.41581225 1.62591577
    1.14991367 1.73538518 1.44320428 0.986008942 0.734788656 1.41807389
    1.0867455 1.07660663 0.725433588 1.21742368 0.702821791 1.39229035
    0.998262167 1.15480411 1.05754507 1.17122638 0.870771706 1.59456527
    1.26781476 0.963059306 1.36747575 1.57375646 1.24806571 1.63684976
    1.46540797 1.51474679 1.21949685 1.44315112 1.1715982 1.00661552
    1.59111702 1.63868701 1.50405908 1.04498422 1.20408964 1.49770999
    0.760547996 1.74538922 1.35838985 1.57297623 1.23182869 0.870140553
    1.58799613 0.951504767 1.48503721 1.5504657 1.12944424 1.62697256
    1.67312503 1.60872376 0.938618004 1.5277487 1.55411875 1.32210422
    1.22519982 1.31202948 1.00482142 1.28956079 1.15301239 0.629847646
    1.39483917 0.87671566 1.09036183 1.2786212 1.09069538 1.15372097
    1.03145838 0.600637734 0.93466121 0.753240168 1.27593374 1.43220711
    0.666731 1.09608412 1.62506866 1.37377226 1.28659236 0.658010125
    0.804057837 1.14990497 1.53652596 0.76859206 1.18399954 1.30255377
    1.37015879 0.947568119 0.943152845 1.35148597 1.10531306 1.29046369
    1.05966938 1.08928537 1.61592066 0.842688322 1.00367212 1.11651886
    1.35080945 0.883333564 0.909067392 1.54842997 0.777343392
    0.944272637 0.802598715 1.33906841 0.87996012 0.797986388 1.07559311
    0.904910326 1.15986848 1.17798746 1.29450119 1.25088942 1.12552357
    1.20069754 1.54649007 1.17242575 1.03834975 0.768432856 1.33703053
    1.47913003 1.35580659 1.50418663 0.884108067 1.24898016 0.80809015
    0.671011031 1.19718921 1.46014714 1.07125521 0.855907083 1.16012681
    1.22721553 1.43177426 1.33147609 1.00258207 1.24940479 1.0719825
    1.22816932 0.703605711 1.12555385 0.789827585 1.47139835 0.899565518
    1.49059427 1.75459707 1.69988763 1.71957898 1.53473473 1.33050585
    1.29372275 1.70106673 0.812729418 0.860756397 1.39323378 1.29407263
    1.37026906 1.55954468 1.1519922 1.57620347 1.37201977 1.1262486
    0.762459695 0.847946167 1.30949283 0.745686054 1.57129633 1.05050719
    0.848910093 1.25408888 1.23838568 1.17276251 1.39999259 0.967716038
    1.19018674 1.23979414 0.8098225 1.20181942 1.52972794 1.09873402
    1.33442259 1.16671193 1.55222893 1.60123014 1.27957118 0.854430854
    1.22931421 0.904046476 1.59168375 1.01018631 1.00561881 0.868353248
    0.873234332 1.59014201 1.68604076 1.35713851 1.18682194 1.28147066
    1.48888969 0.93651998 1.37306297 0.920677602 1.52573264 1.51942754
    1.30580795 0.92663753 0.967308283 1.48383236 1.06281483 0.685782373
    1.61513817 1.53815818 0.934582591 1.17591512 1.20920551 0.852674365
    0.907726169 1.23955441 0.966390908 1.6650666 1.4503963 1.44086683
    1.11385798 0.866246879 1.00891757 1.20612764 1.57203817 1.33806431
    0.918573797 1.39858568 1.55970991 1.61976922 1.18216944 0.813672304
    0.803653538 0.793274462 0.919657409 1.69754016 0.964040279
    1.44248378 1.48703492 1.31321478 0.840803087 1.5497216 1.65655804
    1.07239354 1.44783807 1.29498768 0.850644946 1.41612267 1.46500254
    0.831138492 1.43278337 1.47997403 1.69505119 1.53241742 1.19335878
    1.28716898 1.61641359 1.73705053 1.74892592 1.56966066 1.19082129
    1.48467433 1.0544697 0.836921632 1.15736699 0.686267316 1.56042755
    1.40227222 1.33270681 1.58802724 1.39142358 1.4318645 1.03916848
    0.94807148 1.23051953 0.99978137 0.907705665 1.24640441 1.39104128
    1.15851927 1.32859945 1.16492379 1.23532462 1.60151756 1.08226907
    1.65544438 1.15109849 0.978340507 1.61105144 1.05376148 1.09376371
    1.40419614 1.08603549 1.33434868 1.53629196 1.6064074 1.48807573
    1.67784274 1.50544763 1.04956269 1.15938163 0.831583858 1.25629735
    1.32734776 1.43211484 1.566064 1.01603997 1.05053532 1.01203597
    1.00389528 0.692240953 0.806725979 1.44204569 1.08279192 0.937320054
    1.34014618 1.32815969 1.27730429 1.51608407 0.702434838 1.04624474
    1.534042 1.28251028 1.13027108 0.735554457 0.782200396 1.42177987
    1.24145865 0.982848585 0.90013814 1.04433179 0.666084409 1.31541634
    1.05504811 1.46659839 1.01275718 0.7734465 1.50571728 1.14264727
    1.27578282 1.52242458 1.23379576 1.49077499 1.29907334 0.834371567
    1.57208848 1.12440836 1.30800068 1.36598015 1.39926696 1.24041522
    1.01250029 1.21666384 0.920696557 0.990626216 1.58350801 0.953710556
    0.740251184 0.820538819 1.38622367 0.837278366 1.46639824
    0.723262131 0.819724619 1.70774651 1.70603991 1.24621034 1.61518013
    0.932923734 1.65222156 1.41748953 0.977376342 1.63403869 1.64228475
    0.793361783 1.49211371 1.12696648 1.18729484 0.658988237 0.618734002
    0.868212998 1.0580225 0.808566988 0.784841835 1.30877423 0.725347281
    1.15396845 0.686978638 1.02478421 1.16515505 1.39130294 1.52994144
    1.08978641 0.922651052 1.100402 1.55310059 1.5561589 0.964285314
    1.21465802 1.10612988 1.49828947 1.73525202 0.984821439 1.63441515
    1.23933065 0.793259919 1.56717515 1.03567898 1.10979044 0.741660178
    0.847171068 0.684214711 0.667783201 1.05867815 1.07100451 1.15021527
    1.32848465 0.756289959 0.806836605 1.48224592 0.805048525
    0.816896141 1.38450086 0.829957008 1.39708579 1.33292782 1.65238464
    1.34315753 1.65803337 1.40903103 1.74415684 0.794216037 1.51874101
    1.04662037 0.737202883 1.40154898 1.28748751 1.56551886 0.980268717
    1.7185719 1.10684121 1.37758172 0.92688328 1.18405342 1.1737957
    1.4851408 0.9834674 1.50196362 1.61377513 1.18066156 1.59325445
    1.55322599 1.31968081 0.692472875 1.36230695 1.44164729 1.4619391
    0.789070904 1.09841228 1.03214252 1.04691315 1.61610782 1.14170074
    1.43882549 1.0941633 0.884397268 1.23303449 0.721932828 1.60950232
    1.0795157 1.65459943 0.958730996 1.1986692 1.06324995 1.11375415
    1.60335565 1.71870732 1.53593647 0.98986727 1.32424164 0.870339394
    0.926697552 1.07122195 0.993512273 1.43540955 0.98720932 1.42679679
    1.21689224 1.19913077 1.54421973 0.914040089 1.66562223 1.63209617
    0.967234254 0.947363138 1.12857616 0.982720196 0.855054021
    1.50634313 1.49032903 1.4906621 1.51786661 0.785193682 1.62301981
    1.63010347 1.41391253 1.44011343 1.16977763 0.98712045 1.70626521
    1.54871356 1.26312304 1.16278923 1.60597181 0.809692025 1.27399099
    1.49203753 1.37361336 1.3901068 1.45005727 1.27610373 1.14387679
    1.48139644 0.859502256 1.71955872 1.71938694 1.27960777 1.16059709
    1.23431814 1.44612372 1.53092444 0.837592781 1.30810571 0.95165807
    0.88297379 1.31730115 0.699543774 1.41538143 1.29784787 0.819408536
    0.850774944 1.15446782 1.18740308 1.23915637 1.40265274 1.35980463
    0.942610383 1.18033218 1.392694 0.855580866 1.24833977 1.27976477
    0.78023845 1.20261919 1.26420224 0.958601475 1.59321618 0.953931093
    1.36557531 1.16876245 1.02765226 1.29146802 1.5361836 0.861398697
    0.950105965 1.59544289 1.39542353 1.64420235 0.692979634 0.647320032
    1.26299691 1.10035777 1.09568191 0.767819524 1.63627791 1.40419185
    0.967847586 1.57819784 1.56470561 1.08755374 0.876184821 0.816584766
    1.36674464 1.20402801 1.07948565 0.986002386 0.905677915 0.78205061
    1.35116863 0.769922316 0.6643852 1.08046496 0.986046672 1.36618555
    1.17749894 1.33660436 1.49219048 1.52323329 1.03194332 1.1911763
    1.01621568 1.46193373 1.29331231 1.6569525 1.66978431 1.58397913
    1.30517077 1.0362339 0.631417215 0.962918162 0.877697706 1.38284028
    0.771954775 1.42564011 1.64613926 1.27643681 1.44178569 1.70998347
    1.24033761 0.759050012 1.37414944 0.710155368 0.99509573 0.966667652
    1.52213514 0.872036934 1.53810871 1.54171824 0.872574568 1.25182426
    1.05388939 0.843163133 1.14174008 1.45720804 0.619654596 0.952036202
    0.796851575 0.664432764 0.891951263 1.5330323 1.55344737 1.51674747
    1.36390829 0.840319633 0.714303911 0.979031563 0.853421688
    0.826740026 1.64857876 1.03278065 1.07729542 1.47550821 1.28253698
    1.49093115 1.40738535 0.812799811 1.52598166 0.919801295 1.04145932
    0.903968215 1.70394278 1.38635659 1.61492324 1.01596415 1.53383398
    0.770399868 1.43676984 0.757528484 0.964491129 1.12200928
    0.602612972 0.828613102 1.4063952 0.739287913 0.978638232
    0.576849163 0.702476203 1.3661871 0.921303511 1.01892161 0.748642325
    1.47213042 1.19695044 1.06496787 1.33105564 1.28460479 1.51153135
    1.59509408 1.39707315 1.59388077 1.01530182 0.963743389 1.63597858
    0.907158673 1.20783556 1.57768536 1.09689987 0.799120247 0.818670869
    1.66517675 1.6353426 1.32903016 1.09749579 1.02165782 0.787069976
    1.25571048 1.21604443 0.651998043 1.02589273 0.756581604 0.591670752
    0.922055125 0.962360084 1.3890053 1.39835739 1.46295094 0.900227427
    1.19772863 0.790250003 0.943397284 1.27851033 0.6721614 0.96132803
    1.1374383 1.1404984 1.41233981 1.28515971 1.61457825 0.718452036
    1.16403818 0.721314013 1.55825138 1.36733079 1.27524865 1.52504683
    1.45958161 0.825365424 1.45380628 1.25939059 1.34641469 1.01785278
    1.17202985 1.58730972 1.17807615 1.68497741 1.43916488 0.999584556
    0.911088526 0.889693141 0.798001111 1.50654709 1.71020663
    0.849373221 1.38987875 1.20616639 1.09732962 1.62499821 1.69323325
    1.47782242 0.935111105 1.26846707 1.01175034 1.05782306 1.01228249
    1.33124375 1.232162 1.61252987 1.57908404 1.68473387 1.28923202
    1.32131922 0.884924114 1.58104932 1.29556441 0.863641977 1.65072131
    0.905385017 1.08833337 1.42459738 1.02458918 1.50684988 1.10996604
    1.04290569 1.24352968 1.43868423 0.795875072 1.4737525 0.722698808
    1.54666603 1.12170041 1.38196325 1.29124701 1.23138809 1.73476362
    0.924471021 1.3023181 0.979392946 0.972126186 0.981611729
    0.867049932 0.918638229 1.65858352 1.5536325 1.22546422 1.40822959
    1.44396842 1.7226615 1.78864551 1.19146693 1.54343951 0.983273625
    1.4356029 1.60779929 1.72666597 1.19161785 1.28253686 1.59623682
    0.841074526 1.41638291 1.3114481 1.39571297 1.6059835 1.15056658
    1.28551829 0.880006433 0.985969722 0.756851077 1.45348501 1.55727816
    0.995209396 1.60292399 0.891743362 1.30208611 1.49439907 0.677054703
    1.40849566 1.16475224 1.3257246 1.10645282 1.23139799 1.12474179
    0.763438225 1.06053877 1.03842497 1.04909861 1.19221115 1.11289513
    0.684916377 1.36937237 1.25815952 1.3244276 1.45270455 1.64534307
    1.15783656 0.853803933 1.59404576 0.936318159 1.73795819 1.3052671
    1.07655728 1.29746652 1.35340106 0.958383918 0.750805676 1.56338966
    1.56787312 1.05997813 1.6759584 1.336285 0.926920533 1.12485301
    1.66552973 1.56533432 1.65182149 1.08615291 1.54791713 0.779760778
    0.844801307 1.10128975 1.62841952 1.31014955 0.931732893 0.6849823
    1.56621456 0.721215248 0.798314989 0.880534947 0.840450287
    1.45021701 1.15512753 0.702174783 1.25179601 1.47784865 1.03813791
    1.06183362 1.30061531 1.25849915 0.991983354 1.16583776 1.40538681
    1.65744007 1.29415905 1.34156346 1.38461864 1.20056546 0.794429362
    1.1899333 0.963562369 0.84151119 1.54163039 0.966537714 1.19221199
    1.14357603 1.50587738 1.68332541 1.58115745 1.15483379 1.63333619
    1.01036918 1.52063072 1.401752 1.42068112 0.696149349 0.67305243
    1.51239002 1.27747333 0.722349107 0.664786279 1.33466005 0.86983043
    1.52115178 1.54152966 1.53487551 0.857044458 1.21735585 1.14330709
    1.51050997 0.835288465 1.00186133 1.80042946 1.33321583 1.72751355
    1.52946854 1.03464174 1.64882755 1.23889005 1.16805756 1.55620444
    1.14878285 1.68559539 1.35760176 0.90364331 1.427459 1.00388968
    1.66171968 0.834211707 0.932628453 0.689218879 1.56633639
    0.784182608 1.08094561 1.21808958 1.56521583 0.721456945 0.904535115
    0.662899613 0.670519412 0.599195302 1.08389044 0.99767673 1.38832748
    1.63050699 1.49053514 0.811012328 0.803376377 1.03786743 1.24898195
    1.270697 1.11618876 1.03122091 1.58290184 1.06551671 1.00867987
    1.0287677 0.863049746 0.956530035 1.55274189 0.938280046 1.68533099
    1.50580657 1.58692515 1.52991414 0.715067685 0.93767637 1.1821692
    1.34089208 1.48391247 1.24377048 0.885074675 1.01466656 1.34642148
    1.71068954 1.54888153 1.0598613 0.830498576 0.825790882 1.37231791
    1.59514403 1.25245667 1.60743761 1.41625488 1.68363881 1.69891083
    1.16347039 1.30498183 0.995235384 0.930630624 0.807391703
    0.758876681 1.13937497 1.57326162 1.23234224 1.27935982 0.947311759
    1.46677518 0.830697238 1.36303389 1.13602257 1.61612546 1.40030515
    1.36812031 0.964912117 0.800453961 1.28775609 1.5739131 0.73789984
    1.32359874 1.26669562 1.17725778 1.56117749 1.64006341 0.795551717
    0.941708326 0.789807737 0.804834962 0.78235817 0.953748524
    0.825463474 1.49817741 1.69981098 0.865306497 1.36382544 1.24618471
    1.32781959 1.1171279 1.29097211 1.64520013 0.925886154 0.854266703
    1.63570416 1.44064319 1.06281579 1.66120636 1.29360485 1.65771723
    1.75645673 1.68908191 1.02835453 1.50687599 1.50758672 1.21128821
    1.49495935 1.51215672 1.45838034 1.65373802 1.27890754 1.4713099
    1.4995538 0.788450062 1.05210364 1.14402699 1.14241004 1.0151608
    0.774916112 0.656636357 1.56333172 1.53471732 0.941648424 1.19018292
    0.826680839 1.65526295 1.42737854 1.12963128 1.40165544 1.55252528
    1.28406179 1.55962503 1.20046103 0.982921541 1.18319511 0.98502475
    1.59602392 1.10418737 0.686201692 1.02779078 1.12040699 1.26507211
    1.69560993 1.43294191 1.07852757 1.615839 1.54682279 1.45612168
    1.3385458 1.5638442 0.846423566 0.868866146 0.798350751 0.699727833
    1.15168691 1.34685206 0.737869978 0.749175131 1.0313648 1.08199966
    1.40861928 1.63678205 1.36063623 1.10757732 1.69829512 0.88821739
    1.01181161 1.59546018 1.36298263 1.50076246 1.08187675 1.34942806
    0.663724422 1.52161717 1.03597581 1.11325204 0.857130289 1.26561213
    0.665111065 0.728733599 1.31865382 0.647945583 0.993266225
    1.18343079 1.42376459 0.756381333 1.62370884 1.58946931 1.43067956
    1.39499772 1.21544731 1.07500231 1.34983838 0.68384105 1.51315343
    1.50494325 0.754930913 1.1593374 1.48547614 1.56287825 1.50279248
    0.944989085 1.19462502 1.67296433 1.18769503 1.31844294 1.46004486
    1.45740855 1.20398593 0.689349294 1.08957994 0.857766807 0.623998344
    0.723953485 1.52554703 0.866709113 0.576313794 1.13428771 1.01710725
    0.820973933 0.897961676 1.17386651 0.786774039 0.830263376
    0.762533784 1.0537523 1.39458871 1.62271607 0.983117223 1.71510088
    1.45198452 1.28783488 1.49139035 0.756118655 1.03425217 0.995991349
    1.05419421 0.825855494 0.720866501 1.34964955 1.61044025 1.01743376
    1.73102021 1.26791477 1.31092203 0.749943852 1.40726256 0.917266548
    1.54683447 1.58483207 1.24452209 1.03580201 1.19709468 1.54272747
    1.08620489 0.597736895 0.988291979 1.12830842 0.681212842 1.54971206
    1.60064375 0.887912691 0.7976107 1.62832892 1.565974 0.97894156
    1.45307732 0.612341702 1.19468987 0.871819496 1.28100002 1.65001333
    0.920236826 1.03109121 1.14809728 1.30035055 1.14289045 0.884323835
    1.5783416 1.37565517 1.25449324 1.3381536 1.24874246 0.963617861
    1.33349872 0.669479012 1.5660876 0.84948808 1.57672215 1.20164967
    1.66109109 1.69762862 1.03639579 1.11441922 1.09871328 1.47092187
    0.83797121 1.49041319 1.16782951 1.44046688 1.22145581 1.44247365
    0.956977427 1.23895299 1.25618517 1.31826675 0.973408639 0.852324367
    0.647428215 1.07884061 1.21380663 0.773749948 1.55342448 1.60990167
    1.66908371 0.782577634 1.38103223 1.55153275 0.742828608 1.56564116
    0.866369605 1.22559083 1.64893961 0.934170008 0.910616577 1.50753701
    0.957446277 1.17892933 1.47215927 1.52780235 1.4045428 0.675503492
    1.00415599 0.994671226 0.636749685 1.06507933 0.823036373
    0.900820613 1.03919315 1.20145631 1.15978897 1.31303775 1.2179873
    1.12319601 0.660272002 0.692670047 0.86293 1.67112923 1.65810645
    1.32586455 0.988374531 1.28005314 0.757797182 1.21514583 1.55099511
    1.40398562 0.902548015 1.33783436 1.36038291 1.23844635 1.62922895
    1.45727444 0.855797648 1.5811851 1.57380259 1.29551065 0.794703782
    1.48648798 1.19150841 0.808708191 1.47649038 1.39816368 1.3542192
    0.944788396 1.5853672 0.848663568 1.43968391 1.61416566 1.13057745
    1.32379305 1.33176386 1.69971895 1.23058796 1.45295465 1.03656328
    1.35253942 1.32036102 0.692555368 0.728044033 1.42065108 0.669101954
    0.817827582 0.695917249 1.30232167 1.58427262 1.17598951 0.958174527
    1.57949185 1.61804044 0.750069261 1.2043786 1.00259542 1.55247045
    1.61859512 1.54485381 1.17772913 1.7102077 1.60249925 0.93637979
    1.16155696 0.642698765 0.943211913 1.08094406 0.773032129 1.43214953
    1.73505235 1.66212666 1.41107059 1.13555396 0.705331147 0.89695698
    0.947813451 1.54965198 1.51443636 0.716490567 1.13918722 0.750168085
    0.924024761 1.29154158 1.15391922 0.688364029 0.897551775
    0.892493665 1.40425074 1.15298736 0.641374648 0.971071422 1.48758495
    0.916175663 1.07720411 1.37349725 1.29933143 1.6731683 1.0730691
    1.58948326 1.11180627 1.48319483 1.69063234 1.6159991 1.44839895
    1.31510568 1.46440327 1.61035395 1.45916331 1.52069688 1.42917728
    1.6341573 1.28944135 1.08678019 0.703529894 0.733072877 0.929034293
    1.27618134 1.04895949 1.29459274 1.48116744 1.3271538 0.781468451
    1.39768553 1.21121192 1.25751472 1.17259097 0.657345593 1.06519544
    0.756485939 0.702727854 1.06776083 0.627878606 1.07919538
    0.874503613 1.16074264 0.811984897 0.95914489 1.44241345 0.886537731
    1.14868939 0.900275648 1.20244622 1.61882305 1.45534265 1.14937472
    1.3390646 0.73799032 1.10735059 0.696946144 1.5480423 0.884536028
    1.48938739 0.810842633 1.53179276 1.57619965 1.61594403 1.69243419
    1.03309047 1.35220456 0.672508597 1.63452649 0.669393837 0.863514304
    1.19654918 0.860952556 0.62888217 1.04783571 0.906866968 0.789985955
    1.16982567 0.733249247 0.844566166 1.62787843 1.09366798 1.46402478
    0.985992312 0.771810591 1.3344475 0.683632672 0.669245481 1.15443468
    0.658420742 0.818891704 0.921196699 1.44204521 0.988673508
    0.633519828 0.737996638 0.899974942 0.957260787 1.42893171
    1.71239555 1.69084072 0.812189639 1.23111522 1.16533816 0.832183003
    0.817565143 1.6222589 1.19280291 1.41004872 1.7217406 0.966724634
    0.779977798 1.55833399 0.773406029 1.36800349 1.12981248 1.41647017
    1.23087227 1.38182831 1.18862844 0.782509685 1.17202806 1.02770638
    1.17876875 1.0078547 0.706987083 0.774356604 1.15273535 1.08936834
    1.08250165 0.865131915 1.57325327 0.892504811 0.786598325 1.23601556
    1.5999285 0.745244443 0.689080834 0.985329568 0.99053508 1.35311568
    1.67114282 1.09564197 1.29959249 1.6277014 0.954360723 1.08311427
    1.16595304 1.40561235 1.45950973 1.47088635 1.04594052 1.29082584
    0.694076359 0.71516943 1.01251221 1.52899659 1.64216566 0.840138197
    1.56657183 1.07582021 1.50083327 0.800383687 0.936157167 1.37757385
    1.14882076 1.55374587 1.01184809 1.28105259 1.71444035 1.39964294
    1.09293413 1.67291105 1.79811454 1.31932771 1.4556334 1.52101707
    1.48459113 1.13633239 1.20229876 1.37799323 0.775175631 1.03687906
    1.0638833 0.788362384 1.0242281 0.771144152 1.46542072 0.827500224
    1.35070539 1.61565769 0.69758898 0.679984868 0.70532614 0.906788349
    1.29241276 1.63759542 1.18722713 1.45650601 0.840750933 1.24329746
    1.13798726 1.74950576 0.828634024 1.45050895 1.60177124 1.51130509
    1.59925938 1.06526434 0.687596262 1.65157151 1.49115193 1.13114142
    0.927901864 1.17056108 1.5674721 1.16587996 0.762553155 1.52699542
    0.764611006 1.31677449 0.868149042 1.09960794 1.09875989 1.46923053
    1.43347812 1.43653774 1.54317296 1.37010634 1.56231642 0.938000321
    1.49936855 1.53890407 1.70671141 1.53823376 1.01724768 1.52950478
    0.809286773 0.98679924 0.957420349 0.739267588 1.55379438 1.62221622
    1.22956812 0.870500922 1.04732072 1.27929211 0.989031494 0.684470296
    1.32192159 1.42873478 0.663342535 1.06806016 1.17642999 1.55056846
    0.953186214 1.17259777 0.814432085 0.716384113 1.43795323 1.18902004
    1.60750842 1.34504056 1.50836945 1.00706482 1.12036669 1.20958233
    0.889759719 1.61219847 1.60267174 0.913012564 0.972957671 1.5422523
    1.65561128 0.830358982 0.889981389 0.994962811 1.48048902 0.89596808
    1.24047029 1.16899443 1.21810424 0.790441036 1.00727844 0.817298532
    1.26310802 1.08401287 0.847669363 1.23878992 1.38017809 0.591006815
    1.07907772 0.930853963 0.625041664 1.56678677 1.30864179 1.33113861
    1.49253631 1.40375304 0.759628117 1.51443839 1.55239618 1.62404668
    1.26793432 0.931743562 1.28257692 1.64076817 0.895352304 0.735479534
    0.940275848 1.01735663 1.0147326 1.07268381 1.33039665 0.932317376
    0.722642601 0.755268872 1.2225225 1.61513817 0.932893455 1.33811402
    0.87610662 1.08920598 0.748364031 1.21945274 1.15072906 1.45455694
    1.02505493 1.47747672 1.40874314 1.08176625 0.678937316 0.767679572
    0.787277162 1.06032443 1.46956027 1.68509626 0.749808729 0.97772783
    0.866029143 0.901031733 0.635926783 1.14531338 1.31682336 1.33241916
    0.644156873 1.4738822 0.695924103 0.751662016 1.42910111 1.23752522
    1.62987447 1.08427632 0.848318934 0.788758934 0.957564354
    0.709695876 1.47611129 1.30014062 0.730564237 0.993038297
    0.919242978 1.24872243 1.08365011 1.67244875 0.940072894 1.08857203
    1.66157508 1.31106257 1.67997587 0.934506834 1.47675991 1.28529036
    1.18723679 1.08722985 1.0559715 1.5600543 0.895408332 0.924030304
    0.581037343 0.850461543 1.35232782 1.15648174 1.16006935 1.569085
    0.716570437 0.610203505 0.652062356 1.08498192 1.02815545 1.64377546
    0.763344467 1.34275579 1.37413514 0.994948626 0.886964679 1.35146928
    0.979075491 1.39815414 1.23483205 1.3224194 1.5421766 1.03979659
    0.886990905 1.20295238 0.785492241 0.956766903 0.720055699
    1.13777745 0.923112869 1.46139121 1.31447089 0.850191534 1.40179455
    0.83157599 1.33197832 0.798294604 1.21289897 1.13601792 0.987135828
    1.52028382 1.48844934 1.12617373 1.60041988 1.47035646 1.09283912
    0.938656747 1.30238259 1.53344226 1.4717989 1.43141341 1.02934027
    1.35865605 1.64330447 1.47651446 1.213359 0.871671259 1.37551475
    0.793318868 1.35132372 0.868963122 1.0335629 1.23214543 1.29023528
    1.08800721 1.02085102 0.823280871 0.945676804 0.862708628 1.55802703
    0.952796936 1.11559486 1.42015505 1.67816269 1.19997919 1.28361893
    1.55061638 1.67219424 1.58847308 1.44331002 1.28843296 1.48549199
    1.27538908 0.896751404 1.15990317 1.11836803 1.11058927 0.756312907
    1.39504015 1.27799487 1.34633565 1.2227546 1.23866212 1.40116251
    1.11197829 0.715859234 0.759732664 1.28953969 0.803075612 1.49358249
    0.826502025 1.17739999 0.744191408 1.53687859 0.909353614 1.0533793
    1.4920944 1.12258255 1.14925122 1.17425585 0.718432367 1.37994874
    1.36441708 0.676230848 1.18384159 1.07327807 1.26628637 1.11470878
    1.14259696 1.29583633 1.44461596 0.754339993 0.643267393 1.01989126
    0.832952321 1.45016122 0.913594306 0.663204312 1.4433502 1.53598869
    1.20221376 0.828135014 1.405563 0.82694304 1.08189917 0.786062539
    0.894917428 1.34937131 1.0685817 1.79701436 0.770962119 1.26165152
    0.843467951 1.11405623 1.26084721 0.729894102 1.08985043 1.29747891
    1.41729319 0.728490174 1.59032106 0.676358879 1.61349392 1.18277931
    1.39686322 1.13355529 1.65697706 1.52638614 0.705322266 0.70670861
    0.720977843 1.39419079 1.50863039 1.24017942 1.44500935 0.988555253
    0.589200199 1.04715621 0.67481333 0.822112978 1.19408798 0.822744191
    0.927412808 0.774026036 1.35730302 1.2127372 0.98406899 1.39406753
    0.92136848 1.06917548 1.20719349 0.877084672 0.628743172 0.575823009
    1.33181179 0.629285932 1.28285861 1.25307906 0.810098588 1.09295416
    1.12719226 1.64020896 0.947480977 1.41246402 0.653576255 1.05588269
    1.2663219 0.771340013 1.48668301 1.33891416 1.21969283 1.06449068
    1.57293785 1.14734924 0.692745626 1.26532662 1.08235109 0.831646323
    0.879286528 1.11922574 1.61721253 1.39833367 1.17066276 0.820331514
    1.2794776 1.69110489 1.32906866 0.733531713 1.22368181 1.34412897
    0.822370589 1.31306744 1.48104489 1.41819525 1.59586132 1.04391766
    1.53419983 0.642105758 1.23823333 1.54982316 0.982789218 0.946491659
    1.35382605 1.13892829 1.02238762 0.84416008 1.29458845 1.1192987
    1.55965996 1.64786983 1.2772001 0.920593202 1.63923824 1.39820385
    1.38630652 1.3910991 0.926073849 1.01302135 1.08625007 0.884455442
    1.06176078 1.19352496 0.770148873 0.828893244 1.19530332 1.49908769
    0.629643083 1.43075287 0.989894986 1.15654278 1.26315808 0.625687897
    0.652586758 1.0768882 1.44623041 1.49037576 0.947954178 1.54501843
    1.17690301 1.38133478 1.55258524 0.77399832 1.66252482 0.720956922
    1.44307327 1.39734256 0.814459622 1.44069314 1.18732417 0.653616607
    0.69656539 0.99449873 1.11008918 1.36820054 0.696371853 0.950374842
    1.60485482 0.636669993 1.11278486 0.798115611 0.964742959
    0.752764463 0.821431339 1.08442187 0.694193006 0.775872886
    0.845990837 1.30794394 1.40784168 1.08881891 1.34144783 1.0367614
    1.10401404 1.57765925 1.60875452 1.10950053 1.49827445 1.65017521
    1.59354937 1.08939469 0.842201948 1.03241229 0.981212854 1.39471471
    1.3927319 0.954004288 1.52301311 1.00856376 1.06853783 1.55337787
    0.824331284 1.52285409 0.935660958 0.750727534 1.47623825 1.06726706
    1.49276388 0.996112108 1.63813436 1.70131278 1.52271283 0.879437089
    1.66808379 1.65826559 1.17160058 1.18800557 0.823779285 1.28292441
    0.705933571 1.00905919 1.51954377 1.25748646 1.37237203 1.49101484
    0.905979335 1.03767097 1.09682012 1.45495856 0.666871369 1.63333952
    0.866145551 1.28345656 1.51694465 0.986594617 0.848184586 1.23825383
    1.21185327 0.882796228 1.09699512 1.60610926 1.14252758 1.14064884
    1.30957878 0.930110455 1.53926587 1.56767321 0.879035056 0.688273787
    0.681947351 1.22663176 0.986253381 1.56224537 1.05720055 1.58333814
    1.60026503 1.4388721 0.736347377 1.16207886 1.37929523 1.53405595
    1.45882154 0.618881822 0.962747753 1.3978883 1.15775275 1.16167307
    0.618482232 0.822989285 1.12233615 0.696306288 1.59198904
    0.920334578 1.21357691 0.850942552 1.59354854 1.37578499 1.13896453
    1.60857332 0.816890001 1.14819849 1.34753633 1.04460025 1.57024848
    1.46708512 0.762781858 1.53008199 1.49095511 0.989858806 1.04628444
    1.62678885 0.764166653 1.10368836 1.53844786 1.59245741 1.27311075
    1.09230542 1.04997432 1.32322133 1.38806462 0.711667776 1.16981375
    1.47508562 1.18734848 0.936038554 1.11210978 0.646032035 1.05339146
    1.08619869 0.980165839 0.752046704 1.19319522 1.65867901 0.801493824
    0.875776589 1.54258299 1.56788003 0.666072607 0.712671816 1.26259446
    1.28766835 1.02927828 0.648178279 1.57485282 0.675644934 0.701787114
    1.02968168 1.14811766 0.733025551 0.714532316 0.95243156 1.25776064
    1.48457766 0.737409055 1.55792427 1.08771074 0.75388962 0.696383178
    1.05400765 0.733237088 0.681604087 1.33011734 1.57456219 1.34551752
    1.17719555 1.18805504 1.0258342 1.64373279 1.53050756 1.65785718
    1.69234359 0.826141894 1.3278743 1.17781663 1.28191173 0.624275386
    0.805181682 1.37789285 0.961026907 1.17989874 1.07719493 0.586874008
    1.54482949 0.716132164 0.770704865 0.733258724 0.806320548 1.4958638
    1.68362784 1.3622359 1.47305012 1.40836346 1.5030241 1.49147117
    0.805455327 0.846169949 0.687095284 0.865085304 1.7159251 1.0374558
    1.30840731 1.17196417 1.29088247 1.30536532 0.788667023 1.15087914
    0.613996029 1.1054014 1.40874195 0.550657928 1.43131101 1.03208065
    0.736445308 0.916788876 0.857023478 0.995819986 0.688159347
    1.37866747 0.810110033 0.673284054 0.70241642 0.643194914
    0.761907518 1.54334843 1.36003482 0.650255322 0.700562358
    0.862049222 0.877112687 0.854747355 1.24510515 1.41133153 1.70600772
    0.970907152 1.20528114 1.30094326 0.899986148 1.31981301 0.916507363
    1.01628888 0.878677547 0.77385205 1.49247432 1.45045173 0.896369696
    0.826024771 1.51394033 1.06891072 1.53749645 0.99651593 0.70174253
    0.82865423 1.30424297 1.61075473 0.833138645 1.39659488 0.925099075
    1.23420811 1.49450076 1.53073084 1.44164324 1.50514603 0.886295378
    1.31468689 1.63684487 0.960618317 1.63952506 1.14706862 0.781504989
    1.00898039 0.858294427 0.779126108 0.708800435 0.745767236
    1.18379939 1.63117015 1.17771912 1.65526593 1.17693162 1.40781164
    1.09814537 1.09759009 1.27658796 0.898020983 1.00883865 1.38536501
    0.841210425 1.0957979 0.862921417 1.6473496 1.26583934 1.1378442
    1.20467675 1.60888982 0.940834165 1.51866305 1.06927276 1.34592485
    1.50368369 1.13517737 1.1845392 0.938560069 1.63263857 1.26475406
    1.40090454 1.08134437 1.23822093 1.2768141 1.16689932 1.11926222
    0.708598137 0.993301451 0.641733825 0.948096931 1.2582283
    0.785972357 1.34882569 1.31499302 0.885569274 1.7549541 1.03476441
    1.22311425 0.705515027 1.38487625 1.35203564 0.650234759 0.645368993
    1.29061711 1.13318861 1.59818459 0.679856062 0.958647788 1.54172373
    0.754222333 1.03564966 1.51340997 0.704553783 0.671413243 1.42007864
    1.08804274 0.905696332 1.32597268 1.2143569 0.957090259 1.58336389
    1.09292543 0.944263697 0.989590168 1.62763965 1.42908895 1.29729843
    1.52224028 1.33338535 1.45500624 1.56611359 1.03458548 1.04929423
    0.930232286 1.47502279 1.35200179 1.48847544 0.870394647 1.53421807
    0.835598707 0.822339535 0.880624115 0.958339751 1.20514596
    1.14118111 1.47592044 1.26708329 1.43490291 1.43216431 0.638532579
    1.02718806 1.38494647 0.961662412 1.298316 1.36101627 1.1780653
    0.710152328 1.6024313 0.876943767 1.28125656 1.34500563 1.65543032
    0.917652249 0.898456931 0.93209523 0.894869506 1.70138073 1.11232316
    0.698687434 0.965966523 1.0938518 0.536591649 1.02092683 1.54173672
    1.35973144 1.53712726 1.01519978 1.48757565 1.51073682 1.00069928
    1.10465217 0.833011746 1.21568179 0.942804754 0.786374748 1.13669026
    0.855162442 1.34175026 1.37725222 0.576950073 0.708672285 1.33353031
    0.870603204 1.07329464 1.48136306 0.813119054 0.602425754 1.58509851
    0.958835304 1.21055663 1.1100179 1.21636558 1.45056224 1.36252308
    1.53141201 0.718086004 1.11807418 1.31906879 0.927772462 1.28098369
    0.866790831 1.36995947 0.792576015 1.23392844 1.53199339 0.638818204
    0.87897402 1.22281611 0.95901531 1.38067174 0.933326483 1.37800944
    1.36558211 0.759791017 1.35324788 1.2386378 1.4839927 1.0942477
    1.45423186 1.17955732 1.43026292 1.31567574 1.68142903 1.3269062
    0.845456243 0.831120193 1.1720351 1.21594167 0.784771204 1.41628277
    0.587762952 0.792809546 0.544465303 0.905090034 0.923344851
    1.06508255 1.21788836 0.974503338 0.742212117 0.822606146
    0.928470731 0.986949921 1.37881947 0.596629262 0.862520456
    0.996752977 1.17369866 1.52805316 1.7093302 0.955181301 1.07951927
    0.702034235 0.640962362 0.865511596 1.09348702 0.914633989
    1.28128707 1.58342874 0.705946386 0.704901576 0.731090784
    0.986581504 1.44912446 1.47421789 1.56503403 1.07961845 1.58148837
    1.00226855 0.819659412 1.60171676 0.703839779 0.739276409 1.55356288
    1.08779669 0.7714656 1.59355271 0.925875247 0.693637967 0.759111464
    0.974467993 1.4957552 1.26148772 1.59423792 0.962671995 0.786736608
    1.68392193 1.35671031 0.784265518 1.08083701 1.25161529 1.29605472
    0.931156516 1.12009573 1.19714081 0.717620313 1.21211123 1.34646392
    1.45203495 1.40970087 0.787325919 0.681799948 0.771789193
    0.909133434 0.643352151 0.867117405 0.973323882 0.905558109
    1.24584031 1.46521485 0.972090304 0.771251321 1.32844734 0.804801881
    1.39046705 0.982375801 1.4417696 0.686928928 1.53294265 0.796061933
    0.924012303 1.60145366 0.881581783 0.756916523 0.976445913
    0.801656902 1.19291949 0.765452623 0.820372462 1.09734941
    0.727951765 1.16981006 0.917904973 1.14359069 0.780154824 1.56725347
    1.5629797 0.79274261 1.34696639 1.41975641 1.23812759 1.17003596
    1.20987785 1.411533 1.54130101 1.01048768 1.07945132 1.6042738
    1.58979499 1.38226354 0.757013619 1.47745728 0.919309497 1.33099318
    1.46907854 0.775818706 0.707188785 1.44806242 1.51304018 0.658949852
    0.755269349 0.617010176 0.769272208 1.02765656 0.970520318
    1.20399284 0.76355207 1.31816375 0.653138161 1.06272113 1.43984914
    1.47212791 1.57891023 1.45584953 1.33216417 1.39580786 1.18710184
    0.962682009 1.19578147 0.845366955 0.789245546 1.3723098 0.803615093
    0.962816536 0.67450285 1.18403327 0.825221717 0.661441386
    0.958968103 1.23969412 1.57681453 1.10733938 1.51154172 1.22078586
    1.4526521 1.4417063 0.62467438 0.913648903 0.811825037 0.750233769
    1.35219991 0.786757767 1.36177683 1.03868961 0.801616609 1.4440161
    1.24401927 1.58860517 1.6656251 1.33518136 0.810649395 1.40603614
    1.01661515 1.50439775 1.62061489 0.732171893 1.00618708 0.685920477
    1.11251819 0.64713788 0.609089136 0.699416757 1.19286919 0.778974771
    1.55555034 1.20214498 0.88102603 0.692858577 1.44690239 0.863139987
    1.14922214 1.50455856 1.55464554 0.591646075 1.49747407 0.962916911
    0.596029043 0.832666695 1.54187489 0.624135017 1.41409051
    0.785470366 1.46793687 0.675823152 1.14295936 1.44939411 1.09235966
    1.34269595 1.39769614 1.77924335 1.73507452 0.944115579 1.63008463
    1.13530135 1.42287445 0.900506794 0.770249426 1.63669908 0.956443965
    1.52847934 1.3757602 0.977578461 1.29834259 0.718367636 0.957545459
    1.2824595 1.22838342 1.645118 1.52223289 1.53804255 1.16177487
    1.03149557 1.03197515 0.725161195 0.871122301 1.68787539 1.67785132
    1.56610632 1.03585494 0.999892354 1.58879411 0.820246398 1.6172514
    1.22741652 0.777840257 1.49974322 0.677410185 1.23355913 0.981525242
    0.814613283 0.699025452 0.624228418 1.24869215 1.31667304 1.16827404
    1.47650158 0.622730136 0.833471179 0.688542247 1.18467224 0.61698246
    1.33911359 1.15197361 1.3262347 1.07271612 1.15037644 1.46534729
    1.39880693 1.65776289 1.20085227 0.991850913 1.45689237 0.791027129</data></your_img>
</opencv_storage>
