<?xml version="1.0"?>
<opencv_storage>
<L2_diff>4398.7742610868318</L2_diff>
<hue>60</hue>
<sensitivity>10</sensitivity>
<test_foreg type_id="opencv-matrix">
  <rows>30</rows>
  <cols>20</cols>
  <dt>"3u"</dt>
  <data>
    57 175 69 242 54 74 163 141 188 70 77 44 56 185 252 174 222 184 61
    145 254 57 57 195 100 63 3 164 178 236 143 224 157 214 1 189 186 32
    119 218 191 201 93 143 0 62 137 96 253 198 92 165 17 120 115 196 61
    22 123 248 29 246 235 157 25 152 124 5 145 76 250 164 203 31 100 146
    134 18 37 139 79 201 139 178 252 199 174 161 86 228 81 236 168 135
    115 4 88 29 123 225 2 51 33 232 8 221 42 64 180 93 56 27 136 174 245
    137 125 193 244 51 203 15 238 233 180 23 191 240 106 20 198 101 69
    133 44 51 152 250 242 61 204 94 110 127 126 81 63 217 55 98 145 146
    185 60 221 56 219 11 200 126 211 142 111 154 1 93 117 53 154 84 142
    234 173 202 3 106 124 199 141 247 34 171 0 30 62 122 161 107 251 211
    238 232 154 109 114 48 67 224 161 47 179 132 132 189 130 4 188 228
    143 192 219 104 183 153 12 221 86 159 167 3 228 107 175 83 238 172
    58 140 92 116 227 154 207 175 129 77 181 157 49 144 73 251 160 68
    160 208 65 10 218 247 44 116 201 72 51 38 248 230 69 101 153 17 32
    57 28 166 234 144 34 135 176 159 14 160 12 63 174 55 176 230 89 78
    96 169 7 79 170 59 103 7 47 16 148 225 231 165 201 156 104 26 161
    145 16 107 35 213 49 127 241 107 206 0 93 47 117 95 80 252 143 204
    198 243 115 160 188 58 229 175 28 14 135 180 116 255 48 139 71 95 79
    79 39 28 101 140 10 182 87 152 220 176 109 227 119 173 140 135 246
    94 103 135 183 175 190 117 247 76 189 96 90 104 31 167 22 56 138 232
    85 129 144 72 162 102 19 197 65 157 174 171 251 222 188 165 137 113
    220 49 247 107 243 123 45 163 101 4 53 72 88 178 220 221 173 60 68
    109 172 1 217 5 145 189 104 153 243 38 193 163 66 242 43 170 50 166
    112 209 74 137 254 185 164 247 87 247 0 187 236 51 62 196 106 136
    237 212 171 43 107 45 170 170 162 109 228 121 59 12 175 169 226 195
    73 243 102 164 203 208 5 145 141 25 90 147 80 17 187 7 15 98 148 246
    98 196 231 180 187 94 58 229 147 85 92 174 143 126 41 218 170 221
    213 231 219 157 119 211 157 113 109 102 78 100 233 45 172 119 109
    175 22 168 103 111 153 142 148 199 107 189 161 250 23 28 112 93 42
    188 241 37 152 85 39 80 100 179 214 204 131 161 24 91 252 173 75 131
    157 170 151 174 25 52 220 12 33 220 52 92 237 221 200 59 48 92 104
    146 109 142 131 125 227 16 4 250 198 247 67 224 209 23 165 199 175
    32 145 210 198 81 249 173 147 126 71 242 159 101 159 83 40 181 152
    221 150 170 244 91 170 121 83 87 175 72 81 171 6 1 8 224 237 133 80
    143 228 27 130 35 233 192 243 251 224 121 229 110 23 232 138 5 88
    185 96 192 154 53 124 205 203 251 7 43 236 139 231 42 194 30 246 112
    181 40 219 66 35 252 98 39 154 63 209 6 223 174 220 44 117 119 188
    47 164 206 218 168 250 227 27 31 31 93 132 238 246 88 250 145 171
    228 3 160 242 186 56 61 215 71 60 97 38 17 106 77 136 214 106 113
    250 228 172 149 195 52 207 172 228 5 161 86 222 235 64 162 133 129
    99 225 112 143 11 158 136 30 12 76 66 30 2 133 143 70 197 175 224 10
    42 142 167 174 107 39 104 85 180 123 2 162 228 124 13 110 8 146 9
    189 50 29 137 48 233 141 67 66 232 126 236 137 204 134 170 19 120
    105 189 8 217 151 201 222 164 129 121 72 79 241 71 113 158 161 217
    111 120 40 188 203 21 131 254 90 38 247 93 90 79 112 214 216 152 87
    225 232 101 161 90 222 90 83 163 45 50 234 97 124 141 1 244 247 153
    61 114 126 116 89 97 111 61 85 143 221 22 206 148 147 108 69 198 45
    149 44 72 187 147 197 29 183 37 219 90 103 4 13 249 163 204 169 248
    47 78 100 150 17 75 218 96 70 234 147 182 165 172 133 42 111 13 164
    96 239 121 39 55 28 11 58 83 69 41 240 195 240 33 7 216 66 79 120
    202 201 4 20 178 146 153 111 92 41 242 92 172 153 80 1 87 32 9 4 157
    80 140 238 68 180 52 135 145 85 212 205 147 243 45 49 133 6 195 209
    126 97 143 63 98 103 184 199 38 147 239 187 72 137 73 197 7 212 236
    99 176 19 72 50 56 0 164 143 115 240 7 135 162 78 227 119 117 216 24
    99 17 151 186 139 207 20 253 162 104 143 52 165 75 79 170 245 192
    163 249 64 69 118 141 78 231 58 64 248 204 31 79 28 225 210 82 24 5
    233 155 243 70 75 5 23 22 94 198 52 254 2 223 83 77 148 141 132 60
    97 41 86 34 250 133 236 10 87 226 222 46 159 82 61 12 118 61 237 187
    121 120 241 145 90 219 8 169 28 111 216 191 42 154 58 77 195 111 71
    8 68 171 227 166 181 61 227 157 147 72 30 53 135 234 135 166 149 219
    188 195 228 25 115 177 212 154 109 110 87 121 103 217 21 232 117 17
    241 65 88 143 4 82 48 126 54 190 151 55 70 94 36 116 218 132 3 211
    185 123 201 236 109 8 222 161 78 76 95 192 121 81 100 82 134 237 191
    2 186 174 57 232 169 93 67 147 231 100 162 115 79 255 3 125 137 121
    118 58 8 142 146 51 211 227 79 157 218 61 41 181 189 16 186 7 138
    141 237 39 99 15 120 249 227 230 184 4 213 225 73 92 83 124 55 29
    231 96 42 243 107 26 79 160 142 172 112 238 160 250 135 133 99 219
    211 97 201 165 247 38 94 170 29 46 76 144 246 104 39 47 219 194 152
    197 45 40 241 20 144 226 164 78 255 87 205 43 114 65 17 27 46 106
    131 112 234 90 195 2 223 53 123 36 238 70 52 95 235 51 107 23 151 31
    107 42 163 71 69 58 190 28 168 195 105 36 242 2 3 85 28 45 31 201
    147 142 253 117 236 106 63 235 98 74 82 25 7 125 56 242 97 148 213
    243 132 1 123 133 203 98 83 244 79 147 219 67 214 148 233 69 91 22
    38 66 69 168 82 60 81 136 109 211 218 168 108 220 82 92 55 44 204 40
    203 32 35 16 203 173 146 24 150 81 139 43 211 95 188 15 105 22 145
    157 96 221 110 142 31 87 92 131 14 15 12 218 125 251 30 242 202 213
    171 63 209 110 227 39 50 98 234 125 181 95 29 80 151 248 205 220 214
    101 7 10 75 241 115 118 73 20 6 138 246 171 233 230 39 234 2 138 243
    197 46 204 112 179 2 181 164 48 15 140 238 193 74 224 87 2 78 125
    112 177 220 196 81 215 79 173 135 70 56 217 143 56 194 10 204 207 74
    205 184 210 234 192 82 177 4 59 195 227 2 237 98 119 105 142 224 11
    61 144 116 133 51 180 220 236 9 186 69 220 222 51 146 247 69 247 0
    223 179 70 183 183 12 35 205 179 35 12 172 76 93 65 98 26 101 44 90
    127 167 130 33 183 253 146 109 135 140 99 248 159 57 182 250 240 173
    101 106 9 55 107 187 10 122 220 114 153 231 2 46 230 61 182 145 220
    145 70 99 199 102 154 189 217 234 4 145 100 157 70 76 187 125 220
    113 170 133 56 26 193 193 37 229 20 116 83 77 108 149 71 26 32 152
    36 102 201 43 158 173 190 46 160 212 238 132 115 121 66 14 173 127
    197 15 74 209 125 15 72 6 91 131 132 207 185 175 117 219 94 41 80 85
    197 80 19 104 129 30 51 148 77 143 118 109 121 151 181 139 19 171
    152 151 56 138 70 255 34 125 254 22 89 148 62 3 58 113 3 36 162 71
    87 205 203 178 230 121 62 226 59 105 144 124 76 120 63 159 164 212
    126 119 44 165 248 133 40 236 74 29 152 189 2 126 124 5 61 0 240 5
    55 143 204 55 189 213 170 213 12 108 243 80 59 67 113 82 51 77 113 7
    228 223 198 210 116 133 173 36 233 235 83 141 71 128 106 227 163 194
    73 203</data></test_foreg>
<test_backg type_id="opencv-matrix">
  <rows>60</rows>
  <cols>40</cols>
  <dt>"3u"</dt>
  <data>
    128 128 128 128 128 128 128 128 128 128 128 128 128 128 128 128 128
    128 128 128 128 128 128 128 128 128 128 128 128 128 128 128 128 128
    128 128 128 128 128 128 128 128 128 128 128 128 128 128 128 128 128
    128 128 128 128 128 128 128 128 128 128 128 128 128 128 128 128 128
    128 128 128 128 128 128 128 128 128 128 128 128 128 128 128 128 128
    128 128 128 128 128 128 128 128 128 128 128 128 128 128 128 128 128
    128 128 128 128 128 128 128 128 128 128 128 128 128 128 128 128 128
    128 128 128 128 128 128 128 128 128 128 128 128 128 128 128 128 128
    128 128 128 128 128 128 128 128 128 128 128 128 128 128 128 128 128
    128 128 128 128 128 128 128 128 128 128 128 128 128 128 128 128 128
    128 128 128 128 128 128 128 128 128 128 128 128 128 128 128 128 128
    128 128 128 128 128 128 128 128 128 128 128 128 128 128 128 128 128
    128 128 128 128 128 128 128 128 128 128 128 128 128 128 128 128 128
    128 128 128 128 128 128 128 128 128 128 128 128 128 128 128 128 128
    128 128 128 128 128 128 128 128 128 128 128 128 128 128 128 128 128
    128 128 128 128 128 128 128 128 128 128 128 128 128 128 128 128 128
    128 128 128 128 128 128 128 128 128 128 128 128 128 128 128 128 128
    128 128 128 128 128 128 128 128 128 128 128 128 128 128 128 128 128
    128 128 128 128 128 128 128 128 128 128 128 128 128 128 128 128 128
    128 128 128 128 128 128 128 128 128 128 128 128 128 128 128 128 128
    128 128 128 128 128 128 128 128 128 128 128 128 128 128 128 128 128
    128 128 128 128 128 128 128 128 128 128 128 128 128 128 128 128 128
    128 128 128 128 128 128 128 128 128 128 128 128 128 128 128 128 128
    128 128 128 128 128 128 128 128 128 128 128 128 128 128 128 128 128
    128 128 128 128 128 128 128 128 128 128 128 128 128 128 128 128 128
    128 128 128 128 128 128 128 128 128 128 128 128 128 128 128 128 128
    128 128 128 128 128 128 128 128 128 128 128 128 128 128 128 128 128
    128 128 128 128 128 128 128 128 128 128 128 128 128 128 128 128 128
    128 128 128 128 128 128 128 128 128 128 128 128 128 128 128 128 128
    128 128 128 128 128 128 128 128 128 128 128 128 128 128 128 128 128
    128 128 128 128 128 128 128 128 128 128 128 128 128 128 128 128 128
    128 128 128 128 128 128 128 128 128 128 128 128 128 128 128 128 128
    128 128 128 128 128 128 128 128 128 128 128 128 128 128 128 128 128
    128 128 128 128 128 128 128 128 128 128 128 128 128 128 128 128 128
    128 128 128 128 128 128 128 128 128 128 128 128 128 128 128 128 128
    128 128 128 128 128 128 128 128 128 128 128 128 128 128 128 128 128
    128 128 128 128 128 128 128 128 128 128 128 128 128 128 128 128 128
    128 128 128 128 128 128 128 128 128 128 128 128 128 128 128 128 128
    128 128 128 128 128 128 128 128 128 128 128 128 128 128 128 128 128
    128 128 128 128 128 128 128 128 128 128 128 128 128 128 128 128 128
    128 128 128 128 128 128 128 128 128 128 128 128 128 128 128 128 128
    128 128 128 128 128 128 128 128 128 128 128 128 128 128 128 128 128
    128 128 128 128 128 128 128 128 128 128 128 128 128 128 128 128 128
    128 128 128 128 128 128 128 128 128 128 128 128 128 128 128 128 128
    128 128 128 128 128 128 128 128 128 128 128 128 128 128 128 128 128
    128 128 128 128 128 128 128 128 128 128 128 128 128 128 128 128 128
    128 128 128 128 128 128 128 128 128 128 128 128 128 128 128 128 128
    128 128 128 128 128 128 128 128 128 128 128 128 128 128 128 128 128
    128 128 128 128 128 128 128 128 128 128 128 128 128 128 128 128 128
    128 128 128 128 128 128 128 128 128 128 128 128 128 128 128 128 128
    128 128 128 128 128 128 128 128 128 128 128 128 128 128 128 128 128
    128 128 128 128 128 128 128 128 128 128 128 128 128 128 128 128 128
    128 128 128 128 128 128 128 128 128 128 128 128 128 128 128 128 128
    128 128 128 128 128 128 128 128 128 128 128 128 128 128 128 128 128
    128 128 128 128 128 128 128 128 128 128 128 128 128 128 128 128 128
    128 128 128 128 128 128 128 128 128 128 128 128 128 128 128 128 128
    128 128 128 128 128 128 128 128 128 128 128 128 128 128 128 128 128
    128 128 128 128 128 128 128 128 128 128 128 128 128 128 128 128 128
    128 128 128 128 128 128 128 128 128 128 128 128 128 128 128 128 128
    128 128 128 128 128 128 128 128 128 128 128 128 128 128 128 128 128
    128 128 128 128 128 128 128 128 128 128 128 128 128 128 128 128 128
    128 128 128 128 128 128 128 128 128 128 128 128 128 128 128 128 128
    128 128 128 128 128 128 128 128 128 128 128 128 128 128 128 128 128
    128 128 128 128 128 128 128 128 128 128 128 128 128 128 128 128 128
    128 128 128 128 128 128 128 128 128 128 128 128 128 128 128 128 128
    128 128 128 128 128 128 128 128 128 128 128 128 128 128 128 128 128
    128 128 128 128 128 128 128 128 128 128 128 128 128 128 128 128 128
    128 128 128 128 128 128 128 128 128 128 128 128 128 128 128 128 128
    128 128 128 128 128 128 128 128 128 128 128 128 128 128 128 128 128
    128 128 128 128 128 128 128 128 128 128 128 128 128 128 128 128 128
    128 128 128 128 128 128 128 128 128 128 128 128 128 128 128 128 128
    128 128 128 128 128 128 128 128 128 128 128 128 128 128 128 128 128
    128 128 128 128 128 128 128 128 128 128 128 128 128 128 128 128 128
    128 128 128 128 128 128 128 128 128 128 128 128 128 128 128 128 128
    128 128 128 128 128 128 128 128 128 128 128 128 128 128 128 128 128
    128 128 128 128 128 128 128 128 128 128 128 128 128 128 128 128 128
    128 128 128 128 128 128 128 128 128 128 128 128 128 128 128 128 128
    128 128 128 128 128 128 128 128 128 128 128 128 128 128 128 128 128
    128 128 128 128 128 128 128 128 128 128 128 128 128 128 128 128 128
    128 128 128 128 128 128 128 128 128 128 128 128 128 128 128 128 128
    128 128 128 128 128 128 128 128 128 128 128 128 128 128 128 128 128
    128 128 128 128 128 128 128 128 128 128 128 128 128 128 128 128 128
    128 128 128 128 128 128 128 128 128 128 128 128 128 128 128 128 128
    128 128 128 128 128 128 128 128 128 128 128 128 128 128 128 128 128
    128 128 128 128 128 128 128 128 128 128 128 128 128 128 128 128 128
    128 128 128 128 128 128 128 128 128 128 128 128 128 128 128 128 128
    128 128 128 128 128 128 128 128 128 128 128 128 128 128 128 128 128
    128 128 128 128 128 128 128 128 128 128 128 128 128 128 128 128 128
    128 128 128 128 128 128 128 128 128 128 128 128 128 128 128 128 128
    128 128 128 128 128 128 128 128 128 128 128 128 128 128 128 128 128
    128 128 128 128 128 128 128 128 128 128 128 128 128 128 128 128 128
    128 128 128 128 128 128 128 128 128 128 128 128 128 128 128 128 128
    128 128 128 128 128 128 128 128 128 128 128 128 128 128 128 128 128
    128 128 128 128 128 128 128 128 128 128 128 128 128 128 128 128 128
    128 128 128 128 128 128 128 128 128 128 128 128 128 128 128 128 128
    128 128 128 128 128 128 128 128 128 128 128 128 128 128 128 128 128
    128 128 128 128 128 128 128 128 128 128 128 128 128 128 128 128 128
    128 128 128 128 128 128 128 128 128 128 128 128 128 128 128 128 128
    128 128 128 128 128 128 128 128 128 128 128 128 128 128 128 128 128
    128 128 128 128 128 128 128 128 128 128 128 128 128 128 128 128 128
    128 128 128 128 128 128 128 128 128 128 128 128 128 128 128 128 128
    128 128 128 128 128 128 128 128 128 128 128 128 128 128 128 128 128
    128 128 128 128 128 128 128 128 128 128 128 128 128 128 128 128 128
    128 128 128 128 128 128 128 128 128 128 128 128 128 128 128 128 128
    128 128 128 128 128 128 128 128 128 128 128 128 128 128 128 128 128
    128 128 128 128 128 128 128 128 128 128 128 128 128 128 128 128 128
    128 128 128 128 128 128 128 128 128 128 128 128 128 128 128 128 128
    128 128 128 128 128 128 128 128 128 128 128 128 128 128 128 128 128
    128 128 128 128 128 128 128 128 128 128 128 128 128 128 128 128 128
    128 128 128 128 128 128 128 128 128 128 128 128 128 128 128 128 128
    128 128 128 128 128 128 128 128 128 128 128 128 128 128 128 128 128
    128 128 128 128 128 128 128 128 128 128 128 128 128 128 128 128 128
    128 128 128 128 128 128 128 128 128 128 128 128 128 128 128 128 128
    128 128 128 128 128 128 128 128 128 128 128 128 128 128 128 128 128
    128 128 128 128 128 128 128 128 128 128 128 128 128 128 128 128 128
    128 128 128 128 128 128 128 128 128 128 128 128 128 128 128 128 128
    128 128 128 128 128 128 128 128 128 128 128 128 128 128 128 128 128
    128 128 128 128 128 128 128 128 128 128 128 128 128 128 128 128 128
    128 128 128 128 128 128 128 128 128 128 128 128 128 128 128 128 128
    128 128 128 128 128 128 128 128 128 128 128 128 128 128 128 128 128
    128 128 128 128 128 128 128 128 128 128 128 128 128 128 128 128 128
    128 128 128 128 128 128 128 128 128 128 128 128 128 128 128 128 128
    128 128 128 128 128 128 128 128 128 128 128 128 128 128 128 128 128
    128 128 128 128 128 128 128 128 128 128 128 128 128 128 128 128 128
    128 128 128 128 128 128 128 128 128 128 128 128 128 128 128 128 128
    128 128 128 128 128 128 128 128 128 128 128 128 128 128 128 128 128
    128 128 128 128 128 128 128 128 128 128 128 128 128 128 128 128 128
    128 128 128 128 128 128 128 128 128 128 128 128 128 128 128 128 128
    128 128 128 128 128 128 128 128 128 128 128 128 128 128 128 128 128
    128 128 128 128 128 128 128 128 128 128 128 128 128 128 128 128 128
    128 128 128 128 128 128 128 128 128 128 128 128 128 128 128 128 128
    128 128 128 128 128 128 128 128 128 128 128 128 128 128 128 128 128
    128 128 128 128 128 128 128 128 128 128 128 128 128 128 128 128 128
    128 128 128 128 128 128 128 128 128 128 128 128 128 128 128 128 128
    128 128 128 128 128 128 128 128 128 128 128 128 128 128 128 128 128
    128 128 128 128 128 128 128 128 128 128 128 128 128 128 128 128 128
    128 128 128 128 128 128 128 128 128 128 128 128 128 128 128 128 128
    128 128 128 128 128 128 128 128 128 128 128 128 128 128 128 128 128
    128 128 128 128 128 128 128 128 128 128 128 128 128 128 128 128 128
    128 128 128 128 128 128 128 128 128 128 128 128 128 128 128 128 128
    128 128 128 128 128 128 128 128 128 128 128 128 128 128 128 128 128
    128 128 128 128 128 128 128 128 128 128 128 128 128 128 128 128 128
    128 128 128 128 128 128 128 128 128 128 128 128 128 128 128 128 128
    128 128 128 128 128 128 128 128 128 128 128 128 128 128 128 128 128
    128 128 128 128 128 128 128 128 128 128 128 128 128 128 128 128 128
    128 128 128 128 128 128 128 128 128 128 128 128 128 128 128 128 128
    128 128 128 128 128 128 128 128 128 128 128 128 128 128 128 128 128
    128 128 128 128 128 128 128 128 128 128 128 128 128 128 128 128 128
    128 128 128 128 128 128 128 128 128 128 128 128 128 128 128 128 128
    128 128 128 128 128 128 128 128 128 128 128 128 128 128 128 128 128
    128 128 128 128 128 128 128 128 128 128 128 128 128 128 128 128 128
    128 128 128 128 128 128 128 128 128 128 128 128 128 128 128 128 128
    128 128 128 128 128 128 128 128 128 128 128 128 128 128 128 128 128
    128 128 128 128 128 128 128 128 128 128 128 128 128 128 128 128 128
    128 128 128 128 128 128 128 128 128 128 128 128 128 128 128 128 128
    128 128 128 128 128 128 128 128 128 128 128 128 128 128 128 128 128
    128 128 128 128 128 128 128 128 128 128 128 128 128 128 128 128 128
    128 128 128 128 128 128 128 128 128 128 128 128 128 128 128 128 128
    128 128 128 128 128 128 128 128 128 128 128 128 128 128 128 128 128
    128 128 128 128 128 128 128 128 128 128 128 128 128 128 128 128 128
    128 128 128 128 128 128 128 128 128 128 128 128 128 128 128 128 128
    128 128 128 128 128 128 128 128 128 128 128 128 128 128 128 128 128
    128 128 128 128 128 128 128 128 128 128 128 128 128 128 128 128 128
    128 128 128 128 128 128 128 128 128 128 128 128 128 128 128 128 128
    128 128 128 128 128 128 128 128 128 128 128 128 128 128 128 128 128
    128 128 128 128 128 128 128 128 128 128 128 128 128 128 128 128 128
    128 128 128 128 128 128 128 128 128 128 128 128 128 128 128 128 128
    128 128 128 128 128 128 128 128 128 128 128 128 128 128 128 128 128
    128 128 128 128 128 128 128 128 128 128 128 128 128 128 128 128 128
    128 128 128 128 128 128 128 128 128 128 128 128 128 128 128 128 128
    128 128 128 128 128 128 128 128 128 128 128 128 128 128 128 128 128
    128 128 128 128 128 128 128 128 128 128 128 128 128 128 128 128 128
    128 128 128 128 128 128 128 128 128 128 128 128 128 128 128 128 128
    128 128 128 128 128 128 128 128 128 128 128 128 128 128 128 128 128
    128 128 128 128 128 128 128 128 128 128 128 128 128 128 128 128 128
    128 128 128 128 128 128 128 128 128 128 128 128 128 128 128 128 128
    128 128 128 128 128 128 128 128 128 128 128 128 128 128 128 128 128
    128 128 128 128 128 128 128 128 128 128 128 128 128 128 128 128 128
    128 128 128 128 128 128 128 128 128 128 128 128 128 128 128 128 128
    128 128 128 128 128 128 128 128 128 128 128 128 128 128 128 128 128
    128 128 128 128 128 128 128 128 128 128 128 128 128 128 128 128 128
    128 128 128 128 128 128 128 128 128 128 128 128 128 128 128 128 128
    128 128 128 128 128 128 128 128 128 128 128 128 128 128 128 128 128
    128 128 128 128 128 128 128 128 128 128 128 128 128 128 128 128 128
    128 128 128 128 128 128 128 128 128 128 128 128 128 128 128 128 128
    128 128 128 128 128 128 128 128 128 128 128 128 128 128 128 128 128
    128 128 128 128 128 128 128 128 128 128 128 128 128 128 128 128 128
    128 128 128 128 128 128 128 128 128 128 128 128 128 128 128 128 128
    128 128 128 128 128 128 128 128 128 128 128 128 128 128 128 128 128
    128 128 128 128 128 128 128 128 128 128 128 128 128 128 128 128 128
    128 128 128 128 128 128 128 128 128 128 128 128 128 128 128 128 128
    128 128 128 128 128 128 128 128 128 128 128 128 128 128 128 128 128
    128 128 128 128 128 128 128 128 128 128 128 128 128 128 128 128 128
    128 128 128 128 128 128 128 128 128 128 128 128 128 128 128 128 128
    128 128 128 128 128 128 128 128 128 128 128 128 128 128 128 128 128
    128 128 128 128 128 128 128 128 128 128 128 128 128 128 128 128 128
    128 128 128 128 128 128 128 128 128 128 128 128 128 128 128 128 128
    128 128 128 128 128 128 128 128 128 128 128 128 128 128 128 128 128
    128 128 128 128 128 128 128 128 128 128 128 128 128 128 128 128 128
    128 128 128 128 128 128 128 128 128 128 128 128 128 128 128 128 128
    128 128 128 128 128 128 128 128 128 128 128 128 128 128 128 128 128
    128 128 128 128 128 128 128 128 128 128 128 128 128 128 128 128 128
    128 128 128 128 128 128 128 128 128 128 128 128 128 128 128 128 128
    128 128 128 128 128 128 128 128 128 128 128 128 128 128 128 128 128
    128 128 128 128 128 128 128 128 128 128 128 128 128 128 128 128 128
    128 128 128 128 128 128 128 128 128 128 128 128 128 128 128 128 128
    128 128 128 128 128 128 128 128 128 128 128 128 128 128 128 128 128
    128 128 128 128 128 128 128 128 128 128 128 128 128 128 128 128 128
    128 128 128 128 128 128 128 128 128 128 128 128 128 128 128 128 128
    128 128 128 128 128 128 128 128 128 128 128 128 128 128 128 128 128
    128 128 128 128 128 128 128 128 128 128 128 128 128 128 128 128 128
    128 128 128 128 128 128 128 128 128 128 128 128 128 128 128 128 128
    128 128 128 128 128 128 128 128 128 128 128 128 128 128 128 128 128
    128 128 128 128 128 128 128 128 128 128 128 128 128 128 128 128 128
    128 128 128 128 128 128 128 128 128 128 128 128 128 128 128 128 128
    128 128 128 128 128 128 128 128 128 128 128 128 128 128 128 128 128
    128 128 128 128 128 128 128 128 128 128 128 128 128 128 128 128 128
    128 128 128 128 128 128 128 128 128 128 128 128 128 128 128 128 128
    128 128 128 128 128 128 128 128 128 128 128 128 128 128 128 128 128
    128 128 128 128 128 128 128 128 128 128 128 128 128 128 128 128 128
    128 128 128 128 128 128 128 128 128 128 128 128 128 128 128 128 128
    128 128 128 128 128 128 128 128 128 128 128 128 128 128 128 128 128
    128 128 128 128 128 128 128 128 128 128 128 128 128 128 128 128 128
    128 128 128 128 128 128 128 128 128 128 128 128 128 128 128 128 128
    128 128 128 128 128 128 128 128 128 128 128 128 128 128 128 128 128
    128 128 128 128 128 128 128 128 128 128 128 128 128 128 128 128 128
    128 128 128 128 128 128 128 128 128 128 128 128 128 128 128 128 128
    128 128 128 128 128 128 128 128 128 128 128 128 128 128 128 128 128
    128 128 128 128 128 128 128 128 128 128 128 128 128 128 128 128 128
    128 128 128 128 128 128 128 128 128 128 128 128 128 128 128 128 128
    128 128 128 128 128 128 128 128 128 128 128 128 128 128 128 128 128
    128 128 128 128 128 128 128 128 128 128 128 128 128 128 128 128 128
    128 128 128 128 128 128 128 128 128 128 128 128 128 128 128 128 128
    128 128 128 128 128 128 128 128 128 128 128 128 128 128 128 128 128
    128 128 128 128 128 128 128 128 128 128 128 128 128 128 128 128 128
    128 128 128 128 128 128 128 128 128 128 128 128 128 128 128 128 128
    128 128 128 128 128 128 128 128 128 128 128 128 128 128 128 128 128
    128 128 128 128 128 128 128 128 128 128 128 128 128 128 128 128 128
    128 128 128 128 128 128 128 128 128 128 128 128 128 128 128 128 128
    128 128 128 128 128 128 128 128 128 128 128 128 128 128 128 128 128
    128 128 128 128 128 128 128 128 128 128 128 128 128 128 128 128 128
    128 128 128 128 128 128 128 128 128 128 128 128 128 128 128 128 128
    128 128 128 128 128 128 128 128 128 128 128 128 128 128 128 128 128
    128 128 128 128 128 128 128 128 128 128 128 128 128 128 128 128 128
    128 128 128 128 128 128 128 128 128 128 128 128 128 128 128 128 128
    128 128 128 128 128 128 128 128 128 128 128 128 128 128 128 128 128
    128 128 128 128 128 128 128 128 128 128 128 128 128 128 128 128 128
    128 128 128 128 128 128 128 128 128 128 128 128 128 128 128 128 128
    128 128 128 128 128 128 128 128 128 128 128 128 128 128 128 128 128
    128 128 128 128 128 128 128 128 128 128 128 128 128 128 128 128 128
    128 128 128 128 128 128 128 128 128 128 128 128 128 128 128 128 128
    128 128 128 128 128 128 128 128 128 128 128 128 128 128 128 128 128
    128 128 128 128 128 128 128 128 128 128 128 128 128 128 128 128 128
    128 128 128 128 128 128 128 128 128 128 128 128 128 128 128 128 128
    128 128 128 128 128 128 128 128 128 128 128 128 128 128 128 128 128
    128 128 128 128 128 128 128 128 128 128 128 128 128 128 128 128 128
    128 128 128 128 128 128 128 128 128 128 128 128 128 128 128 128 128
    128 128 128 128 128 128 128 128 128 128 128 128 128 128 128 128 128
    128 128 128 128 128 128 128 128 128 128 128 128 128 128 128 128 128
    128 128 128 128 128 128 128 128 128 128 128 128 128 128 128 128 128
    128 128 128 128 128 128 128 128 128 128 128 128 128 128 128 128 128
    128 128 128 128 128 128 128 128 128 128 128 128 128 128 128 128 128
    128 128 128 128 128 128 128 128 128 128 128 128 128 128 128 128 128
    128 128 128 128 128 128 128 128 128 128 128 128 128 128 128 128 128
    128 128 128 128 128 128 128 128 128 128 128 128 128 128 128 128 128
    128 128 128 128 128 128 128 128 128 128 128 128 128 128 128 128 128
    128 128 128 128 128 128 128 128 128 128 128 128 128 128 128 128 128
    128 128 128 128 128 128 128 128 128 128 128 128 128 128 128 128 128
    128 128 128 128 128 128 128 128 128 128 128 128 128 128 128 128 128
    128 128 128 128 128 128 128 128 128 128 128 128 128 128 128 128 128
    128 128 128 128 128 128 128 128 128 128 128 128 128 128 128 128 128
    128 128 128 128 128 128 128 128 128 128 128 128 128 128 128 128 128
    128 128 128 128 128 128 128 128 128 128 128 128 128 128 128 128 128
    128 128 128 128 128 128 128 128 128 128 128 128 128 128 128 128 128
    128 128 128 128 128 128 128 128 128 128 128 128 128 128 128 128 128
    128 128 128 128 128 128 128 128 128 128 128 128 128 128 128 128 128
    128 128 128 128 128 128 128 128 128 128 128 128 128 128 128 128 128
    128 128 128 128 128 128 128 128 128 128 128 128 128 128 128 128 128
    128 128 128 128 128 128 128 128 128 128 128 128 128 128 128 128 128
    128 128 128 128 128 128 128 128 128 128 128 128 128 128 128 128 128
    128 128 128 128 128 128 128 128 128 128 128 128 128 128 128 128 128
    128 128 128 128 128 128 128 128 128 128 128 128 128 128 128 128 128
    128 128 128 128 128 128 128 128 128 128 128 128 128 128 128 128 128
    128 128 128 128 128 128 128 128 128 128 128 128 128 128 128 128 128
    128 128 128 128 128 128 128 128 128 128 128 128 128 128 128 128 128
    128 128 128 128 128 128 128 128 128 128 128 128 128 128 128 128 128
    128 128 128 128 128 128 128 128 128 128 128 128 128 128 128 128 128
    128 128 128 128 128 128 128 128 128 128 128 128 128 128 128 128 128
    128 128 128 128 128 128 128 128 128 128 128 128 128 128 128 128 128
    128 128 128 128 128 128 128 128 128 128 128 128 128 128 128 128 128
    128 128 128 128 128 128 128 128 128 128 128 128 128 128 128 128 128
    128 128 128 128 128 128 128 128 128 128 128 128 128 128 128 128 128
    128 128 128 128 128 128 128 128 128 128 128 128 128 128 128 128 128
    128 128 128 128 128 128 128 128 128 128 128 128 128 128 128 128 128
    128 128 128 128 128 128 128 128 128 128 128 128 128 128 128 128 128
    128 128 128 128 128 128 128 128 128 128 128 128 128 128 128 128 128
    128 128 128 128 128 128 128 128 128 128 128 128 128 128 128 128 128
    128 128 128 128 128 128 128 128 128 128 128 128 128 128 128 128 128
    128 128 128 128 128 128 128 128 128 128 128 128 128 128 128 128 128
    128 128 128 128 128 128 128 128 128 128 128 128 128 128 128 128 128
    128 128 128 128 128 128 128 128 128 128 128 128 128 128 128 128 128
    128 128 128 128 128 128 128 128 128 128 128 128 128 128 128 128 128
    128 128 128 128 128 128 128 128 128 128 128 128 128 128 128 128 128
    128 128 128 128 128 128 128 128 128 128 128 128 128 128 128 128 128
    128 128 128 128 128 128 128 128 128 128 128 128 128 128 128 128 128
    128 128 128 128 128 128 128 128 128 128 128 128 128 128 128 128 128
    128 128 128 128 128 128 128 128 128 128 128 128 128 128 128 128 128
    128 128 128 128 128 128 128 128 128 128 128 128 128 128 128 128 128
    128 128 128 128 128 128 128 128 128 128 128 128 128 128 128 128 128
    128 128 128 128 128 128 128 128 128 128 128 128 128 128 128 128 128
    128 128 128 128 128 128 128 128 128 128 128 128 128 128 128 128 128
    128 128 128 128 128 128 128 128 128 128 128 128 128 128 128 128 128
    128 128 128 128 128 128 128 128 128 128 128 128 128 128 128 128 128
    128 128 128 128 128 128 128 128 128 128 128 128 128 128 128 128 128
    128 128 128 128 128 128 128 128 128 128 128 128 128 128 128 128 128
    128 128 128 128 128 128 128 128 128 128 128 128 128 128 128 128 128
    128 128 128 128 128 128 128 128 128 128 128 128 128 128 128 128 128
    128 128 128 128 128 128 128 128 128 128 128 128 128 128 128 128 128
    128 128 128 128 128 128 128 128 128 128 128 128 128 128 128 128 128
    128 128 128 128 128 128 128 128 128 128 128 128 128 128 128 128 128
    128 128 128 128 128 128 128 128 128 128 128 128 128 128 128 128 128
    128 128 128 128 128 128 128 128 128 128 128 128 128 128 128 128 128
    128 128 128 128 128 128 128 128 128 128 128 128 128 128 128 128 128
    128 128 128 128 128 128 128 128 128 128 128 128 128 128 128 128 128
    128 128 128 128 128 128 128 128 128 128 128 128 128 128 128 128 128
    128 128 128 128 128 128 128 128 128 128 128 128 128 128 128 128 128
    128 128 128 128 128 128 128 128 128 128 128 128 128 128 128 128 128
    128 128 128 128 128 128 128 128 128 128 128 128 128 128 128 128 128
    128 128 128 128 128 128 128 128 128 128 128 128 128 128 128 128 128
    128 128 128 128 128 128 128 128 128 128 128 128 128 128 128 128 128
    128 128 128 128 128 128 128 128 128 128 128 128 128 128 128 128 128
    128 128 128 128 128 128 128 128 128 128 128 128 128 128 128 128 128
    128 128 128 128 128 128 128 128 128 128 128 128 128 128 128 128 128
    128 128 128 128 128 128 128 128 128 128 128 128 128 128 128 128 128
    128 128 128 128 128 128 128 128 128 128 128 128 128 128 128 128 128
    128 128 128 128 128 128 128 128 128 128 128 128 128 128 128 128 128
    128 128 128 128 128 128 128 128 128 128 128 128 128 128 128 128 128
    128 128 128 128 128 128 128 128 128 128 128 128 128 128 128 128 128
    128 128 128 128 128 128 128 128 128 128 128 128 128 128 128 128 128
    128 128 128 128 128 128 128 128 128 128 128 128 128 128 128 128 128
    128 128 128 128 128 128 128 128 128 128 128 128 128 128 128 128 128
    128 128 128 128 128 128 128 128 128 128 128 128 128 128 128 128 128
    128 128 128 128 128 128 128 128 128 128 128 128 128 128 128 128 128
    128 128 128 128 128 128 128 128 128 128 128 128 128 128 128 128 128
    128 128 128 128 128 128 128 128 128 128 128 128 128 128 128 128 128
    128 128 128 128 128 128 128 128 128 128 128 128 128 128 128 128 128
    128 128 128 128 128 128 128 128 128 128 128 128 128 128 128 128 128
    128 128 128 128 128 128 128 128 128 128 128 128 128 128 128 128 128
    128 128 128 128 128 128 128 128 128 128 128 128 128 128 128 128 128
    128 128 128 128 128 128 128 128 128 128 128 128 128 128 128 128 128
    128 128 128 128 128 128 128 128 128 128 128 128 128 128 128 128 128
    128 128 128 128 128 128 128 128 128 128 128 128 128 128 128 128 128
    128 128 128 128 128 128 128 128 128 128 128 128 128 128 128 128 128
    128 128 128 128 128 128 128 128 128 128 128 128 128 128 128 128 128
    128 128 128 128 128 128 128 128 128 128 128 128 128 128 128 128 128
    128 128 128 128 128 128 128 128 128 128 128 128 128 128 128 128 128
    128 128 128 128 128 128 128 128 128 128 128 128 128 128 128 128 128
    128 128 128 128 128 128 128 128 128 128 128 128 128 128 128 128 128
    128 128 128 128 128 128 128 128 128 128 128 128 128 128 128 128 128
    128 128 128 128 128 128 128 128 128 128 128 128 128 128 128 128 128
    128 128 128 128 128 128 128 128 128 128 128 128 128 128 128 128 128
    128 128 128 128 128 128 128 128 128 128 128 128 128 128 128 128 128
    128 128 128 128 128 128 128 128 128 128 128 128 128 128 128 128 128
    128 128 128 128 128 128 128 128 128 128 128 128 128 128 128 128 128
    128 128 128 128 128 128 128 128 128 128 128 128 128 128 128 128 128
    128 128 128 128 128 128 128 128 128 128 128 128 128 128 128 128 128
    128 128 128 128 128 128 128 128 128 128 128 128 128 128 128 128 128
    128 128 128 128 128 128 128 128 128 128 128 128 128 128 128 128 128
    128 128 128 128 128 128 128 128 128 128 128 128 128 128 128 128 128
    128 128 128 128 128 128 128 128 128 128 128 128 128 128 128 128 128
    128 128 128 128 128 128 128 128 128 128 128 128 128 128 128 128 128
    128 128 128 128 128 128 128 128 128 128 128 128 128 128 128 128 128
    128 128 128 128 128 128 128 128 128 128 128 128 128 128 128 128 128
    128 128 128 128 128 128 128 128 128 128 128 128 128 128 128 128 128
    128 128 128 128 128 128 128 128 128 128 128 128 128 128 128 128 128
    128 128 128 128 128 128 128 128 128 128 128 128 128 128 128 128 128
    128 128 128 128 128 128 128 128 128 128 128 128 128 128 128 128 128
    128 128 128 128 128 128 128 128 128 128 128 128 128 128 128 128 128
    128 128 128 128 128 128 128 128 128 128 128 128 128 128 128 128 128
    128 128 128 128 128 128 128 128 128 128 128 128 128 128 128 128 128
    128 128 128 128 128 128 128 128 128 128 128 128 128 128 128 128 128
    128 128 128 128 128 128 128 128 128 128 128 128 128 128 128 128 128
    128 128 128 128 128 128 128 128 128 128 128 128 128 128 128 128 128
    128 128 128 128 128 128 128 128 128 128 128 128 128 128 128 128 128
    128 128 128 128 128 128 128 128 128 128 128 128 128 128 128 128 128
    128 128 128 128 128 128 128 128 128 128 128 128 128 128 128 128 128
    128 128 128 128 128 128 128 128 128 128 128 128 128 128 128 128 128
    128 128 128 128 128 128 128 128 128 128 128 128 128 128 128 128 128
    128 128 128 128 128 128 128 128 128 128 128 128 128 128 128 128 128
    128 128 128 128 128 128 128 128 128 128 128 128 128 128 128 128 128
    128 128 128 128 128 128 128 128 128 128 128 128 128 128 128 128 128
    128 128 128 128 128 128 128 128 128 128 128 128 128 128 128 128 128
    128 128 128 128 128 128 128 128 128 128 128 128 128 128 128 128 128
    128 128 128 128 128 128 128 128 128 128 128 128 128 128 128 128 128
    128 128 128 128 128 128 128 128 128 128 128 128 128 128 128 128 128
    128 128 128 128 128 128 128 128 128 128 128 128 128 128 128 128 128
    128 128 128 128 128 128 128 128 128 128 128 128 128 128 128 128 128
    128 128 128 128 128 128 128 128 128 128 128 128 128 128 128 128 128
    128 128 128 128 128 128 128 128 128 128 128 128 128 128 128 128 128
    128 128 128 128 128 128 128 128 128 128 128 128 128 128 128 128 128
    128 128 128 128 128 128 128 128 128 128 128 128 128 128 128 128 128
    128 128 128 128 128 128 128 128 128 128 128 128 128 128 128 128 128
    128 128 128 128 128 128 128 128 128 128 128 128 128 128 128 128 128
    128 128 128 128 128 128 128 128 128 128 128 128 128 128 128 128 128
    128 128 128 128 128 128 128 128 128 128 128 128 128 128 128 128 128
    128 128 128 128 128 128 128 128 128 128 128 128 128 128 128 128 128
    128 128 128 128 128 128 128 128 128 128 128 128 128 128 128 128 128
    128 128 128 128 128 128 128 128 128 128 128 128 128 128 128 128 128
    128 128 128 128 128 128 128 128 128 128 128 128 128 128 128 128 128
    128 128 128 128 128 128 128 128 128 128 128 128 128 128 128 128 128
    128 128 128 128 128 128 128 128 128 128 128 128 128 128 128 128 128
    128 128 128 128 128 128 128 128 128 128 128 128 128 128 128 128 128
    128 128 128 128 128 128 128 128 128 128 128 128 128 128 128 128 128
    128 128 128 128 128 128 128 128 128 128 128 128 128 128 128 128 128
    128 128 128 128 128 128 128 128 128 128 128 128 128 128 128 128 128
    128 128 128 128 128 128 128 128 128 128 128 128 128 128 128 128 128
    128 128 128 128 128 128 128 128 128 128 128 128 128 128 128 128 128
    128 128 128 128 128 128 128 128 128 128 128 128 128 128 128 128 128
    128 128 128 128 128 128 128 128 128 128 128 128 128 128 128 128 128
    128 128 128 128 128 128 128 128 128 128 128 128 128 128 128 128 128
    128 128 128 128 128 128 128 128 128 128 128 128 128 128 128 128 128
    128 128 128 128 128 128 128 128 128 128 128 128 128 128 128 128 128
    128 128 128 128 128 128 128 128 128 128 128 128 128 128 128 128 128
    128 128 128 128 128 128 128 128 128</data></test_backg>
<my_img type_id="opencv-matrix">
  <rows>30</rows>
  <cols>20</cols>
  <dt>"3u"</dt>
  <data>
    128 128 128 242 54 74 163 141 188 70 77 44 56 185 252 128 128 128 61
    145 254 57 57 195 100 63 3 164 178 236 128 128 128 214 1 189 186 32
    119 218 191 201 93 143 0 62 137 96 253 198 92 165 17 120 115 196 61
    22 123 248 29 246 235 157 25 152 124 5 145 76 250 164 203 31 100 146
    134 18 37 139 79 201 139 178 252 199 174 161 86 228 81 236 168 135
    115 4 88 29 123 225 2 51 128 128 128 221 42 64 180 93 56 27 136 174
    245 137 125 193 244 51 203 15 238 233 180 23 191 240 106 20 198 101
    128 128 128 51 152 250 242 61 204 94 110 127 126 81 63 217 55 98 145
    146 185 128 128 128 219 11 200 128 128 128 111 154 1 93 117 53 154
    84 142 234 173 202 3 106 124 199 141 247 128 128 128 30 62 122 161
    107 251 211 238 232 154 109 114 48 67 224 161 47 179 132 132 189 130
    4 188 228 143 192 219 104 183 153 12 221 86 159 167 3 228 107 175 83
    238 172 58 140 92 116 227 154 207 175 129 77 181 157 49 144 73 251
    160 68 160 208 65 10 218 247 44 116 201 72 51 38 248 230 69 101 153
    17 32 57 28 166 234 144 34 135 176 159 14 160 12 63 174 55 176 230
    89 78 96 169 7 128 128 128 103 7 47 16 148 225 231 165 201 156 104
    26 161 145 16 107 35 213 49 127 241 107 206 0 93 47 117 95 80 252
    143 204 198 243 115 160 188 58 229 175 28 14 128 128 128 255 48 139
    128 128 128 79 39 28 101 140 10 182 87 152 220 176 109 227 119 173
    140 135 246 94 103 135 183 175 190 128 128 128 189 96 90 104 31 167
    22 56 138 232 85 129 144 72 162 102 19 197 65 157 174 171 251 222
    188 165 137 113 220 49 247 107 243 123 45 163 101 4 53 72 88 178 220
    221 173 60 68 109 172 1 217 5 145 189 104 153 243 38 193 163 128 128
    128 170 50 166 128 128 128 137 254 185 164 247 87 247 0 187 236 51
    62 196 106 136 237 212 171 128 128 128 170 170 162 128 128 128 59 12
    175 169 226 195 128 128 128 164 203 208 5 145 141 25 90 147 80 17
    187 7 15 98 128 128 128 128 128 128 187 94 58 229 147 85 92 174 143
    126 41 218 170 221 213 231 219 157 119 211 157 113 109 102 78 100
    233 45 172 119 109 175 22 168 103 111 153 142 148 199 107 189 161
    250 23 28 112 93 42 188 241 37 152 85 39 80 100 179 214 204 131 161
    24 91 252 173 75 131 157 170 151 174 25 52 220 12 33 220 52 92 237
    221 200 59 48 92 104 146 109 142 131 125 227 16 4 250 198 247 67 224
    209 23 128 128 128 32 145 210 198 81 249 173 147 126 71 242 159 128
    128 128 40 181 152 221 150 170 244 91 170 121 83 87 175 72 81 171 6
    1 8 224 237 133 80 143 228 27 130 35 233 192 243 251 224 128 128 128
    23 232 138 5 88 185 96 192 154 53 124 205 203 251 7 43 236 139 231
    42 194 30 246 112 181 40 219 66 35 252 98 39 154 128 128 128 223 174
    220 44 117 119 188 47 164 206 218 168 250 227 27 31 31 93 132 238
    246 88 250 145 171 228 3 128 128 128 56 61 215 71 60 97 38 17 106 77
    136 214 106 113 250 228 172 149 195 52 207 172 228 5 161 86 222 235
    64 162 133 129 99 225 112 143 11 158 136 30 12 76 66 30 2 133 143 70
    197 175 224 10 42 142 167 174 107 39 104 85 180 123 2 162 228 124
    128 128 128 146 9 189 50 29 137 48 233 141 67 66 232 128 128 128 204
    134 170 19 120 105 189 8 217 151 201 222 164 129 121 72 79 241 71
    113 158 161 217 111 120 40 188 203 21 131 254 90 38 247 93 90 79 112
    214 216 152 87 225 232 101 161 90 222 90 83 163 45 50 234 97 124 141
    1 244 247 153 61 114 126 116 89 97 111 61 85 143 221 22 206 148 147
    108 69 198 45 149 44 72 187 147 197 29 183 37 219 90 103 4 13 249
    163 204 169 248 47 78 100 150 17 75 218 96 70 234 147 182 165 172
    133 128 128 128 164 96 239 121 39 55 28 11 58 83 69 41 240 195 240
    33 7 216 66 79 120 202 201 4 20 178 146 153 111 92 128 128 128 172
    153 80 1 87 32 9 4 157 80 140 238 128 128 128 135 145 85 212 205 147
    243 45 49 133 6 195 209 126 97 143 63 98 103 184 199 38 147 239 187
    72 137 128 128 128 212 236 99 176 19 72 50 56 0 164 143 115 240 7
    135 162 78 227 119 117 216 128 128 128 128 128 128 207 20 253 162
    104 143 128 128 128 79 170 245 192 163 249 64 69 118 141 78 231 58
    64 248 204 31 79 28 225 210 82 24 5 233 155 243 70 75 5 23 22 94 198
    52 254 2 223 83 77 148 141 132 60 97 128 128 128 250 133 236 10 87
    226 222 46 159 82 61 12 118 61 237 187 121 120 241 145 90 219 8 169
    28 111 216 191 42 154 58 77 195 111 71 8 68 171 227 166 181 61 227
    157 147 72 30 53 128 128 128 166 149 219 188 195 228 25 115 177 212
    154 109 110 87 121 103 217 21 232 117 17 241 65 88 143 4 82 128 128
    128 190 151 55 70 94 36 128 128 128 3 211 185 123 201 236 109 8 222
    161 78 76 128 128 128 128 128 128 134 237 191 2 186 174 57 232 169
    93 67 147 231 100 162 115 79 255 3 125 137 121 118 58 8 142 146 51
    211 227 79 157 218 61 41 181 189 16 186 7 138 141 237 39 99 15 120
    249 227 230 184 4 213 225 73 92 83 124 55 29 231 96 42 243 107 26 79
    160 142 172 112 238 128 128 128 133 99 219 211 97 201 165 247 38 94
    170 29 46 76 144 246 104 39 47 219 194 152 197 45 128 128 128 128
    128 128 128 128 128 205 43 114 65 17 27 46 106 131 128 128 128 195 2
    223 128 128 128 238 70 52 128 128 128 107 23 151 128 128 128 163 71
    69 128 128 128 168 195 105 128 128 128 128 128 128 45 31 201 147 142
    253 128 128 128 128 128 128 74 82 25 7 125 56 242 97 148 213 243 132
    1 123 133 203 98 83 244 79 147 219 67 214 148 233 69 91 22 38 66 69
    168 82 60 81 136 109 211 218 168 108 220 82 92 55 44 204 128 128 128
    35 16 203 173 146 24 150 81 139 128 128 128 188 15 105 22 145 157
    128 128 128 142 31 87 92 131 14 15 12 218 125 251 30 242 202 213 171
    63 209 110 227 39 50 98 234 128 128 128 29 80 151 248 205 220 214
    101 7 10 75 241 115 118 73 20 6 138 246 171 233 230 39 234 2 138 243
    197 46 204 112 179 2 181 164 48 15 140 238 193 74 224 87 2 78 125
    112 177 220 196 81 215 79 173 135 70 56 217 143 56 194 10 204 207 74
    205 184 210 234 192 82 177 4 59 195 227 2 237 128 128 128 142 224 11
    61 144 116 133 51 180 220 236 9 186 69 220 222 51 146 247 69 247 0
    223 179 70 183 183 12 35 205 179 35 12 172 76 93 65 98 26 101 44 90
    128 128 128 33 183 253 146 109 135 140 99 248 159 57 182 250 240 173
    101 106 9 55 107 187 10 122 220 114 153 231 2 46 230 61 182 145 220
    145 70 128 128 128 154 189 217 234 4 145 128 128 128 76 187 125 220
    113 170 133 56 26 193 193 37 229 20 116 83 77 108 149 71 26 128 128
    128 102 201 43 158 173 190 46 160 212 238 132 115 121 66 14 173 127
    197 15 74 209 125 15 72 6 91 131 132 207 185 175 117 219 94 41 80
    128 128 128 19 104 129 30 51 148 77 143 118 109 121 151 181 139 19
    171 152 151 128 128 128 255 34 125 254 22 89 148 62 3 58 113 3 128
    128 128 87 205 203 178 230 121 128 128 128 105 144 124 128 128 128
    159 164 212 126 119 44 128 128 128 128 128 128 29 152 189 2 126 124
    128 128 128 240 5 55 143 204 55 189 213 170 213 12 108 243 80 59 128
    128 128 51 77 113 7 228 223 198 210 116 133 173 36 233 235 83 141 71
    128 106 227 163 194 73 203</data></my_img>
<your_img type_id="opencv-matrix">
  <rows>30</rows>
  <cols>20</cols>
  <dt>"3u"</dt>
  <data>
    185 255 197 255 182 202 255 255 255 198 205 172 184 255 255 255 255
    255 189 255 255 185 185 255 228 191 131 255 255 255 255 255 255 255
    129 255 255 160 247 255 255 255 221 255 128 190 255 224 255 255 220
    255 145 248 243 255 189 150 251 255 157 255 255 255 153 255 252 133
    255 204 255 255 255 159 228 255 255 146 165 255 207 255 255 255 255
    255 255 255 214 255 209 255 255 255 243 132 216 157 251 255 130 179
    161 255 136 255 170 192 255 221 184 155 255 255 255 255 253 255 255
    179 255 143 255 255 255 151 255 255 234 148 255 229 197 255 172 179
    255 255 255 189 255 222 238 255 254 209 191 255 183 226 255 255 255
    188 255 184 255 139 255 254 255 255 239 255 129 221 245 181 255 212
    255 255 255 255 131 234 252 255 255 255 162 255 128 158 190 250 255
    235 255 255 255 255 255 237 242 176 195 255 255 175 255 255 255 255
    255 132 255 255 255 255 255 232 255 255 140 255 214 255 255 131 255
    235 255 211 255 255 186 255 220 244 255 255 255 255 255 205 255 255
    177 255 201 255 255 196 255 255 193 138 255 255 172 244 255 200 179
    166 255 255 197 229 255 145 160 185 156 255 255 255 162 255 255 255
    142 255 140 191 255 183 255 255 217 206 224 255 135 207 255 187 231
    135 175 144 255 255 255 255 255 255 232 154 255 255 144 235 163 255
    177 255 255 235 255 128 221 175 245 223 208 255 255 255 255 255 243
    255 255 186 255 255 156 142 255 255 244 255 176 255 199 223 207 207
    167 156 229 255 138 255 215 255 255 255 237 255 247 255 255 255 255
    222 231 255 255 255 255 245 255 204 255 224 218 232 159 255 150 184
    255 255 213 255 255 200 255 230 147 255 193 255 255 255 255 255 255
    255 255 241 255 177 255 235 255 251 173 255 229 132 181 200 216 255
    255 255 255 188 196 237 255 129 255 133 255 255 232 255 255 166 255
    255 194 255 171 255 178 255 240 255 202 255 255 255 255 255 215 255
    128 255 255 179 190 255 234 255 255 255 255 171 235 173 255 255 255
    237 255 249 187 140 255 255 255 255 201 255 230 255 255 255 133 255
    255 153 218 255 208 145 255 135 143 226 255 255 226 255 255 255 255
    222 186 255 255 213 220 255 255 254 169 255 255 255 255 255 255 255
    247 255 255 241 237 230 206 228 255 173 255 247 237 255 150 255 231
    239 255 255 255 255 235 255 255 255 151 156 240 221 170 255 255 165
    255 213 167 208 228 255 255 255 255 255 152 219 255 255 203 255 255
    255 255 255 153 180 255 140 161 255 180 220 255 255 255 187 176 220
    232 255 237 255 255 253 255 144 132 255 255 255 195 255 255 151 255
    255 255 160 255 255 255 209 255 255 255 254 199 255 255 229 255 211
    168 255 255 255 255 255 255 219 255 249 211 215 255 200 209 255 134
    129 136 255 255 255 208 255 255 155 255 163 255 255 255 255 255 249
    255 238 151 255 255 133 216 255 224 255 255 181 252 255 255 255 135
    171 255 255 255 170 255 158 255 240 255 168 255 194 163 255 226 167
    255 191 255 134 255 255 255 172 245 247 255 175 255 255 255 255 255
    255 155 159 159 221 255 255 255 216 255 255 255 255 131 255 255 255
    184 189 255 199 188 225 166 145 234 205 255 255 234 241 255 255 255
    255 255 180 255 255 255 133 255 214 255 255 192 255 255 255 227 255
    240 255 139 255 255 158 140 204 194 158 130 255 255 198 255 255 255
    138 170 255 255 255 235 167 232 213 255 251 130 255 255 252 141 238
    136 255 137 255 178 157 255 176 255 255 195 194 255 254 255 255 255
    255 255 147 248 233 255 136 255 255 255 255 255 255 249 200 207 255
    199 241 255 255 255 239 248 168 255 255 149 255 255 218 166 255 221
    218 207 240 255 255 255 215 255 255 229 255 218 255 218 211 255 173
    178 255 225 252 255 129 255 255 255 189 242 254 244 217 225 239 189
    213 255 255 150 255 255 255 236 197 255 173 255 172 200 255 255 255
    157 255 165 255 218 231 132 141 255 255 255 255 255 175 206 228 255
    145 203 255 224 198 255 255 255 255 255 255 170 239 141 255 224 255
    249 167 183 156 139 186 211 197 169 255 255 255 161 135 255 194 207
    248 255 255 132 148 255 255 255 239 220 169 255 220 255 255 208 129
    215 160 137 132 255 208 255 255 196 255 180 255 255 213 255 255 255
    255 173 177 255 134 255 255 254 225 255 191 226 231 255 255 166 255
    255 255 200 255 201 255 135 255 255 227 255 147 200 178 184 128 255
    255 243 255 135 255 255 206 255 247 245 255 152 227 145 255 255 255
    255 148 255 255 232 255 180 255 203 207 255 255 255 255 255 192 197
    246 255 206 255 186 192 255 255 159 207 156 255 255 210 152 133 255
    255 255 198 203 133 151 150 222 255 180 255 130 255 211 205 255 255
    255 188 225 169 214 162 255 255 255 138 215 255 255 174 255 210 189
    140 246 189 255 255 249 248 255 255 218 255 136 255 156 239 255 255
    170 255 186 205 255 239 199 136 196 255 255 255 255 189 255 255 255
    200 158 181 255 255 255 255 255 255 255 255 255 153 243 255 255 255
    237 238 215 249 231 255 149 255 245 145 255 193 216 255 132 210 176
    254 182 255 255 183 198 222 164 244 255 255 131 255 255 251 255 255
    237 136 255 255 206 204 223 255 249 209 228 210 255 255 255 130 255
    255 185 255 255 221 195 255 255 228 255 243 207 255 131 253 255 249
    246 186 136 255 255 179 255 255 207 255 255 189 169 255 255 144 255
    135 255 255 255 167 227 143 248 255 255 255 255 132 255 255 201 220
    211 252 183 157 255 224 170 255 235 154 207 255 255 255 240 255 255
    255 255 255 227 255 255 225 255 255 255 166 222 255 157 174 204 255
    255 232 167 175 255 255 255 255 173 168 255 148 255 255 255 206 255
    215 255 171 242 193 145 155 174 234 255 240 255 218 255 130 255 181
    251 164 255 198 180 223 255 179 235 151 255 159 235 170 255 199 197
    186 255 156 255 255 233 164 255 130 131 213 156 173 159 255 255 255
    255 245 255 234 191 255 226 202 210 153 135 253 184 255 225 255 255
    255 255 129 251 255 255 226 211 255 207 255 255 195 255 255 255 197
    219 150 166 194 197 255 210 188 209 255 237 255 255 255 236 255 210
    220 183 172 255 168 255 160 163 144 255 255 255 152 255 209 255 171
    255 223 255 143 233 150 255 255 224 255 238 255 159 215 220 255 142
    143 140 255 253 255 158 255 255 255 255 191 255 238 255 167 178 226
    255 253 255 223 157 208 255 255 255 255 255 229 135 138 203 255 243
    246 201 148 134 255 255 255 255 255 167 255 130 255 255 255 174 255
    240 255 130 255 255 176 143 255 255 255 202 255 215 130 206 253 240
    255 255 255 209 255 207 255 255 198 184 255 255 184 255 138 255 255
    202 255 255 255 255 255 210 255 132 187 255 255 130 255 226 247 233
    255 255 139 189 255 244 255 179 255 255 255 137 255 197 255 255 179
    255 255 197 255 128 255 255 198 255 255 140 163 255 255 163 140 255
    204 221 193 226 154 229 172 218 255 255 255 161 255 255 255 237 255
    255 227 255 255 185 255 255 255 255 229 234 137 183 235 255 138 250
    255 242 255 255 130 174 255 189 255 255 255 255 198 227 255 230 255
    255 255 255 132 255 228 255 198 204 255 253 255 241 255 255 184 154
    255 255 165 255 148 244 211 205 236 255 199 154 160 255 164 230 255
    171 255 255 255 174 255 255 255 255 243 249 194 142 255 255 255 143
    202 255 253 143 200 134 219 255 255 255 255 255 245 255 222 169 208
    213 255 208 147 232 255 158 179 255 205 255 246 237 249 255 255 255
    147 255 255 255 184 255 198 255 162 253 255 150 217 255 190 131 186
    241 131 164 255 199 215 255 255 255 255 249 190 255 187 233 255 252
    204 248 191 255 255 255 254 247 172 255 255 255 168 255 202 157 255
    255 130 254 252 133 189 128 255 133 183 255 255 183 255 255 255 255
    140 236 255 208 187 195 241 210 179 205 241 135 255 255 255 255 244
    255 255 164 255 255 211 255 199 255 234 255 255 255 201 255</data></your_img>
</opencv_storage>
