<?xml version="1.0"?>
<opencv_storage>
<L2_diff>5816.1989305731286</L2_diff>
<test_img1 type_id="opencv-matrix">
  <rows>30</rows>
  <cols>20</cols>
  <dt>"3u"</dt>
  <data>
    97 77 111 67 19 37 11 57 48 8 40 110 22 78 96 58 24 106 82 38 3 95
    25 64 34 102 120 12 6 19 63 19 114 101 96 47 94 28 86 27 54 100 9 74
    50 73 7 27 46 68 94 63 39 10 97 0 119 34 118 102 85 69 52 112 107
    100 38 21 67 102 24 120 57 117 0 126 19 26 82 36 91 38 89 73 46 57
    37 105 18 45 49 10 107 86 116 40 4 25 78 9 89 93 108 64 12 61 19 66
    127 38 104 101 102 29 77 52 117 52 83 2 20 20 58 93 44 4 81 105 7 11
    57 73 81 5 37 108 56 35 71 106 23 72 9 2 85 21 35 61 109 4 36 60 90
    37 12 82 34 98 48 30 59 21 118 110 34 35 80 75 81 113 88 28 47 9 112
    23 5 91 119 41 113 41 31 56 2 109 20 45 28 79 125 30 47 20 110 60
    105 9 107 43 27 19 66 90 84 87 13 103 20 66 52 53 36 67 36 117 10
    120 86 100 81 94 122 8 68 111 29 105 61 106 80 108 66 104 39 119 48
    81 34 107 98 58 52 95 95 120 81 69 39 109 10 55 0 116 32 54 27 116
    36 25 123 82 43 84 27 2 98 73 5 34 9 118 16 1 26 116 26 79 10 35 42
    49 118 115 93 88 40 116 31 125 25 106 51 111 124 21 84 35 78 89 66
    91 107 44 48 103 10 82 53 101 83 125 38 120 49 6 42 99 108 108 113
    100 58 101 76 78 95 62 74 26 20 99 116 24 74 55 103 78 127 70 118 89
    65 69 42 105 17 68 78 74 93 106 42 69 21 86 64 94 95 83 56 122 103
    95 13 67 11 95 77 57 107 88 84 72 73 71 127 15 63 34 36 97 12 40 80
    124 116 16 102 97 74 28 23 94 119 8 78 61 38 64 47 29 105 21 112 62
    42 118 2 56 108 2 46 86 22 25 37 78 52 51 67 100 87 19 37 90 116 79
    21 126 21 79 6 33 112 14 72 57 34 75 47 30 2 46 77 34 100 50 100 93
    94 20 102 73 76 12 96 97 52 116 25 49 92 79 89 62 31 85 64 35 3 19
    38 38 49 33 104 33 76 101 66 119 45 53 46 31 95 11 109 10 124 120
    102 52 90 92 62 46 94 90 110 41 14 94 55 74 120 100 90 3 113 121 21
    46 27 37 121 122 7 108 5 21 106 28 126 112 103 60 7 31 108 87 70 102
    37 18 10 21 54 82 3 55 111 66 115 96 102 41 124 32 92 108 80 121 32
    63 44 65 114 73 44 93 11 71 53 84 39 46 66 16 46 11 2 75 23 20 78 57
    110 91 56 35 68 108 51 115 62 9 99 5 7 45 110 126 5 16 124 64 37 53
    97 116 17 5 125 82 73 102 15 95 35 26 106 123 2 3 12 13 65 65 126
    108 118 63 117 81 126 68 94 93 68 44 97 37 117 42 7 118 112 72 61 85
    31 110 109 4 72 21 115 14 31 77 115 99 93 67 73 42 100 65 15 91 96
    126 77 49 22 21 115 87 32 60 91 33 6 124 126 104 118 79 112 69 107
    37 51 62 118 118 80 123 52 12 33 112 109 63 8 47 61 22 8 35 14 24 14
    116 115 120 65 25 41 17 122 79 98 5 29 12 15 38 99 66 33 102 12 23
    15 94 40 49 43 81 122 81 118 105 56 105 94 34 90 32 32 60 76 92 16
    91 27 52 45 64 85 97 20 38 18 40 55 22 99 101 88 118 40 74 13 64 81
    77 82 72 50 65 73 96 27 59 83 116 127 69 117 25 81 63 8 29 82 49 115
    41 114 126 7 91 79 1 114 92 72 20 76 97 108 41 82 2 13 73 41 68 18
    40 81 103 31 103 104 75 25 102 102 26 67 41 98 67 39 19 125 66 106
    59 55 55 55 34 86 70 127 26 127 69 37 52 2 125 99 48 118 125 106 118
    64 55 113 73 16 22 3 101 67 54 107 85 84 12 78 16 72 49 40 90 102 24
    72 2 54 121 104 78 127 7 39 66 27 39 50 90 3 45 17 18 62 13 30 126
    12 55 15 117 45 70 79 64 75 126 83 43 114 85 16 40 109 41 115 89 95
    86 127 20 75 4 30 39 100 81 0 63 99 57 9 90 0 65 80 118 51 123 101
    26 125 74 57 64 12 70 12 94 56 122 30 34 112 27 111 82 43 0 76 99 26
    43 14 71 76 115 104 113 100 86 71 78 4 29 99 50 48 48 50 109 127 34
    27 6 89 31 66 0 66 67 85 42 127 106 2 67 44 44 54 33 13 90 33 0 45
    95 9 122 96 114 95 109 41 3 110 124 89 51 75 81 114 115 14 21 34 79
    110 76 95 112 120 90 72 64 122 104 34 65 99 97 28 48 94 8 81 42 65
    72 1 108 40 65 38 78 72 0 124 91 53 118 69 64 66 27 5 116 41 71 79
    106 87 115 99 27 122 124 83 102 51 93 76 80 55 74 35 56 30 90 77 126
    20 50 54 126 31 19 7 62 9 47 2 0 75 44 81 4 60 48 17 63 20 112 116
    63 31 97 120 51 125 79 29 97 52 37 97 72 110 125 39 75 63 120 78 105
    67 108 114 93 45 113 71 43 64 112 109 62 120 65 11 58 35 108 88 105
    40 59 2 89 119 56 77 94 62 14 33 47 29 98 37 63 30 94 107 119 85 33
    58 87 62 61 98 103 117 103 89 3 68 45 8 108 95 37 124 8 90 99 34 31
    64 100 113 75 66 98 67 18 79 21 39 41 108 46 112 66 11 84 35 74 50
    42 3 43 117 97 68 47 3 119 46 104 82 102 23 14 111 90 125 61 89 66
    12 14 11 126 120 50 86 45 117 112 81 96 51 99 35 72 10 120 101 6 110
    5 26 26 4 39 26 82 11 113 57 6 32 39 100 58 78 23 116 46 102 95 121
    59 76 66 68 63 117 109 91 40 14 85 65 74 127 109 57 33 74 68 42 100
    38 118 29 19 33 97 37 59 55 34 79 99 114 114 54 109 52 31 94 122 50
    80 72 119 125 14 79 121 85 31 82 66 11 84 98 19 125 80 120 96 49 46
    21 28 30 83 122 29 0 4 41 16 12 38 91 23 103 50 56 8 44 53 124 116
    60 49 55 10 77 108 30 62 94 47 13 123 77 45 48 92 62 78 94 21 7 94
    101 20 8 13 122 85 15 40 47 69 34 96 102 44 51 87 29 47 126 76 126
    105 119 73 54 12 91 50 106 87 80 124 49 97 125 3 77 40 51 124 16 82
    29 127 27 80 62 125 35 23 0 124 116 39 81 21 36 2 84 65 89 107 85 42
    45 80 71 50 34 73 33 88 32 61 6 12 100 6 87 67 1 17 37 121 82 3 18
    121 42 67 91 62 110 108 117 12 37 113 42 93 52 22 75 110 83 122 68 6
    103 113 18 120 105 40 50 45 33 104 88 77 117 59 44 43 68 15 91 97 42
    65 93 113 51 114 99 49 111 73 39 84 62 1 82 106 118 11 8 14 37 15 52
    77 118 97 107 102 40 83 23 58 8 81 12 0 23 111 61 41 120 94 53 42 1
    83 90 71 82 105 0 23 14 123 35 101 100 108 53 32 48 35 81 7 29 38 83
    118 54 66 101 108 114 118 73 68 20 83 124 64 38 15 87 126 30 46 37
    99 38 6 47 36 43 0 53 76 53 43 4 37 15 2 82 4 111 67 54 16 97 50 48
    72 111 52 34 3 106 10 115 64 48 75 42 118 89 25 96 5 17 86 98 20 20
    16 87 26 64 94 110 23 49 75 13 100 118 81 49 56 111 46 83 78 66 28
    40 24 39 54 50 91 110 36 105 51 27 5 5 88 61 109 1 79 112 81 75 32
    67 29 65 109 91 36 93 127 82 108 41 127 30 53 54 65 36 125 48 114 60
    20 100 88 5 16 9 77 28 102 126 39 87 75 0 120 51 80 95 124 79 44 122
    30 123 28 75 37 55 66 101 68 44 17 25 94 12 83 66 0 95 28 22 52 18
    42 119 25 71 107 92 16 58 27 25 122 17 47 39 36 69 24 4 107 62 88 49
    52 88 104 76 31 94 81 27 101 42 81 53 92 0 64 44 97</data></test_img1>
<test_img2 type_id="opencv-matrix">
  <rows>30</rows>
  <cols>20</cols>
  <dt>"3u"</dt>
  <data>
    191 216 153 140 245 226 238 222 171 195 229 255 198 200 235 251 163
    183 140 145 173 219 189 135 157 210 223 156 142 199 158 210 184 174
    159 196 226 205 166 218 248 208 230 174 241 255 199 156 205 228 221
    195 128 251 133 243 214 163 187 159 226 158 205 132 184 210 251 166
    241 196 140 183 131 175 179 136 220 131 254 235 232 137 166 188 188
    153 199 213 183 161 242 132 200 224 169 196 241 247 178 192 235 243
    146 220 246 199 237 137 149 157 235 255 146 250 243 197 218 217 214
    135 225 247 232 163 161 201 238 254 170 228 167 177 187 236 183 175
    227 173 208 189 159 240 218 222 247 138 200 160 136 158 245 241 167
    141 251 173 249 210 163 208 143 209 244 155 224 221 157 164 167 243
    210 245 170 253 149 138 251 143 139 200 242 205 147 149 139 175 208
    174 221 180 151 157 219 167 249 250 149 187 220 178 161 164 147 160
    226 162 223 134 147 237 146 220 142 135 225 255 148 167 224 216 156
    158 157 184 207 186 131 133 248 192 218 215 132 199 222 164 194 148
    173 221 193 163 155 162 211 242 170 207 197 209 148 254 160 145 254
    163 152 191 203 209 201 169 169 175 241 221 227 168 154 135 194 252
    234 184 145 154 216 164 232 133 139 196 174 195 220 168 200 193 254
    152 188 245 173 237 193 169 211 142 187 163 173 189 204 254 240 236
    182 133 150 251 180 230 210 212 163 159 183 194 195 249 196 239 169
    199 150 161 149 134 151 224 166 163 184 245 132 203 255 194 145 185
    240 182 229 199 190 203 154 170 172 165 157 174 144 253 172 184 247
    213 190 218 251 221 190 168 223 164 253 173 176 138 224 255 165 162
    194 254 144 133 138 234 248 233 143 144 227 153 188 178 140 175 154
    235 201 163 226 179 206 254 205 201 249 181 128 168 132 154 145 131
    205 204 174 201 156 199 225 215 136 180 218 197 196 210 171 205 229
    178 177 248 195 150 153 194 144 233 247 236 140 247 133 170 198 248
    149 232 202 170 165 140 246 141 196 241 237 226 255 138 144 201 206
    231 232 193 196 161 175 178 237 147 139 164 173 158 240 243 222 189
    197 165 169 164 162 214 180 178 141 138 159 198 225 192 210 205 236
    163 154 228 190 249 203 216 133 211 224 192 175 195 185 145 255 142
    237 246 154 140 128 151 178 128 240 185 187 195 180 206 231 166 194
    180 246 242 159 216 243 210 134 233 232 208 181 225 187 254 207 254
    159 205 129 224 238 255 211 139 154 191 135 160 225 187 194 244 202
    158 205 174 254 224 218 214 169 226 150 161 136 188 171 216 214 204
    245 212 250 202 150 234 143 190 149 159 250 236 178 190 160 177 149
    243 128 175 182 213 239 221 149 237 221 128 188 177 238 130 249 139
    196 143 252 206 144 200 238 133 240 209 143 177 137 169 236 235 180
    227 253 136 173 174 219 178 161 195 186 183 241 174 176 227 215 197
    226 189 159 205 144 187 210 157 243 167 232 243 239 161 224 163 131
    218 156 151 167 172 242 148 213 158 135 176 158 234 224 255 232 191
    147 191 145 244 131 241 145 177 172 166 219 246 167 178 233 184 230
    202 141 154 251 144 229 154 183 142 145 190 206 197 253 133 131 200
    197 167 227 213 203 158 140 150 228 231 168 204 228 155 227 210 203
    144 191 197 141 218 190 197 235 233 201 245 141 189 193 135 233 228
    234 229 238 211 248 145 174 158 147 131 158 143 132 223 238 167 131
    193 216 183 185 144 176 212 219 145 253 254 129 153 244 219 178 133
    188 142 161 172 137 244 154 217 248 242 239 221 234 222 170 254 155
    199 224 200 230 179 150 254 172 161 136 196 242 169 186 145 238 158
    243 144 159 246 134 199 226 178 131 244 132 214 149 229 216 139 181
    220 196 222 249 220 178 133 171 198 135 255 171 241 138 189 200 177
    157 137 157 128 156 193 154 243 188 131 186 253 136 191 230 179 221
    231 248 159 139 233 149 164 223 252 211 131 138 147 214 173 181 207
    238 162 225 229 195 163 171 129 203 211 235 206 170 141 212 135 177
    161 198 181 207 253 244 174 188 193 188 240 151 235 133 184 248 190
    214 174 189 147 222 255 145 147 229 174 141 208 214 216 233 144 187
    162 227 137 201 248 225 170 216 230 229 235 169 142 204 179 228 232
    211 180 213 211 204 170 180 231 148 142 186 224 211 251 183 167 182
    156 204 242 186 191 207 201 139 238 172 231 225 203 233 135 223 190
    128 140 183 213 210 166 230 202 221 216 240 181 170 209 206 248 172
    247 154 222 219 243 157 136 189 195 150 192 184 152 147 155 230 165
    134 234 213 241 225 139 173 213 235 235 242 209 174 230 195 170 217
    152 143 189 157 241 255 148 148 150 231 140 195 163 148 141 205 231
    144 239 224 174 180 191 216 138 162 205 251 240 231 233 220 164 156
    241 239 128 218 152 145 132 203 207 173 165 241 216 245 164 200 247
    251 255 203 131 162 249 230 159 207 136 191 234 232 237 199 142 140
    170 218 244 229 213 226 145 148 227 222 212 193 254 154 236 132 147
    208 134 165 139 158 251 165 143 219 183 228 249 232 233 231 213 213
    176 237 149 233 155 231 245 226 222 192 184 131 215 150 175 168 221
    133 217 223 132 186 232 183 170 218 147 248 243 170 129 222 138 156
    184 164 129 176 250 225 216 232 130 151 186 211 241 188 217 236 136
    190 129 153 149 157 224 131 147 199 235 151 255 141 165 129 235 143
    248 157 237 170 202 173 209 138 176 158 192 155 216 157 159 208 134
    192 246 216 205 210 190 174 215 248 175 182 215 176 219 225 236 144
    233 201 249 172 190 169 151 211 233 235 143 232 185 157 175 172 245
    228 197 228 196 146 211 175 169 171 200 235 177 238 212 235 153 188
    178 250 185 184 193 240 227 202 131 241 235 167 157 216 252 231 238
    174 240 192 161 188 227 250 164 144 143 253 191 203 128 184 134 169
    255 212 149 233 234 180 136 214 230 189 197 164 140 157 171 144 134
    140 225 137 144 221 180 183 201 168 150 137 223 180 163 232 231 209
    237 164 231 134 145 232 229 178 239 165 208 154 187 205 156 149 167
    162 180 222 198 176 131 242 229 234 140 220 150 137 144 145 239 251
    241 246 129 162 186 210 170 155 185 209 133 205 156 141 254 150 184
    221 179 247 242 199 199 254 218 248 220 153 206 248 244 218 208 181
    221 214 216 245 250 130 162 162 222 132 155 236 202 158 208 189 180
    186 232 159 239 169 213 246 138 129 245 185 146 209 176 148 219 180
    148 180 204 193 216 196 235 234 153 208 148 245 192 148 212 148 132
    232 188 137 246 203 158 151 158 255 221 192 253 191 158 204 148 130
    137 163 228 205 182 212 210 198 194 216 208 142 205 200 225 178 132
    209 233 218 238 142 246 227 174 186 197 204 235 143 176 211 177 239
    211 178 221 169 210 179 173 177 183 139 131 156 137 226 131 210 155
    211 159 200 178 194 137 217 146 160 185 197 228 135 131 248 130 149
    233 162 133 192 203 170 185 242 235 252 215 182 182 130 157 170 177
    178 175 190 157 158 203 214 146 181 219 251 145 249 206 230 196 234
    129 179 131 242 197 153 210 189 252 128 138 213 229 221 174 166 199
    248 245 232 187 167 204 218 197 182 204 252 129 157 167 140 149 161
    184 205 187 213 161 224 134 169 224 231 255 165 255 164 138 244 243
    191 160 161 238 161 155 186 132 206 228 254 206 197 162 214 208 210
    230 187 188 132 221 203 140 207 159 212 212 213 165 143 189 173 138
    139 229 226 152 216 176 172 181 171 152 213 233 167 176 254 243 156
    128 252 251 172 254 225 223 212 246 200 142 232 171 193 244 190 197
    194 192 178 239 173 252 212 253 187 196 218 210 129 221 174 221 210
    215 226 188 194 160 215 207 238 215 255 184 252 156 199 213 193 161
    238 251 193 158 255 144 188 146 145 128 237 166 178 157 248 135 131
    183 191 217 166 161 187 153 129 129 166 170 169 153 200 249 215 147
    135 226 143 199 253 225 152 181 209 201 133 178 248 198 200 210 218
    175 211 195 130 141 178 147 249 187 227 251 146 219 196 148</data></test_img2>
<test_mask type_id="opencv-matrix">
  <rows>30</rows>
  <cols>20</cols>
  <dt>"3u"</dt>
  <data>
    0 0 0 0 0 0 0 0 0 0 0 0 0 0 0 0 0 0 0 0 0 0 0 0 0 0 0 0 0 0 0 0 0 0
    0 0 0 0 0 0 0 0 0 0 0 0 0 0 0 0 0 0 0 0 0 0 0 0 0 0 0 0 0 0 0 0 0 0
    0 0 0 0 0 0 0 0 0 0 0 0 0 0 0 0 0 0 0 0 0 0 0 0 0 0 0 0 0 0 0 0 0 0
    0 0 0 0 0 0 0 0 0 0 0 0 0 0 0 0 0 0 0 0 0 0 0 0 0 0 0 0 0 0 0 0 0 0
    0 0 0 0 0 0 0 0 0 0 0 0 0 0 0 0 0 0 0 0 0 0 0 0 0 0 0 0 0 0 0 0 0 0
    0 0 0 0 0 0 0 0 0 0 0 0 0 0 0 0 0 0 0 0 0 0 0 0 0 0 0 0 0 0 0 0 0 0
    0 0 0 0 0 0 0 0 0 0 0 0 0 0 0 0 0 0 0 0 0 0 0 0 0 0 0 0 0 0 0 0 0 0
    0 0 0 0 0 0 0 0 0 0 0 0 0 0 0 0 0 0 0 0 0 0 0 0 0 0 0 0 0 0 0 0 0 0
    0 0 0 0 0 0 0 0 0 0 0 0 0 0 0 0 0 0 0 0 0 0 0 0 0 0 0 0 0 0 0 0 0 0
    0 0 0 0 0 0 0 0 0 0 0 0 0 0 0 0 0 0 0 0 0 0 0 0 0 0 0 0 0 0 0 0 0 0
    0 0 0 0 0 0 0 0 0 0 0 0 0 0 0 0 0 0 0 0 0 0 0 0 0 0 0 0 0 0 0 0 0 0
    0 0 0 0 0 0 0 0 0 0 0 0 0 255 255 255 255 255 255 255 255 255 255
    255 255 255 255 255 255 255 255 255 255 255 255 255 255 0 0 0 0 0 0
    0 0 0 0 0 0 0 0 0 0 0 0 0 0 0 0 0 0 0 0 0 0 0 0 0 0 0 0 0 0 255 255
    255 255 255 255 255 255 255 255 255 255 255 255 255 255 255 255 255
    255 255 255 255 255 0 0 0 0 0 0 0 0 0 0 0 0 0 0 0 0 0 0 0 0 0 0 0 0
    0 0 0 0 0 0 0 0 0 0 0 0 255 255 255 255 255 255 255 255 255 255 255
    255 255 255 255 255 255 255 255 255 255 255 255 255 0 0 0 0 0 0 0 0
    0 0 0 0 0 0 0 0 0 0 0 0 0 0 0 0 0 0 0 0 0 0 0 0 0 0 0 0 0 0 0 0 0 0
    0 0 0 0 0 0 0 0 0 0 0 0 0 0 0 0 0 0 0 0 0 0 0 0 0 0 0 0 0 0 0 0 0 0
    0 0 0 0 0 0 0 0 0 0 0 0 0 0 0 0 0 0 0 0 0 0 0 0 0 0 0 0 0 0 0 0 0 0
    0 0 0 0 0 0 0 0 0 0 0 0 0 0 0 0 0 0 0 0 0 0 0 0 0 0 0 0 0 0 0 0 0 0
    0 0 0 0 0 0 0 0 0 0 0 0 0 0 0 0 0 0 0 0 0 0 0 0 0 0 0 0 0 0 0 0 0 0
    0 0 0 0 0 0 0 0 0 0 0 0 0 0 0 0 0 0 0 0 0 0 0 0 0 0 0 0 0 0 0 0 0 0
    0 0 0 0 0 0 0 0 0 0 0 0 0 0 0 0 0 0 0 0 0 0 0 0 0 0 0 0 0 0 0 0 0 0
    0 0 0 0 0 0 0 0 0 0 0 0 0 0 0 0 0 0 0 0 0 0 0 0 0 0 0 0 0 0 0 0 0 0
    0 0 0 0 0 0 0 0 0 0 0 0 0 0 0 0 0 0 0 0 0 0 0 0 0 0 0 0 0 0 0 0 0 0
    0 0 0 0 0 0 0 0 0 0 0 0 0 0 0 0 0 0 0 0 0 0 0 0 0 0 0 0 0 0 0 0 0 0
    0 0 0 0 0 0 0 0 0 0 0 0 0 0 0 0 0 0 0 0 0 0 0 0 0 0 0 0 0 0 0 0 0 0
    0 0 0 0 0 0 0 0 0 0 0 0 0 0 0 0 0 0 0 0 0 0 0 0 0 0 0 0 0 0 0 0 0 0
    0 0 0 0 0 0 0 0 0 0 0 0 0 0 0 0 0 0 0 0 0 0 0 0 0 0 0 0 0 0 0 0 0 0
    0 0 0 0 0 0 0 0 0 0 0 0 0 0 0 0 0 0 0 0 0 0 0 0 0 0 0 0 0 0 0 0 0 0
    0 0 0 0 0 0 0 0 0 0 0 0 0 0 0 0 0 0 0 0 0 0 0 0 0 0 0 0 0 0 0 0 0 0
    0 0 0 0 0 0 0 0 0 0 0 0 0 0 0 0 0 0 0 0 0 0 0 0 0 0 0 0 0 0 0 0 0 0
    0 0 0 0 0 0 0 0 0 0 0 0 0 0 0 0 0 0 0 0 0 0 0 0 0 0 0 0 0 0 0 0 0 0
    0 0 0 0 0 0 0 0 0 0 0 0 0 0 0 0 0 0 0 0 0 0 0 0 0 0 0 0 0 0 0 0 0 0
    0 0 0 0 0 0 0 0 0 0 0 0 0 0 0 0 0 0 0 0 0 0 0 0 0 0 0 0 0 0 0 0 0 0
    0 0 0 0 0 0 0 0 0 0 0 0 0 0 0 0 0 0 0 0 0 0 0 0 0 0 0 0 0 0 0 0 0 0
    0 0 0 0 0 0 0 0 0 0 0 0 0 0 0 0 0 0 0 0 0 0 0 0 0 0 0 0 0 0 0 0 0 0
    0 0 0 0 0 0 0 0 0 0 0 0 0 0 0 0 0 0 0 0 0 0 0 0 0 0 0 0 0 0 0 0 0 0
    0 0 0 0 0 0 0 0 0 0 0 0 0 0 0 0 0 0 0 0 0 0 0 0 0 0 0 0 0 0 0 0 0 0
    0 0 0 0 0 0 0 0 0 0 0 0 0 0 0 0 0 0 0 0 0 0 0 0 0 0 0 0 0 0 0 0 0 0
    0 0 0 0 0 0 0 0 0 0 0 0 0 0 0 0 0 0 0 0 0 0 0 0 0 0 0 0 0 0 0 0 0 0
    0 0 0 0 0 0 0 0 0 0 0 0 0 0 0 0 0 0 0 0 0 0 0 0 0 0 0 0 0 0 0 0 0 0
    0 0 0 0 0 0 0 0 0 0 0 0 0 0 0 0 0 0 0 0 0 0 0 0 0 0 0 0 0 0 0 0 0 0
    0 0 0 0 0 0 0 0 0 0 0 0 0 0 0 0 0 0 0 0 0 0 0 0 0 0 0 0 0 0 0 0 0 0
    0 0 0 0 0 0 0 0 0 0 0 0 0 0 0 0 0 0 0 0 0 0 0 0 0 0 0 0 0 0 0 0 0 0
    0 0 0 0 0 0 0 0 0 0 0 0 0 0 0 0 0 0 0 0 0 0 0 0 0 0 0 0 0 0 0 0 0 0
    0 0 0 0 0 0 0 0 0 0 0 0 0 0 0 0 0 0 0 0 0 0 0 0 0 0 0 0 0 0 0 0 0 0
    0 0 0 0 0 0 0 0 0 0 0 0 0 0 0 0 0 0 0 0 0 0 0 0 0 0 0 0 0 0 0 0 0 0
    0 0 0 0 0 0 0 0 0 0 0 0 0 0 0 0 0 0 0 0 0 0 0 0 0 0 0 0 0 0 0 0 0 0
    0 0 0 0 0 0 0 0 0 0 0 0 0 0 0 0 0 0 0 0 0 0 0 0 0 0 0 0 0 0 0 0 0 0
    0 0 0 0 0 0 0 0 0 0 0 0 0 0 0 0 0 0 0 0 0 0 0 0 0 0 0 0 0 0 0 0 0 0
    0 0 0 0 0 0 0 0 0 0 0 0 0 0 0 0 0 0 0 0 0 0 0 0 0 0 0 0 0 0 0 0 0 0
    0 0 0 0 0 0 0 0 0 0 0 0 0 0 0 0 0 0 0 0 0 0 0 0 0 0 0 0 0 0 0 0 0 0
    0 0 0</data></test_mask>
<my_img type_id="opencv-matrix">
  <rows>30</rows>
  <cols>20</cols>
  <dt>"3u"</dt>
  <data>
    191 216 153 140 245 226 238 222 171 195 229 255 198 200 235 251 163
    183 140 145 173 219 189 135 157 210 223 156 142 199 158 210 184 174
    159 196 226 205 166 218 248 208 230 174 241 255 199 156 205 228 221
    195 128 251 133 243 214 163 187 159 226 158 205 132 184 210 251 166
    241 196 140 183 131 175 179 136 220 131 254 235 232 137 166 188 188
    153 199 213 183 161 242 132 200 224 169 196 241 247 178 192 235 243
    146 220 246 199 237 137 149 157 235 255 146 250 243 197 218 217 214
    135 225 247 232 163 161 201 238 254 170 228 167 177 187 236 183 175
    227 173 208 189 159 240 218 222 247 138 200 160 136 158 245 241 167
    141 251 173 249 210 163 208 143 209 244 155 224 221 157 164 167 243
    210 245 170 253 149 138 251 143 139 200 242 205 147 149 139 175 208
    174 221 180 151 157 219 167 249 250 149 187 220 178 161 164 147 160
    226 162 223 134 147 237 146 220 142 135 225 255 148 167 224 216 156
    158 157 184 207 186 131 133 248 192 218 215 132 199 222 164 194 148
    173 221 193 163 155 162 211 242 170 207 197 209 148 254 160 145 254
    163 152 191 203 209 201 169 169 175 241 221 227 168 154 135 194 252
    234 184 145 154 216 164 232 133 139 196 174 195 220 168 200 193 254
    152 188 245 173 237 193 169 211 142 187 163 173 189 204 254 240 236
    182 133 150 251 180 230 210 212 163 159 183 194 195 249 196 239 169
    199 150 161 149 134 151 224 166 163 184 245 132 203 255 194 145 185
    240 182 229 199 190 203 154 170 172 165 157 174 144 253 172 184 247
    213 190 218 251 221 190 168 223 164 253 173 176 138 224 255 165 162
    194 254 144 133 138 234 248 233 143 144 227 153 188 16 102 97 74 28
    23 94 119 8 78 61 38 64 47 29 105 21 112 62 42 118 2 56 108 201 156
    199 225 215 136 180 218 197 196 210 171 205 229 178 177 248 195 150
    153 194 144 233 247 236 140 247 133 170 198 248 149 232 202 170 165
    50 100 93 94 20 102 73 76 12 96 97 52 116 25 49 92 79 89 62 31 85 64
    35 3 158 240 243 222 189 197 165 169 164 162 214 180 178 141 138 159
    198 225 192 210 205 236 163 154 228 190 249 203 216 133 211 224 192
    175 195 185 100 90 3 113 121 21 46 27 37 121 122 7 108 5 21 106 28
    126 112 103 60 7 31 108 216 243 210 134 233 232 208 181 225 187 254
    207 254 159 205 129 224 238 255 211 139 154 191 135 160 225 187 194
    244 202 158 205 174 254 224 218 214 169 226 150 161 136 188 171 216
    214 204 245 212 250 202 150 234 143 190 149 159 250 236 178 190 160
    177 149 243 128 175 182 213 239 221 149 237 221 128 188 177 238 130
    249 139 196 143 252 206 144 200 238 133 240 209 143 177 137 169 236
    235 180 227 253 136 173 174 219 178 161 195 186 183 241 174 176 227
    215 197 226 189 159 205 144 187 210 157 243 167 232 243 239 161 224
    163 131 218 156 151 167 172 242 148 213 158 135 176 158 234 224 255
    232 191 147 191 145 244 131 241 145 177 172 166 219 246 167 178 233
    184 230 202 141 154 251 144 229 154 183 142 145 190 206 197 253 133
    131 200 197 167 227 213 203 158 140 150 228 231 168 204 228 155 227
    210 203 144 191 197 141 218 190 197 235 233 201 245 141 189 193 135
    233 228 234 229 238 211 248 145 174 158 147 131 158 143 132 223 238
    167 131 193 216 183 185 144 176 212 219 145 253 254 129 153 244 219
    178 133 188 142 161 172 137 244 154 217 248 242 239 221 234 222 170
    254 155 199 224 200 230 179 150 254 172 161 136 196 242 169 186 145
    238 158 243 144 159 246 134 199 226 178 131 244 132 214 149 229 216
    139 181 220 196 222 249 220 178 133 171 198 135 255 171 241 138 189
    200 177 157 137 157 128 156 193 154 243 188 131 186 253 136 191 230
    179 221 231 248 159 139 233 149 164 223 252 211 131 138 147 214 173
    181 207 238 162 225 229 195 163 171 129 203 211 235 206 170 141 212
    135 177 161 198 181 207 253 244 174 188 193 188 240 151 235 133 184
    248 190 214 174 189 147 222 255 145 147 229 174 141 208 214 216 233
    144 187 162 227 137 201 248 225 170 216 230 229 235 169 142 204 179
    228 232 211 180 213 211 204 170 180 231 148 142 186 224 211 251 183
    167 182 156 204 242 186 191 207 201 139 238 172 231 225 203 233 135
    223 190 128 140 183 213 210 166 230 202 221 216 240 181 170 209 206
    248 172 247 154 222 219 243 157 136 189 195 150 192 184 152 147 155
    230 165 134 234 213 241 225 139 173 213 235 235 242 209 174 230 195
    170 217 152 143 189 157 241 255 148 148 150 231 140 195 163 148 141
    205 231 144 239 224 174 180 191 216 138 162 205 251 240 231 233 220
    164 156 241 239 128 218 152 145 132 203 207 173 165 241 216 245 164
    200 247 251 255 203 131 162 249 230 159 207 136 191 234 232 237 199
    142 140 170 218 244 229 213 226 145 148 227 222 212 193 254 154 236
    132 147 208 134 165 139 158 251 165 143 219 183 228 249 232 233 231
    213 213 176 237 149 233 155 231 245 226 222 192 184 131 215 150 175
    168 221 133 217 223 132 186 232 183 170 218 147 248 243 170 129 222
    138 156 184 164 129 176 250 225 216 232 130 151 186 211 241 188 217
    236 136 190 129 153 149 157 224 131 147 199 235 151 255 141 165 129
    235 143 248 157 237 170 202 173 209 138 176 158 192 155 216 157 159
    208 134 192 246 216 205 210 190 174 215 248 175 182 215 176 219 225
    236 144 233 201 249 172 190 169 151 211 233 235 143 232 185 157 175
    172 245 228 197 228 196 146 211 175 169 171 200 235 177 238 212 235
    153 188 178 250 185 184 193 240 227 202 131 241 235 167 157 216 252
    231 238 174 240 192 161 188 227 250 164 144 143 253 191 203 128 184
    134 169 255 212 149 233 234 180 136 214 230 189 197 164 140 157 171
    144 134 140 225 137 144 221 180 183 201 168 150 137 223 180 163 232
    231 209 237 164 231 134 145 232 229 178 239 165 208 154 187 205 156
    149 167 162 180 222 198 176 131 242 229 234 140 220 150 137 144 145
    239 251 241 246 129 162 186 210 170 155 185 209 133 205 156 141 254
    150 184 221 179 247 242 199 199 254 218 248 220 153 206 248 244 218
    208 181 221 214 216 245 250 130 162 162 222 132 155 236 202 158 208
    189 180 186 232 159 239 169 213 246 138 129 245 185 146 209 176 148
    219 180 148 180 204 193 216 196 235 234 153 208 148 245 192 148 212
    148 132 232 188 137 246 203 158 151 158 255 221 192 253 191 158 204
    148 130 137 163 228 205 182 212 210 198 194 216 208 142 205 200 225
    178 132 209 233 218 238 142 246 227 174 186 197 204 235 143 176 211
    177 239 211 178 221 169 210 179 173 177 183 139 131 156 137 226 131
    210 155 211 159 200 178 194 137 217 146 160 185 197 228 135 131 248
    130 149 233 162 133 192 203 170 185 242 235 252 215 182 182 130 157
    170 177 178 175 190 157 158 203 214 146 181 219 251 145 249 206 230
    196 234 129 179 131 242 197 153 210 189 252 128 138 213 229 221 174
    166 199 248 245 232 187 167 204 218 197 182 204 252 129 157 167 140
    149 161 184 205 187 213 161 224 134 169 224 231 255 165 255 164 138
    244 243 191 160 161 238 161 155 186 132 206 228 254 206 197 162 214
    208 210 230 187 188 132 221 203 140 207 159 212 212 213 165 143 189
    173 138 139 229 226 152 216 176 172 181 171 152 213 233 167 176 254
    243 156 128 252 251 172 254 225 223 212 246 200 142 232 171 193 244
    190 197 194 192 178 239 173 252 212 253 187 196 218 210 129 221 174
    221 210 215 226 188 194 160 215 207 238 215 255 184 252 156 199 213
    193 161 238 251 193 158 255 144 188 146 145 128 237 166 178 157 248
    135 131 183 191 217 166 161 187 153 129 129 166 170 169 153 200 249
    215 147 135 226 143 199 253 225 152 181 209 201 133 178 248 198 200
    210 218 175 211 195 130 141 178 147 249 187 227 251 146 219 196 148</data></my_img>
<your_img type_id="opencv-matrix">
  <rows>30</rows>
  <cols>20</cols>
  <dt>"3u"</dt>
  <data>
    97 77 111 67 19 37 11 57 48 8 40 110 22 78 96 58 24 106 82 38 3 95
    25 64 34 102 120 12 6 19 63 19 114 101 96 47 94 28 86 27 54 100 9 74
    50 73 7 27 46 68 94 63 39 10 97 0 119 34 118 102 85 69 52 112 107
    100 38 21 67 102 24 120 57 117 0 126 19 26 82 36 91 38 89 73 46 57
    37 105 18 45 49 10 107 86 116 40 4 25 78 9 89 93 108 64 12 61 19 66
    127 38 104 101 102 29 77 52 117 52 83 2 20 20 58 93 44 4 81 105 7 11
    57 73 81 5 37 108 56 35 71 106 23 72 9 2 85 21 35 61 109 4 36 60 90
    37 12 82 34 98 48 30 59 21 118 110 34 35 80 75 81 113 88 28 47 9 112
    23 5 91 119 41 113 41 31 56 2 109 20 45 28 79 125 30 47 20 110 60
    105 9 107 43 27 19 66 90 84 87 13 103 20 66 52 53 36 67 36 117 10
    120 86 100 81 94 122 8 68 111 29 105 61 106 80 108 66 104 39 119 48
    81 34 107 98 58 52 95 95 120 81 69 39 109 10 55 0 116 32 54 27 116
    36 25 123 82 43 84 27 2 98 73 5 34 9 118 16 1 26 116 26 79 10 35 42
    49 118 115 93 88 40 116 31 125 25 106 51 111 124 21 84 35 78 89 66
    91 107 44 48 103 10 82 53 101 83 125 38 120 49 6 42 99 108 108 113
    100 58 101 76 78 95 62 74 26 20 99 116 24 74 55 103 78 127 70 118 89
    65 69 42 105 17 68 78 74 93 106 42 69 21 86 64 94 95 83 56 122 103
    95 13 67 11 95 77 57 107 88 84 72 73 71 127 15 63 34 36 97 12 40 80
    124 116 178 140 175 154 235 201 163 226 179 206 254 205 201 249 181
    128 168 132 154 145 131 205 204 174 2 46 86 22 25 37 78 52 51 67 100
    87 19 37 90 116 79 21 126 21 79 6 33 112 14 72 57 34 75 47 30 2 46
    77 34 100 140 246 141 196 241 237 226 255 138 144 201 206 231 232
    193 196 161 175 178 237 147 139 164 173 19 38 38 49 33 104 33 76 101
    66 119 45 53 46 31 95 11 109 10 124 120 102 52 90 92 62 46 94 90 110
    41 14 94 55 74 120 145 255 142 237 246 154 140 128 151 178 128 240
    185 187 195 180 206 231 166 194 180 246 242 159 87 70 102 37 18 10
    21 54 82 3 55 111 66 115 96 102 41 124 32 92 108 80 121 32 63 44 65
    114 73 44 93 11 71 53 84 39 46 66 16 46 11 2 75 23 20 78 57 110 91
    56 35 68 108 51 115 62 9 99 5 7 45 110 126 5 16 124 64 37 53 97 116
    17 5 125 82 73 102 15 95 35 26 106 123 2 3 12 13 65 65 126 108 118
    63 117 81 126 68 94 93 68 44 97 37 117 42 7 118 112 72 61 85 31 110
    109 4 72 21 115 14 31 77 115 99 93 67 73 42 100 65 15 91 96 126 77
    49 22 21 115 87 32 60 91 33 6 124 126 104 118 79 112 69 107 37 51 62
    118 118 80 123 52 12 33 112 109 63 8 47 61 22 8 35 14 24 14 116 115
    120 65 25 41 17 122 79 98 5 29 12 15 38 99 66 33 102 12 23 15 94 40
    49 43 81 122 81 118 105 56 105 94 34 90 32 32 60 76 92 16 91 27 52
    45 64 85 97 20 38 18 40 55 22 99 101 88 118 40 74 13 64 81 77 82 72
    50 65 73 96 27 59 83 116 127 69 117 25 81 63 8 29 82 49 115 41 114
    126 7 91 79 1 114 92 72 20 76 97 108 41 82 2 13 73 41 68 18 40 81
    103 31 103 104 75 25 102 102 26 67 41 98 67 39 19 125 66 106 59 55
    55 55 34 86 70 127 26 127 69 37 52 2 125 99 48 118 125 106 118 64 55
    113 73 16 22 3 101 67 54 107 85 84 12 78 16 72 49 40 90 102 24 72 2
    54 121 104 78 127 7 39 66 27 39 50 90 3 45 17 18 62 13 30 126 12 55
    15 117 45 70 79 64 75 126 83 43 114 85 16 40 109 41 115 89 95 86 127
    20 75 4 30 39 100 81 0 63 99 57 9 90 0 65 80 118 51 123 101 26 125
    74 57 64 12 70 12 94 56 122 30 34 112 27 111 82 43 0 76 99 26 43 14
    71 76 115 104 113 100 86 71 78 4 29 99 50 48 48 50 109 127 34 27 6
    89 31 66 0 66 67 85 42 127 106 2 67 44 44 54 33 13 90 33 0 45 95 9
    122 96 114 95 109 41 3 110 124 89 51 75 81 114 115 14 21 34 79 110
    76 95 112 120 90 72 64 122 104 34 65 99 97 28 48 94 8 81 42 65 72 1
    108 40 65 38 78 72 0 124 91 53 118 69 64 66 27 5 116 41 71 79 106 87
    115 99 27 122 124 83 102 51 93 76 80 55 74 35 56 30 90 77 126 20 50
    54 126 31 19 7 62 9 47 2 0 75 44 81 4 60 48 17 63 20 112 116 63 31
    97 120 51 125 79 29 97 52 37 97 72 110 125 39 75 63 120 78 105 67
    108 114 93 45 113 71 43 64 112 109 62 120 65 11 58 35 108 88 105 40
    59 2 89 119 56 77 94 62 14 33 47 29 98 37 63 30 94 107 119 85 33 58
    87 62 61 98 103 117 103 89 3 68 45 8 108 95 37 124 8 90 99 34 31 64
    100 113 75 66 98 67 18 79 21 39 41 108 46 112 66 11 84 35 74 50 42 3
    43 117 97 68 47 3 119 46 104 82 102 23 14 111 90 125 61 89 66 12 14
    11 126 120 50 86 45 117 112 81 96 51 99 35 72 10 120 101 6 110 5 26
    26 4 39 26 82 11 113 57 6 32 39 100 58 78 23 116 46 102 95 121 59 76
    66 68 63 117 109 91 40 14 85 65 74 127 109 57 33 74 68 42 100 38 118
    29 19 33 97 37 59 55 34 79 99 114 114 54 109 52 31 94 122 50 80 72
    119 125 14 79 121 85 31 82 66 11 84 98 19 125 80 120 96 49 46 21 28
    30 83 122 29 0 4 41 16 12 38 91 23 103 50 56 8 44 53 124 116 60 49
    55 10 77 108 30 62 94 47 13 123 77 45 48 92 62 78 94 21 7 94 101 20
    8 13 122 85 15 40 47 69 34 96 102 44 51 87 29 47 126 76 126 105 119
    73 54 12 91 50 106 87 80 124 49 97 125 3 77 40 51 124 16 82 29 127
    27 80 62 125 35 23 0 124 116 39 81 21 36 2 84 65 89 107 85 42 45 80
    71 50 34 73 33 88 32 61 6 12 100 6 87 67 1 17 37 121 82 3 18 121 42
    67 91 62 110 108 117 12 37 113 42 93 52 22 75 110 83 122 68 6 103
    113 18 120 105 40 50 45 33 104 88 77 117 59 44 43 68 15 91 97 42 65
    93 113 51 114 99 49 111 73 39 84 62 1 82 106 118 11 8 14 37 15 52 77
    118 97 107 102 40 83 23 58 8 81 12 0 23 111 61 41 120 94 53 42 1 83
    90 71 82 105 0 23 14 123 35 101 100 108 53 32 48 35 81 7 29 38 83
    118 54 66 101 108 114 118 73 68 20 83 124 64 38 15 87 126 30 46 37
    99 38 6 47 36 43 0 53 76 53 43 4 37 15 2 82 4 111 67 54 16 97 50 48
    72 111 52 34 3 106 10 115 64 48 75 42 118 89 25 96 5 17 86 98 20 20
    16 87 26 64 94 110 23 49 75 13 100 118 81 49 56 111 46 83 78 66 28
    40 24 39 54 50 91 110 36 105 51 27 5 5 88 61 109 1 79 112 81 75 32
    67 29 65 109 91 36 93 127 82 108 41 127 30 53 54 65 36 125 48 114 60
    20 100 88 5 16 9 77 28 102 126 39 87 75 0 120 51 80 95 124 79 44 122
    30 123 28 75 37 55 66 101 68 44 17 25 94 12 83 66 0 95 28 22 52 18
    42 119 25 71 107 92 16 58 27 25 122 17 47 39 36 69 24 4 107 62 88 49
    52 88 104 76 31 94 81 27 101 42 81 53 92 0 64 44 97</data></your_img>
</opencv_storage>
