<?xml version="1.0"?>
<opencv_storage>
<L2_diff>5854.1695397383219</L2_diff>
<test_img1 type_id="opencv-matrix">
  <rows>30</rows>
  <cols>20</cols>
  <dt>"3u"</dt>
  <data>
    109 67 65 85 31 27 126 61 100 125 51 51 6 39 98 14 80 104 68 114 65
    37 38 36 39 89 82 60 46 23 89 70 26 58 21 0 57 9 106 118 68 124 85
    85 85 3 72 25 93 115 118 119 15 80 69 59 91 111 84 79 75 124 55 9 75
    2 111 125 66 119 112 99 65 68 100 35 56 96 60 76 45 79 43 104 3 1
    125 84 121 68 39 95 77 41 93 120 113 126 11 42 6 50 22 114 114 4 76
    31 36 53 54 103 90 54 51 99 17 27 61 39 3 36 14 126 92 27 114 111 54
    20 33 34 107 75 120 85 31 3 106 48 118 5 50 80 21 54 45 77 114 17 84
    69 117 90 12 63 45 7 47 109 109 68 5 44 7 29 126 27 21 119 11 112 33
    119 41 93 114 113 27 21 114 19 36 65 66 40 120 2 85 126 126 122 38
    115 78 118 126 12 64 73 98 83 99 4 41 10 24 114 56 97 82 121 22 126
    59 57 113 102 38 61 124 51 62 62 50 5 120 30 57 103 0 65 103 127 3
    32 100 71 73 0 68 102 32 33 76 39 116 11 116 127 20 0 111 83 113 8
    125 12 22 56 98 101 72 24 45 23 10 11 47 116 127 111 91 84 42 79 32
    71 32 31 86 16 10 46 100 17 96 68 56 86 13 121 110 38 38 115 65 60
    107 60 107 75 115 44 82 98 104 96 87 113 1 107 34 21 127 28 46 127
    119 35 100 58 111 67 15 27 106 12 78 110 45 119 49 7 74 118 20 118
    29 17 105 126 35 67 120 83 108 14 124 95 119 32 31 87 68 65 88 100
    25 64 12 126 99 54 16 91 11 25 63 24 91 45 73 4 112 109 27 124 124
    64 109 7 78 106 68 87 20 31 92 67 10 122 87 60 54 19 22 73 54 8 105
    68 106 47 117 28 58 41 9 98 89 56 45 2 56 64 7 7 68 57 83 68 13 108
    115 15 55 106 109 83 98 52 16 99 58 53 106 126 36 88 14 49 53 45 19
    7 41 114 10 47 39 70 52 14 53 100 3 44 4 18 106 108 101 16 121 17 63
    104 15 124 5 12 20 95 20 8 119 65 86 39 23 38 27 114 118 5 107 16
    114 98 123 29 111 49 20 110 70 75 76 107 50 10 97 14 43 109 103 17
    46 22 68 70 115 121 15 87 16 69 89 68 18 16 60 36 6 48 105 125 107
    118 76 15 113 66 91 30 3 85 7 92 102 61 35 123 59 65 45 11 107 75 8
    30 7 19 86 72 49 66 99 3 81 117 91 44 7 30 127 70 106 68 108 60 73
    67 39 59 124 6 106 33 65 3 8 114 118 64 42 23 12 124 127 123 116 76
    11 125 91 30 116 27 24 105 32 106 93 127 61 6 40 61 112 98 48 31 32
    105 32 127 23 74 91 24 98 47 89 100 43 87 7 31 16 29 48 38 99 84 123
    43 63 39 10 85 94 35 67 80 104 64 19 85 19 75 72 125 106 44 40 15 83
    108 127 88 1 5 47 122 14 117 12 84 14 24 75 107 12 109 78 4 67 54 64
    14 94 68 121 74 59 102 83 21 3 13 85 79 27 94 70 100 30 116 88 113
    68 67 41 76 113 77 65 74 50 19 96 78 24 9 25 37 0 34 24 10 79 73 71
    13 122 76 15 82 114 3 18 46 18 18 0 42 104 7 79 11 118 44 28 9 61
    109 35 94 55 9 39 8 74 98 106 8 101 102 68 101 79 4 106 46 33 96 64
    101 127 59 8 125 102 0 115 63 6 23 30 87 42 118 17 66 13 20 49 115
    12 103 16 112 46 105 74 81 36 5 24 9 97 113 25 24 51 123 61 0 5 35
    124 80 26 57 124 74 69 38 1 127 29 71 46 38 113 46 77 72 24 122 115
    100 4 58 117 119 87 59 13 59 1 109 9 16 61 18 13 0 82 3 34 106 113
    81 115 10 21 77 94 24 68 112 2 23 18 14 96 111 123 72 69 78 119 35 3
    118 81 99 11 82 23 36 89 120 94 124 122 115 66 16 14 78 2 23 47 89
    125 31 112 72 99 65 82 16 29 97 32 105 40 56 78 101 24 43 11 45 77 4
    99 126 14 103 46 67 75 67 40 126 94 92 96 24 16 57 42 78 92 73 80 53
    32 52 35 63 102 58 109 110 95 18 47 49 57 111 53 52 31 43 82 127 4
    46 64 24 31 78 13 20 42 14 50 20 123 89 13 55 123 91 22 18 68 83 104
    113 29 2 95 8 38 13 37 78 70 83 50 26 5 98 72 23 21 37 11 28 70 20 6
    45 22 108 82 87 55 101 69 126 109 103 102 23 89 48 123 113 91 22 123
    81 102 126 99 2 66 104 99 125 15 19 116 22 60 9 98 71 48 69 71 1 94
    5 15 105 59 112 63 30 116 69 120 2 14 5 116 102 51 88 85 102 100 9
    84 0 118 68 24 104 86 26 100 25 114 67 83 96 109 123 2 24 90 124 20
    108 27 127 82 11 22 84 111 45 50 58 24 45 4 99 117 66 66 45 74 57 58
    42 104 91 3 32 58 43 60 69 34 72 98 107 80 28 19 116 93 5 41 127 125
    14 77 79 90 33 52 59 86 22 77 70 104 1 10 56 17 45 84 25 80 25 15
    113 127 20 115 98 12 10 1 122 55 106 15 116 119 80 37 97 111 116 104
    118 94 77 83 100 28 21 119 124 119 45 3 78 51 44 6 10 78 116 10 13
    99 39 77 75 89 77 66 31 96 84 30 6 19 105 118 42 112 12 53 15 14 83
    59 81 14 7 114 72 4 70 102 8 25 101 31 94 58 125 116 63 121 56 43 22
    19 43 83 112 46 21 52 32 120 48 23 21 124 63 31 109 119 58 57 50 63
    60 37 126 61 74 71 0 105 34 34 13 95 102 91 99 12 64 106 45 50 69 61
    86 13 9 82 6 78 100 36 27 120 84 90 3 82 101 92 79 11 2 62 109 92 75
    124 54 74 67 19 121 52 88 40 116 31 127 5 92 38 77 86 25 23 8 33 80
    78 73 119 97 4 21 62 37 93 61 45 93 46 57 127 120 108 112 120 53 37
    58 27 110 100 79 34 98 94 59 58 15 49 11 84 73 84 54 34 124 121 79
    78 58 78 120 17 75 94 46 34 51 11 50 104 79 88 23 51 16 71 16 101 0
    91 71 12 115 15 76 122 40 20 121 68 98 11 73 126 114 51 66 51 1 69
    44 78 1 26 2 127 38 33 54 33 116 117 114 51 2 59 38 95 14 52 99 76
    27 43 57 70 23 82 63 104 27 48 21 80 53 74 75 105 48 96 4 67 3 89
    127 55 27 25 82 76 52 9 23 28 98 7 119 69 26 67 120 28 7 79 105 71 8
    6 33 86 106 12 13 117 10 72 112 97 9 74 54 22 120 69 121 92 124 50
    44 117 121 30 17 68 41 112 8 22 89 81 127 5 87 59 101 101 42 91 68
    127 73 48 103 10 104 126 66 5 62 50 41 81 75 94 59 89 68 100 72 111
    117 31 122 55 18 45 85 6 51 122 81 58 45 21 88 27 92 27 120 121 120
    59 115 88 98 91 35 125 55 81 60 5 28 78 88 28 113 60 82 113 104 82
    56 123 77 43 63 45 96 60 70 101 64 97 23 42 37 79 45 87 4 70 104 100
    52 71 98 4 48 23 87 21 106 98 111 115 32 79 3 96 73 38 92 12 120 107
    79 108 93 29 83 98 7 43 33 56 104 100 46 99 32 98 0 74 111 104 85 43
    32 101 108 60 102 106 56 89 49 54 62 93 53 34 68 121 38 1 123 97 115
    119 3 10 19 117 89 6 49 116 76 75 30 84 31 29 100 110 116 110 13 48
    73 79 113 13 114 97 83 97 84 125 12 58 48 19 84 1 36 22 107 3 106
    102 49 124 64 20 116 13 10 39 67 47 104 90 90 42 104 87 55 98 64 43
    87 121 102 96 81 27 117 83 53 13 63 58 37 86 92 45 71 50 51 94 123
    31 29 31 46 106 68 10 33 13 11 71 114 29 76 26 124 4 84 32 23 1 54
    58 31 39 43 2 57 108 4 40 71 65 85 66 48 101 121 10 56</data></test_img1>
<test_img2 type_id="opencv-matrix">
  <rows>30</rows>
  <cols>20</cols>
  <dt>"3u"</dt>
  <data>
    130 183 131 235 144 166 159 146 155 206 219 220 232 195 254 147 190
    204 218 157 168 236 249 152 179 193 129 146 190 246 189 219 220 246
    252 189 181 136 151 239 199 203 221 211 223 183 249 198 170 135 218
    154 224 235 172 230 220 220 145 223 183 182 239 203 223 149 214 145
    252 206 195 135 241 180 211 135 163 219 227 148 204 164 133 181 148
    156 187 227 221 158 161 180 197 251 165 206 164 211 252 186 228 213
    220 207 199 239 170 193 190 180 192 154 128 196 219 164 146 140 241
    141 204 253 242 233 175 215 251 136 227 240 167 134 243 200 205 236
    193 164 207 151 245 221 212 162 208 132 245 230 235 166 216 165 156
    188 170 172 245 136 214 235 228 233 192 142 204 186 174 128 138 154
    145 136 209 232 132 185 137 146 193 154 146 201 219 226 166 246 183
    219 233 153 205 155 204 138 208 216 209 148 150 198 130 189 160 230
    156 130 208 227 249 191 176 167 131 146 213 136 210 238 131 182 212
    181 223 174 152 149 133 136 202 242 232 138 219 162 246 245 161 254
    185 190 227 211 141 213 157 242 153 209 185 165 243 215 182 214 145
    216 172 197 238 211 229 164 151 131 146 200 216 177 140 149 192 242
    185 181 164 225 200 207 236 136 227 195 238 211 150 237 234 162 222
    223 220 203 251 224 158 208 153 177 174 221 139 141 249 232 133 146
    220 211 219 225 151 137 235 216 252 248 246 146 128 218 246 165 132
    224 139 201 200 135 255 231 153 146 166 202 246 189 165 220 210 194
    170 189 197 130 246 132 162 220 249 150 249 204 145 162 170 229 210
    164 169 232 231 163 156 221 162 142 201 149 183 182 208 172 224 187
    231 162 204 209 237 216 213 202 156 208 254 174 134 188 130 197 234
    143 147 163 165 218 231 155 159 251 136 228 183 226 202 209 140 228
    142 248 176 221 182 244 246 254 229 165 217 132 209 230 138 168 131
    199 209 223 202 158 211 177 193 195 155 196 144 173 134 234 135 216
    167 146 156 148 239 229 193 217 152 149 207 169 239 139 186 176 136
    210 140 213 212 248 245 235 133 251 224 235 191 165 199 140 157 254
    203 158 176 240 149 219 244 149 155 183 236 219 140 238 157 230 250
    228 213 157 191 231 243 206 246 254 227 240 133 249 140 198 208 141
    166 207 223 175 220 213 152 145 190 157 183 136 234 195 158 200 131
    169 202 212 202 166 196 144 206 161 135 237 230 162 156 214 174 182
    241 197 174 201 206 179 131 132 137 211 241 247 230 136 246 201 179
    193 197 217 157 132 134 155 225 195 167 212 236 255 247 192 233 244
    242 218 177 253 217 158 174 234 201 235 142 246 201 224 251 181 134
    226 164 220 231 187 253 156 178 184 199 155 243 227 242 128 180 191
    219 220 179 183 146 165 181 197 222 171 177 217 189 203 157 159 129
    246 148 203 205 194 250 244 237 248 203 135 213 199 248 196 221 147
    203 206 242 178 235 139 204 254 249 173 214 214 175 213 129 178 252
    221 200 207 187 235 169 135 218 244 210 241 253 237 244 219 140 169
    135 150 200 131 152 208 222 147 154 170 187 185 133 173 230 234 211
    224 247 161 252 253 165 170 161 252 199 231 144 253 197 224 157 138
    216 237 163 245 252 241 194 250 128 213 146 248 150 250 219 250 203
    247 244 147 142 198 234 194 210 252 173 146 161 205 189 182 166 168
    148 217 252 234 144 205 220 131 211 136 205 214 156 253 133 157 129
    186 222 163 255 204 173 209 179 201 153 132 249 222 177 221 196 154
    184 238 178 213 245 227 248 201 188 198 178 146 245 148 195 138 220
    147 203 151 133 138 163 224 161 242 139 180 212 169 146 147 162 224
    246 181 141 133 197 138 165 200 227 243 236 182 252 183 211 209 131
    214 164 138 166 147 233 135 254 195 179 174 215 170 241 134 151 135
    175 137 239 133 253 202 249 165 218 214 179 209 183 153 144 192 140
    238 250 211 192 231 156 174 137 192 220 254 185 160 162 149 172 199
    168 199 176 187 157 234 149 214 171 150 137 193 173 143 174 162 207
    134 208 239 169 130 213 167 171 216 203 145 233 169 200 135 149 209
    191 198 132 177 174 143 173 135 175 246 156 227 190 138 170 216 149
    208 198 197 175 206 224 200 133 132 244 235 190 208 178 208 162 237
    143 203 254 179 149 172 155 197 192 198 131 185 206 146 188 176 169
    129 186 179 232 188 234 240 154 199 154 155 249 177 235 218 192 132
    221 251 206 215 212 174 250 218 226 167 215 255 196 185 174 203 179
    158 172 245 141 205 146 148 148 248 245 216 183 209 141 144 187 160
    195 146 152 244 226 142 208 190 180 143 240 165 204 181 252 216 230
    250 152 219 239 167 210 204 228 146 234 241 214 224 223 163 173 141
    196 233 143 179 212 188 159 229 202 239 242 194 192 191 204 133 255
    168 210 212 173 146 153 226 240 145 223 160 236 173 162 177 136 172
    144 180 233 182 194 148 151 160 193 213 240 160 227 243 157 245 198
    161 157 149 183 152 158 164 181 175 195 180 181 140 239 164 196 208
    227 230 237 190 210 249 173 163 247 227 232 130 177 252 145 137 132
    130 155 168 204 128 188 230 149 132 196 226 191 134 167 221 172 212
    187 171 233 172 140 137 206 210 133 225 199 186 162 225 254 155 191
    161 227 185 162 179 129 225 162 232 135 162 221 133 255 214 214 152
    190 221 148 206 147 159 136 217 156 242 140 202 246 128 243 193 148
    220 164 234 249 237 240 179 198 229 188 173 142 255 189 143 183 181
    213 225 195 183 234 207 199 183 228 146 221 204 199 218 154 200 219
    174 170 162 177 131 145 156 236 156 236 220 252 252 167 210 221 234
    210 155 236 219 154 219 233 141 241 255 156 137 234 194 135 227 209
    152 150 143 181 208 187 251 157 150 157 224 155 141 216 183 163 137
    215 250 214 137 233 163 195 220 182 234 131 165 157 235 246 149 230
    176 180 237 131 250 172 242 188 179 179 180 255 225 158 207 133 165
    149 171 183 236 201 193 148 247 168 184 199 128 170 225 210 196 210
    199 134 161 187 215 190 252 233 160 228 218 177 167 192 240 157 251
    219 166 213 173 130 131 195 149 136 188 238 238 195 236 188 191 246
    151 160 155 239 191 225 240 162 213 244 239 207 131 129 204 129 203
    247 211 183 185 158 210 203 142 154 229 222 205 213 217 216 199 154
    150 242 196 139 222 231 209 147 138 175 136 232 187 170 208 141 168
    221 174 146 215 149 200 130 196 138 206 226 143 148 252 164 149 167
    210 145 136 149 181 217 179 198 254 178 149 172 244 238 241 227 141
    242 190 149 231 175 204 133 203 148 244 131 194 235 171 214 209 165
    197 183 232 201 156 230 211 151 129 193 238 179 179 163 253 211 255
    213 140 231 173 144 147 202 248 132 183 145 135 182 139 176 207 151
    144 251 243 220 222 209 241 197 198 156 206 171 161 198 187 147 218
    182 168 146 178 237 131 147 167 142 253 200 206 202 146 167 148 224
    198 139 180 180 132 239 203 207 185 231 156 170 186 159 192 174 190
    233 204 159 222 217 234 228 138 162 228 221 169 187 150 246 140 157
    135 133 144 137 250 175 167 205 145 209 234 227 198 129 210 214 151
    140 244 196 218 225 233 239 230 168 240 180 166 206 161 158 180 130
    181 210 200 139 241 239 240 171 215 233 238 188 209 240 154 164 148
    190 253 249 148 236 165 147 191 148 211 249 154 248 247 193 159 198
    224 204 151 205 171 224 141 154 240 220 173 129 191 162 249 157 198
    157 196 163 191 216 202 216 190 184 219 149 148 228 253 250 168 242
    232 252 190 187 222 192 248 194 130 195 203 187 245 168 238 199 146
    236 239 142 209 181 211 250 147 194 159 231 205 207 146 196 209 134
    162 217 213 224 136 140 255 128 188 186 174 223 162 205 142 142 246
    185 227 169 230 178 201 176 185 251 236 221 218 186 239 248 236 160
    200 204 219 200 216 239 240 152 236 240 156 169 214 212 174 157 223
    153 149 250 235 246 253 245 224 130 188 172 237 140 163 146 242 240
    186 231 244 185 138 253 236 249 149 223 247 177 193 173 204</data></test_img2>
<test_mask type_id="opencv-matrix">
  <rows>30</rows>
  <cols>20</cols>
  <dt>"3u"</dt>
  <data>
    0 0 0 0 0 0 0 0 0 0 0 0 0 0 0 0 0 0 0 0 0 0 0 0 0 0 0 0 0 0 0 0 0 0
    0 0 0 0 0 0 0 0 0 0 0 0 0 0 0 0 0 0 0 0 0 0 0 0 0 0 0 0 0 0 0 0 0 0
    0 0 0 0 0 0 0 0 0 0 0 0 0 0 0 0 0 0 0 0 0 0 0 0 0 0 0 0 0 0 0 0 0 0
    0 0 0 0 0 0 0 0 0 0 0 0 0 0 0 0 0 0 0 0 0 0 0 0 0 0 0 0 0 0 0 0 0 0
    0 0 0 0 0 0 0 0 0 0 0 0 0 0 0 0 0 0 0 0 0 0 0 0 0 0 0 0 0 0 0 0 0 0
    0 0 0 0 0 0 0 0 0 0 0 0 0 0 0 0 0 0 0 0 0 0 0 0 0 0 0 0 0 0 0 0 0 0
    0 0 0 0 0 0 0 0 0 0 0 0 0 0 0 0 0 0 0 0 0 0 0 0 0 0 0 0 0 0 0 0 0 0
    0 0 0 0 0 0 0 0 0 0 0 0 0 0 0 0 0 0 0 0 0 0 0 0 0 0 0 0 0 0 0 0 0 0
    0 0 0 0 0 0 0 0 0 0 0 0 0 0 0 0 0 0 0 0 0 0 0 0 0 0 0 0 0 0 0 0 0 0
    0 0 0 0 0 0 0 0 0 0 0 0 0 0 0 0 0 0 0 0 0 0 0 0 0 0 0 0 0 0 0 0 0 0
    0 0 0 0 0 0 0 0 0 0 0 0 0 0 0 0 0 0 0 0 0 0 0 0 0 0 0 0 0 0 0 0 0 0
    0 0 0 0 0 0 0 0 0 0 0 0 0 0 0 0 0 0 0 0 0 0 0 0 0 0 0 0 0 0 0 0 0 0
    0 0 0 0 0 0 0 0 0 0 0 0 0 0 0 0 0 0 0 0 0 0 0 0 0 0 0 0 0 0 0 0 0 0
    0 0 0 0 0 0 0 0 0 0 0 0 0 0 0 0 0 0 0 0 0 0 0 0 0 0 0 0 0 0 0 0 0 0
    0 0 0 0 0 0 0 0 0 0 0 0 0 0 0 0 0 0 0 0 0 0 0 0 0 0 0 0 0 0 0 0 0 0
    0 0 0 0 0 0 0 0 0 0 0 0 0 0 0 0 0 0 0 0 0 0 0 0 0 0 0 0 0 0 0 0 0 0
    0 0 0 0 0 0 0 0 0 0 0 0 0 0 0 0 0 0 0 0 0 0 0 0 0 0 0 0 0 0 0 0 0 0
    0 0 0 0 0 0 0 0 0 0 0 0 0 0 0 0 0 0 0 0 0 0 0 0 0 0 0 0 0 0 0 0 0 0
    0 0 0 0 0 0 0 0 0 0 0 0 0 0 0 0 0 0 0 0 0 0 0 0 0 0 0 0 0 0 0 0 0 0
    0 0 0 0 0 0 0 0 0 0 0 0 0 0 0 0 0 0 0 0 0 0 0 0 0 0 0 0 0 0 0 0 0 0
    0 0 0 0 0 0 0 0 0 0 0 0 0 0 0 0 0 0 0 0 0 0 0 0 0 0 0 0 0 0 0 0 0 0
    0 0 0 0 0 0 0 0 0 0 0 0 0 0 0 0 0 0 0 0 0 0 0 0 0 0 0 0 0 0 0 0 0 0
    0 0 0 0 0 0 0 0 0 0 0 0 0 0 0 0 0 0 0 0 0 0 0 0 0 0 0 0 0 0 0 0 0 0
    0 0 0 0 0 0 0 0 0 0 0 0 0 0 0 0 0 0 0 0 0 0 0 0 0 0 0 0 0 0 0 0 0 0
    0 0 0 0 0 0 0 0 0 0 0 0 0 0 0 0 0 0 0 0 0 0 0 0 0 0 0 0 0 0 0 0 0 0
    0 0 0 0 0 0 0 0 0 0 0 0 0 0 0 0 0 0 0 0 0 0 0 0 0 0 0 0 0 0 0 0 0 0
    0 0 0 0 0 0 0 0 0 0 0 0 0 0 0 0 0 0 0 0 0 0 0 0 0 0 0 0 0 0 0 0 0 0
    0 0 0 0 0 0 0 0 0 0 0 0 0 0 0 0 0 0 0 0 0 0 0 0 0 0 0 0 0 0 0 0 0 0
    0 0 0 0 0 0 0 0 0 0 0 0 0 0 0 0 0 0 0 0 0 0 0 0 0 0 0 0 0 0 0 0 0 0
    0 0 0 0 0 0 0 0 0 0 0 0 0 0 0 0 0 0 0 0 0 0 0 0 0 0 0 0 0 0 0 0 0 0
    0 0 0 0 0 0 0 0 0 0 0 0 0 0 0 0 0 0 0 0 0 0 0 0 0 0 0 0 0 0 0 0 0 0
    0 0 0 0 0 0 0 0 0 0 0 0 0 0 0 0 0 0 0 0 0 0 0 0 0 0 0 0 0 255 255
    255 255 255 255 255 255 255 255 255 255 0 0 0 0 0 0 0 0 0 0 0 0 0 0
    0 0 0 0 0 0 0 0 0 0 0 0 0 0 0 0 0 0 0 0 0 0 0 0 0 0 0 0 0 0 0 0 0 0
    255 255 255 255 255 255 255 255 255 255 255 255 0 0 0 0 0 0 0 0 0 0
    0 0 0 0 0 0 0 0 0 0 0 0 0 0 0 0 0 0 0 0 0 0 0 0 0 0 0 0 0 0 0 0 0 0
    0 0 0 0 255 255 255 255 255 255 255 255 255 255 255 255 0 0 0 0 0 0
    0 0 0 0 0 0 0 0 0 0 0 0 0 0 0 0 0 0 0 0 0 0 0 0 0 0 0 0 0 0 0 0 0 0
    0 0 0 0 0 0 0 0 255 255 255 255 255 255 255 255 255 255 255 255 0 0
    0 0 0 0 0 0 0 0 0 0 0 0 0 0 0 0 0 0 0 0 0 0 0 0 0 0 0 0 0 0 0 0 0 0
    0 0 0 0 0 0 0 0 0 0 0 0 0 0 0 0 0 0 0 0 0 0 0 0 0 0 0 0 0 0 0 0 0 0
    0 0 0 0 0 0 0 0 0 0 0 0 0 0 0 0 0 0 0 0 0 0 0 0 0 0 0 0 0 0 0 0 0 0
    0 0 0 0 0 0 0 0 0 0 0 0 0 0 0 0 0 0 0 0 0 0 0 0 0 0 0 0 0 0 0 0 0 0
    0 0 0 0 0 0 0 0 0 0 0 0 0 0 0 0 0 0 0 0 0 0 0 0 0 0 0 0 0 0 0 0 0 0
    0 0 0 0 0 0 0 0 0 0 0 0 0 0 0 0 0 0 0 0 0 0 0 0 0 0 0 0 0 0 0 0 0 0
    0 0 0 0 0 0 0 0 0 0 0 0 0 0 0 0 0 0 0 0 0 0 0 0 0 0 0 0 0 0 0 0 0 0
    0 0 0 0 0 0 0 0 0 0 0 0 0 0 0 0 0 0 0 0 0 0 0 0 0 0 0 0 0 0 0 0 0 0
    0 0 0 0 0 0 0 0 0 0 0 0 0 0 0 0 0 0 0 0 0 0 0 0 0 0 0 0 0 0 0 0 0 0
    0 0 0 0 0 0 0 0 0 0 0 0 0 0 0 0 0 0 0 0 0 0 0 0 0 0 0 0 0 0 0 0 0 0
    0 0 0 0 0 0 0 0 0 0 0 0 0 0 0 0 0 0 0 0 0 0 0 0 0 0 0 0 0 0 0 0 0 0
    0 0 0 0 0 0 0 0 0 0 0 0 0 0 0 0 0 0 0 0 0 0 0 0 0 0 0 0 0 0 0 0 0 0
    0 0 0 0 0 0 0 0 0 0 0 0 0 0 0 0 0 0 0 0 0 0 0 0 0 0 0 0 0 0 0 0 0 0
    0 0 0 0 0 0 0 0 0 0 0 0 0 0 0 0 0 0 0 0 0 0 0 0 0 0 0 0 0 0 0 0 0 0
    0 0 0 0 0 0 0 0 0 0 0 0 0 0 0 0 0 0 0 0 0 0 0 0 0 0 0 0 0 0 0 0 0 0
    0 0 0 0 0 0 0 0 0 0 0 0 0</data></test_mask>
<my_img type_id="opencv-matrix">
  <rows>30</rows>
  <cols>20</cols>
  <dt>"3u"</dt>
  <data>
    130 183 131 235 144 166 159 146 155 206 219 220 232 195 254 147 190
    204 218 157 168 236 249 152 179 193 129 146 190 246 189 219 220 246
    252 189 181 136 151 239 199 203 221 211 223 183 249 198 170 135 218
    154 224 235 172 230 220 220 145 223 183 182 239 203 223 149 214 145
    252 206 195 135 241 180 211 135 163 219 227 148 204 164 133 181 148
    156 187 227 221 158 161 180 197 251 165 206 164 211 252 186 228 213
    220 207 199 239 170 193 190 180 192 154 128 196 219 164 146 140 241
    141 204 253 242 233 175 215 251 136 227 240 167 134 243 200 205 236
    193 164 207 151 245 221 212 162 208 132 245 230 235 166 216 165 156
    188 170 172 245 136 214 235 228 233 192 142 204 186 174 128 138 154
    145 136 209 232 132 185 137 146 193 154 146 201 219 226 166 246 183
    219 233 153 205 155 204 138 208 216 209 148 150 198 130 189 160 230
    156 130 208 227 249 191 176 167 131 146 213 136 210 238 131 182 212
    181 223 174 152 149 133 136 202 242 232 138 219 162 246 245 161 254
    185 190 227 211 141 213 157 242 153 209 185 165 243 215 182 214 145
    216 172 197 238 211 229 164 151 131 146 200 216 177 140 149 192 242
    185 181 164 225 200 207 236 136 227 195 238 211 150 237 234 162 222
    223 220 203 251 224 158 208 153 177 174 221 139 141 249 232 133 146
    220 211 219 225 151 137 235 216 252 248 246 146 128 218 246 165 132
    224 139 201 200 135 255 231 153 146 166 202 246 189 165 220 210 194
    170 189 197 130 246 132 162 220 249 150 249 204 145 162 170 229 210
    164 169 232 231 163 156 221 162 142 201 149 183 182 208 172 224 187
    231 162 204 209 237 216 213 202 156 208 254 174 134 188 130 197 234
    143 147 163 165 218 231 155 159 251 136 228 183 226 202 209 140 228
    142 248 176 221 182 244 246 254 229 165 217 132 209 230 138 168 131
    199 209 223 202 158 211 177 193 195 155 196 144 173 134 234 135 216
    167 146 156 148 239 229 193 217 152 149 207 169 239 139 186 176 136
    210 140 213 212 248 245 235 133 251 224 235 191 165 199 140 157 254
    203 158 176 240 149 219 244 149 155 183 236 219 140 238 157 230 250
    228 213 157 191 231 243 206 246 254 227 240 133 249 140 198 208 141
    166 207 223 175 220 213 152 145 190 157 183 136 234 195 158 200 131
    169 202 212 202 166 196 144 206 161 135 237 230 162 156 214 174 182
    241 197 174 201 206 179 131 132 137 211 241 247 230 136 246 201 179
    193 197 217 157 132 134 155 225 195 167 212 236 255 247 192 233 244
    242 218 177 253 217 158 174 234 201 235 142 246 201 224 251 181 134
    226 164 220 231 187 253 156 178 184 199 155 243 227 242 128 180 191
    219 220 179 183 146 165 181 197 222 171 177 217 189 203 157 159 129
    246 148 203 205 194 250 244 237 248 203 135 213 199 248 196 221 147
    203 206 242 178 235 139 204 254 249 173 214 214 175 213 129 178 252
    221 200 207 187 235 169 135 218 244 210 241 253 237 244 219 140 169
    135 150 200 131 152 208 222 147 154 170 187 185 133 173 230 234 211
    224 247 161 252 253 165 170 161 252 199 231 144 253 197 224 157 138
    216 237 163 245 252 241 194 250 128 213 146 248 150 250 219 250 203
    247 244 147 142 198 234 194 210 252 173 146 161 205 189 182 166 168
    148 217 252 234 144 205 220 131 211 136 205 214 156 253 133 157 129
    186 222 163 255 204 173 209 179 201 153 132 249 222 177 221 196 154
    184 238 178 213 245 227 248 201 188 198 178 146 245 148 195 138 220
    147 203 151 133 138 163 224 161 242 139 180 212 169 146 147 162 224
    246 181 141 133 197 138 165 200 227 243 236 182 252 183 211 209 131
    214 164 138 166 147 233 135 254 195 179 174 215 170 241 134 151 135
    175 137 239 133 253 202 249 165 218 214 179 209 183 153 144 192 140
    238 250 211 192 231 156 174 137 192 220 254 185 160 162 149 172 199
    168 199 176 187 157 234 149 214 171 150 137 193 173 143 174 162 207
    134 208 239 169 130 213 167 171 216 203 145 233 169 200 135 149 209
    191 198 132 177 174 143 173 135 175 246 156 227 190 138 170 216 149
    208 198 197 175 206 224 200 133 132 244 235 190 208 178 208 162 237
    143 203 254 179 149 172 155 197 192 198 131 185 206 146 188 176 169
    129 186 179 232 188 234 240 154 199 154 155 249 177 235 218 192 132
    221 251 206 215 212 174 250 218 226 167 215 255 196 185 174 203 179
    158 172 245 141 205 146 148 148 248 245 216 183 209 141 144 187 160
    195 146 152 244 226 142 208 190 180 143 240 165 204 181 252 216 230
    250 152 219 239 167 210 204 228 146 234 241 214 224 223 163 173 141
    196 233 143 179 212 188 159 229 202 239 242 194 192 191 204 133 255
    168 210 212 173 146 153 226 240 145 223 160 236 67 83 96 109 123 2
    24 90 124 20 108 27 160 193 213 240 160 227 243 157 245 198 161 157
    149 183 152 158 164 181 175 195 180 181 140 239 164 196 208 227 230
    237 190 210 249 173 163 247 227 232 130 177 252 145 137 132 130 155
    168 204 59 86 22 77 70 104 1 10 56 17 45 84 212 187 171 233 172 140
    137 206 210 133 225 199 186 162 225 254 155 191 161 227 185 162 179
    129 225 162 232 135 162 221 133 255 214 214 152 190 221 148 206 147
    159 136 217 156 242 140 202 246 75 89 77 66 31 96 84 30 6 19 105 118
    229 188 173 142 255 189 143 183 181 213 225 195 183 234 207 199 183
    228 146 221 204 199 218 154 200 219 174 170 162 177 131 145 156 236
    156 236 220 252 252 167 210 221 234 210 155 236 219 154 50 63 60 37
    126 61 74 71 0 105 34 34 152 150 143 181 208 187 251 157 150 157 224
    155 141 216 183 163 137 215 250 214 137 233 163 195 220 182 234 131
    165 157 235 246 149 230 176 180 237 131 250 172 242 188 179 179 180
    255 225 158 207 133 165 149 171 183 236 201 193 148 247 168 184 199
    128 170 225 210 196 210 199 134 161 187 215 190 252 233 160 228 218
    177 167 192 240 157 251 219 166 213 173 130 131 195 149 136 188 238
    238 195 236 188 191 246 151 160 155 239 191 225 240 162 213 244 239
    207 131 129 204 129 203 247 211 183 185 158 210 203 142 154 229 222
    205 213 217 216 199 154 150 242 196 139 222 231 209 147 138 175 136
    232 187 170 208 141 168 221 174 146 215 149 200 130 196 138 206 226
    143 148 252 164 149 167 210 145 136 149 181 217 179 198 254 178 149
    172 244 238 241 227 141 242 190 149 231 175 204 133 203 148 244 131
    194 235 171 214 209 165 197 183 232 201 156 230 211 151 129 193 238
    179 179 163 253 211 255 213 140 231 173 144 147 202 248 132 183 145
    135 182 139 176 207 151 144 251 243 220 222 209 241 197 198 156 206
    171 161 198 187 147 218 182 168 146 178 237 131 147 167 142 253 200
    206 202 146 167 148 224 198 139 180 180 132 239 203 207 185 231 156
    170 186 159 192 174 190 233 204 159 222 217 234 228 138 162 228 221
    169 187 150 246 140 157 135 133 144 137 250 175 167 205 145 209 234
    227 198 129 210 214 151 140 244 196 218 225 233 239 230 168 240 180
    166 206 161 158 180 130 181 210 200 139 241 239 240 171 215 233 238
    188 209 240 154 164 148 190 253 249 148 236 165 147 191 148 211 249
    154 248 247 193 159 198 224 204 151 205 171 224 141 154 240 220 173
    129 191 162 249 157 198 157 196 163 191 216 202 216 190 184 219 149
    148 228 253 250 168 242 232 252 190 187 222 192 248 194 130 195 203
    187 245 168 238 199 146 236 239 142 209 181 211 250 147 194 159 231
    205 207 146 196 209 134 162 217 213 224 136 140 255 128 188 186 174
    223 162 205 142 142 246 185 227 169 230 178 201 176 185 251 236 221
    218 186 239 248 236 160 200 204 219 200 216 239 240 152 236 240 156
    169 214 212 174 157 223 153 149 250 235 246 253 245 224 130 188 172
    237 140 163 146 242 240 186 231 244 185 138 253 236 249 149 223 247
    177 193 173 204</data></my_img>
<your_img type_id="opencv-matrix">
  <rows>30</rows>
  <cols>20</cols>
  <dt>"3u"</dt>
  <data>
    109 67 65 85 31 27 126 61 100 125 51 51 6 39 98 14 80 104 68 114 65
    37 38 36 39 89 82 60 46 23 89 70 26 58 21 0 57 9 106 118 68 124 85
    85 85 3 72 25 93 115 118 119 15 80 69 59 91 111 84 79 75 124 55 9 75
    2 111 125 66 119 112 99 65 68 100 35 56 96 60 76 45 79 43 104 3 1
    125 84 121 68 39 95 77 41 93 120 113 126 11 42 6 50 22 114 114 4 76
    31 36 53 54 103 90 54 51 99 17 27 61 39 3 36 14 126 92 27 114 111 54
    20 33 34 107 75 120 85 31 3 106 48 118 5 50 80 21 54 45 77 114 17 84
    69 117 90 12 63 45 7 47 109 109 68 5 44 7 29 126 27 21 119 11 112 33
    119 41 93 114 113 27 21 114 19 36 65 66 40 120 2 85 126 126 122 38
    115 78 118 126 12 64 73 98 83 99 4 41 10 24 114 56 97 82 121 22 126
    59 57 113 102 38 61 124 51 62 62 50 5 120 30 57 103 0 65 103 127 3
    32 100 71 73 0 68 102 32 33 76 39 116 11 116 127 20 0 111 83 113 8
    125 12 22 56 98 101 72 24 45 23 10 11 47 116 127 111 91 84 42 79 32
    71 32 31 86 16 10 46 100 17 96 68 56 86 13 121 110 38 38 115 65 60
    107 60 107 75 115 44 82 98 104 96 87 113 1 107 34 21 127 28 46 127
    119 35 100 58 111 67 15 27 106 12 78 110 45 119 49 7 74 118 20 118
    29 17 105 126 35 67 120 83 108 14 124 95 119 32 31 87 68 65 88 100
    25 64 12 126 99 54 16 91 11 25 63 24 91 45 73 4 112 109 27 124 124
    64 109 7 78 106 68 87 20 31 92 67 10 122 87 60 54 19 22 73 54 8 105
    68 106 47 117 28 58 41 9 98 89 56 45 2 56 64 7 7 68 57 83 68 13 108
    115 15 55 106 109 83 98 52 16 99 58 53 106 126 36 88 14 49 53 45 19
    7 41 114 10 47 39 70 52 14 53 100 3 44 4 18 106 108 101 16 121 17 63
    104 15 124 5 12 20 95 20 8 119 65 86 39 23 38 27 114 118 5 107 16
    114 98 123 29 111 49 20 110 70 75 76 107 50 10 97 14 43 109 103 17
    46 22 68 70 115 121 15 87 16 69 89 68 18 16 60 36 6 48 105 125 107
    118 76 15 113 66 91 30 3 85 7 92 102 61 35 123 59 65 45 11 107 75 8
    30 7 19 86 72 49 66 99 3 81 117 91 44 7 30 127 70 106 68 108 60 73
    67 39 59 124 6 106 33 65 3 8 114 118 64 42 23 12 124 127 123 116 76
    11 125 91 30 116 27 24 105 32 106 93 127 61 6 40 61 112 98 48 31 32
    105 32 127 23 74 91 24 98 47 89 100 43 87 7 31 16 29 48 38 99 84 123
    43 63 39 10 85 94 35 67 80 104 64 19 85 19 75 72 125 106 44 40 15 83
    108 127 88 1 5 47 122 14 117 12 84 14 24 75 107 12 109 78 4 67 54 64
    14 94 68 121 74 59 102 83 21 3 13 85 79 27 94 70 100 30 116 88 113
    68 67 41 76 113 77 65 74 50 19 96 78 24 9 25 37 0 34 24 10 79 73 71
    13 122 76 15 82 114 3 18 46 18 18 0 42 104 7 79 11 118 44 28 9 61
    109 35 94 55 9 39 8 74 98 106 8 101 102 68 101 79 4 106 46 33 96 64
    101 127 59 8 125 102 0 115 63 6 23 30 87 42 118 17 66 13 20 49 115
    12 103 16 112 46 105 74 81 36 5 24 9 97 113 25 24 51 123 61 0 5 35
    124 80 26 57 124 74 69 38 1 127 29 71 46 38 113 46 77 72 24 122 115
    100 4 58 117 119 87 59 13 59 1 109 9 16 61 18 13 0 82 3 34 106 113
    81 115 10 21 77 94 24 68 112 2 23 18 14 96 111 123 72 69 78 119 35 3
    118 81 99 11 82 23 36 89 120 94 124 122 115 66 16 14 78 2 23 47 89
    125 31 112 72 99 65 82 16 29 97 32 105 40 56 78 101 24 43 11 45 77 4
    99 126 14 103 46 67 75 67 40 126 94 92 96 24 16 57 42 78 92 73 80 53
    32 52 35 63 102 58 109 110 95 18 47 49 57 111 53 52 31 43 82 127 4
    46 64 24 31 78 13 20 42 14 50 20 123 89 13 55 123 91 22 18 68 83 104
    113 29 2 95 8 38 13 37 78 70 83 50 26 5 98 72 23 21 37 11 28 70 20 6
    45 22 108 82 87 55 101 69 126 109 103 102 23 89 48 123 113 91 22 123
    81 102 126 99 2 66 104 99 125 15 19 116 22 60 9 98 71 48 69 71 1 94
    5 15 105 59 112 63 30 116 69 120 2 14 5 116 102 51 88 85 102 100 9
    84 0 118 68 24 104 86 26 100 25 114 173 162 177 136 172 144 180 233
    182 194 148 151 127 82 11 22 84 111 45 50 58 24 45 4 99 117 66 66 45
    74 57 58 42 104 91 3 32 58 43 60 69 34 72 98 107 80 28 19 116 93 5
    41 127 125 14 77 79 90 33 52 128 188 230 149 132 196 226 191 134 167
    221 172 25 80 25 15 113 127 20 115 98 12 10 1 122 55 106 15 116 119
    80 37 97 111 116 104 118 94 77 83 100 28 21 119 124 119 45 3 78 51
    44 6 10 78 116 10 13 99 39 77 128 243 193 148 220 164 234 249 237
    240 179 198 42 112 12 53 15 14 83 59 81 14 7 114 72 4 70 102 8 25
    101 31 94 58 125 116 63 121 56 43 22 19 43 83 112 46 21 52 32 120 48
    23 21 124 63 31 109 119 58 57 219 233 141 241 255 156 137 234 194
    135 227 209 13 95 102 91 99 12 64 106 45 50 69 61 86 13 9 82 6 78
    100 36 27 120 84 90 3 82 101 92 79 11 2 62 109 92 75 124 54 74 67 19
    121 52 88 40 116 31 127 5 92 38 77 86 25 23 8 33 80 78 73 119 97 4
    21 62 37 93 61 45 93 46 57 127 120 108 112 120 53 37 58 27 110 100
    79 34 98 94 59 58 15 49 11 84 73 84 54 34 124 121 79 78 58 78 120 17
    75 94 46 34 51 11 50 104 79 88 23 51 16 71 16 101 0 91 71 12 115 15
    76 122 40 20 121 68 98 11 73 126 114 51 66 51 1 69 44 78 1 26 2 127
    38 33 54 33 116 117 114 51 2 59 38 95 14 52 99 76 27 43 57 70 23 82
    63 104 27 48 21 80 53 74 75 105 48 96 4 67 3 89 127 55 27 25 82 76
    52 9 23 28 98 7 119 69 26 67 120 28 7 79 105 71 8 6 33 86 106 12 13
    117 10 72 112 97 9 74 54 22 120 69 121 92 124 50 44 117 121 30 17 68
    41 112 8 22 89 81 127 5 87 59 101 101 42 91 68 127 73 48 103 10 104
    126 66 5 62 50 41 81 75 94 59 89 68 100 72 111 117 31 122 55 18 45
    85 6 51 122 81 58 45 21 88 27 92 27 120 121 120 59 115 88 98 91 35
    125 55 81 60 5 28 78 88 28 113 60 82 113 104 82 56 123 77 43 63 45
    96 60 70 101 64 97 23 42 37 79 45 87 4 70 104 100 52 71 98 4 48 23
    87 21 106 98 111 115 32 79 3 96 73 38 92 12 120 107 79 108 93 29 83
    98 7 43 33 56 104 100 46 99 32 98 0 74 111 104 85 43 32 101 108 60
    102 106 56 89 49 54 62 93 53 34 68 121 38 1 123 97 115 119 3 10 19
    117 89 6 49 116 76 75 30 84 31 29 100 110 116 110 13 48 73 79 113 13
    114 97 83 97 84 125 12 58 48 19 84 1 36 22 107 3 106 102 49 124 64
    20 116 13 10 39 67 47 104 90 90 42 104 87 55 98 64 43 87 121 102 96
    81 27 117 83 53 13 63 58 37 86 92 45 71 50 51 94 123 31 29 31 46 106
    68 10 33 13 11 71 114 29 76 26 124 4 84 32 23 1 54 58 31 39 43 2 57
    108 4 40 71 65 85 66 48 101 121 10 56</data></your_img>
</opencv_storage>
