<?xml version="1.0"?>
<opencv_storage>
<L2_diff>5884.6894565473885</L2_diff>
<test_img1 type_id="opencv-matrix">
  <rows>30</rows>
  <cols>20</cols>
  <dt>"3u"</dt>
  <data>
    81 63 54 28 15 101 38 13 45 73 33 94 49 59 30 88 27 34 4 3 115 18 22
    71 87 109 62 118 88 24 98 88 43 19 99 102 102 102 14 6 17 125 98 1
    92 101 74 31 92 23 50 18 106 37 75 101 112 24 36 50 35 114 66 77 83
    101 41 5 10 14 42 14 13 108 60 81 61 32 71 24 118 123 13 0 19 49 45
    83 124 114 116 58 101 34 81 64 114 1 80 12 82 1 110 66 47 127 13 115
    25 122 77 72 10 49 27 42 86 62 80 6 43 72 15 106 20 18 3 26 126 51 6
    32 19 67 95 0 60 7 101 26 58 120 91 2 89 13 33 118 90 34 36 109 121
    14 19 120 76 8 34 102 84 57 73 66 58 49 20 20 25 102 50 65 99 53 68
    20 103 13 59 72 49 65 30 126 127 18 4 32 48 44 121 95 52 95 4 99 52
    92 15 89 32 119 23 13 115 35 89 62 115 37 75 18 100 62 100 120 19 66
    50 96 111 16 65 113 28 51 123 11 9 5 71 62 81 3 63 11 79 126 50 2 77
    125 74 65 42 88 67 103 31 53 127 49 37 100 125 112 120 49 59 15 20
    47 64 122 92 1 3 31 1 106 39 25 57 81 43 6 12 114 38 126 9 99 38 4
    80 42 42 97 63 124 88 3 112 80 95 5 38 83 117 51 63 56 78 95 106 113
    54 10 64 80 47 9 52 45 58 17 121 45 25 98 36 100 99 88 60 49 61 117
    34 77 31 35 17 38 59 83 51 75 28 101 60 14 115 35 119 83 76 100 124
    58 60 127 74 58 21 123 106 12 19 4 121 53 28 61 54 124 47 80 127 104
    70 109 82 90 72 13 59 37 20 57 114 125 98 127 11 35 72 77 79 96 59
    91 84 7 73 95 79 47 112 121 10 110 36 37 85 32 4 101 111 63 21 124
    69 27 71 68 6 60 65 44 22 38 18 77 101 119 95 99 86 52 31 127 27 17
    28 27 79 117 83 20 46 55 123 14 93 5 78 107 3 32 18 6 43 61 1 113 55
    106 126 109 9 27 83 39 106 110 56 41 86 90 64 31 72 37 27 0 101 14
    32 7 78 40 29 98 112 42 81 30 18 57 26 127 6 5 17 97 69 101 8 12 0
    123 52 86 89 28 109 39 6 50 62 120 30 88 120 5 117 22 116 25 88 47
    82 121 64 87 45 32 3 81 104 61 113 86 89 107 35 119 116 87 32 2 117
    18 46 38 100 110 76 106 54 50 125 10 41 90 90 5 30 116 76 75 35 25
    120 92 113 108 97 60 57 91 93 55 66 29 33 42 15 33 37 78 18 63 122
    14 58 108 127 20 13 43 41 37 72 103 122 85 93 67 22 125 18 118 46
    126 90 83 5 121 34 80 115 118 52 108 104 122 15 49 54 80 77 1 73 73
    21 85 67 117 19 112 69 95 62 47 66 34 36 4 82 73 83 48 20 58 73 24 5
    93 112 107 1 56 123 71 122 3 103 25 4 24 11 119 6 100 41 32 106 38 8
    64 39 14 114 106 8 20 67 115 106 102 46 2 43 58 28 45 118 0 77 95 44
    70 116 25 1 36 16 100 27 61 50 105 107 94 120 114 61 105 60 116 111
    75 69 42 113 127 54 29 25 28 8 3 66 76 96 80 24 79 69 106 104 43 38
    48 49 49 58 22 121 69 11 33 77 98 40 62 125 51 22 116 29 19 34 63 22
    13 59 2 94 73 1 105 15 21 57 107 62 17 58 50 40 27 45 83 28 57 2 112
    47 11 88 59 60 36 32 56 0 113 97 127 59 41 68 0 86 126 89 121 78 120
    102 60 109 76 5 30 21 1 86 127 121 12 42 113 52 32 62 42 15 59 102
    103 111 113 33 127 7 31 112 92 15 81 19 3 50 74 10 104 113 107 50 92
    20 87 13 52 13 75 11 15 31 23 113 83 5 69 105 18 86 11 73 101 14 94
    116 49 76 111 70 43 8 87 116 83 89 30 71 66 89 43 46 106 87 56 94 86
    43 47 42 46 47 111 90 104 23 113 10 62 56 71 53 73 108 107 66 25 38
    106 10 80 76 35 36 124 112 46 19 21 43 4 89 117 38 25 82 22 111 116
    25 66 46 54 27 51 36 63 15 88 1 26 69 67 89 71 1 15 106 35 20 57 93
    89 79 25 123 79 59 76 4 33 43 86 63 98 50 34 1 78 6 96 14 7 114 41
    117 64 99 19 87 74 106 46 100 0 83 103 91 120 85 21 118 21 79 95 80
    91 62 46 22 4 125 110 51 57 10 72 36 12 50 48 102 71 16 54 2 72 72
    74 75 108 59 106 13 67 35 41 10 108 15 45 59 76 114 120 77 96 46 52
    107 104 26 90 64 115 10 26 36 83 63 112 83 57 61 83 1 80 34 127 10
    64 95 99 43 73 12 65 23 94 61 6 24 16 6 40 26 103 106 41 75 51 15 72
    37 10 94 60 66 119 51 87 30 17 59 37 104 84 96 29 108 65 54 17 65 14
    41 34 27 41 0 23 124 99 40 98 75 80 95 87 92 63 15 66 121 87 73 84
    11 9 94 115 116 57 110 51 68 26 63 50 83 91 108 5 36 66 100 84 81
    113 29 111 51 120 20 57 83 65 49 10 79 33 45 118 10 25 42 117 124 5
    2 40 1 71 117 118 37 34 22 69 16 67 48 33 1 92 119 15 6 16 40 5 111
    56 93 48 86 56 122 0 47 116 112 64 46 114 48 110 16 38 13 22 119 8
    51 96 124 98 65 62 115 65 71 67 97 106 118 69 15 119 97 26 71 89 107
    7 36 55 24 117 74 105 9 63 99 1 43 119 100 94 81 71 38 88 117 75 16
    81 78 22 23 55 4 100 89 33 103 40 106 99 30 96 113 78 23 111 99 55
    20 30 69 90 104 111 124 111 65 98 68 27 57 82 106 71 27 92 108 40 37
    107 22 97 22 118 29 83 64 23 55 51 32 21 26 89 87 95 54 118 64 55 0
    89 122 16 19 59 121 104 63 99 111 73 12 14 61 112 34 30 77 40 126 63
    100 99 5 55 97 75 111 75 53 126 93 100 74 103 44 117 34 69 8 88 34
    102 67 89 5 32 125 112 71 74 96 120 72 18 61 67 91 114 3 116 5 78 70
    61 8 94 120 99 52 45 39 96 91 74 100 68 48 91 78 70 12 55 122 112
    105 23 49 29 59 21 2 54 1 28 67 21 35 91 23 15 19 44 127 10 80 19 5
    61 123 25 5 36 94 22 126 9 17 71 71 3 41 85 45 97 97 7 121 3 10 71
    52 78 124 91 89 38 104 4 57 125 3 120 103 11 94 77 117 44 107 112 99
    99 100 59 105 80 65 37 98 79 17 114 54 4 80 104 20 47 36 77 104 111
    99 124 108 112 46 97 57 73 2 54 73 112 44 25 62 52 127 62 22 30 115
    34 116 98 38 81 85 70 56 95 10 23 33 109 59 18 86 20 30 78 19 62 94
    18 17 70 83 117 52 36 93 66 111 113 11 41 79 33 125 112 124 53 4 98
    66 106 19 89 126 55 117 18 71 103 31 114 87 107 37 91 84 4 17 90 92
    116 106 24 40 59 117 11 60 16 123 101 64 89 119 110 22 53 8 40 64 96
    53 86 11 92 96 88 45 24 78 12 43 102 127 92 48 78 0 63 51 70 20 121
    75 88 21 2 123 104 43 0 52 120 17 80 44 11 83 45 62 79 10 71 8 95
    116 80 58 16 76 63 105 83 11 22 88 89 25 95 65 74 96 114 27 36 49 83
    32 24 30 95 52 92 90 60 73 10 57 108 103 79 8 17 1 121 88 77 56 98
    53 48 72 127 7 99 114 73 28 52 15 106 55 88 92 68 29 10 104 103 118
    85 52 57 5 15 8 54 54 51 111 125 61 49 81 6 104 125 123 80 48 86 15
    63 57 74 101 106 27 59 119 58 44 52 85 4 34 40 8 0 35 85 26 28 69
    124 105 63 2 2 110 126 25 107 46 40 26 94 46 100 88 39 66 124 113
    106 27 113 6 104 91 72 9 24 34 36 25 99 6 50 65 127 72 97 72 79 63
    33 45 63 53 88</data></test_img1>
<test_img2 type_id="opencv-matrix">
  <rows>30</rows>
  <cols>20</cols>
  <dt>"3u"</dt>
  <data>
    236 197 151 247 163 234 133 253 162 140 173 194 245 212 191 134 132
    196 190 207 208 231 227 209 181 187 249 212 160 243 189 154 241 219
    233 194 211 205 237 136 238 165 177 232 222 176 244 130 132 198 229
    227 142 247 155 255 141 234 164 169 148 220 229 147 183 231 228 220
    157 231 170 177 147 231 249 249 228 193 167 248 189 230 191 131 177
    248 134 224 135 180 195 157 148 246 181 149 194 136 223 222 161 255
    179 130 230 254 156 185 167 209 186 173 148 255 168 251 222 224 134
    252 136 133 185 187 221 218 137 211 170 187 237 139 206 131 211 146
    253 190 237 239 235 216 243 169 235 145 177 140 199 198 255 173 163
    152 191 191 146 220 163 229 198 246 192 167 230 175 224 228 207 200
    225 236 166 150 170 139 237 212 205 149 182 157 128 198 167 182 191
    225 159 200 145 190 218 213 208 221 167 246 204 191 149 215 148 220
    151 246 169 172 186 213 143 198 194 248 169 176 164 232 206 188 245
    231 134 139 181 174 191 193 195 234 178 190 226 189 238 183 194 186
    153 143 163 136 211 245 141 217 197 214 219 176 244 246 150 242 157
    191 193 136 173 172 186 156 166 230 160 189 182 217 158 167 213 145
    229 245 170 190 253 242 233 197 151 219 166 207 189 253 136 181 130
    143 213 173 132 238 220 159 216 152 154 206 187 151 161 174 166 211
    141 251 208 190 149 182 176 237 144 162 155 162 242 143 174 210 164
    140 153 181 160 139 222 161 137 217 138 243 128 166 182 220 207 176
    253 213 157 139 143 179 240 147 241 173 239 155 213 200 175 204 130
    214 132 162 195 255 241 152 129 206 187 175 182 244 164 223 221 228
    199 186 203 222 188 138 203 248 234 207 152 189 198 233 178 149 198
    220 171 252 164 227 219 142 206 167 175 220 248 155 246 188 137 174
    205 146 144 216 206 137 162 186 238 148 170 209 255 212 170 225 254
    203 128 157 229 191 166 151 172 156 254 246 214 184 235 221 212 152
    190 147 181 194 230 156 139 160 201 221 189 208 207 179 176 201 154
    144 158 168 188 210 152 241 175 198 135 216 239 159 220 205 200 128
    161 223 217 198 211 182 168 177 160 238 143 208 235 251 219 226 217
    206 151 224 232 149 171 195 219 242 242 128 180 212 218 135 248 129
    128 241 214 129 145 224 205 231 232 235 221 232 244 192 149 250 196
    216 175 190 138 149 209 162 238 193 173 200 233 163 235 162 189 216
    227 155 223 139 132 238 243 133 154 205 194 247 151 189 156 177 225
    220 214 188 158 244 184 210 231 239 210 137 234 145 174 225 162 252
    219 245 243 253 202 205 175 197 221 222 231 201 230 160 179 144 239
    215 234 244 146 230 180 153 189 253 168 218 234 178 200 209 130 217
    166 213 189 205 192 132 211 169 201 199 220 220 132 222 135 210 164
    129 227 137 132 234 182 163 248 194 131 140 154 193 158 250 146 140
    131 182 246 250 167 218 146 186 214 162 147 249 205 194 178 193 132
    184 200 167 155 196 130 255 253 155 197 232 191 179 243 249 194 239
    144 136 225 166 171 243 188 237 183 161 178 206 145 254 228 130 192
    136 178 240 232 128 183 202 247 155 179 163 234 188 228 172 194 175
    252 175 247 173 187 190 138 251 186 169 183 155 131 187 208 228 250
    191 151 177 210 138 143 181 234 129 174 169 223 243 129 159 219 179
    155 214 172 204 152 156 154 220 146 131 251 248 199 202 184 210 166
    141 223 172 191 198 129 219 248 130 140 165 196 252 138 152 242 241
    160 156 238 246 206 179 140 148 236 255 173 246 251 162 143 197 174
    246 156 196 210 207 199 184 190 149 130 203 178 212 215 147 221 211
    132 170 208 201 177 172 217 151 140 207 135 166 240 133 239 250 246
    133 225 183 194 214 166 211 221 183 205 164 236 219 168 166 179 194
    233 173 225 136 228 206 228 141 142 243 252 180 250 225 206 204 199
    135 179 220 168 190 230 174 215 173 254 144 218 166 180 219 128 210
    217 184 225 202 164 196 135 156 136 129 237 245 162 189 202 223 203
    134 227 216 202 200 219 239 137 194 241 251 158 175 165 131 203 240
    147 193 159 209 178 147 202 231 174 244 128 247 176 171 159 131 198
    249 193 239 147 194 187 135 134 154 191 229 156 137 137 203 165 143
    151 223 215 220 211 211 218 240 178 216 190 198 254 150 204 235 225
    228 208 177 161 214 142 184 230 238 165 227 191 131 158 138 250 204
    147 186 236 149 247 227 135 223 244 137 208 237 169 143 173 159 145
    218 216 175 165 169 132 229 244 140 179 181 181 180 236 165 254 255
    217 212 205 157 180 193 197 142 184 231 244 230 134 204 230 217 176
    140 181 251 255 156 156 253 202 187 218 246 245 215 210 151 211 174
    186 191 225 244 241 179 191 175 155 188 134 224 239 135 147 248 223
    137 196 151 168 193 153 131 232 229 236 143 181 235 195 147 192 159
    148 156 235 190 236 165 251 153 191 191 132 222 133 163 173 212 180
    132 130 172 163 142 247 135 146 241 153 130 151 198 185 131 158 206
    192 166 188 189 220 215 196 216 164 236 254 241 214 130 210 166 219
    189 244 186 165 161 212 212 186 176 150 177 225 209 145 150 204 169
    241 144 232 218 250 198 204 168 157 243 186 147 248 235 213 187 163
    249 152 213 197 214 161 224 171 245 170 189 197 201 202 219 245 132
    222 179 194 254 237 252 186 147 251 186 247 176 219 234 221 196 250
    249 172 129 220 213 141 199 204 197 212 199 191 188 228 169 186 160
    228 179 244 183 238 179 151 224 207 249 164 217 239 188 154 136 168
    254 200 231 132 242 132 183 203 128 190 254 228 159 253 138 155 217
    188 133 131 141 189 167 214 158 224 242 203 206 229 181 230 159 150
    159 235 136 232 180 182 131 236 155 164 201 195 201 231 134 249 216
    205 153 184 229 234 137 180 211 212 154 183 223 226 139 226 210 183
    210 223 219 169 220 245 243 173 237 162 245 183 160 186 197 180 230
    139 250 129 178 147 156 191 191 220 225 254 147 234 174 193 149 150
    149 173 216 146 194 167 199 242 141 183 157 162 200 152 151 226 168
    139 201 189 179 150 216 216 206 212 157 154 238 219 193 180 155 158
    252 154 238 144 238 199 198 176 190 225 172 229 197 244 155 161 195
    230 206 224 210 228 211 195 215 163 240 250 168 173 227 143 232 220
    137 196 176 232 189 207 138 194 203 222 197 179 250 216 199 237 133
    136 195 181 221 231 240 237 165 211 188 199 181 185 226 130 171 129
    235 146 206 236 189 222 190 159 136 221 157 218 171 144 132 164 155
    214 252 245 221 249 218 218 239 145 150 141 212 241 165 183 220 172
    212 146 234 189 143 137 157 152 176 163 147 206 210 223 223 134 135
    161 200 238 142 169 157 163 172 137 185 142 142 237 168 210 157 165
    212 158 209 204 160 227 139 218 207 222 214 186 193 198 235 227 236
    213 191 166 197 210 158 131 135 216 146 204 245 235 180 215 230 137
    170 193 184 175 246 243 253 142 171 240 226 174 162 162 146 131 202
    130 225 161 156 136 226 198 184 228 235 135 231 169 155 129 155 242
    158 189 230 248 136 236 218 230 195 221 172 239 196 171 175 241 197
    208 240 232 157 134 171 143 167 244 194 213 227 142 210 248 240 166
    235 181 197 239 151 140 244 143 186 251 251 249 159 255 238 182 171
    249 132 158 154 152 183 182 202 232 168 200 198 174 209 252 165 154
    149 218 134 225 147 238 160 146 242 160 181 153 149 194 193 133 153
    154 215 160 150 186 239 192 201 251 181 240 140 193 237 180 198 231
    226 172 140 160 175 137 181 210 187 245 227 158 148 210 153 165 181
    209 213 191 198 227 248 192 135 251 141 175 182 235 248 141 167 154
    231 197 215 148 210 144 198 161 251 191 143 238 241 249 206 204 148
    201 227 236 149 212 220 227 252 158 133 132 251 230 172 196 218 220
    213 218 198 243 128 141 245 190 237 230 129 211 210 130 147 136 185
    136 157 158 245 231 172 228 165 250 190 178 254 147 140 233 199 202
    138 239 193 145 252 247 156 199 227 236 190 129 158 185 239</data></test_img2>
<test_mask type_id="opencv-matrix">
  <rows>30</rows>
  <cols>20</cols>
  <dt>"3u"</dt>
  <data>
    0 0 0 0 0 0 0 0 0 0 0 0 0 0 0 0 0 0 0 0 0 0 0 0 0 0 0 0 0 0 0 0 0 0
    0 0 0 0 0 0 0 0 0 0 0 0 0 0 0 0 0 0 0 0 0 0 0 0 0 0 0 0 0 0 0 0 0 0
    0 0 0 0 0 0 0 0 0 0 0 0 0 0 0 0 255 255 255 255 255 255 255 255 255
    255 255 255 255 255 255 255 255 255 255 255 255 255 255 255 0 0 0 0
    0 0 0 0 0 0 0 0 0 0 0 0 0 0 0 0 0 0 0 0 0 0 0 0 0 0 0 0 0 0 0 0 255
    255 255 255 255 255 255 255 255 255 255 255 255 255 255 255 255 255
    255 255 255 255 255 255 0 0 0 0 0 0 0 0 0 0 0 0 0 0 0 0 0 0 0 0 0 0
    0 0 0 0 0 0 0 0 0 0 0 0 0 0 255 255 255 255 255 255 255 255 255 255
    255 255 255 255 255 255 255 255 255 255 255 255 255 255 0 0 0 0 0 0
    0 0 0 0 0 0 0 0 0 0 0 0 0 0 0 0 0 0 0 0 0 0 0 0 0 0 0 0 0 0 255 255
    255 255 255 255 255 255 255 255 255 255 255 255 255 255 255 255 255
    255 255 255 255 255 0 0 0 0 0 0 0 0 0 0 0 0 0 0 0 0 0 0 0 0 0 0 0 0
    0 0 0 0 0 0 0 0 0 0 0 0 255 255 255 255 255 255 255 255 255 255 255
    255 255 255 255 255 255 255 255 255 255 255 255 255 0 0 0 0 0 0 0 0
    0 0 0 0 0 0 0 0 0 0 0 0 0 0 0 0 0 0 0 0 0 0 0 0 0 0 0 0 255 255 255
    255 255 255 255 255 255 255 255 255 255 255 255 255 255 255 255 255
    255 255 255 255 0 0 0 0 0 0 0 0 0 0 0 0 0 0 0 0 0 0 0 0 0 0 0 0 0 0
    0 0 0 0 0 0 0 0 0 0 255 255 255 255 255 255 255 255 255 255 255 255
    255 255 255 255 255 255 255 255 255 255 255 255 0 0 0 0 0 0 0 0 0 0
    0 0 0 0 0 0 0 0 0 0 0 0 0 0 0 0 0 0 0 0 0 0 0 0 0 0 255 255 255 255
    255 255 255 255 255 255 255 255 255 255 255 255 255 255 255 255 255
    255 255 255 0 0 0 0 0 0 0 0 0 0 0 0 0 0 0 0 0 0 0 0 0 0 0 0 0 0 0 0
    0 0 0 0 0 0 0 0 0 0 0 0 0 0 0 0 0 0 0 0 0 0 0 0 0 0 0 0 0 0 0 0 0 0
    0 0 0 0 0 0 0 0 0 0 0 0 0 0 0 0 0 0 0 0 0 0 0 0 0 0 0 0 0 0 0 0 0 0
    0 0 0 0 0 0 0 0 0 0 0 0 0 0 0 0 0 0 0 0 0 0 0 0 0 0 0 0 0 0 0 0 0 0
    0 0 0 0 0 0 0 0 0 0 0 0 0 0 0 0 0 0 0 0 0 0 0 0 0 0 0 0 0 0 0 0 0 0
    0 0 0 0 0 0 0 0 0 0 0 0 0 0 0 0 0 0 0 0 0 0 0 0 0 0 0 0 0 0 0 0 0 0
    0 0 0 0 0 0 0 0 0 0 0 0 0 0 0 0 0 0 0 0 0 0 0 0 0 0 0 0 0 0 0 0 0 0
    0 0 0 0 0 0 0 0 0 0 0 0 0 0 0 0 0 0 0 0 0 0 0 0 0 0 0 0 0 0 0 0 0 0
    0 0 0 0 0 0 0 0 0 0 0 0 0 0 0 0 0 0 0 0 0 0 0 0 0 0 0 0 0 0 0 0 0 0
    0 0 0 0 0 0 0 0 0 0 0 0 0 0 0 0 0 0 0 0 0 0 0 0 0 0 0 0 0 0 0 0 0 0
    0 0 0 0 0 0 0 0 0 0 0 0 0 0 0 0 0 0 0 0 0 0 0 0 0 0 0 0 0 0 0 0 0 0
    0 0 0 0 0 0 0 0 0 0 0 0 0 0 0 0 0 0 0 0 0 0 0 0 0 0 0 0 0 0 0 0 0 0
    0 0 0 0 0 0 0 0 0 0 0 0 0 0 0 0 0 0 0 0 0 0 0 0 0 0 0 0 0 0 0 0 0 0
    0 0 0 0 0 0 0 0 0 0 0 0 0 0 0 0 0 0 0 0 0 0 0 0 0 0 0 0 0 0 0 0 0 0
    0 0 0 0 0 0 0 0 0 0 0 0 0 0 0 0 0 0 0 0 0 0 0 0 0 0 0 0 0 0 0 0 0 0
    0 0 0 0 0 0 0 0 0 0 0 0 0 0 0 0 0 0 0 0 0 0 0 0 0 0 0 0 0 0 0 0 0 0
    0 0 0 0 0 0 0 0 0 0 0 0 0 0 0 0 0 0 0 0 0 0 0 0 0 0 0 0 0 0 0 0 0 0
    0 0 0 0 0 0 0 0 0 0 0 0 0 0 0 0 0 0 0 0 0 0 0 0 0 0 0 0 0 0 0 0 0 0
    0 0 0 0 0 0 0 0 0 0 0 0 0 0 0 0 0 0 0 0 0 0 0 0 0 0 0 0 0 0 0 0 0 0
    0 0 0 0 0 0 0 0 0 0 0 0 0 0 0 0 0 0 0 0 0 0 0 0 0 0 0 0 0 0 0 0 0 0
    0 0 0 0 0 0 0 0 0 0 0 0 0 0 0 0 0 0 0 0 0 0 0 0 0 0 0 0 0 0 0 0 0 0
    0 0 0 0 0 0 0 0 0 0 0 0 0 0 0 0 0 0 0 0 0 0 0 0 0 0 0 0 0 0 0 0 0 0
    0 0 0 0 0 0 0 0 0 0 0 0 0 0 0 0 0 0 0 0 0 0 0 0 0 0 0 0 0 0 0 0 0 0
    0 0 0 0 0 0 0 0 0 0 0 0 0 0 0 0 0 0 0 0 0 0 0 0 0 0 0 0 0 0 0 0 0 0
    0 0 0 0 0 0 0 0 0 0 0 0 0 0 0 0 0 0 0 0 0 0 0 0 0 0 0 0 0 0 0 0 0 0
    0 0 0 0 0 0 0 0 0 0 0 0 0 0 0 0 0 0 0 0 0 0 0 0 0 0 0 0 0 0 0 0 0 0
    0 0 0 0 0 0 0 0 0 0 0 0 0 0 0 0 0 0 0 0 0 0 0 0 0 0 0 0 0 0 0 0 0 0
    0 0 0 0 0 0 0 0 0 0 0 0 0 0 0 0 0 0 0 0 0 0 0 0 0 0 0 0 0 0 0 0 0 0
    0 0 0 0 0 0 0 0 0 0 0 0 0 0 0 0 0 0 0 0 0 0 0 0 0 0 0 0 0 0 0 0 0 0
    0 0 0 0 0 0 0 0 0 0 0 0 0 0 0 0 0 0 0 0 0 0 0 0 0 0 0 0 0 0 0 0 0 0
    0 0 0 0 0 0 0 0 0 0 0 0 0 0 0 0 0 0 0 0 0 0 0 0 0 0 0 0 0 0 0 0 0 0
    0 0 0 0 0 0 0 0 0 0 0 0 0 0 0 0 0 0 0 0 0 0 0 0 0 0 0 0 0 0 0 0 0 0
    0 0 0 0 0 0 0 0 0 0 0 0 0 0 0 0 0 0 0 0 0 0 0 0 0 0 0 0 0 0 0 0 0 0
    0 0 0 0 0 0 0 0 0 0 0 0 0 0 0 0 0 0 0 0 0 0 0 0 0 0 0 0 0 0 0 0 0 0
    0 0 0 0 0 0 0 0 0 0 0 0 0 0 0 0 0 0 0 0 0 0 0 0 0 0 0 0 0 0 0 0 0 0
    0 0 0 0 0 0 0 0 0 0 0 0 0 0 0 0 0 0 0 0 0 0 0 0 0 0 0 0 0 0 0 0 0 0
    0 0 0 0 0 0 0 0 0 0 0 0 0 0 0 0 0 0 0 0 0 0 0 0 0 0 0 0 0 0 0 0 0 0
    0 0 0 0 0 0 0 0 0 0 0 0 0 0 0 0 0 0 0 0</data></test_mask>
<my_img type_id="opencv-matrix">
  <rows>30</rows>
  <cols>20</cols>
  <dt>"3u"</dt>
  <data>
    236 197 151 247 163 234 133 253 162 140 173 194 245 212 191 134 132
    196 190 207 208 231 227 209 181 187 249 212 160 243 189 154 241 219
    233 194 211 205 237 136 238 165 177 232 222 176 244 130 132 198 229
    227 142 247 155 255 141 234 164 169 148 220 229 147 183 231 228 220
    157 231 170 177 147 231 249 249 228 193 167 248 189 230 191 131 19
    49 45 83 124 114 116 58 101 34 81 64 114 1 80 12 82 1 110 66 47 127
    13 115 167 209 186 173 148 255 168 251 222 224 134 252 136 133 185
    187 221 218 137 211 170 187 237 139 206 131 211 146 253 190 237 239
    235 216 243 169 89 13 33 118 90 34 36 109 121 14 19 120 76 8 34 102
    84 57 73 66 58 49 20 20 207 200 225 236 166 150 170 139 237 212 205
    149 182 157 128 198 167 182 191 225 159 200 145 190 218 213 208 221
    167 246 204 191 149 215 148 220 115 35 89 62 115 37 75 18 100 62 100
    120 19 66 50 96 111 16 65 113 28 51 123 11 195 234 178 190 226 189
    238 183 194 186 153 143 163 136 211 245 141 217 197 214 219 176 244
    246 150 242 157 191 193 136 173 172 186 156 166 230 92 1 3 31 1 106
    39 25 57 81 43 6 12 114 38 126 9 99 38 4 80 42 42 97 130 143 213 173
    132 238 220 159 216 152 154 206 187 151 161 174 166 211 141 251 208
    190 149 182 176 237 144 162 155 162 242 143 174 210 164 140 60 49 61
    117 34 77 31 35 17 38 59 83 51 75 28 101 60 14 115 35 119 83 76 100
    241 173 239 155 213 200 175 204 130 214 132 162 195 255 241 152 129
    206 187 175 182 244 164 223 221 228 199 186 203 222 188 138 203 248
    234 207 11 35 72 77 79 96 59 91 84 7 73 95 79 47 112 121 10 110 36
    37 85 32 4 101 205 146 144 216 206 137 162 186 238 148 170 209 255
    212 170 225 254 203 128 157 229 191 166 151 172 156 254 246 214 184
    235 221 212 152 190 147 93 5 78 107 3 32 18 6 43 61 1 113 55 106 126
    109 9 27 83 39 106 110 56 41 135 216 239 159 220 205 200 128 161 223
    217 198 211 182 168 177 160 238 143 208 235 251 219 226 217 206 151
    224 232 149 171 195 219 242 242 128 89 28 109 39 6 50 62 120 30 88
    120 5 117 22 116 25 88 47 82 121 64 87 45 32 175 190 138 149 209 162
    238 193 173 200 233 163 235 162 189 216 227 155 223 139 132 238 243
    133 154 205 194 247 151 189 156 177 225 220 214 188 158 244 184 210
    231 239 210 137 234 145 174 225 162 252 219 245 243 253 202 205 175
    197 221 222 231 201 230 160 179 144 239 215 234 244 146 230 180 153
    189 253 168 218 234 178 200 209 130 217 166 213 189 205 192 132 211
    169 201 199 220 220 132 222 135 210 164 129 227 137 132 234 182 163
    248 194 131 140 154 193 158 250 146 140 131 182 246 250 167 218 146
    186 214 162 147 249 205 194 178 193 132 184 200 167 155 196 130 255
    253 155 197 232 191 179 243 249 194 239 144 136 225 166 171 243 188
    237 183 161 178 206 145 254 228 130 192 136 178 240 232 128 183 202
    247 155 179 163 234 188 228 172 194 175 252 175 247 173 187 190 138
    251 186 169 183 155 131 187 208 228 250 191 151 177 210 138 143 181
    234 129 174 169 223 243 129 159 219 179 155 214 172 204 152 156 154
    220 146 131 251 248 199 202 184 210 166 141 223 172 191 198 129 219
    248 130 140 165 196 252 138 152 242 241 160 156 238 246 206 179 140
    148 236 255 173 246 251 162 143 197 174 246 156 196 210 207 199 184
    190 149 130 203 178 212 215 147 221 211 132 170 208 201 177 172 217
    151 140 207 135 166 240 133 239 250 246 133 225 183 194 214 166 211
    221 183 205 164 236 219 168 166 179 194 233 173 225 136 228 206 228
    141 142 243 252 180 250 225 206 204 199 135 179 220 168 190 230 174
    215 173 254 144 218 166 180 219 128 210 217 184 225 202 164 196 135
    156 136 129 237 245 162 189 202 223 203 134 227 216 202 200 219 239
    137 194 241 251 158 175 165 131 203 240 147 193 159 209 178 147 202
    231 174 244 128 247 176 171 159 131 198 249 193 239 147 194 187 135
    134 154 191 229 156 137 137 203 165 143 151 223 215 220 211 211 218
    240 178 216 190 198 254 150 204 235 225 228 208 177 161 214 142 184
    230 238 165 227 191 131 158 138 250 204 147 186 236 149 247 227 135
    223 244 137 208 237 169 143 173 159 145 218 216 175 165 169 132 229
    244 140 179 181 181 180 236 165 254 255 217 212 205 157 180 193 197
    142 184 231 244 230 134 204 230 217 176 140 181 251 255 156 156 253
    202 187 218 246 245 215 210 151 211 174 186 191 225 244 241 179 191
    175 155 188 134 224 239 135 147 248 223 137 196 151 168 193 153 131
    232 229 236 143 181 235 195 147 192 159 148 156 235 190 236 165 251
    153 191 191 132 222 133 163 173 212 180 132 130 172 163 142 247 135
    146 241 153 130 151 198 185 131 158 206 192 166 188 189 220 215 196
    216 164 236 254 241 214 130 210 166 219 189 244 186 165 161 212 212
    186 176 150 177 225 209 145 150 204 169 241 144 232 218 250 198 204
    168 157 243 186 147 248 235 213 187 163 249 152 213 197 214 161 224
    171 245 170 189 197 201 202 219 245 132 222 179 194 254 237 252 186
    147 251 186 247 176 219 234 221 196 250 249 172 129 220 213 141 199
    204 197 212 199 191 188 228 169 186 160 228 179 244 183 238 179 151
    224 207 249 164 217 239 188 154 136 168 254 200 231 132 242 132 183
    203 128 190 254 228 159 253 138 155 217 188 133 131 141 189 167 214
    158 224 242 203 206 229 181 230 159 150 159 235 136 232 180 182 131
    236 155 164 201 195 201 231 134 249 216 205 153 184 229 234 137 180
    211 212 154 183 223 226 139 226 210 183 210 223 219 169 220 245 243
    173 237 162 245 183 160 186 197 180 230 139 250 129 178 147 156 191
    191 220 225 254 147 234 174 193 149 150 149 173 216 146 194 167 199
    242 141 183 157 162 200 152 151 226 168 139 201 189 179 150 216 216
    206 212 157 154 238 219 193 180 155 158 252 154 238 144 238 199 198
    176 190 225 172 229 197 244 155 161 195 230 206 224 210 228 211 195
    215 163 240 250 168 173 227 143 232 220 137 196 176 232 189 207 138
    194 203 222 197 179 250 216 199 237 133 136 195 181 221 231 240 237
    165 211 188 199 181 185 226 130 171 129 235 146 206 236 189 222 190
    159 136 221 157 218 171 144 132 164 155 214 252 245 221 249 218 218
    239 145 150 141 212 241 165 183 220 172 212 146 234 189 143 137 157
    152 176 163 147 206 210 223 223 134 135 161 200 238 142 169 157 163
    172 137 185 142 142 237 168 210 157 165 212 158 209 204 160 227 139
    218 207 222 214 186 193 198 235 227 236 213 191 166 197 210 158 131
    135 216 146 204 245 235 180 215 230 137 170 193 184 175 246 243 253
    142 171 240 226 174 162 162 146 131 202 130 225 161 156 136 226 198
    184 228 235 135 231 169 155 129 155 242 158 189 230 248 136 236 218
    230 195 221 172 239 196 171 175 241 197 208 240 232 157 134 171 143
    167 244 194 213 227 142 210 248 240 166 235 181 197 239 151 140 244
    143 186 251 251 249 159 255 238 182 171 249 132 158 154 152 183 182
    202 232 168 200 198 174 209 252 165 154 149 218 134 225 147 238 160
    146 242 160 181 153 149 194 193 133 153 154 215 160 150 186 239 192
    201 251 181 240 140 193 237 180 198 231 226 172 140 160 175 137 181
    210 187 245 227 158 148 210 153 165 181 209 213 191 198 227 248 192
    135 251 141 175 182 235 248 141 167 154 231 197 215 148 210 144 198
    161 251 191 143 238 241 249 206 204 148 201 227 236 149 212 220 227
    252 158 133 132 251 230 172 196 218 220 213 218 198 243 128 141 245
    190 237 230 129 211 210 130 147 136 185 136 157 158 245 231 172 228
    165 250 190 178 254 147 140 233 199 202 138 239 193 145 252 247 156
    199 227 236 190 129 158 185 239</data></my_img>
<your_img type_id="opencv-matrix">
  <rows>30</rows>
  <cols>20</cols>
  <dt>"3u"</dt>
  <data>
    81 63 54 28 15 101 38 13 45 73 33 94 49 59 30 88 27 34 4 3 115 18 22
    71 87 109 62 118 88 24 98 88 43 19 99 102 102 102 14 6 17 125 98 1
    92 101 74 31 92 23 50 18 106 37 75 101 112 24 36 50 35 114 66 77 83
    101 41 5 10 14 42 14 13 108 60 81 61 32 71 24 118 123 13 0 177 248
    134 224 135 180 195 157 148 246 181 149 194 136 223 222 161 255 179
    130 230 254 156 185 25 122 77 72 10 49 27 42 86 62 80 6 43 72 15 106
    20 18 3 26 126 51 6 32 19 67 95 0 60 7 101 26 58 120 91 2 235 145
    177 140 199 198 255 173 163 152 191 191 146 220 163 229 198 246 192
    167 230 175 224 228 25 102 50 65 99 53 68 20 103 13 59 72 49 65 30
    126 127 18 4 32 48 44 121 95 52 95 4 99 52 92 15 89 32 119 23 13 151
    246 169 172 186 213 143 198 194 248 169 176 164 232 206 188 245 231
    134 139 181 174 191 193 9 5 71 62 81 3 63 11 79 126 50 2 77 125 74
    65 42 88 67 103 31 53 127 49 37 100 125 112 120 49 59 15 20 47 64
    122 160 189 182 217 158 167 213 145 229 245 170 190 253 242 233 197
    151 219 166 207 189 253 136 181 63 124 88 3 112 80 95 5 38 83 117 51
    63 56 78 95 106 113 54 10 64 80 47 9 52 45 58 17 121 45 25 98 36 100
    99 88 153 181 160 139 222 161 137 217 138 243 128 166 182 220 207
    176 253 213 157 139 143 179 240 147 124 58 60 127 74 58 21 123 106
    12 19 4 121 53 28 61 54 124 47 80 127 104 70 109 82 90 72 13 59 37
    20 57 114 125 98 127 152 189 198 233 178 149 198 220 171 252 164 227
    219 142 206 167 175 220 248 155 246 188 137 174 111 63 21 124 69 27
    71 68 6 60 65 44 22 38 18 77 101 119 95 99 86 52 31 127 27 17 28 27
    79 117 83 20 46 55 123 14 181 194 230 156 139 160 201 221 189 208
    207 179 176 201 154 144 158 168 188 210 152 241 175 198 86 90 64 31
    72 37 27 0 101 14 32 7 78 40 29 98 112 42 81 30 18 57 26 127 6 5 17
    97 69 101 8 12 0 123 52 86 180 212 218 135 248 129 128 241 214 129
    145 224 205 231 232 235 221 232 244 192 149 250 196 216 3 81 104 61
    113 86 89 107 35 119 116 87 32 2 117 18 46 38 100 110 76 106 54 50
    125 10 41 90 90 5 30 116 76 75 35 25 120 92 113 108 97 60 57 91 93
    55 66 29 33 42 15 33 37 78 18 63 122 14 58 108 127 20 13 43 41 37 72
    103 122 85 93 67 22 125 18 118 46 126 90 83 5 121 34 80 115 118 52
    108 104 122 15 49 54 80 77 1 73 73 21 85 67 117 19 112 69 95 62 47
    66 34 36 4 82 73 83 48 20 58 73 24 5 93 112 107 1 56 123 71 122 3
    103 25 4 24 11 119 6 100 41 32 106 38 8 64 39 14 114 106 8 20 67 115
    106 102 46 2 43 58 28 45 118 0 77 95 44 70 116 25 1 36 16 100 27 61
    50 105 107 94 120 114 61 105 60 116 111 75 69 42 113 127 54 29 25 28
    8 3 66 76 96 80 24 79 69 106 104 43 38 48 49 49 58 22 121 69 11 33
    77 98 40 62 125 51 22 116 29 19 34 63 22 13 59 2 94 73 1 105 15 21
    57 107 62 17 58 50 40 27 45 83 28 57 2 112 47 11 88 59 60 36 32 56 0
    113 97 127 59 41 68 0 86 126 89 121 78 120 102 60 109 76 5 30 21 1
    86 127 121 12 42 113 52 32 62 42 15 59 102 103 111 113 33 127 7 31
    112 92 15 81 19 3 50 74 10 104 113 107 50 92 20 87 13 52 13 75 11 15
    31 23 113 83 5 69 105 18 86 11 73 101 14 94 116 49 76 111 70 43 8 87
    116 83 89 30 71 66 89 43 46 106 87 56 94 86 43 47 42 46 47 111 90
    104 23 113 10 62 56 71 53 73 108 107 66 25 38 106 10 80 76 35 36 124
    112 46 19 21 43 4 89 117 38 25 82 22 111 116 25 66 46 54 27 51 36 63
    15 88 1 26 69 67 89 71 1 15 106 35 20 57 93 89 79 25 123 79 59 76 4
    33 43 86 63 98 50 34 1 78 6 96 14 7 114 41 117 64 99 19 87 74 106 46
    100 0 83 103 91 120 85 21 118 21 79 95 80 91 62 46 22 4 125 110 51
    57 10 72 36 12 50 48 102 71 16 54 2 72 72 74 75 108 59 106 13 67 35
    41 10 108 15 45 59 76 114 120 77 96 46 52 107 104 26 90 64 115 10 26
    36 83 63 112 83 57 61 83 1 80 34 127 10 64 95 99 43 73 12 65 23 94
    61 6 24 16 6 40 26 103 106 41 75 51 15 72 37 10 94 60 66 119 51 87
    30 17 59 37 104 84 96 29 108 65 54 17 65 14 41 34 27 41 0 23 124 99
    40 98 75 80 95 87 92 63 15 66 121 87 73 84 11 9 94 115 116 57 110 51
    68 26 63 50 83 91 108 5 36 66 100 84 81 113 29 111 51 120 20 57 83
    65 49 10 79 33 45 118 10 25 42 117 124 5 2 40 1 71 117 118 37 34 22
    69 16 67 48 33 1 92 119 15 6 16 40 5 111 56 93 48 86 56 122 0 47 116
    112 64 46 114 48 110 16 38 13 22 119 8 51 96 124 98 65 62 115 65 71
    67 97 106 118 69 15 119 97 26 71 89 107 7 36 55 24 117 74 105 9 63
    99 1 43 119 100 94 81 71 38 88 117 75 16 81 78 22 23 55 4 100 89 33
    103 40 106 99 30 96 113 78 23 111 99 55 20 30 69 90 104 111 124 111
    65 98 68 27 57 82 106 71 27 92 108 40 37 107 22 97 22 118 29 83 64
    23 55 51 32 21 26 89 87 95 54 118 64 55 0 89 122 16 19 59 121 104 63
    99 111 73 12 14 61 112 34 30 77 40 126 63 100 99 5 55 97 75 111 75
    53 126 93 100 74 103 44 117 34 69 8 88 34 102 67 89 5 32 125 112 71
    74 96 120 72 18 61 67 91 114 3 116 5 78 70 61 8 94 120 99 52 45 39
    96 91 74 100 68 48 91 78 70 12 55 122 112 105 23 49 29 59 21 2 54 1
    28 67 21 35 91 23 15 19 44 127 10 80 19 5 61 123 25 5 36 94 22 126 9
    17 71 71 3 41 85 45 97 97 7 121 3 10 71 52 78 124 91 89 38 104 4 57
    125 3 120 103 11 94 77 117 44 107 112 99 99 100 59 105 80 65 37 98
    79 17 114 54 4 80 104 20 47 36 77 104 111 99 124 108 112 46 97 57 73
    2 54 73 112 44 25 62 52 127 62 22 30 115 34 116 98 38 81 85 70 56 95
    10 23 33 109 59 18 86 20 30 78 19 62 94 18 17 70 83 117 52 36 93 66
    111 113 11 41 79 33 125 112 124 53 4 98 66 106 19 89 126 55 117 18
    71 103 31 114 87 107 37 91 84 4 17 90 92 116 106 24 40 59 117 11 60
    16 123 101 64 89 119 110 22 53 8 40 64 96 53 86 11 92 96 88 45 24 78
    12 43 102 127 92 48 78 0 63 51 70 20 121 75 88 21 2 123 104 43 0 52
    120 17 80 44 11 83 45 62 79 10 71 8 95 116 80 58 16 76 63 105 83 11
    22 88 89 25 95 65 74 96 114 27 36 49 83 32 24 30 95 52 92 90 60 73
    10 57 108 103 79 8 17 1 121 88 77 56 98 53 48 72 127 7 99 114 73 28
    52 15 106 55 88 92 68 29 10 104 103 118 85 52 57 5 15 8 54 54 51 111
    125 61 49 81 6 104 125 123 80 48 86 15 63 57 74 101 106 27 59 119 58
    44 52 85 4 34 40 8 0 35 85 26 28 69 124 105 63 2 2 110 126 25 107 46
    40 26 94 46 100 88 39 66 124 113 106 27 113 6 104 91 72 9 24 34 36
    25 99 6 50 65 127 72 97 72 79 63 33 45 63 53 88</data></your_img>
</opencv_storage>
