<?xml version="1.0"?>
<opencv_storage>
<L2_diff>4339.4422452660892</L2_diff>
<hue>60</hue>
<sensitivity>10</sensitivity>
<test_foreg type_id="opencv-matrix">
  <rows>30</rows>
  <cols>20</cols>
  <dt>"3u"</dt>
  <data>
    248 199 60 8 79 217 195 52 244 245 29 215 168 194 127 23 109 220 54
    203 93 89 255 20 74 235 122 108 109 96 93 113 105 219 244 69 90 180
    47 145 100 96 152 244 135 153 160 160 199 97 14 223 43 33 28 186 60
    22 207 207 102 103 237 128 226 141 224 227 76 217 71 21 215 214 132
    148 210 104 209 103 122 196 106 213 2 109 217 142 65 78 24 60 234 49
    187 131 46 222 121 188 46 110 190 58 241 209 34 84 190 108 210 27
    236 73 158 154 28 228 211 44 122 93 81 138 60 51 210 58 111 70 235
    215 116 223 200 129 50 249 47 239 17 205 102 38 106 72 114 24 245
    234 202 205 77 176 201 196 44 50 145 113 71 22 187 77 12 27 134 20
    42 47 7 61 201 20 194 136 235 156 67 118 252 226 197 142 64 26 53
    137 83 212 108 229 210 206 214 57 111 134 135 136 239 151 175 147
    189 116 211 28 235 82 33 72 118 26 39 224 10 207 190 249 93 86 88 8
    200 5 235 199 114 54 186 230 59 100 63 158 35 65 127 100 74 172 58
    172 48 130 149 226 217 33 3 220 12 46 86 54 38 243 121 61 83 34 214
    106 150 204 173 17 36 229 107 247 53 158 212 184 82 118 117 168 76
    18 194 66 172 155 183 108 8 34 112 112 93 54 239 74 178 142 73 85
    122 179 134 157 25 145 101 236 239 212 252 8 90 171 70 244 126 167
    227 66 208 54 141 219 73 174 195 109 164 51 233 102 222 46 225 51
    231 19 89 24 234 25 85 70 195 211 138 208 223 137 129 30 179 191 123
    9 61 193 153 236 54 94 241 98 174 24 150 153 190 147 44 14 176 174
    145 203 116 148 77 213 93 49 100 3 16 221 187 237 106 185 13 218 127
    23 220 10 82 81 99 45 85 202 9 172 25 58 143 208 243 4 11 180 181
    142 99 181 59 211 53 187 58 109 52 244 145 49 26 151 219 67 175 159
    122 33 130 113 105 208 230 201 120 234 133 149 127 40 57 88 232 114
    36 29 126 108 129 152 123 125 71 225 193 155 121 15 217 193 239 200
    71 33 189 140 77 198 148 94 61 151 236 39 177 10 117 185 24 243 250
    193 216 20 143 102 189 123 233 115 119 237 239 192 210 46 228 122
    239 61 203 187 100 83 224 43 147 81 186 146 181 54 140 110 182 245
    117 231 97 47 158 219 101 242 210 65 189 37 205 121 149 55 243 184
    252 175 198 195 24 189 46 158 15 159 180 199 120 117 166 236 124 107
    30 136 41 1 193 141 224 18 19 178 54 111 161 131 251 203 72 237 49 4
    36 70 60 99 47 17 104 86 2 207 129 193 195 17 104 247 246 196 145
    235 36 231 80 75 57 126 215 224 49 255 74 175 53 89 181 248 143 9
    156 206 218 239 40 61 28 254 90 55 48 142 5 62 218 248 177 69 159
    195 250 53 12 204 40 133 146 231 204 5 238 255 156 101 77 249 76 64
    227 196 230 155 50 247 94 239 202 38 202 239 86 230 186 174 116 118
    17 2 68 207 121 5 130 210 166 53 246 218 57 95 89 148 128 126 172
    214 162 192 3 201 96 110 174 117 14 216 12 250 237 248 157 233 117
    187 60 4 250 114 51 3 244 13 27 133 208 137 154 123 203 252 151 130
    73 177 131 54 172 186 78 230 246 225 116 54 236 64 210 30 244 131 52
    82 23 212 3 124 116 104 139 28 234 90 165 147 174 41 226 225 174 169
    242 169 56 241 245 167 8 61 121 237 127 82 46 145 203 149 63 209 106
    45 39 213 218 44 23 34 158 201 152 83 132 222 224 40 106 115 98 130
    219 118 52 105 8 254 87 76 17 228 169 172 242 160 12 84 0 53 185 221
    138 29 60 165 23 215 189 127 60 114 124 62 218 51 173 73 251 91 15
    11 42 177 98 113 206 199 109 236 211 38 52 218 73 1 63 140 183 212
    132 180 40 215 123 148 40 64 240 18 235 181 6 192 200 106 207 151
    252 143 211 229 16 154 44 237 22 16 32 204 215 17 225 138 216 113
    139 232 214 102 77 205 237 112 245 115 91 225 170 155 55 122 170 55
    189 32 105 12 69 77 66 128 21 158 124 142 156 72 139 125 7 43 21 77
    118 103 238 10 83 68 28 176 94 109 141 18 243 156 186 15 109 180 198
    225 79 224 156 183 30 182 64 109 29 39 100 222 192 123 30 141 19 44
    244 152 185 138 26 48 48 96 136 20 104 241 251 228 191 216 179 156
    233 24 230 232 245 26 235 133 110 95 191 2 21 47 80 171 109 8 44 164
    224 147 237 193 67 181 202 118 93 41 143 71 19 186 224 26 119 71 153
    240 56 90 249 164 56 62 185 60 199 126 14 50 33 102 115 197 9 48 170
    161 19 10 233 106 180 163 113 203 128 59 183 245 66 73 243 222 95
    187 89 176 206 241 138 147 223 179 164 59 60 102 242 224 51 133 155
    9 182 114 69 142 35 231 45 254 159 17 193 1 194 148 247 15 216 77
    164 235 166 94 41 54 126 104 147 28 192 75 178 26 15 22 56 190 44
    255 76 46 123 106 249 185 221 199 22 65 29 241 232 85 138 209 152 29
    136 124 69 213 92 212 10 182 215 254 255 125 55 170 253 154 197 28
    116 204 250 107 112 102 79 1 239 2 253 223 158 200 26 218 238 128
    183 40 158 6 25 172 252 53 231 62 254 106 207 238 116 247 251 43 157
    151 169 85 225 158 139 128 138 184 85 104 101 169 83 208 45 141 206
    106 11 140 193 44 89 68 255 30 23 171 180 34 236 138 240 185 217 78
    218 58 48 16 187 12 193 64 115 139 46 137 98 248 214 83 114 168 152
    253 105 173 117 38 246 14 106 93 113 61 195 205 37 249 199 123 158
    32 204 26 162 191 128 139 135 132 253 111 146 166 167 86 206 74 126
    18 50 116 150 220 167 204 12 231 115 242 165 244 73 141 152 173 54
    22 205 48 175 132 58 167 180 158 252 135 170 231 179 17 42 48 82 122
    48 202 86 43 21 94 2 250 208 154 171 87 146 174 50 85 212 58 111 168
    212 121 226 196 206 51 119 68 249 213 78 212 188 20 127 234 42 116
    32 86 185 243 235 19 18 212 131 140 149 193 232 43 17 175 225 61 119
    196 71 105 185 165 18 187 241 155 111 235 235 172 97 233 204 12 211
    253 207 204 181 48 159 90 98 26 53 53 64 149 69 99 182 50 200 183 57
    90 124 196 184 3 254 225 53 107 45 248 157 183 108 215 46 86 141 173
    197 208 17 6 28 59 53 1 19 230 182 83 146 51 247 7 252 98 181 90 184
    196 26 52 207 4 93 100 103 18 246 205 102 131 102 229 12 245 164 136
    189 82 157 237 59 245 40 24 26 163 95 48 3 22 163 74 95 165 135 125
    11 171 1 95 148 108 165 148 165 157 0 60 217 6 189 200 143 163 158
    18 102 131 76 158 173 222 245 253 30 235 203 254 165 218 138 178 249
    251 169 73 201 219 126 132 72 58 217 81 53 210 57 204 167 105 246
    184 102 74 159 18 137 220 116 38 213 132 159 193 153 74 79 110 210
    142 91 72 169 234 116 60 124 34 18 81 85 136 47 5 142 214 28 201 82
    160 18 100 244 180 237 195 36 64 90 221 0 56 47 243 251 108 38 97
    194 71 60 141 50 27 14 203 241 195 84 13 202 203 76 194 186 126 114
    45 193 98 171 41 17 170 115 89 161 144 224 179 28 28 17 197 14 3 220
    9 59 231 81 135 57 109 179 14 189 40 127 146 9 36 125 18 201 88 25
    66 182 1 184 5 238 94 188 93 115 107 47 116 19 93 154 20 116 176 93
    64 168 100 108 159 117 153 235 232 110 184 239 235 12 167 159 192
    104 208 148 228 179 183 202 62 241 40 171 83 142 186 183 61 179 186
    102 64 207 200 28 212 37 92 44 156 31 80 41 148 208 194 171 26 59
    193 232 119 158 92 51 129 8 228 251 55 169 191 71 244 39 185 204 98
    91 78 20 77 135 10 76 173 255 95 2 215 234 239 4 161 231 102 14 190
    243 0 89 181 64 5 242 220 123 20 23 52 238 248</data></test_foreg>
<test_backg type_id="opencv-matrix">
  <rows>30</rows>
  <cols>20</cols>
  <dt>"3u"</dt>
  <data>
    128 128 128 128 128 128 128 128 128 128 128 128 128 128 128 128 128
    128 128 128 128 128 128 128 128 128 128 128 128 128 128 128 128 128
    128 128 128 128 128 128 128 128 128 128 128 128 128 128 128 128 128
    128 128 128 128 128 128 128 128 128 128 128 128 128 128 128 128 128
    128 128 128 128 128 128 128 128 128 128 128 128 128 128 128 128 128
    128 128 128 128 128 128 128 128 128 128 128 128 128 128 128 128 128
    128 128 128 128 128 128 128 128 128 128 128 128 128 128 128 128 128
    128 128 128 128 128 128 128 128 128 128 128 128 128 128 128 128 128
    128 128 128 128 128 128 128 128 128 128 128 128 128 128 128 128 128
    128 128 128 128 128 128 128 128 128 128 128 128 128 128 128 128 128
    128 128 128 128 128 128 128 128 128 128 128 128 128 128 128 128 128
    128 128 128 128 128 128 128 128 128 128 128 128 128 128 128 128 128
    128 128 128 128 128 128 128 128 128 128 128 128 128 128 128 128 128
    128 128 128 128 128 128 128 128 128 128 128 128 128 128 128 128 128
    128 128 128 128 128 128 128 128 128 128 128 128 128 128 128 128 128
    128 128 128 128 128 128 128 128 128 128 128 128 128 128 128 128 128
    128 128 128 128 128 128 128 128 128 128 128 128 128 128 128 128 128
    128 128 128 128 128 128 128 128 128 128 128 128 128 128 128 128 128
    128 128 128 128 128 128 128 128 128 128 128 128 128 128 128 128 128
    128 128 128 128 128 128 128 128 128 128 128 128 128 128 128 128 128
    128 128 128 128 128 128 128 128 128 128 128 128 128 128 128 128 128
    128 128 128 128 128 128 128 128 128 128 128 128 128 128 128 128 128
    128 128 128 128 128 128 128 128 128 128 128 128 128 128 128 128 128
    128 128 128 128 128 128 128 128 128 128 128 128 128 128 128 128 128
    128 128 128 128 128 128 128 128 128 128 128 128 128 128 128 128 128
    128 128 128 128 128 128 128 128 128 128 128 128 128 128 128 128 128
    128 128 128 128 128 128 128 128 128 128 128 128 128 128 128 128 128
    128 128 128 128 128 128 128 128 128 128 128 128 128 128 128 128 128
    128 128 128 128 128 128 128 128 128 128 128 128 128 128 128 128 128
    128 128 128 128 128 128 128 128 128 128 128 128 128 128 128 128 128
    128 128 128 128 128 128 128 128 128 128 128 128 128 128 128 128 128
    128 128 128 128 128 128 128 128 128 128 128 128 128 128 128 128 128
    128 128 128 128 128 128 128 128 128 128 128 128 128 128 128 128 128
    128 128 128 128 128 128 128 128 128 128 128 128 128 128 128 128 128
    128 128 128 128 128 128 128 128 128 128 128 128 128 128 128 128 128
    128 128 128 128 128 128 128 128 128 128 128 128 128 128 128 128 128
    128 128 128 128 128 128 128 128 128 128 128 128 128 128 128 128 128
    128 128 128 128 128 128 128 128 128 128 128 128 128 128 128 128 128
    128 128 128 128 128 128 128 128 128 128 128 128 128 128 128 128 128
    128 128 128 128 128 128 128 128 128 128 128 128 128 128 128 128 128
    128 128 128 128 128 128 128 128 128 128 128 128 128 128 128 128 128
    128 128 128 128 128 128 128 128 128 128 128 128 128 128 128 128 128
    128 128 128 128 128 128 128 128 128 128 128 128 128 128 128 128 128
    128 128 128 128 128 128 128 128 128 128 128 128 128 128 128 128 128
    128 128 128 128 128 128 128 128 128 128 128 128 128 128 128 128 128
    128 128 128 128 128 128 128 128 128 128 128 128 128 128 128 128 128
    128 128 128 128 128 128 128 128 128 128 128 128 128 128 128 128 128
    128 128 128 128 128 128 128 128 128 128 128 128 128 128 128 128 128
    128 128 128 128 128 128 128 128 128 128 128 128 128 128 128 128 128
    128 128 128 128 128 128 128 128 128 128 128 128 128 128 128 128 128
    128 128 128 128 128 128 128 128 128 128 128 128 128 128 128 128 128
    128 128 128 128 128 128 128 128 128 128 128 128 128 128 128 128 128
    128 128 128 128 128 128 128 128 128 128 128 128 128 128 128 128 128
    128 128 128 128 128 128 128 128 128 128 128 128 128 128 128 128 128
    128 128 128 128 128 128 128 128 128 128 128 128 128 128 128 128 128
    128 128 128 128 128 128 128 128 128 128 128 128 128 128 128 128 128
    128 128 128 128 128 128 128 128 128 128 128 128 128 128 128 128 128
    128 128 128 128 128 128 128 128 128 128 128 128 128 128 128 128 128
    128 128 128 128 128 128 128 128 128 128 128 128 128 128 128 128 128
    128 128 128 128 128 128 128 128 128 128 128 128 128 128 128 128 128
    128 128 128 128 128 128 128 128 128 128 128 128 128 128 128 128 128
    128 128 128 128 128 128 128 128 128 128 128 128 128 128 128 128 128
    128 128 128 128 128 128 128 128 128 128 128 128 128 128 128 128 128
    128 128 128 128 128 128 128 128 128 128 128 128 128 128 128 128 128
    128 128 128 128 128 128 128 128 128 128 128 128 128 128 128 128 128
    128 128 128 128 128 128 128 128 128 128 128 128 128 128 128 128 128
    128 128 128 128 128 128 128 128 128 128 128 128 128 128 128 128 128
    128 128 128 128 128 128 128 128 128 128 128 128 128 128 128 128 128
    128 128 128 128 128 128 128 128 128 128 128 128 128 128 128 128 128
    128 128 128 128 128 128 128 128 128 128 128 128 128 128 128 128 128
    128 128 128 128 128 128 128 128 128 128 128 128 128 128 128 128 128
    128 128 128 128 128 128 128 128 128 128 128 128 128 128 128 128 128
    128 128 128 128 128 128 128 128 128 128 128 128 128 128 128 128 128
    128 128 128 128 128 128 128 128 128 128 128 128 128 128 128 128 128
    128 128 128 128 128 128 128 128 128 128 128 128 128 128 128 128 128
    128 128 128 128 128 128 128 128 128 128 128 128 128 128 128 128 128
    128 128 128 128 128 128 128 128 128 128 128 128 128 128 128 128 128
    128 128 128 128 128 128 128 128 128 128 128 128 128 128 128 128 128
    128 128 128 128 128 128 128 128 128 128 128 128 128 128 128 128 128
    128 128 128 128 128 128 128 128 128 128 128 128 128 128 128 128 128
    128 128 128 128 128 128 128 128 128 128 128 128 128 128 128 128 128
    128 128 128 128 128 128 128 128 128 128 128 128 128 128 128 128 128
    128 128 128 128 128 128 128 128 128 128 128 128 128 128 128 128 128
    128 128 128 128 128 128 128 128 128 128 128 128 128 128 128 128 128
    128 128 128 128 128 128 128 128 128 128 128 128 128 128 128 128 128
    128 128 128 128 128 128 128 128 128 128 128 128 128 128 128 128 128
    128 128 128 128 128 128 128 128 128 128 128 128 128 128 128 128 128
    128 128 128 128 128 128 128 128 128 128 128 128 128 128 128 128 128
    128 128 128 128 128 128 128 128 128 128 128 128 128 128 128 128 128
    128 128 128 128 128 128 128 128 128 128 128 128 128 128 128 128 128
    128 128 128 128 128 128 128 128 128 128 128 128 128 128 128 128 128
    128 128 128 128 128 128 128 128 128 128 128 128 128 128 128 128 128
    128 128 128 128 128 128 128 128 128 128 128 128 128 128 128 128 128
    128 128 128 128 128 128 128 128 128 128 128 128 128 128 128 128 128
    128 128 128 128 128 128 128 128 128 128 128 128 128 128 128 128 128
    128 128 128 128 128 128 128 128 128 128 128 128 128 128 128 128 128
    128 128 128 128 128 128 128 128 128 128 128 128 128 128 128 128 128
    128 128 128 128 128 128 128 128 128 128 128 128 128 128 128 128 128
    128 128 128 128 128 128 128 128 128 128 128 128 128 128 128 128 128
    128 128 128 128 128 128 128 128 128 128 128 128 128 128 128 128 128
    128 128 128 128 128 128 128 128 128 128 128 128 128 128 128 128 128
    128 128 128 128 128 128 128 128 128 128 128 128 128 128 128 128 128
    128 128 128 128 128 128 128 128 128 128 128 128 128 128 128 128 128
    128 128 128 128 128 128 128 128 128 128 128 128 128 128 128 128 128
    128 128 128 128 128 128 128 128 128 128 128 128 128 128 128 128 128
    128 128 128 128 128 128 128 128 128 128 128 128 128 128 128</data></test_backg>
<my_img type_id="opencv-matrix">
  <rows>30</rows>
  <cols>20</cols>
  <dt>"3u"</dt>
  <data>
    248 199 60 8 79 217 195 52 244 245 29 215 168 194 127 23 109 220 128
    128 128 128 128 128 128 128 128 108 109 96 93 113 105 219 244 69 128
    128 128 145 100 96 128 128 128 153 160 160 199 97 14 223 43 33 128
    128 128 22 207 207 102 103 237 128 128 128 224 227 76 217 71 21 215
    214 132 148 210 104 209 103 122 196 106 213 2 109 217 142 65 78 24
    60 234 49 187 131 46 222 121 188 46 110 190 58 241 209 34 84 190 108
    210 128 128 128 158 154 28 228 211 44 122 93 81 138 60 51 210 58 111
    70 235 215 116 223 200 129 50 249 128 128 128 205 102 38 106 72 114
    24 245 234 202 205 77 176 201 196 44 50 145 113 71 22 187 77 12 128
    128 128 42 47 7 128 128 128 194 136 235 156 67 118 252 226 197 142
    64 26 53 137 83 212 108 229 210 206 214 57 111 134 135 136 239 128
    128 128 189 116 211 128 128 128 33 72 118 26 39 224 10 207 190 249
    93 86 88 8 200 5 235 199 114 54 186 230 59 100 128 128 128 65 127
    100 128 128 128 172 48 130 149 226 217 33 3 220 12 46 86 54 38 243
    121 61 83 34 214 106 150 204 173 17 36 229 128 128 128 158 212 184
    82 118 117 168 76 18 194 66 172 155 183 108 8 34 112 112 93 54 239
    74 178 142 73 85 128 128 128 157 25 145 101 236 239 212 252 8 128
    128 128 244 126 167 227 66 208 54 141 219 73 174 195 109 164 51 233
    102 222 128 128 128 231 19 89 128 128 128 85 70 195 211 138 208 223
    137 129 30 179 191 123 9 61 193 153 236 54 94 241 98 174 24 150 153
    190 147 44 14 176 174 145 203 116 148 128 128 128 49 100 3 16 221
    187 237 106 185 13 218 127 128 128 128 82 81 99 45 85 202 128 128
    128 58 143 208 243 4 11 180 181 142 128 128 128 211 53 187 128 128
    128 244 145 49 26 151 219 67 175 159 122 33 130 113 105 208 230 201
    120 234 133 149 127 40 57 128 128 128 36 29 126 108 129 152 123 125
    71 225 193 155 121 15 217 128 128 128 71 33 189 140 77 198 148 94 61
    151 236 39 177 10 117 185 24 243 250 193 216 20 143 102 189 123 233
    115 119 237 239 192 210 46 228 122 239 61 203 187 100 83 224 43 147
    81 186 146 181 54 140 110 182 245 128 128 128 47 158 219 101 242 210
    128 128 128 205 121 149 55 243 184 252 175 198 195 24 189 128 128
    128 159 180 199 120 117 166 236 124 107 128 128 128 1 193 141 224 18
    19 178 54 111 161 131 251 203 72 237 49 4 36 70 60 99 47 17 104 86 2
    207 129 193 195 17 104 247 246 196 145 235 36 231 80 75 57 126 215
    224 128 128 128 175 53 89 181 248 143 9 156 206 218 239 40 61 28 254
    90 55 48 142 5 62 218 248 177 69 159 195 250 53 12 204 40 133 146
    231 204 5 238 255 156 101 77 249 76 64 227 196 230 155 50 247 94 239
    202 38 202 239 86 230 186 174 116 118 17 2 68 207 121 5 130 210 166
    53 246 218 57 95 89 148 128 126 128 128 128 192 3 201 96 110 174 117
    14 216 12 250 237 248 157 233 117 187 60 4 250 114 51 3 244 13 27
    133 208 137 154 123 203 252 151 130 73 177 131 54 172 186 78 128 128
    128 116 54 236 128 128 128 244 131 52 82 23 212 3 124 116 104 139 28
    234 90 165 147 174 41 226 225 174 128 128 128 56 241 245 167 8 61
    128 128 128 82 46 145 203 149 63 209 106 45 39 213 218 44 23 34 128
    128 128 83 132 222 224 40 106 115 98 130 219 118 52 105 8 254 87 76
    17 228 169 172 242 160 12 84 0 53 185 221 138 29 60 165 23 215 189
    127 60 114 124 62 218 128 128 128 251 91 15 11 42 177 98 113 206 199
    109 236 211 38 52 218 73 1 63 140 183 212 132 180 40 215 123 148 40
    64 240 18 235 181 6 192 200 106 207 128 128 128 211 229 16 154 44
    237 22 16 32 204 215 17 225 138 216 113 139 232 214 102 77 205 237
    112 245 115 91 225 170 155 55 122 170 128 128 128 105 12 69 77 66
    128 21 158 124 142 156 72 139 125 7 43 21 77 118 103 238 10 83 68 28
    176 94 109 141 18 243 156 186 15 109 180 198 225 79 224 156 183 128
    128 128 109 29 39 100 222 192 123 30 141 19 44 244 128 128 128 26 48
    48 96 136 20 104 241 251 228 191 216 179 156 233 24 230 232 245 26
    235 133 110 95 191 2 21 47 80 171 109 8 44 128 128 128 237 193 67
    181 202 118 93 41 143 71 19 186 224 26 119 71 153 240 56 90 249 164
    56 62 185 60 199 126 14 50 33 102 115 197 9 48 170 161 19 10 233 106
    180 163 113 203 128 59 183 245 66 73 243 222 128 128 128 176 206 241
    138 147 223 179 164 59 60 102 242 224 51 133 155 9 182 114 69 142
    128 128 128 254 159 17 193 1 194 148 247 15 216 77 164 235 166 94 41
    54 126 104 147 28 192 75 178 26 15 22 128 128 128 255 76 46 123 106
    249 185 221 199 128 128 128 241 232 85 128 128 128 29 136 124 128
    128 128 212 10 182 215 254 255 125 55 170 253 154 197 28 116 204 250
    107 112 102 79 1 239 2 253 223 158 200 26 218 238 128 183 40 158 6
    25 172 252 53 231 62 254 106 207 238 116 247 251 43 157 151 169 85
    225 158 139 128 138 184 85 104 101 169 128 128 128 141 206 106 11
    140 193 44 89 68 255 30 23 171 180 34 236 138 240 185 217 78 218 58
    48 128 128 128 193 64 115 139 46 137 98 248 214 83 114 168 128 128
    128 173 117 38 246 14 106 93 113 61 195 205 37 249 199 123 158 32
    204 26 162 191 128 139 135 128 128 128 146 166 167 128 128 128 126
    18 50 116 150 220 167 204 12 231 115 242 165 244 73 141 152 173 54
    22 205 48 175 132 58 167 180 128 128 128 128 128 128 17 42 48 82 122
    48 202 86 43 128 128 128 250 208 154 171 87 146 174 50 85 212 58 111
    168 212 121 226 196 206 128 128 128 249 213 78 212 188 20 127 234 42
    116 32 86 185 243 235 19 18 212 131 140 149 193 232 43 17 175 225 61
    119 196 71 105 185 165 18 187 241 155 111 235 235 172 97 233 204 12
    211 253 207 204 181 48 159 90 98 26 53 53 64 149 69 99 182 50 200
    183 57 90 124 196 184 3 254 225 53 107 45 248 157 183 108 215 46 86
    141 173 197 208 17 6 28 59 53 1 19 230 182 83 146 128 128 128 252 98
    181 90 184 196 26 52 207 4 93 100 103 18 246 205 102 131 102 229 12
    245 164 136 189 82 157 237 59 245 40 24 26 163 95 48 3 22 163 74 95
    165 135 125 11 171 1 95 148 108 165 148 165 157 0 60 217 6 189 200
    143 163 158 18 102 131 76 158 173 222 245 253 30 235 203 254 165 218
    138 178 249 251 169 73 201 219 126 132 72 58 217 81 53 210 57 204
    167 105 246 184 102 74 159 18 137 220 116 38 213 132 159 193 153 74
    79 110 210 142 91 72 169 234 116 128 128 128 18 81 85 136 47 5 142
    214 28 201 82 160 18 100 244 128 128 128 36 64 90 221 0 56 47 243
    251 108 38 97 194 71 60 141 50 27 14 203 241 195 84 13 202 203 76
    194 186 126 114 45 193 98 171 41 17 170 115 89 161 144 224 179 28 28
    17 197 14 3 220 9 59 231 128 128 128 109 179 14 189 40 127 146 9 36
    125 18 201 88 25 66 182 1 184 5 238 94 188 93 115 107 47 116 19 93
    154 20 116 176 93 64 168 100 108 159 117 153 235 232 110 184 239 235
    12 167 159 192 104 208 148 228 179 183 202 62 241 128 128 128 142
    186 183 61 179 186 102 64 207 200 28 212 128 128 128 156 31 80 41
    148 208 194 171 26 59 193 232 119 158 92 51 129 8 228 251 55 169 191
    71 244 39 185 204 98 91 78 20 77 135 10 76 173 255 95 2 215 234 239
    4 161 231 102 14 190 243 0 128 128 128 5 242 220 123 20 23 52 238
    248</data></my_img>
<your_img type_id="opencv-matrix">
  <rows>30</rows>
  <cols>20</cols>
  <dt>"3u"</dt>
  <data>
    255 255 188 136 207 255 255 180 255 255 157 255 255 255 255 151 237
    255 182 255 221 217 255 148 202 255 250 236 237 224 221 241 233 255
    255 197 218 255 175 255 228 224 255 255 255 255 255 255 255 225 142
    255 171 161 156 255 188 150 255 255 230 231 255 255 255 255 255 255
    204 255 199 149 255 255 255 255 255 232 255 231 250 255 234 255 130
    237 255 255 193 206 152 188 255 177 255 255 174 255 249 255 174 238
    255 186 255 255 162 212 255 236 255 155 255 201 255 255 156 255 255
    172 250 221 209 255 188 179 255 186 239 198 255 255 244 255 255 255
    178 255 175 255 145 255 230 166 234 200 242 152 255 255 255 255 205
    255 255 255 172 178 255 241 199 150 255 205 140 155 255 148 170 175
    135 189 255 148 255 255 255 255 195 246 255 255 255 255 192 154 181
    255 211 255 236 255 255 255 255 185 239 255 255 255 255 255 255 255
    255 244 255 156 255 210 161 200 246 154 167 255 138 255 255 255 221
    214 216 136 255 133 255 255 242 182 255 255 187 228 191 255 163 193
    255 228 202 255 186 255 176 255 255 255 255 161 131 255 140 174 214
    182 166 255 249 189 211 162 255 234 255 255 255 145 164 255 235 255
    181 255 255 255 210 246 245 255 204 146 255 194 255 255 255 236 136
    162 240 240 221 182 255 202 255 255 201 213 250 255 255 255 153 255
    229 255 255 255 255 136 218 255 198 255 254 255 255 194 255 182 255
    255 201 255 255 237 255 179 255 230 255 174 255 179 255 147 217 152
    255 153 213 198 255 255 255 255 255 255 255 158 255 255 251 137 189
    255 255 255 182 222 255 226 255 152 255 255 255 255 172 142 255 255
    255 255 244 255 205 255 221 177 228 131 144 255 255 255 234 255 141
    255 255 151 255 138 210 209 227 173 213 255 137 255 153 186 255 255
    255 132 139 255 255 255 227 255 187 255 181 255 186 237 180 255 255
    177 154 255 255 195 255 255 250 161 255 241 233 255 255 255 248 255
    255 255 255 168 185 216 255 242 164 157 254 236 255 255 251 253 199
    255 255 255 249 143 255 255 255 255 199 161 255 255 205 255 255 222
    189 255 255 167 255 138 245 255 152 255 255 255 255 148 255 230 255
    251 255 243 247 255 255 255 255 174 255 250 255 189 255 255 228 211
    255 171 255 209 255 255 255 182 255 238 255 255 245 255 225 175 255
    255 229 255 255 193 255 165 255 249 255 183 255 255 255 255 255 255
    152 255 174 255 143 255 255 255 248 245 255 255 252 235 158 255 169
    129 255 255 255 146 147 255 182 239 255 255 255 255 200 255 177 132
    164 198 188 227 175 145 232 214 130 255 255 255 255 145 232 255 255
    255 255 255 164 255 208 203 185 254 255 255 177 255 202 255 181 217
    255 255 255 137 255 255 255 255 168 189 156 255 218 183 176 255 133
    190 255 255 255 197 255 255 255 181 140 255 168 255 255 255 255 133
    255 255 255 229 205 255 204 192 255 255 255 255 178 255 222 255 255
    166 255 255 214 255 255 255 244 246 145 130 196 255 249 133 255 255
    255 181 255 255 185 223 217 255 255 254 255 255 255 255 131 255 224
    238 255 245 142 255 140 255 255 255 255 255 245 255 188 132 255 242
    179 131 255 141 155 255 255 255 255 251 255 255 255 255 201 255 255
    182 255 255 206 255 255 255 244 182 255 192 255 158 255 255 180 210
    151 255 131 252 244 232 255 156 255 218 255 255 255 169 255 255 255
    255 255 255 184 255 255 255 136 189 249 255 255 210 174 255 255 255
    191 255 234 173 167 255 255 172 151 162 255 255 255 211 255 255 255
    168 234 243 226 255 255 246 180 233 136 255 215 204 145 255 255 255
    255 255 140 212 128 181 255 255 255 157 188 255 151 255 255 255 188
    242 252 190 255 179 255 201 255 219 143 139 170 255 226 241 255 255
    237 255 255 166 180 255 201 129 191 255 255 255 255 255 168 255 251
    255 168 192 255 146 255 255 134 255 255 234 255 255 255 255 255 255
    144 255 172 255 150 144 160 255 255 145 255 255 255 241 255 255 255
    230 205 255 255 240 255 243 219 255 255 255 183 250 255 183 255 160
    233 140 197 205 194 255 149 255 252 255 255 200 255 253 135 171 149
    205 246 231 255 138 211 196 156 255 222 237 255 146 255 255 255 143
    237 255 255 255 207 255 255 255 158 255 192 237 157 167 228 255 255
    251 158 255 147 172 255 255 255 255 154 176 176 224 255 148 232 255
    255 255 255 255 255 255 255 152 255 255 255 154 255 255 238 223 255
    130 149 175 208 255 237 136 172 255 255 255 255 255 195 255 255 246
    221 169 255 199 147 255 255 154 247 199 255 255 184 218 255 255 184
    190 255 188 255 254 142 178 161 230 243 255 137 176 255 255 147 138
    255 234 255 255 241 255 255 187 255 255 194 201 255 255 223 255 217
    255 255 255 255 255 255 255 255 187 188 230 255 255 179 255 255 137
    255 242 197 255 163 255 173 255 255 145 255 129 255 255 255 143 255
    205 255 255 255 222 169 182 254 232 255 156 255 203 255 154 143 150
    184 255 172 255 204 174 251 234 255 255 255 255 150 193 157 255 255
    213 255 255 255 157 255 252 197 255 220 255 138 255 255 255 255 253
    183 255 255 255 255 156 244 255 255 235 240 230 207 129 255 130 255
    255 255 255 154 255 255 255 255 168 255 134 153 255 255 181 255 190
    255 234 255 255 244 255 255 171 255 255 255 213 255 255 255 255 255
    255 213 232 229 255 211 255 173 255 255 234 139 255 255 172 217 196
    255 158 151 255 255 162 255 255 255 255 255 206 255 186 176 144 255
    140 255 192 243 255 174 255 226 255 255 211 242 255 255 255 233 255
    245 166 255 142 234 221 241 189 255 255 165 255 255 251 255 160 255
    154 255 255 255 255 255 255 255 239 255 255 255 214 255 202 254 146
    178 244 255 255 255 255 140 255 243 255 255 255 201 255 255 255 182
    150 255 176 255 255 186 255 255 255 255 255 255 255 255 145 170 176
    210 250 176 255 214 171 149 222 130 255 255 255 255 215 255 255 178
    213 255 186 239 255 255 249 255 255 255 179 247 196 255 255 206 255
    255 148 255 255 170 244 160 214 255 255 255 147 146 255 255 255 255
    255 255 171 145 255 255 189 247 255 199 233 255 255 146 255 255 255
    239 255 255 255 225 255 255 140 255 255 255 255 255 176 255 218 226
    154 181 181 192 255 197 227 255 178 255 255 185 218 252 255 255 131
    255 255 181 235 173 255 255 255 236 255 174 214 255 255 255 255 145
    134 156 187 181 129 147 255 255 211 255 179 255 135 255 226 255 218
    255 255 154 180 255 132 221 228 231 146 255 255 230 255 230 255 140
    255 255 255 255 210 255 255 187 255 168 152 154 255 223 176 131 150
    255 202 223 255 255 253 139 255 129 223 255 236 255 255 255 255 128
    188 255 134 255 255 255 255 255 146 230 255 204 255 255 255 255 255
    158 255 255 255 255 255 255 255 255 255 255 201 255 255 254 255 200
    186 255 209 181 255 185 255 255 233 255 255 230 202 255 146 255 255
    244 166 255 255 255 255 255 202 207 238 255 255 219 200 255 255 244
    188 252 162 146 209 213 255 175 133 255 255 156 255 210 255 146 228
    255 255 255 255 164 192 218 255 128 184 175 255 255 236 166 225 255
    199 188 255 178 155 142 255 255 255 212 141 255 255 204 255 255 254
    242 173 255 226 255 169 145 255 243 217 255 255 255 255 156 156 145
    255 142 131 255 137 187 255 209 255 185 237 255 142 255 168 255 255
    137 164 253 146 255 216 153 194 255 129 255 133 255 222 255 221 243
    235 175 244 147 221 255 148 244 255 221 192 255 228 236 255 245 255
    255 255 238 255 255 255 140 255 255 255 232 255 255 255 255 255 255
    190 255 168 255 211 255 255 255 189 255 255 230 192 255 255 156 255
    165 220 172 255 159 208 169 255 255 255 255 154 187 255 255 247 255
    220 179 255 136 255 255 183 255 255 199 255 167 255 255 226 219 206
    148 205 255 138 204 255 255 223 130 255 255 255 132 255 255 230 142
    255 255 128 217 255 192 133 255 255 251 148 151 180 255 255</data></your_img>
</opencv_storage>
