<?xml version="1.0"?>
<opencv_storage>
<L2_diff>4346.629613850253</L2_diff>
<hue>60</hue>
<sensitivity>10</sensitivity>
<test_foreg type_id="opencv-matrix">
  <rows>30</rows>
  <cols>20</cols>
  <dt>"3u"</dt>
  <data>
    146 7 95 37 39 184 6 56 180 150 80 7 194 224 13 32 60 175 75 229 228
    109 146 152 255 142 173 95 123 212 200 167 15 177 16 7 195 208 132
    120 252 123 194 96 100 205 109 21 80 15 40 22 105 54 244 180 93 6
    232 179 114 153 226 25 82 102 180 133 162 162 229 179 146 222 98 76
    93 40 80 28 34 60 179 107 28 41 20 93 31 188 3 21 2 234 200 241 94
    188 54 191 89 54 148 248 103 233 33 88 81 20 252 183 183 202 25 121
    11 114 217 145 2 174 188 247 126 85 150 244 196 48 45 187 25 230 9
    151 193 199 7 72 81 109 131 133 117 247 48 175 119 74 223 134 51 190
    176 227 66 220 203 247 106 185 45 133 141 20 222 35 232 153 119 112
    128 192 16 104 10 187 168 87 66 43 76 201 53 96 243 59 153 226 244
    61 68 162 251 84 104 53 101 172 15 30 156 22 237 180 150 214 139 142
    26 222 206 115 117 126 153 232 113 67 254 88 174 159 96 192 34 225
    164 19 57 46 108 153 128 112 45 127 193 174 142 206 232 248 249 179
    97 207 106 124 16 86 196 217 241 211 137 149 90 153 211 151 155 87
    186 64 109 241 135 225 6 33 68 162 210 37 156 122 189 221 193 136
    226 96 187 112 65 218 4 42 31 25 232 159 24 19 40 96 65 119 235 206
    25 109 142 210 128 69 143 39 51 83 39 218 226 143 159 194 128 33 10
    123 243 146 148 180 10 254 190 139 44 111 70 53 227 251 21 213 130
    12 203 235 240 209 100 142 175 25 215 155 29 155 123 169 61 61 18 71
    163 176 193 162 173 51 232 231 129 219 116 200 246 211 20 227 144 64
    181 40 241 156 176 238 80 255 95 222 247 26 162 11 164 161 47 231
    236 167 2 38 248 53 78 86 185 255 208 74 37 171 70 57 142 252 153
    207 228 107 43 151 199 246 215 232 118 23 111 178 231 106 62 230 31
    79 168 229 53 142 18 111 253 246 118 185 47 247 33 140 34 0 85 172
    92 193 160 26 80 37 207 145 78 184 7 150 148 35 42 81 69 64 80 42
    239 28 173 167 183 198 204 78 166 192 122 22 223 155 143 222 62 207
    144 180 221 76 225 245 228 117 2 109 240 234 58 7 93 93 237 203 134
    122 70 219 252 11 221 142 183 125 235 247 109 49 99 131 233 153 57
    48 58 190 132 64 51 154 201 9 231 80 159 241 205 55 217 198 16 159
    209 2 18 17 119 146 121 101 106 106 58 94 52 12 236 135 243 129 28
    84 253 95 249 53 84 8 176 148 133 193 27 131 27 87 214 226 20 50 215
    214 171 127 169 43 69 200 104 36 251 132 220 60 176 200 29 173 131
    153 26 102 214 95 132 157 31 141 232 160 145 189 8 147 219 154 94
    218 59 157 14 240 21 173 166 180 155 122 102 92 163 237 189 64 28
    121 8 183 23 149 214 153 30 63 48 168 237 8 219 103 88 98 109 48 43
    199 171 9 155 93 70 169 3 103 120 13 154 67 109 252 166 43 95 253
    132 64 59 54 227 127 114 190 238 155 97 77 11 53 93 109 114 11 230
    81 22 232 132 212 62 181 198 111 46 110 49 174 133 68 64 5 125 32
    168 108 28 43 252 94 250 73 199 95 85 96 6 144 21 105 76 129 110 16
    116 89 236 55 87 121 78 9 219 49 161 16 4 247 126 114 142 120 152 76
    98 248 140 158 197 69 244 15 89 187 192 179 90 83 90 240 250 70 56
    179 186 119 62 84 54 128 78 199 15 68 161 83 55 219 148 170 31 196
    56 198 51 23 27 163 164 179 204 182 166 17 254 0 156 115 221 35 26
    56 182 158 98 168 253 203 107 76 12 10 165 154 45 98 100 64 239 104
    236 172 15 183 18 199 81 202 230 63 32 166 59 194 195 67 106 199 95
    239 177 51 168 104 70 134 62 59 178 44 21 191 86 210 93 80 203 76
    119 56 224 74 63 51 89 26 79 30 106 115 224 171 219 162 224 183 23
    12 82 240 21 131 217 17 179 58 102 83 106 166 13 182 109 45 217 88
    67 58 106 235 113 147 83 219 18 168 96 136 245 203 226 85 240 29 70
    29 0 245 169 115 149 190 197 165 188 89 65 161 196 209 69 104 14 58
    116 46 72 35 141 1 161 81 236 63 205 143 236 242 248 167 73 50 49
    201 110 244 55 157 244 143 225 65 235 29 252 50 162 223 34 194 20 63
    39 60 29 13 27 41 44 164 152 157 251 207 35 94 97 21 108 118 129 89
    166 2 42 105 177 224 79 40 129 246 140 160 246 224 171 145 54 59 240
    112 178 197 212 22 45 204 29 204 2 55 245 200 44 84 71 237 25 157 9
    244 222 167 95 7 164 37 239 147 108 98 104 109 196 233 43 12 5 36
    114 70 44 229 107 165 244 251 250 121 23 175 178 212 239 19 163 61
    55 248 38 183 112 53 209 210 71 128 1 124 150 86 146 146 121 140 93
    104 83 86 227 152 185 239 228 238 242 254 110 168 114 122 36 150 233
    25 42 46 201 161 153 191 44 68 204 154 97 243 247 42 253 58 201 3 77
    252 153 189 35 131 52 167 7 199 60 188 236 192 52 64 207 73 72 185
    205 239 145 33 251 140 142 14 4 67 105 172 113 221 32 221 240 2 235
    246 136 132 207 150 133 147 68 113 0 146 179 169 155 46 80 110 86
    189 220 149 235 164 250 138 230 68 185 42 51 220 64 156 220 97 171
    241 82 108 51 132 173 206 109 15 127 134 252 5 44 144 23 20 121 195
    78 6 247 58 238 26 214 175 2 255 134 20 226 175 228 93 8 33 121 103
    77 44 134 30 217 120 169 247 56 45 91 73 199 235 253 112 102 168 52
    177 152 252 217 247 150 137 113 16 24 237 230 168 135 154 143 143 33
    198 96 151 222 41 188 155 253 183 247 201 255 222 27 166 76 79 238
    240 30 158 193 86 217 75 186 38 222 237 35 197 250 52 148 87 79 94
    248 180 195 126 138 48 29 199 232 61 204 45 77 183 24 131 246 34 54
    142 251 230 76 231 3 191 0 80 74 100 238 51 18 17 227 227 157 109 66
    140 182 100 155 25 233 101 209 184 208 246 194 23 226 177 120 67 26
    26 42 29 37 180 144 73 96 90 180 30 86 13 245 118 44 25 171 31 247
    216 153 172 100 150 104 8 186 82 58 80 243 143 50 68 6 246 61 90 131
    204 43 26 157 4 140 137 40 206 68 217 179 56 163 25 178 227 10 78
    248 50 37 212 35 197 223 194 248 204 79 95 32 241 98 3 84 179 105 24
    136 45 111 89 126 208 23 137 253 183 74 70 194 10 70 136 102 59 205
    66 93 92 60 236 134 238 189 165 245 26 184 84 129 213 161 28 61 142
    201 136 30 3 168 126 124 217 203 68 54 146 103 165 148 27 151 17 231
    153 98 233 187 21 70 248 243 120 122 48 216 16 29 94 129 214 208 126
    235 185 30 212 111 218 231 14 18 191 138 85 35 185 49 131 180 91 26
    37 96 216 2 21 110 76 100 79 189 123 235 86 210 190 140 78 167 79 66
    57 104 125 169 143 178 136 60 252 186 240 87 226 43 110 230 59 24 43
    173 19 140 6 108 209 113 6 73 68 92 116 59 193 57 198 45 143 86 58
    218 6 12 85 23 223 86 17 102 81 204 198 48 19 96 176 235 119 195 4
    166 78 224 156 154 206 165 14 25 196 101 81 152 148 42 17 113 83 119
    67 124 117 98 217 36 216 55 220 140 146 109 22 204 125 244 197 148
    129 38 243 101 41 255 102 5 47 158 166 240 117 120 124 80 234 242
    153 45 155 125 150 22 232 70 209 81 132 222 151 105 0 188 206 204
    201 156 44 157 22 215 113 120 136 11 116 145 74 38 66 154 228 139
    166 68 245 233 76 249 162 57 88 169 89 35 90 204 137 50 79 102 214
    223 131 141 99 142 150 79 233 163 137 208 225 16 72 187 32 165 239
    24 203 2 180 254 132 241 63 0 179 238 94 3 204 141 79 254 223 58 106
    59 10 147 103 226 141 59 252 254 7 64 33 156 175 177 11 118 115 124
    228</data></test_foreg>
<test_backg type_id="opencv-matrix">
  <rows>30</rows>
  <cols>20</cols>
  <dt>"3u"</dt>
  <data>
    128 128 128 128 128 128 128 128 128 128 128 128 128 128 128 128 128
    128 128 128 128 128 128 128 128 128 128 128 128 128 128 128 128 128
    128 128 128 128 128 128 128 128 128 128 128 128 128 128 128 128 128
    128 128 128 128 128 128 128 128 128 128 128 128 128 128 128 128 128
    128 128 128 128 128 128 128 128 128 128 128 128 128 128 128 128 128
    128 128 128 128 128 128 128 128 128 128 128 128 128 128 128 128 128
    128 128 128 128 128 128 128 128 128 128 128 128 128 128 128 128 128
    128 128 128 128 128 128 128 128 128 128 128 128 128 128 128 128 128
    128 128 128 128 128 128 128 128 128 128 128 128 128 128 128 128 128
    128 128 128 128 128 128 128 128 128 128 128 128 128 128 128 128 128
    128 128 128 128 128 128 128 128 128 128 128 128 128 128 128 128 128
    128 128 128 128 128 128 128 128 128 128 128 128 128 128 128 128 128
    128 128 128 128 128 128 128 128 128 128 128 128 128 128 128 128 128
    128 128 128 128 128 128 128 128 128 128 128 128 128 128 128 128 128
    128 128 128 128 128 128 128 128 128 128 128 128 128 128 128 128 128
    128 128 128 128 128 128 128 128 128 128 128 128 128 128 128 128 128
    128 128 128 128 128 128 128 128 128 128 128 128 128 128 128 128 128
    128 128 128 128 128 128 128 128 128 128 128 128 128 128 128 128 128
    128 128 128 128 128 128 128 128 128 128 128 128 128 128 128 128 128
    128 128 128 128 128 128 128 128 128 128 128 128 128 128 128 128 128
    128 128 128 128 128 128 128 128 128 128 128 128 128 128 128 128 128
    128 128 128 128 128 128 128 128 128 128 128 128 128 128 128 128 128
    128 128 128 128 128 128 128 128 128 128 128 128 128 128 128 128 128
    128 128 128 128 128 128 128 128 128 128 128 128 128 128 128 128 128
    128 128 128 128 128 128 128 128 128 128 128 128 128 128 128 128 128
    128 128 128 128 128 128 128 128 128 128 128 128 128 128 128 128 128
    128 128 128 128 128 128 128 128 128 128 128 128 128 128 128 128 128
    128 128 128 128 128 128 128 128 128 128 128 128 128 128 128 128 128
    128 128 128 128 128 128 128 128 128 128 128 128 128 128 128 128 128
    128 128 128 128 128 128 128 128 128 128 128 128 128 128 128 128 128
    128 128 128 128 128 128 128 128 128 128 128 128 128 128 128 128 128
    128 128 128 128 128 128 128 128 128 128 128 128 128 128 128 128 128
    128 128 128 128 128 128 128 128 128 128 128 128 128 128 128 128 128
    128 128 128 128 128 128 128 128 128 128 128 128 128 128 128 128 128
    128 128 128 128 128 128 128 128 128 128 128 128 128 128 128 128 128
    128 128 128 128 128 128 128 128 128 128 128 128 128 128 128 128 128
    128 128 128 128 128 128 128 128 128 128 128 128 128 128 128 128 128
    128 128 128 128 128 128 128 128 128 128 128 128 128 128 128 128 128
    128 128 128 128 128 128 128 128 128 128 128 128 128 128 128 128 128
    128 128 128 128 128 128 128 128 128 128 128 128 128 128 128 128 128
    128 128 128 128 128 128 128 128 128 128 128 128 128 128 128 128 128
    128 128 128 128 128 128 128 128 128 128 128 128 128 128 128 128 128
    128 128 128 128 128 128 128 128 128 128 128 128 128 128 128 128 128
    128 128 128 128 128 128 128 128 128 128 128 128 128 128 128 128 128
    128 128 128 128 128 128 128 128 128 128 128 128 128 128 128 128 128
    128 128 128 128 128 128 128 128 128 128 128 128 128 128 128 128 128
    128 128 128 128 128 128 128 128 128 128 128 128 128 128 128 128 128
    128 128 128 128 128 128 128 128 128 128 128 128 128 128 128 128 128
    128 128 128 128 128 128 128 128 128 128 128 128 128 128 128 128 128
    128 128 128 128 128 128 128 128 128 128 128 128 128 128 128 128 128
    128 128 128 128 128 128 128 128 128 128 128 128 128 128 128 128 128
    128 128 128 128 128 128 128 128 128 128 128 128 128 128 128 128 128
    128 128 128 128 128 128 128 128 128 128 128 128 128 128 128 128 128
    128 128 128 128 128 128 128 128 128 128 128 128 128 128 128 128 128
    128 128 128 128 128 128 128 128 128 128 128 128 128 128 128 128 128
    128 128 128 128 128 128 128 128 128 128 128 128 128 128 128 128 128
    128 128 128 128 128 128 128 128 128 128 128 128 128 128 128 128 128
    128 128 128 128 128 128 128 128 128 128 128 128 128 128 128 128 128
    128 128 128 128 128 128 128 128 128 128 128 128 128 128 128 128 128
    128 128 128 128 128 128 128 128 128 128 128 128 128 128 128 128 128
    128 128 128 128 128 128 128 128 128 128 128 128 128 128 128 128 128
    128 128 128 128 128 128 128 128 128 128 128 128 128 128 128 128 128
    128 128 128 128 128 128 128 128 128 128 128 128 128 128 128 128 128
    128 128 128 128 128 128 128 128 128 128 128 128 128 128 128 128 128
    128 128 128 128 128 128 128 128 128 128 128 128 128 128 128 128 128
    128 128 128 128 128 128 128 128 128 128 128 128 128 128 128 128 128
    128 128 128 128 128 128 128 128 128 128 128 128 128 128 128 128 128
    128 128 128 128 128 128 128 128 128 128 128 128 128 128 128 128 128
    128 128 128 128 128 128 128 128 128 128 128 128 128 128 128 128 128
    128 128 128 128 128 128 128 128 128 128 128 128 128 128 128 128 128
    128 128 128 128 128 128 128 128 128 128 128 128 128 128 128 128 128
    128 128 128 128 128 128 128 128 128 128 128 128 128 128 128 128 128
    128 128 128 128 128 128 128 128 128 128 128 128 128 128 128 128 128
    128 128 128 128 128 128 128 128 128 128 128 128 128 128 128 128 128
    128 128 128 128 128 128 128 128 128 128 128 128 128 128 128 128 128
    128 128 128 128 128 128 128 128 128 128 128 128 128 128 128 128 128
    128 128 128 128 128 128 128 128 128 128 128 128 128 128 128 128 128
    128 128 128 128 128 128 128 128 128 128 128 128 128 128 128 128 128
    128 128 128 128 128 128 128 128 128 128 128 128 128 128 128 128 128
    128 128 128 128 128 128 128 128 128 128 128 128 128 128 128 128 128
    128 128 128 128 128 128 128 128 128 128 128 128 128 128 128 128 128
    128 128 128 128 128 128 128 128 128 128 128 128 128 128 128 128 128
    128 128 128 128 128 128 128 128 128 128 128 128 128 128 128 128 128
    128 128 128 128 128 128 128 128 128 128 128 128 128 128 128 128 128
    128 128 128 128 128 128 128 128 128 128 128 128 128 128 128 128 128
    128 128 128 128 128 128 128 128 128 128 128 128 128 128 128 128 128
    128 128 128 128 128 128 128 128 128 128 128 128 128 128 128 128 128
    128 128 128 128 128 128 128 128 128 128 128 128 128 128 128 128 128
    128 128 128 128 128 128 128 128 128 128 128 128 128 128 128 128 128
    128 128 128 128 128 128 128 128 128 128 128 128 128 128 128 128 128
    128 128 128 128 128 128 128 128 128 128 128 128 128 128 128 128 128
    128 128 128 128 128 128 128 128 128 128 128 128 128 128 128 128 128
    128 128 128 128 128 128 128 128 128 128 128 128 128 128 128 128 128
    128 128 128 128 128 128 128 128 128 128 128 128 128 128 128 128 128
    128 128 128 128 128 128 128 128 128 128 128 128 128 128 128 128 128
    128 128 128 128 128 128 128 128 128 128 128 128 128 128 128 128 128
    128 128 128 128 128 128 128 128 128 128 128 128 128 128 128 128 128
    128 128 128 128 128 128 128 128 128 128 128 128 128 128 128 128 128
    128 128 128 128 128 128 128 128 128 128 128 128 128 128 128 128 128
    128 128 128 128 128 128 128 128 128 128 128 128 128 128 128 128 128
    128 128 128 128 128 128 128 128 128 128 128 128 128 128 128 128 128
    128 128 128 128 128 128 128 128 128 128 128 128 128 128 128 128 128
    128 128 128 128 128 128 128 128 128 128 128 128 128 128 128 128 128
    128 128 128 128 128 128 128 128 128 128 128 128 128 128 128 128 128
    128 128 128 128 128 128 128 128 128 128 128 128 128 128 128 128 128
    128 128 128 128 128 128 128 128 128 128 128 128 128 128 128</data></test_backg>
<my_img type_id="opencv-matrix">
  <rows>30</rows>
  <cols>20</cols>
  <dt>"3u"</dt>
  <data>
    146 7 95 37 39 184 6 56 180 150 80 7 194 224 13 32 60 175 75 229 228
    109 146 152 255 142 173 95 123 212 200 167 15 177 16 7 195 208 132
    128 128 128 194 96 100 205 109 21 80 15 40 22 105 54 244 180 93 6
    232 179 114 153 226 25 82 102 180 133 162 128 128 128 146 222 98 76
    93 40 80 28 34 60 179 107 28 41 20 93 31 188 128 128 128 234 200 241
    128 128 128 191 89 54 128 128 128 233 33 88 81 20 252 183 183 202
    128 128 128 128 128 128 2 174 188 247 126 85 150 244 196 48 45 187
    128 128 128 151 193 199 7 72 81 109 131 133 128 128 128 175 119 74
    223 134 51 190 176 227 66 220 203 247 106 185 45 133 141 128 128 128
    232 153 119 112 128 192 128 128 128 187 168 87 66 43 76 201 53 96
    243 59 153 226 244 61 68 162 251 84 104 53 101 172 15 128 128 128
    237 180 150 214 139 142 26 222 206 115 117 126 128 128 128 128 128
    128 174 159 96 192 34 225 164 19 57 46 108 153 128 112 45 127 193
    174 142 206 232 248 249 179 128 128 128 124 16 86 196 217 241 211
    137 149 90 153 211 151 155 87 186 64 109 241 135 225 6 33 68 162 210
    37 156 122 189 221 193 136 226 96 187 112 65 218 4 42 31 25 232 159
    24 19 40 96 65 119 235 206 25 109 142 210 128 69 143 39 51 83 39 218
    226 143 159 194 128 33 10 128 128 128 148 180 10 254 190 139 44 111
    70 53 227 251 21 213 130 12 203 235 240 209 100 142 175 25 215 155
    29 155 123 169 61 61 18 71 163 176 193 162 173 51 232 231 128 128
    128 128 128 128 20 227 144 128 128 128 241 156 176 238 80 255 95 222
    247 128 128 128 164 161 47 231 236 167 2 38 248 53 78 86 128 128 128
    74 37 171 70 57 142 252 153 207 228 107 43 151 199 246 215 232 118
    23 111 178 231 106 62 230 31 79 168 229 53 142 18 111 253 246 118
    185 47 247 128 128 128 0 85 172 92 193 160 128 128 128 207 145 78
    184 7 150 148 35 42 81 69 64 80 42 239 28 173 167 183 198 204 78 166
    192 122 22 223 155 143 222 62 207 144 180 221 76 128 128 128 117 2
    109 240 234 58 7 93 93 237 203 134 122 70 219 252 11 221 128 128 128
    235 247 109 49 99 131 233 153 57 48 58 190 132 64 51 154 201 9 231
    80 159 241 205 55 217 198 16 159 209 2 18 17 119 146 121 101 106 106
    58 94 52 12 236 135 243 129 28 84 253 95 249 53 84 8 176 148 133 193
    27 131 27 87 214 226 20 50 215 214 171 127 169 43 128 128 128 36 251
    132 220 60 176 200 29 173 131 153 26 128 128 128 132 157 31 128 128
    128 145 189 8 128 128 128 128 128 128 157 14 240 21 173 166 180 155
    122 102 92 163 237 189 64 128 128 128 183 23 149 214 153 30 63 48
    168 237 8 219 103 88 98 109 48 43 199 171 9 155 93 70 169 3 103 120
    13 154 67 109 252 166 43 95 253 132 64 59 54 227 127 114 190 238 155
    97 77 11 53 93 109 114 128 128 128 22 232 132 212 62 181 198 111 46
    110 49 174 133 68 64 128 128 128 168 108 28 128 128 128 250 73 199
    95 85 96 128 128 128 105 76 129 110 16 116 128 128 128 128 128 128
    128 128 128 161 16 4 247 126 114 142 120 152 76 98 248 140 158 197
    128 128 128 89 187 192 179 90 83 90 240 250 70 56 179 186 119 62 84
    54 128 128 128 128 128 128 128 55 219 148 170 31 196 128 128 128 23
    27 163 164 179 204 182 166 17 254 0 156 115 221 35 26 56 182 158 98
    168 253 203 107 76 12 10 165 154 45 98 100 64 239 104 236 172 15 183
    128 128 128 202 230 63 128 128 128 194 195 67 128 128 128 239 177 51
    168 104 70 134 62 59 178 44 21 191 86 210 93 80 203 128 128 128 224
    74 63 51 89 26 79 30 106 115 224 171 219 162 224 183 23 12 128 128
    128 131 217 17 179 58 102 83 106 166 13 182 109 128 128 128 67 58
    106 235 113 147 128 128 128 168 96 136 245 203 226 128 128 128 70 29
    0 245 169 115 149 190 197 165 188 89 65 161 196 209 69 104 14 58 116
    128 128 128 141 1 161 128 128 128 205 143 236 242 248 167 73 50 49
    201 110 244 55 157 244 143 225 65 235 29 252 50 162 223 128 128 128
    63 39 60 29 13 27 41 44 164 152 157 251 207 35 94 97 21 108 118 129
    89 166 2 42 105 177 224 79 40 129 246 140 160 246 224 171 145 54 59
    240 112 178 197 212 22 128 128 128 204 2 55 245 200 44 84 71 237 128
    128 128 244 222 167 95 7 164 37 239 147 108 98 104 109 196 233 43 12
    5 36 114 70 128 128 128 165 244 251 250 121 23 175 178 212 239 19
    163 61 55 248 38 183 112 53 209 210 71 128 1 124 150 86 146 146 121
    140 93 104 83 86 227 152 185 239 228 238 242 254 110 168 114 122 36
    150 233 25 42 46 201 161 153 191 44 68 204 154 97 243 247 42 253 128
    128 128 77 252 153 189 35 131 128 128 128 199 60 188 236 192 52 128
    128 128 72 185 205 239 145 33 251 140 142 14 4 67 128 128 128 221 32
    221 240 2 235 246 136 132 207 150 133 147 68 113 0 146 179 169 155
    46 128 128 128 189 220 149 235 164 250 138 230 68 185 42 51 220 64
    156 220 97 171 241 82 108 51 132 173 206 109 15 127 134 252 5 44 144
    23 20 121 195 78 6 247 58 238 26 214 175 2 255 134 20 226 175 228 93
    8 33 121 103 77 44 134 30 217 120 169 247 56 45 91 73 199 235 253
    112 102 168 52 177 152 252 217 247 150 137 113 16 24 237 230 168 135
    154 143 143 33 198 96 151 222 41 188 155 253 128 128 128 255 222 27
    166 76 79 238 240 30 158 193 86 217 75 186 38 222 237 35 197 250 52
    148 87 79 94 248 180 195 126 138 48 29 199 232 61 204 45 77 183 24
    131 246 34 54 142 251 230 128 128 128 191 0 80 74 100 238 51 18 17
    227 227 157 109 66 140 182 100 155 25 233 101 209 184 208 246 194 23
    226 177 120 67 26 26 42 29 37 180 144 73 96 90 180 128 128 128 245
    118 44 128 128 128 247 216 153 172 100 150 104 8 186 82 58 80 243
    143 50 68 6 246 61 90 131 204 43 26 157 4 140 137 40 206 68 217 179
    128 128 128 178 227 10 128 128 128 128 128 128 128 128 128 248 204
    79 95 32 241 98 3 84 179 105 24 136 45 111 89 126 208 23 137 253 183
    74 70 194 10 70 136 102 59 205 66 93 92 60 236 134 238 189 165 245
    26 184 84 129 213 161 28 61 142 201 136 30 3 168 126 124 217 203 68
    54 146 103 165 148 27 151 17 231 153 98 233 187 21 70 248 243 120
    122 48 216 16 29 94 129 214 208 126 235 185 30 212 111 218 231 14 18
    191 138 85 35 185 49 131 180 91 26 37 96 216 2 21 110 76 100 79 189
    128 128 128 210 190 140 128 128 128 66 57 104 125 169 143 178 136 60
    252 186 240 128 128 128 128 128 128 24 43 173 128 128 128 128 128
    128 6 73 68 92 116 59 193 57 198 45 143 86 128 128 128 128 128 128
    223 86 17 102 81 204 198 48 19 96 176 235 119 195 4 166 78 224 156
    154 206 165 14 25 196 101 81 152 148 42 17 113 83 119 67 124 117 98
    217 128 128 128 220 140 146 109 22 204 125 244 197 148 129 38 243
    101 41 255 102 5 47 158 166 240 117 120 124 80 234 242 153 45 155
    125 150 128 128 128 209 81 132 222 151 105 0 188 206 204 201 156 128
    128 128 215 113 120 136 11 116 145 74 38 66 154 228 139 166 68 245
    233 76 249 162 57 128 128 128 35 90 204 137 50 79 102 214 223 131
    141 99 142 150 79 233 163 137 208 225 16 128 128 128 165 239 24 203
    2 180 254 132 241 63 0 179 238 94 3 204 141 79 254 223 58 106 59 10
    147 103 226 141 59 252 254 7 64 33 156 175 177 11 118 115 124 228</data></my_img>
<your_img type_id="opencv-matrix">
  <rows>30</rows>
  <cols>20</cols>
  <dt>"3u"</dt>
  <data>
    255 135 223 165 167 255 134 184 255 255 208 135 255 255 141 160 188
    255 203 255 255 237 255 255 255 255 255 223 251 255 255 255 143 255
    144 135 255 255 255 248 255 251 255 224 228 255 237 149 208 143 168
    150 233 182 255 255 221 134 255 255 242 255 255 153 210 230 255 255
    255 255 255 255 255 255 226 204 221 168 208 156 162 188 255 235 156
    169 148 221 159 255 131 149 130 255 255 255 222 255 182 255 217 182
    255 255 231 255 161 216 209 148 255 255 255 255 153 249 139 242 255
    255 130 255 255 255 254 213 255 255 255 176 173 255 153 255 137 255
    255 255 135 200 209 237 255 255 245 255 176 255 247 202 255 255 179
    255 255 255 194 255 255 255 234 255 173 255 255 148 255 163 255 255
    247 240 255 255 144 232 138 255 255 215 194 171 204 255 181 224 255
    187 255 255 255 189 196 255 255 212 232 181 229 255 143 158 255 150
    255 255 255 255 255 255 154 255 255 243 245 254 255 255 241 195 255
    216 255 255 224 255 162 255 255 147 185 174 236 255 255 240 173 255
    255 255 255 255 255 255 255 255 225 255 234 252 144 214 255 255 255
    255 255 255 218 255 255 255 255 215 255 192 237 255 255 255 134 161
    196 255 255 165 255 250 255 255 255 255 255 224 255 240 193 255 132
    170 159 153 255 255 152 147 168 224 193 247 255 255 153 237 255 255
    255 197 255 167 179 211 167 255 255 255 255 255 255 161 138 251 255
    255 255 255 138 255 255 255 172 239 198 181 255 255 149 255 255 140
    255 255 255 255 228 255 255 153 255 255 157 255 251 255 189 189 146
    199 255 255 255 255 255 179 255 255 255 255 244 255 255 255 148 255
    255 192 255 168 255 255 255 255 208 255 223 255 255 154 255 139 255
    255 175 255 255 255 130 166 255 181 206 214 255 255 255 202 165 255
    198 185 255 255 255 255 255 235 171 255 255 255 255 255 246 151 239
    255 255 234 190 255 159 207 255 255 181 255 146 239 255 255 246 255
    175 255 161 255 162 128 213 255 220 255 255 154 208 165 255 255 206
    255 135 255 255 163 170 209 197 192 208 170 255 156 255 255 255 255
    255 206 255 255 250 150 255 255 255 255 190 255 255 255 255 204 255
    255 255 245 130 237 255 255 186 135 221 221 255 255 255 250 198 255
    255 139 255 255 255 253 255 255 237 177 227 255 255 255 185 176 186
    255 255 192 179 255 255 137 255 208 255 255 255 183 255 255 144 255
    255 130 146 145 247 255 249 229 234 234 186 222 180 140 255 255 255
    255 156 212 255 223 255 181 212 136 255 255 255 255 155 255 155 215
    255 255 148 178 255 255 255 255 255 171 197 255 232 164 255 255 255
    188 255 255 157 255 255 255 154 230 255 223 255 255 159 255 255 255
    255 255 136 255 255 255 222 255 187 255 142 255 149 255 255 255 255
    250 230 220 255 255 255 192 156 249 136 255 151 255 255 255 158 191
    176 255 255 136 255 231 216 226 237 176 171 255 255 137 255 221 198
    255 131 231 248 141 255 195 237 255 255 171 223 255 255 192 187 182
    255 255 242 255 255 255 225 205 139 181 221 237 242 139 255 209 150
    255 255 255 190 255 255 239 174 238 177 255 255 196 192 133 253 160
    255 236 156 171 255 222 255 201 255 223 213 224 134 255 149 233 204
    255 238 144 244 217 255 183 215 249 206 137 255 177 255 144 132 255
    254 242 255 248 255 204 226 255 255 255 255 197 255 143 217 255 255
    255 218 211 218 255 255 198 184 255 255 247 190 212 182 255 206 255
    143 196 255 211 183 255 255 255 159 255 184 255 179 151 155 255 255
    255 255 255 255 145 255 128 255 243 255 163 154 184 255 255 226 255
    255 255 235 204 140 138 255 255 173 226 228 192 255 232 255 255 143
    255 146 255 209 255 255 191 160 255 187 255 255 195 234 255 223 255
    255 179 255 232 198 255 190 187 255 172 149 255 214 255 221 208 255
    204 247 184 255 202 191 179 217 154 207 158 234 243 255 255 255 255
    255 255 151 140 210 255 149 255 255 145 255 186 230 211 234 255 141
    255 237 173 255 216 195 186 234 255 241 255 211 255 146 255 224 255
    255 255 255 213 255 157 198 157 128 255 255 243 255 255 255 255 255
    217 193 255 255 255 197 232 142 186 244 174 200 163 255 129 255 209
    255 191 255 255 255 255 255 255 201 178 177 255 238 255 183 255 255
    255 255 193 255 157 255 178 255 255 162 255 148 191 167 188 157 141
    155 169 172 255 255 255 255 255 163 222 225 149 236 246 255 217 255
    130 170 233 255 255 207 168 255 255 255 255 255 255 255 255 182 187
    255 240 255 255 255 150 173 255 157 255 130 183 255 255 172 212 199
    255 153 255 137 255 255 255 223 135 255 165 255 255 236 226 232 237
    255 255 171 140 133 164 242 198 172 255 235 255 255 255 255 249 151
    255 255 255 255 147 255 189 183 255 166 255 240 181 255 255 199 255
    129 252 255 214 255 255 249 255 221 232 211 214 255 255 255 255 255
    255 255 255 238 255 242 250 164 255 255 153 170 174 255 255 255 255
    172 196 255 255 225 255 255 170 255 186 255 131 205 255 255 255 163
    255 180 255 135 255 188 255 255 255 180 192 255 201 200 255 255 255
    255 161 255 255 255 142 132 195 233 255 241 255 160 255 255 130 255
    255 255 255 255 255 255 255 196 241 128 255 255 255 255 174 208 238
    214 255 255 255 255 255 255 255 255 196 255 170 179 255 192 255 255
    225 255 255 210 236 179 255 255 255 237 143 255 255 255 133 172 255
    151 148 249 255 206 134 255 186 255 154 255 255 130 255 255 148 255
    255 255 221 136 161 249 231 205 172 255 158 255 248 255 255 184 173
    219 201 255 255 255 240 230 255 180 255 255 255 255 255 255 255 241
    144 152 255 255 255 255 255 255 255 161 255 224 255 255 169 255 255
    255 255 255 255 255 255 155 255 204 207 255 255 158 255 255 214 255
    203 255 166 255 255 163 255 255 180 255 215 207 222 255 255 255 254
    255 176 157 255 255 189 255 173 205 255 152 255 255 162 182 255 255
    255 204 255 131 255 128 208 202 228 255 179 146 145 255 255 255 237
    194 255 255 228 255 153 255 229 255 255 255 255 255 151 255 255 248
    195 154 154 170 157 165 255 255 201 224 218 255 158 214 141 255 246
    172 153 255 159 255 255 255 255 228 255 232 136 255 210 186 208 255
    255 178 196 134 255 189 218 255 255 171 154 255 132 255 255 168 255
    196 255 255 184 255 153 255 255 138 206 255 178 165 255 163 255 255
    255 255 255 207 223 160 255 226 131 212 255 233 152 255 173 239 217
    254 255 151 255 255 255 202 198 255 138 198 255 230 187 255 194 221
    220 188 255 255 255 255 255 255 154 255 212 255 255 255 156 189 255
    255 255 158 131 255 254 252 255 255 196 182 255 231 255 255 155 255
    145 255 255 226 255 255 149 198 255 255 248 250 176 255 144 157 222
    255 255 255 254 255 255 158 255 239 255 255 142 146 255 255 213 163
    255 177 255 255 219 154 165 224 255 130 149 238 204 228 207 255 251
    255 214 255 255 255 206 255 207 194 185 232 253 255 255 255 255 188
    255 255 255 215 255 171 238 255 187 152 171 255 147 255 134 236 255
    241 134 201 196 220 244 187 255 185 255 173 255 214 186 255 134 140
    213 151 255 214 145 230 209 255 255 176 147 224 255 255 247 255 132
    255 206 255 255 255 255 255 142 153 255 229 209 255 255 170 145 241
    211 247 195 252 245 226 255 164 255 183 255 255 255 237 150 255 253
    255 255 255 255 166 255 229 169 255 230 133 175 255 255 255 245 248
    252 208 255 255 255 173 255 253 255 150 255 198 255 209 255 255 255
    233 128 255 255 255 255 255 172 255 150 255 241 248 255 139 244 255
    202 166 194 255 255 255 255 196 255 255 204 255 255 185 216 255 217
    163 218 255 255 178 207 230 255 255 255 255 227 255 255 207 255 255
    255 255 255 144 200 255 160 255 255 152 255 130 255 255 255 255 191
    128 255 255 222 131 255 255 207 255 255 186 234 187 138 255 231 255
    255 187 255 255 135 192 161 255 255 255 139 246 243 252 255</data></your_img>
</opencv_storage>
