<?xml version="1.0"?>
<opencv_storage>
<L2_diff>4365.6430225111171</L2_diff>
<hue>60</hue>
<sensitivity>10</sensitivity>
<test_foreg type_id="opencv-matrix">
  <rows>30</rows>
  <cols>20</cols>
  <dt>"3u"</dt>
  <data>
    142 179 174 219 108 246 87 67 37 7 87 191 222 121 146 252 8 76 7 74
    34 128 148 33 108 141 129 125 226 118 228 142 68 159 56 154 84 57 26
    136 43 195 106 134 83 91 53 189 150 95 44 106 169 71 23 220 50 110
    43 91 64 176 10 191 54 72 188 80 100 92 211 197 110 171 226 97 89
    249 13 251 51 251 203 41 29 60 29 177 218 132 14 69 119 171 87 221
    163 225 251 73 174 149 217 145 254 118 242 132 229 197 109 219 82 24
    24 18 210 85 79 71 178 98 131 23 52 52 65 185 18 64 85 195 253 127
    46 129 128 202 253 91 105 113 254 15 82 172 215 255 223 228 192 77
    179 117 4 245 67 240 35 246 134 72 103 121 15 106 190 70 59 15 223
    125 71 100 185 89 30 161 141 34 167 181 58 44 212 111 37 12 209 45
    197 3 105 227 161 48 120 112 195 51 165 171 209 182 133 169 94 129
    205 112 68 234 147 107 50 118 126 91 235 225 69 105 51 222 166 188
    198 42 21 99 10 155 8 28 95 246 213 163 222 163 50 233 97 24 219 179
    55 67 254 154 68 173 222 226 78 194 188 19 120 165 181 1 3 158 193
    91 199 185 16 66 254 127 114 229 145 201 138 13 154 174 141 36 174
    45 22 109 243 96 204 199 103 65 15 133 137 217 251 186 241 51 181
    116 120 129 203 151 192 230 184 46 187 254 231 176 108 245 229 165
    133 230 4 26 185 73 241 28 209 156 177 230 40 221 20 222 111 74 228
    202 162 8 96 230 28 97 180 247 55 178 227 83 114 78 141 104 151 128
    66 202 29 50 223 240 81 173 94 234 211 244 59 205 29 233 55 191 118
    56 125 84 45 89 49 168 245 28 107 131 44 84 198 169 249 155 144 42
    194 141 224 212 187 48 156 35 64 119 101 191 236 136 92 50 194 76 62
    204 122 34 178 22 121 115 95 56 191 125 43 214 159 51 255 95 150 170
    190 252 207 170 107 67 11 3 75 203 123 94 49 156 220 66 223 94 179
    48 46 55 105 230 175 196 254 3 83 86 131 124 6 68 208 81 90 10 169
    194 81 57 23 5 26 133 197 125 58 3 134 66 121 11 184 225 145 137 233
    72 101 161 227 86 229 167 221 66 238 37 51 210 92 206 19 36 63 60 13
    198 52 214 77 217 69 86 186 109 110 67 88 62 46 219 255 35 246 74
    136 22 213 213 194 123 50 86 146 59 238 23 94 9 220 124 68 110 142
    109 47 174 4 216 23 22 89 15 93 199 40 150 229 218 117 217 52 203 56
    90 56 16 121 177 236 165 69 85 98 248 15 101 178 47 124 130 154 49
    26 174 67 27 163 209 120 117 59 138 87 233 145 88 79 150 100 29 79
    180 98 231 210 80 135 57 175 71 153 199 176 206 143 118 66 12 106 93
    17 172 24 16 199 40 70 86 195 111 23 97 195 26 201 151 55 51 88 143
    73 172 249 42 161 229 88 228 66 190 145 240 63 157 241 97 182 66 9
    231 203 77 237 180 55 184 89 131 232 38 186 32 107 173 200 22 88 151
    248 243 162 253 252 62 129 201 106 147 96 112 236 217 68 119 69 41 4
    247 228 134 194 181 121 162 104 85 152 151 243 176 32 55 94 254 130
    82 119 155 19 192 57 108 47 240 247 210 253 76 21 44 50 70 114 204
    213 160 169 14 138 250 126 222 157 28 7 50 43 239 188 174 129 63 247
    151 212 169 104 207 112 196 76 82 229 187 167 135 250 164 96 143 140
    52 165 70 139 81 67 191 82 121 224 126 194 5 86 200 111 31 93 237
    150 23 97 79 15 234 0 170 10 168 55 109 33 105 121 121 7 212 109 243
    253 174 205 102 125 88 6 163 203 129 235 20 73 22 112 27 164 109 63
    179 49 21 216 125 21 155 131 215 54 171 80 76 28 109 163 112 85 34
    121 221 208 107 39 183 224 213 47 69 193 132 79 135 69 75 8 240 55
    41 160 118 248 88 126 231 236 232 103 127 15 21 178 251 23 213 86
    229 127 14 136 54 125 149 145 54 130 124 35 133 213 174 113 181 45
    139 147 236 76 229 155 212 161 219 224 138 10 130 130 52 57 42 133
    188 162 31 122 171 239 144 174 92 96 218 247 249 248 182 161 180 240
    13 129 209 78 190 167 180 92 126 128 29 32 191 181 191 178 159 126
    235 255 155 105 161 239 174 145 117 229 136 174 31 192 37 31 182 83
    166 201 145 239 220 58 180 125 128 237 65 32 2 128 209 173 220 160
    117 94 103 90 127 140 89 180 225 31 192 159 180 169 23 9 0 234 194
    63 190 80 236 124 190 61 192 194 238 207 12 148 101 80 39 53 207 68
    12 120 53 252 146 25 49 245 186 180 78 64 251 67 129 138 34 228 119
    135 148 148 149 66 179 185 22 230 127 222 81 34 119 202 157 168 158
    188 6 216 95 20 153 41 171 140 184 175 46 56 7 170 119 70 186 124
    161 221 176 44 166 65 48 32 1 42 118 14 247 190 81 176 3 8 218 212
    113 82 85 45 46 215 109 84 51 19 201 118 36 201 179 217 113 251 218
    218 188 151 181 103 125 245 67 146 176 134 235 228 0 96 111 57 1 153
    118 206 171 122 190 196 246 238 43 249 111 181 115 150 10 69 160 191
    214 232 80 182 209 143 176 191 43 247 189 81 157 202 120 221 243 229
    249 160 46 207 64 195 86 212 18 217 141 174 90 17 211 85 62 30 95 24
    97 225 228 144 236 126 154 178 239 211 179 33 105 152 254 56 181 28
    104 9 108 222 250 64 74 164 131 243 60 39 230 200 26 143 17 142 99
    89 61 129 200 246 23 55 129 106 234 99 82 231 131 241 184 147 173 47
    45 130 99 129 6 114 137 88 227 53 105 249 103 246 170 238 155 34 44
    205 42 2 177 168 103 226 11 10 242 235 242 31 152 205 7 187 166 13
    51 74 238 152 125 133 202 215 145 67 152 69 78 86 4 132 230 69 58
    230 187 144 237 10 110 109 134 241 50 169 60 244 123 249 80 253 33
    141 192 175 231 112 221 252 31 203 150 190 232 13 71 188 174 136 16
    186 152 20 230 146 102 172 201 188 99 113 25 41 140 212 70 248 121
    68 69 45 29 143 184 144 7 30 151 130 82 129 147 66 1 126 150 102 96
    176 105 111 138 52 113 4 94 100 189 253 37 10 167 238 114 1 156 56
    184 13 34 61 226 214 207 101 38 235 29 103 48 111 47 170 238 107 168
    62 134 88 235 88 123 243 41 82 225 21 75 216 197 217 112 38 12 252
    216 101 20 84 45 176 192 112 248 220 67 48 102 31 121 47 108 93 199
    106 207 129 135 16 246 177 250 237 26 115 46 106 45 86 127 134 198
    14 87 179 150 206 67 161 250 209 92 90 249 127 187 229 241 149 183
    137 104 148 61 157 199 246 239 191 135 47 66 103 166 13 80 213 195
    105 99 218 16 233 159 183 9 172 22 178 134 148 177 121 95 174 11 119
    96 182 70 146 154 10 91 100 175 176 102 122 86 159 184 226 37 69 176
    61 243 255 149 75 185 1 118 150 85 163 25 113 61 211 252 112 173 174
    64 177 83 160 55 242 243 232 123 129 52 239 155 160 74 141 244 78 33
    247 37 185 228 223 188 255 72 138 156 180 32 138 77 87 156 35 118 18
    195 115 111 160 84 243 2 213 235 174 118 83 10 80 172 170 87 162 20
    1 95 44 128 230 121 186 151 134 109 81 86 234 80 165 51 173 232 9
    224 206 237 5 162 144 6 37 142 36 206 137 153 222 9 205 110 175 192
    88 177 184 68 126 158 77 187 195 218 248 168 184 134 240 73 186 85
    161 242 146 152 237 110 82 202 126 30 101 64 241 222 241 243 192 207
    106 164 95 20 82 199 221 183 230 49 174 131 201 68 0 76 1 198 196 55
    37 51 52 66 67 189 0 106 159 67 232 40 192 23 37 126 254 79 141 69
    220 132 73 151 197 98 214 108 6 185 193 225 200 46 35 126 17 189 154
    166 113 70 169 210 27 155 56 32 116 165 30 70 48 35 249 205 211 252
    37 209 83 211 234 67 110 240 34 70</data></test_foreg>
<test_backg type_id="opencv-matrix">
  <rows>60</rows>
  <cols>40</cols>
  <dt>"3u"</dt>
  <data>
    128 128 128 128 128 128 128 128 128 128 128 128 128 128 128 128 128
    128 128 128 128 128 128 128 128 128 128 128 128 128 128 128 128 128
    128 128 128 128 128 128 128 128 128 128 128 128 128 128 128 128 128
    128 128 128 128 128 128 128 128 128 128 128 128 128 128 128 128 128
    128 128 128 128 128 128 128 128 128 128 128 128 128 128 128 128 128
    128 128 128 128 128 128 128 128 128 128 128 128 128 128 128 128 128
    128 128 128 128 128 128 128 128 128 128 128 128 128 128 128 128 128
    128 128 128 128 128 128 128 128 128 128 128 128 128 128 128 128 128
    128 128 128 128 128 128 128 128 128 128 128 128 128 128 128 128 128
    128 128 128 128 128 128 128 128 128 128 128 128 128 128 128 128 128
    128 128 128 128 128 128 128 128 128 128 128 128 128 128 128 128 128
    128 128 128 128 128 128 128 128 128 128 128 128 128 128 128 128 128
    128 128 128 128 128 128 128 128 128 128 128 128 128 128 128 128 128
    128 128 128 128 128 128 128 128 128 128 128 128 128 128 128 128 128
    128 128 128 128 128 128 128 128 128 128 128 128 128 128 128 128 128
    128 128 128 128 128 128 128 128 128 128 128 128 128 128 128 128 128
    128 128 128 128 128 128 128 128 128 128 128 128 128 128 128 128 128
    128 128 128 128 128 128 128 128 128 128 128 128 128 128 128 128 128
    128 128 128 128 128 128 128 128 128 128 128 128 128 128 128 128 128
    128 128 128 128 128 128 128 128 128 128 128 128 128 128 128 128 128
    128 128 128 128 128 128 128 128 128 128 128 128 128 128 128 128 128
    128 128 128 128 128 128 128 128 128 128 128 128 128 128 128 128 128
    128 128 128 128 128 128 128 128 128 128 128 128 128 128 128 128 128
    128 128 128 128 128 128 128 128 128 128 128 128 128 128 128 128 128
    128 128 128 128 128 128 128 128 128 128 128 128 128 128 128 128 128
    128 128 128 128 128 128 128 128 128 128 128 128 128 128 128 128 128
    128 128 128 128 128 128 128 128 128 128 128 128 128 128 128 128 128
    128 128 128 128 128 128 128 128 128 128 128 128 128 128 128 128 128
    128 128 128 128 128 128 128 128 128 128 128 128 128 128 128 128 128
    128 128 128 128 128 128 128 128 128 128 128 128 128 128 128 128 128
    128 128 128 128 128 128 128 128 128 128 128 128 128 128 128 128 128
    128 128 128 128 128 128 128 128 128 128 128 128 128 128 128 128 128
    128 128 128 128 128 128 128 128 128 128 128 128 128 128 128 128 128
    128 128 128 128 128 128 128 128 128 128 128 128 128 128 128 128 128
    128 128 128 128 128 128 128 128 128 128 128 128 128 128 128 128 128
    128 128 128 128 128 128 128 128 128 128 128 128 128 128 128 128 128
    128 128 128 128 128 128 128 128 128 128 128 128 128 128 128 128 128
    128 128 128 128 128 128 128 128 128 128 128 128 128 128 128 128 128
    128 128 128 128 128 128 128 128 128 128 128 128 128 128 128 128 128
    128 128 128 128 128 128 128 128 128 128 128 128 128 128 128 128 128
    128 128 128 128 128 128 128 128 128 128 128 128 128 128 128 128 128
    128 128 128 128 128 128 128 128 128 128 128 128 128 128 128 128 128
    128 128 128 128 128 128 128 128 128 128 128 128 128 128 128 128 128
    128 128 128 128 128 128 128 128 128 128 128 128 128 128 128 128 128
    128 128 128 128 128 128 128 128 128 128 128 128 128 128 128 128 128
    128 128 128 128 128 128 128 128 128 128 128 128 128 128 128 128 128
    128 128 128 128 128 128 128 128 128 128 128 128 128 128 128 128 128
    128 128 128 128 128 128 128 128 128 128 128 128 128 128 128 128 128
    128 128 128 128 128 128 128 128 128 128 128 128 128 128 128 128 128
    128 128 128 128 128 128 128 128 128 128 128 128 128 128 128 128 128
    128 128 128 128 128 128 128 128 128 128 128 128 128 128 128 128 128
    128 128 128 128 128 128 128 128 128 128 128 128 128 128 128 128 128
    128 128 128 128 128 128 128 128 128 128 128 128 128 128 128 128 128
    128 128 128 128 128 128 128 128 128 128 128 128 128 128 128 128 128
    128 128 128 128 128 128 128 128 128 128 128 128 128 128 128 128 128
    128 128 128 128 128 128 128 128 128 128 128 128 128 128 128 128 128
    128 128 128 128 128 128 128 128 128 128 128 128 128 128 128 128 128
    128 128 128 128 128 128 128 128 128 128 128 128 128 128 128 128 128
    128 128 128 128 128 128 128 128 128 128 128 128 128 128 128 128 128
    128 128 128 128 128 128 128 128 128 128 128 128 128 128 128 128 128
    128 128 128 128 128 128 128 128 128 128 128 128 128 128 128 128 128
    128 128 128 128 128 128 128 128 128 128 128 128 128 128 128 128 128
    128 128 128 128 128 128 128 128 128 128 128 128 128 128 128 128 128
    128 128 128 128 128 128 128 128 128 128 128 128 128 128 128 128 128
    128 128 128 128 128 128 128 128 128 128 128 128 128 128 128 128 128
    128 128 128 128 128 128 128 128 128 128 128 128 128 128 128 128 128
    128 128 128 128 128 128 128 128 128 128 128 128 128 128 128 128 128
    128 128 128 128 128 128 128 128 128 128 128 128 128 128 128 128 128
    128 128 128 128 128 128 128 128 128 128 128 128 128 128 128 128 128
    128 128 128 128 128 128 128 128 128 128 128 128 128 128 128 128 128
    128 128 128 128 128 128 128 128 128 128 128 128 128 128 128 128 128
    128 128 128 128 128 128 128 128 128 128 128 128 128 128 128 128 128
    128 128 128 128 128 128 128 128 128 128 128 128 128 128 128 128 128
    128 128 128 128 128 128 128 128 128 128 128 128 128 128 128 128 128
    128 128 128 128 128 128 128 128 128 128 128 128 128 128 128 128 128
    128 128 128 128 128 128 128 128 128 128 128 128 128 128 128 128 128
    128 128 128 128 128 128 128 128 128 128 128 128 128 128 128 128 128
    128 128 128 128 128 128 128 128 128 128 128 128 128 128 128 128 128
    128 128 128 128 128 128 128 128 128 128 128 128 128 128 128 128 128
    128 128 128 128 128 128 128 128 128 128 128 128 128 128 128 128 128
    128 128 128 128 128 128 128 128 128 128 128 128 128 128 128 128 128
    128 128 128 128 128 128 128 128 128 128 128 128 128 128 128 128 128
    128 128 128 128 128 128 128 128 128 128 128 128 128 128 128 128 128
    128 128 128 128 128 128 128 128 128 128 128 128 128 128 128 128 128
    128 128 128 128 128 128 128 128 128 128 128 128 128 128 128 128 128
    128 128 128 128 128 128 128 128 128 128 128 128 128 128 128 128 128
    128 128 128 128 128 128 128 128 128 128 128 128 128 128 128 128 128
    128 128 128 128 128 128 128 128 128 128 128 128 128 128 128 128 128
    128 128 128 128 128 128 128 128 128 128 128 128 128 128 128 128 128
    128 128 128 128 128 128 128 128 128 128 128 128 128 128 128 128 128
    128 128 128 128 128 128 128 128 128 128 128 128 128 128 128 128 128
    128 128 128 128 128 128 128 128 128 128 128 128 128 128 128 128 128
    128 128 128 128 128 128 128 128 128 128 128 128 128 128 128 128 128
    128 128 128 128 128 128 128 128 128 128 128 128 128 128 128 128 128
    128 128 128 128 128 128 128 128 128 128 128 128 128 128 128 128 128
    128 128 128 128 128 128 128 128 128 128 128 128 128 128 128 128 128
    128 128 128 128 128 128 128 128 128 128 128 128 128 128 128 128 128
    128 128 128 128 128 128 128 128 128 128 128 128 128 128 128 128 128
    128 128 128 128 128 128 128 128 128 128 128 128 128 128 128 128 128
    128 128 128 128 128 128 128 128 128 128 128 128 128 128 128 128 128
    128 128 128 128 128 128 128 128 128 128 128 128 128 128 128 128 128
    128 128 128 128 128 128 128 128 128 128 128 128 128 128 128 128 128
    128 128 128 128 128 128 128 128 128 128 128 128 128 128 128 128 128
    128 128 128 128 128 128 128 128 128 128 128 128 128 128 128 128 128
    128 128 128 128 128 128 128 128 128 128 128 128 128 128 128 128 128
    128 128 128 128 128 128 128 128 128 128 128 128 128 128 128 128 128
    128 128 128 128 128 128 128 128 128 128 128 128 128 128 128 128 128
    128 128 128 128 128 128 128 128 128 128 128 128 128 128 128 128 128
    128 128 128 128 128 128 128 128 128 128 128 128 128 128 128 128 128
    128 128 128 128 128 128 128 128 128 128 128 128 128 128 128 128 128
    128 128 128 128 128 128 128 128 128 128 128 128 128 128 128 128 128
    128 128 128 128 128 128 128 128 128 128 128 128 128 128 128 128 128
    128 128 128 128 128 128 128 128 128 128 128 128 128 128 128 128 128
    128 128 128 128 128 128 128 128 128 128 128 128 128 128 128 128 128
    128 128 128 128 128 128 128 128 128 128 128 128 128 128 128 128 128
    128 128 128 128 128 128 128 128 128 128 128 128 128 128 128 128 128
    128 128 128 128 128 128 128 128 128 128 128 128 128 128 128 128 128
    128 128 128 128 128 128 128 128 128 128 128 128 128 128 128 128 128
    128 128 128 128 128 128 128 128 128 128 128 128 128 128 128 128 128
    128 128 128 128 128 128 128 128 128 128 128 128 128 128 128 128 128
    128 128 128 128 128 128 128 128 128 128 128 128 128 128 128 128 128
    128 128 128 128 128 128 128 128 128 128 128 128 128 128 128 128 128
    128 128 128 128 128 128 128 128 128 128 128 128 128 128 128 128 128
    128 128 128 128 128 128 128 128 128 128 128 128 128 128 128 128 128
    128 128 128 128 128 128 128 128 128 128 128 128 128 128 128 128 128
    128 128 128 128 128 128 128 128 128 128 128 128 128 128 128 128 128
    128 128 128 128 128 128 128 128 128 128 128 128 128 128 128 128 128
    128 128 128 128 128 128 128 128 128 128 128 128 128 128 128 128 128
    128 128 128 128 128 128 128 128 128 128 128 128 128 128 128 128 128
    128 128 128 128 128 128 128 128 128 128 128 128 128 128 128 128 128
    128 128 128 128 128 128 128 128 128 128 128 128 128 128 128 128 128
    128 128 128 128 128 128 128 128 128 128 128 128 128 128 128 128 128
    128 128 128 128 128 128 128 128 128 128 128 128 128 128 128 128 128
    128 128 128 128 128 128 128 128 128 128 128 128 128 128 128 128 128
    128 128 128 128 128 128 128 128 128 128 128 128 128 128 128 128 128
    128 128 128 128 128 128 128 128 128 128 128 128 128 128 128 128 128
    128 128 128 128 128 128 128 128 128 128 128 128 128 128 128 128 128
    128 128 128 128 128 128 128 128 128 128 128 128 128 128 128 128 128
    128 128 128 128 128 128 128 128 128 128 128 128 128 128 128 128 128
    128 128 128 128 128 128 128 128 128 128 128 128 128 128 128 128 128
    128 128 128 128 128 128 128 128 128 128 128 128 128 128 128 128 128
    128 128 128 128 128 128 128 128 128 128 128 128 128 128 128 128 128
    128 128 128 128 128 128 128 128 128 128 128 128 128 128 128 128 128
    128 128 128 128 128 128 128 128 128 128 128 128 128 128 128 128 128
    128 128 128 128 128 128 128 128 128 128 128 128 128 128 128 128 128
    128 128 128 128 128 128 128 128 128 128 128 128 128 128 128 128 128
    128 128 128 128 128 128 128 128 128 128 128 128 128 128 128 128 128
    128 128 128 128 128 128 128 128 128 128 128 128 128 128 128 128 128
    128 128 128 128 128 128 128 128 128 128 128 128 128 128 128 128 128
    128 128 128 128 128 128 128 128 128 128 128 128 128 128 128 128 128
    128 128 128 128 128 128 128 128 128 128 128 128 128 128 128 128 128
    128 128 128 128 128 128 128 128 128 128 128 128 128 128 128 128 128
    128 128 128 128 128 128 128 128 128 128 128 128 128 128 128 128 128
    128 128 128 128 128 128 128 128 128 128 128 128 128 128 128 128 128
    128 128 128 128 128 128 128 128 128 128 128 128 128 128 128 128 128
    128 128 128 128 128 128 128 128 128 128 128 128 128 128 128 128 128
    128 128 128 128 128 128 128 128 128 128 128 128 128 128 128 128 128
    128 128 128 128 128 128 128 128 128 128 128 128 128 128 128 128 128
    128 128 128 128 128 128 128 128 128 128 128 128 128 128 128 128 128
    128 128 128 128 128 128 128 128 128 128 128 128 128 128 128 128 128
    128 128 128 128 128 128 128 128 128 128 128 128 128 128 128 128 128
    128 128 128 128 128 128 128 128 128 128 128 128 128 128 128 128 128
    128 128 128 128 128 128 128 128 128 128 128 128 128 128 128 128 128
    128 128 128 128 128 128 128 128 128 128 128 128 128 128 128 128 128
    128 128 128 128 128 128 128 128 128 128 128 128 128 128 128 128 128
    128 128 128 128 128 128 128 128 128 128 128 128 128 128 128 128 128
    128 128 128 128 128 128 128 128 128 128 128 128 128 128 128 128 128
    128 128 128 128 128 128 128 128 128 128 128 128 128 128 128 128 128
    128 128 128 128 128 128 128 128 128 128 128 128 128 128 128 128 128
    128 128 128 128 128 128 128 128 128 128 128 128 128 128 128 128 128
    128 128 128 128 128 128 128 128 128 128 128 128 128 128 128 128 128
    128 128 128 128 128 128 128 128 128 128 128 128 128 128 128 128 128
    128 128 128 128 128 128 128 128 128 128 128 128 128 128 128 128 128
    128 128 128 128 128 128 128 128 128 128 128 128 128 128 128 128 128
    128 128 128 128 128 128 128 128 128 128 128 128 128 128 128 128 128
    128 128 128 128 128 128 128 128 128 128 128 128 128 128 128 128 128
    128 128 128 128 128 128 128 128 128 128 128 128 128 128 128 128 128
    128 128 128 128 128 128 128 128 128 128 128 128 128 128 128 128 128
    128 128 128 128 128 128 128 128 128 128 128 128 128 128 128 128 128
    128 128 128 128 128 128 128 128 128 128 128 128 128 128 128 128 128
    128 128 128 128 128 128 128 128 128 128 128 128 128 128 128 128 128
    128 128 128 128 128 128 128 128 128 128 128 128 128 128 128 128 128
    128 128 128 128 128 128 128 128 128 128 128 128 128 128 128 128 128
    128 128 128 128 128 128 128 128 128 128 128 128 128 128 128 128 128
    128 128 128 128 128 128 128 128 128 128 128 128 128 128 128 128 128
    128 128 128 128 128 128 128 128 128 128 128 128 128 128 128 128 128
    128 128 128 128 128 128 128 128 128 128 128 128 128 128 128 128 128
    128 128 128 128 128 128 128 128 128 128 128 128 128 128 128 128 128
    128 128 128 128 128 128 128 128 128 128 128 128 128 128 128 128 128
    128 128 128 128 128 128 128 128 128 128 128 128 128 128 128 128 128
    128 128 128 128 128 128 128 128 128 128 128 128 128 128 128 128 128
    128 128 128 128 128 128 128 128 128 128 128 128 128 128 128 128 128
    128 128 128 128 128 128 128 128 128 128 128 128 128 128 128 128 128
    128 128 128 128 128 128 128 128 128 128 128 128 128 128 128 128 128
    128 128 128 128 128 128 128 128 128 128 128 128 128 128 128 128 128
    128 128 128 128 128 128 128 128 128 128 128 128 128 128 128 128 128
    128 128 128 128 128 128 128 128 128 128 128 128 128 128 128 128 128
    128 128 128 128 128 128 128 128 128 128 128 128 128 128 128 128 128
    128 128 128 128 128 128 128 128 128 128 128 128 128 128 128 128 128
    128 128 128 128 128 128 128 128 128 128 128 128 128 128 128 128 128
    128 128 128 128 128 128 128 128 128 128 128 128 128 128 128 128 128
    128 128 128 128 128 128 128 128 128 128 128 128 128 128 128 128 128
    128 128 128 128 128 128 128 128 128 128 128 128 128 128 128 128 128
    128 128 128 128 128 128 128 128 128 128 128 128 128 128 128 128 128
    128 128 128 128 128 128 128 128 128 128 128 128 128 128 128 128 128
    128 128 128 128 128 128 128 128 128 128 128 128 128 128 128 128 128
    128 128 128 128 128 128 128 128 128 128 128 128 128 128 128 128 128
    128 128 128 128 128 128 128 128 128 128 128 128 128 128 128 128 128
    128 128 128 128 128 128 128 128 128 128 128 128 128 128 128 128 128
    128 128 128 128 128 128 128 128 128 128 128 128 128 128 128 128 128
    128 128 128 128 128 128 128 128 128 128 128 128 128 128 128 128 128
    128 128 128 128 128 128 128 128 128 128 128 128 128 128 128 128 128
    128 128 128 128 128 128 128 128 128 128 128 128 128 128 128 128 128
    128 128 128 128 128 128 128 128 128 128 128 128 128 128 128 128 128
    128 128 128 128 128 128 128 128 128 128 128 128 128 128 128 128 128
    128 128 128 128 128 128 128 128 128 128 128 128 128 128 128 128 128
    128 128 128 128 128 128 128 128 128 128 128 128 128 128 128 128 128
    128 128 128 128 128 128 128 128 128 128 128 128 128 128 128 128 128
    128 128 128 128 128 128 128 128 128 128 128 128 128 128 128 128 128
    128 128 128 128 128 128 128 128 128 128 128 128 128 128 128 128 128
    128 128 128 128 128 128 128 128 128 128 128 128 128 128 128 128 128
    128 128 128 128 128 128 128 128 128 128 128 128 128 128 128 128 128
    128 128 128 128 128 128 128 128 128 128 128 128 128 128 128 128 128
    128 128 128 128 128 128 128 128 128 128 128 128 128 128 128 128 128
    128 128 128 128 128 128 128 128 128 128 128 128 128 128 128 128 128
    128 128 128 128 128 128 128 128 128 128 128 128 128 128 128 128 128
    128 128 128 128 128 128 128 128 128 128 128 128 128 128 128 128 128
    128 128 128 128 128 128 128 128 128 128 128 128 128 128 128 128 128
    128 128 128 128 128 128 128 128 128 128 128 128 128 128 128 128 128
    128 128 128 128 128 128 128 128 128 128 128 128 128 128 128 128 128
    128 128 128 128 128 128 128 128 128 128 128 128 128 128 128 128 128
    128 128 128 128 128 128 128 128 128 128 128 128 128 128 128 128 128
    128 128 128 128 128 128 128 128 128 128 128 128 128 128 128 128 128
    128 128 128 128 128 128 128 128 128 128 128 128 128 128 128 128 128
    128 128 128 128 128 128 128 128 128 128 128 128 128 128 128 128 128
    128 128 128 128 128 128 128 128 128 128 128 128 128 128 128 128 128
    128 128 128 128 128 128 128 128 128 128 128 128 128 128 128 128 128
    128 128 128 128 128 128 128 128 128 128 128 128 128 128 128 128 128
    128 128 128 128 128 128 128 128 128 128 128 128 128 128 128 128 128
    128 128 128 128 128 128 128 128 128 128 128 128 128 128 128 128 128
    128 128 128 128 128 128 128 128 128 128 128 128 128 128 128 128 128
    128 128 128 128 128 128 128 128 128 128 128 128 128 128 128 128 128
    128 128 128 128 128 128 128 128 128 128 128 128 128 128 128 128 128
    128 128 128 128 128 128 128 128 128 128 128 128 128 128 128 128 128
    128 128 128 128 128 128 128 128 128 128 128 128 128 128 128 128 128
    128 128 128 128 128 128 128 128 128 128 128 128 128 128 128 128 128
    128 128 128 128 128 128 128 128 128 128 128 128 128 128 128 128 128
    128 128 128 128 128 128 128 128 128 128 128 128 128 128 128 128 128
    128 128 128 128 128 128 128 128 128 128 128 128 128 128 128 128 128
    128 128 128 128 128 128 128 128 128 128 128 128 128 128 128 128 128
    128 128 128 128 128 128 128 128 128 128 128 128 128 128 128 128 128
    128 128 128 128 128 128 128 128 128 128 128 128 128 128 128 128 128
    128 128 128 128 128 128 128 128 128 128 128 128 128 128 128 128 128
    128 128 128 128 128 128 128 128 128 128 128 128 128 128 128 128 128
    128 128 128 128 128 128 128 128 128 128 128 128 128 128 128 128 128
    128 128 128 128 128 128 128 128 128 128 128 128 128 128 128 128 128
    128 128 128 128 128 128 128 128 128 128 128 128 128 128 128 128 128
    128 128 128 128 128 128 128 128 128 128 128 128 128 128 128 128 128
    128 128 128 128 128 128 128 128 128 128 128 128 128 128 128 128 128
    128 128 128 128 128 128 128 128 128 128 128 128 128 128 128 128 128
    128 128 128 128 128 128 128 128 128 128 128 128 128 128 128 128 128
    128 128 128 128 128 128 128 128 128 128 128 128 128 128 128 128 128
    128 128 128 128 128 128 128 128 128 128 128 128 128 128 128 128 128
    128 128 128 128 128 128 128 128 128 128 128 128 128 128 128 128 128
    128 128 128 128 128 128 128 128 128 128 128 128 128 128 128 128 128
    128 128 128 128 128 128 128 128 128 128 128 128 128 128 128 128 128
    128 128 128 128 128 128 128 128 128 128 128 128 128 128 128 128 128
    128 128 128 128 128 128 128 128 128 128 128 128 128 128 128 128 128
    128 128 128 128 128 128 128 128 128 128 128 128 128 128 128 128 128
    128 128 128 128 128 128 128 128 128 128 128 128 128 128 128 128 128
    128 128 128 128 128 128 128 128 128 128 128 128 128 128 128 128 128
    128 128 128 128 128 128 128 128 128 128 128 128 128 128 128 128 128
    128 128 128 128 128 128 128 128 128 128 128 128 128 128 128 128 128
    128 128 128 128 128 128 128 128 128 128 128 128 128 128 128 128 128
    128 128 128 128 128 128 128 128 128 128 128 128 128 128 128 128 128
    128 128 128 128 128 128 128 128 128 128 128 128 128 128 128 128 128
    128 128 128 128 128 128 128 128 128 128 128 128 128 128 128 128 128
    128 128 128 128 128 128 128 128 128 128 128 128 128 128 128 128 128
    128 128 128 128 128 128 128 128 128 128 128 128 128 128 128 128 128
    128 128 128 128 128 128 128 128 128 128 128 128 128 128 128 128 128
    128 128 128 128 128 128 128 128 128 128 128 128 128 128 128 128 128
    128 128 128 128 128 128 128 128 128 128 128 128 128 128 128 128 128
    128 128 128 128 128 128 128 128 128 128 128 128 128 128 128 128 128
    128 128 128 128 128 128 128 128 128 128 128 128 128 128 128 128 128
    128 128 128 128 128 128 128 128 128 128 128 128 128 128 128 128 128
    128 128 128 128 128 128 128 128 128 128 128 128 128 128 128 128 128
    128 128 128 128 128 128 128 128 128 128 128 128 128 128 128 128 128
    128 128 128 128 128 128 128 128 128 128 128 128 128 128 128 128 128
    128 128 128 128 128 128 128 128 128 128 128 128 128 128 128 128 128
    128 128 128 128 128 128 128 128 128 128 128 128 128 128 128 128 128
    128 128 128 128 128 128 128 128 128 128 128 128 128 128 128 128 128
    128 128 128 128 128 128 128 128 128 128 128 128 128 128 128 128 128
    128 128 128 128 128 128 128 128 128 128 128 128 128 128 128 128 128
    128 128 128 128 128 128 128 128 128 128 128 128 128 128 128 128 128
    128 128 128 128 128 128 128 128 128 128 128 128 128 128 128 128 128
    128 128 128 128 128 128 128 128 128 128 128 128 128 128 128 128 128
    128 128 128 128 128 128 128 128 128 128 128 128 128 128 128 128 128
    128 128 128 128 128 128 128 128 128 128 128 128 128 128 128 128 128
    128 128 128 128 128 128 128 128 128 128 128 128 128 128 128 128 128
    128 128 128 128 128 128 128 128 128 128 128 128 128 128 128 128 128
    128 128 128 128 128 128 128 128 128 128 128 128 128 128 128 128 128
    128 128 128 128 128 128 128 128 128 128 128 128 128 128 128 128 128
    128 128 128 128 128 128 128 128 128 128 128 128 128 128 128 128 128
    128 128 128 128 128 128 128 128 128 128 128 128 128 128 128 128 128
    128 128 128 128 128 128 128 128 128 128 128 128 128 128 128 128 128
    128 128 128 128 128 128 128 128 128 128 128 128 128 128 128 128 128
    128 128 128 128 128 128 128 128 128 128 128 128 128 128 128 128 128
    128 128 128 128 128 128 128 128 128 128 128 128 128 128 128 128 128
    128 128 128 128 128 128 128 128 128 128 128 128 128 128 128 128 128
    128 128 128 128 128 128 128 128 128 128 128 128 128 128 128 128 128
    128 128 128 128 128 128 128 128 128 128 128 128 128 128 128 128 128
    128 128 128 128 128 128 128 128 128 128 128 128 128 128 128 128 128
    128 128 128 128 128 128 128 128 128 128 128 128 128 128 128 128 128
    128 128 128 128 128 128 128 128 128 128 128 128 128 128 128 128 128
    128 128 128 128 128 128 128 128 128 128 128 128 128 128 128 128 128
    128 128 128 128 128 128 128 128 128 128 128 128 128 128 128 128 128
    128 128 128 128 128 128 128 128 128 128 128 128 128 128 128 128 128
    128 128 128 128 128 128 128 128 128 128 128 128 128 128 128 128 128
    128 128 128 128 128 128 128 128 128 128 128 128 128 128 128 128 128
    128 128 128 128 128 128 128 128 128 128 128 128 128 128 128 128 128
    128 128 128 128 128 128 128 128 128 128 128 128 128 128 128 128 128
    128 128 128 128 128 128 128 128 128 128 128 128 128 128 128 128 128
    128 128 128 128 128 128 128 128 128 128 128 128 128 128 128 128 128
    128 128 128 128 128 128 128 128 128 128 128 128 128 128 128 128 128
    128 128 128 128 128 128 128 128 128 128 128 128 128 128 128 128 128
    128 128 128 128 128 128 128 128 128 128 128 128 128 128 128 128 128
    128 128 128 128 128 128 128 128 128 128 128 128 128 128 128 128 128
    128 128 128 128 128 128 128 128 128 128 128 128 128 128 128 128 128
    128 128 128 128 128 128 128 128 128 128 128 128 128 128 128 128 128
    128 128 128 128 128 128 128 128 128 128 128 128 128 128 128 128 128
    128 128 128 128 128 128 128 128 128 128 128 128 128 128 128 128 128
    128 128 128 128 128 128 128 128 128 128 128 128 128 128 128 128 128
    128 128 128 128 128 128 128 128 128 128 128 128 128 128 128 128 128
    128 128 128 128 128 128 128 128 128 128 128 128 128 128 128 128 128
    128 128 128 128 128 128 128 128 128 128 128 128 128 128 128 128 128
    128 128 128 128 128 128 128 128 128 128 128 128 128 128 128 128 128
    128 128 128 128 128 128 128 128 128 128 128 128 128 128 128 128 128
    128 128 128 128 128 128 128 128 128 128 128 128 128 128 128 128 128
    128 128 128 128 128 128 128 128 128 128 128 128 128 128 128 128 128
    128 128 128 128 128 128 128 128 128 128 128 128 128 128 128 128 128
    128 128 128 128 128 128 128 128 128 128 128 128 128 128 128 128 128
    128 128 128 128 128 128 128 128 128 128 128 128 128 128 128 128 128
    128 128 128 128 128 128 128 128 128 128 128 128 128 128 128 128 128
    128 128 128 128 128 128 128 128 128 128 128 128 128 128 128 128 128
    128 128 128 128 128 128 128 128 128 128 128 128 128 128 128 128 128
    128 128 128 128 128 128 128 128 128 128 128 128 128 128 128 128 128
    128 128 128 128 128 128 128 128 128 128 128 128 128 128 128 128 128
    128 128 128 128 128 128 128 128 128 128 128 128 128 128 128 128 128
    128 128 128 128 128 128 128 128 128 128 128 128 128 128 128 128 128
    128 128 128 128 128 128 128 128 128 128 128 128 128 128 128 128 128
    128 128 128 128 128 128 128 128 128 128 128 128 128 128 128 128 128
    128 128 128 128 128 128 128 128 128 128 128 128 128 128 128 128 128
    128 128 128 128 128 128 128 128 128 128 128 128 128 128 128 128 128
    128 128 128 128 128 128 128 128 128 128 128 128 128 128 128 128 128
    128 128 128 128 128 128 128 128 128 128 128 128 128 128 128 128 128
    128 128 128 128 128 128 128 128 128 128 128 128 128 128 128 128 128
    128 128 128 128 128 128 128 128 128 128 128 128 128 128 128 128 128
    128 128 128 128 128 128 128 128 128 128 128 128 128 128 128 128 128
    128 128 128 128 128 128 128 128 128 128 128 128 128 128 128 128 128
    128 128 128 128 128 128 128 128 128 128 128 128 128 128 128 128 128
    128 128 128 128 128 128 128 128 128 128 128 128 128 128 128 128 128
    128 128 128 128 128 128 128 128 128 128 128 128 128 128 128 128 128
    128 128 128 128 128 128 128 128 128 128 128 128 128 128 128 128 128
    128 128 128 128 128 128 128 128 128 128 128 128 128 128 128 128 128
    128 128 128 128 128 128 128 128 128 128 128 128 128 128 128 128 128
    128 128 128 128 128 128 128 128 128 128 128 128 128 128 128 128 128
    128 128 128 128 128 128 128 128 128 128 128 128 128 128 128 128 128
    128 128 128 128 128 128 128 128 128 128 128 128 128 128 128 128 128
    128 128 128 128 128 128 128 128 128 128 128 128 128 128 128 128 128
    128 128 128 128 128 128 128 128 128 128 128 128 128 128 128 128 128
    128 128 128 128 128 128 128 128 128 128 128 128 128 128 128 128 128
    128 128 128 128 128 128 128 128 128 128 128 128 128 128 128 128 128
    128 128 128 128 128 128 128 128 128 128 128 128 128 128 128 128 128
    128 128 128 128 128 128 128 128 128 128 128 128 128 128 128 128 128
    128 128 128 128 128 128 128 128 128 128 128 128 128 128 128 128 128
    128 128 128 128 128 128 128 128 128 128 128 128 128 128 128 128 128
    128 128 128 128 128 128 128 128 128 128 128 128 128 128 128 128 128
    128 128 128 128 128 128 128 128 128 128 128 128 128 128 128 128 128
    128 128 128 128 128 128 128 128 128 128 128 128 128 128 128 128 128
    128 128 128 128 128 128 128 128 128 128 128 128 128 128 128 128 128
    128 128 128 128 128 128 128 128 128 128 128 128 128 128 128 128 128
    128 128 128 128 128 128 128 128 128 128 128 128 128 128 128 128 128
    128 128 128 128 128 128 128 128 128 128 128 128 128 128 128 128 128
    128 128 128 128 128 128 128 128 128 128 128 128 128 128 128 128 128
    128 128 128 128 128 128 128 128 128 128 128 128 128 128 128 128 128
    128 128 128 128 128 128 128 128 128 128 128 128 128 128 128 128 128
    128 128 128 128 128 128 128 128 128 128 128 128 128 128 128 128 128
    128 128 128 128 128 128 128 128 128 128 128 128 128 128 128 128 128
    128 128 128 128 128 128 128 128 128 128 128 128 128 128 128 128 128
    128 128 128 128 128 128 128 128 128 128 128 128 128 128 128 128 128
    128 128 128 128 128 128 128 128 128 128 128 128 128 128 128 128 128
    128 128 128 128 128 128 128 128 128 128 128 128 128 128 128 128 128
    128 128 128 128 128 128 128 128 128 128 128 128 128 128 128 128 128
    128 128 128 128 128 128 128 128 128 128 128 128 128 128 128 128 128
    128 128 128 128 128 128 128 128 128 128 128 128 128 128 128 128 128
    128 128 128 128 128 128 128 128 128 128 128 128 128 128 128 128 128
    128 128 128 128 128 128 128 128 128 128 128 128 128 128 128 128 128
    128 128 128 128 128 128 128 128 128 128 128 128 128 128 128 128 128
    128 128 128 128 128 128 128 128 128 128 128 128 128 128 128 128 128
    128 128 128 128 128 128 128 128 128 128 128 128 128 128 128 128 128
    128 128 128 128 128 128 128 128 128 128 128 128 128 128 128 128 128
    128 128 128 128 128 128 128 128 128 128 128 128 128 128 128 128 128
    128 128 128 128 128 128 128 128 128 128 128 128 128 128 128 128 128
    128 128 128 128 128 128 128 128 128 128 128 128 128 128 128 128 128
    128 128 128 128 128 128 128 128 128 128 128 128 128 128 128 128 128
    128 128 128 128 128 128 128 128 128 128 128 128 128 128 128 128 128
    128 128 128 128 128 128 128 128 128 128 128 128 128 128 128 128 128
    128 128 128 128 128 128 128 128 128 128 128 128 128 128 128 128 128
    128 128 128 128 128 128 128 128 128 128 128 128 128 128 128 128 128
    128 128 128 128 128 128 128 128 128 128 128 128 128 128 128 128 128
    128 128 128 128 128 128 128 128 128 128 128 128 128 128 128 128 128
    128 128 128 128 128 128 128 128 128 128 128 128 128 128 128 128 128
    128 128 128 128 128 128 128 128 128 128 128 128 128 128 128 128 128
    128 128 128 128 128 128 128 128 128 128 128 128 128 128 128 128 128
    128 128 128 128 128 128 128 128 128 128 128 128 128 128 128 128 128
    128 128 128 128 128 128 128 128 128 128 128 128 128 128 128 128 128
    128 128 128 128 128 128 128 128 128 128 128 128 128 128 128 128 128
    128 128 128 128 128 128 128 128 128 128 128 128 128 128 128 128 128
    128 128 128 128 128 128 128 128 128 128 128 128 128 128 128 128 128
    128 128 128 128 128 128 128 128 128 128 128 128 128 128 128 128 128
    128 128 128 128 128 128 128 128 128 128 128 128 128 128 128 128 128
    128 128 128 128 128 128 128 128 128 128 128 128 128 128 128 128 128
    128 128 128 128 128 128 128 128 128 128 128 128 128 128 128 128 128
    128 128 128 128 128 128 128 128 128</data></test_backg>
<my_img type_id="opencv-matrix">
  <rows>30</rows>
  <cols>20</cols>
  <dt>"3u"</dt>
  <data>
    142 179 174 219 108 246 87 67 37 7 87 191 222 121 146 252 8 76 7 74
    34 128 148 33 108 141 129 128 128 128 228 142 68 159 56 154 84 57 26
    136 43 195 106 134 83 91 53 189 150 95 44 106 169 71 128 128 128 110
    43 91 128 128 128 191 54 72 188 80 100 92 211 197 110 171 226 97 89
    249 128 128 128 251 203 41 128 128 128 177 218 132 14 69 119 171 87
    221 163 225 251 73 174 149 217 145 254 128 128 128 229 197 109 219
    82 24 24 18 210 85 79 71 178 98 131 23 52 52 128 128 128 64 85 195
    253 127 46 129 128 202 253 91 105 113 254 15 82 172 215 255 223 228
    192 77 179 117 4 245 128 128 128 246 134 72 103 121 15 128 128 128
    59 15 223 125 71 100 185 89 30 161 141 34 167 181 58 44 212 111 37
    12 209 128 128 128 105 227 161 48 120 112 195 51 165 128 128 128 133
    169 94 128 128 128 68 234 147 107 50 118 126 91 235 225 69 105 51
    222 166 188 198 42 128 128 128 155 8 28 95 246 213 128 128 128 128
    128 128 24 219 179 55 67 254 154 68 173 222 226 78 194 188 19 120
    165 181 1 3 158 193 91 199 185 16 66 254 127 114 229 145 201 138 13
    154 174 141 36 174 45 22 128 128 128 204 199 103 65 15 133 137 217
    251 186 241 51 181 116 120 128 128 128 128 128 128 46 187 254 231
    176 108 245 229 165 133 230 4 128 128 128 241 28 209 156 177 230 128
    128 128 222 111 74 228 202 162 8 96 230 28 97 180 247 55 178 227 83
    114 78 141 104 151 128 66 202 29 50 223 240 81 173 94 234 211 244 59
    205 29 233 55 191 118 56 125 84 128 128 128 168 245 28 107 131 44 84
    198 169 249 155 144 42 194 141 224 212 187 128 128 128 64 119 101
    191 236 136 92 50 194 76 62 204 122 34 178 22 121 115 95 56 191 125
    43 214 159 51 255 95 150 170 128 128 128 170 107 67 11 3 75 203 123
    94 49 156 220 128 128 128 179 48 46 55 105 230 175 196 254 3 83 86
    131 124 6 128 128 128 90 10 169 194 81 57 23 5 26 128 128 128 58 3
    134 66 121 11 184 225 145 137 233 72 101 161 227 86 229 167 221 66
    238 37 51 210 92 206 19 36 63 60 128 128 128 214 77 217 69 86 186
    109 110 67 88 62 46 219 255 35 246 74 136 22 213 213 194 123 50 128
    128 128 238 23 94 9 220 124 68 110 142 109 47 174 128 128 128 128
    128 128 128 128 128 150 229 218 117 217 52 203 56 90 56 16 121 128
    128 128 69 85 98 248 15 101 178 47 124 130 154 49 128 128 128 27 163
    209 120 117 59 138 87 233 145 88 79 150 100 29 128 128 128 231 210
    80 135 57 175 71 153 199 176 206 143 118 66 12 106 93 17 172 24 16
    199 40 70 128 128 128 23 97 195 26 201 151 55 51 88 143 73 172 249
    42 161 229 88 228 66 190 145 240 63 157 241 97 182 66 9 231 203 77
    237 180 55 184 89 131 232 128 128 128 107 173 200 22 88 151 248 243
    162 253 252 62 128 128 128 147 96 112 236 217 68 119 69 41 4 247 228
    134 194 181 128 128 128 85 152 151 243 176 32 55 94 254 130 82 119
    155 19 192 128 128 128 240 247 210 253 76 21 44 50 70 114 204 213
    160 169 14 128 128 128 222 157 28 7 50 43 239 188 174 129 63 247 128
    128 128 128 128 128 196 76 82 229 187 167 128 128 128 96 143 140 128
    128 128 139 81 67 191 82 121 224 126 194 5 86 200 111 31 93 237 150
    23 97 79 15 234 0 170 128 128 128 109 33 105 121 121 7 212 109 243
    253 174 205 102 125 88 6 163 203 129 235 20 73 22 112 27 164 109 128
    128 128 21 216 125 21 155 131 215 54 171 80 76 28 128 128 128 85 34
    121 221 208 107 39 183 224 213 47 69 193 132 79 135 69 75 128 128
    128 41 160 118 248 88 126 128 128 128 103 127 15 21 178 251 128 128
    128 229 127 14 136 54 125 149 145 54 130 124 35 133 213 174 113 181
    45 139 147 236 76 229 155 212 161 219 224 138 10 130 130 52 57 42
    133 188 162 31 122 171 239 144 174 92 96 218 247 249 248 182 161 180
    240 13 129 209 78 190 167 180 92 126 128 29 32 191 181 191 178 159
    126 235 255 155 105 161 239 174 145 117 229 136 174 128 128 128 128
    128 128 166 201 145 239 220 58 180 125 128 237 65 32 2 128 209 128
    128 128 117 94 103 90 127 140 89 180 225 31 192 159 180 169 23 9 0
    234 194 63 190 128 128 128 190 61 192 128 128 128 12 148 101 80 39
    53 207 68 12 120 53 252 146 25 49 245 186 180 78 64 251 67 129 138
    34 228 119 135 148 148 149 66 179 185 22 230 128 128 128 34 119 202
    128 128 128 188 6 216 95 20 153 41 171 140 184 175 46 56 7 170 119
    70 186 124 161 221 176 44 166 65 48 32 1 42 118 14 247 190 81 176 3
    8 218 212 113 82 85 45 46 215 109 84 51 19 201 118 36 201 179 217
    113 251 218 218 188 151 181 103 128 128 128 128 128 128 235 228 0 96
    111 57 1 153 118 206 171 122 190 196 246 238 43 249 128 128 128 150
    10 69 160 191 214 232 80 182 209 143 176 191 43 247 189 81 157 202
    120 221 243 229 249 160 46 207 128 128 128 212 18 217 141 174 90 17
    211 85 62 30 95 24 97 225 228 144 236 126 154 178 239 211 179 33 105
    152 254 56 181 128 128 128 108 222 250 64 74 164 131 243 60 39 230
    200 128 128 128 142 99 89 61 129 200 246 23 55 129 106 234 99 82 231
    131 241 184 147 173 47 45 130 99 129 6 114 137 88 227 53 105 249 103
    246 170 238 155 34 128 128 128 2 177 168 103 226 11 10 242 235 242
    31 152 205 7 187 166 13 51 74 238 152 125 133 202 215 145 67 152 69
    78 86 4 132 230 69 58 230 187 144 237 10 110 109 134 241 128 128 128
    244 123 249 128 128 128 141 192 175 231 112 221 252 31 203 150 190
    232 13 71 188 174 136 16 186 152 20 230 146 102 172 201 188 99 113
    25 41 140 212 128 128 128 68 69 45 29 143 184 144 7 30 151 130 82
    129 147 66 1 126 150 102 96 176 105 111 138 52 113 4 94 100 189 253
    37 10 167 238 114 1 156 56 184 13 34 61 226 214 207 101 38 235 29
    103 128 128 128 170 238 107 168 62 134 128 128 128 123 243 41 128
    128 128 75 216 197 217 112 38 12 252 216 101 20 84 45 176 192 112
    248 220 67 48 102 128 128 128 108 93 199 128 128 128 135 16 246 177
    250 237 128 128 128 106 45 86 127 134 198 14 87 179 150 206 67 161
    250 209 92 90 249 127 187 229 241 149 183 137 104 148 61 157 199 246
    239 191 135 47 66 103 166 13 80 213 195 105 99 218 16 233 159 183 9
    172 22 178 134 148 177 121 95 174 11 119 96 182 70 146 154 10 91 100
    175 176 102 122 86 159 184 226 37 128 128 128 243 255 149 75 185 1
    118 150 85 163 25 113 61 211 252 112 173 174 128 128 128 160 55 242
    243 232 123 129 52 239 155 160 74 141 244 78 128 128 128 185 228 223
    188 255 72 138 156 180 32 138 77 87 156 35 118 18 195 115 111 160
    128 128 128 213 235 174 118 83 10 80 172 170 87 162 20 1 95 44 128
    128 128 186 151 134 109 81 86 234 80 165 51 173 232 9 224 206 237 5
    162 144 6 37 142 36 206 137 153 222 9 205 110 175 192 88 177 184 68
    126 158 77 187 195 218 248 168 184 134 240 73 186 85 161 242 146 152
    237 110 82 202 126 30 101 64 241 222 241 243 192 207 106 164 95 20
    82 199 221 183 230 49 174 131 201 68 0 76 1 198 196 55 37 51 52 66
    67 189 0 106 159 67 232 128 128 128 37 126 254 128 128 128 220 132
    73 151 197 98 214 108 6 185 193 225 200 46 35 126 17 189 154 166 113
    70 169 210 128 128 128 32 116 165 30 70 48 35 249 205 211 252 37 209
    83 211 234 67 110 240 34 70</data></my_img>
<your_img type_id="opencv-matrix">
  <rows>30</rows>
  <cols>20</cols>
  <dt>"3u"</dt>
  <data>
    255 255 255 255 236 255 215 195 165 135 215 255 255 249 255 255 136
    204 135 202 162 255 255 161 236 255 255 253 255 246 255 255 196 255
    184 255 212 185 154 255 171 255 234 255 211 219 181 255 255 223 172
    234 255 199 151 255 178 238 171 219 192 255 138 255 182 200 255 208
    228 220 255 255 238 255 255 225 217 255 141 255 179 255 255 169 157
    188 157 255 255 255 142 197 247 255 215 255 255 255 255 201 255 255
    255 255 255 246 255 255 255 255 237 255 210 152 152 146 255 213 207
    199 255 226 255 151 180 180 193 255 146 192 213 255 255 255 174 255
    255 255 255 219 233 241 255 143 210 255 255 255 255 255 255 205 255
    245 132 255 195 255 163 255 255 200 231 249 143 234 255 198 187 143
    255 253 199 228 255 217 158 255 255 162 255 255 186 172 255 239 165
    140 255 173 255 131 233 255 255 176 248 240 255 179 255 255 255 255
    255 255 222 255 255 240 196 255 255 235 178 246 254 219 255 255 197
    233 179 255 255 255 255 170 149 227 138 255 136 156 223 255 255 255
    255 255 178 255 225 152 255 255 183 195 255 255 196 255 255 255 206
    255 255 147 248 255 255 129 131 255 255 219 255 255 144 194 255 255
    242 255 255 255 255 141 255 255 255 164 255 173 150 237 255 224 255
    255 231 193 143 255 255 255 255 255 255 179 255 244 248 255 255 255
    255 255 255 174 255 255 255 255 236 255 255 255 255 255 132 154 255
    201 255 156 255 255 255 255 168 255 148 255 239 202 255 255 255 136
    224 255 156 225 255 255 183 255 255 211 242 206 255 232 255 255 194
    255 157 178 255 255 209 255 222 255 255 255 187 255 157 255 183 255
    246 184 253 212 173 217 177 255 255 156 235 255 172 212 255 255 255
    255 255 170 255 255 255 255 255 176 255 163 192 247 229 255 255 255
    220 178 255 204 190 255 250 162 255 150 249 243 223 184 255 253 171
    255 255 179 255 223 255 255 255 255 255 255 235 195 139 131 203 255
    251 222 177 255 255 194 255 222 255 176 174 183 233 255 255 255 255
    131 211 214 255 252 134 196 255 209 218 138 255 255 209 185 151 133
    154 255 255 253 186 131 255 194 249 139 255 255 255 255 255 200 229
    255 255 214 255 255 255 194 255 165 179 255 220 255 147 164 191 188
    141 255 180 255 205 255 197 214 255 237 238 195 216 190 174 255 255
    163 255 202 255 150 255 255 255 251 178 214 255 187 255 151 222 137
    255 252 196 238 255 237 175 255 132 255 151 150 217 143 221 255 168
    255 255 255 245 255 180 255 184 218 184 144 249 255 255 255 197 213
    226 255 143 229 255 175 252 255 255 177 154 255 195 155 255 255 248
    245 187 255 215 255 255 216 207 255 228 157 207 255 226 255 255 208
    255 185 255 199 255 255 255 255 255 246 194 140 234 221 145 255 152
    144 255 168 198 214 255 239 151 225 255 154 255 255 183 179 216 255
    201 255 255 170 255 255 216 255 194 255 255 255 191 255 255 225 255
    194 137 255 255 205 255 255 183 255 217 255 255 166 255 160 235 255
    255 150 216 255 255 255 255 255 255 190 255 255 234 255 224 240 255
    255 196 247 197 169 132 255 255 255 255 255 249 255 232 213 255 255
    255 255 160 183 222 255 255 210 247 255 147 255 185 236 175 255 255
    255 255 204 149 172 178 198 242 255 255 255 255 142 255 255 254 255
    255 156 135 178 171 255 255 255 255 191 255 255 255 255 232 255 240
    255 204 210 255 255 255 255 255 255 224 255 255 180 255 198 255 209
    195 255 210 249 255 254 255 133 214 255 239 159 221 255 255 151 225
    207 143 255 128 255 138 255 183 237 161 233 249 249 135 255 237 255
    255 255 255 230 253 216 134 255 255 255 255 148 201 150 240 155 255
    237 191 255 177 149 255 253 149 255 255 255 182 255 208 204 156 237
    255 240 213 162 249 255 255 235 167 255 255 255 175 197 255 255 207
    255 197 203 136 255 183 169 255 246 255 216 254 255 255 255 231 255
    143 149 255 255 151 255 214 255 255 142 255 182 253 255 255 182 255
    252 163 255 255 255 241 255 173 255 255 255 204 255 255 255 255 255
    255 255 138 255 255 180 185 170 255 255 255 159 250 255 255 255 255
    220 224 255 255 255 255 255 255 255 255 141 255 255 206 255 255 255
    220 254 255 157 160 255 255 255 255 255 254 255 255 255 233 255 255
    255 255 245 255 255 255 159 255 165 159 255 211 255 255 255 255 255
    186 255 253 255 255 193 160 130 255 255 255 255 255 245 222 231 218
    255 255 217 255 255 159 255 255 255 255 151 137 128 255 255 191 255
    208 255 252 255 189 255 255 255 255 140 255 229 208 167 181 255 196
    140 248 181 255 255 153 177 255 255 255 206 192 255 195 255 255 162
    255 247 255 255 255 255 194 255 255 150 255 255 255 209 162 247 255
    255 255 255 255 134 255 223 148 255 169 255 255 255 255 174 184 135
    255 247 198 255 252 255 255 255 172 255 193 176 160 129 170 246 142
    255 255 209 255 131 136 255 255 241 210 213 173 174 255 237 212 179
    147 255 246 164 255 255 255 241 255 255 255 255 255 255 231 253 255
    195 255 255 255 255 255 128 224 239 185 129 255 246 255 255 250 255
    255 255 255 171 255 239 255 243 255 138 197 255 255 255 255 208 255
    255 255 255 255 171 255 255 209 255 255 248 255 255 255 255 255 174
    255 192 255 214 255 146 255 255 255 218 145 255 213 190 158 223 152
    225 255 255 255 255 254 255 255 255 255 255 161 233 255 255 184 255
    156 232 137 236 255 255 192 202 255 255 255 188 167 255 255 154 255
    145 255 227 217 189 255 255 255 151 183 255 234 255 227 210 255 255
    255 255 255 255 175 173 255 227 255 134 242 255 216 255 181 233 255
    231 255 255 255 255 162 172 255 170 130 255 255 231 255 139 138 255
    255 255 159 255 255 135 255 255 141 179 202 255 255 253 255 255 255
    255 195 255 197 206 214 132 255 255 197 186 255 255 255 255 138 238
    237 255 255 178 255 188 255 251 255 208 255 161 255 255 255 255 240
    255 255 159 255 255 255 255 141 199 255 255 255 144 255 255 148 255
    255 230 255 255 255 227 241 153 169 255 255 198 255 249 196 197 173
    157 255 255 255 135 158 255 255 210 255 255 194 129 254 255 230 224
    255 233 239 255 180 241 132 222 228 255 255 165 138 255 255 242 129
    255 184 255 141 162 189 255 255 255 229 166 255 157 231 176 239 175
    255 255 235 255 190 255 216 255 216 251 255 169 210 255 149 203 255
    255 255 240 166 140 255 255 229 148 212 173 255 255 240 255 255 195
    176 230 159 249 175 236 221 255 234 255 255 255 144 255 255 255 255
    154 243 174 234 173 214 255 255 255 142 215 255 255 255 195 255 255
    255 220 218 255 255 255 255 255 255 255 255 232 255 189 255 255 255
    255 255 255 175 194 231 255 141 208 255 255 233 227 255 144 255 255
    255 137 255 150 255 255 255 255 249 223 255 139 247 224 255 198 255
    255 138 219 228 255 255 230 250 214 255 255 255 165 197 255 189 255
    255 255 203 255 129 246 255 213 255 153 241 189 255 255 240 255 255
    192 255 211 255 183 255 255 255 251 255 180 255 255 255 202 255 255
    206 161 255 165 255 255 255 255 255 200 255 255 255 160 255 205 215
    255 163 246 146 255 243 239 255 212 255 130 255 255 255 246 211 138
    208 255 255 215 255 148 129 223 172 255 255 249 255 255 255 237 209
    214 255 208 255 179 255 255 137 255 255 255 133 255 255 134 165 255
    164 255 255 255 255 137 255 238 255 255 216 255 255 196 254 255 205
    255 255 255 255 255 255 255 255 201 255 213 255 255 255 255 255 238
    210 255 254 158 229 192 255 255 255 255 255 255 234 255 223 148 210
    255 255 255 255 177 255 255 255 196 128 204 129 255 255 183 165 179
    180 194 195 255 128 234 255 195 255 168 255 151 165 254 255 207 255
    197 255 255 201 255 255 226 255 236 134 255 255 255 255 174 163 254
    145 255 255 255 241 198 255 255 155 255 184 160 244 255 158 198 176
    163 255 255 255 255 165 255 211 255 255 195 238 255 162 198</data></your_img>
</opencv_storage>
