<?xml version="1.0"?>
<opencv_storage>
<L2_diff>5785.2991279621838</L2_diff>
<test_img1 type_id="opencv-matrix">
  <rows>30</rows>
  <cols>20</cols>
  <dt>"3u"</dt>
  <data>
    111 84 23 76 27 88 32 102 44 5 27 109 38 88 28 30 92 6 126 64 110 89
    53 20 34 103 98 61 32 51 3 43 109 2 72 64 109 80 105 105 4 20 97 43
    100 111 65 33 24 80 5 95 108 5 91 16 55 116 0 91 114 36 92 99 48 77
    81 17 109 36 2 30 113 113 101 28 87 34 61 86 62 79 83 47 107 115 105
    39 19 112 45 101 18 118 80 74 76 123 37 1 104 63 14 124 3 28 22 88
    56 107 105 98 89 68 103 21 14 57 127 5 70 73 88 21 118 59 119 88 74
    26 49 51 17 69 102 27 51 36 3 77 97 79 94 82 17 108 69 73 68 59 47
    17 76 56 99 126 122 103 31 91 79 66 84 12 38 109 94 117 11 68 98 119
    2 68 77 48 125 48 70 9 42 93 51 51 127 93 1 54 123 84 80 48 55 12
    115 31 41 88 54 45 111 64 30 108 28 122 102 45 32 127 72 79 33 119
    97 28 43 29 46 127 9 55 52 111 77 125 47 104 96 111 70 110 78 103
    118 89 117 110 84 48 23 10 11 109 23 93 124 39 56 108 24 15 19 113 1
    68 63 69 21 1 47 127 51 75 105 81 113 98 101 107 90 89 118 12 15 63
    37 123 69 37 80 38 100 82 114 42 51 55 104 74 16 117 65 15 90 64 108
    49 14 126 19 22 119 13 99 98 107 0 65 89 91 91 35 19 24 81 40 101 16
    34 6 83 111 62 109 102 45 51 15 72 14 52 69 69 62 3 40 29 46 80 112
    91 12 108 51 63 122 32 56 6 12 32 97 126 89 36 121 41 127 93 107 60
    4 100 87 69 38 109 92 88 54 0 59 61 67 84 13 8 9 55 29 5 0 5 115 79
    50 25 48 113 83 112 41 26 116 59 63 61 0 27 125 111 95 43 88 29 123
    91 49 100 21 35 35 68 95 78 104 77 6 86 8 70 19 6 85 18 6 28 62 72
    89 40 86 113 41 41 110 92 92 121 60 51 44 62 94 91 48 13 15 117 119
    82 103 24 108 0 94 27 26 103 25 111 68 104 77 88 123 77 108 88 56 22
    69 5 24 91 2 25 125 23 12 105 47 92 68 22 7 83 19 57 32 44 46 5 54
    24 68 66 58 9 122 99 61 38 99 0 40 11 36 111 71 14 40 24 19 33 117
    34 76 35 77 20 75 115 108 67 76 16 24 92 19 118 120 120 57 64 126 76
    51 102 107 107 18 71 18 70 4 1 126 122 106 69 114 56 33 27 100 119
    80 77 94 56 64 48 48 88 64 68 65 76 102 20 104 42 70 86 5 61 85 96
    109 93 34 5 26 64 108 70 73 108 6 75 44 22 47 45 104 78 127 13 109
    49 53 48 26 14 60 118 116 46 110 47 59 82 28 101 106 48 16 39 8 8 34
    115 116 117 31 85 91 31 41 85 54 73 76 31 95 75 92 54 81 113 124 58
    66 113 39 70 60 41 108 2 105 105 40 21 27 81 94 113 31 82 3 58 13
    116 20 107 36 69 80 28 125 68 45 110 18 78 47 46 113 87 32 75 65 55
    126 104 97 54 42 111 114 122 55 60 85 101 91 76 99 0 72 44 99 17 44
    121 20 51 118 118 38 13 121 98 16 49 60 126 13 93 66 94 1 91 94 118
    40 55 53 117 61 8 41 111 120 82 66 98 71 24 115 38 82 28 87 117 7 87
    3 114 11 67 33 53 126 41 81 89 106 85 59 90 93 22 61 35 95 46 34 70
    93 65 109 10 75 35 35 108 76 1 109 126 69 111 120 36 2 15 126 89 76
    52 67 35 35 59 12 9 3 79 85 82 29 44 56 101 33 121 113 65 34 39 50
    71 15 124 11 122 103 18 126 87 91 102 110 17 67 51 120 90 76 42 105
    26 53 99 106 74 123 23 78 22 2 117 16 73 44 4 3 14 20 91 27 118 29
    93 113 54 106 20 32 29 110 24 57 26 106 104 121 79 50 127 35 59 90
    25 41 106 39 116 26 2 96 57 53 106 107 86 65 46 64 57 72 107 103 13
    44 100 122 51 105 29 120 44 100 98 115 4 78 16 111 63 81 0 117 38 8
    121 117 86 102 49 94 82 105 104 12 67 83 33 47 38 25 91 126 97 61 88
    10 25 37 103 48 36 41 15 42 121 37 29 81 67 0 100 91 25 112 120 37
    101 99 38 3 0 55 115 60 66 63 6 77 102 47 14 46 80 65 122 41 91 89
    55 119 72 48 118 16 112 126 79 64 54 84 61 63 37 23 34 46 107 26 9
    17 120 14 117 37 74 39 106 108 85 1 5 123 68 54 63 88 119 89 119 22
    96 45 88 127 62 90 87 51 89 121 68 96 15 31 125 85 93 98 71 22 100
    75 30 75 1 74 68 127 105 12 46 121 3 98 85 81 17 107 29 92 55 29 77
    62 113 9 76 65 113 96 125 41 41 71 82 14 111 98 68 21 48 57 71 99
    107 125 122 64 36 87 100 77 48 24 46 9 27 5 54 63 125 13 39 5 106 43
    26 17 76 81 27 127 53 85 107 53 62 116 17 100 67 10 77 9 110 30 2 41
    112 92 66 34 112 114 70 105 57 99 28 115 67 60 79 88 15 101 49 104
    83 54 35 9 79 48 121 87 59 107 57 115 26 99 91 54 77 102 39 40 45
    113 103 117 60 28 119 93 1 72 1 87 89 64 120 15 54 105 122 121 6 81
    66 93 125 119 78 1 125 40 25 114 74 20 121 96 37 95 59 85 102 85 65
    111 116 55 112 63 98 98 116 117 98 72 54 1 110 100 109 93 114 42 124
    106 111 90 28 9 49 33 94 88 88 74 58 89 68 83 50 54 39 30 36 25 38
    107 57 96 0 56 106 111 76 80 61 15 124 57 7 106 58 96 0 104 109 16
    77 127 4 63 92 32 27 125 3 79 9 5 38 125 126 85 26 38 52 16 26 114
    100 80 53 43 42 7 67 50 119 90 37 54 93 64 69 103 106 73 83 70 79 82
    123 22 110 14 109 76 57 80 91 14 115 17 8 60 56 48 127 9 110 107 114
    51 24 73 80 1 99 88 101 94 67 41 25 93 6 101 73 27 56 82 99 80 126
    12 61 112 62 4 82 33 74 46 114 67 100 65 21 85 67 92 111 101 74 81
    51 22 108 123 40 119 79 77 28 9 105 28 31 125 28 95 96 41 45 46 123
    57 113 34 43 32 97 59 14 75 86 22 76 121 62 78 47 116 7 98 126 82
    127 115 9 18 36 82 26 115 107 19 119 34 100 80 65 118 44 84 89 79 30
    45 43 33 55 40 120 44 33 125 110 2 10 65 18 61 67 66 5 115 90 74 10
    120 127 72 92 77 76 112 104 5 92 6 95 89 3 36 42 116 115 22 76 67 3
    61 54 110 87 64 3 17 122 2 124 19 118 40 9 106 98 126 61 40 0 77 10
    25 63 7 52 16 71 88 80 73 89 82 118 0 38 80 22 5 20 71 123 126 16 3
    41 50 96 8 101 62 87 27 42 24 81 37 35 48 45 47 94 8 79 100 82 85 5
    100 13 114 44 122 75 102 8 0 31 78 86 60 3 48 112 28 93 26 100 22
    111 92 63 107 89 51 109 51 77 45 39 46 42 68 47 127 7 123 112 20 118
    102 8 13 56 123 29 121 10 91 106 96 95 42 100 115 24 34 126 94 99 57
    33 98 75 62 42 49 43 34 44 62 31 52 95 95 58 99 33 112 54 84 15 62
    90 121 79 81 23 20 125 96 30 123 78 89 94 116 37 71 36 92 5 27 2 26
    86 32 66 89 66 45 25 110 108 73 21 20 8 110 67 119 69 74 66 81 37
    108 113 102 91 48 72 84 52 32 98 85 95 39 85 24 59 39 95 26 118 16
    87 8 88 120 102 38 41 37 123 42 111 53 126 79 73 37 54 66 36 115 54
    107 78 22 6 86 37 121 51 76 86 115 56 42 122 0 15 27 103 118 61 9
    118 81 116 75 53 118 44 6 36 77 119 67 60 9 86 44 63 45 113 117 87
    118 28 85 55 78 71 42 57 120 30 74 61 27 8 119 83 34 57 98 94 99 87
    60 124 102 46</data></test_img1>
<test_img2 type_id="opencv-matrix">
  <rows>30</rows>
  <cols>20</cols>
  <dt>"3u"</dt>
  <data>
    229 179 134 148 252 219 249 163 140 176 223 163 176 148 248 231 186
    169 233 176 232 174 205 251 242 177 161 178 192 131 220 254 164 151
    228 167 200 145 220 199 154 193 227 175 184 198 199 233 213 233 218
    135 203 190 243 143 190 253 224 128 188 132 145 198 194 143 240 179
    202 143 243 205 171 184 213 252 146 152 239 236 130 140 198 181 213
    228 170 171 159 242 138 136 219 212 181 194 203 202 133 164 232 172
    234 192 199 182 169 255 211 226 137 206 223 170 188 196 173 159 229
    177 185 163 146 221 141 202 225 181 159 191 185 174 167 237 192 135
    192 188 171 181 139 253 234 217 216 130 150 234 219 236 161 210 205
    185 203 247 251 241 129 221 252 159 186 140 235 189 217 255 215 202
    146 128 247 218 171 190 174 202 136 194 222 234 235 242 155 227 254
    132 254 216 143 217 225 184 176 202 245 242 135 182 199 131 155 233
    145 205 172 216 171 253 244 137 136 233 188 135 134 150 244 153 244
    154 136 166 200 172 248 185 161 215 234 130 131 134 137 166 194 181
    147 250 210 200 175 184 146 177 173 206 214 238 244 226 241 217 227
    248 216 249 188 255 210 164 208 154 253 179 194 151 202 161 249 177
    171 208 149 143 252 220 155 189 232 192 150 234 190 176 188 150 140
    128 191 247 163 171 212 144 223 148 217 215 173 208 227 147 177 245
    174 131 171 188 208 148 225 247 177 205 224 147 216 177 235 234 238
    194 141 230 248 166 199 137 203 183 197 252 253 135 189 189 175 167
    222 130 207 180 153 132 158 233 164 246 212 250 192 247 154 151 172
    129 135 247 227 144 163 129 244 206 250 254 249 177 245 145 244 216
    195 142 179 216 240 203 198 245 146 174 254 175 165 138 152 176 161
    225 170 228 250 146 204 173 216 227 248 163 226 238 181 134 193 240
    151 197 180 247 133 134 244 180 151 215 224 209 148 229 205 166 248
    220 200 201 154 168 231 172 225 222 182 204 129 193 192 175 241 248
    254 146 247 222 214 138 151 212 214 189 247 132 144 204 154 185 239
    226 183 217 230 131 153 133 175 164 137 138 231 194 252 221 181 201
    206 130 215 178 172 144 255 187 173 185 175 148 132 146 182 246 171
    158 159 234 171 250 201 212 159 132 191 135 151 133 190 210 213 162
    229 221 209 168 234 147 195 160 240 223 235 205 172 135 164 204 186
    155 150 206 218 224 179 152 171 255 195 254 140 146 174 175 155 132
    226 138 243 188 162 245 188 142 236 245 247 192 225 142 247 252 133
    240 184 163 153 173 201 231 208 239 156 255 157 141 157 192 219 144
    182 140 232 248 129 129 148 132 229 214 206 196 189 238 196 149 200
    178 141 203 222 130 128 148 247 235 208 183 179 228 178 172 203 239
    135 249 132 206 201 254 196 241 134 254 198 174 229 209 242 133 154
    157 223 202 183 197 166 142 133 140 161 201 241 156 146 158 247 238
    237 236 207 137 198 239 155 249 194 252 169 174 247 241 218 215 201
    177 247 246 242 231 149 134 217 242 247 251 203 165 225 133 222 245
    188 225 235 147 240 247 173 233 176 239 220 223 203 208 188 137 234
    255 172 195 243 171 147 159 179 187 203 156 129 237 133 252 248 131
    141 221 208 215 242 217 172 132 221 227 222 229 241 133 172 135 208
    151 156 159 253 202 242 247 235 220 215 149 205 196 213 174 161 174
    182 151 176 246 207 247 220 234 161 144 210 242 229 201 180 138 131
    241 249 199 219 147 231 208 179 253 141 131 138 179 201 174 251 203
    129 224 176 148 132 169 167 133 147 217 193 128 152 143 221 192 228
    194 214 200 245 141 232 246 231 219 177 203 249 133 246 245 216 189
    140 199 144 170 149 159 224 154 192 215 137 247 244 211 160 245 232
    219 212 140 175 205 245 248 138 243 249 213 198 128 161 190 163 230
    129 233 251 128 235 162 142 190 146 226 169 132 136 217 170 175 238
    209 201 187 132 141 220 201 210 228 205 154 171 197 196 143 232 241
    174 230 194 150 200 129 185 253 220 183 135 150 212 169 226 219 182
    144 144 255 245 216 201 211 226 190 203 135 236 176 146 249 254 223
    199 244 161 147 215 128 166 146 224 159 180 138 202 245 133 139 230
    138 128 244 132 250 204 251 212 233 242 215 254 183 240 241 163 129
    162 225 165 151 184 220 159 226 149 230 243 208 163 229 207 205 237
    224 247 206 175 249 190 221 173 160 168 202 231 229 180 158 148 217
    210 145 154 170 182 193 148 228 202 237 192 246 154 151 171 173 163
    212 212 237 248 237 227 215 227 159 233 170 136 202 172 147 155 212
    166 161 152 152 147 162 245 207 192 171 238 240 157 182 240 237 164
    228 253 178 232 163 210 187 196 180 167 147 241 235 211 172 183 159
    226 157 150 236 158 144 239 221 134 153 233 183 244 130 226 211 178
    249 147 138 218 215 239 179 239 175 142 252 225 220 151 187 185 148
    211 181 249 197 138 207 132 178 243 179 145 188 202 166 224 248 133
    194 135 235 164 242 198 136 147 160 224 193 173 178 248 144 254 129
    223 236 247 210 245 155 153 243 171 192 170 186 249 250 218 163 248
    136 144 243 198 169 232 206 152 134 246 237 136 132 141 169 242 130
    252 236 164 203 249 177 228 136 251 153 182 242 194 180 145 247 190
    198 150 218 249 140 230 156 188 166 242 179 135 150 145 130 160 132
    255 231 179 150 240 175 206 244 255 241 253 142 221 236 166 200 176
    253 248 255 239 219 129 164 148 200 214 247 213 157 231 148 173 217
    212 208 164 171 246 178 244 131 170 243 237 246 249 223 213 208 221
    178 173 242 233 221 217 136 204 208 227 220 252 203 233 142 204 130
    154 250 199 223 181 192 200 201 243 137 232 234 212 172 185 152 139
    171 142 145 158 243 147 156 245 189 210 148 244 198 209 249 199 209
    227 203 195 137 155 189 164 199 188 135 253 161 247 181 244 134 134
    179 153 195 214 206 148 240 151 133 241 148 220 218 140 196 219 164
    233 150 203 191 218 129 174 231 226 233 138 230 252 162 140 156 198
    200 244 238 173 233 139 171 191 131 255 156 204 180 251 239 182 164
    220 159 234 224 251 134 185 237 199 159 251 244 136 156 253 228 204
    155 199 152 156 170 174 130 187 255 184 214 238 191 220 204 204 153
    213 222 250 194 216 188 181 146 167 228 142 221 246 229 217 206 174
    198 166 246 183 164 235 145 250 213 231 189 245 159 134 220 224 233
    240 158 167 195 162 159 177 209 140 223 242 138 210 175 150 150 249
    168 208 221 174 210 250 236 139 147 254 225 238 246 177 131 157 241
    142 165 225 216 188 158 239 198 132 128 129 209 175 212 171 132 189
    158 139 158 233 157 129 217 142 152 146 154 192 170 227 214 137 135
    236 221 205 135 137 176 146 143 137 189 200 130 205 184 243 241 199
    139 161 151 194 237 191 167 150 135 230 254 176 151 229 234 219 151
    210 165 224 252 202 136 182 228 133 178 190 131 253 175 224 140 180
    225 186 207 203 194 167 137 211 154 199 157 204 154 226 139 204 145
    207 232 153 232 133 147 139 173 246 181 169 204 130 232 161 192 203
    185 225 240 215 247 153 129 132 167 218 202 200 214 251 141 176 163
    166 170 172 244 205 187 178 198 244 197 178 157 155 159 167 161 162
    196 168 139 188 134 241 136 178 184 160 142 179 208 204 240 134 226
    223 198 199 227 179 158 235 169 162 190 128 226 166 191 196 165 243
    197 245 146 230 189 177 214 246 214 203 153 228 223 210 220 203 198
    241 190 166 182 184 191 239 157 139 204 230 202 241 250 203 165 224
    206 226 181 131 184 144 132 233 254 241 128 141 191 153 192 150 189
    164 142 152 235 237 200 180 233 161 155 214 163 133 133 254 184 219
    252 128 218 159 240 155 251 191 210 172 175 150 214 194 138 132 207
    216 220 139 198 189 186 240 158 146 132 248 245 169 142 218 192 216
    222 128 180 136 128 139 227 234 211 219 197 214 160 198 185 251 225
    251 132 186 157 207 192 204 185 185 215 238 210 168 211 194 253 236
    160 131 151 192 241 230 129 182 148 130 206 178 195 189 161</data></test_img2>
<test_mask type_id="opencv-matrix">
  <rows>30</rows>
  <cols>20</cols>
  <dt>"3u"</dt>
  <data>
    0 0 0 0 0 0 0 0 0 0 0 0 0 0 0 0 0 0 0 0 0 0 0 0 0 0 0 0 0 0 0 0 0 0
    0 0 0 0 0 0 0 0 0 0 0 0 0 0 0 0 0 0 0 0 0 0 0 0 0 0 0 0 0 0 0 0 0 0
    0 0 0 0 0 0 0 0 0 0 0 0 0 0 0 0 0 0 0 0 0 0 0 0 0 0 0 0 0 0 0 0 0 0
    0 0 0 0 0 0 0 0 0 0 0 0 0 0 0 0 0 0 0 0 0 0 0 0 0 0 0 0 0 0 0 0 0 0
    0 0 0 0 0 0 0 0 0 0 0 0 0 0 0 0 0 0 0 0 0 0 0 0 0 0 0 0 0 0 0 0 0 0
    0 0 0 0 0 0 0 0 0 0 0 0 0 0 0 0 0 0 0 0 0 0 0 0 0 0 0 0 0 0 0 0 0 0
    0 0 0 0 0 0 0 0 0 0 0 0 0 0 0 0 0 0 0 0 0 0 0 0 0 0 0 0 0 0 0 0 0 0
    0 0 0 0 0 0 0 0 0 0 0 0 0 0 0 0 0 0 0 0 0 0 0 0 0 0 0 0 0 0 0 0 0 0
    0 0 0 0 0 0 0 0 0 0 0 0 0 0 0 0 0 0 0 0 0 0 0 0 0 0 0 0 0 0 0 0 0 0
    0 0 0 0 0 0 0 0 0 0 0 0 0 0 0 0 0 0 0 0 0 0 0 0 0 0 0 0 0 0 0 0 0 0
    0 0 0 0 0 0 0 0 0 0 0 0 0 0 0 0 0 0 0 0 0 0 0 0 0 0 0 0 0 0 0 0 0 0
    0 0 0 0 0 0 0 0 0 0 0 0 0 0 0 0 0 0 0 0 0 0 0 0 0 0 0 0 0 0 0 0 0 0
    0 0 0 0 0 0 0 0 0 0 0 0 0 0 0 0 0 0 0 0 0 0 0 0 0 0 0 0 0 0 0 0 0 0
    0 0 0 0 0 0 0 0 0 0 0 0 0 0 0 0 0 0 0 0 0 0 0 0 0 0 0 0 0 0 0 0 0 0
    0 0 0 0 0 0 0 0 0 0 0 0 0 0 0 0 0 0 0 0 0 0 0 0 0 0 0 0 0 0 0 0 0 0
    0 0 0 0 0 0 0 0 0 0 0 0 0 0 0 0 0 0 0 0 0 0 0 0 0 0 0 0 0 0 0 0 0 0
    0 0 0 0 0 0 0 0 0 0 0 0 0 0 0 0 0 255 255 255 0 0 0 0 0 0 0 0 0 0 0
    0 0 0 0 0 0 0 0 0 0 0 0 0 0 0 0 0 0 0 0 0 0 0 0 0 0 0 0 0 0 0 0 0 0
    0 0 0 0 0 0 0 0 0 0 0 0 255 255 255 0 0 0 0 0 0 0 0 0 0 0 0 0 0 0 0
    0 0 0 0 0 0 0 0 0 0 0 0 0 0 0 0 0 0 0 0 0 0 0 0 0 0 0 0 0 0 0 0 0 0
    0 0 0 0 0 0 0 255 255 255 0 0 0 0 0 0 0 0 0 0 0 0 0 0 0 0 0 0 0 0 0
    0 0 0 0 0 0 0 0 0 0 0 0 0 0 0 0 0 0 0 0 0 0 0 0 0 0 0 0 0 0 0 0 0 0
    0 0 255 255 255 0 0 0 0 0 0 0 0 0 0 0 0 0 0 0 0 0 0 0 0 0 0 0 0 0 0
    0 0 0 0 0 0 0 0 0 0 0 0 0 0 0 0 0 0 0 0 0 0 0 0 0 0 0 0 0 0 0 255
    255 255 0 0 0 0 0 0 0 0 0 0 0 0 0 0 0 0 0 0 0 0 0 0 0 0 0 0 0 0 0 0
    0 0 0 0 0 0 0 0 0 0 0 0 0 0 0 0 0 0 0 0 0 0 0 0 0 0 0 0 0 0 0 0 0 0
    0 0 0 0 0 0 0 0 0 0 0 0 0 0 0 0 0 0 0 0 0 0 0 0 0 0 0 0 0 0 0 0 0 0
    0 0 0 0 0 0 0 0 0 0 0 0 0 0 0 0 0 0 0 0 0 0 0 0 0 0 0 0 0 0 0 0 0 0
    0 0 0 0 0 0 0 0 0 0 0 0 0 0 0 0 0 0 0 0 0 0 0 0 0 0 0 0 0 0 0 0 0 0
    0 0 0 0 0 0 0 0 0 0 0 0 0 0 0 0 0 0 0 0 0 0 0 0 0 0 0 0 0 0 0 0 0 0
    0 0 0 0 0 0 0 0 0 0 0 0 0 0 0 0 0 0 0 0 0 0 0 0 0 0 0 0 0 0 0 0 0 0
    0 0 0 0 0 0 0 0 0 0 0 0 0 0 0 0 0 0 0 0 0 0 0 0 0 0 0 0 0 0 0 0 0 0
    0 0 0 0 0 0 0 0 0 0 0 0 0 0 0 0 0 0 0 0 0 0 0 0 0 0 0 0 0 0 0 0 0 0
    0 0 0 0 0 0 0 0 0 0 0 0 0 0 0 0 0 0 0 0 0 0 0 0 0 0 0 0 0 0 0 0 0 0
    0 0 0 0 0 0 0 0 0 0 0 0 0 0 0 0 0 0 0 0 0 0 0 0 0 0 0 0 0 0 0 0 0 0
    0 0 0 0 0 0 0 0 0 0 0 0 0 0 0 0 0 0 0 0 0 0 0 0 0 0 0 0 0 0 0 0 0 0
    0 0 0 0 0 0 0 0 0 0 0 0 0 0 0 0 0 0 0 0 0 0 0 0 0 0 0 0 0 0 0 0 0 0
    0 0 0 0 0 0 0 0 0 0 0 0 0 0 0 0 0 0 0 0 0 0 0 0 0 0 0 0 0 0 0 0 0 0
    0 0 0 0 0 0 0 0 0 0 0 0 0 0 0 0 0 0 0 0 0 0 0 0 0 0 0 0 0 0 0 0 0 0
    0 0 0 0 0 0 0 0 0 0 0 0 0 0 0 0 0 0 0 0 0 0 0 0 0 0 0 0 0 0 0 0 0 0
    0 0 0 0 0 0 0 0 0 0 0 0 0 0 0 0 0 0 0 0 0 0 0 0 0 0 0 0 0 0 0 0 0 0
    0 0 0 0 0 0 0 0 0 0 0 0 0 0 0 0 0 0 0 0 0 0 0 0 0 0 0 0 0 0 0 0 0 0
    0 0 0 0 0 0 0 0 0 0 0 0 0 0 0 0 0 0 0 0 0 0 0 0 0 0 0 0 0 0 0 0 0 0
    0 0 0 0 0 0 0 0 0 0 0 0 0 0 0 0 0 0 0 0 0 0 0 0 0 0 0 0 0 0 0 0 0 0
    0 0 0 0 0 0 0 0 0 0 0 0 0 0 0 0 0 0 0 0 0 0 0 0 0 0 0 0 0 0 0 0 0 0
    0 0 0 0 0 0 0 0 0 0 0 0 0 0 0 0 0 0 0 0 0 0 0 0 0 0 0 0 0 0 0 0 0 0
    0 0 0 0 0 0 0 0 0 0 0 0 0 0 0 0 0 0 0 0 0 0 0 0 0 0 0 0 0 0 0 0 0 0
    0 0 0 0 0 0 0 0 0 0 0 0 0 0 0 0 0 0 0 0 0 0 0 0 0 0 0 0 0 0 0 0 0 0
    0 0 0 0 0 0 0 0 0 0 0 0 0 0 0 0 0 0 0 0 0 0 0 0 0 0 0 0 0 0 0 0 0 0
    0 0 0 0 0 0 0 0 0 0 0 0 0 0 0 0 0 0 0 0 0 0 0 0 0 0 0 0 0 0 0 0 0 0
    0 0 0 0 0 0 0 0 0 0 0 0 0 0 0 0 0 0 0 0 0 0 0 0 0 0 0 0 0 0 0 0 0 0
    0 0 0 0 0 0 0 0 0 0 0 0 0 0 0 0 0 0 0 0 0 0 0 0 0 0 0 0 0 0 0 0 0 0
    0 0 0 0 0 0 0 0 0 0 0 0 0 0 0 0 0 0 0 0 0 0 0 0 0 0 0 0 0 0 0 0 0 0
    0 0 0 0 0 0 0 0 0 0 0 0 0 0</data></test_mask>
<my_img type_id="opencv-matrix">
  <rows>30</rows>
  <cols>20</cols>
  <dt>"3u"</dt>
  <data>
    229 179 134 148 252 219 249 163 140 176 223 163 176 148 248 231 186
    169 233 176 232 174 205 251 242 177 161 178 192 131 220 254 164 151
    228 167 200 145 220 199 154 193 227 175 184 198 199 233 213 233 218
    135 203 190 243 143 190 253 224 128 188 132 145 198 194 143 240 179
    202 143 243 205 171 184 213 252 146 152 239 236 130 140 198 181 213
    228 170 171 159 242 138 136 219 212 181 194 203 202 133 164 232 172
    234 192 199 182 169 255 211 226 137 206 223 170 188 196 173 159 229
    177 185 163 146 221 141 202 225 181 159 191 185 174 167 237 192 135
    192 188 171 181 139 253 234 217 216 130 150 234 219 236 161 210 205
    185 203 247 251 241 129 221 252 159 186 140 235 189 217 255 215 202
    146 128 247 218 171 190 174 202 136 194 222 234 235 242 155 227 254
    132 254 216 143 217 225 184 176 202 245 242 135 182 199 131 155 233
    145 205 172 216 171 253 244 137 136 233 188 135 134 150 244 153 244
    154 136 166 200 172 248 185 161 215 234 130 131 134 137 166 194 181
    147 250 210 200 175 184 146 177 173 206 214 238 244 226 241 217 227
    248 216 249 188 255 210 164 208 154 253 179 194 151 202 161 249 177
    171 208 149 143 252 220 155 189 232 192 150 234 190 176 188 150 140
    128 191 247 163 171 212 144 223 148 217 215 173 208 227 147 177 245
    174 131 171 188 208 148 225 247 177 205 224 147 216 177 235 234 238
    194 141 230 248 166 199 137 203 183 197 252 253 135 189 189 175 167
    222 130 207 180 153 132 158 233 164 246 212 250 192 247 154 151 172
    129 135 247 227 144 163 129 244 206 250 254 249 177 245 145 244 216
    195 142 179 216 240 203 198 245 146 174 254 175 165 138 152 176 161
    225 170 228 250 146 204 173 216 227 248 163 226 238 181 134 193 240
    151 197 180 247 133 134 244 180 151 215 224 209 148 229 205 166 248
    220 200 201 154 168 231 172 225 222 182 204 129 193 192 175 241 248
    254 146 247 222 214 138 151 212 214 189 247 132 144 204 154 185 239
    226 183 217 230 131 153 133 175 164 137 138 231 194 252 221 181 201
    206 130 215 178 172 144 255 187 173 185 175 148 132 146 182 246 171
    158 159 234 171 250 201 212 159 132 191 135 151 133 190 210 213 162
    229 221 209 168 234 147 195 160 240 223 235 205 172 135 164 204 186
    155 150 206 218 224 179 152 171 255 195 254 140 146 174 175 155 132
    226 138 243 188 162 245 188 142 236 245 247 192 225 142 247 252 133
    56 64 48 153 173 201 231 208 239 156 255 157 141 157 192 219 144 182
    140 232 248 129 129 148 132 229 214 206 196 189 238 196 149 200 178
    141 203 222 130 128 148 247 235 208 183 179 228 178 172 203 239 135
    249 132 206 201 254 196 241 134 8 34 115 229 209 242 133 154 157 223
    202 183 197 166 142 133 140 161 201 241 156 146 158 247 238 237 236
    207 137 198 239 155 249 194 252 169 174 247 241 218 215 201 177 247
    246 242 231 149 134 217 242 247 251 203 165 225 133 222 245 188 87
    32 75 240 247 173 233 176 239 220 223 203 208 188 137 234 255 172
    195 243 171 147 159 179 187 203 156 129 237 133 252 248 131 141 221
    208 215 242 217 172 132 221 227 222 229 241 133 172 135 208 151 156
    159 253 202 242 247 235 220 215 24 115 38 213 174 161 174 182 151
    176 246 207 247 220 234 161 144 210 242 229 201 180 138 131 241 249
    199 219 147 231 208 179 253 141 131 138 179 201 174 251 203 129 224
    176 148 132 169 167 133 147 217 193 128 152 143 221 192 228 194 214
    79 85 82 232 246 231 219 177 203 249 133 246 245 216 189 140 199 144
    170 149 159 224 154 192 215 137 247 244 211 160 245 232 219 212 140
    175 205 245 248 138 243 249 213 198 128 161 190 163 230 129 233 251
    128 235 162 142 190 146 226 169 132 136 217 170 175 238 209 201 187
    132 141 220 201 210 228 205 154 171 197 196 143 232 241 174 230 194
    150 200 129 185 253 220 183 135 150 212 169 226 219 182 144 144 255
    245 216 201 211 226 190 203 135 236 176 146 249 254 223 199 244 161
    147 215 128 166 146 224 159 180 138 202 245 133 139 230 138 128 244
    132 250 204 251 212 233 242 215 254 183 240 241 163 129 162 225 165
    151 184 220 159 226 149 230 243 208 163 229 207 205 237 224 247 206
    175 249 190 221 173 160 168 202 231 229 180 158 148 217 210 145 154
    170 182 193 148 228 202 237 192 246 154 151 171 173 163 212 212 237
    248 237 227 215 227 159 233 170 136 202 172 147 155 212 166 161 152
    152 147 162 245 207 192 171 238 240 157 182 240 237 164 228 253 178
    232 163 210 187 196 180 167 147 241 235 211 172 183 159 226 157 150
    236 158 144 239 221 134 153 233 183 244 130 226 211 178 249 147 138
    218 215 239 179 239 175 142 252 225 220 151 187 185 148 211 181 249
    197 138 207 132 178 243 179 145 188 202 166 224 248 133 194 135 235
    164 242 198 136 147 160 224 193 173 178 248 144 254 129 223 236 247
    210 245 155 153 243 171 192 170 186 249 250 218 163 248 136 144 243
    198 169 232 206 152 134 246 237 136 132 141 169 242 130 252 236 164
    203 249 177 228 136 251 153 182 242 194 180 145 247 190 198 150 218
    249 140 230 156 188 166 242 179 135 150 145 130 160 132 255 231 179
    150 240 175 206 244 255 241 253 142 221 236 166 200 176 253 248 255
    239 219 129 164 148 200 214 247 213 157 231 148 173 217 212 208 164
    171 246 178 244 131 170 243 237 246 249 223 213 208 221 178 173 242
    233 221 217 136 204 208 227 220 252 203 233 142 204 130 154 250 199
    223 181 192 200 201 243 137 232 234 212 172 185 152 139 171 142 145
    158 243 147 156 245 189 210 148 244 198 209 249 199 209 227 203 195
    137 155 189 164 199 188 135 253 161 247 181 244 134 134 179 153 195
    214 206 148 240 151 133 241 148 220 218 140 196 219 164 233 150 203
    191 218 129 174 231 226 233 138 230 252 162 140 156 198 200 244 238
    173 233 139 171 191 131 255 156 204 180 251 239 182 164 220 159 234
    224 251 134 185 237 199 159 251 244 136 156 253 228 204 155 199 152
    156 170 174 130 187 255 184 214 238 191 220 204 204 153 213 222 250
    194 216 188 181 146 167 228 142 221 246 229 217 206 174 198 166 246
    183 164 235 145 250 213 231 189 245 159 134 220 224 233 240 158 167
    195 162 159 177 209 140 223 242 138 210 175 150 150 249 168 208 221
    174 210 250 236 139 147 254 225 238 246 177 131 157 241 142 165 225
    216 188 158 239 198 132 128 129 209 175 212 171 132 189 158 139 158
    233 157 129 217 142 152 146 154 192 170 227 214 137 135 236 221 205
    135 137 176 146 143 137 189 200 130 205 184 243 241 199 139 161 151
    194 237 191 167 150 135 230 254 176 151 229 234 219 151 210 165 224
    252 202 136 182 228 133 178 190 131 253 175 224 140 180 225 186 207
    203 194 167 137 211 154 199 157 204 154 226 139 204 145 207 232 153
    232 133 147 139 173 246 181 169 204 130 232 161 192 203 185 225 240
    215 247 153 129 132 167 218 202 200 214 251 141 176 163 166 170 172
    244 205 187 178 198 244 197 178 157 155 159 167 161 162 196 168 139
    188 134 241 136 178 184 160 142 179 208 204 240 134 226 223 198 199
    227 179 158 235 169 162 190 128 226 166 191 196 165 243 197 245 146
    230 189 177 214 246 214 203 153 228 223 210 220 203 198 241 190 166
    182 184 191 239 157 139 204 230 202 241 250 203 165 224 206 226 181
    131 184 144 132 233 254 241 128 141 191 153 192 150 189 164 142 152
    235 237 200 180 233 161 155 214 163 133 133 254 184 219 252 128 218
    159 240 155 251 191 210 172 175 150 214 194 138 132 207 216 220 139
    198 189 186 240 158 146 132 248 245 169 142 218 192 216 222 128 180
    136 128 139 227 234 211 219 197 214 160 198 185 251 225 251 132 186
    157 207 192 204 185 185 215 238 210 168 211 194 253 236 160 131 151
    192 241 230 129 182 148 130 206 178 195 189 161</data></my_img>
<your_img type_id="opencv-matrix">
  <rows>30</rows>
  <cols>20</cols>
  <dt>"3u"</dt>
  <data>
    111 84 23 76 27 88 32 102 44 5 27 109 38 88 28 30 92 6 126 64 110 89
    53 20 34 103 98 61 32 51 3 43 109 2 72 64 109 80 105 105 4 20 97 43
    100 111 65 33 24 80 5 95 108 5 91 16 55 116 0 91 114 36 92 99 48 77
    81 17 109 36 2 30 113 113 101 28 87 34 61 86 62 79 83 47 107 115 105
    39 19 112 45 101 18 118 80 74 76 123 37 1 104 63 14 124 3 28 22 88
    56 107 105 98 89 68 103 21 14 57 127 5 70 73 88 21 118 59 119 88 74
    26 49 51 17 69 102 27 51 36 3 77 97 79 94 82 17 108 69 73 68 59 47
    17 76 56 99 126 122 103 31 91 79 66 84 12 38 109 94 117 11 68 98 119
    2 68 77 48 125 48 70 9 42 93 51 51 127 93 1 54 123 84 80 48 55 12
    115 31 41 88 54 45 111 64 30 108 28 122 102 45 32 127 72 79 33 119
    97 28 43 29 46 127 9 55 52 111 77 125 47 104 96 111 70 110 78 103
    118 89 117 110 84 48 23 10 11 109 23 93 124 39 56 108 24 15 19 113 1
    68 63 69 21 1 47 127 51 75 105 81 113 98 101 107 90 89 118 12 15 63
    37 123 69 37 80 38 100 82 114 42 51 55 104 74 16 117 65 15 90 64 108
    49 14 126 19 22 119 13 99 98 107 0 65 89 91 91 35 19 24 81 40 101 16
    34 6 83 111 62 109 102 45 51 15 72 14 52 69 69 62 3 40 29 46 80 112
    91 12 108 51 63 122 32 56 6 12 32 97 126 89 36 121 41 127 93 107 60
    4 100 87 69 38 109 92 88 54 0 59 61 67 84 13 8 9 55 29 5 0 5 115 79
    50 25 48 113 83 112 41 26 116 59 63 61 0 27 125 111 95 43 88 29 123
    91 49 100 21 35 35 68 95 78 104 77 6 86 8 70 19 6 85 18 6 28 62 72
    89 40 86 113 41 41 110 92 92 121 60 51 44 62 94 91 48 13 15 117 119
    82 103 24 108 0 94 27 26 103 25 111 68 104 77 88 123 77 108 88 56 22
    69 5 24 91 2 25 125 23 12 105 47 92 68 22 7 83 19 57 32 44 46 5 54
    24 68 66 58 9 122 99 61 38 99 0 40 11 36 111 71 14 40 24 19 33 117
    34 76 35 77 20 75 115 108 67 76 16 24 92 19 118 120 120 57 64 126 76
    51 102 107 107 18 71 18 70 4 1 126 122 106 69 114 56 33 27 100 119
    80 77 94 240 184 163 48 88 64 68 65 76 102 20 104 42 70 86 5 61 85
    96 109 93 34 5 26 64 108 70 73 108 6 75 44 22 47 45 104 78 127 13
    109 49 53 48 26 14 60 118 116 46 110 47 59 82 28 101 106 48 16 39 8
    254 198 174 116 117 31 85 91 31 41 85 54 73 76 31 95 75 92 54 81 113
    124 58 66 113 39 70 60 41 108 2 105 105 40 21 27 81 94 113 31 82 3
    58 13 116 20 107 36 69 80 28 125 68 45 110 18 78 47 46 113 225 235
    147 65 55 126 104 97 54 42 111 114 122 55 60 85 101 91 76 99 0 72 44
    99 17 44 121 20 51 118 118 38 13 121 98 16 49 60 126 13 93 66 94 1
    91 94 118 40 55 53 117 61 8 41 111 120 82 66 98 71 149 205 196 82 28
    87 117 7 87 3 114 11 67 33 53 126 41 81 89 106 85 59 90 93 22 61 35
    95 46 34 70 93 65 109 10 75 35 35 108 76 1 109 126 69 111 120 36 2
    15 126 89 76 52 67 35 35 59 12 9 3 200 245 141 29 44 56 101 33 121
    113 65 34 39 50 71 15 124 11 122 103 18 126 87 91 102 110 17 67 51
    120 90 76 42 105 26 53 99 106 74 123 23 78 22 2 117 16 73 44 4 3 14
    20 91 27 118 29 93 113 54 106 20 32 29 110 24 57 26 106 104 121 79
    50 127 35 59 90 25 41 106 39 116 26 2 96 57 53 106 107 86 65 46 64
    57 72 107 103 13 44 100 122 51 105 29 120 44 100 98 115 4 78 16 111
    63 81 0 117 38 8 121 117 86 102 49 94 82 105 104 12 67 83 33 47 38
    25 91 126 97 61 88 10 25 37 103 48 36 41 15 42 121 37 29 81 67 0 100
    91 25 112 120 37 101 99 38 3 0 55 115 60 66 63 6 77 102 47 14 46 80
    65 122 41 91 89 55 119 72 48 118 16 112 126 79 64 54 84 61 63 37 23
    34 46 107 26 9 17 120 14 117 37 74 39 106 108 85 1 5 123 68 54 63 88
    119 89 119 22 96 45 88 127 62 90 87 51 89 121 68 96 15 31 125 85 93
    98 71 22 100 75 30 75 1 74 68 127 105 12 46 121 3 98 85 81 17 107 29
    92 55 29 77 62 113 9 76 65 113 96 125 41 41 71 82 14 111 98 68 21 48
    57 71 99 107 125 122 64 36 87 100 77 48 24 46 9 27 5 54 63 125 13 39
    5 106 43 26 17 76 81 27 127 53 85 107 53 62 116 17 100 67 10 77 9
    110 30 2 41 112 92 66 34 112 114 70 105 57 99 28 115 67 60 79 88 15
    101 49 104 83 54 35 9 79 48 121 87 59 107 57 115 26 99 91 54 77 102
    39 40 45 113 103 117 60 28 119 93 1 72 1 87 89 64 120 15 54 105 122
    121 6 81 66 93 125 119 78 1 125 40 25 114 74 20 121 96 37 95 59 85
    102 85 65 111 116 55 112 63 98 98 116 117 98 72 54 1 110 100 109 93
    114 42 124 106 111 90 28 9 49 33 94 88 88 74 58 89 68 83 50 54 39 30
    36 25 38 107 57 96 0 56 106 111 76 80 61 15 124 57 7 106 58 96 0 104
    109 16 77 127 4 63 92 32 27 125 3 79 9 5 38 125 126 85 26 38 52 16
    26 114 100 80 53 43 42 7 67 50 119 90 37 54 93 64 69 103 106 73 83
    70 79 82 123 22 110 14 109 76 57 80 91 14 115 17 8 60 56 48 127 9
    110 107 114 51 24 73 80 1 99 88 101 94 67 41 25 93 6 101 73 27 56 82
    99 80 126 12 61 112 62 4 82 33 74 46 114 67 100 65 21 85 67 92 111
    101 74 81 51 22 108 123 40 119 79 77 28 9 105 28 31 125 28 95 96 41
    45 46 123 57 113 34 43 32 97 59 14 75 86 22 76 121 62 78 47 116 7 98
    126 82 127 115 9 18 36 82 26 115 107 19 119 34 100 80 65 118 44 84
    89 79 30 45 43 33 55 40 120 44 33 125 110 2 10 65 18 61 67 66 5 115
    90 74 10 120 127 72 92 77 76 112 104 5 92 6 95 89 3 36 42 116 115 22
    76 67 3 61 54 110 87 64 3 17 122 2 124 19 118 40 9 106 98 126 61 40
    0 77 10 25 63 7 52 16 71 88 80 73 89 82 118 0 38 80 22 5 20 71 123
    126 16 3 41 50 96 8 101 62 87 27 42 24 81 37 35 48 45 47 94 8 79 100
    82 85 5 100 13 114 44 122 75 102 8 0 31 78 86 60 3 48 112 28 93 26
    100 22 111 92 63 107 89 51 109 51 77 45 39 46 42 68 47 127 7 123 112
    20 118 102 8 13 56 123 29 121 10 91 106 96 95 42 100 115 24 34 126
    94 99 57 33 98 75 62 42 49 43 34 44 62 31 52 95 95 58 99 33 112 54
    84 15 62 90 121 79 81 23 20 125 96 30 123 78 89 94 116 37 71 36 92 5
    27 2 26 86 32 66 89 66 45 25 110 108 73 21 20 8 110 67 119 69 74 66
    81 37 108 113 102 91 48 72 84 52 32 98 85 95 39 85 24 59 39 95 26
    118 16 87 8 88 120 102 38 41 37 123 42 111 53 126 79 73 37 54 66 36
    115 54 107 78 22 6 86 37 121 51 76 86 115 56 42 122 0 15 27 103 118
    61 9 118 81 116 75 53 118 44 6 36 77 119 67 60 9 86 44 63 45 113 117
    87 118 28 85 55 78 71 42 57 120 30 74 61 27 8 119 83 34 57 98 94 99
    87 60 124 102 46</data></your_img>
</opencv_storage>
